Sat Feb 21 19:32:38 2015
/usr/bin/make -C /usr/local/src/jekyll-research/wmd_files/Box_Models classes.boxes.crop.svg
Including .mk files: upstream.mk 
Including .mk files from .step files: boxmodel.py.mk SIR.sage.mk cross.sage.mk
Including .tex.d files: classes.boxes.tex.d cross.boxes.tex.d SIR.boxes.tex.d
make: Entering directory `/usr/local/src/jekyll-research/wmd_files/Box_Models'
/usr/bin/make --no-print-directory -C /usr/local/src/jekyll-research/wmd_files/SageDynamicsRepo/SageDynamics dynamicalsystems.py
Including .mk files: upstream.mk 
Including .mk files from .step files: 
Including .tex.d files: 
make[1]: `dynamicalsystems.py' is up to date.
/usr/bin/make --no-print-directory -C /usr/local/src/jekyll-research/wmd_files/SageDynamicsRepo/SageAdaptiveDynamics adaptivedynamics.py
Including .mk files:  
Including .tex.d files: 
make[1]: Nothing to be done for `adaptivedynamics.py'.
if [ -r classes.boxes.pdf ]; then mv classes.boxes.pdf classes.boxes.tmp.pdf; fi
Updating .workingwiki/classes.boxes.tex.d
rm -f classes.boxes.latex.pdf
if [ -r classes.boxes.toc ]; then cp classes.boxes.toc classes.boxes.toc.bak; fi ;
if [ -r classes.boxes.aux ]; then cp classes.boxes.aux classes.boxes.aux.bak; fi ;
latex -interaction=nonstopmode -output-directory ./ classes.boxes.tex
This is pdfTeX, Version 3.1415926-2.5-1.40.14 (TeX Live 2013/Debian)
 restricted \write18 enabled.
entering extended mode
(.//classes.boxes.tex
LaTeX2e <2011/06/27>
Babel <3.9h> and hyphenation patterns for 2 languages loaded.
(/usr/share/texlive/texmf-dist/tex/latex/base/article.cls
Document Class: article 2007/10/19 v1.4h Standard LaTeX document class
(/usr/share/texlive/texmf-dist/tex/latex/base/size10.clo))
(/usr/share/texlive/texmf-dist/tex/latex/amsmath/amsmath.sty
For additional information on amsmath, use the `?' option.
(/usr/share/texlive/texmf-dist/tex/latex/amsmath/amstext.sty
(/usr/share/texlive/texmf-dist/tex/latex/amsmath/amsgen.sty))
(/usr/share/texlive/texmf-dist/tex/latex/amsmath/amsbsy.sty)
(/usr/share/texlive/texmf-dist/tex/latex/amsmath/amsopn.sty))
(/usr/share/texlive/texmf-dist/tex/latex/amsfonts/amssymb.sty
(/usr/share/texlive/texmf-dist/tex/latex/amsfonts/amsfonts.sty))
(/usr/share/texlive/texmf-dist/tex/latex/graphics/graphicx.sty
(/usr/share/texlive/texmf-dist/tex/latex/graphics/keyval.sty)
(/usr/share/texlive/texmf-dist/tex/latex/graphics/graphics.sty
(/usr/share/texlive/texmf-dist/tex/latex/graphics/trig.sty)
(/usr/share/texlive/texmf-dist/tex/latex/latexconfig/graphics.cfg)
(/usr/share/texlive/texmf-dist/tex/latex/graphics/dvips.def)))
(/usr/share/texlive/texmf-dist/tex/latex/jknapltx/mathrsfs.sty)
(/usr/share/texlive/texmf-dist/tex/latex/base/inputenc.sty
(/usr/share/texlive/texmf-dist/tex/latex/base/utf8.def
(/usr/share/texlive/texmf-dist/tex/latex/base/t1enc.dfu)
(/usr/share/texlive/texmf-dist/tex/latex/base/ot1enc.dfu)
(/usr/share/texlive/texmf-dist/tex/latex/base/omsenc.dfu)))
(/usr/share/texlive/texmf-dist/tex/latex/base/fontenc.sty
(/usr/share/texlive/texmf-dist/tex/latex/base/t1enc.def))
(/usr/share/texmf/tex/latex/pgf/frontendlayer/tikz.sty
(/usr/share/texmf/tex/latex/pgf/basiclayer/pgf.sty
(/usr/share/texmf/tex/latex/pgf/utilities/pgfrcs.sty
(/usr/share/texmf/tex/generic/pgf/utilities/pgfutil-common.tex)
(/usr/share/texmf/tex/generic/pgf/utilities/pgfutil-latex.def
(/usr/share/texlive/texmf-dist/tex/latex/ms/everyshi.sty))
(/usr/share/texmf/tex/generic/pgf/utilities/pgfrcs.code.tex))
(/usr/share/texmf/tex/latex/pgf/basiclayer/pgfcore.sty
(/usr/share/texmf/tex/latex/pgf/systemlayer/pgfsys.sty
(/usr/share/texmf/tex/generic/pgf/systemlayer/pgfsys.code.tex
(/usr/share/texmf/tex/generic/pgf/utilities/pgfkeys.code.tex
(/usr/share/texmf/tex/generic/pgf/utilities/pgfkeysfiltered.code.tex))
(/usr/share/texmf/tex/generic/pgf/systemlayer/pgf.cfg)
(/usr/share/texmf/tex/generic/pgf/systemlayer/pgfsys-dvips.def
(/usr/share/texmf/tex/generic/pgf/systemlayer/pgfsys-common-postscript.def)))
(/usr/share/texmf/tex/generic/pgf/systemlayer/pgfsyssoftpath.code.tex)
(/usr/share/texmf/tex/generic/pgf/systemlayer/pgfsysprotocol.code.tex))
(/usr/share/texmf/tex/latex/xcolor/xcolor.sty
(/usr/share/texlive/texmf-dist/tex/latex/latexconfig/color.cfg))
(/usr/share/texmf/tex/generic/pgf/basiclayer/pgfcore.code.tex
(/usr/share/texmf/tex/generic/pgf/math/pgfmath.code.tex
(/usr/share/texmf/tex/generic/pgf/math/pgfmathcalc.code.tex
(/usr/share/texmf/tex/generic/pgf/math/pgfmathutil.code.tex)
(/usr/share/texmf/tex/generic/pgf/math/pgfmathparser.code.tex)
(/usr/share/texmf/tex/generic/pgf/math/pgfmathfunctions.code.tex
(/usr/share/texmf/tex/generic/pgf/math/pgfmathfunctions.basic.code.tex)
(/usr/share/texmf/tex/generic/pgf/math/pgfmathfunctions.trigonometric.code.tex)
(/usr/share/texmf/tex/generic/pgf/math/pgfmathfunctions.random.code.tex)
(/usr/share/texmf/tex/generic/pgf/math/pgfmathfunctions.comparison.code.tex)
(/usr/share/texmf/tex/generic/pgf/math/pgfmathfunctions.base.code.tex)
(/usr/share/texmf/tex/generic/pgf/math/pgfmathfunctions.round.code.tex)
(/usr/share/texmf/tex/generic/pgf/math/pgfmathfunctions.misc.code.tex)))
(/usr/share/texmf/tex/generic/pgf/math/pgfmathfloat.code.tex))
(/usr/share/texmf/tex/generic/pgf/basiclayer/pgfcorepoints.code.tex)
(/usr/share/texmf/tex/generic/pgf/basiclayer/pgfcorepathconstruct.code.tex)
(/usr/share/texmf/tex/generic/pgf/basiclayer/pgfcorepathusage.code.tex)
(/usr/share/texmf/tex/generic/pgf/basiclayer/pgfcorescopes.code.tex)
(/usr/share/texmf/tex/generic/pgf/basiclayer/pgfcoregraphicstate.code.tex)
(/usr/share/texmf/tex/generic/pgf/basiclayer/pgfcoretransformations.code.tex)
(/usr/share/texmf/tex/generic/pgf/basiclayer/pgfcorequick.code.tex)
(/usr/share/texmf/tex/generic/pgf/basiclayer/pgfcoreobjects.code.tex)
(/usr/share/texmf/tex/generic/pgf/basiclayer/pgfcorepathprocessing.code.tex)
(/usr/share/texmf/tex/generic/pgf/basiclayer/pgfcorearrows.code.tex)
(/usr/share/texmf/tex/generic/pgf/basiclayer/pgfcoreshade.code.tex)
(/usr/share/texmf/tex/generic/pgf/basiclayer/pgfcoreimage.code.tex
(/usr/share/texmf/tex/generic/pgf/basiclayer/pgfcoreexternal.code.tex))
(/usr/share/texmf/tex/generic/pgf/basiclayer/pgfcorelayers.code.tex)
(/usr/share/texmf/tex/generic/pgf/basiclayer/pgfcoretransparency.code.tex)
(/usr/share/texmf/tex/generic/pgf/basiclayer/pgfcorepatterns.code.tex)))
(/usr/share/texmf/tex/generic/pgf/modules/pgfmoduleshapes.code.tex)
(/usr/share/texmf/tex/generic/pgf/modules/pgfmoduleplot.code.tex)
(/usr/share/texmf/tex/latex/pgf/compatibility/pgfcomp-version-0-65.sty)
(/usr/share/texmf/tex/latex/pgf/compatibility/pgfcomp-version-1-18.sty))
(/usr/share/texmf/tex/latex/pgf/utilities/pgffor.sty
(/usr/share/texmf/tex/latex/pgf/utilities/pgfkeys.sty
(/usr/share/texmf/tex/generic/pgf/utilities/pgfkeys.code.tex))
(/usr/share/texmf/tex/generic/pgf/utilities/pgffor.code.tex))
(/usr/share/texmf/tex/generic/pgf/frontendlayer/tikz/tikz.code.tex
(/usr/share/texmf/tex/generic/pgf/libraries/pgflibraryplothandlers.code.tex)
(/usr/share/texmf/tex/generic/pgf/modules/pgfmodulematrix.code.tex)
(/usr/share/texmf/tex/generic/pgf/frontendlayer/tikz/libraries/tikzlibrarytopat
hs.code.tex))) (/usr/share/texlive/texmf-dist/tex/latex/tkz-graph/tkz-graph.sty
(/usr/share/texlive/texmf-dist/tex/latex/etex-pkg/etex.sty)
(/usr/share/texlive/texmf-dist/tex/latex/base/ifthen.sty)
(/usr/share/texlive/texmf-dist/tex/latex/xkeyval/xkeyval.sty
(/usr/share/texlive/texmf-dist/tex/generic/xkeyval/xkeyval.tex))
(/usr/share/texmf/tex/generic/pgf/frontendlayer/tikz/libraries/tikzlibraryarrow
s.code.tex
(/usr/share/texmf/tex/generic/pgf/libraries/pgflibraryarrows.code.tex)))
(/usr/share/texlive/texmf-dist/tex/latex/tkz-berge/tkz-berge.sty
(/usr/share/texlive/texmf-dist/tex/latex/tkz-berge/tkz-arith.sty
(/usr/share/texlive/texmf-dist/tex/latex/tkz-base/tkz-tools-arith.tex)))
(/usr/share/texmf/tex/generic/pgf/frontendlayer/tikz/libraries/tikzlibraryshape
s.code.tex
(/usr/share/texmf/tex/generic/pgf/frontendlayer/tikz/libraries/tikzlibraryshape
s.geometric.code.tex
(/usr/share/texmf/tex/generic/pgf/libraries/shapes/pgflibraryshapes.geometric.c
ode.tex))
(/usr/share/texmf/tex/generic/pgf/frontendlayer/tikz/libraries/tikzlibraryshape
s.misc.code.tex
(/usr/share/texmf/tex/generic/pgf/libraries/shapes/pgflibraryshapes.misc.code.t
ex))
(/usr/share/texmf/tex/generic/pgf/frontendlayer/tikz/libraries/tikzlibraryshape
s.symbols.code.tex
(/usr/share/texmf/tex/generic/pgf/libraries/shapes/pgflibraryshapes.symbols.cod
e.tex))
(/usr/share/texmf/tex/generic/pgf/frontendlayer/tikz/libraries/tikzlibraryshape
s.arrows.code.tex
(/usr/share/texmf/tex/generic/pgf/libraries/shapes/pgflibraryshapes.arrows.code
.tex))
(/usr/share/texmf/tex/generic/pgf/frontendlayer/tikz/libraries/tikzlibraryshape
s.callouts.code.tex
(/usr/share/texmf/tex/generic/pgf/libraries/shapes/pgflibraryshapes.callouts.co
de.tex))
(/usr/share/texmf/tex/generic/pgf/frontendlayer/tikz/libraries/tikzlibraryshape
s.multipart.code.tex
(/usr/share/texmf/tex/generic/pgf/libraries/shapes/pgflibraryshapes.multipart.c
ode.tex))) (.//classes.boxes.aux) ABD: EveryShipout initializing macros
(/usr/share/texlive/texmf-dist/tex/latex/amsfonts/umsa.fd)
(/usr/share/texlive/texmf-dist/tex/latex/amsfonts/umsb.fd)
(/usr/share/texlive/texmf-dist/tex/latex/jknapltx/ursfs.fd) [1]
(.//classes.boxes.aux) )
Output written on .//classes.boxes.dvi (1 page, 9432 bytes).
Transcript written on .//classes.boxes.log.
if egrep -q "No file.*\.bbl|Citation.*undefined" classes.boxes.log || (diff classes.boxes.aux classes.boxes.aux.bak | egrep -q '(bibstyle|citation)'); then rm -f classes.boxes.bbl; /usr/bin/make -f /usr/local/src/workingwiki-trunk/ProjectEngine/resources/makefile classes.boxes.bbl ; fi
if egrep -q "^[^%]*\\makeindex" classes.boxes.tex ; then makeindex classes.boxes; if [ -r classes.boxes.toc ]; then cp classes.boxes.toc classes.boxes.toc.bak; fi ; latex -interaction=nonstopmode -output-directory ./ classes.boxes.tex ; fi
if egrep -q "There were undefined|Rerun to get" classes.boxes.log || (diff classes.boxes.aux classes.boxes.aux.bak | egrep -q bibstyle); then if [ -r classes.boxes.toc ]; then cp classes.boxes.toc classes.boxes.toc.bak; fi ; latex -interaction=nonstopmode -output-directory ./ classes.boxes.tex ; fi
if egrep -q "There were undefined|Rerun to get" classes.boxes.log ; then if [ -r classes.boxes.toc ]; then cp classes.boxes.toc classes.boxes.toc.bak; fi ; latex -interaction=nonstopmode -output-directory ./ classes.boxes.tex ; fi
if [ ! -r classes.boxes.toc ] || cmp -s classes.boxes.toc classes.boxes.toc.bak; then true; else latex -interaction=nonstopmode -output-directory ./ classes.boxes.tex; fi
rm -f classes.boxes.toc.bak classes.boxes.aux.bak
if egrep -q "Output written on .*\.dvi " classes.boxes.log; then dvipdf classes.boxes.dvi classes.boxes.pdf; fi
if [ -r classes.boxes.pdf ]; then mv classes.boxes.pdf classes.boxes.latex.pdf; fi
if [ -r classes.boxes.tmp.pdf ]; then mv classes.boxes.tmp.pdf classes.boxes.pdf; fi
ln -f classes.boxes.latex.pdf classes.boxes.pdf
pdfcrop --margins 10 classes.boxes.pdf classes.boxes.crop.pdf
PDFCROP 1.38, 2012/11/02 - Copyright (c) 2002-2012 by Heiko Oberdiek.
==> 1 page written on `classes.boxes.crop.pdf'.
pdf2svg classes.boxes.crop.pdf classes.boxes.crop.svg
rm classes.boxes.crop.pdf classes.boxes.pdf
make: Leaving directory `/usr/local/src/jekyll-research/wmd_files/Box_Models'
Make succeeded.
Sat Feb 21 19:32:39 2015
