Sat Feb 21 19:32:21 2015
/usr/bin/make -C /usr/local/src/jekyll-research/wmd_files/Box_Models cross.sage.out.html
Including .mk files: upstream.mk 
Including .mk files from .step files: boxmodel.py.mk SIR.sage.mk cross.sage.mk
Including .tex.d files: classes.boxes.tex.d cross.boxes.tex.d SIR.boxes.tex.d
make: Entering directory `/usr/local/src/jekyll-research/wmd_files/Box_Models'
/usr/bin/make --no-print-directory -C /usr/local/src/jekyll-research/wmd_files/SageDynamicsRepo/SageDynamics dynamicalsystems.py
Including .mk files: upstream.mk 
Including .mk files from .step files: 
Including .tex.d files: 
make[1]: `dynamicalsystems.py' is up to date.
/usr/bin/make --no-print-directory -C /usr/local/src/jekyll-research/wmd_files/SageDynamicsRepo/SageAdaptiveDynamics adaptivedynamics.py
Including .mk files:  
Including .tex.d files: 
make[1]: Nothing to be done for `adaptivedynamics.py'.
touch cross.sage.tried
/usr/bin/make cross.sage.out
Including .mk files: upstream.mk 
Including .mk files from .step files: boxmodel.py.mk SIR.sage.mk cross.sage.mk
Including .tex.d files: classes.boxes.tex.d cross.boxes.tex.d SIR.boxes.tex.d
make[1]: Entering directory `/usr/local/src/jekyll-research/wmd_files/Box_Models'
/usr/bin/make --no-print-directory -C /usr/local/src/jekyll-research/wmd_files/SageDynamicsRepo/SageDynamics dynamicalsystems.py
Including .mk files: upstream.mk 
Including .mk files from .step files: 
Including .tex.d files: 
make[2]: `dynamicalsystems.py' is up to date.
/usr/bin/make --no-print-directory -C /usr/local/src/jekyll-research/wmd_files/SageDynamicsRepo/SageAdaptiveDynamics adaptivedynamics.py
Including .mk files:  
Including .tex.d files: 
make[2]: Nothing to be done for `adaptivedynamics.py'.
rm -f cross.sage.out cross.sage.status cross.sage.out.tex classes.boxes.tex cross.boxes.tex cross.trajectory.png
(sage cross.sage && touch cross.sage.status) | tee cross.sage.dmp
init
make SIR model
make classes model
write latex
write tikz boxes
solve numerically
plot timeseries
trajectory has got {t -> 0, I_b -> 0.00500000000000000, I_a -> 0.00500000000000000, S_b -> 0.328333333333333, S_a -> 0.661666666666667, R_b -> 0, R_a -> 0}
and {b -> I_b + R_b + S_b, I -> I_a + I_b, sigma_S -> 1, alpha_a -> 1, rho_I -> 1, rho_R -> 1, mu_b -> 0.100000000000000, R -> R_a + R_b, sigma_R -> 1, a -> I_a + R_a + S_a, rho_S -> 1, mu_a -> 0.100000000000000, sigma_I -> 1, S -> S_a + S_b, alpha_b -> 1}
[ -e cross.sage.status ] && (rm -f cross.sage.status && mv cross.sage.dmp cross.sage.out) || exit 1
make[1]: Leaving directory `/usr/local/src/jekyll-research/wmd_files/Box_Models'
latexml  --destination=cross.sage.out.latexml.xml cross.sage.out.tex
latexml (LaTeXML version v0.8.0; revision 70f0ce4)
processing started Sat Feb 21 19:32:34 2015

(Digesting TeX cross.sage.out...
(Loading /usr/local/share/perl/5.18.2/LaTeXML/Package/TeX.pool.ltxml...
(Loading /usr/local/share/perl/5.18.2/LaTeXML/Package/eTeX.pool.ltxml... 0.00 sec)
(Loading /usr/local/share/perl/5.18.2/LaTeXML/Package/pdfTeX.pool.ltxml... 0.01 sec) 0.20 sec)
(Processing content /usr/local/src/jekyll-research/wmd_files/Box_Models/cross.sage.out.tex...
(Loading /usr/local/share/perl/5.18.2/LaTeXML/Package/LaTeX.pool.ltxml... 0.19 sec)
(Loading /usr/local/share/perl/5.18.2/LaTeXML/Package/article.cls.ltxml... 0.02 sec)
(Loading /usr/local/share/perl/5.18.2/LaTeXML/Package/amsmath.sty.ltxml...
(Loading /usr/local/share/perl/5.18.2/LaTeXML/Package/amsbsy.sty.ltxml... 0.00 sec)
(Loading /usr/local/share/perl/5.18.2/LaTeXML/Package/amstext.sty.ltxml... 0.00 sec)
(Loading /usr/local/share/perl/5.18.2/LaTeXML/Package/amsopn.sty.ltxml... 0.00 sec) 0.05 sec)
(Loading /usr/local/share/perl/5.18.2/LaTeXML/Package/amssymb.sty.ltxml...
(Loading /usr/local/share/perl/5.18.2/LaTeXML/Package/amsfonts.sty.ltxml... 0.00 sec) 0.04 sec)
(Loading /usr/local/share/perl/5.18.2/LaTeXML/Package/graphicx.sty.ltxml...
(Loading /usr/local/share/perl/5.18.2/LaTeXML/Package/graphics.sty.ltxml... 0.00 sec) 0.03 sec)
(Loading /usr/local/share/perl/5.18.2/LaTeXML/Package/inputenc.sty.ltxml...
(Loading /usr/local/share/perl/5.18.2/LaTeXML/Package/utf8.def.ltxml... 0.00 sec) 0.01 sec)
(Loading /usr/local/share/perl/5.18.2/LaTeXML/Package/fontenc.sty.ltxml...
(Loading /usr/local/share/perl/5.18.2/LaTeXML/Package/t1enc.def.ltxml...
(Processing definitions /usr/share/texlive/texmf-dist/tex/latex/base/t1enc.def...
(Loading /usr/local/share/perl/5.18.2/LaTeXML/Package/t1.fontmap.ltxml... 0.00 sec) 0.09 sec) 0.14 sec) 0.14 sec) 0.68 sec) 0.88 sec)
(Building...
(Loading compiled schema /usr/local/share/perl/5.18.2/LaTeXML/resources/RelaxNG/LaTeXML.model... 0.02 sec)................. 0.34 sec)
(Rewriting... 0.02 sec)
(Math Parsing...33 formulae ...[1][2][3][4][5][6][7][8][9][10][11][12][13][14][15][16][17][18][19][20][21][22][23][24][25][26][27][28][29][30][31][32][33]
Math parsing succeeded:
   ltx:XMArg: 144/144
   ltx:XMath: 33/33
Symbols assumed as simple identifiers (with # of occurences):
   'I{italic}' (38), 'R{italic}' (14), 'S{italic}' (26), 'alpha' (12), 'a{italic}' (6), 'b{italic}' (6), 'd{italic}' (44), 'mu' (12), 'rho' (16), 'sigma' (16), 't{italic}' (22)
 0.82 sec)
(Finalizing... 0.11 sec)
Conversion complete: No obvious problems.
processing finished Sat Feb 21 19:32:37 2015
Updating .workingwiki/cross.sage.out.latexml.xml
rm -f cross.sage.out.latexml.html5
bibxmls=`perl -ne '($_)=/^[^%]*\\\bibliography\{([^\\\\#]*?)\}/;@_=split /,/;foreach $b (@_) { $b =~ s/\.bib$//; print "$b.bib.xml "}' cross.sage.out.latexml.xml`; bibxargs=`perl -ne '($_)=/^[^%]*\\\bibliography\{([^\\\\#]*?)\}/;@_=split /,/;foreach $b (@_) { $b =~ s/\.bib$//; print "--bibliography=$b.bib.xml "}' cross.sage.out.latexml.xml` && \
	(test -z "$bibxmls" || /usr/bin/make -f /usr/local/src/workingwiki-trunk/ProjectEngine/resources/makefile $bibxmls) && \
	lxpost="latexmlpost --noplane1 --novalidate --destination=cross.sage.out.intermediate.latexml.html5 --format=html5 $bibxargs cross.sage.out.latexml.xml" && echo $lxpost && $lxpost
latexmlpost --noplane1 --novalidate --destination=cross.sage.out.intermediate.latexml.html5 --format=html5 cross.sage.out.latexml.xml
latexmlpost (LaTeXML version v0.8.0; revision 70f0ce4)
processing started Sat Feb 21 19:32:37 2015
(cross.sage.out.intermediate.latexml.html5 post-processing...
(Scan cross.sage.out.intermediate.latexml.html5 processing...
(CrossRef cross.sage.out.intermediate.latexml.html5 processing...
(MathML::Presentation cross.sage.out.intermediate.latexml.html5 33 to process...
(XSLT cross.sage.out.intermediate.latexml.html5 processing...
(Writer cross.sage.out.intermediate.latexml.html5 processing... 0.20 sec)
Postprocessing complete: No obvious problems
processing finished Sat Feb 21 19:32:38 2015
/usr/local/src/workingwiki-trunk/ProjectEngine/resources/wiki-inclusion.latexml.pl cross.sage.out.intermediate.latexml.html5 >cross.sage.out.latexml.html5
ln -f cross.sage.out.latexml.html5 cross.sage.out.latexml.html
ln -f cross.sage.out.latexml.html cross.sage.out.html
rm cross.sage.out.latexml.html cross.sage.out.latexml.html5 cross.sage.out.latexml.xml
make: Leaving directory `/usr/local/src/jekyll-research/wmd_files/Box_Models'
Make succeeded.
Sat Feb 21 19:32:38 2015
