Thu Jun 18 22:21:55 2015
/usr/bin/make -C /usr/local/src/jekyll-research/wmd_files/Systems \
    popdyn-example.cd.crop.svg
Including .mk files: sage.mk 
Including .mk files from .step files: phase_portraits.sage.mk popdyn-example.sage.mk
Including .tex.d files: ad.cd.tex.d ai1.cd.tex.d ai2.cd.tex.d aij.cd.tex.d aji.cd.tex.d constrain.cd.tex.d homework-04-23.tex.d homework-crowds-05-07.tex.d homework-push-05-07.tex.d lv.cd.tex.d popdyn-example.cd.tex.d Sa.cd.tex.d
make: Entering directory `/usr/local/src/jekyll-research/wmd_files/Systems'
/usr/bin/make --no-print-directory -C /usr/local/src/jekyll-research/wmd_files/SageDynamicsRepo/SageDynamics dynamicalsystems.py
Including .mk files:  
Including .tex.d files: 
make[1]: Nothing to be done for `dynamicalsystems.py'.
rm -f popdyn-example.sage.out popdyn-example.sage.status popdyn-example.cd.tex popdyn-example.svg
(sage popdyn-example.sage && touch popdyn-example.sage.status) | tee popdyn-example.sage.dmp
desolve: [-1/5*X_1^2 - 1/10*X_1*X_2 + X_1, -1/5*X_1*X_2 - 1/3*X_2^2 + X_2], [X_1, X_2], [0, 1, 9], ivar=t, end_points=15, step=0.1
[ -e popdyn-example.sage.status ] && (rm -f popdyn-example.sage.status && mv popdyn-example.sage.dmp popdyn-example.sage.out) || exit 1
if [ -r popdyn-example.cd.pdf ]; then mv popdyn-example.cd.pdf popdyn-example.cd.tmp.pdf; fi
Updating .workingwiki/popdyn-example.cd.tex.d
rm -f popdyn-example.cd.latex.pdf
if [ -r popdyn-example.cd.toc ]; then cp popdyn-example.cd.toc popdyn-example.cd.toc.bak; fi ;
if [ -r popdyn-example.cd.aux ]; then cp popdyn-example.cd.aux popdyn-example.cd.aux.bak; fi ;
latex -interaction=nonstopmode -output-directory ./ popdyn-example.cd.tex
This is pdfTeX, Version 3.1415926-2.5-1.40.14 (TeX Live 2013/Debian)
 restricted \write18 enabled.
entering extended mode
(.//popdyn-example.cd.tex
LaTeX2e <2011/06/27>
Babel <3.9h> and hyphenation patterns for 2 languages loaded.
(/usr/share/texlive/texmf-dist/tex/latex/base/article.cls
Document Class: article 2007/10/19 v1.4h Standard LaTeX document class
(/usr/share/texlive/texmf-dist/tex/latex/base/size10.clo))
(/usr/share/texlive/texmf-dist/tex/latex/amsmath/amsmath.sty
For additional information on amsmath, use the `?' option.
(/usr/share/texlive/texmf-dist/tex/latex/amsmath/amstext.sty
(/usr/share/texlive/texmf-dist/tex/latex/amsmath/amsgen.sty))
(/usr/share/texlive/texmf-dist/tex/latex/amsmath/amsbsy.sty)
(/usr/share/texlive/texmf-dist/tex/latex/amsmath/amsopn.sty))
(/usr/share/texlive/texmf-dist/tex/latex/amsfonts/amssymb.sty
(/usr/share/texlive/texmf-dist/tex/latex/amsfonts/amsfonts.sty))
(/usr/share/texlive/texmf-dist/tex/latex/graphics/graphicx.sty
(/usr/share/texlive/texmf-dist/tex/latex/graphics/keyval.sty)
(/usr/share/texlive/texmf-dist/tex/latex/graphics/graphics.sty
(/usr/share/texlive/texmf-dist/tex/latex/graphics/trig.sty)
(/usr/share/texlive/texmf-dist/tex/latex/latexconfig/graphics.cfg)
(/usr/share/texlive/texmf-dist/tex/latex/graphics/dvips.def)))
(/usr/share/texlive/texmf-dist/tex/latex/base/inputenc.sty
(/usr/share/texlive/texmf-dist/tex/latex/base/utf8.def
(/usr/share/texlive/texmf-dist/tex/latex/base/t1enc.dfu)
(/usr/share/texlive/texmf-dist/tex/latex/base/ot1enc.dfu)
(/usr/share/texlive/texmf-dist/tex/latex/base/omsenc.dfu)))
(/usr/share/texlive/texmf-dist/tex/latex/base/fontenc.sty
(/usr/share/texlive/texmf-dist/tex/latex/base/t1enc.def))
(/usr/local/share/texmf/tex/latex/latexml/latexml.sty
(/usr/share/texlive/texmf-dist/tex/latex/url/url.sty)
(/usr/share/texlive/texmf-dist/tex/latex/comment/comment.sty
Excluding comment 'comment') Excluding comment 'lxNavbar'
Excluding comment 'lxHeader' Excluding comment 'lxFooter')
(.//popdyn-example.cd.aux)

! LaTeX Error: Environment dgroup* undefined.

See the LaTeX manual or LaTeX Companion for explanation.
Type  H <return>  for immediate help.
 ...                                              
                                                  
l.43 \begin{dgroup*}
                    

! LaTeX Error: Environment dmath* undefined.

See the LaTeX manual or LaTeX Companion for explanation.
Type  H <return>  for immediate help.
 ...                                              
                                                  
l.44 \begin{dmath*}
                   
! Missing $ inserted.
<inserted text> 
                $
l.45 \frac{dX_{1}}{dt}
                       = -\frac{1}{5} \, X_{1}^{2} - \frac{1}{10} \, X_{1} X...

(/usr/share/texlive/texmf-dist/tex/latex/amsfonts/umsa.fd)
(/usr/share/texlive/texmf-dist/tex/latex/amsfonts/umsb.fd)
! Missing $ inserted.
<inserted text> 
                $
l.45 \frac{dX_{1}}{dt}
                       = -\frac{1}{5} \, X_{1}^{2} - \frac{1}{10} \, X_{1} X...

! Missing $ inserted.
<inserted text> 
                $
l.45 \frac{dX_{1}}{dt}
                       = -\frac{1}{5} \, X_{1}^{2} - \frac{1}{10} \, X_{1} X...

! Extra }, or forgotten $.
\frac  #1#2->{\begingroup #1\endgroup \@@over #2}
                                                 
l.45 \frac{dX_{1}}{dt}
                       = -\frac{1}{5} \, X_{1}^{2} - \frac{1}{10} \, X_{1} X...


! LaTeX Error: \begin{document} ended by \end{dmath*}.

See the LaTeX manual or LaTeX Companion for explanation.
Type  H <return>  for immediate help.
 ...                                              
                                                  
l.45 ...{1}{10} \, X_{1} X_{2} + X_{1}\end{dmath*}
                                                  
! Missing $ inserted.
<inserted text> 
                $
l.45 ...{1}{10} \, X_{1} X_{2} + X_{1}\end{dmath*}
                                                  
! Missing } inserted.
<inserted text> 
                }
l.45 ...{1}{10} \, X_{1} X_{2} + X_{1}\end{dmath*}
                                                  

! LaTeX Error: Environment dmath* undefined.

See the LaTeX manual or LaTeX Companion for explanation.
Type  H <return>  for immediate help.
 ...                                              
                                                  
l.46 \begin{dmath*}
                   
! Missing $ inserted.
<inserted text> 
                $
l.47 \frac{dX_{2}}{dt}
                       = -\frac{1}{5} \, X_{1} X_{2} - \frac{1}{3} \, X_{2}^...

! Missing $ inserted.
<inserted text> 
                $
l.47 \frac{dX_{2}}{dt}
                       = -\frac{1}{5} \, X_{1} X_{2} - \frac{1}{3} \, X_{2}^...

! Missing $ inserted.
<inserted text> 
                $
l.47 \frac{dX_{2}}{dt}
                       = -\frac{1}{5} \, X_{1} X_{2} - \frac{1}{3} \, X_{2}^...

! Extra }, or forgotten $.
\frac  #1#2->{\begingroup #1\endgroup \@@over #2}
                                                 
l.47 \frac{dX_{2}}{dt}
                       = -\frac{1}{5} \, X_{1} X_{2} - \frac{1}{3} \, X_{2}^...


! LaTeX Error: \begin{document} ended by \end{dmath*}.

See the LaTeX manual or LaTeX Companion for explanation.
Type  H <return>  for immediate help.
 ...                                              
                                                  
l.48 \end{dmath*}
                 
! Missing $ inserted.
<inserted text> 
                $
l.48 \end{dmath*}
                 
! Missing } inserted.
<inserted text> 
                }
l.48 \end{dmath*}
                 

! LaTeX Error: \begin{document} ended by \end{dgroup*}.

See the LaTeX manual or LaTeX Companion for explanation.
Type  H <return>  for immediate help.
 ...                                              
                                                  
l.49 \end{dgroup*}
                  
[1] (.//popdyn-example.cd.aux) )
(see the transcript file for additional information)
Output written on .//popdyn-example.cd.dvi (1 page, 780 bytes).
Transcript written on .//popdyn-example.cd.log.
make: [popdyn-example.cd.latex.pdf] Error 1 (ignored)
if egrep -q "No file.*\.bbl|Citation.*undefined" popdyn-example.cd.log || (diff popdyn-example.cd.aux popdyn-example.cd.aux.bak | egrep -q '(bibstyle|citation)'); then rm -f popdyn-example.cd.bbl; /usr/bin/make -f /usr/local/src/workingwiki-trunk/ProjectEngine/resources/makefile popdyn-example.cd.bbl ; fi
if egrep -q "^[^%]*\\makeindex" popdyn-example.cd.tex ; then makeindex popdyn-example.cd; if [ -r popdyn-example.cd.toc ]; then cp popdyn-example.cd.toc popdyn-example.cd.toc.bak; fi ; latex -interaction=nonstopmode -output-directory ./ popdyn-example.cd.tex ; fi
if egrep -q "There were undefined|Rerun to get" popdyn-example.cd.log || (diff popdyn-example.cd.aux popdyn-example.cd.aux.bak | egrep -q bibstyle); then if [ -r popdyn-example.cd.toc ]; then cp popdyn-example.cd.toc popdyn-example.cd.toc.bak; fi ; latex -interaction=nonstopmode -output-directory ./ popdyn-example.cd.tex ; fi
if egrep -q "There were undefined|Rerun to get" popdyn-example.cd.log ; then if [ -r popdyn-example.cd.toc ]; then cp popdyn-example.cd.toc popdyn-example.cd.toc.bak; fi ; latex -interaction=nonstopmode -output-directory ./ popdyn-example.cd.tex ; fi
if [ ! -r popdyn-example.cd.toc ] || cmp -s popdyn-example.cd.toc popdyn-example.cd.toc.bak; then true; else latex -interaction=nonstopmode -output-directory ./ popdyn-example.cd.tex; fi
rm -f popdyn-example.cd.toc.bak popdyn-example.cd.aux.bak
if egrep -q "Output written on .*\.dvi " popdyn-example.cd.log; then dvipdf popdyn-example.cd.dvi popdyn-example.cd.pdf; fi
if [ -r popdyn-example.cd.pdf ]; then mv popdyn-example.cd.pdf popdyn-example.cd.latex.pdf; fi
if [ -r popdyn-example.cd.tmp.pdf ]; then mv popdyn-example.cd.tmp.pdf popdyn-example.cd.pdf; fi
ln -f popdyn-example.cd.latex.pdf popdyn-example.cd.pdf
pdfcrop --margins 10 popdyn-example.cd.pdf popdyn-example.cd.crop.pdf
PDFCROP 1.38, 2012/11/02 - Copyright (c) 2002-2012 by Heiko Oberdiek.
==> 1 page written on `popdyn-example.cd.crop.pdf'.
pdf2svg popdyn-example.cd.crop.pdf popdyn-example.cd.crop.svg
rm popdyn-example.cd.crop.pdf popdyn-example.cd.pdf
make: Leaving directory `/usr/local/src/jekyll-research/wmd_files/Systems'
Make succeeded.
Thu Jun 18 22:22:06 2015
