Thu Mar  5 15:24:35 2015
/usr/bin/make -C /usr/local/src/jekyll-research/wmd_files/Systems SI.sage.out.html
Including .mk files: sage.mk 
Including .mk files from .step files: phase_portraits.sage.mk
Including .tex.d files: 
make: Entering directory `/usr/local/src/jekyll-research/wmd_files/Systems'
perl -f /usr/local/src/jekyll-research/wmd_files/SageDynamicsRepo/SageUtils/step.pl phase_portraits.sage '#'
make: Leaving directory `/usr/local/src/jekyll-research/wmd_files/Systems'
Including .mk files: sage.mk 
Including .mk files from .step files: phase_portraits.sage.mk
Including .tex.d files: 
make: Entering directory `/usr/local/src/jekyll-research/wmd_files/Systems'
/usr/bin/make --no-print-directory -C /usr/local/src/jekyll-research/wmd_files/SageDynamicsRepo/SageDynamics dynamicalsystems.py
Including .mk files:  
Including .tex.d files: 
make[1]: Nothing to be done for `dynamicalsystems.py'.
rm -f phase_portraits.sage.out phase_portraits.sage.status phase_portraits.sobj SI.sage.out.tex SI.png competition.sage.out.tex competition.png
(sage phase_portraits.sage && touch phase_portraits.sage.status) | tee phase_portraits.sage.dmp
[ -e phase_portraits.sage.status ] && (rm -f phase_portraits.sage.status && mv phase_portraits.sage.dmp phase_portraits.sage.out) || exit 1
latexml  --destination=SI.sage.out.latexml.xml SI.sage.out.tex
latexml (LaTeXML version v0.8.0; revision 70f0ce4)
processing started Thu Mar  5 15:24:40 2015

(Digesting TeX SI.sage.out...
(Loading /usr/local/share/perl/5.18.2/LaTeXML/Package/TeX.pool.ltxml...
(Loading /usr/local/share/perl/5.18.2/LaTeXML/Package/eTeX.pool.ltxml... 0.00 sec)
(Loading /usr/local/share/perl/5.18.2/LaTeXML/Package/pdfTeX.pool.ltxml... 0.01 sec) 0.19 sec)
(Processing content /usr/local/src/jekyll-research/wmd_files/Systems/SI.sage.out.tex...
(Loading /usr/local/share/perl/5.18.2/LaTeXML/Package/LaTeX.pool.ltxml... 0.19 sec)
(Loading /usr/local/share/perl/5.18.2/LaTeXML/Package/article.cls.ltxml... 0.02 sec)
(Loading /usr/local/share/perl/5.18.2/LaTeXML/Package/amsmath.sty.ltxml...
(Loading /usr/local/share/perl/5.18.2/LaTeXML/Package/amsbsy.sty.ltxml... 0.00 sec)
(Loading /usr/local/share/perl/5.18.2/LaTeXML/Package/amstext.sty.ltxml... 0.00 sec)
(Loading /usr/local/share/perl/5.18.2/LaTeXML/Package/amsopn.sty.ltxml... 0.00 sec) 0.05 sec)
(Loading /usr/local/share/perl/5.18.2/LaTeXML/Package/amssymb.sty.ltxml...
(Loading /usr/local/share/perl/5.18.2/LaTeXML/Package/amsfonts.sty.ltxml... 0.00 sec) 0.03 sec)
(Loading /usr/local/share/perl/5.18.2/LaTeXML/Package/graphicx.sty.ltxml...
(Loading /usr/local/share/perl/5.18.2/LaTeXML/Package/graphics.sty.ltxml... 0.00 sec) 0.03 sec)
(Loading /usr/local/share/perl/5.18.2/LaTeXML/Package/inputenc.sty.ltxml...
(Loading /usr/local/share/perl/5.18.2/LaTeXML/Package/utf8.def.ltxml... 0.00 sec) 0.01 sec)
(Loading /usr/local/share/perl/5.18.2/LaTeXML/Package/fontenc.sty.ltxml...
(Loading /usr/local/share/perl/5.18.2/LaTeXML/Package/t1enc.def.ltxml...
(Processing definitions /usr/share/texlive/texmf-dist/tex/latex/base/t1enc.def...
(Loading /usr/local/share/perl/5.18.2/LaTeXML/Package/t1.fontmap.ltxml... 0.00 sec) 0.09 sec) 0.14 sec) 0.15 sec)
Warning:unexpected:\hat \hat should only appear in math mode
	at /usr/local/src/jekyll-research/wmd_files/Systems/SI.sage.out.tex; line 41 col 29
	In \hat Digested from TeX.pool.ltxml line 5142

Warning:unexpected:\hat \hat should only appear in math mode
	at /usr/local/src/jekyll-research/wmd_files/Systems/SI.sage.out.tex; line 41 col 42
	In \hat Digested from TeX.pool.ltxml line 5142

Error:unexpected:_ Script _ can only appear in math mode
	at /usr/local/src/jekyll-research/wmd_files/Systems/SI.sage.out.tex; line 41 col 51
	In _ from TeX.pool.ltxml line 3374
	 <= Core::Stomach[@0x3f69cc8] <= \@hidden@bgroup <= Core::Stomach[@0x3f69cc8] <= ...

Warning:unexpected:\hat \hat should only appear in math mode
	at /usr/local/src/jekyll-research/wmd_files/Systems/SI.sage.out.tex; line 41 col 74
	In \hat Digested from TeX.pool.ltxml line 5142

Error:unexpected:_ Script _ can only appear in math mode
	at /usr/local/src/jekyll-research/wmd_files/Systems/SI.sage.out.tex; line 41 col 83
	In _ from TeX.pool.ltxml line 3374
	 <= Core::Stomach[@0x3f69cc8] <= \@hidden@bgroup <= Core::Stomach[@0x3f69cc8] <= ...

Warning:unexpected:\hat \hat should only appear in math mode
	at /usr/local/src/jekyll-research/wmd_files/Systems/SI.sage.out.tex; line 41 col 91
	In \hat Digested from TeX.pool.ltxml line 5142
 0.58 sec)
Error:expected:\end{document} Input ended while environment document was open
	at Anonymous String; line 2 col 0
 0.77 sec)
(Building...
(Loading compiled schema /usr/local/share/perl/5.18.2/LaTeXML/resources/RelaxNG/LaTeXML.model... 0.02 sec)..
Error:malformed:ltx:XMTok <ltx:XMTok> isn't allowed here
	at /usr/local/src/jekyll-research/wmd_files/Systems/SI.sage.out.tex; line 41 col 1
	Currently in XMLDocument[84967984]<ltx:document _box="LaTeXML::Core::Whatsit=HASH(0x..." _font="Font[serif,medium,upright,10,b..." _ID_counter_p_="1" xmlns="http://dlmf.nist.gov/LaTeXML">...<ltx:para _box="LaTeXML::Core::Box=ARRAY(0x4bda890)" _font="Font[serif,medium,upright,10,b..." xml:id="p1">...<ltx:p _box="LaTeXML::Core::Box=ARRAY(0x50f7538)" _font="Font[serif,medium,upright,10,b...">...
	In Core::Document[@0x45951b0] at /usr/local/src/jekyll-research/wmd_files/Systems/SI.sage.out.tex; line 41 col 1
	 <= \@left Token <= \left[ <= Core::Document[@0x45951b0] <= ...

Error:malformed:ltx:XMTok <ltx:XMTok> isn't allowed here
	at /usr/local/src/jekyll-research/wmd_files/Systems/SI.sage.out.tex; line 41 col 1
	Currently in XMLDocument[84967984]<ltx:document _box="LaTeXML::Core::Whatsit=HASH(0x..." _font="Font[serif,medium,upright,10,b..." _ID_counter_p_="1" xmlns="http://dlmf.nist.gov/LaTeXML">...<ltx:para _box="LaTeXML::Core::Box=ARRAY(0x4bda890)" _font="Font[serif,medium,upright,10,b..." xml:id="p1">...<ltx:p _box="LaTeXML::Core::Box=ARRAY(0x50f7538)" _font="Font[serif,medium,upright,10,b...">...
	In Core::Document[@0x45951b0] at /usr/local/src/jekyll-research/wmd_files/Systems/SI.sage.out.tex; line 41 col 1
	 <= \@left Token <= \left\{ <= Core::Document[@0x45951b0] <= ...

Error:malformed:ltx:XMApp <ltx:XMApp> isn't allowed here
	at /usr/local/src/jekyll-research/wmd_files/Systems/SI.sage.out.tex; line 41 col 1
	Currently in XMLDocument[84967984]<ltx:document _box="LaTeXML::Core::Whatsit=HASH(0x..." _font="Font[serif,medium,upright,10,b..." _ID_counter_p_="1" xmlns="http://dlmf.nist.gov/LaTeXML">...<ltx:para _box="LaTeXML::Core::Box=ARRAY(0x4bda890)" _font="Font[serif,medium,upright,10,b..." xml:id="p1">...<ltx:p _box="LaTeXML::Core::Box=ARRAY(0x50f7538)" _font="Font[serif,medium,upright,10,b...">...
	In Core::Document[@0x45951b0] at /usr/local/src/jekyll-research/wmd_files/Systems/SI.sage.out.tex; line 41 col 1
	 <= \hat Digested <= \hat{I} <= Core::Document[@0x45951b0] <= ...

Error:malformed:ltx:XMApp <ltx:XMApp> isn't allowed here
	at /usr/local/src/jekyll-research/wmd_files/Systems/SI.sage.out.tex; line 41 col 1
	Currently in XMLDocument[84967984]<ltx:document _box="LaTeXML::Core::Whatsit=HASH(0x..." _font="Font[serif,medium,upright,10,b..." _ID_counter_p_="1" xmlns="http://dlmf.nist.gov/LaTeXML">...<ltx:para _box="LaTeXML::Core::Box=ARRAY(0x4bda890)" _font="Font[serif,medium,upright,10,b..." xml:id="p1">...<ltx:p _box="LaTeXML::Core::Box=ARRAY(0x50f7538)" _font="Font[serif,medium,upright,10,b...">...
	In Core::Document[@0x45951b0] at /usr/local/src/jekyll-research/wmd_files/Systems/SI.sage.out.tex; line 41 col 1
	 <= \hat Digested <= \hat{S} <= Core::Document[@0x45951b0] <= ...
.
Error:malformed:ltx:XMTok <ltx:XMTok> isn't allowed here
	at /usr/local/src/jekyll-research/wmd_files/Systems/SI.sage.out.tex; line 41 col 1
	Currently in XMLDocument[84967984]<ltx:document _box="LaTeXML::Core::Whatsit=HASH(0x..." _font="Font[serif,medium,upright,10,b..." _ID_counter_p_="1" xmlns="http://dlmf.nist.gov/LaTeXML">...<ltx:para _box="LaTeXML::Core::Box=ARRAY(0x4bda890)" _font="Font[serif,medium,upright,10,b..." xml:id="p1">...<ltx:p _box="LaTeXML::Core::Box=ARRAY(0x50f7538)" _font="Font[serif,medium,upright,10,b...">...
	In Core::Document[@0x45951b0] at /usr/local/src/jekyll-research/wmd_files/Systems/SI.sage.out.tex; line 41 col 1
	 <= \@right Token <= \right\} <= Core::Document[@0x45951b0] <= ...

Error:malformed:ltx:XMTok <ltx:XMTok> isn't allowed here
	at /usr/local/src/jekyll-research/wmd_files/Systems/SI.sage.out.tex; line 41 col 1
	Currently in XMLDocument[84967984]<ltx:document _box="LaTeXML::Core::Whatsit=HASH(0x..." _font="Font[serif,medium,upright,10,b..." _ID_counter_p_="1" xmlns="http://dlmf.nist.gov/LaTeXML">...<ltx:para _box="LaTeXML::Core::Box=ARRAY(0x4bda890)" _font="Font[serif,medium,upright,10,b..." xml:id="p1">...<ltx:p _box="LaTeXML::Core::Box=ARRAY(0x50f7538)" _font="Font[serif,medium,upright,10,b...">...
	In Core::Document[@0x45951b0] at /usr/local/src/jekyll-research/wmd_files/Systems/SI.sage.out.tex; line 41 col 1
	 <= \@left Token <= \left\{ <= Core::Document[@0x45951b0] <= ...

Error:malformed:ltx:XMApp <ltx:XMApp> isn't allowed here
	at /usr/local/src/jekyll-research/wmd_files/Systems/SI.sage.out.tex; line 41 col 1
	Currently in XMLDocument[84967984]<ltx:document _box="LaTeXML::Core::Whatsit=HASH(0x..." _font="Font[serif,medium,upright,10,b..." _ID_counter_p_="1" xmlns="http://dlmf.nist.gov/LaTeXML">...<ltx:para _box="LaTeXML::Core::Box=ARRAY(0x4bda890)" _font="Font[serif,medium,upright,10,b..." xml:id="p1">...<ltx:p _box="LaTeXML::Core::Box=ARRAY(0x50f7538)" _font="Font[serif,medium,upright,10,b...">...
	In Core::Document[@0x45951b0] at /usr/local/src/jekyll-research/wmd_files/Systems/SI.sage.out.tex; line 41 col 1
	 <= \hat Digested <= \hat{I} <= Core::Document[@0x45951b0] <= ...

Error:malformed:ltx:XMApp <ltx:XMApp> isn't allowed here
	at /usr/local/src/jekyll-research/wmd_files/Systems/SI.sage.out.tex; line 41 col 1
	Currently in XMLDocument[84967984]<ltx:document _box="LaTeXML::Core::Whatsit=HASH(0x..." _font="Font[serif,medium,upright,10,b..." _ID_counter_p_="1" xmlns="http://dlmf.nist.gov/LaTeXML">...<ltx:para _box="LaTeXML::Core::Box=ARRAY(0x4bda890)" _font="Font[serif,medium,upright,10,b..." xml:id="p1">...<ltx:p _box="LaTeXML::Core::Box=ARRAY(0x50f7538)" _font="Font[serif,medium,upright,10,b...">...
	In Core::Document[@0x45951b0] at /usr/local/src/jekyll-research/wmd_files/Systems/SI.sage.out.tex; line 41 col 1
	 <= \hat Digested <= \hat{S} <= Core::Document[@0x45951b0] <= ...

Error:malformed:ltx:XMTok <ltx:XMTok> isn't allowed here
	at /usr/local/src/jekyll-research/wmd_files/Systems/SI.sage.out.tex; line 41 col 1
	Currently in XMLDocument[84967984]<ltx:document _box="LaTeXML::Core::Whatsit=HASH(0x..." _font="Font[serif,medium,upright,10,b..." _ID_counter_p_="1" xmlns="http://dlmf.nist.gov/LaTeXML">...<ltx:para _box="LaTeXML::Core::Box=ARRAY(0x4bda890)" _font="Font[serif,medium,upright,10,b..." xml:id="p1">...<ltx:p _box="LaTeXML::Core::Box=ARRAY(0x50f7538)" _font="Font[serif,medium,upright,10,b...">...
	In Core::Document[@0x45951b0] at /usr/local/src/jekyll-research/wmd_files/Systems/SI.sage.out.tex; line 41 col 1
	 <= \@right Token <= \right\} <= Core::Document[@0x45951b0] <= ...

Error:malformed:ltx:XMTok <ltx:XMTok> isn't allowed here
	at /usr/local/src/jekyll-research/wmd_files/Systems/SI.sage.out.tex; line 41 col 1
	Currently in XMLDocument[84967984]<ltx:document _box="LaTeXML::Core::Whatsit=HASH(0x..." _font="Font[serif,medium,upright,10,b..." _ID_counter_p_="1" xmlns="http://dlmf.nist.gov/LaTeXML">...<ltx:para _box="LaTeXML::Core::Box=ARRAY(0x4bda890)" _font="Font[serif,medium,upright,10,b..." xml:id="p1">...<ltx:p _box="LaTeXML::Core::Box=ARRAY(0x50f7538)" _font="Font[serif,medium,upright,10,b...">...
	In Core::Document[@0x45951b0] at /usr/local/src/jekyll-research/wmd_files/Systems/SI.sage.out.tex; line 41 col 1
	 <= \@right Token <= \right] <= Core::Document[@0x45951b0] <= ...
 0.10 sec)
(Rewriting... 0.00 sec)
(Math Parsing...6 formulae ...[1][2][3][4][5][6]
Math parsing succeeded:
   ltx:XMArg: 8/8
   ltx:XMath: 6/6
Symbols assumed as simple identifiers (with # of occurences):
   'I{italic}' (6), 'S{italic}' (6), 'd{italic}' (8), 't{italic}' (4)
 0.08 sec)
(Finalizing... 0.01 sec)
Conversion complete: 4 warnings; 13 errors.
processing finished Thu Mar  5 15:24:41 2015
Updating .workingwiki/SI.sage.out.latexml.xml
rm -f SI.sage.out.latexml.html5
bibxmls=`perl -ne '($_)=/^[^%]*\\\bibliography\{([^\\\\#]*?)\}/;@_=split /,/;foreach $b (@_) { $b =~ s/\.bib$//; print "$b.bib.xml "}' SI.sage.out.latexml.xml`; bibxargs=`perl -ne '($_)=/^[^%]*\\\bibliography\{([^\\\\#]*?)\}/;@_=split /,/;foreach $b (@_) { $b =~ s/\.bib$//; print "--bibliography=$b.bib.xml "}' SI.sage.out.latexml.xml` && \
	(test -z "$bibxmls" || /usr/bin/make -f /usr/local/src/workingwiki-trunk/ProjectEngine/resources/makefile $bibxmls) && \
	lxpost="latexmlpost --noplane1 --novalidate --destination=SI.sage.out.intermediate.latexml.html5 --format=html5 $bibxargs SI.sage.out.latexml.xml" && echo $lxpost && $lxpost
latexmlpost --noplane1 --novalidate --destination=SI.sage.out.intermediate.latexml.html5 --format=html5 SI.sage.out.latexml.xml
latexmlpost (LaTeXML version v0.8.0; revision 70f0ce4)
processing started Thu Mar  5 15:24:41 2015
(SI.sage.out.intermediate.latexml.html5 post-processing...
(Scan SI.sage.out.intermediate.latexml.html5 processing...
(CrossRef SI.sage.out.intermediate.latexml.html5 processing...
(MathML::Presentation SI.sage.out.intermediate.latexml.html5 6 to process...
(XSLT SI.sage.out.intermediate.latexml.html5 processing...
(Writer SI.sage.out.intermediate.latexml.html5 processing... 0.03 sec)
Postprocessing complete: No obvious problems
processing finished Thu Mar  5 15:24:41 2015
/usr/local/src/workingwiki-trunk/ProjectEngine/resources/wiki-inclusion.latexml.pl SI.sage.out.intermediate.latexml.html5 >SI.sage.out.latexml.html5
ln -f SI.sage.out.latexml.html5 SI.sage.out.latexml.html
ln -f SI.sage.out.latexml.html SI.sage.out.html
rm SI.sage.out.latexml.html SI.sage.out.latexml.html5 SI.sage.out.latexml.xml
make: Leaving directory `/usr/local/src/jekyll-research/wmd_files/Systems'
Make succeeded.
Thu Mar  5 15:24:41 2015
