[{(a, 0, 0): -1, (r, 0): 1, (t,): 0}, {(r, 1): 1, (a, 0, 1): -1.0039388097412083, (r, 0): 1, (a, 1, 1): -0.9964870552907171, (a, 1, 0): -0.9858840072206972, (t,): 1, (a, 0, 0): -1}, {(r, 1): 1, (a, 1, 2): -0.9944900771206117, (r, 2): 1, (a, 1, 1): -0.9964870552907171, (a, 2, 1): -0.9952157645253802, (t,): 2, (a, 2, 2): -0.9811864649173072}, {(a, 2, 3): -0.9984038495726361, (r, 3): 1, (r, 2): 1, (a, 3, 3): -0.9796789546415378, (t,): 3, (a, 3, 2): -0.9863933374139591, (a, 2, 2): -0.9811864649173072}, {(a, 4, 4): -0.9864642992435045, (r, 2): 1, (a, 2, 4): -0.9875369014967313, (a, 4, 2): -0.9764272631508485, (t,): 4, (r, 4): 1, (a, 2, 2): -0.9811864649173072}, {(a, 4, 5): -0.9988166623430853, (a, 5, 2): -0.9756771218618483, (a, 4, 4): -0.9864642992435045, (r, 2): 1, (a, 2, 4): -0.9875369014967313, (a, 5, 5): -0.9989906652410341, (a, 4, 2): -0.9764272631508485, (a, 5, 4): -0.9747630752628624, (r, 5): 1, (a, 2, 5): -0.981197463003227, (r, 4): 1, (t,): 5, (a, 2, 2): -0.9811864649173072}, {(a, 2, 6): -0.9776593905035529, (a, 6, 2): -0.984459498790601, (a, 4, 5): -0.9988166623430853, (a, 4, 6): -0.992476109706617, (a, 5, 2): -0.9756771218618483, (a, 2, 2): -0.9811864649173072, (r, 2): 1, (a, 2, 4): -0.9875369014967313, (a, 5, 5): -0.9989906652410341, (a, 2, 5): -0.981197463003227, (a, 4, 2): -0.9764272631508485, (a, 5, 6): -1.0016649150702963, (a, 6, 4): -0.9874178574189222, (r, 5): 1, (t,): 6, (a, 6, 5): -1.001675450078402, (r, 4): 1, (r, 6): 1, (a, 4, 4): -0.9864642992435045, (a, 6, 6): -1.007117663761842, (a, 5, 4): -0.9747630752628624}, {(r, 7): 1, (a, 5, 4): -0.9747630752628624, (a, 4, 5): -0.9988166623430853, (a, 2, 7): -0.9856507586481624, (a, 7, 5): -0.9785287100338435, (a, 5, 7): -0.9710476990165121, (r, 2): 1, (a, 2, 4): -0.9875369014967313, (a, 5, 2): -0.9756771218618483, (a, 7, 4): -0.9654348830317913, (a, 4, 2): -0.9764272631508485, (a, 5, 5): -0.9989906652410341, (r, 5): 1, (a, 2, 5): -0.981197463003227, (r, 4): 1, (a, 7, 7): -0.9939948019184601, (t,): 7, (a, 2, 2): -0.9811864649173072, (a, 4, 4): -0.9864642992435045, (a, 7, 2): -0.9701012983278398, (a, 4, 7): -0.9923014123460717}, {(a, 8, 8): -0.9951513810017726, (a, 8, 2): -0.97495405410546, (a, 2, 8): -0.9753071922737644, (a, 5, 2): -0.9756771218618483, (a, 7, 5): -0.9785287100338435, (a, 5, 7): -0.9710476990165121, (r, 2): 1, (r, 8): 1, (a, 2, 7): -0.9856507586481624, (a, 8, 7): -0.9707428043342042, (a, 5, 8): -0.986680085011566, (a, 7, 8): -0.9773615777573074, (a, 5, 5): -0.9989906652410341, (r, 5): 1, (t,): 8, (a, 2, 5): -0.981197463003227, (a, 7, 7): -0.9939948019184601, (a, 8, 5): -0.9821054095881846, (r, 7): 1, (a, 7, 2): -0.9701012983278398, (a, 2, 2): -0.9811864649173072}, {(a, 8, 9): -0.9764989736680749, (r, 9): 1, (a, 2, 9): -0.9656156789147329, (a, 8, 7): -0.9707428043342042, (r, 5): 1, (a, 2, 5): -0.981197463003227, (a, 9, 2): -0.9627501082308035, (a, 8, 5): -0.9821054095881846, (a, 8, 2): -0.97495405410546, (a, 2, 7): -0.9856507586481624, (r, 7): 1, (a, 7, 9): -1.0088086387902135, (a, 7, 8): -0.9773615777573074, (a, 7, 7): -0.9939948019184601, (a, 2, 2): -0.9811864649173072, (a, 5, 2): -0.9756771218618483, (a, 7, 5): -0.9785287100338435, (r, 2): 1, (a, 5, 5): -0.9989906652410341, (a, 9, 8): -0.9863501697916688, (a, 5, 7): -0.9710476990165121, (a, 7, 2): -0.9701012983278398, (a, 9, 9): -1.0038150803513584, (a, 2, 8): -0.9753071922737644, (a, 5, 9): -0.9630903643898804, (r, 8): 1, (a, 5, 8): -0.986680085011566, (t,): 9, (a, 9, 7): -1.0133471435679984, (a, 8, 8): -0.9951513810017726, (a, 9, 5): -0.9740681787861367}, {(a, 8, 7): -0.9707428043342042, (r, 5): 1, (a, 2, 5): -0.981197463003227, (a, 8, 5): -0.9821054095881846, (a, 7, 10): -1.0000888883407868, (a, 8, 2): -0.97495405410546, (a, 2, 7): -0.9856507586481624, (r, 7): 1, (a, 10, 2): -0.9637468192506432, (a, 10, 8): -0.9596157211719561, (r, 10): 1, (a, 7, 8): -0.9773615777573074, (a, 7, 7): -0.9939948019184601, (a, 2, 2): -0.9811864649173072, (a, 5, 2): -0.9756771218618483, (a, 7, 5): -0.9785287100338435, (r, 2): 1, (a, 5, 5): -0.9989906652410341, (a, 10, 5): -0.9798327113997646, (a, 5, 7): -0.9710476990165121, (a, 7, 2): -0.9701012983278398, (a, 10, 7): -0.9813649933575005, (a, 2, 8): -0.9753071922737644, (a, 10, 10): -0.9896601578986797, (r, 8): 1, (a, 8, 10): -0.958809103197234, (a, 5, 8): -0.986680085011566, (a, 2, 10): -1.0002523485831798, (t,): 10, (a, 8, 8): -0.9951513810017726, (a, 5, 10): -0.9844438957072511}, {(a, 10, 11): -0.9473640994634531, (a, 11, 8): -1.0044846296273255, (a, 10, 10): -0.9896601578986797, (r, 8): 1, (a, 8, 10): -0.958809103197234, (r, 11): 1, (a, 11, 11): -0.9946939506551128, (r, 10): 1, (a, 10, 8): -0.9596157211719561, (t,): 11, (a, 11, 10): -0.9548908730030705, (a, 8, 8): -0.9951513810017726, (a, 8, 11): -0.9841426721536891}, {(a, 8, 12): -1.0061582963145532, (a, 12, 8): -1.0166076246320999, (r, 12): 1, (a, 12, 12): -1.0160248928345224, (r, 8): 1, (a, 10, 8): -0.9596157211719561, (a, 12, 10): -0.9639057704764901, (r, 10): 1, (a, 8, 10): -0.958809103197234, (t,): 12, (a, 10, 10): -0.9896601578986797, (a, 8, 8): -0.9951513810017726, (a, 10, 12): -0.9594024213286126}, {(a, 8, 10): -0.958809103197234, (a, 13, 10): -0.9898974625107311, (a, 10, 10): -0.9896601578986797, (a, 8, 13): -0.9653877005529018, (r, 8): 1, (a, 13, 13): -0.9898753635221335, (r, 10): 1, (a, 10, 8): -0.9596157211719561, (a, 10, 13): -0.9871764313657007, (a, 13, 8): -0.9682583030709857, (t,): 13, (a, 8, 8): -0.9951513810017726, (r, 13): 1}, {(a, 10, 14): -0.9990326445575038, (a, 14, 10): -0.9772807942346584, (r, 14): 1, (a, 8, 8): -0.9951513810017726, (r, 8): 1, (a, 10, 8): -0.9596157211719561, (a, 14, 8): -0.9633434293468288, (r, 10): 1, (a, 8, 10): -0.958809103197234, (t,): 14, (a, 8, 14): -0.9429406973811222, (a, 10, 10): -0.9896601578986797, (a, 14, 14): -0.9853540050148583}, {(a, 14, 15): -1.0137379430716331, (r, 15): 1, (r, 14): 1, (a, 8, 8): -0.9951513810017726, (a, 15, 15): -0.9737757054057276, (r, 8): 1, (a, 15, 14): -0.9853024909161935, (a, 14, 8): -0.9633434293468288, (t,): 15, (a, 8, 14): -0.9429406973811222, (a, 8, 15): -0.948957799693994, (a, 15, 8): -0.9526121286607961, (a, 14, 14): -0.9853540050148583}, {(a, 16, 15): -0.9321796849395129, (a, 16, 8): -0.9915850328984144, (a, 8, 8): -0.9951513810017726, (a, 15, 15): -0.9737757054057276, (r, 8): 1, (a, 8, 15): -0.948957799693994, (a, 15, 16): -0.9579967653787153, (r, 16): 1, (t,): 16, (r, 15): 1, (a, 8, 16): -0.9908478963025091, (a, 15, 8): -0.9526121286607961, (a, 16, 16): -0.9936381386038878}, {(a, 16, 15): -0.9321796849395129, (a, 16, 17): -0.9345164583086812, (r, 15): 1, (a, 17, 15): -0.9812839403253178, (a, 15, 15): -0.9737757054057276, (a, 15, 17): -0.9665246110479793, (a, 17, 17): -0.9825653561541656, (r, 17): 1, (a, 15, 16): -0.9579967653787153, (a, 17, 16): -0.9601510842094482, (t,): 17, (a, 16, 16): -0.9936381386038878, (r, 16): 1}, {(a, 16, 15): -0.9321796849395129, (r, 15): 1, (a, 15, 18): -0.9584619651074384, (a, 16, 16): -0.9936381386038878, (a, 15, 15): -0.9737757054057276, (a, 16, 18): -0.9845122464470362, (a, 18, 15): -0.918396228849575, (a, 15, 16): -0.9579967653787153, (a, 18, 16): -0.9803046728696987, (t,): 18, (r, 18): 1, (a, 18, 18): -0.9957964037071402, (r, 16): 1}, {(a, 16, 15): -0.9321796849395129, (a, 18, 19): -0.9819195960895194, (r, 15): 1, (a, 15, 18): -0.9584619651074384, (a, 19, 16): -0.9652248494860465, (a, 16, 16): -0.9936381386038878, (a, 15, 15): -0.9737757054057276, (a, 18, 16): -0.9803046728696987, (a, 18, 15): -0.918396228849575, (r, 16): 1, (a, 19, 19): -1.0059936812961936, (a, 15, 16): -0.9579967653787153, (a, 16, 18): -0.9845122464470362, (a, 19, 15): -0.9192066076796837, (t,): 19, (r, 19): 1, (a, 19, 18): -0.9909819838671217, (r, 18): 1, (a, 18, 18): -0.9957964037071402, (a, 15, 19): -0.9554429187148968, (a, 16, 19): -0.9989341276396773}, {(a, 19, 16): -0.9652248494860465, (a, 18, 20): -0.8970835285063262, (a, 15, 20): -0.9758054105319083, (r, 19): 1, (a, 15, 19): -0.9554429187148968, (a, 16, 15): -0.9321796849395129, (a, 19, 20): -0.9212973782813267, (a, 15, 18): -0.9584619651074384, (r, 20): 1, (a, 15, 15): -0.9737757054057276, (a, 18, 16): -0.9803046728696987, (a, 15, 16): -0.9579967653787153, (r, 16): 1, (a, 18, 18): -0.9957964037071402, (a, 20, 15): -0.9725949031476298, (a, 16, 20): -0.926174714943714, (a, 18, 19): -0.9819195960895194, (r, 15): 1, (a, 20, 18): -0.9469665452900919, (a, 19, 15): -0.9192066076796837, (a, 20, 19): -0.9598934275504788, (a, 20, 16): -0.9484146007635639, (a, 16, 16): -0.9936381386038878, (a, 16, 18): -0.9845122464470362, (a, 18, 15): -0.918396228849575, (a, 19, 19): -1.0059936812961936, (a, 16, 19): -0.9989341276396773, (t,): 20, (a, 19, 18): -0.9909819838671217, (r, 18): 1, (a, 20, 20): -0.9815795582200253}]
time 1 0 -> 1
dprev {(a, 0, 0): -1, (r, 0): 1, (t,): 0}
line [(0, 0), (0, 1)] [(-1, -1), (-0.9858840072206972, -1.0039388097412083)]
time 1 0 -> 1
time 1 0 -> 1
dprev {(a, 0, 0): -1, (r, 0): 1, (t,): 0}
line [(0, 0), (1, 1)] [(-1, -1), (-0.9964870552907171, -0.9964870552907171)]
time 1 0 -> 1
dprev {(a, 0, 0): -1, (r, 0): 1, (t,): 0}
line [(0, 0), (1, 0)] [(-1, -1), (-1.0039388097412083, -0.9858840072206972)]
time 2 1 -> 2
dprev {(r, 1): 1, (a, 0, 1): -1.0039388097412083, (r, 0): 1, (a, 1, 1): -0.9964870552907171, (a, 1, 0): -0.9858840072206972, (t,): 1, (a, 0, 0): -1}
line [(1, 1), (1, 2)] [(-0.9964870552907171, -0.9964870552907171), (-0.9952157645253802, -0.9944900771206117)]
time 2 1 -> 2
dprev {(r, 1): 1, (a, 0, 1): -1.0039388097412083, (r, 0): 1, (a, 1, 1): -0.9964870552907171, (a, 1, 0): -0.9858840072206972, (t,): 1, (a, 0, 0): -1}
line [(1, 1), (2, 1)] [(-0.9964870552907171, -0.9964870552907171), (-0.9944900771206117, -0.9952157645253802)]
time 2 1 -> 2
time 2 1 -> 2
dprev {(r, 1): 1, (a, 0, 1): -1.0039388097412083, (r, 0): 1, (a, 1, 1): -0.9964870552907171, (a, 1, 0): -0.9858840072206972, (t,): 1, (a, 0, 0): -1}
line [(1, 1), (2, 2)] [(-0.9964870552907171, -0.9964870552907171), (-0.9811864649173072, -0.9811864649173072)]
time 3 2 -> 3
dprev {(r, 1): 1, (a, 1, 2): -0.9944900771206117, (r, 2): 1, (a, 1, 1): -0.9964870552907171, (a, 2, 1): -0.9952157645253802, (t,): 2, (a, 2, 2): -0.9811864649173072}
line [(2, 2), (2, 3)] [(-0.9811864649173072, -0.9811864649173072), (-0.9863933374139591, -0.9984038495726361)]
time 3 2 -> 3
time 3 2 -> 3
dprev {(r, 1): 1, (a, 1, 2): -0.9944900771206117, (r, 2): 1, (a, 1, 1): -0.9964870552907171, (a, 2, 1): -0.9952157645253802, (t,): 2, (a, 2, 2): -0.9811864649173072}
line [(2, 2), (3, 3)] [(-0.9811864649173072, -0.9811864649173072), (-0.9796789546415378, -0.9796789546415378)]
time 3 2 -> 3
dprev {(r, 1): 1, (a, 1, 2): -0.9944900771206117, (r, 2): 1, (a, 1, 1): -0.9964870552907171, (a, 2, 1): -0.9952157645253802, (t,): 2, (a, 2, 2): -0.9811864649173072}
line [(2, 2), (3, 2)] [(-0.9811864649173072, -0.9811864649173072), (-0.9984038495726361, -0.9863933374139591)]
time 4 2 -> 4
time 4 2 -> 4
dprev {(a, 2, 3): -0.9984038495726361, (r, 3): 1, (r, 2): 1, (a, 3, 3): -0.9796789546415378, (t,): 3, (a, 3, 2): -0.9863933374139591, (a, 2, 2): -0.9811864649173072}
line [(2, 2), (4, 4)] [(-0.9811864649173072, -0.9811864649173072), (-0.9864642992435045, -0.9864642992435045)]
time 4 2 -> 4
dprev {(a, 2, 3): -0.9984038495726361, (r, 3): 1, (r, 2): 1, (a, 3, 3): -0.9796789546415378, (t,): 3, (a, 3, 2): -0.9863933374139591, (a, 2, 2): -0.9811864649173072}
line [(2, 2), (2, 4)] [(-0.9811864649173072, -0.9811864649173072), (-0.9764272631508485, -0.9875369014967313)]
time 4 2 -> 4
dprev {(a, 2, 3): -0.9984038495726361, (r, 3): 1, (r, 2): 1, (a, 3, 3): -0.9796789546415378, (t,): 3, (a, 3, 2): -0.9863933374139591, (a, 2, 2): -0.9811864649173072}
line [(2, 2), (4, 2)] [(-0.9811864649173072, -0.9811864649173072), (-0.9875369014967313, -0.9764272631508485)]
time 5 4 -> 5
dprev {(a, 4, 4): -0.9864642992435045, (r, 2): 1, (a, 2, 4): -0.9875369014967313, (a, 4, 2): -0.9764272631508485, (t,): 4, (r, 4): 1, (a, 2, 2): -0.9811864649173072}
line [(4, 4), (4, 5)] [(-0.9864642992435045, -0.9864642992435045), (-0.9747630752628624, -0.9988166623430853)]
time 5 4 -> 5
dprev {(a, 4, 4): -0.9864642992435045, (r, 2): 1, (a, 2, 4): -0.9875369014967313, (a, 4, 2): -0.9764272631508485, (t,): 4, (r, 4): 1, (a, 2, 2): -0.9811864649173072}
line [(4, 2), (5, 2)] [(-0.9875369014967313, -0.9764272631508485), (-0.981197463003227, -0.9756771218618483)]
time 5 4 -> 5
time 5 4 -> 5
dprev {(a, 4, 4): -0.9864642992435045, (r, 2): 1, (a, 2, 4): -0.9875369014967313, (a, 4, 2): -0.9764272631508485, (t,): 4, (r, 4): 1, (a, 2, 2): -0.9811864649173072}
line [(4, 4), (5, 5)] [(-0.9864642992435045, -0.9864642992435045), (-0.9989906652410341, -0.9989906652410341)]
time 5 4 -> 5
dprev {(a, 4, 4): -0.9864642992435045, (r, 2): 1, (a, 2, 4): -0.9875369014967313, (a, 4, 2): -0.9764272631508485, (t,): 4, (r, 4): 1, (a, 2, 2): -0.9811864649173072}
line [(4, 4), (5, 4)] [(-0.9864642992435045, -0.9864642992435045), (-0.9988166623430853, -0.9747630752628624)]
time 5 4 -> 5
dprev {(a, 4, 4): -0.9864642992435045, (r, 2): 1, (a, 2, 4): -0.9875369014967313, (a, 4, 2): -0.9764272631508485, (t,): 4, (r, 4): 1, (a, 2, 2): -0.9811864649173072}
line [(2, 4), (2, 5)] [(-0.9764272631508485, -0.9875369014967313), (-0.9756771218618483, -0.981197463003227)]
time 6 5 -> 6
dprev {(a, 4, 5): -0.9988166623430853, (a, 5, 2): -0.9756771218618483, (a, 4, 4): -0.9864642992435045, (r, 2): 1, (a, 2, 4): -0.9875369014967313, (a, 5, 5): -0.9989906652410341, (a, 4, 2): -0.9764272631508485, (a, 5, 4): -0.9747630752628624, (r, 5): 1, (a, 2, 5): -0.981197463003227, (r, 4): 1, (t,): 5, (a, 2, 2): -0.9811864649173072}
line [(2, 5), (2, 6)] [(-0.9756771218618483, -0.981197463003227), (-0.984459498790601, -0.9776593905035529)]
time 6 5 -> 6
dprev {(a, 4, 5): -0.9988166623430853, (a, 5, 2): -0.9756771218618483, (a, 4, 4): -0.9864642992435045, (r, 2): 1, (a, 2, 4): -0.9875369014967313, (a, 5, 5): -0.9989906652410341, (a, 4, 2): -0.9764272631508485, (a, 5, 4): -0.9747630752628624, (r, 5): 1, (a, 2, 5): -0.981197463003227, (r, 4): 1, (t,): 5, (a, 2, 2): -0.9811864649173072}
line [(5, 2), (6, 2)] [(-0.981197463003227, -0.9756771218618483), (-0.9776593905035529, -0.984459498790601)]
time 6 5 -> 6
dprev {(a, 4, 5): -0.9988166623430853, (a, 5, 2): -0.9756771218618483, (a, 4, 4): -0.9864642992435045, (r, 2): 1, (a, 2, 4): -0.9875369014967313, (a, 5, 5): -0.9989906652410341, (a, 4, 2): -0.9764272631508485, (a, 5, 4): -0.9747630752628624, (r, 5): 1, (a, 2, 5): -0.981197463003227, (r, 4): 1, (t,): 5, (a, 2, 2): -0.9811864649173072}
line [(4, 5), (4, 6)] [(-0.9747630752628624, -0.9988166623430853), (-0.9874178574189222, -0.992476109706617)]
time 6 5 -> 6
dprev {(a, 4, 5): -0.9988166623430853, (a, 5, 2): -0.9756771218618483, (a, 4, 4): -0.9864642992435045, (r, 2): 1, (a, 2, 4): -0.9875369014967313, (a, 5, 5): -0.9989906652410341, (a, 4, 2): -0.9764272631508485, (a, 5, 4): -0.9747630752628624, (r, 5): 1, (a, 2, 5): -0.981197463003227, (r, 4): 1, (t,): 5, (a, 2, 2): -0.9811864649173072}
line [(5, 5), (5, 6)] [(-0.9989906652410341, -0.9989906652410341), (-1.001675450078402, -1.0016649150702963)]
time 6 5 -> 6
dprev {(a, 4, 5): -0.9988166623430853, (a, 5, 2): -0.9756771218618483, (a, 4, 4): -0.9864642992435045, (r, 2): 1, (a, 2, 4): -0.9875369014967313, (a, 5, 5): -0.9989906652410341, (a, 4, 2): -0.9764272631508485, (a, 5, 4): -0.9747630752628624, (r, 5): 1, (a, 2, 5): -0.981197463003227, (r, 4): 1, (t,): 5, (a, 2, 2): -0.9811864649173072}
line [(5, 4), (6, 4)] [(-0.9988166623430853, -0.9747630752628624), (-0.992476109706617, -0.9874178574189222)]
time 6 5 -> 6
dprev {(a, 4, 5): -0.9988166623430853, (a, 5, 2): -0.9756771218618483, (a, 4, 4): -0.9864642992435045, (r, 2): 1, (a, 2, 4): -0.9875369014967313, (a, 5, 5): -0.9989906652410341, (a, 4, 2): -0.9764272631508485, (a, 5, 4): -0.9747630752628624, (r, 5): 1, (a, 2, 5): -0.981197463003227, (r, 4): 1, (t,): 5, (a, 2, 2): -0.9811864649173072}
line [(5, 5), (6, 5)] [(-0.9989906652410341, -0.9989906652410341), (-1.0016649150702963, -1.001675450078402)]
time 6 5 -> 6
time 6 5 -> 6
dprev {(a, 4, 5): -0.9988166623430853, (a, 5, 2): -0.9756771218618483, (a, 4, 4): -0.9864642992435045, (r, 2): 1, (a, 2, 4): -0.9875369014967313, (a, 5, 5): -0.9989906652410341, (a, 4, 2): -0.9764272631508485, (a, 5, 4): -0.9747630752628624, (r, 5): 1, (a, 2, 5): -0.981197463003227, (r, 4): 1, (t,): 5, (a, 2, 2): -0.9811864649173072}
line [(5, 5), (6, 6)] [(-0.9989906652410341, -0.9989906652410341), (-1.007117663761842, -1.007117663761842)]
time 7 2 -> 7
dprev {(a, 2, 6): -0.9776593905035529, (a, 6, 2): -0.984459498790601, (a, 4, 5): -0.9988166623430853, (a, 4, 6): -0.992476109706617, (a, 5, 2): -0.9756771218618483, (a, 2, 2): -0.9811864649173072, (r, 2): 1, (a, 2, 4): -0.9875369014967313, (a, 5, 5): -0.9989906652410341, (a, 2, 5): -0.981197463003227, (a, 4, 2): -0.9764272631508485, (a, 5, 6): -1.0016649150702963, (a, 6, 4): -0.9874178574189222, (r, 5): 1, (t,): 6, (a, 6, 5): -1.001675450078402, (r, 4): 1, (r, 6): 1, (a, 4, 4): -0.9864642992435045, (a, 6, 6): -1.007117663761842, (a, 5, 4): -0.9747630752628624}
line [(2, 2), (2, 7)] [(-0.9811864649173072, -0.9811864649173072), (-0.9701012983278398, -0.9856507586481624)]
time 7 2 -> 7
dprev {(a, 2, 6): -0.9776593905035529, (a, 6, 2): -0.984459498790601, (a, 4, 5): -0.9988166623430853, (a, 4, 6): -0.992476109706617, (a, 5, 2): -0.9756771218618483, (a, 2, 2): -0.9811864649173072, (r, 2): 1, (a, 2, 4): -0.9875369014967313, (a, 5, 5): -0.9989906652410341, (a, 2, 5): -0.981197463003227, (a, 4, 2): -0.9764272631508485, (a, 5, 6): -1.0016649150702963, (a, 6, 4): -0.9874178574189222, (r, 5): 1, (t,): 6, (a, 6, 5): -1.001675450078402, (r, 4): 1, (r, 6): 1, (a, 4, 4): -0.9864642992435045, (a, 6, 6): -1.007117663761842, (a, 5, 4): -0.9747630752628624}
line [(2, 5), (7, 5)] [(-0.9756771218618483, -0.981197463003227), (-0.9710476990165121, -0.9785287100338435)]
time 7 2 -> 7
dprev {(a, 2, 6): -0.9776593905035529, (a, 6, 2): -0.984459498790601, (a, 4, 5): -0.9988166623430853, (a, 4, 6): -0.992476109706617, (a, 5, 2): -0.9756771218618483, (a, 2, 2): -0.9811864649173072, (r, 2): 1, (a, 2, 4): -0.9875369014967313, (a, 5, 5): -0.9989906652410341, (a, 2, 5): -0.981197463003227, (a, 4, 2): -0.9764272631508485, (a, 5, 6): -1.0016649150702963, (a, 6, 4): -0.9874178574189222, (r, 5): 1, (t,): 6, (a, 6, 5): -1.001675450078402, (r, 4): 1, (r, 6): 1, (a, 4, 4): -0.9864642992435045, (a, 6, 6): -1.007117663761842, (a, 5, 4): -0.9747630752628624}
line [(5, 2), (5, 7)] [(-0.981197463003227, -0.9756771218618483), (-0.9785287100338435, -0.9710476990165121)]
time 7 2 -> 7
dprev {(a, 2, 6): -0.9776593905035529, (a, 6, 2): -0.984459498790601, (a, 4, 5): -0.9988166623430853, (a, 4, 6): -0.992476109706617, (a, 5, 2): -0.9756771218618483, (a, 2, 2): -0.9811864649173072, (r, 2): 1, (a, 2, 4): -0.9875369014967313, (a, 5, 5): -0.9989906652410341, (a, 2, 5): -0.981197463003227, (a, 4, 2): -0.9764272631508485, (a, 5, 6): -1.0016649150702963, (a, 6, 4): -0.9874178574189222, (r, 5): 1, (t,): 6, (a, 6, 5): -1.001675450078402, (r, 4): 1, (r, 6): 1, (a, 4, 4): -0.9864642992435045, (a, 6, 6): -1.007117663761842, (a, 5, 4): -0.9747630752628624}
line [(2, 4), (7, 4)] [(-0.9764272631508485, -0.9875369014967313), (-0.9923014123460717, -0.9654348830317913)]
time 7 2 -> 7
time 7 2 -> 7
dprev {(a, 2, 6): -0.9776593905035529, (a, 6, 2): -0.984459498790601, (a, 4, 5): -0.9988166623430853, (a, 4, 6): -0.992476109706617, (a, 5, 2): -0.9756771218618483, (a, 2, 2): -0.9811864649173072, (r, 2): 1, (a, 2, 4): -0.9875369014967313, (a, 5, 5): -0.9989906652410341, (a, 2, 5): -0.981197463003227, (a, 4, 2): -0.9764272631508485, (a, 5, 6): -1.0016649150702963, (a, 6, 4): -0.9874178574189222, (r, 5): 1, (t,): 6, (a, 6, 5): -1.001675450078402, (r, 4): 1, (r, 6): 1, (a, 4, 4): -0.9864642992435045, (a, 6, 6): -1.007117663761842, (a, 5, 4): -0.9747630752628624}
line [(2, 2), (7, 7)] [(-0.9811864649173072, -0.9811864649173072), (-0.9939948019184601, -0.9939948019184601)]
time 7 2 -> 7
dprev {(a, 2, 6): -0.9776593905035529, (a, 6, 2): -0.984459498790601, (a, 4, 5): -0.9988166623430853, (a, 4, 6): -0.992476109706617, (a, 5, 2): -0.9756771218618483, (a, 2, 2): -0.9811864649173072, (r, 2): 1, (a, 2, 4): -0.9875369014967313, (a, 5, 5): -0.9989906652410341, (a, 2, 5): -0.981197463003227, (a, 4, 2): -0.9764272631508485, (a, 5, 6): -1.0016649150702963, (a, 6, 4): -0.9874178574189222, (r, 5): 1, (t,): 6, (a, 6, 5): -1.001675450078402, (r, 4): 1, (r, 6): 1, (a, 4, 4): -0.9864642992435045, (a, 6, 6): -1.007117663761842, (a, 5, 4): -0.9747630752628624}
line [(2, 2), (7, 2)] [(-0.9811864649173072, -0.9811864649173072), (-0.9856507586481624, -0.9701012983278398)]
time 7 2 -> 7
dprev {(a, 2, 6): -0.9776593905035529, (a, 6, 2): -0.984459498790601, (a, 4, 5): -0.9988166623430853, (a, 4, 6): -0.992476109706617, (a, 5, 2): -0.9756771218618483, (a, 2, 2): -0.9811864649173072, (r, 2): 1, (a, 2, 4): -0.9875369014967313, (a, 5, 5): -0.9989906652410341, (a, 2, 5): -0.981197463003227, (a, 4, 2): -0.9764272631508485, (a, 5, 6): -1.0016649150702963, (a, 6, 4): -0.9874178574189222, (r, 5): 1, (t,): 6, (a, 6, 5): -1.001675450078402, (r, 4): 1, (r, 6): 1, (a, 4, 4): -0.9864642992435045, (a, 6, 6): -1.007117663761842, (a, 5, 4): -0.9747630752628624}
line [(4, 2), (4, 7)] [(-0.9875369014967313, -0.9764272631508485), (-0.9654348830317913, -0.9923014123460717)]
time 8 5 -> 8
time 8 5 -> 8
dprev {(r, 7): 1, (a, 5, 4): -0.9747630752628624, (a, 4, 5): -0.9988166623430853, (a, 2, 7): -0.9856507586481624, (a, 7, 5): -0.9785287100338435, (a, 5, 7): -0.9710476990165121, (r, 2): 1, (a, 2, 4): -0.9875369014967313, (a, 5, 2): -0.9756771218618483, (a, 7, 4): -0.9654348830317913, (a, 4, 2): -0.9764272631508485, (a, 5, 5): -0.9989906652410341, (r, 5): 1, (a, 2, 5): -0.981197463003227, (r, 4): 1, (a, 7, 7): -0.9939948019184601, (t,): 7, (a, 2, 2): -0.9811864649173072, (a, 4, 4): -0.9864642992435045, (a, 7, 2): -0.9701012983278398, (a, 4, 7): -0.9923014123460717}
line [(5, 5), (8, 8)] [(-0.9989906652410341, -0.9989906652410341), (-0.9951513810017726, -0.9951513810017726)]
time 8 5 -> 8
dprev {(r, 7): 1, (a, 5, 4): -0.9747630752628624, (a, 4, 5): -0.9988166623430853, (a, 2, 7): -0.9856507586481624, (a, 7, 5): -0.9785287100338435, (a, 5, 7): -0.9710476990165121, (r, 2): 1, (a, 2, 4): -0.9875369014967313, (a, 5, 2): -0.9756771218618483, (a, 7, 4): -0.9654348830317913, (a, 4, 2): -0.9764272631508485, (a, 5, 5): -0.9989906652410341, (r, 5): 1, (a, 2, 5): -0.981197463003227, (r, 4): 1, (a, 7, 7): -0.9939948019184601, (t,): 7, (a, 2, 2): -0.9811864649173072, (a, 4, 4): -0.9864642992435045, (a, 7, 2): -0.9701012983278398, (a, 4, 7): -0.9923014123460717}
line [(5, 2), (8, 2)] [(-0.981197463003227, -0.9756771218618483), (-0.9753071922737644, -0.97495405410546)]
time 8 5 -> 8
dprev {(r, 7): 1, (a, 5, 4): -0.9747630752628624, (a, 4, 5): -0.9988166623430853, (a, 2, 7): -0.9856507586481624, (a, 7, 5): -0.9785287100338435, (a, 5, 7): -0.9710476990165121, (r, 2): 1, (a, 2, 4): -0.9875369014967313, (a, 5, 2): -0.9756771218618483, (a, 7, 4): -0.9654348830317913, (a, 4, 2): -0.9764272631508485, (a, 5, 5): -0.9989906652410341, (r, 5): 1, (a, 2, 5): -0.981197463003227, (r, 4): 1, (a, 7, 7): -0.9939948019184601, (t,): 7, (a, 2, 2): -0.9811864649173072, (a, 4, 4): -0.9864642992435045, (a, 7, 2): -0.9701012983278398, (a, 4, 7): -0.9923014123460717}
line [(2, 5), (2, 8)] [(-0.9756771218618483, -0.981197463003227), (-0.97495405410546, -0.9753071922737644)]
time 8 5 -> 8
dprev {(r, 7): 1, (a, 5, 4): -0.9747630752628624, (a, 4, 5): -0.9988166623430853, (a, 2, 7): -0.9856507586481624, (a, 7, 5): -0.9785287100338435, (a, 5, 7): -0.9710476990165121, (r, 2): 1, (a, 2, 4): -0.9875369014967313, (a, 5, 2): -0.9756771218618483, (a, 7, 4): -0.9654348830317913, (a, 4, 2): -0.9764272631508485, (a, 5, 5): -0.9989906652410341, (r, 5): 1, (a, 2, 5): -0.981197463003227, (r, 4): 1, (a, 7, 7): -0.9939948019184601, (t,): 7, (a, 2, 2): -0.9811864649173072, (a, 4, 4): -0.9864642992435045, (a, 7, 2): -0.9701012983278398, (a, 4, 7): -0.9923014123460717}
line [(5, 7), (8, 7)] [(-0.9785287100338435, -0.9710476990165121), (-0.9773615777573074, -0.9707428043342042)]
time 8 5 -> 8
dprev {(r, 7): 1, (a, 5, 4): -0.9747630752628624, (a, 4, 5): -0.9988166623430853, (a, 2, 7): -0.9856507586481624, (a, 7, 5): -0.9785287100338435, (a, 5, 7): -0.9710476990165121, (r, 2): 1, (a, 2, 4): -0.9875369014967313, (a, 5, 2): -0.9756771218618483, (a, 7, 4): -0.9654348830317913, (a, 4, 2): -0.9764272631508485, (a, 5, 5): -0.9989906652410341, (r, 5): 1, (a, 2, 5): -0.981197463003227, (r, 4): 1, (a, 7, 7): -0.9939948019184601, (t,): 7, (a, 2, 2): -0.9811864649173072, (a, 4, 4): -0.9864642992435045, (a, 7, 2): -0.9701012983278398, (a, 4, 7): -0.9923014123460717}
line [(5, 5), (5, 8)] [(-0.9989906652410341, -0.9989906652410341), (-0.9821054095881846, -0.986680085011566)]
time 8 5 -> 8
dprev {(r, 7): 1, (a, 5, 4): -0.9747630752628624, (a, 4, 5): -0.9988166623430853, (a, 2, 7): -0.9856507586481624, (a, 7, 5): -0.9785287100338435, (a, 5, 7): -0.9710476990165121, (r, 2): 1, (a, 2, 4): -0.9875369014967313, (a, 5, 2): -0.9756771218618483, (a, 7, 4): -0.9654348830317913, (a, 4, 2): -0.9764272631508485, (a, 5, 5): -0.9989906652410341, (r, 5): 1, (a, 2, 5): -0.981197463003227, (r, 4): 1, (a, 7, 7): -0.9939948019184601, (t,): 7, (a, 2, 2): -0.9811864649173072, (a, 4, 4): -0.9864642992435045, (a, 7, 2): -0.9701012983278398, (a, 4, 7): -0.9923014123460717}
line [(7, 5), (7, 8)] [(-0.9710476990165121, -0.9785287100338435), (-0.9707428043342042, -0.9773615777573074)]
time 8 5 -> 8
dprev {(r, 7): 1, (a, 5, 4): -0.9747630752628624, (a, 4, 5): -0.9988166623430853, (a, 2, 7): -0.9856507586481624, (a, 7, 5): -0.9785287100338435, (a, 5, 7): -0.9710476990165121, (r, 2): 1, (a, 2, 4): -0.9875369014967313, (a, 5, 2): -0.9756771218618483, (a, 7, 4): -0.9654348830317913, (a, 4, 2): -0.9764272631508485, (a, 5, 5): -0.9989906652410341, (r, 5): 1, (a, 2, 5): -0.981197463003227, (r, 4): 1, (a, 7, 7): -0.9939948019184601, (t,): 7, (a, 2, 2): -0.9811864649173072, (a, 4, 4): -0.9864642992435045, (a, 7, 2): -0.9701012983278398, (a, 4, 7): -0.9923014123460717}
line [(5, 5), (8, 5)] [(-0.9989906652410341, -0.9989906652410341), (-0.986680085011566, -0.9821054095881846)]
time 9 7 -> 9
dprev {(a, 8, 8): -0.9951513810017726, (a, 8, 2): -0.97495405410546, (a, 2, 8): -0.9753071922737644, (a, 5, 2): -0.9756771218618483, (a, 7, 5): -0.9785287100338435, (a, 5, 7): -0.9710476990165121, (r, 2): 1, (r, 8): 1, (a, 2, 7): -0.9856507586481624, (a, 8, 7): -0.9707428043342042, (a, 5, 8): -0.986680085011566, (a, 7, 8): -0.9773615777573074, (a, 5, 5): -0.9989906652410341, (r, 5): 1, (t,): 8, (a, 2, 5): -0.981197463003227, (a, 7, 7): -0.9939948019184601, (a, 8, 5): -0.9821054095881846, (r, 7): 1, (a, 7, 2): -0.9701012983278398, (a, 2, 2): -0.9811864649173072}
line [(8, 7), (8, 9)] [(-0.9773615777573074, -0.9707428043342042), (-0.9863501697916688, -0.9764989736680749)]
time 9 7 -> 9
dprev {(a, 8, 8): -0.9951513810017726, (a, 8, 2): -0.97495405410546, (a, 2, 8): -0.9753071922737644, (a, 5, 2): -0.9756771218618483, (a, 7, 5): -0.9785287100338435, (a, 5, 7): -0.9710476990165121, (r, 2): 1, (r, 8): 1, (a, 2, 7): -0.9856507586481624, (a, 8, 7): -0.9707428043342042, (a, 5, 8): -0.986680085011566, (a, 7, 8): -0.9773615777573074, (a, 5, 5): -0.9989906652410341, (r, 5): 1, (t,): 8, (a, 2, 5): -0.981197463003227, (a, 7, 7): -0.9939948019184601, (a, 8, 5): -0.9821054095881846, (r, 7): 1, (a, 7, 2): -0.9701012983278398, (a, 2, 2): -0.9811864649173072}
line [(2, 7), (2, 9)] [(-0.9701012983278398, -0.9856507586481624), (-0.9627501082308035, -0.9656156789147329)]
time 9 7 -> 9
dprev {(a, 8, 8): -0.9951513810017726, (a, 8, 2): -0.97495405410546, (a, 2, 8): -0.9753071922737644, (a, 5, 2): -0.9756771218618483, (a, 7, 5): -0.9785287100338435, (a, 5, 7): -0.9710476990165121, (r, 2): 1, (r, 8): 1, (a, 2, 7): -0.9856507586481624, (a, 8, 7): -0.9707428043342042, (a, 5, 8): -0.986680085011566, (a, 7, 8): -0.9773615777573074, (a, 5, 5): -0.9989906652410341, (r, 5): 1, (t,): 8, (a, 2, 5): -0.981197463003227, (a, 7, 7): -0.9939948019184601, (a, 8, 5): -0.9821054095881846, (r, 7): 1, (a, 7, 2): -0.9701012983278398, (a, 2, 2): -0.9811864649173072}
line [(7, 2), (9, 2)] [(-0.9856507586481624, -0.9701012983278398), (-0.9656156789147329, -0.9627501082308035)]
time 9 7 -> 9
dprev {(a, 8, 8): -0.9951513810017726, (a, 8, 2): -0.97495405410546, (a, 2, 8): -0.9753071922737644, (a, 5, 2): -0.9756771218618483, (a, 7, 5): -0.9785287100338435, (a, 5, 7): -0.9710476990165121, (r, 2): 1, (r, 8): 1, (a, 2, 7): -0.9856507586481624, (a, 8, 7): -0.9707428043342042, (a, 5, 8): -0.986680085011566, (a, 7, 8): -0.9773615777573074, (a, 5, 5): -0.9989906652410341, (r, 5): 1, (t,): 8, (a, 2, 5): -0.981197463003227, (a, 7, 7): -0.9939948019184601, (a, 8, 5): -0.9821054095881846, (r, 7): 1, (a, 7, 2): -0.9701012983278398, (a, 2, 2): -0.9811864649173072}
line [(7, 7), (7, 9)] [(-0.9939948019184601, -0.9939948019184601), (-1.0133471435679984, -1.0088086387902135)]
time 9 7 -> 9
dprev {(a, 8, 8): -0.9951513810017726, (a, 8, 2): -0.97495405410546, (a, 2, 8): -0.9753071922737644, (a, 5, 2): -0.9756771218618483, (a, 7, 5): -0.9785287100338435, (a, 5, 7): -0.9710476990165121, (r, 2): 1, (r, 8): 1, (a, 2, 7): -0.9856507586481624, (a, 8, 7): -0.9707428043342042, (a, 5, 8): -0.986680085011566, (a, 7, 8): -0.9773615777573074, (a, 5, 5): -0.9989906652410341, (r, 5): 1, (t,): 8, (a, 2, 5): -0.981197463003227, (a, 7, 7): -0.9939948019184601, (a, 8, 5): -0.9821054095881846, (r, 7): 1, (a, 7, 2): -0.9701012983278398, (a, 2, 2): -0.9811864649173072}
line [(7, 8), (9, 8)] [(-0.9707428043342042, -0.9773615777573074), (-0.9764989736680749, -0.9863501697916688)]
time 9 7 -> 9
time 9 7 -> 9
dprev {(a, 8, 8): -0.9951513810017726, (a, 8, 2): -0.97495405410546, (a, 2, 8): -0.9753071922737644, (a, 5, 2): -0.9756771218618483, (a, 7, 5): -0.9785287100338435, (a, 5, 7): -0.9710476990165121, (r, 2): 1, (r, 8): 1, (a, 2, 7): -0.9856507586481624, (a, 8, 7): -0.9707428043342042, (a, 5, 8): -0.986680085011566, (a, 7, 8): -0.9773615777573074, (a, 5, 5): -0.9989906652410341, (r, 5): 1, (t,): 8, (a, 2, 5): -0.981197463003227, (a, 7, 7): -0.9939948019184601, (a, 8, 5): -0.9821054095881846, (r, 7): 1, (a, 7, 2): -0.9701012983278398, (a, 2, 2): -0.9811864649173072}
line [(7, 7), (9, 9)] [(-0.9939948019184601, -0.9939948019184601), (-1.0038150803513584, -1.0038150803513584)]
time 9 7 -> 9
dprev {(a, 8, 8): -0.9951513810017726, (a, 8, 2): -0.97495405410546, (a, 2, 8): -0.9753071922737644, (a, 5, 2): -0.9756771218618483, (a, 7, 5): -0.9785287100338435, (a, 5, 7): -0.9710476990165121, (r, 2): 1, (r, 8): 1, (a, 2, 7): -0.9856507586481624, (a, 8, 7): -0.9707428043342042, (a, 5, 8): -0.986680085011566, (a, 7, 8): -0.9773615777573074, (a, 5, 5): -0.9989906652410341, (r, 5): 1, (t,): 8, (a, 2, 5): -0.981197463003227, (a, 7, 7): -0.9939948019184601, (a, 8, 5): -0.9821054095881846, (r, 7): 1, (a, 7, 2): -0.9701012983278398, (a, 2, 2): -0.9811864649173072}
line [(5, 7), (5, 9)] [(-0.9785287100338435, -0.9710476990165121), (-0.9740681787861367, -0.9630903643898804)]
time 9 7 -> 9
dprev {(a, 8, 8): -0.9951513810017726, (a, 8, 2): -0.97495405410546, (a, 2, 8): -0.9753071922737644, (a, 5, 2): -0.9756771218618483, (a, 7, 5): -0.9785287100338435, (a, 5, 7): -0.9710476990165121, (r, 2): 1, (r, 8): 1, (a, 2, 7): -0.9856507586481624, (a, 8, 7): -0.9707428043342042, (a, 5, 8): -0.986680085011566, (a, 7, 8): -0.9773615777573074, (a, 5, 5): -0.9989906652410341, (r, 5): 1, (t,): 8, (a, 2, 5): -0.981197463003227, (a, 7, 7): -0.9939948019184601, (a, 8, 5): -0.9821054095881846, (r, 7): 1, (a, 7, 2): -0.9701012983278398, (a, 2, 2): -0.9811864649173072}
line [(7, 7), (9, 7)] [(-0.9939948019184601, -0.9939948019184601), (-1.0088086387902135, -1.0133471435679984)]
time 9 7 -> 9
dprev {(a, 8, 8): -0.9951513810017726, (a, 8, 2): -0.97495405410546, (a, 2, 8): -0.9753071922737644, (a, 5, 2): -0.9756771218618483, (a, 7, 5): -0.9785287100338435, (a, 5, 7): -0.9710476990165121, (r, 2): 1, (r, 8): 1, (a, 2, 7): -0.9856507586481624, (a, 8, 7): -0.9707428043342042, (a, 5, 8): -0.986680085011566, (a, 7, 8): -0.9773615777573074, (a, 5, 5): -0.9989906652410341, (r, 5): 1, (t,): 8, (a, 2, 5): -0.981197463003227, (a, 7, 7): -0.9939948019184601, (a, 8, 5): -0.9821054095881846, (r, 7): 1, (a, 7, 2): -0.9701012983278398, (a, 2, 2): -0.9811864649173072}
line [(7, 5), (9, 5)] [(-0.9710476990165121, -0.9785287100338435), (-0.9630903643898804, -0.9740681787861367)]
time 10 7 -> 10
dprev {(a, 8, 9): -0.9764989736680749, (r, 9): 1, (a, 2, 9): -0.9656156789147329, (a, 8, 7): -0.9707428043342042, (r, 5): 1, (a, 2, 5): -0.981197463003227, (a, 9, 2): -0.9627501082308035, (a, 8, 5): -0.9821054095881846, (a, 8, 2): -0.97495405410546, (a, 2, 7): -0.9856507586481624, (r, 7): 1, (a, 7, 9): -1.0088086387902135, (a, 7, 8): -0.9773615777573074, (a, 7, 7): -0.9939948019184601, (a, 2, 2): -0.9811864649173072, (a, 5, 2): -0.9756771218618483, (a, 7, 5): -0.9785287100338435, (r, 2): 1, (a, 5, 5): -0.9989906652410341, (a, 9, 8): -0.9863501697916688, (a, 5, 7): -0.9710476990165121, (a, 7, 2): -0.9701012983278398, (a, 9, 9): -1.0038150803513584, (a, 2, 8): -0.9753071922737644, (a, 5, 9): -0.9630903643898804, (r, 8): 1, (a, 5, 8): -0.986680085011566, (t,): 9, (a, 9, 7): -1.0133471435679984, (a, 8, 8): -0.9951513810017726, (a, 9, 5): -0.9740681787861367}
line [(7, 7), (7, 10)] [(-0.9939948019184601, -0.9939948019184601), (-0.9813649933575005, -1.0000888883407868)]
time 10 7 -> 10
dprev {(a, 8, 9): -0.9764989736680749, (r, 9): 1, (a, 2, 9): -0.9656156789147329, (a, 8, 7): -0.9707428043342042, (r, 5): 1, (a, 2, 5): -0.981197463003227, (a, 9, 2): -0.9627501082308035, (a, 8, 5): -0.9821054095881846, (a, 8, 2): -0.97495405410546, (a, 2, 7): -0.9856507586481624, (r, 7): 1, (a, 7, 9): -1.0088086387902135, (a, 7, 8): -0.9773615777573074, (a, 7, 7): -0.9939948019184601, (a, 2, 2): -0.9811864649173072, (a, 5, 2): -0.9756771218618483, (a, 7, 5): -0.9785287100338435, (r, 2): 1, (a, 5, 5): -0.9989906652410341, (a, 9, 8): -0.9863501697916688, (a, 5, 7): -0.9710476990165121, (a, 7, 2): -0.9701012983278398, (a, 9, 9): -1.0038150803513584, (a, 2, 8): -0.9753071922737644, (a, 5, 9): -0.9630903643898804, (r, 8): 1, (a, 5, 8): -0.986680085011566, (t,): 9, (a, 9, 7): -1.0133471435679984, (a, 8, 8): -0.9951513810017726, (a, 9, 5): -0.9740681787861367}
line [(7, 2), (10, 2)] [(-0.9856507586481624, -0.9701012983278398), (-1.0002523485831798, -0.9637468192506432)]
time 10 7 -> 10
dprev {(a, 8, 9): -0.9764989736680749, (r, 9): 1, (a, 2, 9): -0.9656156789147329, (a, 8, 7): -0.9707428043342042, (r, 5): 1, (a, 2, 5): -0.981197463003227, (a, 9, 2): -0.9627501082308035, (a, 8, 5): -0.9821054095881846, (a, 8, 2): -0.97495405410546, (a, 2, 7): -0.9856507586481624, (r, 7): 1, (a, 7, 9): -1.0088086387902135, (a, 7, 8): -0.9773615777573074, (a, 7, 7): -0.9939948019184601, (a, 2, 2): -0.9811864649173072, (a, 5, 2): -0.9756771218618483, (a, 7, 5): -0.9785287100338435, (r, 2): 1, (a, 5, 5): -0.9989906652410341, (a, 9, 8): -0.9863501697916688, (a, 5, 7): -0.9710476990165121, (a, 7, 2): -0.9701012983278398, (a, 9, 9): -1.0038150803513584, (a, 2, 8): -0.9753071922737644, (a, 5, 9): -0.9630903643898804, (r, 8): 1, (a, 5, 8): -0.986680085011566, (t,): 9, (a, 9, 7): -1.0133471435679984, (a, 8, 8): -0.9951513810017726, (a, 9, 5): -0.9740681787861367}
line [(7, 8), (10, 8)] [(-0.9707428043342042, -0.9773615777573074), (-0.958809103197234, -0.9596157211719561)]
time 10 7 -> 10
dprev {(a, 8, 9): -0.9764989736680749, (r, 9): 1, (a, 2, 9): -0.9656156789147329, (a, 8, 7): -0.9707428043342042, (r, 5): 1, (a, 2, 5): -0.981197463003227, (a, 9, 2): -0.9627501082308035, (a, 8, 5): -0.9821054095881846, (a, 8, 2): -0.97495405410546, (a, 2, 7): -0.9856507586481624, (r, 7): 1, (a, 7, 9): -1.0088086387902135, (a, 7, 8): -0.9773615777573074, (a, 7, 7): -0.9939948019184601, (a, 2, 2): -0.9811864649173072, (a, 5, 2): -0.9756771218618483, (a, 7, 5): -0.9785287100338435, (r, 2): 1, (a, 5, 5): -0.9989906652410341, (a, 9, 8): -0.9863501697916688, (a, 5, 7): -0.9710476990165121, (a, 7, 2): -0.9701012983278398, (a, 9, 9): -1.0038150803513584, (a, 2, 8): -0.9753071922737644, (a, 5, 9): -0.9630903643898804, (r, 8): 1, (a, 5, 8): -0.986680085011566, (t,): 9, (a, 9, 7): -1.0133471435679984, (a, 8, 8): -0.9951513810017726, (a, 9, 5): -0.9740681787861367}
line [(7, 5), (10, 5)] [(-0.9710476990165121, -0.9785287100338435), (-0.9844438957072511, -0.9798327113997646)]
time 10 7 -> 10
dprev {(a, 8, 9): -0.9764989736680749, (r, 9): 1, (a, 2, 9): -0.9656156789147329, (a, 8, 7): -0.9707428043342042, (r, 5): 1, (a, 2, 5): -0.981197463003227, (a, 9, 2): -0.9627501082308035, (a, 8, 5): -0.9821054095881846, (a, 8, 2): -0.97495405410546, (a, 2, 7): -0.9856507586481624, (r, 7): 1, (a, 7, 9): -1.0088086387902135, (a, 7, 8): -0.9773615777573074, (a, 7, 7): -0.9939948019184601, (a, 2, 2): -0.9811864649173072, (a, 5, 2): -0.9756771218618483, (a, 7, 5): -0.9785287100338435, (r, 2): 1, (a, 5, 5): -0.9989906652410341, (a, 9, 8): -0.9863501697916688, (a, 5, 7): -0.9710476990165121, (a, 7, 2): -0.9701012983278398, (a, 9, 9): -1.0038150803513584, (a, 2, 8): -0.9753071922737644, (a, 5, 9): -0.9630903643898804, (r, 8): 1, (a, 5, 8): -0.986680085011566, (t,): 9, (a, 9, 7): -1.0133471435679984, (a, 8, 8): -0.9951513810017726, (a, 9, 5): -0.9740681787861367}
line [(7, 7), (10, 7)] [(-0.9939948019184601, -0.9939948019184601), (-1.0000888883407868, -0.9813649933575005)]
time 10 7 -> 10
time 10 7 -> 10
dprev {(a, 8, 9): -0.9764989736680749, (r, 9): 1, (a, 2, 9): -0.9656156789147329, (a, 8, 7): -0.9707428043342042, (r, 5): 1, (a, 2, 5): -0.981197463003227, (a, 9, 2): -0.9627501082308035, (a, 8, 5): -0.9821054095881846, (a, 8, 2): -0.97495405410546, (a, 2, 7): -0.9856507586481624, (r, 7): 1, (a, 7, 9): -1.0088086387902135, (a, 7, 8): -0.9773615777573074, (a, 7, 7): -0.9939948019184601, (a, 2, 2): -0.9811864649173072, (a, 5, 2): -0.9756771218618483, (a, 7, 5): -0.9785287100338435, (r, 2): 1, (a, 5, 5): -0.9989906652410341, (a, 9, 8): -0.9863501697916688, (a, 5, 7): -0.9710476990165121, (a, 7, 2): -0.9701012983278398, (a, 9, 9): -1.0038150803513584, (a, 2, 8): -0.9753071922737644, (a, 5, 9): -0.9630903643898804, (r, 8): 1, (a, 5, 8): -0.986680085011566, (t,): 9, (a, 9, 7): -1.0133471435679984, (a, 8, 8): -0.9951513810017726, (a, 9, 5): -0.9740681787861367}
line [(7, 7), (10, 10)] [(-0.9939948019184601, -0.9939948019184601), (-0.9896601578986797, -0.9896601578986797)]
time 10 7 -> 10
dprev {(a, 8, 9): -0.9764989736680749, (r, 9): 1, (a, 2, 9): -0.9656156789147329, (a, 8, 7): -0.9707428043342042, (r, 5): 1, (a, 2, 5): -0.981197463003227, (a, 9, 2): -0.9627501082308035, (a, 8, 5): -0.9821054095881846, (a, 8, 2): -0.97495405410546, (a, 2, 7): -0.9856507586481624, (r, 7): 1, (a, 7, 9): -1.0088086387902135, (a, 7, 8): -0.9773615777573074, (a, 7, 7): -0.9939948019184601, (a, 2, 2): -0.9811864649173072, (a, 5, 2): -0.9756771218618483, (a, 7, 5): -0.9785287100338435, (r, 2): 1, (a, 5, 5): -0.9989906652410341, (a, 9, 8): -0.9863501697916688, (a, 5, 7): -0.9710476990165121, (a, 7, 2): -0.9701012983278398, (a, 9, 9): -1.0038150803513584, (a, 2, 8): -0.9753071922737644, (a, 5, 9): -0.9630903643898804, (r, 8): 1, (a, 5, 8): -0.986680085011566, (t,): 9, (a, 9, 7): -1.0133471435679984, (a, 8, 8): -0.9951513810017726, (a, 9, 5): -0.9740681787861367}
line [(8, 7), (8, 10)] [(-0.9773615777573074, -0.9707428043342042), (-0.9596157211719561, -0.958809103197234)]
time 10 7 -> 10
dprev {(a, 8, 9): -0.9764989736680749, (r, 9): 1, (a, 2, 9): -0.9656156789147329, (a, 8, 7): -0.9707428043342042, (r, 5): 1, (a, 2, 5): -0.981197463003227, (a, 9, 2): -0.9627501082308035, (a, 8, 5): -0.9821054095881846, (a, 8, 2): -0.97495405410546, (a, 2, 7): -0.9856507586481624, (r, 7): 1, (a, 7, 9): -1.0088086387902135, (a, 7, 8): -0.9773615777573074, (a, 7, 7): -0.9939948019184601, (a, 2, 2): -0.9811864649173072, (a, 5, 2): -0.9756771218618483, (a, 7, 5): -0.9785287100338435, (r, 2): 1, (a, 5, 5): -0.9989906652410341, (a, 9, 8): -0.9863501697916688, (a, 5, 7): -0.9710476990165121, (a, 7, 2): -0.9701012983278398, (a, 9, 9): -1.0038150803513584, (a, 2, 8): -0.9753071922737644, (a, 5, 9): -0.9630903643898804, (r, 8): 1, (a, 5, 8): -0.986680085011566, (t,): 9, (a, 9, 7): -1.0133471435679984, (a, 8, 8): -0.9951513810017726, (a, 9, 5): -0.9740681787861367}
line [(2, 7), (2, 10)] [(-0.9701012983278398, -0.9856507586481624), (-0.9637468192506432, -1.0002523485831798)]
time 10 7 -> 10
dprev {(a, 8, 9): -0.9764989736680749, (r, 9): 1, (a, 2, 9): -0.9656156789147329, (a, 8, 7): -0.9707428043342042, (r, 5): 1, (a, 2, 5): -0.981197463003227, (a, 9, 2): -0.9627501082308035, (a, 8, 5): -0.9821054095881846, (a, 8, 2): -0.97495405410546, (a, 2, 7): -0.9856507586481624, (r, 7): 1, (a, 7, 9): -1.0088086387902135, (a, 7, 8): -0.9773615777573074, (a, 7, 7): -0.9939948019184601, (a, 2, 2): -0.9811864649173072, (a, 5, 2): -0.9756771218618483, (a, 7, 5): -0.9785287100338435, (r, 2): 1, (a, 5, 5): -0.9989906652410341, (a, 9, 8): -0.9863501697916688, (a, 5, 7): -0.9710476990165121, (a, 7, 2): -0.9701012983278398, (a, 9, 9): -1.0038150803513584, (a, 2, 8): -0.9753071922737644, (a, 5, 9): -0.9630903643898804, (r, 8): 1, (a, 5, 8): -0.986680085011566, (t,): 9, (a, 9, 7): -1.0133471435679984, (a, 8, 8): -0.9951513810017726, (a, 9, 5): -0.9740681787861367}
line [(5, 7), (5, 10)] [(-0.9785287100338435, -0.9710476990165121), (-0.9798327113997646, -0.9844438957072511)]
time 11 8 -> 11
dprev {(a, 8, 7): -0.9707428043342042, (r, 5): 1, (a, 2, 5): -0.981197463003227, (a, 8, 5): -0.9821054095881846, (a, 7, 10): -1.0000888883407868, (a, 8, 2): -0.97495405410546, (a, 2, 7): -0.9856507586481624, (r, 7): 1, (a, 10, 2): -0.9637468192506432, (a, 10, 8): -0.9596157211719561, (r, 10): 1, (a, 7, 8): -0.9773615777573074, (a, 7, 7): -0.9939948019184601, (a, 2, 2): -0.9811864649173072, (a, 5, 2): -0.9756771218618483, (a, 7, 5): -0.9785287100338435, (r, 2): 1, (a, 5, 5): -0.9989906652410341, (a, 10, 5): -0.9798327113997646, (a, 5, 7): -0.9710476990165121, (a, 7, 2): -0.9701012983278398, (a, 10, 7): -0.9813649933575005, (a, 2, 8): -0.9753071922737644, (a, 10, 10): -0.9896601578986797, (r, 8): 1, (a, 8, 10): -0.958809103197234, (a, 5, 8): -0.986680085011566, (a, 2, 10): -1.0002523485831798, (t,): 10, (a, 8, 8): -0.9951513810017726, (a, 5, 10): -0.9844438957072511}
line [(10, 8), (10, 11)] [(-0.958809103197234, -0.9596157211719561), (-0.9548908730030705, -0.9473640994634531)]
time 11 8 -> 11
dprev {(a, 8, 7): -0.9707428043342042, (r, 5): 1, (a, 2, 5): -0.981197463003227, (a, 8, 5): -0.9821054095881846, (a, 7, 10): -1.0000888883407868, (a, 8, 2): -0.97495405410546, (a, 2, 7): -0.9856507586481624, (r, 7): 1, (a, 10, 2): -0.9637468192506432, (a, 10, 8): -0.9596157211719561, (r, 10): 1, (a, 7, 8): -0.9773615777573074, (a, 7, 7): -0.9939948019184601, (a, 2, 2): -0.9811864649173072, (a, 5, 2): -0.9756771218618483, (a, 7, 5): -0.9785287100338435, (r, 2): 1, (a, 5, 5): -0.9989906652410341, (a, 10, 5): -0.9798327113997646, (a, 5, 7): -0.9710476990165121, (a, 7, 2): -0.9701012983278398, (a, 10, 7): -0.9813649933575005, (a, 2, 8): -0.9753071922737644, (a, 10, 10): -0.9896601578986797, (r, 8): 1, (a, 8, 10): -0.958809103197234, (a, 5, 8): -0.986680085011566, (a, 2, 10): -1.0002523485831798, (t,): 10, (a, 8, 8): -0.9951513810017726, (a, 5, 10): -0.9844438957072511}
line [(8, 8), (11, 8)] [(-0.9951513810017726, -0.9951513810017726), (-0.9841426721536891, -1.0044846296273255)]
time 11 8 -> 11
time 11 8 -> 11
dprev {(a, 8, 7): -0.9707428043342042, (r, 5): 1, (a, 2, 5): -0.981197463003227, (a, 8, 5): -0.9821054095881846, (a, 7, 10): -1.0000888883407868, (a, 8, 2): -0.97495405410546, (a, 2, 7): -0.9856507586481624, (r, 7): 1, (a, 10, 2): -0.9637468192506432, (a, 10, 8): -0.9596157211719561, (r, 10): 1, (a, 7, 8): -0.9773615777573074, (a, 7, 7): -0.9939948019184601, (a, 2, 2): -0.9811864649173072, (a, 5, 2): -0.9756771218618483, (a, 7, 5): -0.9785287100338435, (r, 2): 1, (a, 5, 5): -0.9989906652410341, (a, 10, 5): -0.9798327113997646, (a, 5, 7): -0.9710476990165121, (a, 7, 2): -0.9701012983278398, (a, 10, 7): -0.9813649933575005, (a, 2, 8): -0.9753071922737644, (a, 10, 10): -0.9896601578986797, (r, 8): 1, (a, 8, 10): -0.958809103197234, (a, 5, 8): -0.986680085011566, (a, 2, 10): -1.0002523485831798, (t,): 10, (a, 8, 8): -0.9951513810017726, (a, 5, 10): -0.9844438957072511}
line [(8, 8), (11, 11)] [(-0.9951513810017726, -0.9951513810017726), (-0.9946939506551128, -0.9946939506551128)]
time 11 8 -> 11
dprev {(a, 8, 7): -0.9707428043342042, (r, 5): 1, (a, 2, 5): -0.981197463003227, (a, 8, 5): -0.9821054095881846, (a, 7, 10): -1.0000888883407868, (a, 8, 2): -0.97495405410546, (a, 2, 7): -0.9856507586481624, (r, 7): 1, (a, 10, 2): -0.9637468192506432, (a, 10, 8): -0.9596157211719561, (r, 10): 1, (a, 7, 8): -0.9773615777573074, (a, 7, 7): -0.9939948019184601, (a, 2, 2): -0.9811864649173072, (a, 5, 2): -0.9756771218618483, (a, 7, 5): -0.9785287100338435, (r, 2): 1, (a, 5, 5): -0.9989906652410341, (a, 10, 5): -0.9798327113997646, (a, 5, 7): -0.9710476990165121, (a, 7, 2): -0.9701012983278398, (a, 10, 7): -0.9813649933575005, (a, 2, 8): -0.9753071922737644, (a, 10, 10): -0.9896601578986797, (r, 8): 1, (a, 8, 10): -0.958809103197234, (a, 5, 8): -0.986680085011566, (a, 2, 10): -1.0002523485831798, (t,): 10, (a, 8, 8): -0.9951513810017726, (a, 5, 10): -0.9844438957072511}
line [(8, 10), (11, 10)] [(-0.9596157211719561, -0.958809103197234), (-0.9473640994634531, -0.9548908730030705)]
time 11 8 -> 11
dprev {(a, 8, 7): -0.9707428043342042, (r, 5): 1, (a, 2, 5): -0.981197463003227, (a, 8, 5): -0.9821054095881846, (a, 7, 10): -1.0000888883407868, (a, 8, 2): -0.97495405410546, (a, 2, 7): -0.9856507586481624, (r, 7): 1, (a, 10, 2): -0.9637468192506432, (a, 10, 8): -0.9596157211719561, (r, 10): 1, (a, 7, 8): -0.9773615777573074, (a, 7, 7): -0.9939948019184601, (a, 2, 2): -0.9811864649173072, (a, 5, 2): -0.9756771218618483, (a, 7, 5): -0.9785287100338435, (r, 2): 1, (a, 5, 5): -0.9989906652410341, (a, 10, 5): -0.9798327113997646, (a, 5, 7): -0.9710476990165121, (a, 7, 2): -0.9701012983278398, (a, 10, 7): -0.9813649933575005, (a, 2, 8): -0.9753071922737644, (a, 10, 10): -0.9896601578986797, (r, 8): 1, (a, 8, 10): -0.958809103197234, (a, 5, 8): -0.986680085011566, (a, 2, 10): -1.0002523485831798, (t,): 10, (a, 8, 8): -0.9951513810017726, (a, 5, 10): -0.9844438957072511}
line [(8, 8), (8, 11)] [(-0.9951513810017726, -0.9951513810017726), (-1.0044846296273255, -0.9841426721536891)]
time 12 8 -> 12
dprev {(a, 10, 11): -0.9473640994634531, (a, 11, 8): -1.0044846296273255, (a, 10, 10): -0.9896601578986797, (r, 8): 1, (a, 8, 10): -0.958809103197234, (r, 11): 1, (a, 11, 11): -0.9946939506551128, (r, 10): 1, (a, 10, 8): -0.9596157211719561, (t,): 11, (a, 11, 10): -0.9548908730030705, (a, 8, 8): -0.9951513810017726, (a, 8, 11): -0.9841426721536891}
line [(8, 8), (8, 12)] [(-0.9951513810017726, -0.9951513810017726), (-1.0166076246320999, -1.0061582963145532)]
time 12 8 -> 12
dprev {(a, 10, 11): -0.9473640994634531, (a, 11, 8): -1.0044846296273255, (a, 10, 10): -0.9896601578986797, (r, 8): 1, (a, 8, 10): -0.958809103197234, (r, 11): 1, (a, 11, 11): -0.9946939506551128, (r, 10): 1, (a, 10, 8): -0.9596157211719561, (t,): 11, (a, 11, 10): -0.9548908730030705, (a, 8, 8): -0.9951513810017726, (a, 8, 11): -0.9841426721536891}
line [(8, 8), (12, 8)] [(-0.9951513810017726, -0.9951513810017726), (-1.0061582963145532, -1.0166076246320999)]
time 12 8 -> 12
time 12 8 -> 12
dprev {(a, 10, 11): -0.9473640994634531, (a, 11, 8): -1.0044846296273255, (a, 10, 10): -0.9896601578986797, (r, 8): 1, (a, 8, 10): -0.958809103197234, (r, 11): 1, (a, 11, 11): -0.9946939506551128, (r, 10): 1, (a, 10, 8): -0.9596157211719561, (t,): 11, (a, 11, 10): -0.9548908730030705, (a, 8, 8): -0.9951513810017726, (a, 8, 11): -0.9841426721536891}
line [(8, 8), (12, 12)] [(-0.9951513810017726, -0.9951513810017726), (-1.0160248928345224, -1.0160248928345224)]
time 12 8 -> 12
dprev {(a, 10, 11): -0.9473640994634531, (a, 11, 8): -1.0044846296273255, (a, 10, 10): -0.9896601578986797, (r, 8): 1, (a, 8, 10): -0.958809103197234, (r, 11): 1, (a, 11, 11): -0.9946939506551128, (r, 10): 1, (a, 10, 8): -0.9596157211719561, (t,): 11, (a, 11, 10): -0.9548908730030705, (a, 8, 8): -0.9951513810017726, (a, 8, 11): -0.9841426721536891}
line [(8, 10), (12, 10)] [(-0.9596157211719561, -0.958809103197234), (-0.9594024213286126, -0.9639057704764901)]
time 12 8 -> 12
dprev {(a, 10, 11): -0.9473640994634531, (a, 11, 8): -1.0044846296273255, (a, 10, 10): -0.9896601578986797, (r, 8): 1, (a, 8, 10): -0.958809103197234, (r, 11): 1, (a, 11, 11): -0.9946939506551128, (r, 10): 1, (a, 10, 8): -0.9596157211719561, (t,): 11, (a, 11, 10): -0.9548908730030705, (a, 8, 8): -0.9951513810017726, (a, 8, 11): -0.9841426721536891}
line [(10, 8), (10, 12)] [(-0.958809103197234, -0.9596157211719561), (-0.9639057704764901, -0.9594024213286126)]
time 13 10 -> 13
dprev {(a, 8, 12): -1.0061582963145532, (a, 12, 8): -1.0166076246320999, (r, 12): 1, (a, 12, 12): -1.0160248928345224, (r, 8): 1, (a, 10, 8): -0.9596157211719561, (a, 12, 10): -0.9639057704764901, (r, 10): 1, (a, 8, 10): -0.958809103197234, (t,): 12, (a, 10, 10): -0.9896601578986797, (a, 8, 8): -0.9951513810017726, (a, 10, 12): -0.9594024213286126}
line [(10, 10), (13, 10)] [(-0.9896601578986797, -0.9896601578986797), (-0.9871764313657007, -0.9898974625107311)]
time 13 10 -> 13
dprev {(a, 8, 12): -1.0061582963145532, (a, 12, 8): -1.0166076246320999, (r, 12): 1, (a, 12, 12): -1.0160248928345224, (r, 8): 1, (a, 10, 8): -0.9596157211719561, (a, 12, 10): -0.9639057704764901, (r, 10): 1, (a, 8, 10): -0.958809103197234, (t,): 12, (a, 10, 10): -0.9896601578986797, (a, 8, 8): -0.9951513810017726, (a, 10, 12): -0.9594024213286126}
line [(8, 10), (8, 13)] [(-0.9596157211719561, -0.958809103197234), (-0.9682583030709857, -0.9653877005529018)]
time 13 10 -> 13
time 13 10 -> 13
dprev {(a, 8, 12): -1.0061582963145532, (a, 12, 8): -1.0166076246320999, (r, 12): 1, (a, 12, 12): -1.0160248928345224, (r, 8): 1, (a, 10, 8): -0.9596157211719561, (a, 12, 10): -0.9639057704764901, (r, 10): 1, (a, 8, 10): -0.958809103197234, (t,): 12, (a, 10, 10): -0.9896601578986797, (a, 8, 8): -0.9951513810017726, (a, 10, 12): -0.9594024213286126}
line [(10, 10), (13, 13)] [(-0.9896601578986797, -0.9896601578986797), (-0.9898753635221335, -0.9898753635221335)]
time 13 10 -> 13
dprev {(a, 8, 12): -1.0061582963145532, (a, 12, 8): -1.0166076246320999, (r, 12): 1, (a, 12, 12): -1.0160248928345224, (r, 8): 1, (a, 10, 8): -0.9596157211719561, (a, 12, 10): -0.9639057704764901, (r, 10): 1, (a, 8, 10): -0.958809103197234, (t,): 12, (a, 10, 10): -0.9896601578986797, (a, 8, 8): -0.9951513810017726, (a, 10, 12): -0.9594024213286126}
line [(10, 10), (10, 13)] [(-0.9896601578986797, -0.9896601578986797), (-0.9898974625107311, -0.9871764313657007)]
time 13 10 -> 13
dprev {(a, 8, 12): -1.0061582963145532, (a, 12, 8): -1.0166076246320999, (r, 12): 1, (a, 12, 12): -1.0160248928345224, (r, 8): 1, (a, 10, 8): -0.9596157211719561, (a, 12, 10): -0.9639057704764901, (r, 10): 1, (a, 8, 10): -0.958809103197234, (t,): 12, (a, 10, 10): -0.9896601578986797, (a, 8, 8): -0.9951513810017726, (a, 10, 12): -0.9594024213286126}
line [(10, 8), (13, 8)] [(-0.958809103197234, -0.9596157211719561), (-0.9653877005529018, -0.9682583030709857)]
time 14 10 -> 14
dprev {(a, 8, 10): -0.958809103197234, (a, 13, 10): -0.9898974625107311, (a, 10, 10): -0.9896601578986797, (a, 8, 13): -0.9653877005529018, (r, 8): 1, (a, 13, 13): -0.9898753635221335, (r, 10): 1, (a, 10, 8): -0.9596157211719561, (a, 10, 13): -0.9871764313657007, (a, 13, 8): -0.9682583030709857, (t,): 13, (a, 8, 8): -0.9951513810017726, (r, 13): 1}
line [(10, 10), (10, 14)] [(-0.9896601578986797, -0.9896601578986797), (-0.9772807942346584, -0.9990326445575038)]
time 14 10 -> 14
dprev {(a, 8, 10): -0.958809103197234, (a, 13, 10): -0.9898974625107311, (a, 10, 10): -0.9896601578986797, (a, 8, 13): -0.9653877005529018, (r, 8): 1, (a, 13, 13): -0.9898753635221335, (r, 10): 1, (a, 10, 8): -0.9596157211719561, (a, 10, 13): -0.9871764313657007, (a, 13, 8): -0.9682583030709857, (t,): 13, (a, 8, 8): -0.9951513810017726, (r, 13): 1}
line [(10, 10), (14, 10)] [(-0.9896601578986797, -0.9896601578986797), (-0.9990326445575038, -0.9772807942346584)]
time 14 10 -> 14
dprev {(a, 8, 10): -0.958809103197234, (a, 13, 10): -0.9898974625107311, (a, 10, 10): -0.9896601578986797, (a, 8, 13): -0.9653877005529018, (r, 8): 1, (a, 13, 13): -0.9898753635221335, (r, 10): 1, (a, 10, 8): -0.9596157211719561, (a, 10, 13): -0.9871764313657007, (a, 13, 8): -0.9682583030709857, (t,): 13, (a, 8, 8): -0.9951513810017726, (r, 13): 1}
line [(10, 8), (14, 8)] [(-0.958809103197234, -0.9596157211719561), (-0.9429406973811222, -0.9633434293468288)]
time 14 10 -> 14
dprev {(a, 8, 10): -0.958809103197234, (a, 13, 10): -0.9898974625107311, (a, 10, 10): -0.9896601578986797, (a, 8, 13): -0.9653877005529018, (r, 8): 1, (a, 13, 13): -0.9898753635221335, (r, 10): 1, (a, 10, 8): -0.9596157211719561, (a, 10, 13): -0.9871764313657007, (a, 13, 8): -0.9682583030709857, (t,): 13, (a, 8, 8): -0.9951513810017726, (r, 13): 1}
line [(8, 10), (8, 14)] [(-0.9596157211719561, -0.958809103197234), (-0.9633434293468288, -0.9429406973811222)]
time 14 10 -> 14
time 14 10 -> 14
dprev {(a, 8, 10): -0.958809103197234, (a, 13, 10): -0.9898974625107311, (a, 10, 10): -0.9896601578986797, (a, 8, 13): -0.9653877005529018, (r, 8): 1, (a, 13, 13): -0.9898753635221335, (r, 10): 1, (a, 10, 8): -0.9596157211719561, (a, 10, 13): -0.9871764313657007, (a, 13, 8): -0.9682583030709857, (t,): 13, (a, 8, 8): -0.9951513810017726, (r, 13): 1}
line [(10, 10), (14, 14)] [(-0.9896601578986797, -0.9896601578986797), (-0.9853540050148583, -0.9853540050148583)]
time 15 14 -> 15
dprev {(a, 10, 14): -0.9990326445575038, (a, 14, 10): -0.9772807942346584, (r, 14): 1, (a, 8, 8): -0.9951513810017726, (r, 8): 1, (a, 10, 8): -0.9596157211719561, (a, 14, 8): -0.9633434293468288, (r, 10): 1, (a, 8, 10): -0.958809103197234, (t,): 14, (a, 8, 14): -0.9429406973811222, (a, 10, 10): -0.9896601578986797, (a, 14, 14): -0.9853540050148583}
line [(14, 14), (14, 15)] [(-0.9853540050148583, -0.9853540050148583), (-0.9853024909161935, -1.0137379430716331)]
time 15 14 -> 15
time 15 14 -> 15
dprev {(a, 10, 14): -0.9990326445575038, (a, 14, 10): -0.9772807942346584, (r, 14): 1, (a, 8, 8): -0.9951513810017726, (r, 8): 1, (a, 10, 8): -0.9596157211719561, (a, 14, 8): -0.9633434293468288, (r, 10): 1, (a, 8, 10): -0.958809103197234, (t,): 14, (a, 8, 14): -0.9429406973811222, (a, 10, 10): -0.9896601578986797, (a, 14, 14): -0.9853540050148583}
line [(14, 14), (15, 15)] [(-0.9853540050148583, -0.9853540050148583), (-0.9737757054057276, -0.9737757054057276)]
time 15 14 -> 15
dprev {(a, 10, 14): -0.9990326445575038, (a, 14, 10): -0.9772807942346584, (r, 14): 1, (a, 8, 8): -0.9951513810017726, (r, 8): 1, (a, 10, 8): -0.9596157211719561, (a, 14, 8): -0.9633434293468288, (r, 10): 1, (a, 8, 10): -0.958809103197234, (t,): 14, (a, 8, 14): -0.9429406973811222, (a, 10, 10): -0.9896601578986797, (a, 14, 14): -0.9853540050148583}
line [(14, 14), (15, 14)] [(-0.9853540050148583, -0.9853540050148583), (-1.0137379430716331, -0.9853024909161935)]
time 15 14 -> 15
dprev {(a, 10, 14): -0.9990326445575038, (a, 14, 10): -0.9772807942346584, (r, 14): 1, (a, 8, 8): -0.9951513810017726, (r, 8): 1, (a, 10, 8): -0.9596157211719561, (a, 14, 8): -0.9633434293468288, (r, 10): 1, (a, 8, 10): -0.958809103197234, (t,): 14, (a, 8, 14): -0.9429406973811222, (a, 10, 10): -0.9896601578986797, (a, 14, 14): -0.9853540050148583}
line [(8, 14), (8, 15)] [(-0.9633434293468288, -0.9429406973811222), (-0.9526121286607961, -0.948957799693994)]
time 15 14 -> 15
dprev {(a, 10, 14): -0.9990326445575038, (a, 14, 10): -0.9772807942346584, (r, 14): 1, (a, 8, 8): -0.9951513810017726, (r, 8): 1, (a, 10, 8): -0.9596157211719561, (a, 14, 8): -0.9633434293468288, (r, 10): 1, (a, 8, 10): -0.958809103197234, (t,): 14, (a, 8, 14): -0.9429406973811222, (a, 10, 10): -0.9896601578986797, (a, 14, 14): -0.9853540050148583}
line [(14, 8), (15, 8)] [(-0.9429406973811222, -0.9633434293468288), (-0.948957799693994, -0.9526121286607961)]
time 16 8 -> 16
dprev {(a, 14, 15): -1.0137379430716331, (r, 15): 1, (r, 14): 1, (a, 8, 8): -0.9951513810017726, (a, 15, 15): -0.9737757054057276, (r, 8): 1, (a, 15, 14): -0.9853024909161935, (a, 14, 8): -0.9633434293468288, (t,): 15, (a, 8, 14): -0.9429406973811222, (a, 8, 15): -0.948957799693994, (a, 15, 8): -0.9526121286607961, (a, 14, 14): -0.9853540050148583}
line [(8, 15), (16, 15)] [(-0.9526121286607961, -0.948957799693994), (-0.9579967653787153, -0.9321796849395129)]
time 16 8 -> 16
dprev {(a, 14, 15): -1.0137379430716331, (r, 15): 1, (r, 14): 1, (a, 8, 8): -0.9951513810017726, (a, 15, 15): -0.9737757054057276, (r, 8): 1, (a, 15, 14): -0.9853024909161935, (a, 14, 8): -0.9633434293468288, (t,): 15, (a, 8, 14): -0.9429406973811222, (a, 8, 15): -0.948957799693994, (a, 15, 8): -0.9526121286607961, (a, 14, 14): -0.9853540050148583}
line [(8, 8), (16, 8)] [(-0.9951513810017726, -0.9951513810017726), (-0.9908478963025091, -0.9915850328984144)]
time 16 8 -> 16
dprev {(a, 14, 15): -1.0137379430716331, (r, 15): 1, (r, 14): 1, (a, 8, 8): -0.9951513810017726, (a, 15, 15): -0.9737757054057276, (r, 8): 1, (a, 15, 14): -0.9853024909161935, (a, 14, 8): -0.9633434293468288, (t,): 15, (a, 8, 14): -0.9429406973811222, (a, 8, 15): -0.948957799693994, (a, 15, 8): -0.9526121286607961, (a, 14, 14): -0.9853540050148583}
line [(15, 8), (15, 16)] [(-0.948957799693994, -0.9526121286607961), (-0.9321796849395129, -0.9579967653787153)]
time 16 8 -> 16
dprev {(a, 14, 15): -1.0137379430716331, (r, 15): 1, (r, 14): 1, (a, 8, 8): -0.9951513810017726, (a, 15, 15): -0.9737757054057276, (r, 8): 1, (a, 15, 14): -0.9853024909161935, (a, 14, 8): -0.9633434293468288, (t,): 15, (a, 8, 14): -0.9429406973811222, (a, 8, 15): -0.948957799693994, (a, 15, 8): -0.9526121286607961, (a, 14, 14): -0.9853540050148583}
line [(8, 8), (8, 16)] [(-0.9951513810017726, -0.9951513810017726), (-0.9915850328984144, -0.9908478963025091)]
time 16 8 -> 16
time 16 8 -> 16
dprev {(a, 14, 15): -1.0137379430716331, (r, 15): 1, (r, 14): 1, (a, 8, 8): -0.9951513810017726, (a, 15, 15): -0.9737757054057276, (r, 8): 1, (a, 15, 14): -0.9853024909161935, (a, 14, 8): -0.9633434293468288, (t,): 15, (a, 8, 14): -0.9429406973811222, (a, 8, 15): -0.948957799693994, (a, 15, 8): -0.9526121286607961, (a, 14, 14): -0.9853540050148583}
line [(8, 8), (16, 16)] [(-0.9951513810017726, -0.9951513810017726), (-0.9936381386038878, -0.9936381386038878)]
time 17 15 -> 17
dprev {(a, 16, 15): -0.9321796849395129, (a, 16, 8): -0.9915850328984144, (a, 8, 8): -0.9951513810017726, (a, 15, 15): -0.9737757054057276, (r, 8): 1, (a, 8, 15): -0.948957799693994, (a, 15, 16): -0.9579967653787153, (r, 16): 1, (t,): 16, (r, 15): 1, (a, 8, 16): -0.9908478963025091, (a, 15, 8): -0.9526121286607961, (a, 16, 16): -0.9936381386038878}
line [(16, 15), (16, 17)] [(-0.9579967653787153, -0.9321796849395129), (-0.9601510842094482, -0.9345164583086812)]
time 17 15 -> 17
dprev {(a, 16, 15): -0.9321796849395129, (a, 16, 8): -0.9915850328984144, (a, 8, 8): -0.9951513810017726, (a, 15, 15): -0.9737757054057276, (r, 8): 1, (a, 8, 15): -0.948957799693994, (a, 15, 16): -0.9579967653787153, (r, 16): 1, (t,): 16, (r, 15): 1, (a, 8, 16): -0.9908478963025091, (a, 15, 8): -0.9526121286607961, (a, 16, 16): -0.9936381386038878}
line [(15, 15), (17, 15)] [(-0.9737757054057276, -0.9737757054057276), (-0.9665246110479793, -0.9812839403253178)]
time 17 15 -> 17
dprev {(a, 16, 15): -0.9321796849395129, (a, 16, 8): -0.9915850328984144, (a, 8, 8): -0.9951513810017726, (a, 15, 15): -0.9737757054057276, (r, 8): 1, (a, 8, 15): -0.948957799693994, (a, 15, 16): -0.9579967653787153, (r, 16): 1, (t,): 16, (r, 15): 1, (a, 8, 16): -0.9908478963025091, (a, 15, 8): -0.9526121286607961, (a, 16, 16): -0.9936381386038878}
line [(15, 15), (15, 17)] [(-0.9737757054057276, -0.9737757054057276), (-0.9812839403253178, -0.9665246110479793)]
time 17 15 -> 17
time 17 15 -> 17
dprev {(a, 16, 15): -0.9321796849395129, (a, 16, 8): -0.9915850328984144, (a, 8, 8): -0.9951513810017726, (a, 15, 15): -0.9737757054057276, (r, 8): 1, (a, 8, 15): -0.948957799693994, (a, 15, 16): -0.9579967653787153, (r, 16): 1, (t,): 16, (r, 15): 1, (a, 8, 16): -0.9908478963025091, (a, 15, 8): -0.9526121286607961, (a, 16, 16): -0.9936381386038878}
line [(15, 15), (17, 17)] [(-0.9737757054057276, -0.9737757054057276), (-0.9825653561541656, -0.9825653561541656)]
time 17 15 -> 17
dprev {(a, 16, 15): -0.9321796849395129, (a, 16, 8): -0.9915850328984144, (a, 8, 8): -0.9951513810017726, (a, 15, 15): -0.9737757054057276, (r, 8): 1, (a, 8, 15): -0.948957799693994, (a, 15, 16): -0.9579967653787153, (r, 16): 1, (t,): 16, (r, 15): 1, (a, 8, 16): -0.9908478963025091, (a, 15, 8): -0.9526121286607961, (a, 16, 16): -0.9936381386038878}
line [(15, 16), (17, 16)] [(-0.9321796849395129, -0.9579967653787153), (-0.9345164583086812, -0.9601510842094482)]
time 18 16 -> 18
dprev {(a, 16, 15): -0.9321796849395129, (a, 16, 17): -0.9345164583086812, (r, 15): 1, (a, 17, 15): -0.9812839403253178, (a, 15, 15): -0.9737757054057276, (a, 15, 17): -0.9665246110479793, (a, 17, 17): -0.9825653561541656, (r, 17): 1, (a, 15, 16): -0.9579967653787153, (a, 17, 16): -0.9601510842094482, (t,): 17, (a, 16, 16): -0.9936381386038878, (r, 16): 1}
line [(15, 16), (15, 18)] [(-0.9321796849395129, -0.9579967653787153), (-0.918396228849575, -0.9584619651074384)]
time 18 16 -> 18
dprev {(a, 16, 15): -0.9321796849395129, (a, 16, 17): -0.9345164583086812, (r, 15): 1, (a, 17, 15): -0.9812839403253178, (a, 15, 15): -0.9737757054057276, (a, 15, 17): -0.9665246110479793, (a, 17, 17): -0.9825653561541656, (r, 17): 1, (a, 15, 16): -0.9579967653787153, (a, 17, 16): -0.9601510842094482, (t,): 17, (a, 16, 16): -0.9936381386038878, (r, 16): 1}
line [(16, 16), (16, 18)] [(-0.9936381386038878, -0.9936381386038878), (-0.9803046728696987, -0.9845122464470362)]
time 18 16 -> 18
dprev {(a, 16, 15): -0.9321796849395129, (a, 16, 17): -0.9345164583086812, (r, 15): 1, (a, 17, 15): -0.9812839403253178, (a, 15, 15): -0.9737757054057276, (a, 15, 17): -0.9665246110479793, (a, 17, 17): -0.9825653561541656, (r, 17): 1, (a, 15, 16): -0.9579967653787153, (a, 17, 16): -0.9601510842094482, (t,): 17, (a, 16, 16): -0.9936381386038878, (r, 16): 1}
line [(16, 15), (18, 15)] [(-0.9579967653787153, -0.9321796849395129), (-0.9584619651074384, -0.918396228849575)]
time 18 16 -> 18
dprev {(a, 16, 15): -0.9321796849395129, (a, 16, 17): -0.9345164583086812, (r, 15): 1, (a, 17, 15): -0.9812839403253178, (a, 15, 15): -0.9737757054057276, (a, 15, 17): -0.9665246110479793, (a, 17, 17): -0.9825653561541656, (r, 17): 1, (a, 15, 16): -0.9579967653787153, (a, 17, 16): -0.9601510842094482, (t,): 17, (a, 16, 16): -0.9936381386038878, (r, 16): 1}
line [(16, 16), (18, 16)] [(-0.9936381386038878, -0.9936381386038878), (-0.9845122464470362, -0.9803046728696987)]
time 18 16 -> 18
time 18 16 -> 18
dprev {(a, 16, 15): -0.9321796849395129, (a, 16, 17): -0.9345164583086812, (r, 15): 1, (a, 17, 15): -0.9812839403253178, (a, 15, 15): -0.9737757054057276, (a, 15, 17): -0.9665246110479793, (a, 17, 17): -0.9825653561541656, (r, 17): 1, (a, 15, 16): -0.9579967653787153, (a, 17, 16): -0.9601510842094482, (t,): 17, (a, 16, 16): -0.9936381386038878, (r, 16): 1}
line [(16, 16), (18, 18)] [(-0.9936381386038878, -0.9936381386038878), (-0.9957964037071402, -0.9957964037071402)]
time 19 18 -> 19
dprev {(a, 16, 15): -0.9321796849395129, (r, 15): 1, (a, 15, 18): -0.9584619651074384, (a, 16, 16): -0.9936381386038878, (a, 15, 15): -0.9737757054057276, (a, 16, 18): -0.9845122464470362, (a, 18, 15): -0.918396228849575, (a, 15, 16): -0.9579967653787153, (a, 18, 16): -0.9803046728696987, (t,): 18, (r, 18): 1, (a, 18, 18): -0.9957964037071402, (r, 16): 1}
line [(18, 18), (18, 19)] [(-0.9957964037071402, -0.9957964037071402), (-0.9909819838671217, -0.9819195960895194)]
time 19 18 -> 19
dprev {(a, 16, 15): -0.9321796849395129, (r, 15): 1, (a, 15, 18): -0.9584619651074384, (a, 16, 16): -0.9936381386038878, (a, 15, 15): -0.9737757054057276, (a, 16, 18): -0.9845122464470362, (a, 18, 15): -0.918396228849575, (a, 15, 16): -0.9579967653787153, (a, 18, 16): -0.9803046728696987, (t,): 18, (r, 18): 1, (a, 18, 18): -0.9957964037071402, (r, 16): 1}
line [(18, 16), (19, 16)] [(-0.9845122464470362, -0.9803046728696987), (-0.9989341276396773, -0.9652248494860465)]
time 19 18 -> 19
time 19 18 -> 19
dprev {(a, 16, 15): -0.9321796849395129, (r, 15): 1, (a, 15, 18): -0.9584619651074384, (a, 16, 16): -0.9936381386038878, (a, 15, 15): -0.9737757054057276, (a, 16, 18): -0.9845122464470362, (a, 18, 15): -0.918396228849575, (a, 15, 16): -0.9579967653787153, (a, 18, 16): -0.9803046728696987, (t,): 18, (r, 18): 1, (a, 18, 18): -0.9957964037071402, (r, 16): 1}
line [(18, 18), (19, 19)] [(-0.9957964037071402, -0.9957964037071402), (-1.0059936812961936, -1.0059936812961936)]
time 19 18 -> 19
dprev {(a, 16, 15): -0.9321796849395129, (r, 15): 1, (a, 15, 18): -0.9584619651074384, (a, 16, 16): -0.9936381386038878, (a, 15, 15): -0.9737757054057276, (a, 16, 18): -0.9845122464470362, (a, 18, 15): -0.918396228849575, (a, 15, 16): -0.9579967653787153, (a, 18, 16): -0.9803046728696987, (t,): 18, (r, 18): 1, (a, 18, 18): -0.9957964037071402, (r, 16): 1}
line [(18, 15), (19, 15)] [(-0.9584619651074384, -0.918396228849575), (-0.9554429187148968, -0.9192066076796837)]
time 19 18 -> 19
dprev {(a, 16, 15): -0.9321796849395129, (r, 15): 1, (a, 15, 18): -0.9584619651074384, (a, 16, 16): -0.9936381386038878, (a, 15, 15): -0.9737757054057276, (a, 16, 18): -0.9845122464470362, (a, 18, 15): -0.918396228849575, (a, 15, 16): -0.9579967653787153, (a, 18, 16): -0.9803046728696987, (t,): 18, (r, 18): 1, (a, 18, 18): -0.9957964037071402, (r, 16): 1}
line [(18, 18), (19, 18)] [(-0.9957964037071402, -0.9957964037071402), (-0.9819195960895194, -0.9909819838671217)]
time 19 18 -> 19
dprev {(a, 16, 15): -0.9321796849395129, (r, 15): 1, (a, 15, 18): -0.9584619651074384, (a, 16, 16): -0.9936381386038878, (a, 15, 15): -0.9737757054057276, (a, 16, 18): -0.9845122464470362, (a, 18, 15): -0.918396228849575, (a, 15, 16): -0.9579967653787153, (a, 18, 16): -0.9803046728696987, (t,): 18, (r, 18): 1, (a, 18, 18): -0.9957964037071402, (r, 16): 1}
line [(15, 18), (15, 19)] [(-0.918396228849575, -0.9584619651074384), (-0.9192066076796837, -0.9554429187148968)]
time 19 18 -> 19
dprev {(a, 16, 15): -0.9321796849395129, (r, 15): 1, (a, 15, 18): -0.9584619651074384, (a, 16, 16): -0.9936381386038878, (a, 15, 15): -0.9737757054057276, (a, 16, 18): -0.9845122464470362, (a, 18, 15): -0.918396228849575, (a, 15, 16): -0.9579967653787153, (a, 18, 16): -0.9803046728696987, (t,): 18, (r, 18): 1, (a, 18, 18): -0.9957964037071402, (r, 16): 1}
line [(16, 18), (16, 19)] [(-0.9803046728696987, -0.9845122464470362), (-0.9652248494860465, -0.9989341276396773)]
time 20 15 -> 20
dprev {(a, 16, 15): -0.9321796849395129, (a, 18, 19): -0.9819195960895194, (r, 15): 1, (a, 15, 18): -0.9584619651074384, (a, 19, 16): -0.9652248494860465, (a, 16, 16): -0.9936381386038878, (a, 15, 15): -0.9737757054057276, (a, 18, 16): -0.9803046728696987, (a, 18, 15): -0.918396228849575, (r, 16): 1, (a, 19, 19): -1.0059936812961936, (a, 15, 16): -0.9579967653787153, (a, 16, 18): -0.9845122464470362, (a, 19, 15): -0.9192066076796837, (t,): 19, (r, 19): 1, (a, 19, 18): -0.9909819838671217, (r, 18): 1, (a, 18, 18): -0.9957964037071402, (a, 15, 19): -0.9554429187148968, (a, 16, 19): -0.9989341276396773}
line [(18, 15), (18, 20)] [(-0.9584619651074384, -0.918396228849575), (-0.9469665452900919, -0.8970835285063262)]
time 20 15 -> 20
dprev {(a, 16, 15): -0.9321796849395129, (a, 18, 19): -0.9819195960895194, (r, 15): 1, (a, 15, 18): -0.9584619651074384, (a, 19, 16): -0.9652248494860465, (a, 16, 16): -0.9936381386038878, (a, 15, 15): -0.9737757054057276, (a, 18, 16): -0.9803046728696987, (a, 18, 15): -0.918396228849575, (r, 16): 1, (a, 19, 19): -1.0059936812961936, (a, 15, 16): -0.9579967653787153, (a, 16, 18): -0.9845122464470362, (a, 19, 15): -0.9192066076796837, (t,): 19, (r, 19): 1, (a, 19, 18): -0.9909819838671217, (r, 18): 1, (a, 18, 18): -0.9957964037071402, (a, 15, 19): -0.9554429187148968, (a, 16, 19): -0.9989341276396773}
line [(15, 15), (15, 20)] [(-0.9737757054057276, -0.9737757054057276), (-0.9725949031476298, -0.9758054105319083)]
time 20 15 -> 20
dprev {(a, 16, 15): -0.9321796849395129, (a, 18, 19): -0.9819195960895194, (r, 15): 1, (a, 15, 18): -0.9584619651074384, (a, 19, 16): -0.9652248494860465, (a, 16, 16): -0.9936381386038878, (a, 15, 15): -0.9737757054057276, (a, 18, 16): -0.9803046728696987, (a, 18, 15): -0.918396228849575, (r, 16): 1, (a, 19, 19): -1.0059936812961936, (a, 15, 16): -0.9579967653787153, (a, 16, 18): -0.9845122464470362, (a, 19, 15): -0.9192066076796837, (t,): 19, (r, 19): 1, (a, 19, 18): -0.9909819838671217, (r, 18): 1, (a, 18, 18): -0.9957964037071402, (a, 15, 19): -0.9554429187148968, (a, 16, 19): -0.9989341276396773}
line [(19, 15), (19, 20)] [(-0.9554429187148968, -0.9192066076796837), (-0.9598934275504788, -0.9212973782813267)]
time 20 15 -> 20
dprev {(a, 16, 15): -0.9321796849395129, (a, 18, 19): -0.9819195960895194, (r, 15): 1, (a, 15, 18): -0.9584619651074384, (a, 19, 16): -0.9652248494860465, (a, 16, 16): -0.9936381386038878, (a, 15, 15): -0.9737757054057276, (a, 18, 16): -0.9803046728696987, (a, 18, 15): -0.918396228849575, (r, 16): 1, (a, 19, 19): -1.0059936812961936, (a, 15, 16): -0.9579967653787153, (a, 16, 18): -0.9845122464470362, (a, 19, 15): -0.9192066076796837, (t,): 19, (r, 19): 1, (a, 19, 18): -0.9909819838671217, (r, 18): 1, (a, 18, 18): -0.9957964037071402, (a, 15, 19): -0.9554429187148968, (a, 16, 19): -0.9989341276396773}
line [(15, 15), (20, 15)] [(-0.9737757054057276, -0.9737757054057276), (-0.9758054105319083, -0.9725949031476298)]
time 20 15 -> 20
dprev {(a, 16, 15): -0.9321796849395129, (a, 18, 19): -0.9819195960895194, (r, 15): 1, (a, 15, 18): -0.9584619651074384, (a, 19, 16): -0.9652248494860465, (a, 16, 16): -0.9936381386038878, (a, 15, 15): -0.9737757054057276, (a, 18, 16): -0.9803046728696987, (a, 18, 15): -0.918396228849575, (r, 16): 1, (a, 19, 19): -1.0059936812961936, (a, 15, 16): -0.9579967653787153, (a, 16, 18): -0.9845122464470362, (a, 19, 15): -0.9192066076796837, (t,): 19, (r, 19): 1, (a, 19, 18): -0.9909819838671217, (r, 18): 1, (a, 18, 18): -0.9957964037071402, (a, 15, 19): -0.9554429187148968, (a, 16, 19): -0.9989341276396773}
line [(16, 15), (16, 20)] [(-0.9579967653787153, -0.9321796849395129), (-0.9484146007635639, -0.926174714943714)]
time 20 15 -> 20
dprev {(a, 16, 15): -0.9321796849395129, (a, 18, 19): -0.9819195960895194, (r, 15): 1, (a, 15, 18): -0.9584619651074384, (a, 19, 16): -0.9652248494860465, (a, 16, 16): -0.9936381386038878, (a, 15, 15): -0.9737757054057276, (a, 18, 16): -0.9803046728696987, (a, 18, 15): -0.918396228849575, (r, 16): 1, (a, 19, 19): -1.0059936812961936, (a, 15, 16): -0.9579967653787153, (a, 16, 18): -0.9845122464470362, (a, 19, 15): -0.9192066076796837, (t,): 19, (r, 19): 1, (a, 19, 18): -0.9909819838671217, (r, 18): 1, (a, 18, 18): -0.9957964037071402, (a, 15, 19): -0.9554429187148968, (a, 16, 19): -0.9989341276396773}
line [(15, 18), (20, 18)] [(-0.918396228849575, -0.9584619651074384), (-0.8970835285063262, -0.9469665452900919)]
time 20 15 -> 20
dprev {(a, 16, 15): -0.9321796849395129, (a, 18, 19): -0.9819195960895194, (r, 15): 1, (a, 15, 18): -0.9584619651074384, (a, 19, 16): -0.9652248494860465, (a, 16, 16): -0.9936381386038878, (a, 15, 15): -0.9737757054057276, (a, 18, 16): -0.9803046728696987, (a, 18, 15): -0.918396228849575, (r, 16): 1, (a, 19, 19): -1.0059936812961936, (a, 15, 16): -0.9579967653787153, (a, 16, 18): -0.9845122464470362, (a, 19, 15): -0.9192066076796837, (t,): 19, (r, 19): 1, (a, 19, 18): -0.9909819838671217, (r, 18): 1, (a, 18, 18): -0.9957964037071402, (a, 15, 19): -0.9554429187148968, (a, 16, 19): -0.9989341276396773}
line [(15, 19), (20, 19)] [(-0.9192066076796837, -0.9554429187148968), (-0.9212973782813267, -0.9598934275504788)]
time 20 15 -> 20
dprev {(a, 16, 15): -0.9321796849395129, (a, 18, 19): -0.9819195960895194, (r, 15): 1, (a, 15, 18): -0.9584619651074384, (a, 19, 16): -0.9652248494860465, (a, 16, 16): -0.9936381386038878, (a, 15, 15): -0.9737757054057276, (a, 18, 16): -0.9803046728696987, (a, 18, 15): -0.918396228849575, (r, 16): 1, (a, 19, 19): -1.0059936812961936, (a, 15, 16): -0.9579967653787153, (a, 16, 18): -0.9845122464470362, (a, 19, 15): -0.9192066076796837, (t,): 19, (r, 19): 1, (a, 19, 18): -0.9909819838671217, (r, 18): 1, (a, 18, 18): -0.9957964037071402, (a, 15, 19): -0.9554429187148968, (a, 16, 19): -0.9989341276396773}
line [(15, 16), (20, 16)] [(-0.9321796849395129, -0.9579967653787153), (-0.926174714943714, -0.9484146007635639)]
time 20 15 -> 20
time 20 15 -> 20
dprev {(a, 16, 15): -0.9321796849395129, (a, 18, 19): -0.9819195960895194, (r, 15): 1, (a, 15, 18): -0.9584619651074384, (a, 19, 16): -0.9652248494860465, (a, 16, 16): -0.9936381386038878, (a, 15, 15): -0.9737757054057276, (a, 18, 16): -0.9803046728696987, (a, 18, 15): -0.918396228849575, (r, 16): 1, (a, 19, 19): -1.0059936812961936, (a, 15, 16): -0.9579967653787153, (a, 16, 18): -0.9845122464470362, (a, 19, 15): -0.9192066076796837, (t,): 19, (r, 19): 1, (a, 19, 18): -0.9909819838671217, (r, 18): 1, (a, 18, 18): -0.9957964037071402, (a, 15, 19): -0.9554429187148968, (a, 16, 19): -0.9989341276396773}
line [(15, 15), (20, 20)] [(-0.9737757054057276, -0.9737757054057276), (-0.9815795582200253, -0.9815795582200253)]
