state_bindings: {r_0 -> 1, a_0_0 -> -1, {}}
init popdyn: X_0 -> -(X_0 - 1)*X_0
integrate 2500 from [1]
cimport sage.gsl.ode
import sage.gsl.ode
from sage.ext.interpreters.wrapper_rdf cimport Wrapper_rdf
include 'gsl.pxi'
cdef class gsl_ode_system(sage.gsl.ode.ode_system):
    cdef Wrapper_rdf _flow0
    def __init__( self, Wrapper_rdf f0 ):
        self._flow0 = f0
    cdef int c_f( self, double t, double *y, double *dydt ):
        self._flow0.call_c( y, &dydt[0] )
        return GSL_SUCCESS

[1]
final state: [1.0] , keep [0]
set_population_indices: [0, 1]
set_population_indices: [0, 1]
mutant bindings 0 -> 1 : {a_1_1 -> a_0_0 + 0.003512944709282867, a_1_0 -> a_0_0 + 0.014115992779302752, r_1 -> r_0, a_0_1 -> a_0_0 - 0.003938809741208354, {}}
mutate from 0 to 1
X_0 -> -(X_0 + 1.0039388097412083*X_1 - 1)*X_0
X_1 -> (-0.9858840072206972*X_0 - 0.9964870552907171*X_1 + 1)*X_1
integrate 2500 from [0.999, 0.001]
cimport sage.gsl.ode
import sage.gsl.ode
from sage.ext.interpreters.wrapper_rdf cimport Wrapper_rdf
include 'gsl.pxi'
cdef class gsl_ode_system(sage.gsl.ode.ode_system):
    cdef Wrapper_rdf _flow0
    cdef Wrapper_rdf _flow1
    def __init__( self, Wrapper_rdf f0, Wrapper_rdf f1 ):
        self._flow0 = f0
        self._flow1 = f1
    cdef int c_f( self, double t, double *y, double *dydt ):
        self._flow0.call_c( y, &dydt[0] )
        self._flow1.call_c( y, &dydt[1] )
        return GSL_SUCCESS

[0.999, 0.001]
final state: [2.1815358263144295e-07, 1.0035251115366293] , keep [1]
set_population_indices: [0, 1, 2]
set_population_indices: [1, 2]
mutant bindings 1 -> 2 : {a_2_1 -> a_1_1 + 0.00127129076533695, r_2 -> r_1, a_1_2 -> a_1_1 + 0.001996978170105523, a_2_2 -> a_1_1 + 0.015300590373409965, {}}
mutate from 1 to 2
X_1 -> X_1*(-0.9964870552907171*X_1 - 0.9944900771206117*X_2 + 1)
X_2 -> (-0.9952157645253802*X_1 - 0.9811864649173072*X_2 + 1)*X_2
integrate 2500 from [1.0025251115366294, 0.001]
[1.0025251115366294, 0.001]
integrate 2500 from [0.9735426313618238, 0.03009209688397715]
[0.9735426313618238, 0.03009209688397715]
final state: [5.018715034370984e-08, 1.0191742192965434] , keep [2]
set_population_indices: [1, 2, 3]
set_population_indices: [2, 3]
mutant bindings 2 -> 3 : {r_3 -> r_2, a_2_3 -> a_2_2 - 0.01721738465532884, a_3_3 -> a_2_2 + 0.0015075102757694477, a_3_2 -> a_2_2 - 0.00520687249665182, {}}
mutate from 2 to 3
X_2 -> X_2*(-0.9811864649173072*X_2 - 0.9984038495726361*X_3 + 1)
X_3 -> (-0.9863933374139591*X_2 - 0.9796789546415378*X_3 + 1)*X_3
integrate 2500 from [1.0181742192965435, 0.001]
[1.0181742192965435, 0.001]
final state: [1.0191742691203263, 1.7406536066784169e-09] , keep [2]
set_population_indices: [2, 3, 4]
set_population_indices: [2, 4]
mutant bindings 2 -> 4 : {a_4_4 -> a_2_2 - 0.005277834326197356, a_2_4 -> a_2_2 - 0.006350436579424103, a_4_2 -> a_2_2 + 0.004759201766458737, r_4 -> r_2, {}}
mutate from 2 to 4
X_2 -> X_2*(-0.9811864649173072*X_2 - 0.9875369014967313*X_4 + 1)
X_4 -> (-0.9764272631508485*X_2 - 0.9864642992435045*X_4 + 1)*X_4
integrate 2500 from [1.0181742691203264, 0.001]
[1.0181742691203264, 0.001]
integrate 2500 from [0.12743455575561974, 0.887386541002004]
[0.12743455575561974, 0.887386541002004]
integrate 2500 from [0.0066556286448321705, 1.007126187125183]
[0.0066556286448321705, 1.007126187125183]
integrate 2500 from [0.00043270074601370817, 1.0132926649142915]
[0.00043270074601370817, 1.0132926649142915]
final state: [2.852464869086054e-05, 1.0136931647724] , keep [2, 4]
set_population_indices: [2, 4, 5]
set_population_indices: [2, 4, 5]
mutant bindings 4 -> 5 : {a_5_5 -> a_4_4 - 0.012526365997529558, a_5_2 -> a_4_2 + 0.0007501412890002078, a_4_5 -> a_4_4 - 0.01235236309958075, a_5_4 -> a_4_4 + 0.011701223980642066, r_5 -> r_4, a_2_5 -> a_2_4 + 0.00633943849350436, {}}
mutate from 4 to 5
X_2 -> X_2*(-0.9811864649173072*X_2 - 0.9875369014967313*X_4 - 0.981197463003227*X_5 + 1)
X_4 -> (-0.9764272631508485*X_2 - 0.9864642992435045*X_4 - 0.9988166623430853*X_5 + 1)*X_4
X_5 -> (-0.9756771218618483*X_2 - 0.9747630752628624*X_4 - 0.9989906652410341*X_5 + 1)*X_5
integrate 2500 from [2.852464869086054e-05, 1.0126931647724, 0.001]
cimport sage.gsl.ode
import sage.gsl.ode
from sage.ext.interpreters.wrapper_rdf cimport Wrapper_rdf
include 'gsl.pxi'
cdef class gsl_ode_system(sage.gsl.ode.ode_system):
    cdef Wrapper_rdf _flow0
    cdef Wrapper_rdf _flow1
    cdef Wrapper_rdf _flow2
    def __init__( self, Wrapper_rdf f0, Wrapper_rdf f1, Wrapper_rdf f2 ):
        self._flow0 = f0
        self._flow1 = f1
        self._flow2 = f2
    cdef int c_f( self, double t, double *y, double *dydt ):
        self._flow0.call_c( y, &dydt[0] )
        self._flow1.call_c( y, &dydt[1] )
        self._flow2.call_c( y, &dydt[2] )
        return GSL_SUCCESS

[2.852464869086054e-05, 1.0126931647724, 0.001]
integrate 2500 from [0.753286590654988, 0.01437517503182208, 0.2513695991085279]
[0.753286590654988, 0.01437517503182208, 0.2513695991085279]
integrate 2500 from [0.7740381712358072, 0.002973376143984425, 0.24213758163918647]
[0.7740381712358072, 0.002973376143984425, 0.24213758163918647]
integrate 2500 from [0.7771872736397633, 0.0007329346210928177, 0.24124587432649708]
[0.7771872736397633, 0.0007329346210928177, 0.24124587432649708]
integrate 2500 from [0.7779509906795369, 0.00018698049480291633, 0.24103220159322483]
[0.7779509906795369, 0.00018698049480291633, 0.24103220159322483]
final state: [0.7781450338132565, 4.8109017836783614e-05, 0.2409780678400464] , keep [2, 4, 5]
set_population_indices: [2, 4, 5, 6]
set_population_indices: [2, 4, 5, 6]
mutant bindings 5 -> 6 : {a_6_2 -> a_5_2 - 0.008782376928752736, a_6_6 -> a_5_5 - 0.008126998520807898, a_2_6 -> a_2_5 + 0.003538072499674067, r_6 -> r_5, a_4_6 -> a_4_5 + 0.006340552636468297, a_6_5 -> a_5_5 - 0.0026847848373678256, a_5_6 -> a_5_5 - 0.0026742498292623334, a_6_4 -> a_5_4 - 0.012654782156059753, {}}
mutate from 5 to 6
X_2 -> X_2*(-0.9811864649173072*X_2 - 0.9875369014967313*X_4 - 0.981197463003227*X_5 - 0.9776593905035529*X_6 + 1)
X_4 -> (-0.9764272631508485*X_2 - 0.9864642992435045*X_4 - 0.9988166623430853*X_5 - 0.992476109706617*X_6 + 1)*X_4
X_5 -> (-0.9756771218618483*X_2 - 0.9747630752628624*X_4 - 0.9989906652410341*X_5 - 1.0016649150702963*X_6 + 1)*X_5
X_6 -> (-0.984459498790601*X_2 - 0.9874178574189222*X_4 - 1.001675450078402*X_5 - 1.007117663761842*X_6 + 1)*X_6
integrate 2500 from [0.7781450338132565, 4.8109017836783614e-05, 0.2399780678400464, 0.001]
cimport sage.gsl.ode
import sage.gsl.ode
from sage.ext.interpreters.wrapper_rdf cimport Wrapper_rdf
include 'gsl.pxi'
cdef class gsl_ode_system(sage.gsl.ode.ode_system):
    cdef Wrapper_rdf _flow0
    cdef Wrapper_rdf _flow1
    cdef Wrapper_rdf _flow2
    cdef Wrapper_rdf _flow3
    def __init__( self, Wrapper_rdf f0, Wrapper_rdf f1, Wrapper_rdf f2, Wrapper_rdf f3 ):
        self._flow0 = f0
        self._flow1 = f1
        self._flow2 = f2
        self._flow3 = f3
    cdef int c_f( self, double t, double *y, double *dydt ):
        self._flow0.call_c( y, &dydt[0] )
        self._flow1.call_c( y, &dydt[1] )
        self._flow2.call_c( y, &dydt[2] )
        self._flow3.call_c( y, &dydt[3] )
        return GSL_SUCCESS

[0.7781450338132565, 4.8109017836783614e-05, 0.2399780678400464, 0.001]
final state: [0.778194866215649, 1.2469352049537063e-05, 0.2409641415682135, 7.552657573492401e-12] , keep [2, 4, 5]
set_population_indices: [2, 4, 5, 6, 7]
set_population_indices: [2, 4, 5, 7]
mutant bindings 2 -> 7 : {a_5_7 -> a_5_2 + 0.0046294228453361685, a_4_7 -> a_4_2 - 0.0158741491952232, a_2_7 -> a_2_2 - 0.004464293730855273, a_7_4 -> a_2_4 + 0.02210201846494012, a_7_7 -> a_2_2 - 0.012808337001152892, a_7_2 -> a_2_2 + 0.011085166589467477, r_7 -> r_2, a_7_5 -> a_2_5 + 0.0026687529693835556, {}}
mutate from 2 to 7
X_2 -> X_2*(-0.9811864649173072*X_2 - 0.9875369014967313*X_4 - 0.981197463003227*X_5 - 0.9856507586481624*X_7 + 1)
X_4 -> (-0.9764272631508485*X_2 - 0.9864642992435045*X_4 - 0.9988166623430853*X_5 - 0.9923014123460717*X_7 + 1)*X_4
X_5 -> (-0.9756771218618483*X_2 - 0.9747630752628624*X_4 - 0.9989906652410341*X_5 - 0.9710476990165121*X_7 + 1)*X_5
X_7 -> (-0.9701012983278398*X_2 - 0.9654348830317913*X_4 - 0.9785287100338435*X_5 - 0.9939948019184601*X_7 + 1)*X_7
integrate 2500 from [0.777194866215649, 1.2469352049537063e-05, 0.2409641415682135, 0.001]
[0.777194866215649, 1.2469352049537063e-05, 0.2409641415682135, 0.001]
integrate 2500 from [0.2145318758891494, 2.1685622762517794e-12, 0.3966175908519395, 0.4062139762247205]
[0.2145318758891494, 2.1685622762517794e-12, 0.3966175908519395, 0.4062139762247205]
final state: [0.21047538019690834, 7.034648194925348e-22, 0.3994799721088705, 0.4073611938777556] , keep [2, 5, 7]
set_population_indices: [2, 4, 5, 7, 8]
set_population_indices: [2, 5, 7, 8]
mutant bindings 5 -> 8 : {a_8_8 -> a_5_5 + 0.003839284239261466, a_8_2 -> a_5_2 + 0.0007230677563882557, a_8_7 -> a_5_7 + 0.00030489468230784233, r_8 -> r_5, a_8_5 -> a_5_5 + 0.016885255652849436, a_7_8 -> a_7_5 + 0.0011671322765361269, a_5_8 -> a_5_5 + 0.01231058022946804, a_2_8 -> a_2_5 + 0.005890270729462549, {}}
mutate from 5 to 8
X_2 -> X_2*(-0.9811864649173072*X_2 - 0.981197463003227*X_5 - 0.9856507586481624*X_7 - 0.9753071922737644*X_8 + 1)
X_5 -> (-0.9756771218618483*X_2 - 0.9989906652410341*X_5 - 0.9710476990165121*X_7 - 0.986680085011566*X_8 + 1)*X_5
X_7 -> (-0.9701012983278398*X_2 - 0.9785287100338435*X_5 - 0.9939948019184601*X_7 - 0.9773615777573074*X_8 + 1)*X_7
X_8 -> (-0.97495405410546*X_2 - 0.9821054095881846*X_5 - 0.9707428043342042*X_7 - 0.9951513810017726*X_8 + 1)*X_8
integrate 2500 from [0.21047538019690834, 0.3984799721088705, 0.4073611938777556, 0.001]
[0.21047538019690834, 0.3984799721088705, 0.4073611938777556, 0.001]
integrate 2500 from [0.25482571818546185, 0.1422414882413896, 0.31224481837417534, 0.3102600583437541]
[0.25482571818546185, 0.1422414882413896, 0.31224481837417534, 0.3102600583437541]
final state: [0.2590644710286488, 0.13862221578218226, 0.31228684517992933, 0.3096335117252526] , keep [2, 5, 7, 8]
set_population_indices: [2, 5, 7, 8, 9]
set_population_indices: [2, 5, 7, 8, 9]
mutant bindings 7 -> 9 : {a_9_9 -> a_7_7 - 0.009820278432898167, a_9_2 -> a_7_2 + 0.007351190097036268, a_9_8 -> a_7_8 - 0.008988592034361406, r_9 -> r_7, a_9_7 -> a_7_7 - 0.019352341649538276, a_8_9 -> a_8_7 - 0.00575616933387065, a_7_9 -> a_7_7 - 0.014813836871753416, a_5_9 -> a_5_7 + 0.007957334626631687, a_2_9 -> a_2_7 + 0.020035079733429505, a_9_5 -> a_7_5 + 0.0044605312477067815, {}}
mutate from 7 to 9
X_2 -> X_2*(-0.9811864649173072*X_2 - 0.981197463003227*X_5 - 0.9856507586481624*X_7 - 0.9753071922737644*X_8 - 0.9656156789147329*X_9 + 1)
X_5 -> (-0.9756771218618483*X_2 - 0.9989906652410341*X_5 - 0.9710476990165121*X_7 - 0.986680085011566*X_8 - 0.9630903643898804*X_9 + 1)*X_5
X_7 -> (-0.9701012983278398*X_2 - 0.9785287100338435*X_5 - 0.9939948019184601*X_7 - 0.9773615777573074*X_8 - 1.0088086387902135*X_9 + 1)*X_7
X_8 -> (-0.97495405410546*X_2 - 0.9821054095881846*X_5 - 0.9707428043342042*X_7 - 0.9951513810017726*X_8 - 0.9764989736680749*X_9 + 1)*X_8
X_9 -> (-0.9627501082308035*X_2 - 0.9740681787861367*X_5 - 1.0133471435679984*X_7 - 0.9863501697916688*X_8 - 1.0038150803513584*X_9 + 1)*X_9
integrate 2500 from [0.2590644710286488, 0.13862221578218226, 0.31128684517992933, 0.3096335117252526, 0.001]
cimport sage.gsl.ode
import sage.gsl.ode
from sage.ext.interpreters.wrapper_rdf cimport Wrapper_rdf
include 'gsl.pxi'
cdef class gsl_ode_system(sage.gsl.ode.ode_system):
    cdef Wrapper_rdf _flow0
    cdef Wrapper_rdf _flow1
    cdef Wrapper_rdf _flow2
    cdef Wrapper_rdf _flow3
    cdef Wrapper_rdf _flow4
    def __init__( self, Wrapper_rdf f0, Wrapper_rdf f1, Wrapper_rdf f2, Wrapper_rdf f3, Wrapper_rdf f4 ):
        self._flow0 = f0
        self._flow1 = f1
        self._flow2 = f2
        self._flow3 = f3
        self._flow4 = f4
    cdef int c_f( self, double t, double *y, double *dydt ):
        self._flow0.call_c( y, &dydt[0] )
        self._flow1.call_c( y, &dydt[1] )
        self._flow2.call_c( y, &dydt[2] )
        self._flow3.call_c( y, &dydt[3] )
        self._flow4.call_c( y, &dydt[4] )
        return GSL_SUCCESS

[0.2590644710286488, 0.13862221578218226, 0.31128684517992933, 0.3096335117252526, 0.001]
final state: [0.2590810886361729, 0.13860778363171297, 0.3122872579138834, 0.30963104933732205, 1.4579424793382893e-10] , keep [2, 5, 7, 8]
set_population_indices: [2, 5, 7, 8, 9, 10]
set_population_indices: [2, 5, 7, 8, 10]
mutant bindings 7 -> 10 : {a_10_2 -> a_7_2 + 0.0063544790771965145, a_10_8 -> a_7_8 + 0.01774585658535126, a_5_10 -> a_5_7 - 0.013396196690738943, r_10 -> r_7, a_2_10 -> a_2_7 - 0.014601589935017407, a_10_10 -> a_7_7 + 0.004334644019780401, a_7_10 -> a_7_7 - 0.006094086422326581, a_10_5 -> a_7_5 - 0.0013040013659211592, a_8_10 -> a_8_7 + 0.011933701136970223, a_10_7 -> a_7_7 + 0.012629808560959632, {}}
mutate from 7 to 10
X_2 -> (-1.0002523485831798*X_10 - 0.9811864649173072*X_2 - 0.981197463003227*X_5 - 0.9856507586481624*X_7 - 0.9753071922737644*X_8 + 1)*X_2
X_5 -> (-0.9844438957072511*X_10 - 0.9756771218618483*X_2 - 0.9989906652410341*X_5 - 0.9710476990165121*X_7 - 0.986680085011566*X_8 + 1)*X_5
X_7 -> (-1.0000888883407868*X_10 - 0.9701012983278398*X_2 - 0.9785287100338435*X_5 - 0.9939948019184601*X_7 - 0.9773615777573074*X_8 + 1)*X_7
X_8 -> (-0.958809103197234*X_10 - 0.97495405410546*X_2 - 0.9821054095881846*X_5 - 0.9707428043342042*X_7 - 0.9951513810017726*X_8 + 1)*X_8
X_10 -> X_10*(-0.9896601578986797*X_10 - 0.9637468192506432*X_2 - 0.9798327113997646*X_5 - 0.9813649933575005*X_7 - 0.9596157211719561*X_8 + 1)
integrate 2500 from [0.2590810886361729, 0.13860778363171297, 0.3112872579138834, 0.30963104933732205, 0.001]
[0.2590810886361729, 0.13860778363171297, 0.3112872579138834, 0.30963104933732205, 0.001]
final state: [2.235546548487991e-12, 6.353496679507307e-10, 5.069384276485821e-13, 0.47629215669842245, 0.5486151519765946] , keep [8, 10]
set_population_indices: [2, 5, 7, 8, 10, 11]
set_population_indices: [8, 10, 11]
mutant bindings 8 -> 11 : {a_8_11 -> a_8_8 + 0.011008708848083448, r_11 -> r_8, a_11_10 -> a_8_10 + 0.003918230194163444, a_10_11 -> a_10_8 + 0.012251621708502981, a_11_11 -> a_8_8 + 0.00045743034665977775, a_11_8 -> a_8_8 - 0.009333248625553025, {}}
mutate from 8 to 11
X_8 -> (-0.958809103197234*X_10 - 0.9841426721536891*X_11 - 0.9951513810017726*X_8 + 1)*X_8
X_10 -> X_10*(-0.9896601578986797*X_10 - 0.9473640994634531*X_11 - 0.9596157211719561*X_8 + 1)
X_11 -> (-0.9548908730030705*X_10 - 0.9946939506551128*X_11 - 1.0044846296273255*X_8 + 1)*X_11
integrate 2500 from [0.47529215669842245, 0.5486151519765946, 0.001]
[0.47529215669842245, 0.5486151519765946, 0.001]
final state: [0.4762886076552946, 0.5486155097308698, 3.2234584311042183e-06] , keep [8, 10]
set_population_indices: [8, 10, 11, 12]
set_population_indices: [8, 10, 12]
mutant bindings 8 -> 12 : {a_10_12 -> a_10_8 + 0.00021329984334350654, a_12_8 -> a_8_8 - 0.02145624363032734, a_12_12 -> a_8_8 - 0.02087351183274983, a_12_10 -> a_8_10 - 0.005096667279256069, a_8_12 -> a_8_8 - 0.011006915312780665, r_12 -> r_8, {}}
mutate from 8 to 12
X_8 -> (-0.958809103197234*X_10 - 1.0061582963145532*X_12 - 0.9951513810017726*X_8 + 1)*X_8
X_10 -> X_10*(-0.9896601578986797*X_10 - 0.9594024213286126*X_12 - 0.9596157211719561*X_8 + 1)
X_12 -> (-0.9639057704764901*X_10 - 1.0160248928345224*X_12 - 1.0166076246320999*X_8 + 1)*X_12
integrate 2500 from [0.4752886076552946, 0.5486155097308698, 0.001]
[0.4752886076552946, 0.5486155097308698, 0.001]
final state: [0.4762921570541351, 0.5486151522688018, 7.416102088968704e-18] , keep [8, 10]
set_population_indices: [8, 10, 12, 13]
set_population_indices: [8, 10, 13]
mutant bindings 10 -> 13 : {a_13_8 -> a_10_8 - 0.008642581899029542, a_13_13 -> a_10_10 - 0.00021520562345383201, a_13_10 -> a_10_10 - 0.00023730461205134835, a_8_13 -> a_8_10 - 0.006578597355667813, r_13 -> r_10, a_10_13 -> a_10_10 + 0.0024837265329790315, {}}
mutate from 10 to 13
X_8 -> (-0.958809103197234*X_10 - 0.9653877005529018*X_13 - 0.9951513810017726*X_8 + 1)*X_8
X_10 -> X_10*(-0.9896601578986797*X_10 - 0.9871764313657007*X_13 - 0.9596157211719561*X_8 + 1)
X_13 -> (-0.9898974625107311*X_10 - 0.9898753635221335*X_13 - 0.9682583030709857*X_8 + 1)*X_13
integrate 2500 from [0.4762921570541351, 0.5476151522688018, 0.001]
[0.4762921570541351, 0.5476151522688018, 0.001]
final state: [0.4762921563332209, 0.548615128301012, 2.4540944879993917e-08] , keep [8, 10]
set_population_indices: [8, 10, 13, 14]
set_population_indices: [8, 10, 14]
mutant bindings 10 -> 14 : {a_14_14 -> a_10_10 + 0.004306152883821463, a_14_10 -> a_10_10 + 0.012379363664021308, a_8_14 -> a_8_10 + 0.01586840581611182, r_14 -> r_10, a_10_14 -> a_10_10 - 0.00937248665882418, a_14_8 -> a_10_8 - 0.0037277081748727167, {}}
mutate from 10 to 14
X_8 -> (-0.958809103197234*X_10 - 0.9429406973811222*X_14 - 0.9951513810017726*X_8 + 1)*X_8
X_10 -> X_10*(-0.9896601578986797*X_10 - 0.9990326445575038*X_14 - 0.9596157211719561*X_8 + 1)
X_14 -> (-0.9772807942346584*X_10 - 0.9853540050148583*X_14 - 0.9633434293468288*X_8 + 1)*X_14
integrate 2500 from [0.4762921563332209, 0.547615128301012, 0.001]
[0.4762921563332209, 0.547615128301012, 0.001]
integrate 2500 from [0.5865683853151016, 0.0033359124741333722, 0.438067322910059]
[0.5865683853151016, 0.0033359124741333722, 0.438067322910059]
final state: [0.5874363923361734, 2.2868229539268944e-07, 0.4405490657235788] , keep [8, 14]
set_population_indices: [8, 10, 14, 15]
set_population_indices: [8, 14, 15]
mutant bindings 14 -> 15 : {a_8_15 -> a_8_14 - 0.006017102312871746, r_15 -> r_14, a_15_14 -> a_14_14 + 5.1514098664740035e-05, a_15_8 -> a_14_8 + 0.010731300686032706, a_14_15 -> a_14_14 - 0.028383938056774773, a_15_15 -> a_14_14 + 0.011578299609130689, {}}
mutate from 14 to 15
X_8 -> (-0.9429406973811222*X_14 - 0.948957799693994*X_15 - 0.9951513810017726*X_8 + 1)*X_8
X_14 -> X_14*(-0.9853540050148583*X_14 - 1.0137379430716331*X_15 - 0.9633434293468288*X_8 + 1)
X_15 -> (-0.9853024909161935*X_14 - 0.9737757054057276*X_15 - 0.9526121286607961*X_8 + 1)*X_15
integrate 2500 from [0.5874363923361734, 0.4395490657235788, 0.001]
[0.5874363923361734, 0.4395490657235788, 0.001]
final state: [0.38142940363378186, 7.750171111248478e-23, 0.6537909298171729] , keep [8, 15]
set_population_indices: [8, 14, 15, 16]
set_population_indices: [8, 15, 16]
mutant bindings 8 -> 16 : {a_16_15 -> a_8_15 + 0.01677811475448111, a_16_8 -> a_8_8 + 0.003566348103358154, a_15_16 -> a_15_8 - 0.005384636717919142, a_16_16 -> a_8_8 + 0.001513242397884714, a_8_16 -> a_8_8 + 0.004303484699263458, r_16 -> r_8, {}}
mutate from 8 to 16
X_8 -> (-0.948957799693994*X_15 - 0.9908478963025091*X_16 - 0.9951513810017726*X_8 + 1)*X_8
X_15 -> X_15*(-0.9737757054057276*X_15 - 0.9579967653787153*X_16 - 0.9526121286607961*X_8 + 1)
X_16 -> (-0.9321796849395129*X_15 - 0.9936381386038878*X_16 - 0.9915850328984144*X_8 + 1)*X_16
integrate 2500 from [0.38042940363378186, 0.6537909298171729, 0.001]
[0.38042940363378186, 0.6537909298171729, 0.001]
final state: [7.877011902625393e-07, 0.4780514274102308, 0.5579187801752301] , keep [15, 16]
set_population_indices: [8, 15, 16, 17]
set_population_indices: [15, 16, 17]
mutant bindings 15 -> 17 : {a_16_17 -> a_16_15 - 0.002336773369168338, a_17_17 -> a_15_15 - 0.008789650748438125, a_17_15 -> a_15_15 - 0.007508234919590254, r_17 -> r_15, a_15_17 -> a_15_15 + 0.007251094357748261, a_17_16 -> a_15_16 - 0.002154318830732881, {}}
mutate from 15 to 17
X_15 -> X_15*(-0.9737757054057276*X_15 - 0.9579967653787153*X_16 - 0.9665246110479793*X_17 + 1)
X_16 -> (-0.9321796849395129*X_15 - 0.9936381386038878*X_16 - 0.9345164583086812*X_17 + 1)*X_16
X_17 -> (-0.9812839403253178*X_15 - 0.9601510842094482*X_16 - 0.9825653561541656*X_17 + 1)*X_17
integrate 2500 from [0.4770514274102308, 0.5579187801752301, 0.001]
[0.4770514274102308, 0.5579187801752301, 0.001]
final state: [0.4780511938665332, 0.5579197912281697, 6.281993427125434e-09] , keep [15, 16]
set_population_indices: [15, 16, 17, 18]
set_population_indices: [15, 16, 18]
mutant bindings 16 -> 18 : {a_18_18 -> a_16_16 - 0.0021582651032523207, a_18_16 -> a_16_16 + 0.01333346573418914, a_15_18 -> a_15_16 - 0.000465199728723164, r_18 -> r_16, a_16_18 -> a_16_16 + 0.009125892156851688, a_18_15 -> a_16_15 + 0.013783456089937874, {}}
mutate from 16 to 18
X_15 -> X_15*(-0.9737757054057276*X_15 - 0.9579967653787153*X_16 - 0.9584619651074384*X_18 + 1)
X_16 -> (-0.9321796849395129*X_15 - 0.9936381386038878*X_16 - 0.9845122464470362*X_18 + 1)*X_16
X_18 -> (-0.918396228849575*X_15 - 0.9803046728696987*X_16 - 0.9957964037071402*X_18 + 1)*X_18
integrate 2500 from [0.4780511938665332, 0.5569197912281697, 0.001]
[0.4780511938665332, 0.5569197912281697, 0.001]
integrate 2500 from [0.40685617951569836, 0.0664922215141879, 0.5635185692139816]
[0.40685617951569836, 0.0664922215141879, 0.5635185692139816]
integrate 2500 from [0.4077476131264753, 0.06035125477233818, 0.568753747901883]
[0.4077476131264753, 0.06035125477233818, 0.568753747901883]
final state: [0.4077937615347085, 0.060037164017105654, 0.5690209370809293] , keep [15, 16, 18]
set_population_indices: [15, 16, 18, 19]
set_population_indices: [15, 16, 18, 19]
mutant bindings 18 -> 19 : {a_19_15 -> a_18_15 - 0.000810378830108756, a_19_19 -> a_18_18 - 0.010197277589053335, a_15_19 -> a_15_18 + 0.003019046392541621, r_19 -> r_18, a_16_19 -> a_16_18 - 0.01442188119264115, a_19_18 -> a_18_18 + 0.004814419840018524, a_18_19 -> a_18_18 + 0.013876807617620735, a_19_16 -> a_18_16 + 0.01507982338365222, {}}
mutate from 18 to 19
X_15 -> X_15*(-0.9737757054057276*X_15 - 0.9579967653787153*X_16 - 0.9584619651074384*X_18 - 0.9554429187148968*X_19 + 1)
X_16 -> (-0.9321796849395129*X_15 - 0.9936381386038878*X_16 - 0.9845122464470362*X_18 - 0.9989341276396773*X_19 + 1)*X_16
X_18 -> (-0.918396228849575*X_15 - 0.9803046728696987*X_16 - 0.9957964037071402*X_18 - 0.9819195960895194*X_19 + 1)*X_18
X_19 -> (-0.9192066076796837*X_15 - 0.9652248494860465*X_16 - 0.9909819838671217*X_18 - 1.0059936812961936*X_19 + 1)*X_19
integrate 2500 from [0.4077937615347085, 0.060037164017105654, 0.5680209370809293, 0.001]
[0.4077937615347085, 0.060037164017105654, 0.5680209370809293, 0.001]
integrate 2500 from [0.4049578771966979, 0.009650729810634365, 0.5269089214032716, 0.09565217172941956]
[0.4049578771966979, 0.009650729810634365, 0.5269089214032716, 0.09565217172941956]
integrate 2500 from [0.40656660387122784, 0.0004397739007894407, 0.5360735901256686, 0.09405855373219946]
[0.40656660387122784, 0.0004397739007894407, 0.5360735901256686, 0.09405855373219946]
final state: [0.40666355073461424, 2.4969821802711938e-05, 0.5367620262218242, 0.09368533518296845] , keep [15, 16, 18, 19]
set_population_indices: [15, 16, 18, 19, 20]
set_population_indices: [15, 16, 18, 19, 20]
mutant bindings 15 -> 20 : {a_18_20 -> a_18_15 + 0.021312700343248725, a_16_20 -> a_16_15 + 0.006004969995798925, a_15_20 -> a_15_15 - 0.0020297051261807166, a_20_16 -> a_15_16 + 0.009582164615151344, a_20_20 -> a_15_15 - 0.007803852814297751, a_20_15 -> a_15_15 + 0.0011808022580978045, a_20_19 -> a_15_19 - 0.004450508835581911, r_20 -> r_15, a_20_18 -> a_15_18 + 0.011495419817346517, a_19_20 -> a_19_15 - 0.0020907706016431117, {}}
mutate from 15 to 20
X_15 -> X_15*(-0.9737757054057276*X_15 - 0.9579967653787153*X_16 - 0.9584619651074384*X_18 - 0.9554429187148968*X_19 - 0.9758054105319083*X_20 + 1)
X_16 -> (-0.9321796849395129*X_15 - 0.9936381386038878*X_16 - 0.9845122464470362*X_18 - 0.9989341276396773*X_19 - 0.926174714943714*X_20 + 1)*X_16
X_18 -> (-0.918396228849575*X_15 - 0.9803046728696987*X_16 - 0.9957964037071402*X_18 - 0.9819195960895194*X_19 - 0.8970835285063262*X_20 + 1)*X_18
X_19 -> (-0.9192066076796837*X_15 - 0.9652248494860465*X_16 - 0.9909819838671217*X_18 - 1.0059936812961936*X_19 - 0.9212973782813267*X_20 + 1)*X_19
X_20 -> (-0.9725949031476298*X_15 - 0.9484146007635639*X_16 - 0.9469665452900919*X_18 - 0.9598934275504788*X_19 - 0.9815795582200253*X_20 + 1)*X_20
