Sat Feb  6 16:11:25 2016
/usr/bin/make -C /usr/local/src/adaptive-dynamics-research/wmd_files/Selection_Gradients \
    direct-a-vs-a.pdf
Including .mk files: sage-inline.mk 
Including .mk files from .sage-inline files: avec.sage.mk a-careful.sage.mk
Including .mk files from .step files: aij.py.mk aij-assemble.sage.mk aij-assemble-plot.sage.mk aij-evol.sage.mk aij-evol-plot.sage.mk direct.py.mk direct-assemble.sage.mk direct-assemble-plot.sage.mk direct-evol.sage.mk direct-evol-plot.sage.mk foodweb.py.mk foodweb.sage.mk foodweb-adap.sage.mk foodweb.plot.sage.mk foodweb-2-2.sage.mk foodweb-2-2.plot.sage.mk large.py.mk large-assemble.sage.mk large-assemble-plot.sage.mk large-evol.sage.mk large-evol-plot.sage.mk logistic-S-A-curves.sage.mk maclev-S-A-curve.sage.mk logistic-S-A-curve.sage.mk maclev-1-1.sage.mk maclev-1-1-adap.sage.mk maclev-1-1-mc-adap-geom.sage.mk maclev-1-1-ak-adap-geom.sage.mk S-A-vector-field.sage.mk maclev-1-1-d1A-vector-field.sage.mk maclev-1-1-S-and-d1A-on-curve.sage.mk maclev-1-1-S-and-D-on-curve.sage.mk maclev_1_2_defs.py.mk maclev-1-2-popdyn.sage.mk maclev-1-2-adap.sage.mk maclev-1-2-p.sage.mk maclev-1-2-zngi.sage.mk maclev-1-2-geom.sage.mk maclev_unconstrained_c.py.mk maclev-2-2-c-popdyn.sage.mk maclev-2-2-c-adap.sage.mk maclev-2-2-c-p.sage.mk maclev-2-2-c-zngi.sage.mk maclev-2-2-c-geom.sage.mk maclev_2_2_defs.py.mk maclev-2-2-popdyn.sage.mk maclev-2-2-adap.sage.mk maclev-2-2-p.sage.mk maclev-2-2-zngi.sage.mk maclev-2-2-geom.sage.mk maclev_a_only_defs.py.mk maclev-a-only-popdyn.sage.mk maclev-a-only-adap.sage.mk maclev-a-only-p.sage.mk maclev-a-only-zngi.sage.mk maclev-a-only-geom.sage.mk maclev_a_c.py.mk maclev-2-2-a-c-popdyn.sage.mk maclev-2-2-a-c-adap.sage.mk maclev-2-2-a-c-p.sage.mk maclev-2-2-a-c-zngi.sage.mk maclev-2-2-a-c-geom.sage.mk maclevmodels.py.mk masel_model.py.mk masel.sage.mk masel-adap.sage.mk masel-2-adap.sage.mk statmech.py.mk statmech-assemble.sage.mk statmech-assemble-plot.sage.mk statmech-evol.sage.mk statmech-evol-plot.sage.mk sea.sage.mk toc.sage.mk maclev-2-2-zngi-invasion.sage.mk lotkavolterra.py.mk r_selection.py.mk r-selection.sage.mk
Including .tex.d files: foodweb-2-2.tikz.tex.d foodweb.tikz.tex.d
make[1]: Entering directory `/usr/local/src/adaptive-dynamics-research/wmd_files/Selection_Gradients'
rm -f direct-evol-plot.sage.out direct-evol-plot.sage.status direct-evol-plot.sage.out.tex  direct-a-vs-t.svg direct-a-vs-a.svg
(sage direct-evol-plot.sage && touch direct-evol-plot.sage.status) | tee direct-evol-plot.sage.dmp
{t -> 0.000000000000000, u_1_1 -> -1.00000000000000, u_1_0 -> -0.700000000000000, u_0_1 -> -0.750000000000000, u_0_0 -> -1.00000000000000} : (0.000000000000000, -1.00000000000000)
{t -> 0.0100000000000000, u_1_1 -> -0.995987187614174, u_1_0 -> -0.696663612089929, u_0_1 -> -0.746663612089929, u_0_0 -> -0.997226009416839} : (0.0100000000000000, -0.997226009416839)
{t -> 0.0200000000000000, u_1_1 -> -0.991925595874618, u_1_0 -> -0.693302368807901, u_0_1 -> -0.743302368807901, u_0_0 -> -0.994444346886394} : (0.0200000000000000, -0.994444346886394)
{t -> 0.0300000000000000, u_1_1 -> -0.987813679054845, u_1_0 -> -0.689915844542774, u_0_1 -> -0.739915844542774, u_0_0 -> -0.991655241442193} : (0.0300000000000000, -0.991655241442193)
{t -> 0.0400000000000000, u_1_1 -> -0.983649814390119, u_1_0 -> -0.686503604083286, u_0_1 -> -0.736503604083286, u_0_0 -> -0.988858942595377} : (0.0400000000000000, -0.988858942595377)
{t -> 0.0500000000000000, u_1_1 -> -0.979432296856622, u_1_0 -> -0.683065202489412, u_0_1 -> -0.733065202489412, u_0_0 -> -0.986055721825440} : (0.0500000000000000, -0.986055721825440)
{t -> 0.0600000000000000, u_1_1 -> -0.975159333498458, u_1_0 -> -0.679600184983619, u_0_1 -> -0.729600184983619, u_0_0 -> -0.983245874190055} : (0.0600000000000000, -0.983245874190055)
{t -> 0.0700000000000000, u_1_1 -> -0.970829037254215, u_1_0 -> -0.676108086866458, u_0_1 -> -0.726108086866458, u_0_0 -> -0.980429720065067} : (0.0700000000000000, -0.980429720065067)
{t -> 0.0800000000000000, u_1_1 -> -0.966439420228593, u_1_0 -> -0.672588433461749, u_0_1 -> -0.722588433461749, u_0_0 -> -0.977607607026934} : (0.0800000000000000, -0.977607607026934)
{t -> 0.0900000000000000, u_1_1 -> -0.961988386347507, u_1_0 -> -0.669040740097514, u_0_1 -> -0.719040740097514, u_0_0 -> -0.974779911891281} : (0.0900000000000000, -0.974779911891281)
{t -> 0.100000000000000, u_1_1 -> -0.957473723326812, u_1_0 -> -0.665464512129928, u_0_1 -> -0.715464512129928, u_0_0 -> -0.971947042922776} : (0.100000000000000, -0.971947042922776)
{t -> 0.110000000000000, u_1_1 -> -0.952893093875284, u_1_0 -> -0.661859245018884, u_0_1 -> -0.711859245018884, u_0_0 -> -0.969109442233343} : (0.110000000000000, -0.969109442233343)
{t -> 0.120000000000000, u_1_1 -> -0.948244026041439, u_1_0 -> -0.658224424465288, u_0_1 -> -0.708224424465288, u_0_0 -> -0.966267588387689} : (0.120000000000000, -0.966267588387689)
{t -> 0.130000000000000, u_1_1 -> -0.943523902600877, u_1_0 -> -0.654559526622098, u_0_1 -> -0.704559526622098, u_0_0 -> -0.963421999237489} : (0.130000000000000, -0.963421999237489)
{t -> 0.140000000000000, u_1_1 -> -0.938729949365797, u_1_0 -> -0.650864018393310, u_0_1 -> -0.700864018393310, u_0_0 -> -0.960573235008138} : (0.140000000000000, -0.960573235008138)
{t -> 0.150000000000000, u_1_1 -> -0.933859222280711, u_1_0 -> -0.647137357837796, u_0_1 -> -0.697137357837796, u_0_0 -> -0.957721901665066} : (0.150000000000000, -0.957721901665066)
{t -> 0.160000000000000, u_1_1 -> -0.928908593147629, u_1_0 -> -0.643378994698093, u_0_1 -> -0.693378994698093, u_0_0 -> -0.954868654590033} : (0.160000000000000, -0.954868654590033)
{t -> 0.170000000000000, u_1_1 -> -0.923874733799512, u_1_0 -> -0.639588371078127, u_0_1 -> -0.689588371078127, u_0_0 -> -0.952014202601883} : (0.170000000000000, -0.952014202601883)
{t -> 0.180000000000000, u_1_1 -> -0.918754098511792, u_1_0 -> -0.635764922298562, u_0_1 -> -0.685764922298562, u_0_0 -> -0.949159312360857} : (0.180000000000000, -0.949159312360857)
{t -> 0.190000000000000, u_1_1 -> -0.913542904407227, u_1_0 -> -0.631908077964203, u_0_1 -> -0.681908077964203, u_0_0 -> -0.946304813200985} : (0.190000000000000, -0.946304813200985)
{t -> 0.200000000000000, u_1_1 -> -0.908237109568181, u_1_0 -> -0.628017263284856, u_0_1 -> -0.678017263284856, u_0_0 -> -0.943451602441355} : (0.200000000000000, -0.943451602441355)
{t -> 0.210000000000000, u_1_1 -> -0.902832388520914, u_1_0 -> -0.624091900699625, u_0_1 -> -0.674091900699625, u_0_0 -> -0.940600651234456} : (0.210000000000000, -0.940600651234456)
{t -> 0.220000000000000, u_1_1 -> -0.897324104696892, u_1_0 -> -0.620131411865201, u_0_1 -> -0.670131411865201, u_0_0 -> -0.937753011018422} : (0.220000000000000, -0.937753011018422)
{t -> 0.230000000000000, u_1_1 -> -0.891707279403903, u_1_0 -> -0.616135220081757, u_0_1 -> -0.666135220081757, u_0_0 -> -0.934909820650199} : (0.230000000000000, -0.934909820650199)
{t -> 0.240000000000000, u_1_1 -> -0.885976556751910, u_1_0 -> -0.612102753246324, u_0_1 -> -0.662102753246325, u_0_0 -> -0.932072314308752} : (0.240000000000000, -0.932072314308752)
{t -> 0.250000000000000, u_1_1 -> -0.880126163870974, u_1_0 -> -0.608033447443827, u_0_1 -> -0.658033447443827, u_0_0 -> -0.929241830271744} : (0.250000000000000, -0.929241830271744)
{t -> 0.260000000000000, u_1_1 -> -0.874149865626234, u_1_0 -> -0.603926751311514, u_0_1 -> -0.653926751311514, u_0_0 -> -0.926419820686249} : (0.260000000000000, -0.926419820686249)
{t -> 0.270000000000000, u_1_1 -> -0.868040912871004, u_1_0 -> -0.599782131344801, u_0_1 -> -0.649782131344801, u_0_0 -> -0.923607862474598} : (0.270000000000000, -0.923607862474598)
{t -> 0.280000000000000, u_1_1 -> -0.861791983074818, u_1_0 -> -0.595599078353616, u_0_1 -> -0.645599078353616, u_0_0 -> -0.920807669541142} : (0.280000000000000, -0.920807669541142)
{t -> 0.290000000000000, u_1_1 -> -0.855395111907070, u_1_0 -> -0.591377115330975, u_0_1 -> -0.641377115330975, u_0_0 -> -0.918021106475676} : (0.290000000000000, -0.918021106475676)
{t -> 0.300000000000000, u_1_1 -> -0.848841614033236, u_1_0 -> -0.587115807063358, u_0_1 -> -0.637115807063358, u_0_0 -> -0.915250203985652} : (0.300000000000000, -0.915250203985652)
{t -> 0.310000000000000, u_1_1 -> -0.842121990968608, u_1_0 -> -0.582814771900712, u_0_1 -> -0.632814771900712, u_0_0 -> -0.912497176333839} : (0.310000000000000, -0.912497176333839)
{t -> 0.320000000000000, u_1_1 -> -0.835225823305670, u_1_0 -> -0.578473696219443, u_0_1 -> -0.628473696219443, u_0_0 -> -0.909764441112844} : (0.320000000000000, -0.909764441112844)
{t -> 0.330000000000000, u_1_1 -> -0.828141643946689, u_1_0 -> -0.574092352264586, u_0_1 -> -0.624092352264586, u_0_0 -> -0.907054641755643} : (0.330000000000000, -0.907054641755643)
{t -> 0.340000000000000, u_1_1 -> -0.820856788078490, u_1_0 -> -0.569670620261144, u_0_1 -> -0.619670620261144, u_0_0 -> -0.904370673265491} : (0.340000000000000, -0.904370673265491)
{t -> 0.350000000000000, u_1_1 -> -0.813357214445851, u_1_0 -> -0.565208515959302, u_0_1 -> -0.615208515959302, u_0_0 -> -0.901715711754066} : (0.350000000000000, -0.901715711754066)
{t -> 0.360000000000000, u_1_1 -> -0.805627290904798, u_1_0 -> -0.560706225152479, u_0_1 -> -0.610706225152479, u_0_0 -> -0.899093248509446} : (0.360000000000000, -0.899093248509446)
{t -> 0.370000000000000, u_1_1 -> -0.797649535111179, u_1_0 -> -0.556164147223071, u_0_1 -> -0.606164147223071, u_0_0 -> -0.896507129483767} : (0.370000000000000, -0.896507129483767)
{t -> 0.380000000000000, u_1_1 -> -0.789404298293860, u_1_0 -> -0.551582950491128, u_0_1 -> -0.601582950491128, u_0_0 -> -0.893961601304835} : (0.380000000000000, -0.893961601304835)
{t -> 0.390000000000000, u_1_1 -> -0.780869376034598, u_1_0 -> -0.546963643161091, u_0_1 -> -0.596963643161091, u_0_0 -> -0.891461365190899} : (0.390000000000000, -0.891461365190899)
{t -> 0.400000000000000, u_1_1 -> -0.772019524310895, u_1_0 -> -0.542307665127930, u_0_1 -> -0.592307665127930, u_0_0 -> -0.889011640502088} : (0.400000000000000, -0.889011640502088)
{t -> 0.410000000000000, u_1_1 -> -0.762825850954676, u_1_0 -> -0.537617008047411, u_0_1 -> -0.587617008047411, u_0_0 -> -0.886618240120504} : (0.410000000000000, -0.886618240120504)
{t -> 0.420000000000000, u_1_1 -> -0.753255040876944, u_1_0 -> -0.532894374266928, u_0_1 -> -0.582894374266928, u_0_0 -> -0.884287660445459} : (0.420000000000000, -0.884287660445459)
{t -> 0.430000000000000, u_1_1 -> -0.743268355867726, u_1_0 -> -0.528143390064526, u_0_1 -> -0.578143390064526, u_0_0 -> -0.882027189560246} : (0.430000000000000, -0.882027189560246)
{t -> 0.440000000000000, u_1_1 -> -0.732820323119216, u_1_0 -> -0.523368896187706, u_0_1 -> -0.573368896187706, u_0_0 -> -0.879845038115967} : (0.440000000000000, -0.879845038115967)
{t -> 0.450000000000000, u_1_1 -> -0.721856985060143, u_1_0 -> -0.518577350720007, u_0_1 -> -0.568577350720007, u_0_0 -> -0.877750498723336} : (0.450000000000000, -0.877750498723336)
{t -> 0.460000000000000, u_1_1 -> -0.710313516430901, u_1_0 -> -0.513777399073439, u_0_1 -> -0.563777399073439, u_0_0 -> -0.875754141139463} : (0.460000000000000, -0.875754141139463)
{t -> 0.470000000000000, u_1_1 -> -0.698110904078274, u_1_0 -> -0.508980699471555, u_0_1 -> -0.558980699471555, u_0_0 -> -0.873868052135743} : (0.470000000000000, -0.873868052135743)
{t -> 0.480000000000000, u_1_1 -> -0.685151194946099, u_1_0 -> -0.504203151497692, u_0_1 -> -0.554203151497692, u_0_0 -> -0.872106130073874} : (0.480000000000000, -0.872106130073874)
{t -> 0.490000000000000, u_1_1 -> -0.671310476292484, u_1_0 -> -0.499466784480645, u_0_1 -> -0.549466784480645, u_0_0 -> -0.870484443171531} : (0.490000000000000, -0.870484443171531)
{t -> 0.500000000000000, u_1_1 -> -0.656428106053356, u_1_0 -> -0.494802774764083, u_0_1 -> -0.544802774764083, u_0_0 -> -0.869021652150355} : (0.500000000000000, -0.869021652150355)
{t -> 0.510000000000000, u_1_1 -> -0.640289410347660, u_1_0 -> -0.490256500530258, u_0_1 -> -0.540256500530258, u_0_0 -> -0.867739467462760} : (0.510000000000000, -0.867739467462760)
{t -> 0.520000000000000, u_1_1 -> -0.622596238190526, u_1_0 -> -0.485896527011400, u_0_1 -> -0.535896527011400, u_0_0 -> -0.866663012061132} : (0.520000000000000, -0.866663012061132)
{t -> 0.530000000000000, u_1_1 -> -0.602912999359781, u_1_0 -> -0.481831845879751, u_0_1 -> -0.531831845879751, u_0_0 -> -0.865820635255354} : (0.530000000000000, -0.865820635255354)
{t -> 0.540000000000000, u_1_1 -> -0.580557445888711, u_1_0 -> -0.478248525524678, u_0_1 -> -0.528248525524678, u_0_0 -> -0.865241567363814} : (0.540000000000000, -0.865241567363814)
{t -> 0.550000000000000, u_1_1 -> -0.554346033128893, u_1_0 -> -0.475499913115640, u_0_1 -> -0.525499913115640, u_0_0 -> -0.864945025407849} : (0.550000000000000, -0.864945025407849)
{t -> 0.000000000000000, u_1_1 -> -1.00000000000000, u_1_0 -> -0.700000000000000, u_0_1 -> -0.750000000000000, u_0_0 -> -1.00000000000000} : (0.000000000000000, -0.750000000000000)
{t -> 0.0100000000000000, u_1_1 -> -0.995987187614174, u_1_0 -> -0.696663612089929, u_0_1 -> -0.746663612089929, u_0_0 -> -0.997226009416839} : (0.0100000000000000, -0.746663612089929)
{t -> 0.0200000000000000, u_1_1 -> -0.991925595874618, u_1_0 -> -0.693302368807901, u_0_1 -> -0.743302368807901, u_0_0 -> -0.994444346886394} : (0.0200000000000000, -0.743302368807901)
{t -> 0.0300000000000000, u_1_1 -> -0.987813679054845, u_1_0 -> -0.689915844542774, u_0_1 -> -0.739915844542774, u_0_0 -> -0.991655241442193} : (0.0300000000000000, -0.739915844542774)
{t -> 0.0400000000000000, u_1_1 -> -0.983649814390119, u_1_0 -> -0.686503604083286, u_0_1 -> -0.736503604083286, u_0_0 -> -0.988858942595377} : (0.0400000000000000, -0.736503604083286)
{t -> 0.0500000000000000, u_1_1 -> -0.979432296856622, u_1_0 -> -0.683065202489412, u_0_1 -> -0.733065202489412, u_0_0 -> -0.986055721825440} : (0.0500000000000000, -0.733065202489412)
{t -> 0.0600000000000000, u_1_1 -> -0.975159333498458, u_1_0 -> -0.679600184983619, u_0_1 -> -0.729600184983619, u_0_0 -> -0.983245874190055} : (0.0600000000000000, -0.729600184983619)
{t -> 0.0700000000000000, u_1_1 -> -0.970829037254215, u_1_0 -> -0.676108086866458, u_0_1 -> -0.726108086866458, u_0_0 -> -0.980429720065067} : (0.0700000000000000, -0.726108086866458)
{t -> 0.0800000000000000, u_1_1 -> -0.966439420228593, u_1_0 -> -0.672588433461749, u_0_1 -> -0.722588433461749, u_0_0 -> -0.977607607026934} : (0.0800000000000000, -0.722588433461749)
{t -> 0.0900000000000000, u_1_1 -> -0.961988386347507, u_1_0 -> -0.669040740097514, u_0_1 -> -0.719040740097514, u_0_0 -> -0.974779911891281} : (0.0900000000000000, -0.719040740097514)
{t -> 0.100000000000000, u_1_1 -> -0.957473723326812, u_1_0 -> -0.665464512129928, u_0_1 -> -0.715464512129928, u_0_0 -> -0.971947042922776} : (0.100000000000000, -0.715464512129928)
{t -> 0.110000000000000, u_1_1 -> -0.952893093875284, u_1_0 -> -0.661859245018884, u_0_1 -> -0.711859245018884, u_0_0 -> -0.969109442233343} : (0.110000000000000, -0.711859245018884)
{t -> 0.120000000000000, u_1_1 -> -0.948244026041439, u_1_0 -> -0.658224424465288, u_0_1 -> -0.708224424465288, u_0_0 -> -0.966267588387689} : (0.120000000000000, -0.708224424465288)
{t -> 0.130000000000000, u_1_1 -> -0.943523902600877, u_1_0 -> -0.654559526622098, u_0_1 -> -0.704559526622098, u_0_0 -> -0.963421999237489} : (0.130000000000000, -0.704559526622098)
{t -> 0.140000000000000, u_1_1 -> -0.938729949365797, u_1_0 -> -0.650864018393310, u_0_1 -> -0.700864018393310, u_0_0 -> -0.960573235008138} : (0.140000000000000, -0.700864018393310)
{t -> 0.150000000000000, u_1_1 -> -0.933859222280711, u_1_0 -> -0.647137357837796, u_0_1 -> -0.697137357837796, u_0_0 -> -0.957721901665066} : (0.150000000000000, -0.697137357837796)
{t -> 0.160000000000000, u_1_1 -> -0.928908593147629, u_1_0 -> -0.643378994698093, u_0_1 -> -0.693378994698093, u_0_0 -> -0.954868654590033} : (0.160000000000000, -0.693378994698093)
{t -> 0.170000000000000, u_1_1 -> -0.923874733799512, u_1_0 -> -0.639588371078127, u_0_1 -> -0.689588371078127, u_0_0 -> -0.952014202601883} : (0.170000000000000, -0.689588371078127)
{t -> 0.180000000000000, u_1_1 -> -0.918754098511792, u_1_0 -> -0.635764922298562, u_0_1 -> -0.685764922298562, u_0_0 -> -0.949159312360857} : (0.180000000000000, -0.685764922298562)
{t -> 0.190000000000000, u_1_1 -> -0.913542904407227, u_1_0 -> -0.631908077964203, u_0_1 -> -0.681908077964203, u_0_0 -> -0.946304813200985} : (0.190000000000000, -0.681908077964203)
{t -> 0.200000000000000, u_1_1 -> -0.908237109568181, u_1_0 -> -0.628017263284856, u_0_1 -> -0.678017263284856, u_0_0 -> -0.943451602441355} : (0.200000000000000, -0.678017263284856)
{t -> 0.210000000000000, u_1_1 -> -0.902832388520914, u_1_0 -> -0.624091900699625, u_0_1 -> -0.674091900699625, u_0_0 -> -0.940600651234456} : (0.210000000000000, -0.674091900699625)
{t -> 0.220000000000000, u_1_1 -> -0.897324104696892, u_1_0 -> -0.620131411865201, u_0_1 -> -0.670131411865201, u_0_0 -> -0.937753011018422} : (0.220000000000000, -0.670131411865201)
{t -> 0.230000000000000, u_1_1 -> -0.891707279403903, u_1_0 -> -0.616135220081757, u_0_1 -> -0.666135220081757, u_0_0 -> -0.934909820650199} : (0.230000000000000, -0.666135220081757)
{t -> 0.240000000000000, u_1_1 -> -0.885976556751910, u_1_0 -> -0.612102753246324, u_0_1 -> -0.662102753246325, u_0_0 -> -0.932072314308752} : (0.240000000000000, -0.662102753246325)
{t -> 0.250000000000000, u_1_1 -> -0.880126163870974, u_1_0 -> -0.608033447443827, u_0_1 -> -0.658033447443827, u_0_0 -> -0.929241830271744} : (0.250000000000000, -0.658033447443827)
{t -> 0.260000000000000, u_1_1 -> -0.874149865626234, u_1_0 -> -0.603926751311514, u_0_1 -> -0.653926751311514, u_0_0 -> -0.926419820686249} : (0.260000000000000, -0.653926751311514)
{t -> 0.270000000000000, u_1_1 -> -0.868040912871004, u_1_0 -> -0.599782131344801, u_0_1 -> -0.649782131344801, u_0_0 -> -0.923607862474598} : (0.270000000000000, -0.649782131344801)
{t -> 0.280000000000000, u_1_1 -> -0.861791983074818, u_1_0 -> -0.595599078353616, u_0_1 -> -0.645599078353616, u_0_0 -> -0.920807669541142} : (0.280000000000000, -0.645599078353616)
{t -> 0.290000000000000, u_1_1 -> -0.855395111907070, u_1_0 -> -0.591377115330975, u_0_1 -> -0.641377115330975, u_0_0 -> -0.918021106475676} : (0.290000000000000, -0.641377115330975)
{t -> 0.300000000000000, u_1_1 -> -0.848841614033236, u_1_0 -> -0.587115807063358, u_0_1 -> -0.637115807063358, u_0_0 -> -0.915250203985652} : (0.300000000000000, -0.637115807063358)
{t -> 0.310000000000000, u_1_1 -> -0.842121990968608, u_1_0 -> -0.582814771900712, u_0_1 -> -0.632814771900712, u_0_0 -> -0.912497176333839} : (0.310000000000000, -0.632814771900712)
{t -> 0.320000000000000, u_1_1 -> -0.835225823305670, u_1_0 -> -0.578473696219443, u_0_1 -> -0.628473696219443, u_0_0 -> -0.909764441112844} : (0.320000000000000, -0.628473696219443)
{t -> 0.330000000000000, u_1_1 -> -0.828141643946689, u_1_0 -> -0.574092352264586, u_0_1 -> -0.624092352264586, u_0_0 -> -0.907054641755643} : (0.330000000000000, -0.624092352264586)
{t -> 0.340000000000000, u_1_1 -> -0.820856788078490, u_1_0 -> -0.569670620261144, u_0_1 -> -0.619670620261144, u_0_0 -> -0.904370673265491} : (0.340000000000000, -0.619670620261144)
{t -> 0.350000000000000, u_1_1 -> -0.813357214445851, u_1_0 -> -0.565208515959302, u_0_1 -> -0.615208515959302, u_0_0 -> -0.901715711754066} : (0.350000000000000, -0.615208515959302)
{t -> 0.360000000000000, u_1_1 -> -0.805627290904798, u_1_0 -> -0.560706225152479, u_0_1 -> -0.610706225152479, u_0_0 -> -0.899093248509446} : (0.360000000000000, -0.610706225152479)
{t -> 0.370000000000000, u_1_1 -> -0.797649535111179, u_1_0 -> -0.556164147223071, u_0_1 -> -0.606164147223071, u_0_0 -> -0.896507129483767} : (0.370000000000000, -0.606164147223071)
{t -> 0.380000000000000, u_1_1 -> -0.789404298293860, u_1_0 -> -0.551582950491128, u_0_1 -> -0.601582950491128, u_0_0 -> -0.893961601304835} : (0.380000000000000, -0.601582950491128)
{t -> 0.390000000000000, u_1_1 -> -0.780869376034598, u_1_0 -> -0.546963643161091, u_0_1 -> -0.596963643161091, u_0_0 -> -0.891461365190899} : (0.390000000000000, -0.596963643161091)
{t -> 0.400000000000000, u_1_1 -> -0.772019524310895, u_1_0 -> -0.542307665127930, u_0_1 -> -0.592307665127930, u_0_0 -> -0.889011640502088} : (0.400000000000000, -0.592307665127930)
{t -> 0.410000000000000, u_1_1 -> -0.762825850954676, u_1_0 -> -0.537617008047411, u_0_1 -> -0.587617008047411, u_0_0 -> -0.886618240120504} : (0.410000000000000, -0.587617008047411)
{t -> 0.420000000000000, u_1_1 -> -0.753255040876944, u_1_0 -> -0.532894374266928, u_0_1 -> -0.582894374266928, u_0_0 -> -0.884287660445459} : (0.420000000000000, -0.582894374266928)
{t -> 0.430000000000000, u_1_1 -> -0.743268355867726, u_1_0 -> -0.528143390064526, u_0_1 -> -0.578143390064526, u_0_0 -> -0.882027189560246} : (0.430000000000000, -0.578143390064526)
{t -> 0.440000000000000, u_1_1 -> -0.732820323119216, u_1_0 -> -0.523368896187706, u_0_1 -> -0.573368896187706, u_0_0 -> -0.879845038115967} : (0.440000000000000, -0.573368896187706)
{t -> 0.450000000000000, u_1_1 -> -0.721856985060143, u_1_0 -> -0.518577350720007, u_0_1 -> -0.568577350720007, u_0_0 -> -0.877750498723336} : (0.450000000000000, -0.568577350720007)
{t -> 0.460000000000000, u_1_1 -> -0.710313516430901, u_1_0 -> -0.513777399073439, u_0_1 -> -0.563777399073439, u_0_0 -> -0.875754141139463} : (0.460000000000000, -0.563777399073439)
{t -> 0.470000000000000, u_1_1 -> -0.698110904078274, u_1_0 -> -0.508980699471555, u_0_1 -> -0.558980699471555, u_0_0 -> -0.873868052135743} : (0.470000000000000, -0.558980699471555)
{t -> 0.480000000000000, u_1_1 -> -0.685151194946099, u_1_0 -> -0.504203151497692, u_0_1 -> -0.554203151497692, u_0_0 -> -0.872106130073874} : (0.480000000000000, -0.554203151497692)
{t -> 0.490000000000000, u_1_1 -> -0.671310476292484, u_1_0 -> -0.499466784480645, u_0_1 -> -0.549466784480645, u_0_0 -> -0.870484443171531} : (0.490000000000000, -0.549466784480645)
{t -> 0.500000000000000, u_1_1 -> -0.656428106053356, u_1_0 -> -0.494802774764083, u_0_1 -> -0.544802774764083, u_0_0 -> -0.869021652150355} : (0.500000000000000, -0.544802774764083)
{t -> 0.510000000000000, u_1_1 -> -0.640289410347660, u_1_0 -> -0.490256500530258, u_0_1 -> -0.540256500530258, u_0_0 -> -0.867739467462760} : (0.510000000000000, -0.540256500530258)
{t -> 0.520000000000000, u_1_1 -> -0.622596238190526, u_1_0 -> -0.485896527011400, u_0_1 -> -0.535896527011400, u_0_0 -> -0.866663012061132} : (0.520000000000000, -0.535896527011400)
{t -> 0.530000000000000, u_1_1 -> -0.602912999359781, u_1_0 -> -0.481831845879751, u_0_1 -> -0.531831845879751, u_0_0 -> -0.865820635255354} : (0.530000000000000, -0.531831845879751)
{t -> 0.540000000000000, u_1_1 -> -0.580557445888711, u_1_0 -> -0.478248525524678, u_0_1 -> -0.528248525524678, u_0_0 -> -0.865241567363814} : (0.540000000000000, -0.528248525524678)
{t -> 0.550000000000000, u_1_1 -> -0.554346033128893, u_1_0 -> -0.475499913115640, u_0_1 -> -0.525499913115640, u_0_0 -> -0.864945025407849} : (0.550000000000000, -0.525499913115640)
{t -> 0.000000000000000, u_1_1 -> -1.00000000000000, u_1_0 -> -0.700000000000000, u_0_1 -> -0.750000000000000, u_0_0 -> -1.00000000000000} : (0.000000000000000, -0.700000000000000)
{t -> 0.0100000000000000, u_1_1 -> -0.995987187614174, u_1_0 -> -0.696663612089929, u_0_1 -> -0.746663612089929, u_0_0 -> -0.997226009416839} : (0.0100000000000000, -0.696663612089929)
{t -> 0.0200000000000000, u_1_1 -> -0.991925595874618, u_1_0 -> -0.693302368807901, u_0_1 -> -0.743302368807901, u_0_0 -> -0.994444346886394} : (0.0200000000000000, -0.693302368807901)
{t -> 0.0300000000000000, u_1_1 -> -0.987813679054845, u_1_0 -> -0.689915844542774, u_0_1 -> -0.739915844542774, u_0_0 -> -0.991655241442193} : (0.0300000000000000, -0.689915844542774)
{t -> 0.0400000000000000, u_1_1 -> -0.983649814390119, u_1_0 -> -0.686503604083286, u_0_1 -> -0.736503604083286, u_0_0 -> -0.988858942595377} : (0.0400000000000000, -0.686503604083286)
{t -> 0.0500000000000000, u_1_1 -> -0.979432296856622, u_1_0 -> -0.683065202489412, u_0_1 -> -0.733065202489412, u_0_0 -> -0.986055721825440} : (0.0500000000000000, -0.683065202489412)
{t -> 0.0600000000000000, u_1_1 -> -0.975159333498458, u_1_0 -> -0.679600184983619, u_0_1 -> -0.729600184983619, u_0_0 -> -0.983245874190055} : (0.0600000000000000, -0.679600184983619)
{t -> 0.0700000000000000, u_1_1 -> -0.970829037254215, u_1_0 -> -0.676108086866458, u_0_1 -> -0.726108086866458, u_0_0 -> -0.980429720065067} : (0.0700000000000000, -0.676108086866458)
{t -> 0.0800000000000000, u_1_1 -> -0.966439420228593, u_1_0 -> -0.672588433461749, u_0_1 -> -0.722588433461749, u_0_0 -> -0.977607607026934} : (0.0800000000000000, -0.672588433461749)
{t -> 0.0900000000000000, u_1_1 -> -0.961988386347507, u_1_0 -> -0.669040740097514, u_0_1 -> -0.719040740097514, u_0_0 -> -0.974779911891281} : (0.0900000000000000, -0.669040740097514)
{t -> 0.100000000000000, u_1_1 -> -0.957473723326812, u_1_0 -> -0.665464512129928, u_0_1 -> -0.715464512129928, u_0_0 -> -0.971947042922776} : (0.100000000000000, -0.665464512129928)
{t -> 0.110000000000000, u_1_1 -> -0.952893093875284, u_1_0 -> -0.661859245018884, u_0_1 -> -0.711859245018884, u_0_0 -> -0.969109442233343} : (0.110000000000000, -0.661859245018884)
{t -> 0.120000000000000, u_1_1 -> -0.948244026041439, u_1_0 -> -0.658224424465288, u_0_1 -> -0.708224424465288, u_0_0 -> -0.966267588387689} : (0.120000000000000, -0.658224424465288)
{t -> 0.130000000000000, u_1_1 -> -0.943523902600877, u_1_0 -> -0.654559526622098, u_0_1 -> -0.704559526622098, u_0_0 -> -0.963421999237489} : (0.130000000000000, -0.654559526622098)
{t -> 0.140000000000000, u_1_1 -> -0.938729949365797, u_1_0 -> -0.650864018393310, u_0_1 -> -0.700864018393310, u_0_0 -> -0.960573235008138} : (0.140000000000000, -0.650864018393310)
{t -> 0.150000000000000, u_1_1 -> -0.933859222280711, u_1_0 -> -0.647137357837796, u_0_1 -> -0.697137357837796, u_0_0 -> -0.957721901665066} : (0.150000000000000, -0.647137357837796)
{t -> 0.160000000000000, u_1_1 -> -0.928908593147629, u_1_0 -> -0.643378994698093, u_0_1 -> -0.693378994698093, u_0_0 -> -0.954868654590033} : (0.160000000000000, -0.643378994698093)
{t -> 0.170000000000000, u_1_1 -> -0.923874733799512, u_1_0 -> -0.639588371078127, u_0_1 -> -0.689588371078127, u_0_0 -> -0.952014202601883} : (0.170000000000000, -0.639588371078127)
{t -> 0.180000000000000, u_1_1 -> -0.918754098511792, u_1_0 -> -0.635764922298562, u_0_1 -> -0.685764922298562, u_0_0 -> -0.949159312360857} : (0.180000000000000, -0.635764922298562)
{t -> 0.190000000000000, u_1_1 -> -0.913542904407227, u_1_0 -> -0.631908077964203, u_0_1 -> -0.681908077964203, u_0_0 -> -0.946304813200985} : (0.190000000000000, -0.631908077964203)
{t -> 0.200000000000000, u_1_1 -> -0.908237109568181, u_1_0 -> -0.628017263284856, u_0_1 -> -0.678017263284856, u_0_0 -> -0.943451602441355} : (0.200000000000000, -0.628017263284856)
{t -> 0.210000000000000, u_1_1 -> -0.902832388520914, u_1_0 -> -0.624091900699625, u_0_1 -> -0.674091900699625, u_0_0 -> -0.940600651234456} : (0.210000000000000, -0.624091900699625)
{t -> 0.220000000000000, u_1_1 -> -0.897324104696892, u_1_0 -> -0.620131411865201, u_0_1 -> -0.670131411865201, u_0_0 -> -0.937753011018422} : (0.220000000000000, -0.620131411865201)
{t -> 0.230000000000000, u_1_1 -> -0.891707279403903, u_1_0 -> -0.616135220081757, u_0_1 -> -0.666135220081757, u_0_0 -> -0.934909820650199} : (0.230000000000000, -0.616135220081757)
{t -> 0.240000000000000, u_1_1 -> -0.885976556751910, u_1_0 -> -0.612102753246324, u_0_1 -> -0.662102753246325, u_0_0 -> -0.932072314308752} : (0.240000000000000, -0.612102753246324)
{t -> 0.250000000000000, u_1_1 -> -0.880126163870974, u_1_0 -> -0.608033447443827, u_0_1 -> -0.658033447443827, u_0_0 -> -0.929241830271744} : (0.250000000000000, -0.608033447443827)
{t -> 0.260000000000000, u_1_1 -> -0.874149865626234, u_1_0 -> -0.603926751311514, u_0_1 -> -0.653926751311514, u_0_0 -> -0.926419820686249} : (0.260000000000000, -0.603926751311514)
{t -> 0.270000000000000, u_1_1 -> -0.868040912871004, u_1_0 -> -0.599782131344801, u_0_1 -> -0.649782131344801, u_0_0 -> -0.923607862474598} : (0.270000000000000, -0.599782131344801)
{t -> 0.280000000000000, u_1_1 -> -0.861791983074818, u_1_0 -> -0.595599078353616, u_0_1 -> -0.645599078353616, u_0_0 -> -0.920807669541142} : (0.280000000000000, -0.595599078353616)
{t -> 0.290000000000000, u_1_1 -> -0.855395111907070, u_1_0 -> -0.591377115330975, u_0_1 -> -0.641377115330975, u_0_0 -> -0.918021106475676} : (0.290000000000000, -0.591377115330975)
{t -> 0.300000000000000, u_1_1 -> -0.848841614033236, u_1_0 -> -0.587115807063358, u_0_1 -> -0.637115807063358, u_0_0 -> -0.915250203985652} : (0.300000000000000, -0.587115807063358)
{t -> 0.310000000000000, u_1_1 -> -0.842121990968608, u_1_0 -> -0.582814771900712, u_0_1 -> -0.632814771900712, u_0_0 -> -0.912497176333839} : (0.310000000000000, -0.582814771900712)
{t -> 0.320000000000000, u_1_1 -> -0.835225823305670, u_1_0 -> -0.578473696219443, u_0_1 -> -0.628473696219443, u_0_0 -> -0.909764441112844} : (0.320000000000000, -0.578473696219443)
{t -> 0.330000000000000, u_1_1 -> -0.828141643946689, u_1_0 -> -0.574092352264586, u_0_1 -> -0.624092352264586, u_0_0 -> -0.907054641755643} : (0.330000000000000, -0.574092352264586)
{t -> 0.340000000000000, u_1_1 -> -0.820856788078490, u_1_0 -> -0.569670620261144, u_0_1 -> -0.619670620261144, u_0_0 -> -0.904370673265491} : (0.340000000000000, -0.569670620261144)
{t -> 0.350000000000000, u_1_1 -> -0.813357214445851, u_1_0 -> -0.565208515959302, u_0_1 -> -0.615208515959302, u_0_0 -> -0.901715711754066} : (0.350000000000000, -0.565208515959302)
{t -> 0.360000000000000, u_1_1 -> -0.805627290904798, u_1_0 -> -0.560706225152479, u_0_1 -> -0.610706225152479, u_0_0 -> -0.899093248509446} : (0.360000000000000, -0.560706225152479)
{t -> 0.370000000000000, u_1_1 -> -0.797649535111179, u_1_0 -> -0.556164147223071, u_0_1 -> -0.606164147223071, u_0_0 -> -0.896507129483767} : (0.370000000000000, -0.556164147223071)
{t -> 0.380000000000000, u_1_1 -> -0.789404298293860, u_1_0 -> -0.551582950491128, u_0_1 -> -0.601582950491128, u_0_0 -> -0.893961601304835} : (0.380000000000000, -0.551582950491128)
{t -> 0.390000000000000, u_1_1 -> -0.780869376034598, u_1_0 -> -0.546963643161091, u_0_1 -> -0.596963643161091, u_0_0 -> -0.891461365190899} : (0.390000000000000, -0.546963643161091)
{t -> 0.400000000000000, u_1_1 -> -0.772019524310895, u_1_0 -> -0.542307665127930, u_0_1 -> -0.592307665127930, u_0_0 -> -0.889011640502088} : (0.400000000000000, -0.542307665127930)
{t -> 0.410000000000000, u_1_1 -> -0.762825850954676, u_1_0 -> -0.537617008047411, u_0_1 -> -0.587617008047411, u_0_0 -> -0.886618240120504} : (0.410000000000000, -0.537617008047411)
{t -> 0.420000000000000, u_1_1 -> -0.753255040876944, u_1_0 -> -0.532894374266928, u_0_1 -> -0.582894374266928, u_0_0 -> -0.884287660445459} : (0.420000000000000, -0.532894374266928)
{t -> 0.430000000000000, u_1_1 -> -0.743268355867726, u_1_0 -> -0.528143390064526, u_0_1 -> -0.578143390064526, u_0_0 -> -0.882027189560246} : (0.430000000000000, -0.528143390064526)
{t -> 0.440000000000000, u_1_1 -> -0.732820323119216, u_1_0 -> -0.523368896187706, u_0_1 -> -0.573368896187706, u_0_0 -> -0.879845038115967} : (0.440000000000000, -0.523368896187706)
{t -> 0.450000000000000, u_1_1 -> -0.721856985060143, u_1_0 -> -0.518577350720007, u_0_1 -> -0.568577350720007, u_0_0 -> -0.877750498723336} : (0.450000000000000, -0.518577350720007)
{t -> 0.460000000000000, u_1_1 -> -0.710313516430901, u_1_0 -> -0.513777399073439, u_0_1 -> -0.563777399073439, u_0_0 -> -0.875754141139463} : (0.460000000000000, -0.513777399073439)
{t -> 0.470000000000000, u_1_1 -> -0.698110904078274, u_1_0 -> -0.508980699471555, u_0_1 -> -0.558980699471555, u_0_0 -> -0.873868052135743} : (0.470000000000000, -0.508980699471555)
{t -> 0.480000000000000, u_1_1 -> -0.685151194946099, u_1_0 -> -0.504203151497692, u_0_1 -> -0.554203151497692, u_0_0 -> -0.872106130073874} : (0.480000000000000, -0.504203151497692)
{t -> 0.490000000000000, u_1_1 -> -0.671310476292484, u_1_0 -> -0.499466784480645, u_0_1 -> -0.549466784480645, u_0_0 -> -0.870484443171531} : (0.490000000000000, -0.499466784480645)
{t -> 0.500000000000000, u_1_1 -> -0.656428106053356, u_1_0 -> -0.494802774764083, u_0_1 -> -0.544802774764083, u_0_0 -> -0.869021652150355} : (0.500000000000000, -0.494802774764083)
{t -> 0.510000000000000, u_1_1 -> -0.640289410347660, u_1_0 -> -0.490256500530258, u_0_1 -> -0.540256500530258, u_0_0 -> -0.867739467462760} : (0.510000000000000, -0.490256500530258)
{t -> 0.520000000000000, u_1_1 -> -0.622596238190526, u_1_0 -> -0.485896527011400, u_0_1 -> -0.535896527011400, u_0_0 -> -0.866663012061132} : (0.520000000000000, -0.485896527011400)
{t -> 0.530000000000000, u_1_1 -> -0.602912999359781, u_1_0 -> -0.481831845879751, u_0_1 -> -0.531831845879751, u_0_0 -> -0.865820635255354} : (0.530000000000000, -0.481831845879751)
{t -> 0.540000000000000, u_1_1 -> -0.580557445888711, u_1_0 -> -0.478248525524678, u_0_1 -> -0.528248525524678, u_0_0 -> -0.865241567363814} : (0.540000000000000, -0.478248525524678)
{t -> 0.550000000000000, u_1_1 -> -0.554346033128893, u_1_0 -> -0.475499913115640, u_0_1 -> -0.525499913115640, u_0_0 -> -0.864945025407849} : (0.550000000000000, -0.475499913115640)
{t -> 0.000000000000000, u_1_1 -> -1.00000000000000, u_1_0 -> -0.700000000000000, u_0_1 -> -0.750000000000000, u_0_0 -> -1.00000000000000} : (0.000000000000000, -1.00000000000000)
{t -> 0.0100000000000000, u_1_1 -> -0.995987187614174, u_1_0 -> -0.696663612089929, u_0_1 -> -0.746663612089929, u_0_0 -> -0.997226009416839} : (0.0100000000000000, -0.995987187614174)
{t -> 0.0200000000000000, u_1_1 -> -0.991925595874618, u_1_0 -> -0.693302368807901, u_0_1 -> -0.743302368807901, u_0_0 -> -0.994444346886394} : (0.0200000000000000, -0.991925595874618)
{t -> 0.0300000000000000, u_1_1 -> -0.987813679054845, u_1_0 -> -0.689915844542774, u_0_1 -> -0.739915844542774, u_0_0 -> -0.991655241442193} : (0.0300000000000000, -0.987813679054845)
{t -> 0.0400000000000000, u_1_1 -> -0.983649814390119, u_1_0 -> -0.686503604083286, u_0_1 -> -0.736503604083286, u_0_0 -> -0.988858942595377} : (0.0400000000000000, -0.983649814390119)
{t -> 0.0500000000000000, u_1_1 -> -0.979432296856622, u_1_0 -> -0.683065202489412, u_0_1 -> -0.733065202489412, u_0_0 -> -0.986055721825440} : (0.0500000000000000, -0.979432296856622)
{t -> 0.0600000000000000, u_1_1 -> -0.975159333498458, u_1_0 -> -0.679600184983619, u_0_1 -> -0.729600184983619, u_0_0 -> -0.983245874190055} : (0.0600000000000000, -0.975159333498458)
{t -> 0.0700000000000000, u_1_1 -> -0.970829037254215, u_1_0 -> -0.676108086866458, u_0_1 -> -0.726108086866458, u_0_0 -> -0.980429720065067} : (0.0700000000000000, -0.970829037254215)
{t -> 0.0800000000000000, u_1_1 -> -0.966439420228593, u_1_0 -> -0.672588433461749, u_0_1 -> -0.722588433461749, u_0_0 -> -0.977607607026934} : (0.0800000000000000, -0.966439420228593)
{t -> 0.0900000000000000, u_1_1 -> -0.961988386347507, u_1_0 -> -0.669040740097514, u_0_1 -> -0.719040740097514, u_0_0 -> -0.974779911891281} : (0.0900000000000000, -0.961988386347507)
{t -> 0.100000000000000, u_1_1 -> -0.957473723326812, u_1_0 -> -0.665464512129928, u_0_1 -> -0.715464512129928, u_0_0 -> -0.971947042922776} : (0.100000000000000, -0.957473723326812)
{t -> 0.110000000000000, u_1_1 -> -0.952893093875284, u_1_0 -> -0.661859245018884, u_0_1 -> -0.711859245018884, u_0_0 -> -0.969109442233343} : (0.110000000000000, -0.952893093875284)
{t -> 0.120000000000000, u_1_1 -> -0.948244026041439, u_1_0 -> -0.658224424465288, u_0_1 -> -0.708224424465288, u_0_0 -> -0.966267588387689} : (0.120000000000000, -0.948244026041439)
{t -> 0.130000000000000, u_1_1 -> -0.943523902600877, u_1_0 -> -0.654559526622098, u_0_1 -> -0.704559526622098, u_0_0 -> -0.963421999237489} : (0.130000000000000, -0.943523902600877)
{t -> 0.140000000000000, u_1_1 -> -0.938729949365797, u_1_0 -> -0.650864018393310, u_0_1 -> -0.700864018393310, u_0_0 -> -0.960573235008138} : (0.140000000000000, -0.938729949365797)
{t -> 0.150000000000000, u_1_1 -> -0.933859222280711, u_1_0 -> -0.647137357837796, u_0_1 -> -0.697137357837796, u_0_0 -> -0.957721901665066} : (0.150000000000000, -0.933859222280711)
{t -> 0.160000000000000, u_1_1 -> -0.928908593147629, u_1_0 -> -0.643378994698093, u_0_1 -> -0.693378994698093, u_0_0 -> -0.954868654590033} : (0.160000000000000, -0.928908593147629)
{t -> 0.170000000000000, u_1_1 -> -0.923874733799512, u_1_0 -> -0.639588371078127, u_0_1 -> -0.689588371078127, u_0_0 -> -0.952014202601883} : (0.170000000000000, -0.923874733799512)
{t -> 0.180000000000000, u_1_1 -> -0.918754098511792, u_1_0 -> -0.635764922298562, u_0_1 -> -0.685764922298562, u_0_0 -> -0.949159312360857} : (0.180000000000000, -0.918754098511792)
{t -> 0.190000000000000, u_1_1 -> -0.913542904407227, u_1_0 -> -0.631908077964203, u_0_1 -> -0.681908077964203, u_0_0 -> -0.946304813200985} : (0.190000000000000, -0.913542904407227)
{t -> 0.200000000000000, u_1_1 -> -0.908237109568181, u_1_0 -> -0.628017263284856, u_0_1 -> -0.678017263284856, u_0_0 -> -0.943451602441355} : (0.200000000000000, -0.908237109568181)
{t -> 0.210000000000000, u_1_1 -> -0.902832388520914, u_1_0 -> -0.624091900699625, u_0_1 -> -0.674091900699625, u_0_0 -> -0.940600651234456} : (0.210000000000000, -0.902832388520914)
{t -> 0.220000000000000, u_1_1 -> -0.897324104696892, u_1_0 -> -0.620131411865201, u_0_1 -> -0.670131411865201, u_0_0 -> -0.937753011018422} : (0.220000000000000, -0.897324104696892)
{t -> 0.230000000000000, u_1_1 -> -0.891707279403903, u_1_0 -> -0.616135220081757, u_0_1 -> -0.666135220081757, u_0_0 -> -0.934909820650199} : (0.230000000000000, -0.891707279403903)
{t -> 0.240000000000000, u_1_1 -> -0.885976556751910, u_1_0 -> -0.612102753246324, u_0_1 -> -0.662102753246325, u_0_0 -> -0.932072314308752} : (0.240000000000000, -0.885976556751910)
{t -> 0.250000000000000, u_1_1 -> -0.880126163870974, u_1_0 -> -0.608033447443827, u_0_1 -> -0.658033447443827, u_0_0 -> -0.929241830271744} : (0.250000000000000, -0.880126163870974)
{t -> 0.260000000000000, u_1_1 -> -0.874149865626234, u_1_0 -> -0.603926751311514, u_0_1 -> -0.653926751311514, u_0_0 -> -0.926419820686249} : (0.260000000000000, -0.874149865626234)
{t -> 0.270000000000000, u_1_1 -> -0.868040912871004, u_1_0 -> -0.599782131344801, u_0_1 -> -0.649782131344801, u_0_0 -> -0.923607862474598} : (0.270000000000000, -0.868040912871004)
{t -> 0.280000000000000, u_1_1 -> -0.861791983074818, u_1_0 -> -0.595599078353616, u_0_1 -> -0.645599078353616, u_0_0 -> -0.920807669541142} : (0.280000000000000, -0.861791983074818)
{t -> 0.290000000000000, u_1_1 -> -0.855395111907070, u_1_0 -> -0.591377115330975, u_0_1 -> -0.641377115330975, u_0_0 -> -0.918021106475676} : (0.290000000000000, -0.855395111907070)
{t -> 0.300000000000000, u_1_1 -> -0.848841614033236, u_1_0 -> -0.587115807063358, u_0_1 -> -0.637115807063358, u_0_0 -> -0.915250203985652} : (0.300000000000000, -0.848841614033236)
{t -> 0.310000000000000, u_1_1 -> -0.842121990968608, u_1_0 -> -0.582814771900712, u_0_1 -> -0.632814771900712, u_0_0 -> -0.912497176333839} : (0.310000000000000, -0.842121990968608)
{t -> 0.320000000000000, u_1_1 -> -0.835225823305670, u_1_0 -> -0.578473696219443, u_0_1 -> -0.628473696219443, u_0_0 -> -0.909764441112844} : (0.320000000000000, -0.835225823305670)
{t -> 0.330000000000000, u_1_1 -> -0.828141643946689, u_1_0 -> -0.574092352264586, u_0_1 -> -0.624092352264586, u_0_0 -> -0.907054641755643} : (0.330000000000000, -0.828141643946689)
{t -> 0.340000000000000, u_1_1 -> -0.820856788078490, u_1_0 -> -0.569670620261144, u_0_1 -> -0.619670620261144, u_0_0 -> -0.904370673265491} : (0.340000000000000, -0.820856788078490)
{t -> 0.350000000000000, u_1_1 -> -0.813357214445851, u_1_0 -> -0.565208515959302, u_0_1 -> -0.615208515959302, u_0_0 -> -0.901715711754066} : (0.350000000000000, -0.813357214445851)
{t -> 0.360000000000000, u_1_1 -> -0.805627290904798, u_1_0 -> -0.560706225152479, u_0_1 -> -0.610706225152479, u_0_0 -> -0.899093248509446} : (0.360000000000000, -0.805627290904798)
{t -> 0.370000000000000, u_1_1 -> -0.797649535111179, u_1_0 -> -0.556164147223071, u_0_1 -> -0.606164147223071, u_0_0 -> -0.896507129483767} : (0.370000000000000, -0.797649535111179)
{t -> 0.380000000000000, u_1_1 -> -0.789404298293860, u_1_0 -> -0.551582950491128, u_0_1 -> -0.601582950491128, u_0_0 -> -0.893961601304835} : (0.380000000000000, -0.789404298293860)
{t -> 0.390000000000000, u_1_1 -> -0.780869376034598, u_1_0 -> -0.546963643161091, u_0_1 -> -0.596963643161091, u_0_0 -> -0.891461365190899} : (0.390000000000000, -0.780869376034598)
{t -> 0.400000000000000, u_1_1 -> -0.772019524310895, u_1_0 -> -0.542307665127930, u_0_1 -> -0.592307665127930, u_0_0 -> -0.889011640502088} : (0.400000000000000, -0.772019524310895)
{t -> 0.410000000000000, u_1_1 -> -0.762825850954676, u_1_0 -> -0.537617008047411, u_0_1 -> -0.587617008047411, u_0_0 -> -0.886618240120504} : (0.410000000000000, -0.762825850954676)
{t -> 0.420000000000000, u_1_1 -> -0.753255040876944, u_1_0 -> -0.532894374266928, u_0_1 -> -0.582894374266928, u_0_0 -> -0.884287660445459} : (0.420000000000000, -0.753255040876944)
{t -> 0.430000000000000, u_1_1 -> -0.743268355867726, u_1_0 -> -0.528143390064526, u_0_1 -> -0.578143390064526, u_0_0 -> -0.882027189560246} : (0.430000000000000, -0.743268355867726)
{t -> 0.440000000000000, u_1_1 -> -0.732820323119216, u_1_0 -> -0.523368896187706, u_0_1 -> -0.573368896187706, u_0_0 -> -0.879845038115967} : (0.440000000000000, -0.732820323119216)
{t -> 0.450000000000000, u_1_1 -> -0.721856985060143, u_1_0 -> -0.518577350720007, u_0_1 -> -0.568577350720007, u_0_0 -> -0.877750498723336} : (0.450000000000000, -0.721856985060143)
{t -> 0.460000000000000, u_1_1 -> -0.710313516430901, u_1_0 -> -0.513777399073439, u_0_1 -> -0.563777399073439, u_0_0 -> -0.875754141139463} : (0.460000000000000, -0.710313516430901)
{t -> 0.470000000000000, u_1_1 -> -0.698110904078274, u_1_0 -> -0.508980699471555, u_0_1 -> -0.558980699471555, u_0_0 -> -0.873868052135743} : (0.470000000000000, -0.698110904078274)
{t -> 0.480000000000000, u_1_1 -> -0.685151194946099, u_1_0 -> -0.504203151497692, u_0_1 -> -0.554203151497692, u_0_0 -> -0.872106130073874} : (0.480000000000000, -0.685151194946099)
{t -> 0.490000000000000, u_1_1 -> -0.671310476292484, u_1_0 -> -0.499466784480645, u_0_1 -> -0.549466784480645, u_0_0 -> -0.870484443171531} : (0.490000000000000, -0.671310476292484)
{t -> 0.500000000000000, u_1_1 -> -0.656428106053356, u_1_0 -> -0.494802774764083, u_0_1 -> -0.544802774764083, u_0_0 -> -0.869021652150355} : (0.500000000000000, -0.656428106053356)
{t -> 0.510000000000000, u_1_1 -> -0.640289410347660, u_1_0 -> -0.490256500530258, u_0_1 -> -0.540256500530258, u_0_0 -> -0.867739467462760} : (0.510000000000000, -0.640289410347660)
{t -> 0.520000000000000, u_1_1 -> -0.622596238190526, u_1_0 -> -0.485896527011400, u_0_1 -> -0.535896527011400, u_0_0 -> -0.866663012061132} : (0.520000000000000, -0.622596238190526)
{t -> 0.530000000000000, u_1_1 -> -0.602912999359781, u_1_0 -> -0.481831845879751, u_0_1 -> -0.531831845879751, u_0_0 -> -0.865820635255354} : (0.530000000000000, -0.602912999359781)
{t -> 0.540000000000000, u_1_1 -> -0.580557445888711, u_1_0 -> -0.478248525524678, u_0_1 -> -0.528248525524678, u_0_0 -> -0.865241567363814} : (0.540000000000000, -0.580557445888711)
{t -> 0.550000000000000, u_1_1 -> -0.554346033128893, u_1_0 -> -0.475499913115640, u_0_1 -> -0.525499913115640, u_0_0 -> -0.864945025407849} : (0.550000000000000, -0.554346033128893)
merge bindings: {a_0_0 -> a_0_0(u_0_0, u_0_1, u_0_0, u_0_1), a_1_0 -> a_1_0(u_1_0, u_1_1, u_0_0, u_0_1), r_0 -> r_0(u_0_0, u_0_1), a_0_1 -> a_0_1(u_0_0, u_0_1, u_1_0, u_1_1), r_1 -> r_1(u_1_0, u_1_1), a_1_1 -> a_1_1(u_1_0, u_1_1, u_1_0, u_1_1)} , [] ,  {}
merge bindings: {a_0_0 -> a_0_0(u_0_0, u_0_1, u_0_0, u_0_1), a_1_0 -> a_1_0(u_1_0, u_1_1, u_0_0, u_0_1), r_0 -> r_0(u_0_0, u_0_1), a_0_1 -> a_0_1(u_0_0, u_0_1, u_1_0, u_1_1), r_1 -> r_1(u_1_0, u_1_1), a_1_1 -> a_1_1(u_1_0, u_1_1, u_1_0, u_1_1), r_0() -> 1, a_1_1(u_1_1) -> u_1_1, a_0_1(u_0_1) -> u_0_1, a_0_0(u_0_0) -> u_0_0, r_1() -> 1, a_1_0(u_1_0) -> u_1_0} , [D[0](u_0_0)(t), D[0](u_0_1)(t), D[0](u_1_0)(t), D[0](u_1_1)(t)] ,  {}
merge bindings: {a_0_0 -> a_0_0(u_0_0, u_0_1, u_0_0, u_0_1), a_1_0 -> a_1_0(u_1_0, u_1_1, u_0_0, u_0_1), D[0](u_1_1)(t) -> Xhat_1^2*gamma*(D[1](a_1_1)(u_1_0, u_1_1, u_1_0, u_1_1) + D[3](a_1_1)(u_1_0, u_1_1, u_1_0, u_1_1)) + Xhat_0*Xhat_1*gamma*D[1](a_1_0)(u_1_0, u_1_1, u_0_0, u_0_1) + Xhat_1*gamma*D[1](r_1)(u_1_0, u_1_1), D[0](u_0_0)(t) -> Xhat_0^2*gamma*(D[0](a_0_0)(u_0_0, u_0_1, u_0_0, u_0_1) + D[2](a_0_0)(u_0_0, u_0_1, u_0_0, u_0_1)) + Xhat_0*Xhat_1*gamma*D[0](a_0_1)(u_0_0, u_0_1, u_1_0, u_1_1) + Xhat_0*gamma*D[0](r_0)(u_0_0, u_0_1), r_1 -> r_1(u_1_0, u_1_1), D[0](u_0_1)(t) -> Xhat_0^2*gamma*(D[1](a_0_0)(u_0_0, u_0_1, u_0_0, u_0_1) + D[3](a_0_0)(u_0_0, u_0_1, u_0_0, u_0_1)) + Xhat_0*Xhat_1*gamma*D[1](a_0_1)(u_0_0, u_0_1, u_1_0, u_1_1) + Xhat_0*gamma*D[1](r_0)(u_0_0, u_0_1), r_0 -> r_0(u_0_0, u_0_1), a_0_1 -> a_0_1(u_0_0, u_0_1, u_1_0, u_1_1), D[0](u_1_0)(t) -> Xhat_1^2*gamma*(D[0](a_1_1)(u_1_0, u_1_1, u_1_0, u_1_1) + D[2](a_1_1)(u_1_0, u_1_1, u_1_0, u_1_1)) + Xhat_0*Xhat_1*gamma*D[0](a_1_0)(u_1_0, u_1_1, u_0_0, u_0_1) + Xhat_1*gamma*D[0](r_1)(u_1_0, u_1_1), a_1_1 -> a_1_1(u_1_0, u_1_1, u_1_0, u_1_1), r_0() -> 1, a_1_1(u_1_1) -> u_1_1, a_0_1(u_0_1) -> u_0_1, a_0_0(u_0_0) -> u_0_0, r_1() -> 1, a_1_0(u_1_0) -> u_1_0} , [u_0_0(t), u_0_1(t), u_1_0(t), u_1_1(t)] ,  {}
{t -> 0.000000000000000, u_1_1 -> -1.00000000000000, u_1_0 -> -0.700000000000000, u_0_1 -> -0.750000000000000, u_0_0 -> -1.00000000000000} : (-1.00000000000000, -1.00000000000000)
{t -> 0.0100000000000000, u_1_1 -> -0.995987187614174, u_1_0 -> -0.696663612089929, u_0_1 -> -0.746663612089929, u_0_0 -> -0.997226009416839} : (-0.997226009416839, -0.997226009416839)
{t -> 0.0200000000000000, u_1_1 -> -0.991925595874618, u_1_0 -> -0.693302368807901, u_0_1 -> -0.743302368807901, u_0_0 -> -0.994444346886394} : (-0.994444346886394, -0.994444346886394)
{t -> 0.0300000000000000, u_1_1 -> -0.987813679054845, u_1_0 -> -0.689915844542774, u_0_1 -> -0.739915844542774, u_0_0 -> -0.991655241442193} : (-0.991655241442193, -0.991655241442193)
{t -> 0.0400000000000000, u_1_1 -> -0.983649814390119, u_1_0 -> -0.686503604083286, u_0_1 -> -0.736503604083286, u_0_0 -> -0.988858942595377} : (-0.988858942595377, -0.988858942595377)
{t -> 0.0500000000000000, u_1_1 -> -0.979432296856622, u_1_0 -> -0.683065202489412, u_0_1 -> -0.733065202489412, u_0_0 -> -0.986055721825440} : (-0.986055721825440, -0.986055721825440)
{t -> 0.0600000000000000, u_1_1 -> -0.975159333498458, u_1_0 -> -0.679600184983619, u_0_1 -> -0.729600184983619, u_0_0 -> -0.983245874190055} : (-0.983245874190055, -0.983245874190055)
{t -> 0.0700000000000000, u_1_1 -> -0.970829037254215, u_1_0 -> -0.676108086866458, u_0_1 -> -0.726108086866458, u_0_0 -> -0.980429720065067} : (-0.980429720065067, -0.980429720065067)
{t -> 0.0800000000000000, u_1_1 -> -0.966439420228593, u_1_0 -> -0.672588433461749, u_0_1 -> -0.722588433461749, u_0_0 -> -0.977607607026934} : (-0.977607607026934, -0.977607607026934)
{t -> 0.0900000000000000, u_1_1 -> -0.961988386347507, u_1_0 -> -0.669040740097514, u_0_1 -> -0.719040740097514, u_0_0 -> -0.974779911891281} : (-0.974779911891281, -0.974779911891281)
{t -> 0.100000000000000, u_1_1 -> -0.957473723326812, u_1_0 -> -0.665464512129928, u_0_1 -> -0.715464512129928, u_0_0 -> -0.971947042922776} : (-0.971947042922776, -0.971947042922776)
{t -> 0.110000000000000, u_1_1 -> -0.952893093875284, u_1_0 -> -0.661859245018884, u_0_1 -> -0.711859245018884, u_0_0 -> -0.969109442233343} : (-0.969109442233343, -0.969109442233343)
{t -> 0.120000000000000, u_1_1 -> -0.948244026041439, u_1_0 -> -0.658224424465288, u_0_1 -> -0.708224424465288, u_0_0 -> -0.966267588387689} : (-0.966267588387689, -0.966267588387689)
{t -> 0.130000000000000, u_1_1 -> -0.943523902600877, u_1_0 -> -0.654559526622098, u_0_1 -> -0.704559526622098, u_0_0 -> -0.963421999237489} : (-0.963421999237489, -0.963421999237489)
{t -> 0.140000000000000, u_1_1 -> -0.938729949365797, u_1_0 -> -0.650864018393310, u_0_1 -> -0.700864018393310, u_0_0 -> -0.960573235008138} : (-0.960573235008138, -0.960573235008138)
{t -> 0.150000000000000, u_1_1 -> -0.933859222280711, u_1_0 -> -0.647137357837796, u_0_1 -> -0.697137357837796, u_0_0 -> -0.957721901665066} : (-0.957721901665066, -0.957721901665066)
{t -> 0.160000000000000, u_1_1 -> -0.928908593147629, u_1_0 -> -0.643378994698093, u_0_1 -> -0.693378994698093, u_0_0 -> -0.954868654590033} : (-0.954868654590033, -0.954868654590033)
{t -> 0.170000000000000, u_1_1 -> -0.923874733799512, u_1_0 -> -0.639588371078127, u_0_1 -> -0.689588371078127, u_0_0 -> -0.952014202601883} : (-0.952014202601883, -0.952014202601883)
{t -> 0.180000000000000, u_1_1 -> -0.918754098511792, u_1_0 -> -0.635764922298562, u_0_1 -> -0.685764922298562, u_0_0 -> -0.949159312360857} : (-0.949159312360857, -0.949159312360857)
{t -> 0.190000000000000, u_1_1 -> -0.913542904407227, u_1_0 -> -0.631908077964203, u_0_1 -> -0.681908077964203, u_0_0 -> -0.946304813200985} : (-0.946304813200985, -0.946304813200985)
{t -> 0.200000000000000, u_1_1 -> -0.908237109568181, u_1_0 -> -0.628017263284856, u_0_1 -> -0.678017263284856, u_0_0 -> -0.943451602441355} : (-0.943451602441355, -0.943451602441355)
{t -> 0.210000000000000, u_1_1 -> -0.902832388520914, u_1_0 -> -0.624091900699625, u_0_1 -> -0.674091900699625, u_0_0 -> -0.940600651234456} : (-0.940600651234456, -0.940600651234456)
{t -> 0.220000000000000, u_1_1 -> -0.897324104696892, u_1_0 -> -0.620131411865201, u_0_1 -> -0.670131411865201, u_0_0 -> -0.937753011018422} : (-0.937753011018422, -0.937753011018422)
{t -> 0.230000000000000, u_1_1 -> -0.891707279403903, u_1_0 -> -0.616135220081757, u_0_1 -> -0.666135220081757, u_0_0 -> -0.934909820650199} : (-0.934909820650199, -0.934909820650199)
{t -> 0.240000000000000, u_1_1 -> -0.885976556751910, u_1_0 -> -0.612102753246324, u_0_1 -> -0.662102753246325, u_0_0 -> -0.932072314308752} : (-0.932072314308752, -0.932072314308752)
{t -> 0.250000000000000, u_1_1 -> -0.880126163870974, u_1_0 -> -0.608033447443827, u_0_1 -> -0.658033447443827, u_0_0 -> -0.929241830271744} : (-0.929241830271744, -0.929241830271744)
{t -> 0.260000000000000, u_1_1 -> -0.874149865626234, u_1_0 -> -0.603926751311514, u_0_1 -> -0.653926751311514, u_0_0 -> -0.926419820686249} : (-0.926419820686249, -0.926419820686249)
{t -> 0.270000000000000, u_1_1 -> -0.868040912871004, u_1_0 -> -0.599782131344801, u_0_1 -> -0.649782131344801, u_0_0 -> -0.923607862474598} : (-0.923607862474598, -0.923607862474598)
{t -> 0.280000000000000, u_1_1 -> -0.861791983074818, u_1_0 -> -0.595599078353616, u_0_1 -> -0.645599078353616, u_0_0 -> -0.920807669541142} : (-0.920807669541142, -0.920807669541142)
{t -> 0.290000000000000, u_1_1 -> -0.855395111907070, u_1_0 -> -0.591377115330975, u_0_1 -> -0.641377115330975, u_0_0 -> -0.918021106475676} : (-0.918021106475676, -0.918021106475676)
{t -> 0.300000000000000, u_1_1 -> -0.848841614033236, u_1_0 -> -0.587115807063358, u_0_1 -> -0.637115807063358, u_0_0 -> -0.915250203985652} : (-0.915250203985652, -0.915250203985652)
{t -> 0.310000000000000, u_1_1 -> -0.842121990968608, u_1_0 -> -0.582814771900712, u_0_1 -> -0.632814771900712, u_0_0 -> -0.912497176333839} : (-0.912497176333839, -0.912497176333839)
{t -> 0.320000000000000, u_1_1 -> -0.835225823305670, u_1_0 -> -0.578473696219443, u_0_1 -> -0.628473696219443, u_0_0 -> -0.909764441112844} : (-0.909764441112844, -0.909764441112844)
{t -> 0.330000000000000, u_1_1 -> -0.828141643946689, u_1_0 -> -0.574092352264586, u_0_1 -> -0.624092352264586, u_0_0 -> -0.907054641755643} : (-0.907054641755643, -0.907054641755643)
{t -> 0.340000000000000, u_1_1 -> -0.820856788078490, u_1_0 -> -0.569670620261144, u_0_1 -> -0.619670620261144, u_0_0 -> -0.904370673265491} : (-0.904370673265491, -0.904370673265491)
{t -> 0.350000000000000, u_1_1 -> -0.813357214445851, u_1_0 -> -0.565208515959302, u_0_1 -> -0.615208515959302, u_0_0 -> -0.901715711754066} : (-0.901715711754066, -0.901715711754066)
{t -> 0.360000000000000, u_1_1 -> -0.805627290904798, u_1_0 -> -0.560706225152479, u_0_1 -> -0.610706225152479, u_0_0 -> -0.899093248509446} : (-0.899093248509446, -0.899093248509446)
{t -> 0.370000000000000, u_1_1 -> -0.797649535111179, u_1_0 -> -0.556164147223071, u_0_1 -> -0.606164147223071, u_0_0 -> -0.896507129483767} : (-0.896507129483767, -0.896507129483767)
{t -> 0.380000000000000, u_1_1 -> -0.789404298293860, u_1_0 -> -0.551582950491128, u_0_1 -> -0.601582950491128, u_0_0 -> -0.893961601304835} : (-0.893961601304835, -0.893961601304835)
{t -> 0.390000000000000, u_1_1 -> -0.780869376034598, u_1_0 -> -0.546963643161091, u_0_1 -> -0.596963643161091, u_0_0 -> -0.891461365190899} : (-0.891461365190899, -0.891461365190899)
{t -> 0.400000000000000, u_1_1 -> -0.772019524310895, u_1_0 -> -0.542307665127930, u_0_1 -> -0.592307665127930, u_0_0 -> -0.889011640502088} : (-0.889011640502088, -0.889011640502088)
{t -> 0.410000000000000, u_1_1 -> -0.762825850954676, u_1_0 -> -0.537617008047411, u_0_1 -> -0.587617008047411, u_0_0 -> -0.886618240120504} : (-0.886618240120504, -0.886618240120504)
{t -> 0.420000000000000, u_1_1 -> -0.753255040876944, u_1_0 -> -0.532894374266928, u_0_1 -> -0.582894374266928, u_0_0 -> -0.884287660445459} : (-0.884287660445459, -0.884287660445459)
{t -> 0.430000000000000, u_1_1 -> -0.743268355867726, u_1_0 -> -0.528143390064526, u_0_1 -> -0.578143390064526, u_0_0 -> -0.882027189560246} : (-0.882027189560246, -0.882027189560246)
{t -> 0.440000000000000, u_1_1 -> -0.732820323119216, u_1_0 -> -0.523368896187706, u_0_1 -> -0.573368896187706, u_0_0 -> -0.879845038115967} : (-0.879845038115967, -0.879845038115967)
{t -> 0.450000000000000, u_1_1 -> -0.721856985060143, u_1_0 -> -0.518577350720007, u_0_1 -> -0.568577350720007, u_0_0 -> -0.877750498723336} : (-0.877750498723336, -0.877750498723336)
{t -> 0.460000000000000, u_1_1 -> -0.710313516430901, u_1_0 -> -0.513777399073439, u_0_1 -> -0.563777399073439, u_0_0 -> -0.875754141139463} : (-0.875754141139463, -0.875754141139463)
{t -> 0.470000000000000, u_1_1 -> -0.698110904078274, u_1_0 -> -0.508980699471555, u_0_1 -> -0.558980699471555, u_0_0 -> -0.873868052135743} : (-0.873868052135743, -0.873868052135743)
{t -> 0.480000000000000, u_1_1 -> -0.685151194946099, u_1_0 -> -0.504203151497692, u_0_1 -> -0.554203151497692, u_0_0 -> -0.872106130073874} : (-0.872106130073874, -0.872106130073874)
{t -> 0.490000000000000, u_1_1 -> -0.671310476292484, u_1_0 -> -0.499466784480645, u_0_1 -> -0.549466784480645, u_0_0 -> -0.870484443171531} : (-0.870484443171531, -0.870484443171531)
{t -> 0.500000000000000, u_1_1 -> -0.656428106053356, u_1_0 -> -0.494802774764083, u_0_1 -> -0.544802774764083, u_0_0 -> -0.869021652150355} : (-0.869021652150355, -0.869021652150355)
{t -> 0.510000000000000, u_1_1 -> -0.640289410347660, u_1_0 -> -0.490256500530258, u_0_1 -> -0.540256500530258, u_0_0 -> -0.867739467462760} : (-0.867739467462760, -0.867739467462760)
{t -> 0.520000000000000, u_1_1 -> -0.622596238190526, u_1_0 -> -0.485896527011400, u_0_1 -> -0.535896527011400, u_0_0 -> -0.866663012061132} : (-0.866663012061132, -0.866663012061132)
{t -> 0.530000000000000, u_1_1 -> -0.602912999359781, u_1_0 -> -0.481831845879751, u_0_1 -> -0.531831845879751, u_0_0 -> -0.865820635255354} : (-0.865820635255354, -0.865820635255354)
{t -> 0.540000000000000, u_1_1 -> -0.580557445888711, u_1_0 -> -0.478248525524678, u_0_1 -> -0.528248525524678, u_0_0 -> -0.865241567363814} : (-0.865241567363814, -0.865241567363814)
{t -> 0.550000000000000, u_1_1 -> -0.554346033128893, u_1_0 -> -0.475499913115640, u_0_1 -> -0.525499913115640, u_0_0 -> -0.8649  File "direct-evol-plot.sage.py", line 57, in <module>
    aap = lotkavolterra.plot_aij_with_arrows( ad_traj, nlv, scale=_sage_const_0p05  )
  File "/usr/local/src/adaptive-dynamics-research/wmd_files/Selection_Gradients/lotkavolterra.py", line 405, in plot_aij_with_arrows
    aap += arrow( Aij, ( a+scale*s for a,s in zip(Aij, S) ), color='red' )
  File "/usr/local/src/sage/local/lib/python2.7/site-packages/sage/plot/arrow.py", line 454, in arrow
    return arrow2d(tailpoint, headpoint, **kwds)
  File "/usr/local/src/sage/local/lib/python2.7/site-packages/sage/misc/decorators.py", line 705, in wrapper
    return func(*args, **kwds)
  File "/usr/local/src/sage/local/lib/python2.7/site-packages/sage/misc/decorators.py", line 550, in wrapper
    return func(*args, **options)
  File "/usr/local/src/sage/local/lib/python2.7/site-packages/sage/plot/arrow.py", line 563, in arrow2d
    g.add_primitive(Arrow(xtail, ytail, xhead, yhead, options=options))
  File "/usr/local/src/sage/local/lib/python2.7/site-packages/sage/plot/arrow.py", line 176, in __init__
    self.xtail = float(xtail)
  File "sage/symbolic/expression.pyx", line 1177, in sage.symbolic.expression.Expression.__float__ (build/cythonized/sage/symbolic/expression.cpp:8648)
TypeError: unable to simplify to float approximation
[ -e direct-evol-plot.sage.status ] && (rm -f direct-evol-plot.sage.status && mv direct-evol-plot.sage.dmp direct-evol-plot.sage.out) || exit 1
make[1]: *** [direct-evol-plot.sage.out] Error 1
make[1]: Leaving directory `/usr/local/src/adaptive-dynamics-research/wmd_files/Selection_Gradients'
Make failed with exit code 2.
Sat Feb  6 16:12:01 2016
