Thu Mar  3 18:14:15 2016
/usr/bin/make -C /usr/local/src/adaptive-dynamics-research/wmd_files/Selection_Gradients \
    direct-assemble.sage.out.latexml.html
Including .mk files: sage-inline.mk 
Including .mk files from .sage-inline files: avec.sage.mk a-careful.sage.mk
Including .mk files from .step files: aij.py.mk aij-assemble.sage.mk aij-assemble-plot.sage.mk aij-evol.sage.mk aij-evol-plot.sage.mk direct.py.mk direct-assemble.sage.mk direct-assemble-plot.sage.mk direct-evol.sage.mk direct-evol-plot.sage.mk foodweb.py.mk foodweb.sage.mk foodweb-adap.sage.mk foodweb.plot.sage.mk foodweb-2-2.sage.mk foodweb-2-2.plot.sage.mk large.py.mk large-assemble.sage.mk large-assemble-plot.sage.mk large-evol.sage.mk large-evol-plot.sage.mk logistic-S-A-curves.sage.mk maclev-S-A-curve.sage.mk logistic-S-A-curve.sage.mk maclev-1-1.sage.mk maclev-1-1-adap.sage.mk maclev-1-1-mc-adap-geom.sage.mk maclev-1-1-ak-adap-geom.sage.mk S-A-vector-field.sage.mk maclev-1-1-d1A-vector-field.sage.mk maclev-1-1-S-and-d1A-on-curve.sage.mk maclev-1-1-S-and-D-on-curve.sage.mk maclev_1_2_defs.py.mk maclev-1-2-popdyn.sage.mk maclev-1-2-adap.sage.mk maclev-1-2-p.sage.mk maclev-1-2-zngi.sage.mk maclev-1-2-geom.sage.mk maclev_unconstrained_c.py.mk maclev-2-2-c-popdyn.sage.mk maclev-2-2-c-adap.sage.mk maclev-2-2-c-p.sage.mk maclev-2-2-c-zngi.sage.mk maclev-2-2-c-geom.sage.mk maclev_2_2_defs.py.mk maclev-2-2-popdyn.sage.mk maclev-2-2-adap.sage.mk maclev-2-2-p.sage.mk maclev-2-2-zngi.sage.mk maclev-2-2-geom.sage.mk maclev_a_only_defs.py.mk maclev-a-only-popdyn.sage.mk maclev-a-only-adap.sage.mk maclev-a-only-p.sage.mk maclev-a-only-zngi.sage.mk maclev-a-only-geom.sage.mk maclev_a_c.py.mk maclev-2-2-a-c-popdyn.sage.mk maclev-2-2-a-c-adap.sage.mk maclev-2-2-a-c-p.sage.mk maclev-2-2-a-c-zngi.sage.mk maclev-2-2-a-c-geom.sage.mk maclevmodels.py.mk masel_model.py.mk masel.sage.mk masel-adap.sage.mk masel-2-adap.sage.mk statmech.py.mk statmech-assemble.sage.mk statmech-assemble-plot.sage.mk statmech-evol.sage.mk statmech-evol-plot.sage.mk sea.sage.mk sea-adap.sage.mk toc.sage.mk maclev-2-2-zngi-invasion.sage.mk lotkavolterra.py.mk r_selection.py.mk r-selection.sage.mk
Including .tex.d files: foodweb-2-2.tikz.tex.d foodweb.tikz.tex.d
make: Entering directory `/usr/local/src/adaptive-dynamics-research/wmd_files/Selection_Gradients'
perl -f /usr/local/src/workingwiki-trunk/ProjectEngine/resources/site/step.pl direct-assemble-plot.sage '#'
rm -f direct-assemble-plot.sage.out direct-assemble-plot.sage.status direct-assemble.sage.out.tex direct-assemble.svg
(sage direct-assemble-plot.sage && touch direct-assemble-plot.sage.status) | tee direct-assemble-plot.sage.dmp
[ -e direct-assemble-plot.sage.status ] && (rm -f direct-assemble-plot.sage.status && mv direct-assemble-plot.sage.dmp direct-assemble-plot.sage.out) || exit 1
latexml  --destination=direct-assemble.sage.out.latexml.xml direct-assemble.sage.out.tex
latexml (LaTeXML version 0.8.1; revision 9e4814e)
processing started Thu Mar  3 18:14:24 2016

(Digesting TeX direct-assemble.sage.out...
(Loading /usr/local/share/perl/5.18.2/LaTeXML/Package/TeX.pool.ltxml...
(Loading /usr/local/share/perl/5.18.2/LaTeXML/Package/eTeX.pool.ltxml... 0.00 sec)
(Loading /usr/local/share/perl/5.18.2/LaTeXML/Package/pdfTeX.pool.ltxml... 0.01 sec) 0.21 sec)
(Processing content /usr/local/src/adaptive-dynamics-research/wmd_files/Selection_Gradients/direct-assemble.sage.out.tex...
(Loading /usr/local/share/perl/5.18.2/LaTeXML/Package/LaTeX.pool.ltxml... 0.22 sec)
(Loading /usr/local/share/perl/5.18.2/LaTeXML/Package/article.cls.ltxml... 0.02 sec)
(Loading /usr/local/share/perl/5.18.2/LaTeXML/Package/amsmath.sty.ltxml...
(Loading /usr/local/share/perl/5.18.2/LaTeXML/Package/amsbsy.sty.ltxml... 0.00 sec)
(Loading /usr/local/share/perl/5.18.2/LaTeXML/Package/amstext.sty.ltxml... 0.00 sec)
(Loading /usr/local/share/perl/5.18.2/LaTeXML/Package/amsopn.sty.ltxml... 0.00 sec) 0.07 sec)
(Loading /usr/local/share/perl/5.18.2/LaTeXML/Package/amssymb.sty.ltxml...
(Loading /usr/local/share/perl/5.18.2/LaTeXML/Package/amsfonts.sty.ltxml... 0.00 sec) 0.04 sec)
(Loading /usr/local/share/perl/5.18.2/LaTeXML/Package/graphicx.sty.ltxml...
(Loading /usr/local/share/perl/5.18.2/LaTeXML/Package/graphics.sty.ltxml... 0.03 sec) 0.13 sec)
(Loading /usr/local/share/perl/5.18.2/LaTeXML/Package/inputenc.sty.ltxml...
(Loading /usr/local/share/perl/5.18.2/LaTeXML/Package/utf8.def.ltxml... 0.00 sec) 0.01 sec)
(Loading /usr/local/share/perl/5.18.2/LaTeXML/Package/fontenc.sty.ltxml...
(Loading /usr/local/share/perl/5.18.2/LaTeXML/Package/t1enc.def.ltxml...
(Processing definitions /usr/share/texlive/texmf-dist/tex/latex/base/t1enc.def...
(Loading /usr/local/share/perl/5.18.2/LaTeXML/Package/t1.fontmap.ltxml... 0.03 sec) 0.12 sec) 0.22 sec) 0.24 sec)
(Loading /usr/local/share/perl/5.18.2/LaTeXML/Package/latexml.sty.ltxml... 0.02 sec) 0.92 sec) 1.15 sec)
(Building...
(Loading compiled schema /usr/local/share/perl/5.18.2/LaTeXML/resources/RelaxNG/LaTeXML.model... 0.03 sec)..... 0.22 sec)
(Rewriting... 0.01 sec)
(Math Parsing...6 formulae ...[1][2][3][4][5][6]
Math parsing succeeded:
   ltx:XMArg: 48/48
   ltx:XMath: 6/6
Symbols assumed as simple identifiers (with # of occurences):
   'X{italic}' (20), 'd{italic}' (8), 't{italic}' (4), 'u{italic}' (8)
 0.25 sec)
(Finalizing... 0.02 sec)
Conversion complete: No obvious problems.
processing finished Thu Mar  3 18:14:26 2016
Updating .workingwiki/direct-assemble.sage.out.latexml.xml
rm -f direct-assemble.sage.out.latexml.html5
bibxmls=`perl -ne '($_)=/^[^%]*\\\bibliography\{([^\\\\#]*?)\}/;@_=split /,/;foreach $b (@_) { $b =~ s/\.bib$//; print "$b.bib.xml "}' direct-assemble.sage.out.latexml.xml`; bibxargs=`perl -ne '($_)=/^[^%]*\\\bibliography\{([^\\\\#]*?)\}/;@_=split /,/;foreach $b (@_) { $b =~ s/\.bib$//; print "--bibliography=$b.bib.xml "}' direct-assemble.sage.out.latexml.xml` && \
	(test -z "$bibxmls" || /usr/bin/make -f /usr/local/src/workingwiki-trunk/ProjectEngine/resources/makefile $bibxmls) && \
	lxpost="latexmlpost  --novalidate --destination=direct-assemble.sage.out.intermediate.latexml.html5 --format=html5 $bibxargs direct-assemble.sage.out.latexml.xml" && echo $lxpost && $lxpost
latexmlpost --novalidate --destination=direct-assemble.sage.out.intermediate.latexml.html5 --format=html5 direct-assemble.sage.out.latexml.xml
latexmlpost (LaTeXML version 0.8.1; revision 9e4814e)
processing started Thu Mar  3 18:14:27 2016
(direct-assemble.sage.out.intermediate.latexml.html5 post-processing...
(Scan direct-assemble.sage.out.intermediate.latexml.html5 processing... 0.01 sec)
(CrossRef direct-assemble.sage.out.intermediate.latexml.html5 processing... 0.00 sec)
(MathML::Presentation direct-assemble.sage.out.intermediate.latexml.html5 6 to process... 0.04 sec)
(XSLT[using LaTeXML-html5.xsl] direct-assemble.sage.out.intermediate.latexml.html5 processing... 0.03 sec)
(Writer direct-assemble.sage.out.intermediate.latexml.html5 processing... 0.02 sec) 0.10 sec)
Postprocessing complete: No obvious problems
processing finished Thu Mar  3 18:14:28 2016
/usr/local/src/workingwiki-trunk/ProjectEngine/resources/wiki-inclusion.latexml.pl direct-assemble.sage.out.intermediate.latexml.html5 >direct-assemble.sage.out.latexml.html5
ln -f direct-assemble.sage.out.latexml.html5 direct-assemble.sage.out.latexml.html
rm direct-assemble.sage.out.latexml.html5 direct-assemble.sage.out.latexml.xml
make: Leaving directory `/usr/local/src/adaptive-dynamics-research/wmd_files/Selection_Gradients'
Make succeeded.
Thu Mar  3 18:14:28 2016
