[Xhat_0*u_0_0 + Xhat_1*u_0_1 + 1, Xhat_0*u_1_0 + Xhat_1*u_1_1 + 1]
set_population_indices: [0, 1, 2]
The invasion rate for mutant population is:
\begin{align*}
  \mathscr I = \frac{1}{X_{2}}\frac{dX_{2}}{dt} &= \frac{X_{0} X_{2} {u}_{20} + X_{1} X_{2} {u}_{21} + X_{2}^{2} {u}_{22} + X_{2}}{X_{2}} 
\end{align*}

limit as {u_0_2: u_0_0, u_1_2: u_1_0}
simplify to 0
simplify to 0
after those limits:
   0
  0
simplify to 0
simplify to 0
set_population_indices: [0, 1, 2]
The invasion rate for mutant population is:
\begin{align*}
  \mathscr I = \frac{1}{X_{2}}\frac{dX_{2}}{dt} &= \frac{X_{0} X_{2} {u}_{20} + X_{1} X_{2} {u}_{21} + X_{2}^{2} {u}_{22} + X_{2}}{X_{2}} 
\end{align*}

limit as {u_0_2: u_0_1, u_1_2: u_1_1}
simplify to 0
simplify to 0
after those limits:
   0
  0
simplify to 0
simplify to 0
set_population_indices: [0, 1, 2]
The invasion rate for mutant population is:
\begin{align*}
  \mathscr I = \frac{1}{X_{2}}\frac{dX_{2}}{dt} &= \frac{X_{0} X_{2} {u}_{20} + X_{1} X_{2} {u}_{21} + X_{2}^{2} {u}_{22} + X_{2}}{X_{2}} 
\end{align*}

limit as {u_0_2: u_0_0, u_1_2: u_1_0}
simplify to 0
simplify to 0
after those limits:
   0
  0
simplify to 0
simplify to 0
set_population_indices: [0, 1, 2]
The invasion rate for mutant population is:
\begin{align*}
  \mathscr I = \frac{1}{X_{2}}\frac{dX_{2}}{dt} &= \frac{X_{0} X_{2} {u}_{20} + X_{1} X_{2} {u}_{21} + X_{2}^{2} {u}_{22} + X_{2}}{X_{2}} 
\end{align*}

limit as {u_0_2: u_0_1, u_1_2: u_1_1}
simplify to 0
simplify to 0
after those limits:
   0
  0
simplify to 0
simplify to 0
ad bindings: { Xhat_1 -> (u_0_0 - u_1_0)/(u_0_1*u_1_0 - u_0_0*u_1_1), Xhat_0 -> -(u_0_1 - u_1_1)/(u_0_1*u_1_0 - u_0_0*u_1_1), gamma -> 1 }
model bindings: { gamma -> 1 }
_early_bindings: {  }
_late_bindings: {  }
make LV model
Inferring LV coefficients from X_0 equation: X_0^2*u_0_0 + X_0*X_1*u_0_1 + X_0
a_0_1 : u_0_1
r_0 : 1
Inferring LV coefficients from X_1 equation: X_0*X_1*u_1_0 + X_1^2*u_1_1 + X_1
a_1_0 : u_1_0
r_1 : 1
aij_dict: {a_1_1: u_1_1, a_0_0: u_0_0, r_1: 1, r_0: 1, a_1_0: u_1_0, a_0_1: u_0_1}
set_population_indices: [0, 1]
Inferring LV coefficients from X_0 equation: X_0^2*u_0_0 + X_0*X_1*u_0_1 + X_0
a_0_1 : u_0_1
r_0 : 1
Inferring LV coefficients from X_1 equation: X_0*X_1*u_1_0 + X_1^2*u_1_1 + X_1
a_1_0 : u_1_0
r_1 : 1
aij_dict: {a_1_1: u_1_1, a_0_0: u_0_0, r_1: 1, r_0: 1, a_1_0: u_1_0, a_0_1: u_0_1}
_A_bindings: { a_1_1 -> u_1_1, a_0_0 -> u_0_0, a_1_0 -> u_1_0, r_1 -> 1, r_0 -> 1, a_0_1 -> u_0_1 }
make LV adaptive dynamics
population vars [X_0, X_1]
population vars [X_0, X_1]
set_population_indices: [0, 1, 2]
set_population_indices: [0, 1, 2]
Inferring LV coefficients from X_0 equation: X_0^2*u_0_0 + X_0*X_1*u_0_1 + X_0*X_2*u_0_2 + X_0
a_0_1 : u_0_1
a_0_2 : u_0_2
r_0 : 1
Inferring LV coefficients from X_1 equation: X_0*X_1*u_1_0 + X_1^2*u_1_1 + X_1*X_2*u_1_2 + X_1
a_1_0 : u_1_0
a_1_2 : u_1_2
r_1 : 1
Inferring LV coefficients from X_2 equation: X_0*X_2*u_2_0 + X_1*X_2*u_2_1 + X_2^2*u_2_2 + X_2
a_2_0 : u_2_0
a_2_1 : u_2_1
r_2 : 1
aij_dict: {a_1_1: u_1_1, a_0_0: u_0_0, a_2_1: u_2_1, r_1: 1, r_0: 1, a_2_0: u_2_0, a_1_0: u_1_0, a_0_1: u_0_1, r_2: 1, a_2_2: u_2_2, a_0_2: u_0_2, a_1_2: u_1_2}
The invasion rate for mutant population is:
\begin{align*}
  \mathscr I = \frac{1}{X_{2}}\frac{dX_{2}}{dt} &= X_{0} {a}_{20} + X_{1} {a}_{21} + X_{2} {a}_{22} + r_{2} 
\end{align*}

limit as {a_2_1: a_0_1, a_2_0: a_0_0, r_2: r_0}
simplify to 1
simplify to X_0
simplify to X_1
after those limits:
   1
  X_0
  X_1
simplify to 1
simplify to X_0
simplify to X_1
set_population_indices: [0, 1, 2]
set_population_indices: [0, 1, 2]
Inferring LV coefficients from X_0 equation: X_0^2*u_0_0 + X_0*X_1*u_0_1 + X_0*X_2*u_0_2 + X_0
a_0_1 : u_0_1
a_0_2 : u_0_2
r_0 : 1
Inferring LV coefficients from X_1 equation: X_0*X_1*u_1_0 + X_1^2*u_1_1 + X_1*X_2*u_1_2 + X_1
a_1_0 : u_1_0
a_1_2 : u_1_2
r_1 : 1
Inferring LV coefficients from X_2 equation: X_0*X_2*u_2_0 + X_1*X_2*u_2_1 + X_2^2*u_2_2 + X_2
a_2_0 : u_2_0
a_2_1 : u_2_1
r_2 : 1
aij_dict: {a_1_1: u_1_1, a_0_0: u_0_0, a_2_1: u_2_1, r_1: 1, r_0: 1, a_2_0: u_2_0, a_1_0: u_1_0, a_0_1: u_0_1, r_2: 1, a_2_2: u_2_2, a_0_2: u_0_2, a_1_2: u_1_2}
The invasion rate for mutant population is:
\begin{align*}
  \mathscr I = \frac{1}{X_{2}}\frac{dX_{2}}{dt} &= X_{0} {a}_{20} + X_{1} {a}_{21} + X_{2} {a}_{22} + r_{2} 
\end{align*}

limit as {a_2_1: a_1_1, a_2_0: a_1_0, r_2: r_1}
simplify to 1
simplify to X_0
simplify to X_1
after those limits:
   1
  X_0
  X_1
simplify to 1
simplify to X_0
simplify to X_1
make LV evolution bindings
ad bindings: { X_1 -> Xhat_1, gamma -> 1, X_0 -> Xhat_0 }
model bindings: { gamma -> 1 }
_early_bindings: {  }
_late_bindings: {  }
make LV model
Inferring LV coefficients from X_0 equation: X_0^2*u_0_0 + X_0*X_1*u_0_1 + X_0
a_0_1 : u_0_1
r_0 : 1
Inferring LV coefficients from X_1 equation: X_0*X_1*u_1_0 + X_1^2*u_1_1 + X_1
a_1_0 : u_1_0
r_1 : 1
aij_dict: {a_1_1: u_1_1, a_0_0: u_0_0, r_1: 1, r_0: 1, a_1_0: u_1_0, a_0_1: u_0_1}
set_population_indices: [0, 1]
Inferring LV coefficients from X_0 equation: X_0^2*u_0_0 + X_0*X_1*u_0_1 + X_0
a_0_1 : u_0_1
r_0 : 1
Inferring LV coefficients from X_1 equation: X_0*X_1*u_1_0 + X_1^2*u_1_1 + X_1
a_1_0 : u_1_0
r_1 : 1
aij_dict: {a_1_1: u_1_1, a_0_0: u_0_0, r_1: 1, r_0: 1, a_1_0: u_1_0, a_0_1: u_0_1}
_A_bindings: { a_1_1 -> u_1_1, a_0_0 -> u_0_0, a_1_0 -> u_1_0, r_1 -> 1, r_0 -> 1, a_0_1 -> u_0_1 }
make LV adaptive dynamics
population vars [X_0, X_1]
population vars [X_0, X_1]
set_population_indices: [0, 1, 2]
set_population_indices: [0, 1, 2]
Inferring LV coefficients from X_0 equation: X_0^2*u_0_0 + X_0*X_1*u_0_1 + X_0*X_2*u_0_2 + X_0
a_0_1 : u_0_1
a_0_2 : u_0_2
r_0 : 1
Inferring LV coefficients from X_1 equation: X_0*X_1*u_1_0 + X_1^2*u_1_1 + X_1*X_2*u_1_2 + X_1
a_1_0 : u_1_0
a_1_2 : u_1_2
r_1 : 1
Inferring LV coefficients from X_2 equation: X_0*X_2*u_2_0 + X_1*X_2*u_2_1 + X_2^2*u_2_2 + X_2
a_2_0 : u_2_0
a_2_1 : u_2_1
r_2 : 1
aij_dict: {a_1_1: u_1_1, a_0_0: u_0_0, a_2_1: u_2_1, r_1: 1, r_0: 1, a_2_0: u_2_0, a_1_0: u_1_0, a_0_1: u_0_1, r_2: 1, a_2_2: u_2_2, a_0_2: u_0_2, a_1_2: u_1_2}
The invasion rate for mutant population is:
\begin{align*}
  \mathscr I = \frac{1}{X_{2}}\frac{dX_{2}}{dt} &= X_{0} {a}_{20} + X_{1} {a}_{21} + X_{2} {a}_{22} + r_{2} 
\end{align*}

limit as {a_2_1: a_0_1, a_2_0: a_0_0, r_2: r_0}
simplify to 1
simplify to X_0
simplify to X_1
after those limits:
   1
  X_0
  X_1
simplify to 1
simplify to X_0
simplify to X_1
set_population_indices: [0, 1, 2]
set_population_indices: [0, 1, 2]
Inferring LV coefficients from X_0 equation: X_0^2*u_0_0 + X_0*X_1*u_0_1 + X_0*X_2*u_0_2 + X_0
a_0_1 : u_0_1
a_0_2 : u_0_2
r_0 : 1
Inferring LV coefficients from X_1 equation: X_0*X_1*u_1_0 + X_1^2*u_1_1 + X_1*X_2*u_1_2 + X_1
a_1_0 : u_1_0
a_1_2 : u_1_2
r_1 : 1
Inferring LV coefficients from X_2 equation: X_0*X_2*u_2_0 + X_1*X_2*u_2_1 + X_2^2*u_2_2 + X_2
a_2_0 : u_2_0
a_2_1 : u_2_1
r_2 : 1
aij_dict: {a_1_1: u_1_1, a_0_0: u_0_0, a_2_1: u_2_1, r_1: 1, r_0: 1, a_2_0: u_2_0, a_1_0: u_1_0, a_0_1: u_0_1, r_2: 1, a_2_2: u_2_2, a_0_2: u_0_2, a_1_2: u_1_2}
The invasion rate for mutant population is:
\begin{align*}
  \mathscr I = \frac{1}{X_{2}}\frac{dX_{2}}{dt} &= X_{0} {a}_{20} + X_{1} {a}_{21} + X_{2} {a}_{22} + r_{2} 
\end{align*}

limit as {a_2_1: a_1_1, a_2_0: a_1_0, r_2: r_1}
simplify to 1
simplify to X_0
simplify to X_1
after those limits:
   1
  X_0
  X_1
simplify to 1
simplify to X_0
simplify to X_1
make LV evolution bindings
