(('a_1_1', (u_1_0, u_1_1, u_1_0, u_1_1)), u_1_1) as tuple:expr?
{('a_1_1', (u_1_0, u_1_1, u_1_0, u_1_1)): u_1_1}
(('r_0', (u_0_0, u_0_1)), 1) as tuple:expr?
{('r_0', (u_0_0, u_0_1)): 1}
(('a_1_0', (u_1_0, u_1_1, u_0_0, u_0_1)), u_1_0) as tuple:expr?
{('a_1_0', (u_1_0, u_1_1, u_0_0, u_0_1)): u_1_0}
(('r_1', (u_1_0, u_1_1)), 1) as tuple:expr?
{('r_1', (u_1_0, u_1_1)): 1}
(('a_0_0', (u_0_0, u_0_1, u_0_0, u_0_1)), u_0_0) as tuple:expr?
{('a_0_0', (u_0_0, u_0_1, u_0_0, u_0_1)): u_0_0}
(('a_0_1', (u_0_0, u_0_1, u_1_0, u_1_1)), u_0_1) as tuple:expr?
{('a_0_1', (u_0_0, u_0_1, u_1_0, u_1_1)): u_0_1}
(('a_1_1', (u_1_0, u_1_1, u_1_0, u_1_1)), u_1_1) as tuple:expr?
{('a_1_1', (u_1_0, u_1_1, u_1_0, u_1_1)): u_1_1}
(('r_0', (u_0_0, u_0_1)), 1) as tuple:expr?
{('r_0', (u_0_0, u_0_1)): 1}
(('a_0_1', (u_0_0, u_0_1, u_1_0, u_1_1)), u_0_1) as tuple:expr?
{('a_0_1', (u_0_0, u_0_1, u_1_0, u_1_1)): u_0_1}
(('r_1', (u_1_0, u_1_1)), 1) as tuple:expr?
{('r_1', (u_1_0, u_1_1)): 1}
(('a_0_0', (u_0_0, u_0_1, u_0_0, u_0_1)), u_0_0) as tuple:expr?
{('a_0_0', (u_0_0, u_0_1, u_0_0, u_0_1)): u_0_0}
(('a_1_0', (u_1_0, u_1_1, u_0_0, u_0_1)), u_1_0) as tuple:expr?
{('a_1_0', (u_1_0, u_1_1, u_0_0, u_0_1)): u_1_0}
A: (-1.00000000000000, -1.00000000000000)
S: (0.526315789473684, 0.526315789473684)
D: (Xhat_0^2*gamma, Xhat_0^2*gamma)
D: (0.277008310249307, 0.277008310249307)
I: (0, 0)
I: (0, 0)
dAdt: (0.277008310249307, 0.277008310249307)
A: (-0.750000000000000, -0.700000000000000)
S: (0.631578947368421, 0.526315789473684)
D: (Xhat_0*Xhat_1*gamma, Xhat_0*Xhat_1*gamma)
D: (0.332409972299169, 0.332409972299169)
I: (0, 0)
I: (0, 0)
dAdt: (0.332409972299169, 0.332409972299169)
A: (-0.700000000000000, -0.750000000000000)
S: (0.526315789473684, 0.631578947368421)
D: (Xhat_0*Xhat_1*gamma, Xhat_0*Xhat_1*gamma)
D: (0.332409972299169, 0.332409972299169)
I: (0, 0)
I: (0, 0)
dAdt: (0.332409972299169, 0.332409972299169)
A: (-1.00000000000000, -1.00000000000000)
S: (0.631578947368421, 0.631578947368421)
D: (Xhat_1^2*gamma, Xhat_1^2*gamma)
D: (0.398891966759003, 0.398891966759003)
I: (0, 0)
I: (0, 0)
dAdt: (0.398891966759003, 0.398891966759003)
