Wed Jul 20 14:37:03 2016
/usr/bin/make -C /usr/local/src/adaptive-dynamics-research/wmd_files/Selection_Gradients \
    foodweb2-pred-prey-adap.png
Including .mk files: sage-inline.mk 
Including .mk files from .sage-inline files: avec.sage.mk a-careful.sage.mk
Including .mk files from .step files: aij.py.mk aij-assemble.sage.mk aij-assemble-plot.sage.mk aij-evol.sage.mk aij-evol-plot.sage.mk direct.py.mk direct-assemble.sage.mk direct-assemble-plot.sage.mk direct-evol.sage.mk direct-evol-plot.sage.mk foodweb.py.mk foodweb.sage.mk foodweb-adap.sage.mk foodweb.plot.sage.mk foodweb-2-2.sage.mk foodweb-2-2.plot.sage.mk foodweb2.py.mk foodweb2.sage.mk foodweb2-adap.sage.mk foodweb2-adap-traj.sage.mk foodweb2.plot.sage.mk foodweb2-2-2.sage.mk foodweb2-2-2.plot.sage.mk large.py.mk large-assemble.sage.mk large-assemble-plot.sage.mk large-evol.sage.mk large-evol-plot.sage.mk logistic-S-A-curves.sage.mk maclev-S-A-curve.sage.mk logistic-S-A-curve.sage.mk maclev-1-1.sage.mk maclev-1-1-adap.sage.mk maclev-1-1-mc-adap-geom.sage.mk maclev-1-1-ak-adap-geom.sage.mk S-A-vector-field.sage.mk maclev-1-1-d1A-vector-field.sage.mk maclev-1-1-S-and-d1A-on-curve.sage.mk maclev-1-1-S-and-D-on-curve.sage.mk maclev_1_2_defs.py.mk maclev-1-2-popdyn.sage.mk maclev-1-2-adap.sage.mk maclev-1-2-p.sage.mk maclev-1-2-zngi.sage.mk maclev-1-2-geom.sage.mk maclev_unconstrained_c.py.mk maclev-2-2-c-popdyn.sage.mk maclev-2-2-c-adap.sage.mk maclev-2-2-c-p.sage.mk maclev-2-2-c-zngi.sage.mk maclev-2-2-c-geom.sage.mk maclev_2_2_defs.py.mk maclev-2-2-popdyn.sage.mk maclev-2-2-adap.sage.mk maclev-2-2-p.sage.mk maclev-2-2-zngi.sage.mk maclev-2-2-geom.sage.mk maclev_a_only_defs.py.mk maclev-a-only-popdyn.sage.mk maclev-a-only-adap.sage.mk maclev-a-only-p.sage.mk maclev-a-only-zngi.sage.mk maclev-a-only-geom.sage.mk maclev_a_c.py.mk maclev-2-2-a-c-popdyn.sage.mk maclev-2-2-a-c-adap.sage.mk maclev-2-2-a-c-p.sage.mk maclev-2-2-a-c-zngi.sage.mk maclev-2-2-a-c-geom.sage.mk maclevmodels.py.mk masel_model.py.mk masel.sage.mk masel-adap.sage.mk masel-2-adap.sage.mk statmech.py.mk statmech-assemble.sage.mk statmech-assemble-plot.sage.mk statmech-evol.sage.mk statmech-evol-plot.sage.mk sea.sage.mk sea-adap.sage.mk sea-down.sage.mk sea-down-test.sage.mk sea-vf.sage.mk sea-zero.sage.mk sea-ass.sage.mk sea-tran.sage.mk sea-all.sage.mk sea-up.sage.mk sea-up-a.sage.mk sea-ass-a.sage.mk toc.sage.mk maclev-2-2-zngi-invasion.sage.mk lotkavolterra.py.mk r_selection.py.mk r-selection.sage.mk
Including .tex.d files: foodweb-2-2.tikz.tex.d foodweb2.tikz.tex.d foodweb.tikz.tex.d
make[1]: Entering directory `/usr/local/src/adaptive-dynamics-research/wmd_files/Selection_Gradients'
rm -f foodweb2-adap-traj.sage.out foodweb2-adap-traj.sage.status foodweb2-adap-traj.sobj
(sage foodweb2-adap-traj.sage && touch foodweb2-adap-traj.sage.status) | tee foodweb2-adap-traj.sage.dmp
[ -e foodweb2-adap-traj.sage.status ] && (rm -f foodweb2-adap-traj.sage.status && mv foodweb2-adap-traj.sage.dmp foodweb2-adap-traj.sage.out) || exit 1
perl -f /usr/local/src/workingwiki-trunk/ProjectEngine/resources/site/step.pl foodweb2.plot.sage '#'
rm -f foodweb2.plot.sage.out foodweb2.plot.sage.status foodweb2.plot.sage.out.tex  foodweb2-pred-prey-adap.png foodweb2-pred-prey-adap.svg foodweb2-pred-prey-adap-difference.png foodweb2-pred-prey-a-vs-t.png foodweb2-pred-prey-a-vs-a.png foodweb2-pred-prey-x-vs-t.png
(sage foodweb2.plot.sage && touch foodweb2.plot.sage.status) | tee foodweb2.plot.sage.dmp
flow at initial conditions: {sigma_a_0: -0.00469552406155899, u_b_0: 0.00603566074688757, gamma_a_0: 0, gamma_b_0: 0.00422597165540309, u_a_0: 0.00684041551313924, sigma_b_0: 0}
ad bindings: {Xhat_a_0 -> 1250/9/((gamma_b_0 + 50)*(2*cos(-u_a_0 + u_b_0) + 5)), Xhat_b_0 -> 125/9*(9*(gamma_b_0 + 50)*(2*cos(-u_a_0 + u_b_0) + 5) - 1250)/((gamma_b_0*sigma_a_0 + 50*gamma_b_0 + 50*sigma_a_0 + 2500)*(2*cos(-u_a_0 + u_b_0) + 5)^2), m -> 1, X_a_0 -> 1250/9/((gamma_b_0 + 50)*(2*cos(-u_a_0 + u_b_0) + 5)), slow -> 1/50, gamma -> 1, X_b_0 -> 125/9*(9*(gamma_b_0 + 50)*(2*cos(-u_a_0 + u_b_0) + 5) - 1250)/((gamma_b_0*sigma_a_0 + 50*gamma_b_0 + 50*sigma_a_0 + 2500)*(2*cos(-u_a_0 + u_b_0) + 5)^2), k -> 9/10, r -> 1, f(u,v) -> 4/5*cos(u - v) + 2}
model bindings: {Xhat_a_0 -> 1/((gamma_b_0*k*slow + k)*f(u_b_0, u_a_0)), gamma -> 1, m -> 1, r -> 1, Xhat_b_0 -> ((gamma_b_0*k*slow + k)*f(u_b_0, u_a_0) - 1)/((gamma_b_0*k*sigma_a_0*slow^2 + (gamma_b_0*k + k*sigma_a_0)*slow + k)*f(u_b_0, u_a_0)^2)}
_early_bindings: {k -> 9/10, slow -> 1/50, f(u,v) -> 4/5*cos(u - v) + 2}
_late_bindings: {}
make LV model
Inferring LV coefficients from X_b_0 equation: X_a_0*X_b_0*gamma_b_0*k*slow*f(u_b_0, u_a_0) + X_a_0*X_b_0*k*f(u_b_0, u_a_0) - X_b_0
a_0_b_0_a : gamma_b_0*k*slow*f(u_b_0, u_a_0) + k*f(u_b_0, u_a_0)
r_b_0 : -1
Inferring LV coefficients from X_a_0 equation: -X_a_0*X_b_0*sigma_a_0*slow*f(u_b_0, u_a_0) - X_a_0*X_b_0*f(u_b_0, u_a_0) - X_a_0^2 + X_a_0
a_0_a_0_b : -sigma_a_0*slow*f(u_b_0, u_a_0) - f(u_b_0, u_a_0)
r_a_0 : 1
aij_dict: {r_b_0: -1, a_0_a_0_a: -1, a_0_a_0_b: -sigma_a_0*slow*f(u_b_0, u_a_0) - f(u_b_0, u_a_0), r_a_0: 1, a_0_b_0_b: 0, a_0_b_0_a: gamma_b_0*k*slow*f(u_b_0, u_a_0) + k*f(u_b_0, u_a_0)}
set_population_indices: [(b, 0), (a, 0)]
Inferring LV coefficients from X_b_0 equation: X_a_0*X_b_0*gamma_b_0*k*slow*f(u_b_0, u_a_0) + X_a_0*X_b_0*k*f(u_b_0, u_a_0) - X_b_0
a_0_b_0_a : gamma_b_0*k*slow*f(u_b_0, u_a_0) + k*f(u_b_0, u_a_0)
r_b_0 : -1
Inferring LV coefficients from X_a_0 equation: -X_a_0*X_b_0*sigma_a_0*slow*f(u_b_0, u_a_0) - X_a_0*X_b_0*f(u_b_0, u_a_0) - X_a_0^2 + X_a_0
a_0_a_0_b : -sigma_a_0*slow*f(u_b_0, u_a_0) - f(u_b_0, u_a_0)
r_a_0 : 1
aij_dict: {r_b_0: -1, a_0_a_0_a: -1, a_0_a_0_b: -sigma_a_0*slow*f(u_b_0, u_a_0) - f(u_b_0, u_a_0), r_a_0: 1, a_0_b_0_b: 0, a_0_b_0_a: gamma_b_0*k*slow*f(u_b_0, u_a_0) + k*f(u_b_0, u_a_0)}
_A_bindings: {a_0_b_0_b -> 0, r_b_0 -> -1, a_0_a_0_a -> -1, a_0_b_0_a -> gamma_b_0*k*slow*f(u_b_0, u_a_0) + k*f(u_b_0, u_a_0), a_0_a_0_b -> -sigma_a_0*slow*f(u_b_0, u_a_0) - f(u_b_0, u_a_0), r_a_0 -> 1}
make LV adaptive dynamics
population vars [X_b_0, X_a_0]
population vars [X_b_0, X_a_0]
set_population_indices: [(b, 0), (a, 0), (b, 1)]
basal: [a]
set_population_indices: [(b, 0), (a, 0), (b, 1)]
Inferring LV coefficients from X_b_0 equation: X_a_0*X_b_0*gamma_b_0*k*slow*f(u_b_0, u_a_0) + X_a_0*X_b_0*k*f(u_b_0, u_a_0) - X_b_0
a_0_b_0_a : gamma_b_0*k*slow*f(u_b_0, u_a_0) + k*f(u_b_0, u_a_0)
a_0_b_1_b : 0
r_b_0 : -1
Inferring LV coefficients from X_a_0 equation: -X_a_0*X_b_0*sigma_a_0*slow*f(u_b_0, u_a_0) - X_a_0*X_b_1*sigma_a_0*slow*f(u_b_1, u_a_0) - X_a_0*X_b_0*f(u_b_0, u_a_0) - X_a_0*X_b_1*f(u_b_1, u_a_0) - X_a_0^2 + X_a_0
a_0_a_0_b : -sigma_a_0*slow*f(u_b_0, u_a_0) - f(u_b_0, u_a_0)
a_0_a_1_b : -sigma_a_0*slow*f(u_b_1, u_a_0) - f(u_b_1, u_a_0)
r_a_0 : 1
Inferring LV coefficients from X_b_1 equation: X_a_0*X_b_1*gamma_b_1*k*slow*f(u_b_1, u_a_0) + X_a_0*X_b_1*k*f(u_b_1, u_a_0) - X_b_1
a_1_b_0_b : 0
a_1_b_0_a : gamma_b_1*k*slow*f(u_b_1, u_a_0) + k*f(u_b_1, u_a_0)
r_b_1 : -1
aij_dict: {a_1_b_1_b: 0, r_b_0: -1, a_0_a_0_a: -1, r_b_1: -1, a_0_b_1_b: 0, a_0_a_0_b: -sigma_a_0*slow*f(u_b_0, u_a_0) - f(u_b_0, u_a_0), r_a_0: 1, a_0_b_0_b: 0, a_1_b_0_b: 0, a_0_a_1_b: -sigma_a_0*slow*f(u_b_1, u_a_0) - f(u_b_1, u_a_0), a_1_b_0_a: gamma_b_1*k*slow*f(u_b_1, u_a_0) + k*f(u_b_1, u_a_0), a_0_b_0_a: gamma_b_0*k*slow*f(u_b_0, u_a_0) + k*f(u_b_0, u_a_0)}
The invasion rate for mutant population is:
\begin{align*}
  \mathscr I = \frac{1}{{X}_{{b}{1}}}\frac{d{X}_{{b}{1}}}{dt} &= {X}_{{a}{0}} {a}_{{1}{b}{0}{a}} + {X}_{{b}{0}} {a}_{{1}{b}{0}{b}} + {X}_{{b}{1}} {a}_{{1}{b}{1}{b}} + {r}_{{b}{1}} 
\end{align*}

limit as {a_1_b_0_a: a_0_b_0_a, r_b_1: r_b_0, a_1_b_0_b: a_0_b_0_b}
simplify to 1
simplify to X_b_0
simplify to X_a_0
after those limits:
   1
  X_b_0
  X_a_0
simplify to 1
simplify to X_b_0
simplify to X_a_0
set_population_indices: [(b, 0), (a, 0), (a, 1)]
basal: [a]
set_population_indices: [(b, 0), (a, 0), (a, 1)]
Inferring LV coefficients from X_b_0 equation: X_a_0*X_b_0*gamma_b_0*k*slow*f(u_b_0, u_a_0) + X_a_1*X_b_0*gamma_b_0*k*slow*f(u_b_0, u_a_1) + X_a_0*X_b_0*k*f(u_b_0, u_a_0) + X_a_1*X_b_0*k*f(u_b_0, u_a_1) - X_b_0
a_0_b_0_a : gamma_b_0*k*slow*f(u_b_0, u_a_0) + k*f(u_b_0, u_a_0)
a_0_b_1_a : gamma_b_0*k*slow*f(u_b_0, u_a_1) + k*f(u_b_0, u_a_1)
r_b_0 : -1
Inferring LV coefficients from X_a_0 equation: -X_a_0*X_b_0*sigma_a_0*slow*f(u_b_0, u_a_0) - X_a_0*X_b_0*f(u_b_0, u_a_0) - X_a_0^2 - X_a_0*X_a_1 + X_a_0
a_0_a_0_b : -sigma_a_0*slow*f(u_b_0, u_a_0) - f(u_b_0, u_a_0)
a_0_a_1_a : -1
r_a_0 : 1
Inferring LV coefficients from X_a_1 equation: -X_a_1*X_b_0*sigma_a_1*slow*f(u_b_0, u_a_1) - X_a_1*X_b_0*f(u_b_0, u_a_1) - X_a_0*X_a_1 - X_a_1^2 + X_a_1
a_1_a_0_b : -sigma_a_1*slow*f(u_b_0, u_a_1) - f(u_b_0, u_a_1)
a_1_a_0_a : -1
r_a_1 : 1
aij_dict: {a_1_a_1_a: -1, r_b_0: -1, a_0_a_0_a: -1, r_a_1: 1, a_0_b_1_a: gamma_b_0*k*slow*f(u_b_0, u_a_1) + k*f(u_b_0, u_a_1), a_0_a_0_b: -sigma_a_0*slow*f(u_b_0, u_a_0) - f(u_b_0, u_a_0), r_a_0: 1, a_0_b_0_b: 0, a_1_a_0_b: -sigma_a_1*slow*f(u_b_0, u_a_1) - f(u_b_0, u_a_1), a_0_a_1_a: -1, a_1_a_0_a: -1, a_0_b_0_a: gamma_b_0*k*slow*f(u_b_0, u_a_0) + k*f(u_b_0, u_a_0)}
The invasion rate for mutant population is:
\begin{align*}
  \mathscr I = \frac{1}{{X}_{{a}{1}}}\frac{d{X}_{{a}{1}}}{dt} &= {X}_{{a}{0}} {a}_{{1}{a}{0}{a}} + {X}_{{b}{0}} {a}_{{1}{a}{0}{b}} + {X}_{{a}{1}} {a}_{{1}{a}{1}{a}} + {r}_{{a}{1}} 
\end{align*}

limit as {a_1_a_0_a: a_0_a_0_a, r_a_1: r_a_0, a_1_a_0_b: a_0_a_0_b}
simplify to 1
simplify to X_b_0
simplify to X_a_0
after those limits:
   1
  X_b_0
  X_a_0
simplify to 1
simplify to X_b_0
simplify to X_a_0
make LV evolution bindings
A: (0, 0)
S: (0.211298582770154, 0.211298582770154)
D: (0, 0)
D: (0, 0)
I: (0, 0)
I: (0, 0)
dAdt: (0, 0)
{Xhat_a_0 -> 0.397392627650389, gamma_a_0 -> 0.000000000000000, Xhat_b_0 -> 0.211298582770154, gamma_b_0 -> 0.000000000000000, u_a_0 -> 0.100000000000000, m -> 1, t -> 0.000000000000000, X_a_0 -> 0.397392627650389, sigma_a_0 -> 1.00000000000000, u_b_0 -> symbol11722, r -> 1, slow -> 1/50, gamma -> 1, X_b_0 -> 0.211298582770154, k -> 9/10, sigma_b_0 -> 1.00000000000000, f(u,v) -> 4/5*cos(u - v) + 2}
curve: (0, 0)
{Xhat_a_0 -> 0.397392627650389, Xhat_b_0 -> 0.211298582770154, gamma_a_0 -> 0.000000000000000, gamma_b_0 -> symbol11722, u_a_0 -> 0.100000000000000, m -> 1, t -> 0.000000000000000, X_a_0 -> 0.397392627650389, sigma_a_0 -> 1.00000000000000, u_b_0 -> 0.000000000000000, r -> 1, slow -> 1/50, gamma -> 1, X_b_0 -> 0.211298582770154, k -> 9/10, sigma_b_0 -> 1.00000000000000, f(u,v) -> 4/5*cos(u - v) + 2}
curve: (0, 0)
A: (2.51640299900018, -2.85192339886687)
S: (0.397392627650389, 0.211298582770154)
D: (81/390625*(gamma_b_0*sin(-u_a_0 + u_b_0) + 50*sin(-u_a_0 + u_b_0))^2*Xhat_a_0*Xhat_b_0*gamma + 81/1562500*Xhat_a_0*Xhat_b_0*gamma*(2*cos(-u_a_0 + u_b_0) + 5)^2, 4/15625*(sigma_a_0*sin(-u_a_0 + u_b_0) + 50*sin(-u_a_0 + u_b_0))^2*Xhat_a_0*Xhat_b_0*gamma + 1/15625*Xhat_a_0*Xhat_b_0*gamma*(2*cos(-u_a_0 + u_b_0) + 5)^2)
D: (0.000646528611486633, 0.000819822092852886)
I: (-18/78125*(gamma_b_0*sin(-u_a_0 + u_b_0) + 50*sin(-u_a_0 + u_b_0))*(sigma_a_0*sin(-u_a_0 + u_b_0) + 50*sin(-u_a_0 + u_b_0))*Xhat_a_0*Xhat_b_0*gamma, -18/78125*(gamma_b_0*sin(-u_a_0 + u_b_0) + 50*sin(-u_a_0 + u_b_0))*(sigma_a_0*sin(-u_a_0 + u_b_0) + 50*sin(-u_a_0 + u_b_0))*Xhat_a_0*Xhat_b_0*gamma)
I: (-0.000491689477411673, -0.000491689477411673)
dAdt: (0.000154839134074960, 0.000328132615441213)
{Xhat_a_0 -> 0.397392627650389, gamma_a_0 -> 0.000000000000000, Xhat_b_0 -> 0.211298582770154, gamma_b_0 -> 0.000000000000000, u_a_0 -> 0.100000000000000, m -> 1, t -> 0.000000000000000, X_a_0 -> 0.397392627650389, sigma_a_0 -> 1.00000000000000, u_b_0 -> symbol17001, r -> 1, slow -> 1/50, gamma -> 1, X_b_0 -> 0.211298582770154, k -> 9/10, sigma_b_0 -> 1.00000000000000, f(u,v) -> 4/5*cos(u - v) + 2}
curve: (18/25*cos(symbol17001 - 0.100000000000000) + 9/5, -0.816000000000000*cos(symbol17001 - 0.100000000000000) - 2.04000000000000)
{Xhat_a_0 -> 0.397392627650389, Xhat_b_0 -> 0.211298582770154, gamma_a_0 -> 0.000000000000000, gamma_b_0 -> symbol17001, u_a_0 -> 0.100000000000000, m -> 1, t -> 0.000000000000000, X_a_0 -> 0.397392627650389, sigma_a_0 -> 1.00000000000000, u_b_0 -> 0.000000000000000, r -> 1, slow -> 1/50, gamma -> 1, X_b_0 -> 0.211298582770154, k -> 9/10, sigma_b_0 -> 1.00000000000000, f(u,v) -> 4/5*cos(u - v) + 2}
curve: (0.0503280599800036*symbol17001 + 2.51640299900018, -2.85192339886687)
A: (-2.85192339886687, 2.51640299900018)
S: (0.211298582770154, 0.397392627650389)
D: (4/15625*(sigma_a_0*sin(-u_a_0 + u_b_0) + 50*sin(-u_a_0 + u_b_0))^2*Xhat_a_0*Xhat_b_0*gamma + 1/15625*Xhat_a_0*Xhat_b_0*gamma*(2*cos(-u_a_0 + u_b_0) + 5)^2, 81/390625*(gamma_b_0*sin(-u_a_0 + u_b_0) + 50*sin(-u_a_0 + u_b_0))^2*Xhat_a_0*Xhat_b_0*gamma + 81/1562500*Xhat_a_0*Xhat_b_0*gamma*(2*cos(-u_a_0 + u_b_0) + 5)^2)
D: (0.000819822092852886, 0.000646528611486633)
I: (-18/78125*(gamma_b_0*sin(-u_a_0 + u_b_0) + 50*sin(-u_a_0 + u_b_0))*(sigma_a_0*sin(-u_a_0 + u_b_0) + 50*sin(-u_a_0 + u_b_0))*Xhat_a_0*Xhat_b_0*gamma, -18/78125*(gamma_b_0*sin(-u_a_0 + u_b_0) + 50*sin(-u_a_0 + u_b_0))*(sigma_a_0*sin(-u_a_0 + u_b_0) + 50*sin(-u_a_0 + u_b_0))*Xhat_a_0*Xhat_b_0*gamma)
I: (-0.000491689477411673, -0.000491689477411673)
dAdt: (0.000328132615441213, 0.000154839134074960)
{Xhat_a_0 -> 0.397392627650389, gamma_a_0 -> 0.000000000000000, Xhat_b_0 -> 0.211298582770154, gamma_b_0 -> 0.000000000000000, u_a_0 -> symbol22296, m -> 1, t -> 0.000000000000000, X_a_0 -> 0.397392627650389, sigma_a_0 -> 1.00000000000000, u_b_0 -> 0.000000000000000, r -> 1, slow -> 1/50, gamma -> 1, X_b_0 -> 0.211298582770154, k -> 9/10, sigma_b_0 -> 1.00000000000000, f(u,v) -> 4/5*cos(u - v) + 2}
curve: (-0.816000000000000*cos(-symbol22296) - 2.04000000000000, 18/25*cos(-symbol22296) + 9/5)
{Xhat_a_0 -> 0.397392627650389, gamma_a_0 -> 0.000000000000000, Xhat_b_0 -> 0.211298582770154, gamma_b_0 -> 0.000000000000000, u_a_0 -> 0.100000000000000, m -> 1, t -> 0.000000000000000, X_a_0 -> 0.397392627650389, sigma_a_0 -> symbol22296, u_b_0 -> 0.000000000000000, r -> 1, slow -> 1/50, gamma -> 1, X_b_0 -> 0.211298582770154, k -> 9/10, sigma_b_0 -> 1.00000000000000, f(u,v) -> 4/5*cos(u - v) + 2}
curve: (-0.0559200666444484*symbol22296 - 2.79600333222242, 2.51640299900018)
A: (-1, -1)
S: (0.397392627650389, 0.397392627650389)
D: (0, 0)
D: (0, 0)
I: (0, 0)
I: (0, 0)
dAdt: (0, 0)
{Xhat_a_0 -> 0.397392627650389, gamma_a_0 -> 0.000000000000000, Xhat_b_0 -> 0.211298582770154, gamma_b_0 -> 0.000000000000000, u_a_0 -> symbol25265, m -> 1, t -> 0.000000000000000, X_a_0 -> 0.397392627650389, sigma_a_0 -> 1.00000000000000, u_b_0 -> 0.000000000000000, r -> 1, slow -> 1/50, gamma -> 1, X_b_0 -> 0.211298582770154, k -> 9/10, sigma_b_0 -> 1.00000000000000, f(u,v) -> 4/5*cos(u - v) + 2}
curve: (-1, -1)
{Xhat_a_0 -> 0.397392627650389, gamma_a_0 -> 0.000000000000000, Xhat_b_0 -> 0.211298582770154, gamma_b_0 -> 0.000000000000000, u_a_0 -> 0.100000000000000, m -> 1, t -> 0.000000000000000, X_a_0 -> 0.397392627650389, sigma_a_0 -> symbol25265, u_b_0 -> 0.000000000000000, r -> 1, slow -> 1/50, gamma -> 1, X_b_0 -> 0.211298582770154, k -> 9/10, sigma_b_0 -> 1.00000000000000, f(u,v) -> 4/5*cos(u - v) + 2}
curve: (-1, -1)
A: (0, 0)
S: (0.211298582770154, 0.211298582770154)
D: (0, 0)
D: (0, 0)
I: (0, 0)
I: (0, 0)
dAdt: (0, 0)
{Xhat_a_0 -> 0.397392627650389, gamma_a_0 -> 0.000000000000000, Xhat_b_0 -> 0.211298582770154, gamma_b_0 -> 0.000000000000000, u_a_0 -> 0.100000000000000, m -> 1, t -> 0.000000000000000, X_a_0 -> 0.397392627650389, sigma_a_0 -> 1.00000000000000, u_b_0 -> symbol32838, r -> 1, slow -> 1/50, gamma -> 1, X_b_0 -> 0.211298582770154, k -> 9/10, sigma_b_0 -> 1.00000000000000, f(u,v) -> 4/5*cos(u - v) + 2}
curve: (0, 0)
{Xhat_a_0 -> 0.397392627650389, Xhat_b_0 -> 0.211298582770154, gamma_a_0 -> 0.000000000000000, gamma_b_0 -> symbol32838, u_a_0 -> 0.100000000000000, m -> 1, t -> 0.000000000000000, X_a_0 -> 0.397392627650389, sigma_a_0 -> 1.00000000000000, u_b_0 -> 0.000000000000000, r -> 1, slow -> 1/50, gamma -> 1, X_b_0 -> 0.211298582770154, k -> 9/10, sigma_b_0 -> 1.00000000000000, f(u,v) -> 4/5*cos(u - v) + 2}
curve: (0, 0)
A: (2.51640299900018, -2.85192339886687)
S: (0.397392627650389, 0.211298582770154)
D: (81/390625*(gamma_b_0*sin(-u_a_0 + u_b_0) + 50*sin(-u_a_0 + u_b_0))^2*Xhat_a_0*Xhat_b_0*gamma + 81/1562500*Xhat_a_0*Xhat_b_0*gamma*(2*cos(-u_a_0 + u_b_0) + 5)^2, 4/15625*(sigma_a_0*sin(-u_a_0 + u_b_0) + 50*sin(-u_a_0 + u_b_0))^2*Xhat_a_0*Xhat_b_0*gamma + 1/15625*Xhat_a_0*Xhat_b_0*gamma*(2*cos(-u_a_0 + u_b_0) + 5)^2)
D: (0.000646528611486633, 0.000819822092852886)
I: (-18/78125*(gamma_b_0*sin(-u_a_0 + u_b_0) + 50*sin(-u_a_0 + u_b_0))*(sigma_a_0*sin(-u_a_0 + u_b_0) + 50*sin(-u_a_0 + u_b_0))*Xhat_a_0*Xhat_b_0*gamma, -18/78125*(gamma_b_0*sin(-u_a_0 + u_b_0) + 50*sin(-u_a_0 + u_b_0))*(sigma_a_0*sin(-u_a_0 + u_b_0) + 50*sin(-u_a_0 + u_b_0))*Xhat_a_0*Xhat_b_0*gamma)
I: (-0.000491689477411673, -0.000491689477411673)
dAdt: (0.000154839134074960, 0.000328132615441213)
{Xhat_a_0 -> 0.397392627650389, gamma_a_0 -> 0.000000000000000, Xhat_b_0 -> 0.211298582770154, gamma_b_0 -> 0.000000000000000, u_a_0 -> 0.100000000000000, m -> 1, t -> 0.000000000000000, X_a_0 -> 0.397392627650389, sigma_a_0 -> 1.00000000000000, u_b_0 -> symbol38113, r -> 1, slow -> 1/50, gamma -> 1, X_b_0 -> 0.211298582770154, k -> 9/10, sigma_b_0 -> 1.00000000000000, f(u,v) -> 4/5*cos(u - v) + 2}
curve: (18/25*cos(symbol38113 - 0.100000000000000) + 9/5, -0.816000000000000*cos(symbol38113 - 0.100000000000000) - 2.04000000000000)
{Xhat_a_0 -> 0.397392627650389, Xhat_b_0 -> 0.211298582770154, gamma_a_0 -> 0.000000000000000, gamma_b_0 -> symbol38113, u_a_0 -> 0.100000000000000, m -> 1, t -> 0.000000000000000, X_a_0 -> 0.397392627650389, sigma_a_0 -> 1.00000000000000, u_b_0 -> 0.000000000000000, r -> 1, slow -> 1/50, gamma -> 1, X_b_0 -> 0.211298582770154, k -> 9/10, sigma_b_0 -> 1.00000000000000, f(u,v) -> 4/5*cos(u - v) + 2}
curve: (0.0503280599800036*symbol38113 + 2.51640299900018, -2.85192339886687)
A: (-2.85192339886687, 2.51640299900018)
S: (0.211298582770154, 0.397392627650389)
D: (4/15625*(sigma_a_0*sin(-u_a_0 + u_b_0) + 50*sin(-u_a_0 + u_b_0))^2*Xhat_a_0*Xhat_b_0*gamma + 1/15625*Xhat_a_0*Xhat_b_0*gamma*(2*cos(-u_a_0 + u_b_0) + 5)^2, 81/390625*(gamma_b_0*sin(-u_a_0 + u_b_0) + 50*sin(-u_a_0 + u_b_0))^2*Xhat_a_0*Xhat_b_0*gamma + 81/1562500*Xhat_a_0*Xhat_b_0*gamma*(2*cos(-u_a_0 + u_b_0) + 5)^2)
D: (0.000819822092852886, 0.000646528611486633)
I: (-18/78125*(gamma_b_0*sin(-u_a_0 + u_b_0) + 50*sin(-u_a_0 + u_b_0))*(sigma_a_0*sin(-u_a_0 + u_b_0) + 50*sin(-u_a_0 + u_b_0))*Xhat_a_0*Xhat_b_0*gamma, -18/78125*(gamma_b_0*sin(-u_a_0 + u_b_0) + 50*sin(-u_a_0 + u_b_0))*(sigma_a_0*sin(-u_a_0 + u_b_0) + 50*sin(-u_a_0 + u_b_0))*Xhat_a_0*Xhat_b_0*gamma)
I: (-0.000491689477411673, -0.000491689477411673)
dAdt: (0.000328132615441213, 0.000154839134074960)
{Xhat_a_0 -> 0.397392627650389, gamma_a_0 -> 0.000000000000000, Xhat_b_0 -> 0.211298582770154, gamma_b_0 -> 0.000000000000000, u_a_0 -> symbol43358, m -> 1, t -> 0.000000000000000, X_a_0 -> 0.397392627650389, sigma_a_0 -> 1.00000000000000, u_b_0 -> 0.000000000000000, r -> 1, slow -> 1/50, gamma -> 1, X_b_0 -> 0.211298582770154, k -> 9/10, sigma_b_0 -> 1.00000000000000, f(u,v) -> 4/5*cos(u - v) + 2}
curve: (-0.816000000000000*cos(-symbol43358) - 2.04000000000000, 18/25*cos(-symbol43358) + 9/5)
{Xhat_a_0 -> 0.397392627650389, gamma_a_0 -> 0.000000000000000, Xhat_b_0 -> 0.211298582770154, gamma_b_0 -> 0.000000000000000, u_a_0 -> 0.100000000000000, m -> 1, t -> 0.000000000000000, X_a_0 -> 0.397392627650389, sigma_a_0 -> symbol43358, u_b_0 -> 0.000000000000000, r -> 1, slow -> 1/50, gamma -> 1, X_b_0 -> 0.211298582770154, k -> 9/10, sigma_b_0 -> 1.00000000000000, f(u,v) -> 4/5*cos(u - v) + 2}
curve: (-0.0559200666444484*symbol43358 - 2.79600333222242, 2.51640299900018)
A: (-1, -1)
S: (0.397392627650389, 0.397392627650389)
D: (0, 0)
D: (0, 0)
I: (0, 0)
I: (0, 0)
dAdt: (0, 0)
{Xhat_a_0 -> 0.397392627650389, gamma_a_0 -> 0.000000000000000, Xhat_b_0 -> 0.211298582770154, gamma_b_0 -> 0.000000000000000, u_a_0 -> symbol46327, m -> 1, t -> 0.000000000000000, X_a_0 -> 0.397392627650389, sigma_a_0 -> 1.00000000000000, u_b_0 -> 0.000000000000000, r -> 1, slow -> 1/50, gamma -> 1, X_b_0 -> 0.211298582770154, k -> 9/10, sigma_b_0 -> 1.00000000000000, f(u,v) -> 4/5*cos(u - v) + 2}
curve: (-1, -1)
{Xhat_a_0 -> 0.397392627650389, gamma_a_0 -> 0.000000000000000, Xhat_b_0 -> 0.211298582770154, gamma_b_0 -> 0.000000000000000, u_a_0 -> 0.100000000000000, m -> 1, t -> 0.000000000000000, X_a_0 -> 0.397392627650389, sigma_a_0 -> symbol46327, u_b_0 -> 0.000000000000000, r -> 1, slow -> 1/50, gamma -> 1, X_b_0 -> 0.211298582770154, k -> 9/10, sigma_b_0 -> 1.00000000000000, f(u,v) -> 4/5*cos(u - v) + 2}
curve: (-1, -1)
[ -e foodweb2.plot.sage.status ] && (rm -f foodweb2.plot.sage.status && mv foodweb2.plot.sage.dmp foodweb2.plot.sage.out) || exit 1
make[1]: Leaving directory `/usr/local/src/adaptive-dynamics-research/wmd_files/Selection_Gradients'
Make succeeded.
Wed Jul 20 14:44:07 2016
