Mon Mar 30 10:43:36 2015
/usr/bin/make -C /usr/local/src/jekyll-research/wmd_files/Selection_Gradients \
    foodweb-2-2-a-vs-a.png
Including .mk files: sage.mk sage-inline.mk 
Including .mk files from .step files: foodweb.py.mk foodweb.sage.mk foodweb.plot.sage.mk foodweb-2-2.sage.mk foodweb-2-2.plot.sage.mk maclev-1-1.sage.mk maclev-1-1-adap.sage.mk maclev-1-1-mc-adap-geom.sage.mk maclev-1-1-ak-adap-geom.sage.mk S-A-vector-field.sage.mk maclev-1-1-d1A-vector-field.sage.mk maclev-1-1-S-and-d1A-on-curve.sage.mk maclev-1-1-S-and-D-on-curve.sage.mk maclev_1_2_defs.py.mk maclev-1-2-popdyn.sage.mk maclev-1-2-adap.sage.mk maclev-1-2-p.sage.mk maclev-1-2-zngi.sage.mk maclev-1-2-geom.sage.mk maclev_unconstrained_c.py.mk maclev-2-2-c-popdyn.sage.mk maclev-2-2-c-adap.sage.mk maclev-2-2-c-p.sage.mk maclev-2-2-c-zngi.sage.mk maclev-2-2-c-geom.sage.mk maclev_2_2_defs.py.mk maclev-2-2-popdyn.sage.mk maclev-2-2-adap.sage.mk maclev-2-2-p.sage.mk maclev-2-2-zngi.sage.mk maclev-2-2-geom.sage.mk maclev_a_only_defs.py.mk maclev-a-only-popdyn.sage.mk maclev-a-only-adap.sage.mk maclev-a-only-p.sage.mk maclev-a-only-zngi.sage.mk maclev-a-only-geom.sage.mk maclev_a_c.py.mk maclev-2-2-a-c-popdyn.sage.mk maclev-2-2-a-c-adap.sage.mk maclev-2-2-a-c-p.sage.mk maclev-2-2-a-c-zngi.sage.mk maclev-2-2-a-c-geom.sage.mk maclevmodels.py.mk lotkavolterra.py.mk toc.sage.mk maclev-2-2-zngi-invasion.sage.mk
Including .mk files from .sage-inline files: avec.sage.mk a-careful.sage.mk
Including .tex.d files: foodweb-2-2.tikz.tex.d foodweb.tikz.tex.d
make: Entering directory `/usr/local/src/jekyll-research/wmd_files/Selection_Gradients'
/usr/bin/make --no-print-directory -C /usr/local/src/jekyll-research/wmd_files/SageDynamicsRepo/SageDynamics dynamicalsystems.py
Including .mk files:  
Including .tex.d files: 
make[1]: Nothing to be done for `dynamicalsystems.py'.
/usr/bin/make --no-print-directory -C /usr/local/src/jekyll-research/wmd_files/SageDynamicsRepo/SageAdaptiveDynamics adaptivedynamics.py
Including .mk files:  
Including .tex.d files: 
make[1]: Nothing to be done for `adaptivedynamics.py'.
rm -f foodweb-2-2.sage.out foodweb-2-2.sage.status foodweb-2-2.sobj foodweb-2-2.sage.out.tex foodweb-2-2.tikz.tex
(sage foodweb-2-2.sage && touch foodweb-2-2.sage.status) | tee foodweb-2-2.sage.dmp
basal: [R_0, R_1]
[{Xhat_0_R_0: 10/9*(cos(-u_0_P_0 + u_0_R_1) - cos(-u_0_P_1 + u_0_R_1))/((cos(-u_0_P_1 + u_0_R_0) + 1)*cos(-u_0_P_0 + u_0_R_1) - (cos(-u_0_P_0 + u_0_R_0) + 1)*cos(-u_0_P_1 + u_0_R_1) - cos(-u_0_P_0 + u_0_R_0) + cos(-u_0_P_1 + u_0_R_0)), Xhat_0_R_1: -10/9*(cos(-u_0_P_0 + u_0_R_0) - cos(-u_0_P_1 + u_0_R_0))/((cos(-u_0_P_1 + u_0_R_0) + 1)*cos(-u_0_P_0 + u_0_R_1) - (cos(-u_0_P_0 + u_0_R_0) + 1)*cos(-u_0_P_1 + u_0_R_1) - cos(-u_0_P_0 + u_0_R_0) + cos(-u_0_P_1 + u_0_R_0)), Xhat_0_P_0: 1/9*((9*cos(-u_0_P_0 + u_0_R_0) - 1)*cos(-u_0_P_1 + u_0_R_1)^2 + (9*cos(-u_0_P_1 + u_0_R_0)^2 - cos(-u_0_P_1 + u_0_R_0))*cos(-u_0_P_0 + u_0_R_1) + cos(-u_0_P_0 + u_0_R_0)*cos(-u_0_P_1 + u_0_R_0) - cos(-u_0_P_1 + u_0_R_0)^2 - ((9*cos(-u_0_P_1 + u_0_R_0) - 1)*cos(-u_0_P_0 + u_0_R_1) + (9*cos(-u_0_P_0 + u_0_R_0) - 2)*cos(-u_0_P_1 + u_0_R_0) + cos(-u_0_P_0 + u_0_R_0))*cos(-u_0_P_1 + u_0_R_1))/((cos(-u_0_P_1 + u_0_R_0)^2 + 2*cos(-u_0_P_1 + u_0_R_0) + 1)*cos(-u_0_P_0 + u_0_R_1)^2 + (cos(-u_0_P_0 + u_0_R_0)^2 + 2*cos(-u_0_P_0 + u_0_R_0) + 1)*cos(-u_0_P_1 + u_0_R_1)^2 + cos(-u_0_P_0 + u_0_R_0)^2 - 2*((cos(-u_0_P_0 + u_0_R_0) - 1)*cos(-u_0_P_1 + u_0_R_0) - cos(-u_0_P_1 + u_0_R_0)^2 + cos(-u_0_P_0 + u_0_R_0))*cos(-u_0_P_0 + u_0_R_1) - 2*cos(-u_0_P_0 + u_0_R_0)*cos(-u_0_P_1 + u_0_R_0) + cos(-u_0_P_1 + u_0_R_0)^2 + 2*(cos(-u_0_P_0 + u_0_R_0)^2 - ((cos(-u_0_P_0 + u_0_R_0) + 1)*cos(-u_0_P_1 + u_0_R_0) + cos(-u_0_P_0 + u_0_R_0) + 1)*cos(-u_0_P_0 + u_0_R_1) - (cos(-u_0_P_0 + u_0_R_0) + 1)*cos(-u_0_P_1 + u_0_R_0) + cos(-u_0_P_0 + u_0_R_0))*cos(-u_0_P_1 + u_0_R_1)), Xhat_0_P_1: 1/9*((9*cos(-u_0_P_1 + u_0_R_0) - 1)*cos(-u_0_P_0 + u_0_R_1)^2 - cos(-u_0_P_0 + u_0_R_0)^2 - ((9*cos(-u_0_P_0 + u_0_R_0) + 1)*cos(-u_0_P_1 + u_0_R_0) - 2*cos(-u_0_P_0 + u_0_R_0))*cos(-u_0_P_0 + u_0_R_1) + cos(-u_0_P_0 + u_0_R_0)*cos(-u_0_P_1 + u_0_R_0) + (9*cos(-u_0_P_0 + u_0_R_0)^2 - (9*cos(-u_0_P_0 + u_0_R_0) - 1)*cos(-u_0_P_0 + u_0_R_1) - cos(-u_0_P_0 + u_0_R_0))*cos(-u_0_P_1 + u_0_R_1))/((cos(-u_0_P_1 + u_0_R_0)^2 + 2*cos(-u_0_P_1 + u_0_R_0) + 1)*cos(-u_0_P_0 + u_0_R_1)^2 + (cos(-u_0_P_0 + u_0_R_0)^2 + 2*cos(-u_0_P_0 + u_0_R_0) + 1)*cos(-u_0_P_1 + u_0_R_1)^2 + cos(-u_0_P_0 + u_0_R_0)^2 - 2*((cos(-u_0_P_0 + u_0_R_0) - 1)*cos(-u_0_P_1 + u_0_R_0) - cos(-u_0_P_1 + u_0_R_0)^2 + cos(-u_0_P_0 + u_0_R_0))*cos(-u_0_P_0 + u_0_R_1) - 2*cos(-u_0_P_0 + u_0_R_0)*cos(-u_0_P_1 + u_0_R_0) + cos(-u_0_P_1 + u_0_R_0)^2 + 2*(cos(-u_0_P_0 + u_0_R_0)^2 - ((cos(-u_0_P_0 + u_0_R_0) + 1)*cos(-u_0_P_1 + u_0_R_0) + cos(-u_0_P_0 + u_0_R_0) + 1)*cos(-u_0_P_0 + u_0_R_1) - (cos(-u_0_P_0 + u_0_R_0) + 1)*cos(-u_0_P_1 + u_0_R_0) + cos(-u_0_P_0 + u_0_R_0))*cos(-u_0_P_1 + u_0_R_1))}]
basal: [R_0, R_1]
The invasion rate for mutant population is:
\begin{align*}
  \mathscr I = \frac{1}{X_{1R_{0}}}\frac{dX_{1R_{0}}}{dt} &= -\frac{X_{0P_{0}} X_{1R_{0}} {\left(\cos\left(u_{0P_{0}} - u_{1R_{0}}\right) + 1\right)} + X_{0P_{1}} X_{1R_{0}} {\left(\cos\left(u_{0P_{1}} - u_{1R_{0}}\right) + 1\right)} + X_{0R_{0}} X_{1R_{0}} + X_{0R_{1}} X_{1R_{0}} + X_{1R_{0}}^{2} - X_{1R_{0}}}{X_{1R_{0}}} 
\end{align*}

limit as {u_1_R_0: u_0_R_0}
after those limits:
   X_0_P_0*sin(-u_0_P_0 + u_0_R_0) + X_0_P_1*sin(-u_0_P_1 + u_0_R_0)
sin(_SAGE_VAR_u_0_R_0 - _SAGE_VAR_u_0_P_1) _SAGE_VAR_X_0_P_1
                 + sin(_SAGE_VAR_u_0_R_0 - _SAGE_VAR_u_0_P_0) _SAGE_VAR_X_0_P_0
limit as                                _SAGE_VAR_X_1_R_0 -> 0
 --> sin(_SAGE_VAR_u_0_R_0 - _SAGE_VAR_u_0_P_1) _SAGE_VAR_X_0_P_1
                 + sin(_SAGE_VAR_u_0_R_0 - _SAGE_VAR_u_0_P_0) _SAGE_VAR_X_0_P_0
basal: [R_0, R_1]
The invasion rate for mutant population is:
\begin{align*}
  \mathscr I = \frac{1}{X_{1P_{1}}}\frac{dX_{1P_{1}}}{dt} &= \frac{9 \, X_{0R_{0}} X_{1P_{1}} {\left(\cos\left(-u_{0R_{0}} + u_{1P_{1}}\right) + 1\right)} + 9 \, X_{0R_{1}} X_{1P_{1}} {\left(\cos\left(-u_{0R_{1}} + u_{1P_{1}}\right) + 1\right)} - 10 \, X_{1P_{1}}}{10 \, X_{1P_{1}}} 
\end{align*}

limit as {u_1_P_1: u_0_P_1}
after those limits:
   9/10*X_0_R_0*sin(-u_0_P_1 + u_0_R_0) + 9/10*X_0_R_1*sin(-u_0_P_1 + u_0_R_1)
9 sin(_SAGE_VAR_u_0_R_1 - _SAGE_VAR_u_0_P_1) _SAGE_VAR_X_0_R_1
--------------------------------------------------------------
                              10
                 9 sin(_SAGE_VAR_u_0_R_0 - _SAGE_VAR_u_0_P_1) _SAGE_VAR_X_0_R_0
               + --------------------------------------------------------------
                                               10
limit as                                _SAGE_VAR_X_1_P_1 -> 0
 --> 9 sin(_SAGE_VAR_u_0_R_1 - _SAGE_VAR_u_0_P_1) _SAGE_VAR_X_0_R_1
--------------------------------------------------------------
                              10
                 9 sin(_SAGE_VAR_u_0_R_0 - _SAGE_VAR_u_0_P_1) _SAGE_VAR_X_0_R_0
               + --------------------------------------------------------------
                                               10
basal: [R_0, R_1]
The invasion rate for mutant population is:
\begin{align*}
  \mathscr I = \frac{1}{X_{1P_{0}}}\frac{dX_{1P_{0}}}{dt} &= \frac{9 \, X_{0R_{0}} X_{1P_{0}} {\left(\cos\left(-u_{0R_{0}} + u_{1P_{0}}\right) + 1\right)} + 9 \, X_{0R_{1}} X_{1P_{0}} {\left(\cos\left(-u_{0R_{1}} + u_{1P_{0}}\right) + 1\right)} - 10 \, X_{1P_{0}}}{10 \, X_{1P_{0}}} 
\end{align*}

limit as {u_1_P_0: u_0_P_0}
after those limits:
   9/10*X_0_R_0*sin(-u_0_P_0 + u_0_R_0) + 9/10*X_0_R_1*sin(-u_0_P_0 + u_0_R_1)
9 sin(_SAGE_VAR_u_0_R_1 - _SAGE_VAR_u_0_P_0) _SAGE_VAR_X_0_R_1
--------------------------------------------------------------
                              10
                 9 sin(_SAGE_VAR_u_0_R_0 - _SAGE_VAR_u_0_P_0) _SAGE_VAR_X_0_R_0
               + --------------------------------------------------------------
                                               10
limit as                                _SAGE_VAR_X_1_P_0 -> 0
 --> 9 sin(_SAGE_VAR_u_0_R_1 - _SAGE_VAR_u_0_P_0) _SAGE_VAR_X_0_R_1
--------------------------------------------------------------
                              10
                 9 sin(_SAGE_VAR_u_0_R_0 - _SAGE_VAR_u_0_P_0) _SAGE_VAR_X_0_R_0
               + --------------------------------------------------------------
                                               10
basal: [R_0, R_1]
The invasion rate for mutant population is:
\begin{align*}
  \mathscr I = \frac{1}{X_{1R_{1}}}\frac{dX_{1R_{1}}}{dt} &= -\frac{X_{0P_{0}} X_{1R_{1}} {\left(\cos\left(u_{0P_{0}} - u_{1R_{1}}\right) + 1\right)} + X_{0P_{1}} X_{1R_{1}} {\left(\cos\left(u_{0P_{1}} - u_{1R_{1}}\right) + 1\right)} + X_{0R_{0}} X_{1R_{1}} + X_{0R_{1}} X_{1R_{1}} + X_{1R_{1}}^{2} - X_{1R_{1}}}{X_{1R_{1}}} 
\end{align*}

limit as {u_1_R_1: u_0_R_1}
after those limits:
   X_0_P_0*sin(-u_0_P_0 + u_0_R_1) + X_0_P_1*sin(-u_0_P_1 + u_0_R_1)
sin(_SAGE_VAR_u_0_R_1 - _SAGE_VAR_u_0_P_1) _SAGE_VAR_X_0_P_1
                 + sin(_SAGE_VAR_u_0_R_1 - _SAGE_VAR_u_0_P_0) _SAGE_VAR_X_0_P_0
limit as                                _SAGE_VAR_X_1_R_1 -> 0
 --> sin(_SAGE_VAR_u_0_R_1 - _SAGE_VAR_u_0_P_1) _SAGE_VAR_X_0_P_1
                 + sin(_SAGE_VAR_u_0_R_1 - _SAGE_VAR_u_0_P_0) _SAGE_VAR_X_0_P_0
Original pop-dyn system: 
\[\begin{align*}
\frac{dX_{0R_{0}}}{dt} &= -X_{0P_{0}} X_{0R_{0}} {\left(\cos\left(u_{0P_{0}} - u_{0R_{0}}\right) + 1\right)} - X_{0P_{1}} X_{0R_{0}} {\left(\cos\left(u_{0P_{1}} - u_{0R_{0}}\right) + 1\right)} - X_{0R_{0}}^{2} - X_{0R_{0}} X_{0R_{1}} + X_{0R_{0}}\\
\frac{dX_{0P_{1}}}{dt} &= \frac{9}{10} \, X_{0P_{1}} X_{0R_{0}} {\left(\cos\left(u_{0P_{1}} - u_{0R_{0}}\right) + 1\right)} + \frac{9}{10} \, X_{0P_{1}} X_{0R_{1}} {\left(\cos\left(u_{0P_{1}} - u_{0R_{1}}\right) + 1\right)} - X_{0P_{1}}\\
\frac{dX_{0P_{0}}}{dt} &= \frac{9}{10} \, X_{0P_{0}} X_{0R_{0}} {\left(\cos\left(u_{0P_{0}} - u_{0R_{0}}\right) + 1\right)} + \frac{9}{10} \, X_{0P_{0}} X_{0R_{1}} {\left(\cos\left(u_{0P_{0}} - u_{0R_{1}}\right) + 1\right)} - X_{0P_{0}}\\
\frac{dX_{0R_{1}}}{dt} &= -X_{0P_{0}} X_{0R_{1}} {\left(\cos\left(u_{0P_{0}} - u_{0R_{1}}\right) + 1\right)} - X_{0P_{1}} X_{0R_{1}} {\left(\cos\left(u_{0P_{1}} - u_{0R_{1}}\right) + 1\right)} - X_{0R_{0}} X_{0R_{1}} - X_{0R_{1}}^{2} + X_{0R_{1}}
\end{align*}\]
Extended pop-dyn system: 
\[\begin{align*}
\frac{dX_{0R_{0}}}{dt} &= -X_{0P_{0}} X_{0R_{0}} {\left(\cos\left(u_{0P_{0}} - u_{0R_{0}}\right) + 1\right)} - X_{0P_{1}} X_{0R_{0}} {\left(\cos\left(u_{0P_{1}} - u_{0R_{0}}\right) + 1\right)} - X_{0R_{0}}^{2} - X_{0R_{0}} X_{0R_{1}} - X_{0R_{0}} X_{1R_{0}} + X_{0R_{0}}\\
\frac{dX_{0P_{1}}}{dt} &= \frac{9}{10} \, X_{0P_{1}} X_{0R_{0}} {\left(\cos\left(u_{0P_{1}} - u_{0R_{0}}\right) + 1\right)} + \frac{9}{10} \, X_{0P_{1}} X_{0R_{1}} {\left(\cos\left(u_{0P_{1}} - u_{0R_{1}}\right) + 1\right)} + \frac{9}{10} \, X_{0P_{1}} X_{1R_{0}} {\left(\cos\left(u_{0P_{1}} - u_{1R_{0}}\right) + 1\right)} - X_{0P_{1}}\\
\frac{dX_{0P_{0}}}{dt} &= \frac{9}{10} \, X_{0P_{0}} X_{0R_{0}} {\left(\cos\left(u_{0P_{0}} - u_{0R_{0}}\right) + 1\right)} + \frac{9}{10} \, X_{0P_{0}} X_{0R_{1}} {\left(\cos\left(u_{0P_{0}} - u_{0R_{1}}\right) + 1\right)} + \frac{9}{10} \, X_{0P_{0}} X_{1R_{0}} {\left(\cos\left(u_{0P_{0}} - u_{1R_{0}}\right) + 1\right)} - X_{0P_{0}}\\
\frac{dX_{0R_{1}}}{dt} &= -X_{0P_{0}} X_{0R_{1}} {\left(\cos\left(u_{0P_{0}} - u_{0R_{1}}\right) + 1\right)} - X_{0P_{1}} X_{0R_{1}} {\left(\cos\left(u_{0P_{1}} - u_{0R_{1}}\right) + 1\right)} - X_{0R_{0}} X_{0R_{1}} - X_{0R_{1}}^{2} - X_{0R_{1}} X_{1R_{0}} + X_{0R_{1}}\\
\frac{dX_{1R_{0}}}{dt} &= -X_{0P_{0}} X_{1R_{0}} {\left(\cos\left(u_{0P_{0}} - u_{1R_{0}}\right) + 1\right)} - X_{0P_{1}} X_{1R_{0}} {\left(\cos\left(u_{0P_{1}} - u_{1R_{0}}\right) + 1\right)} - X_{0R_{0}} X_{1R_{0}} - X_{0R_{1}} X_{1R_{0}} - X_{1R_{0}}^{2} + X_{1R_{0}}
\end{align*}\]
 The invasion rate for mutant population is:
\begin{align*}
  \mathscr I = \frac{1}{X_{1R_{0}}}\frac{dX_{1R_{0}}}{dt} &= -\frac{X_{0P_{0}} X_{1R_{0}} {\left(\cos\left(u_{0P_{0}} - u_{1R_{0}}\right) + 1\right)} + X_{0P_{1}} X_{1R_{0}} {\left(\cos\left(u_{0P_{1}} - u_{1R_{0}}\right) + 1\right)} + X_{0R_{0}} X_{1R_{0}} + X_{0R_{1}} X_{1R_{0}} + X_{1R_{0}}^{2} - X_{1R_{0}}}{X_{1R_{0}}} 
\end{align*}
 And the invasion exponent is
\begin{align*}
  \frac{\partial\mathscr I}{\partial u_{0R_{0}}} = \lim_{u_{1R_{0}}\to u_{0R_{0}},X_{1R_{0}}\to0}-\frac{X_{0P_{0}} X_{1R_{0}} \sin\left(u_{0P_{0}} - u_{1R_{0}}\right) + X_{0P_{1}} X_{1R_{0}} \sin\left(u_{0P_{1}} - u_{1R_{0}}\right)}{X_{1R_{0}}} .
\end{align*}
 Which comes out to
\begin{align*}
  \frac{\partial\mathscr I}{\partial u_{0R_{0}}} = X_{0P_{0}} \sin\left(-u_{0P_{0}} + u_{0R_{0}}\right) + X_{0P_{1}} \sin\left(-u_{0P_{1}} + u_{0R_{0}}\right) .
\end{align*}
 Original pop-dyn system: 
\[ \begin{align*}
\frac{dX_{0R_{0}}}{dt} &= -X_{0P_{0}} X_{0R_{0}} {\left(\cos\left(u_{0P_{0}} - u_{0R_{0}}\right) + 1\right)} - X_{0P_{1}} X_{0R_{0}} {\left(\cos\left(u_{0P_{1}} - u_{0R_{0}}\right) + 1\right)} - X_{0R_{0}}^{2} - X_{0R_{0}} X_{0R_{1}} + X_{0R_{0}}\\
\frac{dX_{0P_{1}}}{dt} &= \frac{9}{10} \, X_{0P_{1}} X_{0R_{0}} {\left(\cos\left(u_{0P_{1}} - u_{0R_{0}}\right) + 1\right)} + \frac{9}{10} \, X_{0P_{1}} X_{0R_{1}} {\left(\cos\left(u_{0P_{1}} - u_{0R_{1}}\right) + 1\right)} - X_{0P_{1}}\\
\frac{dX_{0P_{0}}}{dt} &= \frac{9}{10} \, X_{0P_{0}} X_{0R_{0}} {\left(\cos\left(u_{0P_{0}} - u_{0R_{0}}\right) + 1\right)} + \frac{9}{10} \, X_{0P_{0}} X_{0R_{1}} {\left(\cos\left(u_{0P_{0}} - u_{0R_{1}}\right) + 1\right)} - X_{0P_{0}}\\
\frac{dX_{0R_{1}}}{dt} &= -X_{0P_{0}} X_{0R_{1}} {\left(\cos\left(u_{0P_{0}} - u_{0R_{1}}\right) + 1\right)} - X_{0P_{1}} X_{0R_{1}} {\left(\cos\left(u_{0P_{1}} - u_{0R_{1}}\right) + 1\right)} - X_{0R_{0}} X_{0R_{1}} - X_{0R_{1}}^{2} + X_{0R_{1}}
\end{align*} \]
 Extended pop-dyn system: 
\[ \begin{align*}
\frac{dX_{0R_{0}}}{dt} &= -X_{0P_{0}} X_{0R_{0}} {\left(\cos\left(u_{0P_{0}} - u_{0R_{0}}\right) + 1\right)} - X_{0P_{1}} X_{0R_{0}} {\left(\cos\left(u_{0P_{1}} - u_{0R_{0}}\right) + 1\right)} - X_{0R_{0}} X_{1P_{1}} {\left(\cos\left(-u_{0R_{0}} + u_{1P_{1}}\right) + 1\right)} - X_{0R_{0}}^{2} - X_{0R_{0}} X_{0R_{1}} + X_{0R_{0}}\\
\frac{dX_{0P_{1}}}{dt} &= \frac{9}{10} \, X_{0P_{1}} X_{0R_{0}} {\left(\cos\left(u_{0P_{1}} - u_{0R_{0}}\right) + 1\right)} + \frac{9}{10} \, X_{0P_{1}} X_{0R_{1}} {\left(\cos\left(u_{0P_{1}} - u_{0R_{1}}\right) + 1\right)} - X_{0P_{1}}\\
\frac{dX_{0P_{0}}}{dt} &= \frac{9}{10} \, X_{0P_{0}} X_{0R_{0}} {\left(\cos\left(u_{0P_{0}} - u_{0R_{0}}\right) + 1\right)} + \frac{9}{10} \, X_{0P_{0}} X_{0R_{1}} {\left(\cos\left(u_{0P_{0}} - u_{0R_{1}}\right) + 1\right)} - X_{0P_{0}}\\
\frac{dX_{0R_{1}}}{dt} &= -X_{0P_{0}} X_{0R_{1}} {\left(\cos\left(u_{0P_{0}} - u_{0R_{1}}\right) + 1\right)} - X_{0P_{1}} X_{0R_{1}} {\left(\cos\left(u_{0P_{1}} - u_{0R_{1}}\right) + 1\right)} - X_{0R_{1}} X_{1P_{1}} {\left(\cos\left(-u_{0R_{1}} + u_{1P_{1}}\right) + 1\right)} - X_{0R_{0}} X_{0R_{1}} - X_{0R_{1}}^{2} + X_{0R_{1}}\\
\frac{dX_{1P_{1}}}{dt} &= \frac{9}{10} \, X_{0R_{0}} X_{1P_{1}} {\left(\cos\left(-u_{0R_{0}} + u_{1P_{1}}\right) + 1\right)} + \frac{9}{10} \, X_{0R_{1}} X_{1P_{1}} {\left(\cos\left(-u_{0R_{1}} + u_{1P_{1}}\right) + 1\right)} - X_{1P_{1}}
\end{align*} \]
 The invasion rate for mutant population is:
\begin{align*}
  \mathscr I = \frac{1}{X_{1P_{1}}}\frac{dX_{1P_{1}}}{dt} &= \frac{9 \, X_{0R_{0}} X_{1P_{1}} {\left(\cos\left(-u_{0R_{0}} + u_{1P_{1}}\right) + 1\right)} + 9 \, X_{0R_{1}} X_{1P_{1}} {\left(\cos\left(-u_{0R_{1}} + u_{1P_{1}}\right) + 1\right)} - 10 \, X_{1P_{1}}}{10 \, X_{1P_{1}}} 
\end{align*}
 And the invasion exponent is
\begin{align*}
  \frac{\partial\mathscr I}{\partial u_{0P_{1}}} = \lim_{u_{1P_{1}}\to u_{0P_{1}},X_{1P_{1}}\to0}-\frac{9 \, {\left(X_{0R_{0}} X_{1P_{1}} \sin\left(-u_{0R_{0}} + u_{1P_{1}}\right) + X_{0R_{1}} X_{1P_{1}} \sin\left(-u_{0R_{1}} + u_{1P_{1}}\right)\right)}}{10 \, X_{1P_{1}}} .
\end{align*}
 Which comes out to
\begin{align*}
  \frac{\partial\mathscr I}{\partial u_{0P_{1}}} = \frac{9}{10} \, X_{0R_{0}} \sin\left(-u_{0P_{1}} + u_{0R_{0}}\right) + \frac{9}{10} \, X_{0R_{1}} \sin\left(-u_{0P_{1}} + u_{0R_{1}}\right) .
\end{align*}
 Original pop-dyn system: 
\[ \begin{align*}
\frac{dX_{0R_{0}}}{dt} &= -X_{0P_{0}} X_{0R_{0}} {\left(\cos\left(u_{0P_{0}} - u_{0R_{0}}\right) + 1\right)} - X_{0P_{1}} X_{0R_{0}} {\left(\cos\left(u_{0P_{1}} - u_{0R_{0}}\right) + 1\right)} - X_{0R_{0}}^{2} - X_{0R_{0}} X_{0R_{1}} + X_{0R_{0}}\\
\frac{dX_{0P_{1}}}{dt} &= \frac{9}{10} \, X_{0P_{1}} X_{0R_{0}} {\left(\cos\left(u_{0P_{1}} - u_{0R_{0}}\right) + 1\right)} + \frac{9}{10} \, X_{0P_{1}} X_{0R_{1}} {\left(\cos\left(u_{0P_{1}} - u_{0R_{1}}\right) + 1\right)} - X_{0P_{1}}\\
\frac{dX_{0P_{0}}}{dt} &= \frac{9}{10} \, X_{0P_{0}} X_{0R_{0}} {\left(\cos\left(u_{0P_{0}} - u_{0R_{0}}\right) + 1\right)} + \frac{9}{10} \, X_{0P_{0}} X_{0R_{1}} {\left(\cos\left(u_{0P_{0}} - u_{0R_{1}}\right) + 1\right)} - X_{0P_{0}}\\
\frac{dX_{0R_{1}}}{dt} &= -X_{0P_{0}} X_{0R_{1}} {\left(\cos\left(u_{0P_{0}} - u_{0R_{1}}\right) + 1\right)} - X_{0P_{1}} X_{0R_{1}} {\left(\cos\left(u_{0P_{1}} - u_{0R_{1}}\right) + 1\right)} - X_{0R_{0}} X_{0R_{1}} - X_{0R_{1}}^{2} + X_{0R_{1}}
\end{align*} \]
 Extended pop-dyn system: 
\[ \begin{align*}
\frac{dX_{0R_{0}}}{dt} &= -X_{0P_{0}} X_{0R_{0}} {\left(\cos\left(u_{0P_{0}} - u_{0R_{0}}\right) + 1\right)} - X_{0P_{1}} X_{0R_{0}} {\left(\cos\left(u_{0P_{1}} - u_{0R_{0}}\right) + 1\right)} - X_{0R_{0}} X_{1P_{0}} {\left(\cos\left(-u_{0R_{0}} + u_{1P_{0}}\right) + 1\right)} - X_{0R_{0}}^{2} - X_{0R_{0}} X_{0R_{1}} + X_{0R_{0}}\\
\frac{dX_{0P_{1}}}{dt} &= \frac{9}{10} \, X_{0P_{1}} X_{0R_{0}} {\left(\cos\left(u_{0P_{1}} - u_{0R_{0}}\right) + 1\right)} + \frac{9}{10} \, X_{0P_{1}} X_{0R_{1}} {\left(\cos\left(u_{0P_{1}} - u_{0R_{1}}\right) + 1\right)} - X_{0P_{1}}\\
\frac{dX_{0P_{0}}}{dt} &= \frac{9}{10} \, X_{0P_{0}} X_{0R_{0}} {\left(\cos\left(u_{0P_{0}} - u_{0R_{0}}\right) + 1\right)} + \frac{9}{10} \, X_{0P_{0}} X_{0R_{1}} {\left(\cos\left(u_{0P_{0}} - u_{0R_{1}}\right) + 1\right)} - X_{0P_{0}}\\
\frac{dX_{0R_{1}}}{dt} &= -X_{0P_{0}} X_{0R_{1}} {\left(\cos\left(u_{0P_{0}} - u_{0R_{1}}\right) + 1\right)} - X_{0P_{1}} X_{0R_{1}} {\left(\cos\left(u_{0P_{1}} - u_{0R_{1}}\right) + 1\right)} - X_{0R_{1}} X_{1P_{0}} {\left(\cos\left(-u_{0R_{1}} + u_{1P_{0}}\right) + 1\right)} - X_{0R_{0}} X_{0R_{1}} - X_{0R_{1}}^{2} + X_{0R_{1}}\\
\frac{dX_{1P_{0}}}{dt} &= \frac{9}{10} \, X_{0R_{0}} X_{1P_{0}} {\left(\cos\left(-u_{0R_{0}} + u_{1P_{0}}\right) + 1\right)} + \frac{9}{10} \, X_{0R_{1}} X_{1P_{0}} {\left(\cos\left(-u_{0R_{1}} + u_{1P_{0}}\right) + 1\right)} - X_{1P_{0}}
\end{align*} \]
 The invasion rate for mutant population is:
\begin{align*}
  \mathscr I = \frac{1}{X_{1P_{0}}}\frac{dX_{1P_{0}}}{dt} &= \frac{9 \, X_{0R_{0}} X_{1P_{0}} {\left(\cos\left(-u_{0R_{0}} + u_{1P_{0}}\right) + 1\right)} + 9 \, X_{0R_{1}} X_{1P_{0}} {\left(\cos\left(-u_{0R_{1}} + u_{1P_{0}}\right) + 1\right)} - 10 \, X_{1P_{0}}}{10 \, X_{1P_{0}}} 
\end{align*}
 And the invasion exponent is
\begin{align*}
  \frac{\partial\mathscr I}{\partial u_{0P_{0}}} = \lim_{u_{1P_{0}}\to u_{0P_{0}},X_{1P_{0}}\to0}-\frac{9 \, {\left(X_{0R_{0}} X_{1P_{0}} \sin\left(-u_{0R_{0}} + u_{1P_{0}}\right) + X_{0R_{1}} X_{1P_{0}} \sin\left(-u_{0R_{1}} + u_{1P_{0}}\right)\right)}}{10 \, X_{1P_{0}}} .
\end{align*}
 Which comes out to
\begin{align*}
  \frac{\partial\mathscr I}{\partial u_{0P_{0}}} = \frac{9}{10} \, X_{0R_{0}} \sin\left(-u_{0P_{0}} + u_{0R_{0}}\right) + \frac{9}{10} \, X_{0R_{1}} \sin\left(-u_{0P_{0}} + u_{0R_{1}}\right) .
\end{align*}
 Original pop-dyn system: 
\[ \begin{align*}
\frac{dX_{0R_{0}}}{dt} &= -X_{0P_{0}} X_{0R_{0}} {\left(\cos\left(u_{0P_{0}} - u_{0R_{0}}\right) + 1\right)} - X_{0P_{1}} X_{0R_{0}} {\left(\cos\left(u_{0P_{1}} - u_{0R_{0}}\right) + 1\right)} - X_{0R_{0}}^{2} - X_{0R_{0}} X_{0R_{1}} + X_{0R_{0}}\\
\frac{dX_{0P_{1}}}{dt} &= \frac{9}{10} \, X_{0P_{1}} X_{0R_{0}} {\left(\cos\left(u_{0P_{1}} - u_{0R_{0}}\right) + 1\right)} + \frac{9}{10} \, X_{0P_{1}} X_{0R_{1}} {\left(\cos\left(u_{0P_{1}} - u_{0R_{1}}\right) + 1\right)} - X_{0P_{1}}\\
\frac{dX_{0P_{0}}}{dt} &= \frac{9}{10} \, X_{0P_{0}} X_{0R_{0}} {\left(\cos\left(u_{0P_{0}} - u_{0R_{0}}\right) + 1\right)} + \frac{9}{10} \, X_{0P_{0}} X_{0R_{1}} {\left(\cos\left(u_{0P_{0}} - u_{0R_{1}}\right) + 1\right)} - X_{0P_{0}}\\
\frac{dX_{0R_{1}}}{dt} &= -X_{0P_{0}} X_{0R_{1}} {\left(\cos\left(u_{0P_{0}} - u_{0R_{1}}\right) + 1\right)} - X_{0P_{1}} X_{0R_{1}} {\left(\cos\left(u_{0P_{1}} - u_{0R_{1}}\right) + 1\right)} - X_{0R_{0}} X_{0R_{1}} - X_{0R_{1}}^{2} + X_{0R_{1}}
\end{align*} \]
 Extended pop-dyn system: 
\[ \begin{align*}
\frac{dX_{0R_{0}}}{dt} &= -X_{0P_{0}} X_{0R_{0}} {\left(\cos\left(u_{0P_{0}} - u_{0R_{0}}\right) + 1\right)} - X_{0P_{1}} X_{0R_{0}} {\left(\cos\left(u_{0P_{1}} - u_{0R_{0}}\right) + 1\right)} - X_{0R_{0}}^{2} - X_{0R_{0}} X_{0R_{1}} - X_{0R_{0}} X_{1R_{1}} + X_{0R_{0}}\\
\frac{dX_{0P_{1}}}{dt} &= \frac{9}{10} \, X_{0P_{1}} X_{0R_{0}} {\left(\cos\left(u_{0P_{1}} - u_{0R_{0}}\right) + 1\right)} + \frac{9}{10} \, X_{0P_{1}} X_{0R_{1}} {\left(\cos\left(u_{0P_{1}} - u_{0R_{1}}\right) + 1\right)} + \frac{9}{10} \, X_{0P_{1}} X_{1R_{1}} {\left(\cos\left(u_{0P_{1}} - u_{1R_{1}}\right) + 1\right)} - X_{0P_{1}}\\
\frac{dX_{0P_{0}}}{dt} &= \frac{9}{10} \, X_{0P_{0}} X_{0R_{0}} {\left(\cos\left(u_{0P_{0}} - u_{0R_{0}}\right) + 1\right)} + \frac{9}{10} \, X_{0P_{0}} X_{0R_{1}} {\left(\cos\left(u_{0P_{0}} - u_{0R_{1}}\right) + 1\right)} + \frac{9}{10} \, X_{0P_{0}} X_{1R_{1}} {\left(\cos\left(u_{0P_{0}} - u_{1R_{1}}\right) + 1\right)} - X_{0P_{0}}\\
\frac{dX_{0R_{1}}}{dt} &= -X_{0P_{0}} X_{0R_{1}} {\left(\cos\left(u_{0P_{0}} - u_{0R_{1}}\right) + 1\right)} - X_{0P_{1}} X_{0R_{1}} {\left(\cos\left(u_{0P_{1}} - u_{0R_{1}}\right) + 1\right)} - X_{0R_{0}} X_{0R_{1}} - X_{0R_{1}}^{2} - X_{0R_{1}} X_{1R_{1}} + X_{0R_{1}}\\
\frac{dX_{1R_{1}}}{dt} &= -X_{0P_{0}} X_{1R_{1}} {\left(\cos\left(u_{0P_{0}} - u_{1R_{1}}\right) + 1\right)} - X_{0P_{1}} X_{1R_{1}} {\left(\cos\left(u_{0P_{1}} - u_{1R_{1}}\right) + 1\right)} - X_{0R_{0}} X_{1R_{1}} - X_{0R_{1}} X_{1R_{1}} - X_{1R_{1}}^{2} + X_{1R_{1}}
\end{align*} \]
 The invasion rate for mutant population is:
\begin{align*}
  \mathscr I = \frac{1}{X_{1R_{1}}}\frac{dX_{1R_{1}}}{dt} &= -\frac{X_{0P_{0}} X_{1R_{1}} {\left(\cos\left(u_{0P_{0}} - u_{1R_{1}}\right) + 1\right)} + X_{0P_{1}} X_{1R_{1}} {\left(\cos\left(u_{0P_{1}} - u_{1R_{1}}\right) + 1\right)} + X_{0R_{0}} X_{1R_{1}} + X_{0R_{1}} X_{1R_{1}} + X_{1R_{1}}^{2} - X_{1R_{1}}}{X_{1R_{1}}} 
\end{align*}
 And the invasion exponent is
\begin{align*}
  \frac{\partial\mathscr I}{\partial u_{0R_{1}}} = \lim_{u_{1R_{1}}\to u_{0R_{1}},X_{1R_{1}}\to0}-\frac{X_{0P_{0}} X_{1R_{1}} \sin\left(u_{0P_{0}} - u_{1R_{1}}\right) + X_{0P_{1}} X_{1R_{1}} \sin\left(u_{0P_{1}} - u_{1R_{1}}\right)}{X_{1R_{1}}} .
\end{align*}
 Which comes out to
\begin{align*}
  \frac{\partial\mathscr I}{\partial u_{0R_{1}}} = X_{0P_{0}} \sin\left(-u_{0P_{0}} + u_{0R_{1}}\right) + X_{0P_{1}} \sin\left(-u_{0P_{1}} + u_{0R_{1}}\right) .
\end{align*}
 \[ \mathbf S \left(\begin{array}{c}
  u_{0P_{1}}\\
  u_{0P_{0}}\\
  u_{0R_{1}}\\
  u_{0R_{0}}
\end{array}\right) = \left(\begin{array}{c}
  \frac{9}{10} \, \hat{X}_{0R_{0}} \sin\left(-u_{0P_{1}} + u_{0R_{0}}\right) + \frac{9}{10} \, \hat{X}_{0R_{1}} \sin\left(-u_{0P_{1}} + u_{0R_{1}}\right)\\
  \frac{9}{10} \, \hat{X}_{0R_{0}} \sin\left(-u_{0P_{0}} + u_{0R_{0}}\right) + \frac{9}{10} \, \hat{X}_{0R_{1}} \sin\left(-u_{0P_{0}} + u_{0R_{1}}\right)\\
  \hat{X}_{0P_{0}} \sin\left(-u_{0P_{0}} + u_{0R_{1}}\right) + \hat{X}_{0P_{1}} \sin\left(-u_{0P_{1}} + u_{0R_{1}}\right)\\
  \hat{X}_{0P_{0}} \sin\left(-u_{0P_{0}} + u_{0R_{0}}\right) + \hat{X}_{0P_{1}} \sin\left(-u_{0P_{1}} + u_{0R_{0}}\right)
\end{array}\right) \]
 Equilibrium of the population dynamics: 
\[ \begin{align*}
  \hat{X}_{0R_{0}} &\to \frac{10 \, {\left(\cos\left(-u_{0P_{0}} + u_{0R_{1}}\right) - \cos\left(-u_{0P_{1}} + u_{0R_{1}}\right)\right)}}{9 \, {\left({\left(\cos\left(-u_{0P_{1}} + u_{0R_{0}}\right) + 1\right)} \cos\left(-u_{0P_{0}} + u_{0R_{1}}\right) - {\left(\cos\left(-u_{0P_{0}} + u_{0R_{0}}\right) + 1\right)} \cos\left(-u_{0P_{1}} + u_{0R_{1}}\right) - \cos\left(-u_{0P_{0}} + u_{0R_{0}}\right) + \cos\left(-u_{0P_{1}} + u_{0R_{0}}\right)\right)}} \\
  \hat{X}_{0R_{1}} &\to -\frac{10 \, {\left(\cos\left(-u_{0P_{0}} + u_{0R_{0}}\right) - \cos\left(-u_{0P_{1}} + u_{0R_{0}}\right)\right)}}{9 \, {\left({\left(\cos\left(-u_{0P_{1}} + u_{0R_{0}}\right) + 1\right)} \cos\left(-u_{0P_{0}} + u_{0R_{1}}\right) - {\left(\cos\left(-u_{0P_{0}} + u_{0R_{0}}\right) + 1\right)} \cos\left(-u_{0P_{1}} + u_{0R_{1}}\right) - \cos\left(-u_{0P_{0}} + u_{0R_{0}}\right) + \cos\left(-u_{0P_{1}} + u_{0R_{0}}\right)\right)}} \\
  \hat{X}_{0P_{0}} &\to \frac{{\left(9 \, \cos\left(-u_{0P_{0}} + u_{0R_{0}}\right) - 1\right)} \cos\left(-u_{0P_{1}} + u_{0R_{1}}\right)^{2} + {\left(9 \, \cos\left(-u_{0P_{1}} + u_{0R_{0}}\right)^{2} - \cos\left(-u_{0P_{1}} + u_{0R_{0}}\right)\right)} \cos\left(-u_{0P_{0}} + u_{0R_{1}}\right) + \cos\left(-u_{0P_{0}} + u_{0R_{0}}\right) \cos\left(-u_{0P_{1}} + u_{0R_{0}}\right) - \cos\left(-u_{0P_{1}} + u_{0R_{0}}\right)^{2} - {\left({\left(9 \, \cos\left(-u_{0P_{1}} + u_{0R_{0}}\right) - 1\right)} \cos\left(-u_{0P_{0}} + u_{0R_{1}}\right) + {\left(9 \, \cos\left(-u_{0P_{0}} + u_{0R_{0}}\right) - 2\right)} \cos\left(-u_{0P_{1}} + u_{0R_{0}}\right) + \cos\left(-u_{0P_{0}} + u_{0R_{0}}\right)\right)} \cos\left(-u_{0P_{1}} + u_{0R_{1}}\right)}{9 \, {\left({\left(\cos\left(-u_{0P_{1}} + u_{0R_{0}}\right)^{2} + 2 \, \cos\left(-u_{0P_{1}} + u_{0R_{0}}\right) + 1\right)} \cos\left(-u_{0P_{0}} + u_{0R_{1}}\right)^{2} + {\left(\cos\left(-u_{0P_{0}} + u_{0R_{0}}\right)^{2} + 2 \, \cos\left(-u_{0P_{0}} + u_{0R_{0}}\right) + 1\right)} \cos\left(-u_{0P_{1}} + u_{0R_{1}}\right)^{2} + \cos\left(-u_{0P_{0}} + u_{0R_{0}}\right)^{2} - 2 \, {\left({\left(\cos\left(-u_{0P_{0}} + u_{0R_{0}}\right) - 1\right)} \cos\left(-u_{0P_{1}} + u_{0R_{0}}\right) - \cos\left(-u_{0P_{1}} + u_{0R_{0}}\right)^{2} + \cos\left(-u_{0P_{0}} + u_{0R_{0}}\right)\right)} \cos\left(-u_{0P_{0}} + u_{0R_{1}}\right) - 2 \, \cos\left(-u_{0P_{0}} + u_{0R_{0}}\right) \cos\left(-u_{0P_{1}} + u_{0R_{0}}\right) + \cos\left(-u_{0P_{1}} + u_{0R_{0}}\right)^{2} + 2 \, {\left(\cos\left(-u_{0P_{0}} + u_{0R_{0}}\right)^{2} - {\left({\left(\cos\left(-u_{0P_{0}} + u_{0R_{0}}\right) + 1\right)} \cos\left(-u_{0P_{1}} + u_{0R_{0}}\right) + \cos\left(-u_{0P_{0}} + u_{0R_{0}}\right) + 1\right)} \cos\left(-u_{0P_{0}} + u_{0R_{1}}\right) - {\left(\cos\left(-u_{0P_{0}} + u_{0R_{0}}\right) + 1\right)} \cos\left(-u_{0P_{1}} + u_{0R_{0}}\right) + \cos\left(-u_{0P_{0}} + u_{0R_{0}}\right)\right)} \cos\left(-u_{0P_{1}} + u_{0R_{1}}\right)\right)}} \\
  \hat{X}_{0P_{1}} &\to \frac{{\left(9 \, \cos\left(-u_{0P_{1}} + u_{0R_{0}}\right) - 1\right)} \cos\left(-u_{0P_{0}} + u_{0R_{1}}\right)^{2} - \cos\left(-u_{0P_{0}} + u_{0R_{0}}\right)^{2} - {\left({\left(9 \, \cos\left(-u_{0P_{0}} + u_{0R_{0}}\right) + 1\right)} \cos\left(-u_{0P_{1}} + u_{0R_{0}}\right) - 2 \, \cos\left(-u_{0P_{0}} + u_{0R_{0}}\right)\right)} \cos\left(-u_{0P_{0}} + u_{0R_{1}}\right) + \cos\left(-u_{0P_{0}} + u_{0R_{0}}\right) \cos\left(-u_{0P_{1}} + u_{0R_{0}}\right) + {\left(9 \, \cos\left(-u_{0P_{0}} + u_{0R_{0}}\right)^{2} - {\left(9 \, \cos\left(-u_{0P_{0}} + u_{0R_{0}}\right) - 1\right)} \cos\left(-u_{0P_{0}} + u_{0R_{1}}\right) - \cos\left(-u_{0P_{0}} + u_{0R_{0}}\right)\right)} \cos\left(-u_{0P_{1}} + u_{0R_{1}}\right)}{9 \, {\left({\left(\cos\left(-u_{0P_{1}} + u_{0R_{0}}\right)^{2} + 2 \, \cos\left(-u_{0P_{1}} + u_{0R_{0}}\right) + 1\right)} \cos\left(-u_{0P_{0}} + u_{0R_{1}}\right)^{2} + {\left(\cos\left(-u_{0P_{0}} + u_{0R_{0}}\right)^{2} + 2 \, \cos\left(-u_{0P_{0}} + u_{0R_{0}}\right) + 1\right)} \cos\left(-u_{0P_{1}} + u_{0R_{1}}\right)^{2} + \cos\left(-u_{0P_{0}} + u_{0R_{0}}\right)^{2} - 2 \, {\left({\left(\cos\left(-u_{0P_{0}} + u_{0R_{0}}\right) - 1\right)} \cos\left(-u_{0P_{1}} + u_{0R_{0}}\right) - \cos\left(-u_{0P_{1}} + u_{0R_{0}}\right)^{2} + \cos\left(-u_{0P_{0}} + u_{0R_{0}}\right)\right)} \cos\left(-u_{0P_{0}} + u_{0R_{1}}\right) - 2 \, \cos\left(-u_{0P_{0}} + u_{0R_{0}}\right) \cos\left(-u_{0P_{1}} + u_{0R_{0}}\right) + \cos\left(-u_{0P_{1}} + u_{0R_{0}}\right)^{2} + 2 \, {\left(\cos\left(-u_{0P_{0}} + u_{0R_{0}}\right)^{2} - {\left({\left(\cos\left(-u_{0P_{0}} + u_{0R_{0}}\right) + 1\right)} \cos\left(-u_{0P_{1}} + u_{0R_{0}}\right) + \cos\left(-u_{0P_{0}} + u_{0R_{0}}\right) + 1\right)} \cos\left(-u_{0P_{0}} + u_{0R_{1}}\right) - {\left(\cos\left(-u_{0P_{0}} + u_{0R_{0}}\right) + 1\right)} \cos\left(-u_{0P_{1}} + u_{0R_{0}}\right) + \cos\left(-u_{0P_{0}} + u_{0R_{0}}\right)\right)} \cos\left(-u_{0P_{1}} + u_{0R_{1}}\right)\right)}}
\end{align*} \]
 The adaptive dynamics comes out to 
\[ \begin{align*}
\frac{du_{0P_{1}}}{dt} &= \frac{{\left({\left(9 \, \cos\left(-u_{0P_{1}} + u_{0R_{0}}\right) - 1\right)} \cos\left(-u_{0P_{0}} + u_{0R_{1}}\right)^{2} - \cos\left(-u_{0P_{0}} + u_{0R_{0}}\right)^{2} - {\left({\left(9 \, \cos\left(-u_{0P_{0}} + u_{0R_{0}}\right) + 1\right)} \cos\left(-u_{0P_{1}} + u_{0R_{0}}\right) - 2 \, \cos\left(-u_{0P_{0}} + u_{0R_{0}}\right)\right)} \cos\left(-u_{0P_{0}} + u_{0R_{1}}\right) + \cos\left(-u_{0P_{0}} + u_{0R_{0}}\right) \cos\left(-u_{0P_{1}} + u_{0R_{0}}\right) + {\left(9 \, \cos\left(-u_{0P_{0}} + u_{0R_{0}}\right)^{2} - {\left(9 \, \cos\left(-u_{0P_{0}} + u_{0R_{0}}\right) - 1\right)} \cos\left(-u_{0P_{0}} + u_{0R_{1}}\right) - \cos\left(-u_{0P_{0}} + u_{0R_{0}}\right)\right)} \cos\left(-u_{0P_{1}} + u_{0R_{1}}\right)\right)} \gamma {\left(\frac{{\left(\cos\left(-u_{0P_{0}} + u_{0R_{1}}\right) - \cos\left(-u_{0P_{1}} + u_{0R_{1}}\right)\right)} \sin\left(-u_{0P_{1}} + u_{0R_{0}}\right)}{{\left(\cos\left(-u_{0P_{1}} + u_{0R_{0}}\right) + 1\right)} \cos\left(-u_{0P_{0}} + u_{0R_{1}}\right) - {\left(\cos\left(-u_{0P_{0}} + u_{0R_{0}}\right) + 1\right)} \cos\left(-u_{0P_{1}} + u_{0R_{1}}\right) - \cos\left(-u_{0P_{0}} + u_{0R_{0}}\right) + \cos\left(-u_{0P_{1}} + u_{0R_{0}}\right)} - \frac{{\left(\cos\left(-u_{0P_{0}} + u_{0R_{0}}\right) - \cos\left(-u_{0P_{1}} + u_{0R_{0}}\right)\right)} \sin\left(-u_{0P_{1}} + u_{0R_{1}}\right)}{{\left(\cos\left(-u_{0P_{1}} + u_{0R_{0}}\right) + 1\right)} \cos\left(-u_{0P_{0}} + u_{0R_{1}}\right) - {\left(\cos\left(-u_{0P_{0}} + u_{0R_{0}}\right) + 1\right)} \cos\left(-u_{0P_{1}} + u_{0R_{1}}\right) - \cos\left(-u_{0P_{0}} + u_{0R_{0}}\right) + \cos\left(-u_{0P_{1}} + u_{0R_{0}}\right)}\right)}}{9 \, {\left({\left(\cos\left(-u_{0P_{1}} + u_{0R_{0}}\right)^{2} + 2 \, \cos\left(-u_{0P_{1}} + u_{0R_{0}}\right) + 1\right)} \cos\left(-u_{0P_{0}} + u_{0R_{1}}\right)^{2} + {\left(\cos\left(-u_{0P_{0}} + u_{0R_{0}}\right)^{2} + 2 \, \cos\left(-u_{0P_{0}} + u_{0R_{0}}\right) + 1\right)} \cos\left(-u_{0P_{1}} + u_{0R_{1}}\right)^{2} + \cos\left(-u_{0P_{0}} + u_{0R_{0}}\right)^{2} - 2 \, {\left({\left(\cos\left(-u_{0P_{0}} + u_{0R_{0}}\right) - 1\right)} \cos\left(-u_{0P_{1}} + u_{0R_{0}}\right) - \cos\left(-u_{0P_{1}} + u_{0R_{0}}\right)^{2} + \cos\left(-u_{0P_{0}} + u_{0R_{0}}\right)\right)} \cos\left(-u_{0P_{0}} + u_{0R_{1}}\right) - 2 \, \cos\left(-u_{0P_{0}} + u_{0R_{0}}\right) \cos\left(-u_{0P_{1}} + u_{0R_{0}}\right) + \cos\left(-u_{0P_{1}} + u_{0R_{0}}\right)^{2} + 2 \, {\left(\cos\left(-u_{0P_{0}} + u_{0R_{0}}\right)^{2} - {\left({\left(\cos\left(-u_{0P_{0}} + u_{0R_{0}}\right) + 1\right)} \cos\left(-u_{0P_{1}} + u_{0R_{0}}\right) + \cos\left(-u_{0P_{0}} + u_{0R_{0}}\right) + 1\right)} \cos\left(-u_{0P_{0}} + u_{0R_{1}}\right) - {\left(\cos\left(-u_{0P_{0}} + u_{0R_{0}}\right) + 1\right)} \cos\left(-u_{0P_{1}} + u_{0R_{0}}\right) + \cos\left(-u_{0P_{0}} + u_{0R_{0}}\right)\right)} \cos\left(-u_{0P_{1}} + u_{0R_{1}}\right)\right)}}\\
\frac{du_{0P_{0}}}{dt} &= \frac{{\left({\left(9 \, \cos\left(-u_{0P_{0}} + u_{0R_{0}}\right) - 1\right)} \cos\left(-u_{0P_{1}} + u_{0R_{1}}\right)^{2} + {\left(9 \, \cos\left(-u_{0P_{1}} + u_{0R_{0}}\right)^{2} - \cos\left(-u_{0P_{1}} + u_{0R_{0}}\right)\right)} \cos\left(-u_{0P_{0}} + u_{0R_{1}}\right) + \cos\left(-u_{0P_{0}} + u_{0R_{0}}\right) \cos\left(-u_{0P_{1}} + u_{0R_{0}}\right) - \cos\left(-u_{0P_{1}} + u_{0R_{0}}\right)^{2} - {\left({\left(9 \, \cos\left(-u_{0P_{1}} + u_{0R_{0}}\right) - 1\right)} \cos\left(-u_{0P_{0}} + u_{0R_{1}}\right) + {\left(9 \, \cos\left(-u_{0P_{0}} + u_{0R_{0}}\right) - 2\right)} \cos\left(-u_{0P_{1}} + u_{0R_{0}}\right) + \cos\left(-u_{0P_{0}} + u_{0R_{0}}\right)\right)} \cos\left(-u_{0P_{1}} + u_{0R_{1}}\right)\right)} \gamma {\left(\frac{{\left(\cos\left(-u_{0P_{0}} + u_{0R_{1}}\right) - \cos\left(-u_{0P_{1}} + u_{0R_{1}}\right)\right)} \sin\left(-u_{0P_{0}} + u_{0R_{0}}\right)}{{\left(\cos\left(-u_{0P_{1}} + u_{0R_{0}}\right) + 1\right)} \cos\left(-u_{0P_{0}} + u_{0R_{1}}\right) - {\left(\cos\left(-u_{0P_{0}} + u_{0R_{0}}\right) + 1\right)} \cos\left(-u_{0P_{1}} + u_{0R_{1}}\right) - \cos\left(-u_{0P_{0}} + u_{0R_{0}}\right) + \cos\left(-u_{0P_{1}} + u_{0R_{0}}\right)} - \frac{{\left(\cos\left(-u_{0P_{0}} + u_{0R_{0}}\right) - \cos\left(-u_{0P_{1}} + u_{0R_{0}}\right)\right)} \sin\left(-u_{0P_{0}} + u_{0R_{1}}\right)}{{\left(\cos\left(-u_{0P_{1}} + u_{0R_{0}}\right) + 1\right)} \cos\left(-u_{0P_{0}} + u_{0R_{1}}\right) - {\left(\cos\left(-u_{0P_{0}} + u_{0R_{0}}\right) + 1\right)} \cos\left(-u_{0P_{1}} + u_{0R_{1}}\right) - \cos\left(-u_{0P_{0}} + u_{0R_{0}}\right) + \cos\left(-u_{0P_{1}} + u_{0R_{0}}\right)}\right)}}{9 \, {\left({\left(\cos\left(-u_{0P_{1}} + u_{0R_{0}}\right)^{2} + 2 \, \cos\left(-u_{0P_{1}} + u_{0R_{0}}\right) + 1\right)} \cos\left(-u_{0P_{0}} + u_{0R_{1}}\right)^{2} + {\left(\cos\left(-u_{0P_{0}} + u_{0R_{0}}\right)^{2} + 2 \, \cos\left(-u_{0P_{0}} + u_{0R_{0}}\right) + 1\right)} \cos\left(-u_{0P_{1}} + u_{0R_{1}}\right)^{2} + \cos\left(-u_{0P_{0}} + u_{0R_{0}}\right)^{2} - 2 \, {\left({\left(\cos\left(-u_{0P_{0}} + u_{0R_{0}}\right) - 1\right)} \cos\left(-u_{0P_{1}} + u_{0R_{0}}\right) - \cos\left(-u_{0P_{1}} + u_{0R_{0}}\right)^{2} + \cos\left(-u_{0P_{0}} + u_{0R_{0}}\right)\right)} \cos\left(-u_{0P_{0}} + u_{0R_{1}}\right) - 2 \, \cos\left(-u_{0P_{0}} + u_{0R_{0}}\right) \cos\left(-u_{0P_{1}} + u_{0R_{0}}\right) + \cos\left(-u_{0P_{1}} + u_{0R_{0}}\right)^{2} + 2 \, {\left(\cos\left(-u_{0P_{0}} + u_{0R_{0}}\right)^{2} - {\left({\left(\cos\left(-u_{0P_{0}} + u_{0R_{0}}\right) + 1\right)} \cos\left(-u_{0P_{1}} + u_{0R_{0}}\right) + \cos\left(-u_{0P_{0}} + u_{0R_{0}}\right) + 1\right)} \cos\left(-u_{0P_{0}} + u_{0R_{1}}\right) - {\left(\cos\left(-u_{0P_{0}} + u_{0R_{0}}\right) + 1\right)} \cos\left(-u_{0P_{1}} + u_{0R_{0}}\right) + \cos\left(-u_{0P_{0}} + u_{0R_{0}}\right)\right)} \cos\left(-u_{0P_{1}} + u_{0R_{1}}\right)\right)}}\\
\frac{du_{0R_{1}}}{dt} &= -\frac{10 \, \gamma {\left(\frac{{\left({\left(9 \, \cos\left(-u_{0P_{0}} + u_{0R_{0}}\right) - 1\right)} \cos\left(-u_{0P_{1}} + u_{0R_{1}}\right)^{2} + {\left(9 \, \cos\left(-u_{0P_{1}} + u_{0R_{0}}\right)^{2} - \cos\left(-u_{0P_{1}} + u_{0R_{0}}\right)\right)} \cos\left(-u_{0P_{0}} + u_{0R_{1}}\right) + \cos\left(-u_{0P_{0}} + u_{0R_{0}}\right) \cos\left(-u_{0P_{1}} + u_{0R_{0}}\right) - \cos\left(-u_{0P_{1}} + u_{0R_{0}}\right)^{2} - {\left({\left(9 \, \cos\left(-u_{0P_{1}} + u_{0R_{0}}\right) - 1\right)} \cos\left(-u_{0P_{0}} + u_{0R_{1}}\right) + {\left(9 \, \cos\left(-u_{0P_{0}} + u_{0R_{0}}\right) - 2\right)} \cos\left(-u_{0P_{1}} + u_{0R_{0}}\right) + \cos\left(-u_{0P_{0}} + u_{0R_{0}}\right)\right)} \cos\left(-u_{0P_{1}} + u_{0R_{1}}\right)\right)} \sin\left(-u_{0P_{0}} + u_{0R_{1}}\right)}{{\left(\cos\left(-u_{0P_{1}} + u_{0R_{0}}\right)^{2} + 2 \, \cos\left(-u_{0P_{1}} + u_{0R_{0}}\right) + 1\right)} \cos\left(-u_{0P_{0}} + u_{0R_{1}}\right)^{2} + {\left(\cos\left(-u_{0P_{0}} + u_{0R_{0}}\right)^{2} + 2 \, \cos\left(-u_{0P_{0}} + u_{0R_{0}}\right) + 1\right)} \cos\left(-u_{0P_{1}} + u_{0R_{1}}\right)^{2} + \cos\left(-u_{0P_{0}} + u_{0R_{0}}\right)^{2} - 2 \, {\left({\left(\cos\left(-u_{0P_{0}} + u_{0R_{0}}\right) - 1\right)} \cos\left(-u_{0P_{1}} + u_{0R_{0}}\right) - \cos\left(-u_{0P_{1}} + u_{0R_{0}}\right)^{2} + \cos\left(-u_{0P_{0}} + u_{0R_{0}}\right)\right)} \cos\left(-u_{0P_{0}} + u_{0R_{1}}\right) - 2 \, \cos\left(-u_{0P_{0}} + u_{0R_{0}}\right) \cos\left(-u_{0P_{1}} + u_{0R_{0}}\right) + \cos\left(-u_{0P_{1}} + u_{0R_{0}}\right)^{2} + 2 \, {\left(\cos\left(-u_{0P_{0}} + u_{0R_{0}}\right)^{2} - {\left({\left(\cos\left(-u_{0P_{0}} + u_{0R_{0}}\right) + 1\right)} \cos\left(-u_{0P_{1}} + u_{0R_{0}}\right) + \cos\left(-u_{0P_{0}} + u_{0R_{0}}\right) + 1\right)} \cos\left(-u_{0P_{0}} + u_{0R_{1}}\right) - {\left(\cos\left(-u_{0P_{0}} + u_{0R_{0}}\right) + 1\right)} \cos\left(-u_{0P_{1}} + u_{0R_{0}}\right) + \cos\left(-u_{0P_{0}} + u_{0R_{0}}\right)\right)} \cos\left(-u_{0P_{1}} + u_{0R_{1}}\right)} + \frac{{\left({\left(9 \, \cos\left(-u_{0P_{1}} + u_{0R_{0}}\right) - 1\right)} \cos\left(-u_{0P_{0}} + u_{0R_{1}}\right)^{2} - \cos\left(-u_{0P_{0}} + u_{0R_{0}}\right)^{2} - {\left({\left(9 \, \cos\left(-u_{0P_{0}} + u_{0R_{0}}\right) + 1\right)} \cos\left(-u_{0P_{1}} + u_{0R_{0}}\right) - 2 \, \cos\left(-u_{0P_{0}} + u_{0R_{0}}\right)\right)} \cos\left(-u_{0P_{0}} + u_{0R_{1}}\right) + \cos\left(-u_{0P_{0}} + u_{0R_{0}}\right) \cos\left(-u_{0P_{1}} + u_{0R_{0}}\right) + {\left(9 \, \cos\left(-u_{0P_{0}} + u_{0R_{0}}\right)^{2} - {\left(9 \, \cos\left(-u_{0P_{0}} + u_{0R_{0}}\right) - 1\right)} \cos\left(-u_{0P_{0}} + u_{0R_{1}}\right) - \cos\left(-u_{0P_{0}} + u_{0R_{0}}\right)\right)} \cos\left(-u_{0P_{1}} + u_{0R_{1}}\right)\right)} \sin\left(-u_{0P_{1}} + u_{0R_{1}}\right)}{{\left(\cos\left(-u_{0P_{1}} + u_{0R_{0}}\right)^{2} + 2 \, \cos\left(-u_{0P_{1}} + u_{0R_{0}}\right) + 1\right)} \cos\left(-u_{0P_{0}} + u_{0R_{1}}\right)^{2} + {\left(\cos\left(-u_{0P_{0}} + u_{0R_{0}}\right)^{2} + 2 \, \cos\left(-u_{0P_{0}} + u_{0R_{0}}\right) + 1\right)} \cos\left(-u_{0P_{1}} + u_{0R_{1}}\right)^{2} + \cos\left(-u_{0P_{0}} + u_{0R_{0}}\right)^{2} - 2 \, {\left({\left(\cos\left(-u_{0P_{0}} + u_{0R_{0}}\right) - 1\right)} \cos\left(-u_{0P_{1}} + u_{0R_{0}}\right) - \cos\left(-u_{0P_{1}} + u_{0R_{0}}\right)^{2} + \cos\left(-u_{0P_{0}} + u_{0R_{0}}\right)\right)} \cos\left(-u_{0P_{0}} + u_{0R_{1}}\right) - 2 \, \cos\left(-u_{0P_{0}} + u_{0R_{0}}\right) \cos\left(-u_{0P_{1}} + u_{0R_{0}}\right) + \cos\left(-u_{0P_{1}} + u_{0R_{0}}\right)^{2} + 2 \, {\left(\cos\left(-u_{0P_{0}} + u_{0R_{0}}\right)^{2} - {\left({\left(\cos\left(-u_{0P_{0}} + u_{0R_{0}}\right) + 1\right)} \cos\left(-u_{0P_{1}} + u_{0R_{0}}\right) + \cos\left(-u_{0P_{0}} + u_{0R_{0}}\right) + 1\right)} \cos\left(-u_{0P_{0}} + u_{0R_{1}}\right) - {\left(\cos\left(-u_{0P_{0}} + u_{0R_{0}}\right) + 1\right)} \cos\left(-u_{0P_{1}} + u_{0R_{0}}\right) + \cos\left(-u_{0P_{0}} + u_{0R_{0}}\right)\right)} \cos\left(-u_{0P_{1}} + u_{0R_{1}}\right)}\right)} {\left(\cos\left(-u_{0P_{0}} + u_{0R_{0}}\right) - \cos\left(-u_{0P_{1}} + u_{0R_{0}}\right)\right)}}{81 \, {\left({\left(\cos\left(-u_{0P_{1}} + u_{0R_{0}}\right) + 1\right)} \cos\left(-u_{0P_{0}} + u_{0R_{1}}\right) - {\left(\cos\left(-u_{0P_{0}} + u_{0R_{0}}\right) + 1\right)} \cos\left(-u_{0P_{1}} + u_{0R_{1}}\right) - \cos\left(-u_{0P_{0}} + u_{0R_{0}}\right) + \cos\left(-u_{0P_{1}} + u_{0R_{0}}\right)\right)}}\\
\frac{du_{0R_{0}}}{dt} &= \frac{10 \, \gamma {\left(\frac{{\left({\left(9 \, \cos\left(-u_{0P_{0}} + u_{0R_{0}}\right) - 1\right)} \cos\left(-u_{0P_{1}} + u_{0R_{1}}\right)^{2} + {\left(9 \, \cos\left(-u_{0P_{1}} + u_{0R_{0}}\right)^{2} - \cos\left(-u_{0P_{1}} + u_{0R_{0}}\right)\right)} \cos\left(-u_{0P_{0}} + u_{0R_{1}}\right) + \cos\left(-u_{0P_{0}} + u_{0R_{0}}\right) \cos\left(-u_{0P_{1}} + u_{0R_{0}}\right) - \cos\left(-u_{0P_{1}} + u_{0R_{0}}\right)^{2} - {\left({\left(9 \, \cos\left(-u_{0P_{1}} + u_{0R_{0}}\right) - 1\right)} \cos\left(-u_{0P_{0}} + u_{0R_{1}}\right) + {\left(9 \, \cos\left(-u_{0P_{0}} + u_{0R_{0}}\right) - 2\right)} \cos\left(-u_{0P_{1}} + u_{0R_{0}}\right) + \cos\left(-u_{0P_{0}} + u_{0R_{0}}\right)\right)} \cos\left(-u_{0P_{1}} + u_{0R_{1}}\right)\right)} \sin\left(-u_{0P_{0}} + u_{0R_{0}}\right)}{{\left(\cos\left(-u_{0P_{1}} + u_{0R_{0}}\right)^{2} + 2 \, \cos\left(-u_{0P_{1}} + u_{0R_{0}}\right) + 1\right)} \cos\left(-u_{0P_{0}} + u_{0R_{1}}\right)^{2} + {\left(\cos\left(-u_{0P_{0}} + u_{0R_{0}}\right)^{2} + 2 \, \cos\left(-u_{0P_{0}} + u_{0R_{0}}\right) + 1\right)} \cos\left(-u_{0P_{1}} + u_{0R_{1}}\right)^{2} + \cos\left(-u_{0P_{0}} + u_{0R_{0}}\right)^{2} - 2 \, {\left({\left(\cos\left(-u_{0P_{0}} + u_{0R_{0}}\right) - 1\right)} \cos\left(-u_{0P_{1}} + u_{0R_{0}}\right) - \cos\left(-u_{0P_{1}} + u_{0R_{0}}\right)^{2} + \cos\left(-u_{0P_{0}} + u_{0R_{0}}\right)\right)} \cos\left(-u_{0P_{0}} + u_{0R_{1}}\right) - 2 \, \cos\left(-u_{0P_{0}} + u_{0R_{0}}\right) \cos\left(-u_{0P_{1}} + u_{0R_{0}}\right) + \cos\left(-u_{0P_{1}} + u_{0R_{0}}\right)^{2} + 2 \, {\left(\cos\left(-u_{0P_{0}} + u_{0R_{0}}\right)^{2} - {\left({\left(\cos\left(-u_{0P_{0}} + u_{0R_{0}}\right) + 1\right)} \cos\left(-u_{0P_{1}} + u_{0R_{0}}\right) + \cos\left(-u_{0P_{0}} + u_{0R_{0}}\right) + 1\right)} \cos\left(-u_{0P_{0}} + u_{0R_{1}}\right) - {\left(\cos\left(-u_{0P_{0}} + u_{0R_{0}}\right) + 1\right)} \cos\left(-u_{0P_{1}} + u_{0R_{0}}\right) + \cos\left(-u_{0P_{0}} + u_{0R_{0}}\right)\right)} \cos\left(-u_{0P_{1}} + u_{0R_{1}}\right)} + \frac{{\left({\left(9 \, \cos\left(-u_{0P_{1}} + u_{0R_{0}}\right) - 1\right)} \cos\left(-u_{0P_{0}} + u_{0R_{1}}\right)^{2} - \cos\left(-u_{0P_{0}} + u_{0R_{0}}\right)^{2} - {\left({\left(9 \, \cos\left(-u_{0P_{0}} + u_{0R_{0}}\right) + 1\right)} \cos\left(-u_{0P_{1}} + u_{0R_{0}}\right) - 2 \, \cos\left(-u_{0P_{0}} + u_{0R_{0}}\right)\right)} \cos\left(-u_{0P_{0}} + u_{0R_{1}}\right) + \cos\left(-u_{0P_{0}} + u_{0R_{0}}\right) \cos\left(-u_{0P_{1}} + u_{0R_{0}}\right) + {\left(9 \, \cos\left(-u_{0P_{0}} + u_{0R_{0}}\right)^{2} - {\left(9 \, \cos\left(-u_{0P_{0}} + u_{0R_{0}}\right) - 1\right)} \cos\left(-u_{0P_{0}} + u_{0R_{1}}\right) - \cos\left(-u_{0P_{0}} + u_{0R_{0}}\right)\right)} \cos\left(-u_{0P_{1}} + u_{0R_{1}}\right)\right)} \sin\left(-u_{0P_{1}} + u_{0R_{0}}\right)}{{\left(\cos\left(-u_{0P_{1}} + u_{0R_{0}}\right)^{2} + 2 \, \cos\left(-u_{0P_{1}} + u_{0R_{0}}\right) + 1\right)} \cos\left(-u_{0P_{0}} + u_{0R_{1}}\right)^{2} + {\left(\cos\left(-u_{0P_{0}} + u_{0R_{0}}\right)^{2} + 2 \, \cos\left(-u_{0P_{0}} + u_{0R_{0}}\right) + 1\right)} \cos\left(-u_{0P_{1}} + u_{0R_{1}}\right)^{2} + \cos\left(-u_{0P_{0}} + u_{0R_{0}}\right)^{2} - 2 \, {\left({\left(\cos\left(-u_{0P_{0}} + u_{0R_{0}}\right) - 1\right)} \cos\left(-u_{0P_{1}} + u_{0R_{0}}\right) - \cos\left(-u_{0P_{1}} + u_{0R_{0}}\right)^{2} + \cos\left(-u_{0P_{0}} + u_{0R_{0}}\right)\right)} \cos\left(-u_{0P_{0}} + u_{0R_{1}}\right) - 2 \, \cos\left(-u_{0P_{0}} + u_{0R_{0}}\right) \cos\left(-u_{0P_{1}} + u_{0R_{0}}\right) + \cos\left(-u_{0P_{1}} + u_{0R_{0}}\right)^{2} + 2 \, {\left(\cos\left(-u_{0P_{0}} + u_{0R_{0}}\right)^{2} - {\left({\left(\cos\left(-u_{0P_{0}} + u_{0R_{0}}\right) + 1\right)} \cos\left(-u_{0P_{1}} + u_{0R_{0}}\right) + \cos\left(-u_{0P_{0}} + u_{0R_{0}}\right) + 1\right)} \cos\left(-u_{0P_{0}} + u_{0R_{1}}\right) - {\left(\cos\left(-u_{0P_{0}} + u_{0R_{0}}\right) + 1\right)} \cos\left(-u_{0P_{1}} + u_{0R_{0}}\right) + \cos\left(-u_{0P_{0}} + u_{0R_{0}}\right)\right)} \cos\left(-u_{0P_{1}} + u_{0R_{1}}\right)}\right)} {\left(\cos\left(-u_{0P_{0}} + u_{0R_{1}}\right) - \cos\left(-u_{0P_{1}} + u_{0R_{1}}\right)\right)}}{81 \, {\left({\left(\cos\left(-u_{0P_{1}} + u_{0R_{0}}\right) + 1\right)} \cos\left(-u_{0P_{0}} + u_{0R_{1}}\right) - {\left(\cos\left(-u_{0P_{0}} + u_{0R_{0}}\right) + 1\right)} \cos\left(-u_{0P_{1}} + u_{0R_{1}}\right) - \cos\left(-u_{0P_{0}} + u_{0R_{0}}\right) + \cos\left(-u_{0P_{1}} + u_{0R_{0}}\right)\right)}}
\end{align*} \]

timeseries[0]: {t -> 0, u_0_P_1 -> 0.200000000000000, u_0_P_0 -> -0.100000000000000, u_0_R_1 -> 0, u_0_R_0 -> -0.200000000000000}
first pt of timeseries: [-0.140994130079428, 0, 0.222081359612317, 0.697940892622285]
Traceback (most recent call last):
  File "foodweb-2-2.sage.py", line 54, in <module>
    traj_2_2 = foodweb_adap.solve( [ init_2_2( v ) for v in foodweb_adap._vars ], end_time=_sage_const_30  ) #, step=0.003 )
  File "/usr/local/src/jekyll-research/wmd_files/SageDynamicsRepo/SageAdaptiveDynamics/adaptivedynamics.py", line 186, in solve
    raise AdaptiveDynamicsException( "Non-positive population sizes: " + str( [ x == N(_t(self._bindings(x))) for x in self._popdyn_model.equilibrium_vars() ] ) )
adaptivedynamics.AdaptiveDynamicsException: Non-positive population sizes: [Xhat_0_R_0 == -0.140994130079428, Xhat_0_P_1 == 0.000000000000000, Xhat_0_P_0 == 0.222081359612317, Xhat_0_R_1 == 0.697940892622285]
[ -e foodweb-2-2.sage.status ] && (rm -f foodweb-2-2.sage.status && mv foodweb-2-2.sage.dmp foodweb-2-2.sage.out) || exit 1
make: *** [foodweb-2-2.sage.out] Error 1
make: Leaving directory `/usr/local/src/jekyll-research/wmd_files/Selection_Gradients'
Make failed with exit code 2.
Mon Mar 30 10:43:59 2015
