Wed Sep 16 15:28:16 2015
/usr/bin/make -C /usr/local/src/adaptive-dynamics-research/wmd_files/Selection_Gradients \
    foodweb.tikz.crop.svg
Including .mk files: sage.mk sage-inline.mk 
Including .mk files from .step files: foodweb.py.mk foodweb.sage.mk foodweb.plot.sage.mk foodweb-2-2.sage.mk foodweb-2-2.plot.sage.mk logistic-S-A-curves.sage.mk maclev-S-A-curve.sage.mk logistic-S-A-curve.sage.mk maclev-1-1.sage.mk maclev-1-1-adap.sage.mk maclev-1-1-mc-adap-geom.sage.mk maclev-1-1-ak-adap-geom.sage.mk S-A-vector-field.sage.mk maclev-1-1-d1A-vector-field.sage.mk maclev-1-1-S-and-d1A-on-curve.sage.mk maclev-1-1-S-and-D-on-curve.sage.mk maclev_1_2_defs.py.mk maclev-1-2-popdyn.sage.mk maclev-1-2-adap.sage.mk maclev-1-2-p.sage.mk maclev-1-2-zngi.sage.mk maclev-1-2-geom.sage.mk maclev_unconstrained_c.py.mk maclev-2-2-c-popdyn.sage.mk maclev-2-2-c-adap.sage.mk maclev-2-2-c-p.sage.mk maclev-2-2-c-zngi.sage.mk maclev-2-2-c-geom.sage.mk maclev_2_2_defs.py.mk maclev-2-2-popdyn.sage.mk maclev-2-2-adap.sage.mk maclev-2-2-p.sage.mk maclev-2-2-zngi.sage.mk maclev-2-2-geom.sage.mk maclev_a_only_defs.py.mk maclev-a-only-popdyn.sage.mk maclev-a-only-adap.sage.mk maclev-a-only-p.sage.mk maclev-a-only-zngi.sage.mk maclev-a-only-geom.sage.mk maclev_a_c.py.mk maclev-2-2-a-c-popdyn.sage.mk maclev-2-2-a-c-adap.sage.mk maclev-2-2-a-c-p.sage.mk maclev-2-2-a-c-zngi.sage.mk maclev-2-2-a-c-geom.sage.mk maclevmodels.py.mk statmech.py.mk statmech-assemble.sage.mk statmech-assemble-plot.sage.mk statmech-evol.sage.mk statmech-evol-plot.sage.mk toc.sage.mk maclev-2-2-zngi-invasion.sage.mk lotkavolterra.py.mk
Including .mk files from .sage-inline files: avec.sage.mk a-careful.sage.mk
Including .tex.d files: foodweb-2-2.tikz.tex.d foodweb.tikz.tex.d
make: Entering directory `/usr/local/src/adaptive-dynamics-research/wmd_files/Selection_Gradients'
perl -f /usr/local/src/adaptive-dynamics-research/wmd_files/SageDynamicsRepo/SageUtils/step.pl maclev-2-2-zngi.sage '#'
make: Leaving directory `/usr/local/src/adaptive-dynamics-research/wmd_files/Selection_Gradients'
Including .mk files: sage.mk sage-inline.mk 
Including .mk files from .step files: foodweb.py.mk foodweb.sage.mk foodweb.plot.sage.mk foodweb-2-2.sage.mk foodweb-2-2.plot.sage.mk logistic-S-A-curves.sage.mk maclev-S-A-curve.sage.mk logistic-S-A-curve.sage.mk maclev-1-1.sage.mk maclev-1-1-adap.sage.mk maclev-1-1-mc-adap-geom.sage.mk maclev-1-1-ak-adap-geom.sage.mk S-A-vector-field.sage.mk maclev-1-1-d1A-vector-field.sage.mk maclev-1-1-S-and-d1A-on-curve.sage.mk maclev-1-1-S-and-D-on-curve.sage.mk maclev_1_2_defs.py.mk maclev-1-2-popdyn.sage.mk maclev-1-2-adap.sage.mk maclev-1-2-p.sage.mk maclev-1-2-zngi.sage.mk maclev-1-2-geom.sage.mk maclev_unconstrained_c.py.mk maclev-2-2-c-popdyn.sage.mk maclev-2-2-c-adap.sage.mk maclev-2-2-c-p.sage.mk maclev-2-2-c-zngi.sage.mk maclev-2-2-c-geom.sage.mk maclev_2_2_defs.py.mk maclev-2-2-popdyn.sage.mk maclev-2-2-adap.sage.mk maclev-2-2-p.sage.mk maclev-2-2-zngi.sage.mk maclev-2-2-geom.sage.mk maclev_a_only_defs.py.mk maclev-a-only-popdyn.sage.mk maclev-a-only-adap.sage.mk maclev-a-only-p.sage.mk maclev-a-only-zngi.sage.mk maclev-a-only-geom.sage.mk maclev_a_c.py.mk maclev-2-2-a-c-popdyn.sage.mk maclev-2-2-a-c-adap.sage.mk maclev-2-2-a-c-p.sage.mk maclev-2-2-a-c-zngi.sage.mk maclev-2-2-a-c-geom.sage.mk maclevmodels.py.mk statmech.py.mk statmech-assemble.sage.mk statmech-assemble-plot.sage.mk statmech-evol.sage.mk statmech-evol-plot.sage.mk toc.sage.mk maclev-2-2-zngi-invasion.sage.mk lotkavolterra.py.mk
Including .mk files from .sage-inline files: avec.sage.mk a-careful.sage.mk
Including .tex.d files: foodweb-2-2.tikz.tex.d foodweb.tikz.tex.d
make: Entering directory `/usr/local/src/adaptive-dynamics-research/wmd_files/Selection_Gradients'
/usr/bin/make --no-print-directory -C /usr/local/src/adaptive-dynamics-research/wmd_files/SageDynamicsRepo/SageDynamics dynamicalsystems.py
make[1]: Nothing to be done for `dynamicalsystems.py'.
/usr/bin/make --no-print-directory -C /usr/local/src/adaptive-dynamics-research/wmd_files/SageDynamicsRepo/SageAdaptiveDynamics adaptivedynamics.py
make[1]: Nothing to be done for `adaptivedynamics.py'.
rm -f foodweb.sage.out foodweb.sage.status foodweb.sobj foodweb.sage.out.tex foodweb.tikz.tex
(sage foodweb.sage && touch foodweb.sage.status) | tee foodweb.sage.dmp
Signal received — terminating the make process
Make failed with exit code -1.
Wed Sep 16 15:31:17 2015
Traceback (most recent call last):
  File "foodweb.sage.py", line 58, in <module>
    pred_prey_traj = foodweb_adap.bind( fb ).solve( [ pred_prey_init( v ) for v in foodweb_adap._vars ], end_time=_sage_const_1000  ) #, step=0.003 )
  File "/usr/local/src/adaptive-dynamics-research/wmd_files/SageDynamicsRepo/SageAdaptiveDynamics/adaptivedynamics.py", line 207, in solve
    trajectory = super(AdaptiveDynamicsModel,self).solve(initial_conditions, **opts)
  File "/usr/local/src/adaptive-dynamics-research/wmd_files/SageDynamicsRepo/SageDynamics/dynamicalsystems.py", line 564, in solve
    return self.desolve( initial_conditions, start_time, end_time, step)
  File "/usr/local/src/adaptive-dynamics-research/wmd_files/SageDynamicsRepo/SageDynamics/dynamicalsystems.py", line 581, in desolve
    end_points=end_time, step=step )
  File "/usr/local/src/sage/local/lib/python2.7/site-packages/sage/calculus/desolvers.py", line 1339, in desolve_system_rk4
    sol_2=maxima(cmd).sage()
  File "/usr/local/src/sage/local/lib/python2.7/site-packages/sage/interfaces/interface.py", line 170, in __call__
    return cls(self, x, name=name)
  File "/usr/local/src/sage/local/lib/python2.7/site-packages/sage/interfaces/maxima.py", line 1136, in __init__
    ExpectElement.__init__(self, parent, value, is_name=False, name=None)
  File "/usr/local/src/sage/local/lib/python2.7/site-packages/sage/interfaces/expect.py", line 1305, in __init__
    self._name = parent._create(value, name=name)
  File "/usr/local/src/sage/local/lib/python2.7/site-packages/sage/interfaces/interface.py", line 360, in _create
    self.set(name, value)
  File "/usr/local/src/sage/local/lib/python2.7/site-packages/sage/interfaces/maxima.py", line 979, in set
    self._batch(cmd, batchload=True)
  File "/usr/local/src/sage/local/lib/python2.7/site-packages/sage/interfaces/maxima.py", line 867, in _batch
    self._expect_expr(s)
  File "/usr/local/src/sage/local/lib/python2.7/site-packages/sage/interfaces/maxima.py", line 725, in _expect_expr
    raise KeyboardInterrupt(msg)
KeyboardInterrupt
make: *** [foodweb.sage.out] Interrupt
