Thu May 14 15:47:32 2015
/usr/bin/make -C /usr/local/src/jekyll-research/wmd_files/Selection_Gradients \
    foodweb.tikz.tex-inline
Including .mk files: sage.mk sage-inline.mk 
Including .mk files from .step files: foodweb.py.mk foodweb.sage.mk foodweb.plot.sage.mk foodweb-2-2.sage.mk foodweb-2-2.plot.sage.mk maclev-1-1.sage.mk maclev-1-1-adap.sage.mk maclev-1-1-mc-adap-geom.sage.mk maclev-1-1-ak-adap-geom.sage.mk S-A-vector-field.sage.mk maclev-1-1-d1A-vector-field.sage.mk maclev-1-1-S-and-d1A-on-curve.sage.mk maclev-1-1-S-and-D-on-curve.sage.mk maclev_1_2_defs.py.mk maclev-1-2-popdyn.sage.mk maclev-1-2-adap.sage.mk maclev-1-2-p.sage.mk maclev-1-2-zngi.sage.mk maclev-1-2-geom.sage.mk maclev_unconstrained_c.py.mk maclev-2-2-c-popdyn.sage.mk maclev-2-2-c-adap.sage.mk maclev-2-2-c-p.sage.mk maclev-2-2-c-zngi.sage.mk maclev-2-2-c-geom.sage.mk maclev_2_2_defs.py.mk maclev-2-2-popdyn.sage.mk maclev-2-2-adap.sage.mk maclev-2-2-p.sage.mk maclev-2-2-zngi.sage.mk maclev-2-2-geom.sage.mk maclev_a_only_defs.py.mk maclev-a-only-popdyn.sage.mk maclev-a-only-adap.sage.mk maclev-a-only-p.sage.mk maclev-a-only-zngi.sage.mk maclev-a-only-geom.sage.mk maclev_a_c.py.mk maclev-2-2-a-c-popdyn.sage.mk maclev-2-2-a-c-adap.sage.mk maclev-2-2-a-c-p.sage.mk maclev-2-2-a-c-zngi.sage.mk maclev-2-2-a-c-geom.sage.mk maclevmodels.py.mk toc.sage.mk maclev-2-2-zngi-invasion.sage.mk lotkavolterra.py.mk
Including .mk files from .sage-inline files: avec.sage.mk a-careful.sage.mk
Including .tex.d files: foodweb-2-2.tikz.tex.d foodweb.tikz.tex.d
make[1]: Entering directory `/usr/local/src/jekyll-research/wmd_files/Selection_Gradients'
/usr/bin/make --no-print-directory -C /usr/local/src/jekyll-research/wmd_files/SageDynamicsRepo/SageDynamics dynamicalsystems.py
Including .mk files:  
Including .tex.d files: 
make[2]: Nothing to be done for `dynamicalsystems.py'.
/usr/bin/make --no-print-directory -C /usr/local/src/jekyll-research/wmd_files/SageDynamicsRepo/SageAdaptiveDynamics adaptivedynamics.py
Including .mk files:  
Including .tex.d files: 
make[2]: Nothing to be done for `adaptivedynamics.py'.
rm -f foodweb.sage.out foodweb.sage.status foodweb.sobj foodweb.sage.out.tex foodweb.tikz.tex
(sage foodweb.sage && touch foodweb.sage.status) | tee foodweb.sage.dmp
basal: [a]
[{Xhat_0_a: 1/(k*f(u_0_b, u_0_a)), Xhat_0_b: (k*f(u_0_b, u_0_a) - 1)/(k*f(u_0_b, u_0_a)^2)}]
basal: [a]
The invasion rate for mutant population is:
\begin{align*}
  \mathscr I = \frac{1}{X_{1b}}\frac{dX_{1b}}{dt} &= \frac{9 \, X_{0a} X_{1b} {\left(\cos\left(-u_{0a} + u_{1b}\right) + 1\right)} - 10 \, X_{1b}}{10 \, X_{1b}} 
\end{align*}

limit as {u_1_b: u_0_b}
after those limits:
   -9/10*X_0_a*sin(-u_0_a + u_0_b)
basal: [a]
The invasion rate for mutant population is:
\begin{align*}
  \mathscr I = \frac{1}{X_{1a}}\frac{dX_{1a}}{dt} &= -\frac{X_{0b} X_{1a} {\left(\cos\left(u_{0b} - u_{1a}\right) + 1\right)} + X_{0a} X_{1a} + X_{1a}^{2} - X_{1a}}{X_{1a}} 
\end{align*}

limit as {u_1_a: u_0_a}
after those limits:
   -X_0_b*sin(-u_0_a + u_0_b)
Original pop-dyn system: 
\[\begin{align*}
\frac{dX_{0b}}{dt} &= X_{0a} X_{0b} k f\left(u_{0b}, u_{0a}\right) - X_{0b}\\
\frac{dX_{0a}}{dt} &= -X_{0a} X_{0b} f\left(u_{0b}, u_{0a}\right) - X_{0a}^{2} + X_{0a}
\end{align*}
\]
Extended pop-dyn system: 
\[\begin{align*}
\frac{dX_{0b}}{dt} &= \frac{9}{10} \, X_{0a} X_{0b} {\left(\cos\left(-u_{0a} + u_{0b}\right) + 1\right)} - X_{0b}\\
\frac{dX_{0a}}{dt} &= -X_{0a} X_{0b} {\left(\cos\left(-u_{0a} + u_{0b}\right) + 1\right)} - X_{0a} X_{1b} {\left(\cos\left(-u_{0a} + u_{1b}\right) + 1\right)} - X_{0a}^{2} + X_{0a}\\
\frac{dX_{1b}}{dt} &= \frac{9}{10} \, X_{0a} X_{1b} {\left(\cos\left(-u_{0a} + u_{1b}\right) + 1\right)} - X_{1b}
\end{align*}
\]
 The invasion rate for mutant population is:
\begin{align*}
  \mathscr I = \frac{1}{X_{1b}}\frac{dX_{1b}}{dt} &= \frac{9 \, X_{0a} X_{1b} {\left(\cos\left(-u_{0a} + u_{1b}\right) + 1\right)} - 10 \, X_{1b}}{10 \, X_{1b}} 
\end{align*}
 And the invasion exponent is
\begin{align*}
  \frac{\partial\mathscr I}{\partial u_{0b}} = \lim_{u_{1b}\to u_{0b},X_{1b}\to0}-\frac{9}{10} \, X_{0a} \sin\left(-u_{0a} + u_{1b}\right) .
\end{align*}
 Which comes out to
\begin{align*}
  \frac{\partial\mathscr I}{\partial u_{0b}} = -\frac{9}{10} \, X_{0a} \sin\left(-u_{0a} + u_{0b}\right) .
\end{align*}
 Original pop-dyn system: 
\[ \begin{align*}
\frac{dX_{0b}}{dt} &= X_{0a} X_{0b} k f\left(u_{0b}, u_{0a}\right) - X_{0b}\\
\frac{dX_{0a}}{dt} &= -X_{0a} X_{0b} f\left(u_{0b}, u_{0a}\right) - X_{0a}^{2} + X_{0a}
\end{align*}
 \]
 Extended pop-dyn system: 
\[ \begin{align*}
\frac{dX_{0b}}{dt} &= \frac{9}{10} \, X_{0a} X_{0b} {\left(\cos\left(-u_{0a} + u_{0b}\right) + 1\right)} + \frac{9}{10} \, X_{0b} X_{1a} {\left(\cos\left(u_{0b} - u_{1a}\right) + 1\right)} - X_{0b}\\
\frac{dX_{0a}}{dt} &= -X_{0a} X_{0b} {\left(\cos\left(-u_{0a} + u_{0b}\right) + 1\right)} - X_{0a}^{2} - X_{0a} X_{1a} + X_{0a}\\
\frac{dX_{1a}}{dt} &= -X_{0b} X_{1a} {\left(\cos\left(u_{0b} - u_{1a}\right) + 1\right)} - X_{0a} X_{1a} - X_{1a}^{2} + X_{1a}
\end{align*}
 \]
 The invasion rate for mutant population is:
\begin{align*}
  \mathscr I = \frac{1}{X_{1a}}\frac{dX_{1a}}{dt} &= -\frac{X_{0b} X_{1a} {\left(\cos\left(u_{0b} - u_{1a}\right) + 1\right)} + X_{0a} X_{1a} + X_{1a}^{2} - X_{1a}}{X_{1a}} 
\end{align*}
 And the invasion exponent is
\begin{align*}
  \frac{\partial\mathscr I}{\partial u_{0a}} = \lim_{u_{1a}\to u_{0a},X_{1a}\to0}-X_{0b} \sin\left(u_{0b} - u_{1a}\right) .
\end{align*}
 Which comes out to
\begin{align*}
  \frac{\partial\mathscr I}{\partial u_{0a}} = -X_{0b} \sin\left(-u_{0a} + u_{0b}\right) .
\end{align*}
 \[ \mathbf S \left(\begin{array}{c}
  u_{0a}\\
  u_{0b}
\end{array}\right) = \left(\begin{array}{c}
  -\hat{X}_{0b} \sin\left(-u_{0a} + u_{0b}\right)\\
  -\frac{9}{10} \, \hat{X}_{0a} \sin\left(-u_{0a} + u_{0b}\right)
\end{array}\right) \]
 Equilibrium of the population dynamics: 
\[ \begin{align*}
  \hat{X}_{0a} &\to \frac{1}{k f\left(u_{0b}, u_{0a}\right)} \\
  \hat{X}_{0b} &\to \frac{k f\left(u_{0b}, u_{0a}\right) - 1}{k f\left(u_{0b}, u_{0a}\right)^{2}}
\end{align*} \]
 The adaptive dynamics comes out to 
\[ \begin{align*}
\frac{du_{0a}}{dt} &= -\frac{10 \, \gamma {\left(9 \, \cos\left(-u_{0a} + u_{0b}\right) - 1\right)} \sin\left(-u_{0a} + u_{0b}\right)}{81 \, {\left(\cos\left(-u_{0a} + u_{0b}\right) + 1\right)}^{3}}\\
\frac{du_{0b}}{dt} &= -\frac{\gamma {\left(9 \, \cos\left(-u_{0a} + u_{0b}\right) - 1\right)} \sin\left(-u_{0a} + u_{0b}\right)}{9 \, {\left(\cos\left(-u_{0a} + u_{0b}\right) + 1\right)}^{3}}
\end{align*}
 \]

[ -e foodweb.sage.status ] && (rm -f foodweb.sage.status && mv foodweb.sage.dmp foodweb.sage.out) || exit 1
(grep -q '\\begin{document}' foodweb.tikz.tex && sed -e '1,/\\begin{document}/d' -e '/\\end{document}/,$d' || cat) < foodweb.tikz.tex > foodweb.tikz.tex-inline
make[1]: Leaving directory `/usr/local/src/jekyll-research/wmd_files/Selection_Gradients'
Make succeeded.
Thu May 14 15:48:02 2015
