flow at initial conditions: {u_0_a: 0.00684041551313924, u_0_b: 0.00615637396182532}
ad bindings: {Xhat_0_a -> 25/9/(2*cos(-u_0_a + u_0_b) + 5), gamma -> 1, m -> 1, Xhat_0_b -> 5/9*(9*cos(-u_0_a + u_0_b) + 10)/(2*cos(-u_0_a + u_0_b) + 5)^2, k -> 9/10, r -> 1, {f(u,v) -> 4/5*cos(u - v) + 2}}
model bindings: {m -> 1, r -> 1, {}}
_early_bindings: {k -> 9/10, {f(u,v) -> 4/5*cos(u - v) + 2}}
_late_bindings: {, {}}
make LV model
Inferring LV coefficients from X_0_b equation: X_0_a*X_0_b*k*f(u_0_b, u_0_a) - X_0_b
a_0_b_0_a : k*f(u_0_b, u_0_a)
r_0_b : -1
Inferring LV coefficients from X_0_a equation: -X_0_a*X_0_b*f(u_0_b, u_0_a) - X_0_a^2 + X_0_a
a_0_a_0_b : -f(u_0_b, u_0_a)
r_0_a : 1
aij_dict: {a_0_b_0_a: k*f(u_0_b, u_0_a), a_0_a_0_b: -f(u_0_b, u_0_a), a_0_b_0_b: 0, r_0_b: -1, r_0_a: 1, a_0_a_0_a: -1}
set_population_indices: [(b, 0), (a, 0)]
Inferring LV coefficients from X_0_b equation: X_0_a*X_0_b*k*f(u_0_b, u_0_a) - X_0_b
a_0_b_0_a : k*f(u_0_b, u_0_a)
r_0_b : -1
Inferring LV coefficients from X_0_a equation: -X_0_a*X_0_b*f(u_0_b, u_0_a) - X_0_a^2 + X_0_a
a_0_a_0_b : -f(u_0_b, u_0_a)
r_0_a : 1
aij_dict: {a_0_b_0_a: k*f(u_0_b, u_0_a), a_0_a_0_b: -f(u_0_b, u_0_a), a_0_b_0_b: 0, r_0_b: -1, r_0_a: 1, a_0_a_0_a: -1}
_A_bindings: {a_0_b_0_b -> 0, a_0_b_0_a -> k*f(u_0_b, u_0_a), a_0_a_0_b -> -f(u_0_b, u_0_a), r_0_a -> 1, r_0_b -> -1, a_0_a_0_a -> -1, {}}
make LV adaptive dynamics
population vars [X_0_b, X_0_a]
population vars [X_0_b, X_0_a]
set_population_indices: [(b, 0), (a, 0), (b, 1)]
basal: [a]
set_population_indices: [(b, 0), (a, 0), (b, 1)]
Inferring LV coefficients from X_0_b equation: X_0_a*X_0_b*k*f(u_0_b, u_0_a) - X_0_b
a_0_b_0_a : k*f(u_0_b, u_0_a)
a_0_b_1_b : 0
r_0_b : -1
Inferring LV coefficients from X_0_a equation: -X_0_a*X_0_b*f(u_0_b, u_0_a) - X_0_a*X_1_b*f(u_1_b, u_0_a) - X_0_a^2 + X_0_a
a_0_a_0_b : -f(u_0_b, u_0_a)
a_0_a_1_b : -f(u_1_b, u_0_a)
r_0_a : 1
Inferring LV coefficients from X_1_b equation: X_0_a*X_1_b*k*f(u_1_b, u_0_a) - X_1_b
a_1_b_0_b : 0
a_1_b_0_a : k*f(u_1_b, u_0_a)
r_1_b : -1
aij_dict: {a_1_b_0_a: k*f(u_1_b, u_0_a), a_0_a_0_a: -1, a_0_a_0_b: -f(u_0_b, u_0_a), a_0_a_1_b: -f(u_1_b, u_0_a), a_0_b_1_b: 0, a_0_b_0_b: 0, a_1_b_0_b: 0, a_1_b_1_b: 0, r_0_b: -1, r_0_a: 1, r_1_b: -1, a_0_b_0_a: k*f(u_0_b, u_0_a)}
The invasion rate for mutant population is:
\begin{align*}
  \mathscr I = \frac{1}{X_{1b}}\frac{dX_{1b}}{dt} &= X_{0a} a_{1b0a} + X_{0b} a_{1b0b} + X_{1b} a_{1b1b} + r_{1b} 
\end{align*}

limit as {a_1_b_0_a: a_0_b_0_a, a_1_b_0_b: a_0_b_0_b, r_1_b: r_0_b}
after those limits:
   1
  X_0_b
  X_0_a
set_population_indices: [(b, 0), (a, 0), (a, 1)]
basal: [a]
set_population_indices: [(b, 0), (a, 0), (a, 1)]
Inferring LV coefficients from X_0_b equation: X_0_a*X_0_b*k*f(u_0_b, u_0_a) + X_0_b*X_1_a*k*f(u_0_b, u_1_a) - X_0_b
a_0_b_0_a : k*f(u_0_b, u_0_a)
a_0_b_1_a : k*f(u_0_b, u_1_a)
r_0_b : -1
Inferring LV coefficients from X_0_a equation: -X_0_a*X_0_b*f(u_0_b, u_0_a) - X_0_a^2 - X_0_a*X_1_a + X_0_a
a_0_a_0_b : -f(u_0_b, u_0_a)
a_0_a_1_a : -1
r_0_a : 1
Inferring LV coefficients from X_1_a equation: -X_0_b*X_1_a*f(u_0_b, u_1_a) - X_0_a*X_1_a - X_1_a^2 + X_1_a
a_1_a_0_b : -f(u_0_b, u_1_a)
a_1_a_0_a : -1
r_1_a : 1
aij_dict: {a_0_b_0_a: k*f(u_0_b, u_0_a), a_0_a_0_b: -f(u_0_b, u_0_a), r_1_a: 1, a_0_b_1_a: k*f(u_0_b, u_1_a), a_1_a_0_b: -f(u_0_b, u_1_a), a_1_a_1_a: -1, a_0_b_0_b: 0, a_0_a_1_a: -1, r_0_b: -1, r_0_a: 1, a_1_a_0_a: -1, a_0_a_0_a: -1}
The invasion rate for mutant population is:
\begin{align*}
  \mathscr I = \frac{1}{X_{1a}}\frac{dX_{1a}}{dt} &= X_{0a} a_{1a0a} + X_{0b} a_{1a0b} + X_{1a} a_{1a1a} + r_{1a} 
\end{align*}

limit as {a_1_a_0_b: a_0_a_0_b, r_1_a: r_0_a, a_1_a_0_a: a_0_a_0_a}
after those limits:
   1
  X_0_b
  X_0_a
make LV evolution bindings
(('f', (u, v)), 4/5*cos(u - v) + 2) as tuple:expr?
{('f', (u, v)): 4/5*cos(u - v) + 2}
(a_0_b_0_a, (u_0_b, u_0_a) |--> 18/25*cos(-u_0_a + u_0_b) + 9/5) as tuple:expr?
(a_0_b_0_a, (u_0_b, u_0_a) |--> 18/25*cos(-u_0_a + u_0_b) + 9/5) as expr:function?
{('a_0_b_0_a', (u_0_b, u_0_a)): (u_0_b, u_0_a) |--> 18/25*cos(-u_0_a + u_0_b) + 9/5}
(a_0_a_0_b, (u_0_a, u_0_b) |--> -4/5*cos(-u_0_a + u_0_b) - 2) as tuple:expr?
(a_0_a_0_b, (u_0_a, u_0_b) |--> -4/5*cos(-u_0_a + u_0_b) - 2) as expr:function?
{('a_0_a_0_b', (u_0_a, u_0_b)): (u_0_a, u_0_b) |--> -4/5*cos(-u_0_a + u_0_b) - 2}
(a_0_b_0_b, (u_0_b, u_0_b) |--> 0) as tuple:expr?
(a_0_b_0_b, (u_0_b, u_0_b) |--> 0) as expr:function?
{('a_0_b_0_b', (u_0_b, u_0_b)): (u_0_b, u_0_b) |--> 0}
(r_0_b, u_0_b |--> -1) as tuple:expr?
(r_0_b, u_0_b |--> -1) as expr:function?
{('r_0_b', (u_0_b,)): u_0_b |--> -1}
(r_0_a, u_0_a |--> 1) as tuple:expr?
(r_0_a, u_0_a |--> 1) as expr:function?
{('r_0_a', (u_0_a,)): u_0_a |--> 1}
(a_0_a_0_a, (u_0_a, u_0_a) |--> -1) as tuple:expr?
(a_0_a_0_a, (u_0_a, u_0_a) |--> -1) as expr:function?
{('a_0_a_0_a', (u_0_a, u_0_a)): (u_0_a, u_0_a) |--> -1}
(('r_0_a', (u_0_a,)), u_0_a |--> 1) as tuple:expr?
{('r_0_a', (u_0_a,)): u_0_a |--> 1}
(('a_0_a_0_b', (u_0_a, u_0_b)), -4/5*cos(-u_0_a + u_0_b) - 2) as tuple:expr?
{('a_0_a_0_b', (u_0_a, u_0_b)): -4/5*cos(-u_0_a + u_0_b) - 2}
(('a_0_a_0_a', (u_0_a, u_0_a)), (u_0_a, u_0_a) |--> -1) as tuple:expr?
{('a_0_a_0_a', (u_0_a, u_0_a)): (u_0_a, u_0_a) |--> -1}
(('r_0_b', (u_0_b,)), u_0_b |--> -1) as tuple:expr?
{('r_0_b', (u_0_b,)): u_0_b |--> -1}
(('a_0_b_0_a', (u_0_b, u_0_a)), 18/25*cos(-u_0_a + u_0_b) + 9/5) as tuple:expr?
{('a_0_b_0_a', (u_0_b, u_0_a)): 18/25*cos(-u_0_a + u_0_b) + 9/5}
(('a_0_b_0_b', (u_0_b, u_0_b)), (u_0_b, u_0_b) |--> 0) as tuple:expr?
{('a_0_b_0_b', (u_0_b, u_0_b)): (u_0_b, u_0_b) |--> 0}
(('r_0_a', (u_0_a,)), u_0_a |--> 1) as tuple:expr?
{('r_0_a', (u_0_a,)): u_0_a |--> 1}
(('a_0_a_0_b', (u_0_a, u_0_b)), -4/5*cos(-u_0_a + u_0_b) - 2) as tuple:expr?
{('a_0_a_0_b', (u_0_a, u_0_b)): -4/5*cos(-u_0_a + u_0_b) - 2}
(('a_0_a_0_a', (u_0_a, u_0_a)), (u_0_a, u_0_a) |--> -1) as tuple:expr?
{('a_0_a_0_a', (u_0_a, u_0_a)): (u_0_a, u_0_a) |--> -1}
(('r_0_b', (u_0_b,)), u_0_b |--> -1) as tuple:expr?
{('r_0_b', (u_0_b,)): u_0_b |--> -1}
(('a_0_b_0_a', (u_0_b, u_0_a)), 18/25*cos(-u_0_a + u_0_b) + 9/5) as tuple:expr?
{('a_0_b_0_a', (u_0_b, u_0_a)): 18/25*cos(-u_0_a + u_0_b) + 9/5}
(('a_0_b_0_b', (u_0_b, u_0_b)), (u_0_b, u_0_b) |--> 0) as tuple:expr?
{('a_0_b_0_b', (u_0_b, u_0_b)): (u_0_b, u_0_b) |--> 0}
(('f', (u, v)), 4/5*cos(u - v) + 2) as tuple:expr?
{('f', (u, v)): 4/5*cos(u - v) + 2}
A: (0, 0)
S: (0.215524554425557, 0.215524554425557)
D: (0, 0)
D: (0, 0)
I: (0, 0)
I: (0, 0)
dAdt: (0, 0)
(('f', (u, v)), 4/5*cos(u - v) + 2) as tuple:expr?
{('f', (u, v)): 4/5*cos(u - v) + 2}
A: (2.51640299900018, -2.79600333222242)
S: (0.397392627650389, 0.215524554425557)
D: (324/625*Xhat_0_a*Xhat_0_b*gamma*sin(-u_0_a + u_0_b)^2, 16/25*Xhat_0_a*Xhat_0_b*gamma*sin(-u_0_a + u_0_b)^2)
D: (0.000442520529670506, 0.000546321641568526)
I: (-72/125*Xhat_0_a*Xhat_0_b*gamma*sin(-u_0_a + u_0_b)^2, -72/125*Xhat_0_a*Xhat_0_b*gamma*sin(-u_0_a + u_0_b)^2)
I: (-0.000491689477411673, -0.000491689477411673)
dAdt: (-0.0000491689477411673, 0.0000546321641568525)
(('f', (u, v)), 4/5*cos(u - v) + 2) as tuple:expr?
{('f', (u, v)): 4/5*cos(u - v) + 2}
A: (-2.79600333222242, 2.51640299900018)
S: (0.215524554425557, 0.397392627650389)
D: (16/25*Xhat_0_a*Xhat_0_b*gamma*sin(-u_0_a + u_0_b)^2, 324/625*Xhat_0_a*Xhat_0_b*gamma*sin(-u_0_a + u_0_b)^2)
D: (0.000546321641568526, 0.000442520529670506)
I: (-72/125*Xhat_0_a*Xhat_0_b*gamma*sin(-u_0_a + u_0_b)^2, -72/125*Xhat_0_a*Xhat_0_b*gamma*sin(-u_0_a + u_0_b)^2)
I: (-0.000491689477411673, -0.000491689477411673)
dAdt: (0.0000546321641568525, -0.0000491689477411673)
(('f', (u, v)), 4/5*cos(u - v) + 2) as tuple:expr?
{('f', (u, v)): 4/5*cos(u - v) + 2}
A: (-1, -1)
S: (0.397392627650389, 0.397392627650389)
D: (0, 0)
D: (0, 0)
I: (0, 0)
I: (0, 0)
dAdt: (0, 0)
(('r_0_a', (u_0_a,)), u_0_a |--> 1) as tuple:expr?
{('r_0_a', (u_0_a,)): u_0_a |--> 1}
(('a_0_a_0_b', (u_0_a, u_0_b)), -4/5*cos(-u_0_a + u_0_b) - 2) as tuple:expr?
{('a_0_a_0_b', (u_0_a, u_0_b)): -4/5*cos(-u_0_a + u_0_b) - 2}
(('a_0_a_0_a', (u_0_a, u_0_a)), (u_0_a, u_0_a) |--> -1) as tuple:expr?
{('a_0_a_0_a', (u_0_a, u_0_a)): (u_0_a, u_0_a) |--> -1}
(('r_0_b', (u_0_b,)), u_0_b |--> -1) as tuple:expr?
{('r_0_b', (u_0_b,)): u_0_b |--> -1}
(('a_0_b_0_a', (u_0_b, u_0_a)), 18/25*cos(-u_0_a + u_0_b) + 9/5) as tuple:expr?
{('a_0_b_0_a', (u_0_b, u_0_a)): 18/25*cos(-u_0_a + u_0_b) + 9/5}
(('a_0_b_0_b', (u_0_b, u_0_b)), (u_0_b, u_0_b) |--> 0) as tuple:expr?
{('a_0_b_0_b', (u_0_b, u_0_b)): (u_0_b, u_0_b) |--> 0}
(('r_0_a', (u_0_a,)), u_0_a |--> 1) as tuple:expr?
{('r_0_a', (u_0_a,)): u_0_a |--> 1}
(('a_0_a_0_b', (u_0_a, u_0_b)), -4/5*cos(-u_0_a + u_0_b) - 2) as tuple:expr?
{('a_0_a_0_b', (u_0_a, u_0_b)): -4/5*cos(-u_0_a + u_0_b) - 2}
(('a_0_a_0_a', (u_0_a, u_0_a)), (u_0_a, u_0_a) |--> -1) as tuple:expr?
{('a_0_a_0_a', (u_0_a, u_0_a)): (u_0_a, u_0_a) |--> -1}
(('r_0_b', (u_0_b,)), u_0_b |--> -1) as tuple:expr?
{('r_0_b', (u_0_b,)): u_0_b |--> -1}
(('a_0_b_0_a', (u_0_b, u_0_a)), 18/25*cos(-u_0_a + u_0_b) + 9/5) as tuple:expr?
{('a_0_b_0_a', (u_0_b, u_0_a)): 18/25*cos(-u_0_a + u_0_b) + 9/5}
(('a_0_b_0_b', (u_0_b, u_0_b)), (u_0_b, u_0_b) |--> 0) as tuple:expr?
{('a_0_b_0_b', (u_0_b, u_0_b)): (u_0_b, u_0_b) |--> 0}
(('f', (u, v)), 4/5*cos(u - v) + 2) as tuple:expr?
{('f', (u, v)): 4/5*cos(u - v) + 2}
A: (0, 0)
S: (0.215524554425557, 0.215524554425557)
D: (0, 0)
D: (0, 0)
I: (0, 0)
I: (0, 0)
dAdt: (0, 0)
(('f', (u, v)), 4/5*cos(u - v) + 2) as tuple:expr?
{('f', (u, v)): 4/5*cos(u - v) + 2}
A: (2.51640299900018, -2.79600333222242)
S: (0.397392627650389, 0.215524554425557)
D: (324/625*Xhat_0_a*Xhat_0_b*gamma*sin(-u_0_a + u_0_b)^2, 16/25*Xhat_0_a*Xhat_0_b*gamma*sin(-u_0_a + u_0_b)^2)
D: (0.000442520529670506, 0.000546321641568526)
I: (-72/125*Xhat_0_a*Xhat_0_b*gamma*sin(-u_0_a + u_0_b)^2, -72/125*Xhat_0_a*Xhat_0_b*gamma*sin(-u_0_a + u_0_b)^2)
I: (-0.000491689477411673, -0.000491689477411673)
dAdt: (-0.0000491689477411673, 0.0000546321641568525)
(('f', (u, v)), 4/5*cos(u - v) + 2) as tuple:expr?
{('f', (u, v)): 4/5*cos(u - v) + 2}
A: (-2.79600333222242, 2.51640299900018)
S: (0.215524554425557, 0.397392627650389)
D: (16/25*Xhat_0_a*Xhat_0_b*gamma*sin(-u_0_a + u_0_b)^2, 324/625*Xhat_0_a*Xhat_0_b*gamma*sin(-u_0_a + u_0_b)^2)
D: (0.000546321641568526, 0.000442520529670506)
I: (-72/125*Xhat_0_a*Xhat_0_b*gamma*sin(-u_0_a + u_0_b)^2, -72/125*Xhat_0_a*Xhat_0_b*gamma*sin(-u_0_a + u_0_b)^2)
I: (-0.000491689477411673, -0.000491689477411673)
dAdt: (0.0000546321641568525, -0.0000491689477411673)
(('f', (u, v)), 4/5*cos(u - v) + 2) as tuple:expr?
{('f', (u, v)): 4/5*cos(u - v) + 2}
A: (-1, -1)
S: (0.397392627650389, 0.397392627650389)
D: (0, 0)
D: (0, 0)
I: (0, 0)
I: (0, 0)
dAdt: (0, 0)
