flow at initial conditions: {sigma_a_0: -0.00469552406155899, u_b_0: 0.00603566074688757, gamma_a_0: 0, gamma_b_0: 0.00422597165540309, u_a_0: 0.00684041551313924, sigma_b_0: 0}
ad bindings: {Xhat_a_0 -> 1250/9/((gamma_b_0 + 50)*(2*cos(-u_a_0 + u_b_0) + 5)), Xhat_b_0 -> 125/9*(9*(gamma_b_0 + 50)*(2*cos(-u_a_0 + u_b_0) + 5) - 1250)/((gamma_b_0*sigma_a_0 + 50*gamma_b_0 + 50*sigma_a_0 + 2500)*(2*cos(-u_a_0 + u_b_0) + 5)^2), m -> 1, X_a_0 -> 1250/9/((gamma_b_0 + 50)*(2*cos(-u_a_0 + u_b_0) + 5)), slow -> 1/50, gamma -> 1, X_b_0 -> 125/9*(9*(gamma_b_0 + 50)*(2*cos(-u_a_0 + u_b_0) + 5) - 1250)/((gamma_b_0*sigma_a_0 + 50*gamma_b_0 + 50*sigma_a_0 + 2500)*(2*cos(-u_a_0 + u_b_0) + 5)^2), k -> 9/10, r -> 1, f(u,v) -> 4/5*cos(u - v) + 2}
model bindings: {Xhat_a_0 -> 1/((gamma_b_0*k*slow + k)*f(u_b_0, u_a_0)), gamma -> 1, m -> 1, r -> 1, Xhat_b_0 -> ((gamma_b_0*k*slow + k)*f(u_b_0, u_a_0) - 1)/((gamma_b_0*k*sigma_a_0*slow^2 + (gamma_b_0*k + k*sigma_a_0)*slow + k)*f(u_b_0, u_a_0)^2)}
_early_bindings: {k -> 9/10, slow -> 1/50, f(u,v) -> 4/5*cos(u - v) + 2}
_late_bindings: {}
make LV model
Inferring LV coefficients from X_b_0 equation: X_a_0*X_b_0*gamma_b_0*k*slow*f(u_b_0, u_a_0) + X_a_0*X_b_0*k*f(u_b_0, u_a_0) - X_b_0
a_0_b_0_a : gamma_b_0*k*slow*f(u_b_0, u_a_0) + k*f(u_b_0, u_a_0)
r_b_0 : -1
Inferring LV coefficients from X_a_0 equation: -X_a_0*X_b_0*sigma_a_0*slow*f(u_b_0, u_a_0) - X_a_0*X_b_0*f(u_b_0, u_a_0) - X_a_0^2 + X_a_0
a_0_a_0_b : -sigma_a_0*slow*f(u_b_0, u_a_0) - f(u_b_0, u_a_0)
r_a_0 : 1
aij_dict: {r_b_0: -1, a_0_a_0_a: -1, a_0_a_0_b: -sigma_a_0*slow*f(u_b_0, u_a_0) - f(u_b_0, u_a_0), r_a_0: 1, a_0_b_0_b: 0, a_0_b_0_a: gamma_b_0*k*slow*f(u_b_0, u_a_0) + k*f(u_b_0, u_a_0)}
set_population_indices: [(b, 0), (a, 0)]
Inferring LV coefficients from X_b_0 equation: X_a_0*X_b_0*gamma_b_0*k*slow*f(u_b_0, u_a_0) + X_a_0*X_b_0*k*f(u_b_0, u_a_0) - X_b_0
a_0_b_0_a : gamma_b_0*k*slow*f(u_b_0, u_a_0) + k*f(u_b_0, u_a_0)
r_b_0 : -1
Inferring LV coefficients from X_a_0 equation: -X_a_0*X_b_0*sigma_a_0*slow*f(u_b_0, u_a_0) - X_a_0*X_b_0*f(u_b_0, u_a_0) - X_a_0^2 + X_a_0
a_0_a_0_b : -sigma_a_0*slow*f(u_b_0, u_a_0) - f(u_b_0, u_a_0)
r_a_0 : 1
aij_dict: {r_b_0: -1, a_0_a_0_a: -1, a_0_a_0_b: -sigma_a_0*slow*f(u_b_0, u_a_0) - f(u_b_0, u_a_0), r_a_0: 1, a_0_b_0_b: 0, a_0_b_0_a: gamma_b_0*k*slow*f(u_b_0, u_a_0) + k*f(u_b_0, u_a_0)}
_A_bindings: {a_0_b_0_b -> 0, r_b_0 -> -1, a_0_a_0_a -> -1, a_0_b_0_a -> gamma_b_0*k*slow*f(u_b_0, u_a_0) + k*f(u_b_0, u_a_0), a_0_a_0_b -> -sigma_a_0*slow*f(u_b_0, u_a_0) - f(u_b_0, u_a_0), r_a_0 -> 1}
make LV adaptive dynamics
population vars [X_b_0, X_a_0]
population vars [X_b_0, X_a_0]
set_population_indices: [(b, 0), (a, 0), (b, 1)]
basal: [a]
set_population_indices: [(b, 0), (a, 0), (b, 1)]
Inferring LV coefficients from X_b_0 equation: X_a_0*X_b_0*gamma_b_0*k*slow*f(u_b_0, u_a_0) + X_a_0*X_b_0*k*f(u_b_0, u_a_0) - X_b_0
a_0_b_0_a : gamma_b_0*k*slow*f(u_b_0, u_a_0) + k*f(u_b_0, u_a_0)
a_0_b_1_b : 0
r_b_0 : -1
Inferring LV coefficients from X_a_0 equation: -X_a_0*X_b_0*sigma_a_0*slow*f(u_b_0, u_a_0) - X_a_0*X_b_1*sigma_a_0*slow*f(u_b_1, u_a_0) - X_a_0*X_b_0*f(u_b_0, u_a_0) - X_a_0*X_b_1*f(u_b_1, u_a_0) - X_a_0^2 + X_a_0
a_0_a_0_b : -sigma_a_0*slow*f(u_b_0, u_a_0) - f(u_b_0, u_a_0)
a_0_a_1_b : -sigma_a_0*slow*f(u_b_1, u_a_0) - f(u_b_1, u_a_0)
r_a_0 : 1
Inferring LV coefficients from X_b_1 equation: X_a_0*X_b_1*gamma_b_1*k*slow*f(u_b_1, u_a_0) + X_a_0*X_b_1*k*f(u_b_1, u_a_0) - X_b_1
a_1_b_0_b : 0
a_1_b_0_a : gamma_b_1*k*slow*f(u_b_1, u_a_0) + k*f(u_b_1, u_a_0)
r_b_1 : -1
aij_dict: {a_1_b_1_b: 0, r_b_0: -1, a_0_a_0_a: -1, r_b_1: -1, a_0_b_1_b: 0, a_0_a_0_b: -sigma_a_0*slow*f(u_b_0, u_a_0) - f(u_b_0, u_a_0), r_a_0: 1, a_0_b_0_b: 0, a_1_b_0_b: 0, a_0_a_1_b: -sigma_a_0*slow*f(u_b_1, u_a_0) - f(u_b_1, u_a_0), a_1_b_0_a: gamma_b_1*k*slow*f(u_b_1, u_a_0) + k*f(u_b_1, u_a_0), a_0_b_0_a: gamma_b_0*k*slow*f(u_b_0, u_a_0) + k*f(u_b_0, u_a_0)}
The invasion rate for mutant population is:
\begin{align*}
  \mathscr I = \frac{1}{{X}_{{b}{1}}}\frac{d{X}_{{b}{1}}}{dt} &= {X}_{{a}{0}} {a}_{{1}{b}{0}{a}} + {X}_{{b}{0}} {a}_{{1}{b}{0}{b}} + {X}_{{b}{1}} {a}_{{1}{b}{1}{b}} + {r}_{{b}{1}} 
\end{align*}

limit as {a_1_b_0_a: a_0_b_0_a, r_b_1: r_b_0, a_1_b_0_b: a_0_b_0_b}
simplify to 1
simplify to X_b_0
simplify to X_a_0
after those limits:
   1
  X_b_0
  X_a_0
simplify to 1
simplify to X_b_0
simplify to X_a_0
set_population_indices: [(b, 0), (a, 0), (a, 1)]
basal: [a]
set_population_indices: [(b, 0), (a, 0), (a, 1)]
Inferring LV coefficients from X_b_0 equation: X_a_0*X_b_0*gamma_b_0*k*slow*f(u_b_0, u_a_0) + X_a_1*X_b_0*gamma_b_0*k*slow*f(u_b_0, u_a_1) + X_a_0*X_b_0*k*f(u_b_0, u_a_0) + X_a_1*X_b_0*k*f(u_b_0, u_a_1) - X_b_0
a_0_b_0_a : gamma_b_0*k*slow*f(u_b_0, u_a_0) + k*f(u_b_0, u_a_0)
a_0_b_1_a : gamma_b_0*k*slow*f(u_b_0, u_a_1) + k*f(u_b_0, u_a_1)
r_b_0 : -1
Inferring LV coefficients from X_a_0 equation: -X_a_0*X_b_0*sigma_a_0*slow*f(u_b_0, u_a_0) - X_a_0*X_b_0*f(u_b_0, u_a_0) - X_a_0^2 - X_a_0*X_a_1 + X_a_0
a_0_a_0_b : -sigma_a_0*slow*f(u_b_0, u_a_0) - f(u_b_0, u_a_0)
a_0_a_1_a : -1
r_a_0 : 1
Inferring LV coefficients from X_a_1 equation: -X_a_1*X_b_0*sigma_a_1*slow*f(u_b_0, u_a_1) - X_a_1*X_b_0*f(u_b_0, u_a_1) - X_a_0*X_a_1 - X_a_1^2 + X_a_1
a_1_a_0_b : -sigma_a_1*slow*f(u_b_0, u_a_1) - f(u_b_0, u_a_1)
a_1_a_0_a : -1
r_a_1 : 1
aij_dict: {a_1_a_1_a: -1, r_b_0: -1, a_0_a_0_a: -1, r_a_1: 1, a_0_b_1_a: gamma_b_0*k*slow*f(u_b_0, u_a_1) + k*f(u_b_0, u_a_1), a_0_a_0_b: -sigma_a_0*slow*f(u_b_0, u_a_0) - f(u_b_0, u_a_0), r_a_0: 1, a_0_b_0_b: 0, a_1_a_0_b: -sigma_a_1*slow*f(u_b_0, u_a_1) - f(u_b_0, u_a_1), a_0_a_1_a: -1, a_1_a_0_a: -1, a_0_b_0_a: gamma_b_0*k*slow*f(u_b_0, u_a_0) + k*f(u_b_0, u_a_0)}
The invasion rate for mutant population is:
\begin{align*}
  \mathscr I = \frac{1}{{X}_{{a}{1}}}\frac{d{X}_{{a}{1}}}{dt} &= {X}_{{a}{0}} {a}_{{1}{a}{0}{a}} + {X}_{{b}{0}} {a}_{{1}{a}{0}{b}} + {X}_{{a}{1}} {a}_{{1}{a}{1}{a}} + {r}_{{a}{1}} 
\end{align*}

limit as {a_1_a_0_a: a_0_a_0_a, r_a_1: r_a_0, a_1_a_0_b: a_0_a_0_b}
simplify to 1
simplify to X_b_0
simplify to X_a_0
after those limits:
   1
  X_b_0
  X_a_0
simplify to 1
simplify to X_b_0
simplify to X_a_0
make LV evolution bindings
A: (0, 0)
S: (0.211298582770154, 0.211298582770154)
D: (0, 0)
D: (0, 0)
I: (0, 0)
I: (0, 0)
dAdt: (0, 0)
{Xhat_a_0 -> 0.397392627650389, gamma_a_0 -> 0.000000000000000, Xhat_b_0 -> 0.211298582770154, gamma_b_0 -> 0.000000000000000, u_a_0 -> 0.100000000000000, m -> 1, t -> 0.000000000000000, X_a_0 -> 0.397392627650389, sigma_a_0 -> 1.00000000000000, u_b_0 -> symbol11722, r -> 1, slow -> 1/50, gamma -> 1, X_b_0 -> 0.211298582770154, k -> 9/10, sigma_b_0 -> 1.00000000000000, f(u,v) -> 4/5*cos(u - v) + 2}
curve: (0, 0)
{Xhat_a_0 -> 0.397392627650389, Xhat_b_0 -> 0.211298582770154, gamma_a_0 -> 0.000000000000000, gamma_b_0 -> symbol11722, u_a_0 -> 0.100000000000000, m -> 1, t -> 0.000000000000000, X_a_0 -> 0.397392627650389, sigma_a_0 -> 1.00000000000000, u_b_0 -> 0.000000000000000, r -> 1, slow -> 1/50, gamma -> 1, X_b_0 -> 0.211298582770154, k -> 9/10, sigma_b_0 -> 1.00000000000000, f(u,v) -> 4/5*cos(u - v) + 2}
curve: (0, 0)
A: (2.51640299900018, -2.85192339886687)
S: (0.397392627650389, 0.211298582770154)
D: (81/390625*(gamma_b_0*sin(-u_a_0 + u_b_0) + 50*sin(-u_a_0 + u_b_0))^2*Xhat_a_0*Xhat_b_0*gamma + 81/1562500*Xhat_a_0*Xhat_b_0*gamma*(2*cos(-u_a_0 + u_b_0) + 5)^2, 4/15625*(sigma_a_0*sin(-u_a_0 + u_b_0) + 50*sin(-u_a_0 + u_b_0))^2*Xhat_a_0*Xhat_b_0*gamma + 1/15625*Xhat_a_0*Xhat_b_0*gamma*(2*cos(-u_a_0 + u_b_0) + 5)^2)
D: (0.000646528611486633, 0.000819822092852886)
I: (-18/78125*(gamma_b_0*sin(-u_a_0 + u_b_0) + 50*sin(-u_a_0 + u_b_0))*(sigma_a_0*sin(-u_a_0 + u_b_0) + 50*sin(-u_a_0 + u_b_0))*Xhat_a_0*Xhat_b_0*gamma, -18/78125*(gamma_b_0*sin(-u_a_0 + u_b_0) + 50*sin(-u_a_0 + u_b_0))*(sigma_a_0*sin(-u_a_0 + u_b_0) + 50*sin(-u_a_0 + u_b_0))*Xhat_a_0*Xhat_b_0*gamma)
I: (-0.000491689477411673, -0.000491689477411673)
dAdt: (0.000154839134074960, 0.000328132615441213)
{Xhat_a_0 -> 0.397392627650389, gamma_a_0 -> 0.000000000000000, Xhat_b_0 -> 0.211298582770154, gamma_b_0 -> 0.000000000000000, u_a_0 -> 0.100000000000000, m -> 1, t -> 0.000000000000000, X_a_0 -> 0.397392627650389, sigma_a_0 -> 1.00000000000000, u_b_0 -> symbol17001, r -> 1, slow -> 1/50, gamma -> 1, X_b_0 -> 0.211298582770154, k -> 9/10, sigma_b_0 -> 1.00000000000000, f(u,v) -> 4/5*cos(u - v) + 2}
curve: (18/25*cos(symbol17001 - 0.100000000000000) + 9/5, -0.816000000000000*cos(symbol17001 - 0.100000000000000) - 2.04000000000000)
{Xhat_a_0 -> 0.397392627650389, Xhat_b_0 -> 0.211298582770154, gamma_a_0 -> 0.000000000000000, gamma_b_0 -> symbol17001, u_a_0 -> 0.100000000000000, m -> 1, t -> 0.000000000000000, X_a_0 -> 0.397392627650389, sigma_a_0 -> 1.00000000000000, u_b_0 -> 0.000000000000000, r -> 1, slow -> 1/50, gamma -> 1, X_b_0 -> 0.211298582770154, k -> 9/10, sigma_b_0 -> 1.00000000000000, f(u,v) -> 4/5*cos(u - v) + 2}
curve: (0.0503280599800036*symbol17001 + 2.51640299900018, -2.85192339886687)
A: (-2.85192339886687, 2.51640299900018)
S: (0.211298582770154, 0.397392627650389)
D: (4/15625*(sigma_a_0*sin(-u_a_0 + u_b_0) + 50*sin(-u_a_0 + u_b_0))^2*Xhat_a_0*Xhat_b_0*gamma + 1/15625*Xhat_a_0*Xhat_b_0*gamma*(2*cos(-u_a_0 + u_b_0) + 5)^2, 81/390625*(gamma_b_0*sin(-u_a_0 + u_b_0) + 50*sin(-u_a_0 + u_b_0))^2*Xhat_a_0*Xhat_b_0*gamma + 81/1562500*Xhat_a_0*Xhat_b_0*gamma*(2*cos(-u_a_0 + u_b_0) + 5)^2)
D: (0.000819822092852886, 0.000646528611486633)
I: (-18/78125*(gamma_b_0*sin(-u_a_0 + u_b_0) + 50*sin(-u_a_0 + u_b_0))*(sigma_a_0*sin(-u_a_0 + u_b_0) + 50*sin(-u_a_0 + u_b_0))*Xhat_a_0*Xhat_b_0*gamma, -18/78125*(gamma_b_0*sin(-u_a_0 + u_b_0) + 50*sin(-u_a_0 + u_b_0))*(sigma_a_0*sin(-u_a_0 + u_b_0) + 50*sin(-u_a_0 + u_b_0))*Xhat_a_0*Xhat_b_0*gamma)
I: (-0.000491689477411673, -0.000491689477411673)
dAdt: (0.000328132615441213, 0.000154839134074960)
{Xhat_a_0 -> 0.397392627650389, gamma_a_0 -> 0.000000000000000, Xhat_b_0 -> 0.211298582770154, gamma_b_0 -> 0.000000000000000, u_a_0 -> symbol22296, m -> 1, t -> 0.000000000000000, X_a_0 -> 0.397392627650389, sigma_a_0 -> 1.00000000000000, u_b_0 -> 0.000000000000000, r -> 1, slow -> 1/50, gamma -> 1, X_b_0 -> 0.211298582770154, k -> 9/10, sigma_b_0 -> 1.00000000000000, f(u,v) -> 4/5*cos(u - v) + 2}
curve: (-0.816000000000000*cos(-symbol22296) - 2.04000000000000, 18/25*cos(-symbol22296) + 9/5)
{Xhat_a_0 -> 0.397392627650389, gamma_a_0 -> 0.000000000000000, Xhat_b_0 -> 0.211298582770154, gamma_b_0 -> 0.000000000000000, u_a_0 -> 0.100000000000000, m -> 1, t -> 0.000000000000000, X_a_0 -> 0.397392627650389, sigma_a_0 -> symbol22296, u_b_0 -> 0.000000000000000, r -> 1, slow -> 1/50, gamma -> 1, X_b_0 -> 0.211298582770154, k -> 9/10, sigma_b_0 -> 1.00000000000000, f(u,v) -> 4/5*cos(u - v) + 2}
curve: (-0.0559200666444484*symbol22296 - 2.79600333222242, 2.51640299900018)
A: (-1, -1)
S: (0.397392627650389, 0.397392627650389)
D: (0, 0)
D: (0, 0)
I: (0, 0)
I: (0, 0)
dAdt: (0, 0)
{Xhat_a_0 -> 0.397392627650389, gamma_a_0 -> 0.000000000000000, Xhat_b_0 -> 0.211298582770154, gamma_b_0 -> 0.000000000000000, u_a_0 -> symbol25265, m -> 1, t -> 0.000000000000000, X_a_0 -> 0.397392627650389, sigma_a_0 -> 1.00000000000000, u_b_0 -> 0.000000000000000, r -> 1, slow -> 1/50, gamma -> 1, X_b_0 -> 0.211298582770154, k -> 9/10, sigma_b_0 -> 1.00000000000000, f(u,v) -> 4/5*cos(u - v) + 2}
curve: (-1, -1)
{Xhat_a_0 -> 0.397392627650389, gamma_a_0 -> 0.000000000000000, Xhat_b_0 -> 0.211298582770154, gamma_b_0 -> 0.000000000000000, u_a_0 -> 0.100000000000000, m -> 1, t -> 0.000000000000000, X_a_0 -> 0.397392627650389, sigma_a_0 -> symbol25265, u_b_0 -> 0.000000000000000, r -> 1, slow -> 1/50, gamma -> 1, X_b_0 -> 0.211298582770154, k -> 9/10, sigma_b_0 -> 1.00000000000000, f(u,v) -> 4/5*cos(u - v) + 2}
curve: (-1, -1)
A: (0, 0)
S: (0.211298582770154, 0.211298582770154)
D: (0, 0)
D: (0, 0)
I: (0, 0)
I: (0, 0)
dAdt: (0, 0)
{Xhat_a_0 -> 0.397392627650389, gamma_a_0 -> 0.000000000000000, Xhat_b_0 -> 0.211298582770154, gamma_b_0 -> 0.000000000000000, u_a_0 -> 0.100000000000000, m -> 1, t -> 0.000000000000000, X_a_0 -> 0.397392627650389, sigma_a_0 -> 1.00000000000000, u_b_0 -> symbol32838, r -> 1, slow -> 1/50, gamma -> 1, X_b_0 -> 0.211298582770154, k -> 9/10, sigma_b_0 -> 1.00000000000000, f(u,v) -> 4/5*cos(u - v) + 2}
curve: (0, 0)
{Xhat_a_0 -> 0.397392627650389, Xhat_b_0 -> 0.211298582770154, gamma_a_0 -> 0.000000000000000, gamma_b_0 -> symbol32838, u_a_0 -> 0.100000000000000, m -> 1, t -> 0.000000000000000, X_a_0 -> 0.397392627650389, sigma_a_0 -> 1.00000000000000, u_b_0 -> 0.000000000000000, r -> 1, slow -> 1/50, gamma -> 1, X_b_0 -> 0.211298582770154, k -> 9/10, sigma_b_0 -> 1.00000000000000, f(u,v) -> 4/5*cos(u - v) + 2}
curve: (0, 0)
A: (2.51640299900018, -2.85192339886687)
S: (0.397392627650389, 0.211298582770154)
D: (81/390625*(gamma_b_0*sin(-u_a_0 + u_b_0) + 50*sin(-u_a_0 + u_b_0))^2*Xhat_a_0*Xhat_b_0*gamma + 81/1562500*Xhat_a_0*Xhat_b_0*gamma*(2*cos(-u_a_0 + u_b_0) + 5)^2, 4/15625*(sigma_a_0*sin(-u_a_0 + u_b_0) + 50*sin(-u_a_0 + u_b_0))^2*Xhat_a_0*Xhat_b_0*gamma + 1/15625*Xhat_a_0*Xhat_b_0*gamma*(2*cos(-u_a_0 + u_b_0) + 5)^2)
D: (0.000646528611486633, 0.000819822092852886)
I: (-18/78125*(gamma_b_0*sin(-u_a_0 + u_b_0) + 50*sin(-u_a_0 + u_b_0))*(sigma_a_0*sin(-u_a_0 + u_b_0) + 50*sin(-u_a_0 + u_b_0))*Xhat_a_0*Xhat_b_0*gamma, -18/78125*(gamma_b_0*sin(-u_a_0 + u_b_0) + 50*sin(-u_a_0 + u_b_0))*(sigma_a_0*sin(-u_a_0 + u_b_0) + 50*sin(-u_a_0 + u_b_0))*Xhat_a_0*Xhat_b_0*gamma)
I: (-0.000491689477411673, -0.000491689477411673)
dAdt: (0.000154839134074960, 0.000328132615441213)
{Xhat_a_0 -> 0.397392627650389, gamma_a_0 -> 0.000000000000000, Xhat_b_0 -> 0.211298582770154, gamma_b_0 -> 0.000000000000000, u_a_0 -> 0.100000000000000, m -> 1, t -> 0.000000000000000, X_a_0 -> 0.397392627650389, sigma_a_0 -> 1.00000000000000, u_b_0 -> symbol38113, r -> 1, slow -> 1/50, gamma -> 1, X_b_0 -> 0.211298582770154, k -> 9/10, sigma_b_0 -> 1.00000000000000, f(u,v) -> 4/5*cos(u - v) + 2}
curve: (18/25*cos(symbol38113 - 0.100000000000000) + 9/5, -0.816000000000000*cos(symbol38113 - 0.100000000000000) - 2.04000000000000)
{Xhat_a_0 -> 0.397392627650389, Xhat_b_0 -> 0.211298582770154, gamma_a_0 -> 0.000000000000000, gamma_b_0 -> symbol38113, u_a_0 -> 0.100000000000000, m -> 1, t -> 0.000000000000000, X_a_0 -> 0.397392627650389, sigma_a_0 -> 1.00000000000000, u_b_0 -> 0.000000000000000, r -> 1, slow -> 1/50, gamma -> 1, X_b_0 -> 0.211298582770154, k -> 9/10, sigma_b_0 -> 1.00000000000000, f(u,v) -> 4/5*cos(u - v) + 2}
curve: (0.0503280599800036*symbol38113 + 2.51640299900018, -2.85192339886687)
A: (-2.85192339886687, 2.51640299900018)
S: (0.211298582770154, 0.397392627650389)
D: (4/15625*(sigma_a_0*sin(-u_a_0 + u_b_0) + 50*sin(-u_a_0 + u_b_0))^2*Xhat_a_0*Xhat_b_0*gamma + 1/15625*Xhat_a_0*Xhat_b_0*gamma*(2*cos(-u_a_0 + u_b_0) + 5)^2, 81/390625*(gamma_b_0*sin(-u_a_0 + u_b_0) + 50*sin(-u_a_0 + u_b_0))^2*Xhat_a_0*Xhat_b_0*gamma + 81/1562500*Xhat_a_0*Xhat_b_0*gamma*(2*cos(-u_a_0 + u_b_0) + 5)^2)
D: (0.000819822092852886, 0.000646528611486633)
I: (-18/78125*(gamma_b_0*sin(-u_a_0 + u_b_0) + 50*sin(-u_a_0 + u_b_0))*(sigma_a_0*sin(-u_a_0 + u_b_0) + 50*sin(-u_a_0 + u_b_0))*Xhat_a_0*Xhat_b_0*gamma, -18/78125*(gamma_b_0*sin(-u_a_0 + u_b_0) + 50*sin(-u_a_0 + u_b_0))*(sigma_a_0*sin(-u_a_0 + u_b_0) + 50*sin(-u_a_0 + u_b_0))*Xhat_a_0*Xhat_b_0*gamma)
I: (-0.000491689477411673, -0.000491689477411673)
dAdt: (0.000328132615441213, 0.000154839134074960)
{Xhat_a_0 -> 0.397392627650389, gamma_a_0 -> 0.000000000000000, Xhat_b_0 -> 0.211298582770154, gamma_b_0 -> 0.000000000000000, u_a_0 -> symbol43358, m -> 1, t -> 0.000000000000000, X_a_0 -> 0.397392627650389, sigma_a_0 -> 1.00000000000000, u_b_0 -> 0.000000000000000, r -> 1, slow -> 1/50, gamma -> 1, X_b_0 -> 0.211298582770154, k -> 9/10, sigma_b_0 -> 1.00000000000000, f(u,v) -> 4/5*cos(u - v) + 2}
curve: (-0.816000000000000*cos(-symbol43358) - 2.04000000000000, 18/25*cos(-symbol43358) + 9/5)
{Xhat_a_0 -> 0.397392627650389, gamma_a_0 -> 0.000000000000000, Xhat_b_0 -> 0.211298582770154, gamma_b_0 -> 0.000000000000000, u_a_0 -> 0.100000000000000, m -> 1, t -> 0.000000000000000, X_a_0 -> 0.397392627650389, sigma_a_0 -> symbol43358, u_b_0 -> 0.000000000000000, r -> 1, slow -> 1/50, gamma -> 1, X_b_0 -> 0.211298582770154, k -> 9/10, sigma_b_0 -> 1.00000000000000, f(u,v) -> 4/5*cos(u - v) + 2}
curve: (-0.0559200666444484*symbol43358 - 2.79600333222242, 2.51640299900018)
A: (-1, -1)
S: (0.397392627650389, 0.397392627650389)
D: (0, 0)
D: (0, 0)
I: (0, 0)
I: (0, 0)
dAdt: (0, 0)
{Xhat_a_0 -> 0.397392627650389, gamma_a_0 -> 0.000000000000000, Xhat_b_0 -> 0.211298582770154, gamma_b_0 -> 0.000000000000000, u_a_0 -> symbol46327, m -> 1, t -> 0.000000000000000, X_a_0 -> 0.397392627650389, sigma_a_0 -> 1.00000000000000, u_b_0 -> 0.000000000000000, r -> 1, slow -> 1/50, gamma -> 1, X_b_0 -> 0.211298582770154, k -> 9/10, sigma_b_0 -> 1.00000000000000, f(u,v) -> 4/5*cos(u - v) + 2}
curve: (-1, -1)
{Xhat_a_0 -> 0.397392627650389, gamma_a_0 -> 0.000000000000000, Xhat_b_0 -> 0.211298582770154, gamma_b_0 -> 0.000000000000000, u_a_0 -> 0.100000000000000, m -> 1, t -> 0.000000000000000, X_a_0 -> 0.397392627650389, sigma_a_0 -> symbol46327, u_b_0 -> 0.000000000000000, r -> 1, slow -> 1/50, gamma -> 1, X_b_0 -> 0.211298582770154, k -> 9/10, sigma_b_0 -> 1.00000000000000, f(u,v) -> 4/5*cos(u - v) + 2}
curve: (-1, -1)
