Thu Jun 18 22:06:32 2015
/usr/bin/make -C /usr/local/src/jekyll-research/wmd_files/Selection_Gradients \
    foodweb.sage.out.latexml.html
Including .mk files: sage.mk sage-inline.mk 
Including .mk files from .step files: foodweb.py.mk foodweb.sage.mk foodweb.plot.sage.mk foodweb-2-2.sage.mk foodweb-2-2.plot.sage.mk maclev-1-1.sage.mk maclev-1-1-adap.sage.mk maclev-1-1-mc-adap-geom.sage.mk maclev-1-1-ak-adap-geom.sage.mk S-A-vector-field.sage.mk maclev-1-1-d1A-vector-field.sage.mk maclev-1-1-S-and-d1A-on-curve.sage.mk maclev-1-1-S-and-D-on-curve.sage.mk maclev_1_2_defs.py.mk maclev-1-2-popdyn.sage.mk maclev-1-2-adap.sage.mk maclev-1-2-p.sage.mk maclev-1-2-zngi.sage.mk maclev-1-2-geom.sage.mk maclev_unconstrained_c.py.mk maclev-2-2-c-popdyn.sage.mk maclev-2-2-c-adap.sage.mk maclev-2-2-c-p.sage.mk maclev-2-2-c-zngi.sage.mk maclev-2-2-c-geom.sage.mk maclev_2_2_defs.py.mk maclev-2-2-popdyn.sage.mk maclev-2-2-adap.sage.mk maclev-2-2-p.sage.mk maclev-2-2-zngi.sage.mk maclev-2-2-geom.sage.mk maclev_a_only_defs.py.mk maclev-a-only-popdyn.sage.mk maclev-a-only-adap.sage.mk maclev-a-only-p.sage.mk maclev-a-only-zngi.sage.mk maclev-a-only-geom.sage.mk maclev_a_c.py.mk maclev-2-2-a-c-popdyn.sage.mk maclev-2-2-a-c-adap.sage.mk maclev-2-2-a-c-p.sage.mk maclev-2-2-a-c-zngi.sage.mk maclev-2-2-a-c-geom.sage.mk maclevmodels.py.mk statmech.py.mk statmech-assemble.sage.mk statmech-assemble-plot.sage.mk statmech-evol.sage.mk statmech-evol-plot.sage.mk toc.sage.mk maclev-2-2-zngi-invasion.sage.mk lotkavolterra.py.mk
Including .mk files from .sage-inline files: avec.sage.mk a-careful.sage.mk
Including .tex.d files: foodweb-2-2.tikz.tex.d foodweb.tikz.tex.d
make: Entering directory `/usr/local/src/jekyll-research/wmd_files/Selection_Gradients'
/usr/bin/make --no-print-directory -C /usr/local/src/jekyll-research/wmd_files/SageDynamicsRepo/SageDynamics dynamicalsystems.py
Including .mk files:  
Including .tex.d files: 
make[1]: Nothing to be done for `dynamicalsystems.py'.
/usr/bin/make --no-print-directory -C /usr/local/src/jekyll-research/wmd_files/SageDynamicsRepo/SageAdaptiveDynamics adaptivedynamics.py
Including .mk files:  
Including .tex.d files: 
make[1]: Nothing to be done for `adaptivedynamics.py'.
latexml  --destination=foodweb.sage.out.latexml.xml foodweb.sage.out.tex
latexml (LaTeXML version 0.8.1; revision 9e4814e)
processing started Thu Jun 18 22:06:33 2015

(Digesting TeX foodweb.sage.out...
(Loading /usr/local/share/perl/5.18.2/LaTeXML/Package/TeX.pool.ltxml...
(Loading /usr/local/share/perl/5.18.2/LaTeXML/Package/eTeX.pool.ltxml... 0.00 sec)
(Loading /usr/local/share/perl/5.18.2/LaTeXML/Package/pdfTeX.pool.ltxml... 0.01 sec) 0.21 sec)
(Processing content /usr/local/src/jekyll-research/wmd_files/Selection_Gradients/foodweb.sage.out.tex...
(Loading /usr/local/share/perl/5.18.2/LaTeXML/Package/LaTeX.pool.ltxml... 0.25 sec)
(Loading /usr/local/share/perl/5.18.2/LaTeXML/Package/article.cls.ltxml... 0.03 sec)
(Loading /usr/local/share/perl/5.18.2/LaTeXML/Package/amsmath.sty.ltxml...
(Loading /usr/local/share/perl/5.18.2/LaTeXML/Package/amsbsy.sty.ltxml... 0.00 sec)
(Loading /usr/local/share/perl/5.18.2/LaTeXML/Package/amstext.sty.ltxml... 0.00 sec)
(Loading /usr/local/share/perl/5.18.2/LaTeXML/Package/amsopn.sty.ltxml... 0.00 sec) 0.07 sec)
(Loading /usr/local/share/perl/5.18.2/LaTeXML/Package/amssymb.sty.ltxml...
(Loading /usr/local/share/perl/5.18.2/LaTeXML/Package/amsfonts.sty.ltxml... 0.00 sec) 0.04 sec)
(Loading /usr/local/share/perl/5.18.2/LaTeXML/Package/graphicx.sty.ltxml...
(Loading /usr/local/share/perl/5.18.2/LaTeXML/Package/graphics.sty.ltxml... 0.00 sec) 0.04 sec)
(Loading /usr/local/share/perl/5.18.2/LaTeXML/Package/inputenc.sty.ltxml...
(Loading /usr/local/share/perl/5.18.2/LaTeXML/Package/utf8.def.ltxml... 0.01 sec) 0.03 sec)
(Loading /usr/local/share/perl/5.18.2/LaTeXML/Package/fontenc.sty.ltxml...
(Loading /usr/local/share/perl/5.18.2/LaTeXML/Package/t1enc.def.ltxml...
(Processing definitions /usr/share/texlive/texmf-dist/tex/latex/base/t1enc.def...
(Loading /usr/local/share/perl/5.18.2/LaTeXML/Package/t1.fontmap.ltxml... 0.00 sec) 0.13 sec) 0.17 sec) 0.19 sec)
(Loading /usr/local/share/perl/5.18.2/LaTeXML/Package/latexml.sty.ltxml... 0.01 sec) 0.99 sec) 1.21 sec)
(Building...
(Loading compiled schema /usr/local/share/perl/5.18.2/LaTeXML/resources/RelaxNG/LaTeXML.model... 0.03 sec)................. 0.52 sec)
(Rewriting... 0.02 sec)
(Math Parsing...14 formulae ...[1][2][3][4][5][6][7][8][9][10][11][12][13][14]
Math parsing succeeded:
   ltx:XMArg: 96/96
   ltx:XMath: 14/14
Symbols assumed as simple identifiers (with # of occurences):
   'X{italic}' (18), 'a{italic}' (28), 'b{italic}' (26), 'd{italic}' (16), 't{italic}' (8), 'u{italic}' (36)
 1.64 sec)
(Finalizing... 0.12 sec)
Conversion complete: No obvious problems.
processing finished Thu Jun 18 22:06:37 2015
Updating .workingwiki/foodweb.sage.out.latexml.xml
rm -f foodweb.sage.out.latexml.html5
bibxmls=`perl -ne '($_)=/^[^%]*\\\bibliography\{([^\\\\#]*?)\}/;@_=split /,/;foreach $b (@_) { $b =~ s/\.bib$//; print "$b.bib.xml "}' foodweb.sage.out.latexml.xml`; bibxargs=`perl -ne '($_)=/^[^%]*\\\bibliography\{([^\\\\#]*?)\}/;@_=split /,/;foreach $b (@_) { $b =~ s/\.bib$//; print "--bibliography=$b.bib.xml "}' foodweb.sage.out.latexml.xml` && \
	(test -z "$bibxmls" || /usr/bin/make -f /usr/local/src/workingwiki-trunk/ProjectEngine/resources/makefile $bibxmls) && \
	lxpost="latexmlpost  --novalidate --destination=foodweb.sage.out.intermediate.latexml.html5 --format=html5 $bibxargs foodweb.sage.out.latexml.xml" && echo $lxpost && $lxpost
latexmlpost --novalidate --destination=foodweb.sage.out.intermediate.latexml.html5 --format=html5 foodweb.sage.out.latexml.xml
latexmlpost (LaTeXML version 0.8.1; revision 9e4814e)
processing started Thu Jun 18 22:06:37 2015
(foodweb.sage.out.intermediate.latexml.html5 post-processing...
(Scan foodweb.sage.out.intermediate.latexml.html5 processing... 0.04 sec)
(CrossRef foodweb.sage.out.intermediate.latexml.html5 processing... 0.01 sec)
(MathML::Presentation foodweb.sage.out.intermediate.latexml.html5 14 to process... 0.16 sec)
(XSLT[using LaTeXML-html5.xsl] foodweb.sage.out.intermediate.latexml.html5 processing... 0.03 sec)
(Writer foodweb.sage.out.intermediate.latexml.html5 processing... 0.00 sec) 0.24 sec)
Postprocessing complete: No obvious problems
processing finished Thu Jun 18 22:06:38 2015
/usr/local/src/workingwiki-trunk/ProjectEngine/resources/wiki-inclusion.latexml.pl foodweb.sage.out.intermediate.latexml.html5 >foodweb.sage.out.latexml.html5
ln -f foodweb.sage.out.latexml.html5 foodweb.sage.out.latexml.html
rm foodweb.sage.out.latexml.xml foodweb.sage.out.latexml.html5
make: Leaving directory `/usr/local/src/jekyll-research/wmd_files/Selection_Gradients'
Make succeeded.
Thu Jun 18 22:06:38 2015
