set_population_indices: [(R_0, 0), (P_1, 0), (P_0, 0), (R_1, 0)]
basal: [R_0, R_1]
merge bindings: {, f(u,v) -> cos(u - v) + 1} , [k] ,  {}
merge bindings: {m -> 1, r -> 1} , [k] ,  {}
[{Xhat_0_R_1: -10/9*(cos(-u_0_P_0 + u_0_R_0) - cos(-u_0_P_1 + u_0_R_0))/((cos(-u_0_P_1 + u_0_R_0) + 1)*cos(-u_0_P_0 + u_0_R_1) - (cos(-u_0_P_0 + u_0_R_0) + 1)*cos(-u_0_P_1 + u_0_R_1) - cos(-u_0_P_0 + u_0_R_0) + cos(-u_0_P_1 + u_0_R_0)), Xhat_0_P_0: 1/9*((9*cos(-u_0_P_0 + u_0_R_0) - 1)*cos(-u_0_P_1 + u_0_R_1)^2 + (9*cos(-u_0_P_1 + u_0_R_0)^2 - cos(-u_0_P_1 + u_0_R_0))*cos(-u_0_P_0 + u_0_R_1) + cos(-u_0_P_0 + u_0_R_0)*cos(-u_0_P_1 + u_0_R_0) - cos(-u_0_P_1 + u_0_R_0)^2 - ((9*cos(-u_0_P_1 + u_0_R_0) - 1)*cos(-u_0_P_0 + u_0_R_1) + (9*cos(-u_0_P_0 + u_0_R_0) - 2)*cos(-u_0_P_1 + u_0_R_0) + cos(-u_0_P_0 + u_0_R_0))*cos(-u_0_P_1 + u_0_R_1))/((cos(-u_0_P_1 + u_0_R_0)^2 + 2*cos(-u_0_P_1 + u_0_R_0) + 1)*cos(-u_0_P_0 + u_0_R_1)^2 + (cos(-u_0_P_0 + u_0_R_0)^2 + 2*cos(-u_0_P_0 + u_0_R_0) + 1)*cos(-u_0_P_1 + u_0_R_1)^2 + cos(-u_0_P_0 + u_0_R_0)^2 - 2*((cos(-u_0_P_0 + u_0_R_0) - 1)*cos(-u_0_P_1 + u_0_R_0) - cos(-u_0_P_1 + u_0_R_0)^2 + cos(-u_0_P_0 + u_0_R_0))*cos(-u_0_P_0 + u_0_R_1) - 2*cos(-u_0_P_0 + u_0_R_0)*cos(-u_0_P_1 + u_0_R_0) + cos(-u_0_P_1 + u_0_R_0)^2 + 2*(cos(-u_0_P_0 + u_0_R_0)^2 - ((cos(-u_0_P_0 + u_0_R_0) + 1)*cos(-u_0_P_1 + u_0_R_0) + cos(-u_0_P_0 + u_0_R_0) + 1)*cos(-u_0_P_0 + u_0_R_1) - (cos(-u_0_P_0 + u_0_R_0) + 1)*cos(-u_0_P_1 + u_0_R_0) + cos(-u_0_P_0 + u_0_R_0))*cos(-u_0_P_1 + u_0_R_1)), Xhat_0_P_1: 1/9*((9*cos(-u_0_P_1 + u_0_R_0) - 1)*cos(-u_0_P_0 + u_0_R_1)^2 - cos(-u_0_P_0 + u_0_R_0)^2 - ((9*cos(-u_0_P_0 + u_0_R_0) + 1)*cos(-u_0_P_1 + u_0_R_0) - 2*cos(-u_0_P_0 + u_0_R_0))*cos(-u_0_P_0 + u_0_R_1) + cos(-u_0_P_0 + u_0_R_0)*cos(-u_0_P_1 + u_0_R_0) + (9*cos(-u_0_P_0 + u_0_R_0)^2 - (9*cos(-u_0_P_0 + u_0_R_0) - 1)*cos(-u_0_P_0 + u_0_R_1) - cos(-u_0_P_0 + u_0_R_0))*cos(-u_0_P_1 + u_0_R_1))/((cos(-u_0_P_1 + u_0_R_0)^2 + 2*cos(-u_0_P_1 + u_0_R_0) + 1)*cos(-u_0_P_0 + u_0_R_1)^2 + (cos(-u_0_P_0 + u_0_R_0)^2 + 2*cos(-u_0_P_0 + u_0_R_0) + 1)*cos(-u_0_P_1 + u_0_R_1)^2 + cos(-u_0_P_0 + u_0_R_0)^2 - 2*((cos(-u_0_P_0 + u_0_R_0) - 1)*cos(-u_0_P_1 + u_0_R_0) - cos(-u_0_P_1 + u_0_R_0)^2 + cos(-u_0_P_0 + u_0_R_0))*cos(-u_0_P_0 + u_0_R_1) - 2*cos(-u_0_P_0 + u_0_R_0)*cos(-u_0_P_1 + u_0_R_0) + cos(-u_0_P_1 + u_0_R_0)^2 + 2*(cos(-u_0_P_0 + u_0_R_0)^2 - ((cos(-u_0_P_0 + u_0_R_0) + 1)*cos(-u_0_P_1 + u_0_R_0) + cos(-u_0_P_0 + u_0_R_0) + 1)*cos(-u_0_P_0 + u_0_R_1) - (cos(-u_0_P_0 + u_0_R_0) + 1)*cos(-u_0_P_1 + u_0_R_0) + cos(-u_0_P_0 + u_0_R_0))*cos(-u_0_P_1 + u_0_R_1)), Xhat_0_R_0: 10/9*(cos(-u_0_P_0 + u_0_R_1) - cos(-u_0_P_1 + u_0_R_1))/((cos(-u_0_P_1 + u_0_R_0) + 1)*cos(-u_0_P_0 + u_0_R_1) - (cos(-u_0_P_0 + u_0_R_0) + 1)*cos(-u_0_P_1 + u_0_R_1) - cos(-u_0_P_0 + u_0_R_0) + cos(-u_0_P_1 + u_0_R_0))}]
set_population_indices: [(R_0, 0), (P_1, 0), (P_0, 0), (R_1, 0), (R_0, 1)]
basal: [R_0, R_1]
merge bindings: {m -> 1, r -> 1} , [] ,  {}
The invasion rate for mutant population is:
\begin{align*}
  \mathscr I = \frac{1}{X_{1R_{0}}}\frac{dX_{1R_{0}}}{dt} &= -\frac{X_{0P_{0}} X_{1R_{0}} f\left(u_{0P_{0}}, u_{1R_{0}}\right) + X_{0P_{1}} X_{1R_{0}} f\left(u_{0P_{1}}, u_{1R_{0}}\right) + X_{0R_{0}} X_{1R_{0}} + X_{0R_{1}} X_{1R_{0}} + X_{1R_{0}}^{2} - X_{1R_{0}}}{X_{1R_{0}}} 
\end{align*}

limit as {u_1_R_0: u_0_R_0}
simplify to -limit(X_0_P_0*X_1_R_0*D[1](f)(u_0_P_0, u_1_R_0) + X_0_P_1*X_1_R_0*D[1](f)(u_0_P_1, u_1_R_0), u_1_R_0, u_0_R_0)/X_1_R_0
after those limits:
   -limit(X_0_P_0*X_1_R_0*D[1](f)(u_0_P_0, u_1_R_0) + X_0_P_1*X_1_R_0*D[1](f)(u_0_P_1, u_1_R_0), u_1_R_0, u_0_R_0)/X_1_R_0
simplify to -X_0_P_0*D[1](f)(u_0_P_0, u_1_R_0) - X_0_P_1*D[1](f)(u_0_P_1, u_1_R_0)
set_population_indices: [(R_0, 0), (P_1, 0), (P_0, 0), (R_1, 0), (P_1, 1)]
basal: [R_0, R_1]
merge bindings: {m -> 1, r -> 1} , [] ,  {}
The invasion rate for mutant population is:
\begin{align*}
  \mathscr I = \frac{1}{X_{1P_{1}}}\frac{dX_{1P_{1}}}{dt} &= \frac{X_{0R_{0}} X_{1P_{1}} k f\left(u_{1P_{1}}, u_{0R_{0}}\right) + X_{0R_{1}} X_{1P_{1}} k f\left(u_{1P_{1}}, u_{0R_{1}}\right) - X_{1P_{1}}}{X_{1P_{1}}} 
\end{align*}

limit as {u_1_P_1: u_0_P_1}
simplify to limit(X_0_R_0*X_1_P_1*k*D[0](f)(u_1_P_1, u_0_R_0) + X_0_R_1*X_1_P_1*k*D[0](f)(u_1_P_1, u_0_R_1), u_1_P_1, u_0_P_1)/X_1_P_1
after those limits:
   limit(X_0_R_0*X_1_P_1*k*D[0](f)(u_1_P_1, u_0_R_0) + X_0_R_1*X_1_P_1*k*D[0](f)(u_1_P_1, u_0_R_1), u_1_P_1, u_0_P_1)/X_1_P_1
simplify to X_0_R_0*k*D[0](f)(u_1_P_1, u_0_R_0) + X_0_R_1*k*D[0](f)(u_1_P_1, u_0_R_1)
set_population_indices: [(R_0, 0), (P_1, 0), (P_0, 0), (R_1, 0), (P_0, 1)]
basal: [R_0, R_1]
merge bindings: {m -> 1, r -> 1} , [] ,  {}
The invasion rate for mutant population is:
\begin{align*}
  \mathscr I = \frac{1}{X_{1P_{0}}}\frac{dX_{1P_{0}}}{dt} &= \frac{X_{0R_{0}} X_{1P_{0}} k f\left(u_{1P_{0}}, u_{0R_{0}}\right) + X_{0R_{1}} X_{1P_{0}} k f\left(u_{1P_{0}}, u_{0R_{1}}\right) - X_{1P_{0}}}{X_{1P_{0}}} 
\end{align*}

limit as {u_1_P_0: u_0_P_0}
simplify to limit(X_0_R_0*X_1_P_0*k*D[0](f)(u_1_P_0, u_0_R_0) + X_0_R_1*X_1_P_0*k*D[0](f)(u_1_P_0, u_0_R_1), u_1_P_0, u_0_P_0)/X_1_P_0
after those limits:
   limit(X_0_R_0*X_1_P_0*k*D[0](f)(u_1_P_0, u_0_R_0) + X_0_R_1*X_1_P_0*k*D[0](f)(u_1_P_0, u_0_R_1), u_1_P_0, u_0_P_0)/X_1_P_0
simplify to X_0_R_0*k*D[0](f)(u_1_P_0, u_0_R_0) + X_0_R_1*k*D[0](f)(u_1_P_0, u_0_R_1)
set_population_indices: [(R_0, 0), (P_1, 0), (P_0, 0), (R_1, 0), (R_1, 1)]
basal: [R_0, R_1]
merge bindings: {m -> 1, r -> 1} , [] ,  {}
The invasion rate for mutant population is:
\begin{align*}
  \mathscr I = \frac{1}{X_{1R_{1}}}\frac{dX_{1R_{1}}}{dt} &= -\frac{X_{0P_{0}} X_{1R_{1}} f\left(u_{0P_{0}}, u_{1R_{1}}\right) + X_{0P_{1}} X_{1R_{1}} f\left(u_{0P_{1}}, u_{1R_{1}}\right) + X_{0R_{0}} X_{1R_{1}} + X_{0R_{1}} X_{1R_{1}} + X_{1R_{1}}^{2} - X_{1R_{1}}}{X_{1R_{1}}} 
\end{align*}

limit as {u_1_R_1: u_0_R_1}
simplify to -limit(X_0_P_0*X_1_R_1*D[1](f)(u_0_P_0, u_1_R_1) + X_0_P_1*X_1_R_1*D[1](f)(u_0_P_1, u_1_R_1), u_1_R_1, u_0_R_1)/X_1_R_1
after those limits:
   -limit(X_0_P_0*X_1_R_1*D[1](f)(u_0_P_0, u_1_R_1) + X_0_P_1*X_1_R_1*D[1](f)(u_0_P_1, u_1_R_1), u_1_R_1, u_0_R_1)/X_1_R_1
simplify to -X_0_P_0*D[1](f)(u_0_P_0, u_1_R_1) - X_0_P_1*D[1](f)(u_0_P_1, u_1_R_1)
merge bindings: {} , [] ,  {}
merge bindings: {} , [m, r] ,  {}
merge bindings: {m -> 1, r -> 1} , [] ,  {}
merge bindings: {m -> 1, r -> 1} , [gamma] ,  {}
merge bindings: {k -> 9/10, f(u,v) -> cos(u - v) + 1} , [Xhat_0_R_1, Xhat_0_P_0, Xhat_0_P_1, Xhat_0_R_0] ,  {}
merge bindings: {m -> 1, gamma -> 1, r -> 1} , [Xhat_0_R_1, Xhat_0_P_0, Xhat_0_P_1, k, Xhat_0_R_0] ,  {}
desolve: [-10/81*(((9*cos(-u_0_P_0 + u_0_R_0) - 1)*cos(-u_0_P_1 + u_0_R_1)^2 + (9*cos(-u_0_P_1 + u_0_R_0)^2 - cos(-u_0_P_1 + u_0_R_0))*cos(-u_0_P_0 + u_0_R_1) + cos(-u_0_P_0 + u_0_R_0)*cos(-u_0_P_1 + u_0_R_0) - cos(-u_0_P_1 + u_0_R_0)^2 - ((9*cos(-u_0_P_1 + u_0_R_0) - 1)*cos(-u_0_P_0 + u_0_R_1) + (9*cos(-u_0_P_0 + u_0_R_0) - 2)*cos(-u_0_P_1 + u_0_R_0) + cos(-u_0_P_0 + u_0_R_0))*cos(-u_0_P_1 + u_0_R_1))*sin(u_0_P_0 - u_1_R_0)/((cos(-u_0_P_1 + u_0_R_0)^2 + 2*cos(-u_0_P_1 + u_0_R_0) + 1)*cos(-u_0_P_0 + u_0_R_1)^2 + (cos(-u_0_P_0 + u_0_R_0)^2 + 2*cos(-u_0_P_0 + u_0_R_0) + 1)*cos(-u_0_P_1 + u_0_R_1)^2 + cos(-u_0_P_0 + u_0_R_0)^2 - 2*((cos(-u_0_P_0 + u_0_R_0) - 1)*cos(-u_0_P_1 + u_0_R_0) - cos(-u_0_P_1 + u_0_R_0)^2 + cos(-u_0_P_0 + u_0_R_0))*cos(-u_0_P_0 + u_0_R_1) - 2*cos(-u_0_P_0 + u_0_R_0)*cos(-u_0_P_1 + u_0_R_0) + cos(-u_0_P_1 + u_0_R_0)^2 + 2*(cos(-u_0_P_0 + u_0_R_0)^2 - ((cos(-u_0_P_0 + u_0_R_0) + 1)*cos(-u_0_P_1 + u_0_R_0) + cos(-u_0_P_0 + u_0_R_0) + 1)*cos(-u_0_P_0 + u_0_R_1) - (cos(-u_0_P_0 + u_0_R_0) + 1)*cos(-u_0_P_1 + u_0_R_0) + cos(-u_0_P_0 + u_0_R_0))*cos(-u_0_P_1 + u_0_R_1)) + ((9*cos(-u_0_P_1 + u_0_R_0) - 1)*cos(-u_0_P_0 + u_0_R_1)^2 - cos(-u_0_P_0 + u_0_R_0)^2 - ((9*cos(-u_0_P_0 + u_0_R_0) + 1)*cos(-u_0_P_1 + u_0_R_0) - 2*cos(-u_0_P_0 + u_0_R_0))*cos(-u_0_P_0 + u_0_R_1) + cos(-u_0_P_0 + u_0_R_0)*cos(-u_0_P_1 + u_0_R_0) + (9*cos(-u_0_P_0 + u_0_R_0)^2 - (9*cos(-u_0_P_0 + u_0_R_0) - 1)*cos(-u_0_P_0 + u_0_R_1) - cos(-u_0_P_0 + u_0_R_0))*cos(-u_0_P_1 + u_0_R_1))*sin(u_0_P_1 - u_1_R_0)/((cos(-u_0_P_1 + u_0_R_0)^2 + 2*cos(-u_0_P_1 + u_0_R_0) + 1)*cos(-u_0_P_0 + u_0_R_1)^2 + (cos(-u_0_P_0 + u_0_R_0)^2 + 2*cos(-u_0_P_0 + u_0_R_0) + 1)*cos(-u_0_P_1 + u_0_R_1)^2 + cos(-u_0_P_0 + u_0_R_0)^2 - 2*((cos(-u_0_P_0 + u_0_R_0) - 1)*cos(-u_0_P_1 + u_0_R_0) - cos(-u_0_P_1 + u_0_R_0)^2 + cos(-u_0_P_0 + u_0_R_0))*cos(-u_0_P_0 + u_0_R_1) - 2*cos(-u_0_P_0 + u_0_R_0)*cos(-u_0_P_1 + u_0_R_0) + cos(-u_0_P_1 + u_0_R_0)^2 + 2*(cos(-u_0_P_0 + u_0_R_0)^2 - ((cos(-u_0_P_0 + u_0_R_0) + 1)*cos(-u_0_P_1 + u_0_R_0) + cos(-u_0_P_0 + u_0_R_0) + 1)*cos(-u_0_P_0 + u_0_R_1) - (cos(-u_0_P_0 + u_0_R_0) + 1)*cos(-u_0_P_1 + u_0_R_0) + cos(-u_0_P_0 + u_0_R_0))*cos(-u_0_P_1 + u_0_R_1)))*(cos(-u_0_P_0 + u_0_R_1) - cos(-u_0_P_1 + u_0_R_1))/((cos(-u_0_P_1 + u_0_R_0) + 1)*cos(-u_0_P_0 + u_0_R_1) - (cos(-u_0_P_0 + u_0_R_0) + 1)*cos(-u_0_P_1 + u_0_R_1) - cos(-u_0_P_0 + u_0_R_0) + cos(-u_0_P_1 + u_0_R_0)), -1/9*((9*cos(-u_0_P_1 + u_0_R_0) - 1)*cos(-u_0_P_0 + u_0_R_1)^2 - cos(-u_0_P_0 + u_0_R_0)^2 - ((9*cos(-u_0_P_0 + u_0_R_0) + 1)*cos(-u_0_P_1 + u_0_R_0) - 2*cos(-u_0_P_0 + u_0_R_0))*cos(-u_0_P_0 + u_0_R_1) + cos(-u_0_P_0 + u_0_R_0)*cos(-u_0_P_1 + u_0_R_0) + (9*cos(-u_0_P_0 + u_0_R_0)^2 - (9*cos(-u_0_P_0 + u_0_R_0) - 1)*cos(-u_0_P_0 + u_0_R_1) - cos(-u_0_P_0 + u_0_R_0))*cos(-u_0_P_1 + u_0_R_1))*((cos(-u_0_P_0 + u_0_R_1) - cos(-u_0_P_1 + u_0_R_1))*sin(-u_0_R_0 + u_1_P_1)/((cos(-u_0_P_1 + u_0_R_0) + 1)*cos(-u_0_P_0 + u_0_R_1) - (cos(-u_0_P_0 + u_0_R_0) + 1)*cos(-u_0_P_1 + u_0_R_1) - cos(-u_0_P_0 + u_0_R_0) + cos(-u_0_P_1 + u_0_R_0)) - (cos(-u_0_P_0 + u_0_R_0) - cos(-u_0_P_1 + u_0_R_0))*sin(-u_0_R_1 + u_1_P_1)/((cos(-u_0_P_1 + u_0_R_0) + 1)*cos(-u_0_P_0 + u_0_R_1) - (cos(-u_0_P_0 + u_0_R_0) + 1)*cos(-u_0_P_1 + u_0_R_1) - cos(-u_0_P_0 + u_0_R_0) + cos(-u_0_P_1 + u_0_R_0)))/((cos(-u_0_P_1 + u_0_R_0)^2 + 2*cos(-u_0_P_1 + u_0_R_0) + 1)*cos(-u_0_P_0 + u_0_R_1)^2 + (cos(-u_0_P_0 + u_0_R_0)^2 + 2*cos(-u_0_P_0 + u_0_R_0) + 1)*cos(-u_0_P_1 + u_0_R_1)^2 + cos(-u_0_P_0 + u_0_R_0)^2 - 2*((cos(-u_0_P_0 + u_0_R_0) - 1)*cos(-u_0_P_1 + u_0_R_0) - cos(-u_0_P_1 + u_0_R_0)^2 + cos(-u_0_P_0 + u_0_R_0))*cos(-u_0_P_0 + u_0_R_1) - 2*cos(-u_0_P_0 + u_0_R_0)*cos(-u_0_P_1 + u_0_R_0) + cos(-u_0_P_1 + u_0_R_0)^2 + 2*(cos(-u_0_P_0 + u_0_R_0)^2 - ((cos(-u_0_P_0 + u_0_R_0) + 1)*cos(-u_0_P_1 + u_0_R_0) + cos(-u_0_P_0 + u_0_R_0) + 1)*cos(-u_0_P_0 + u_0_R_1) - (cos(-u_0_P_0 + u_0_R_0) + 1)*cos(-u_0_P_1 + u_0_R_0) + cos(-u_0_P_0 + u_0_R_0))*cos(-u_0_P_1 + u_0_R_1)), -1/9*((9*cos(-u_0_P_0 + u_0_R_0) - 1)*cos(-u_0_P_1 + u_0_R_1)^2 + (9*cos(-u_0_P_1 + u_0_R_0)^2 - cos(-u_0_P_1 + u_0_R_0))*cos(-u_0_P_0 + u_0_R_1) + cos(-u_0_P_0 + u_0_R_0)*cos(-u_0_P_1 + u_0_R_0) - cos(-u_0_P_1 + u_0_R_0)^2 - ((9*cos(-u_0_P_1 + u_0_R_0) - 1)*cos(-u_0_P_0 + u_0_R_1) + (9*cos(-u_0_P_0 + u_0_R_0) - 2)*cos(-u_0_P_1 + u_0_R_0) + cos(-u_0_P_0 + u_0_R_0))*cos(-u_0_P_1 + u_0_R_1))*((cos(-u_0_P_0 + u_0_R_1) - cos(-u_0_P_1 + u_0_R_1))*sin(-u_0_R_0 + u_1_P_0)/((cos(-u_0_P_1 + u_0_R_0) + 1)*cos(-u_0_P_0 + u_0_R_1) - (cos(-u_0_P_0 + u_0_R_0) + 1)*cos(-u_0_P_1 + u_0_R_1) - cos(-u_0_P_0 + u_0_R_0) + cos(-u_0_P_1 + u_0_R_0)) - (cos(-u_0_P_0 + u_0_R_0) - cos(-u_0_P_1 + u_0_R_0))*sin(-u_0_R_1 + u_1_P_0)/((cos(-u_0_P_1 + u_0_R_0) + 1)*cos(-u_0_P_0 + u_0_R_1) - (cos(-u_0_P_0 + u_0_R_0) + 1)*cos(-u_0_P_1 + u_0_R_1) - cos(-u_0_P_0 + u_0_R_0) + cos(-u_0_P_1 + u_0_R_0)))/((cos(-u_0_P_1 + u_0_R_0)^2 + 2*cos(-u_0_P_1 + u_0_R_0) + 1)*cos(-u_0_P_0 + u_0_R_1)^2 + (cos(-u_0_P_0 + u_0_R_0)^2 + 2*cos(-u_0_P_0 + u_0_R_0) + 1)*cos(-u_0_P_1 + u_0_R_1)^2 + cos(-u_0_P_0 + u_0_R_0)^2 - 2*((cos(-u_0_P_0 + u_0_R_0) - 1)*cos(-u_0_P_1 + u_0_R_0) - cos(-u_0_P_1 + u_0_R_0)^2 + cos(-u_0_P_0 + u_0_R_0))*cos(-u_0_P_0 + u_0_R_1) - 2*cos(-u_0_P_0 + u_0_R_0)*cos(-u_0_P_1 + u_0_R_0) + cos(-u_0_P_1 + u_0_R_0)^2 + 2*(cos(-u_0_P_0 + u_0_R_0)^2 - ((cos(-u_0_P_0 + u_0_R_0) + 1)*cos(-u_0_P_1 + u_0_R_0) + cos(-u_0_P_0 + u_0_R_0) + 1)*cos(-u_0_P_0 + u_0_R_1) - (cos(-u_0_P_0 + u_0_R_0) + 1)*cos(-u_0_P_1 + u_0_R_0) + cos(-u_0_P_0 + u_0_R_0))*cos(-u_0_P_1 + u_0_R_1)), 10/81*(((9*cos(-u_0_P_0 + u_0_R_0) - 1)*cos(-u_0_P_1 + u_0_R_1)^2 + (9*cos(-u_0_P_1 + u_0_R_0)^2 - cos(-u_0_P_1 + u_0_R_0))*cos(-u_0_P_0 + u_0_R_1) + cos(-u_0_P_0 + u_0_R_0)*cos(-u_0_P_1 + u_0_R_0) - cos(-u_0_P_1 + u_0_R_0)^2 - ((9*cos(-u_0_P_1 + u_0_R_0) - 1)*cos(-u_0_P_0 + u_0_R_1) + (9*cos(-u_0_P_0 + u_0_R_0) - 2)*cos(-u_0_P_1 + u_0_R_0) + cos(-u_0_P_0 + u_0_R_0))*cos(-u_0_P_1 + u_0_R_1))*sin(u_0_P_0 - u_1_R_1)/((cos(-u_0_P_1 + u_0_R_0)^2 + 2*cos(-u_0_P_1 + u_0_R_0) + 1)*cos(-u_0_P_0 + u_0_R_1)^2 + (cos(-u_0_P_0 + u_0_R_0)^2 + 2*cos(-u_0_P_0 + u_0_R_0) + 1)*cos(-u_0_P_1 + u_0_R_1)^2 + cos(-u_0_P_0 + u_0_R_0)^2 - 2*((cos(-u_0_P_0 + u_0_R_0) - 1)*cos(-u_0_P_1 + u_0_R_0) - cos(-u_0_P_1 + u_0_R_0)^2 + cos(-u_0_P_0 + u_0_R_0))*cos(-u_0_P_0 + u_0_R_1) - 2*cos(-u_0_P_0 + u_0_R_0)*cos(-u_0_P_1 + u_0_R_0) + cos(-u_0_P_1 + u_0_R_0)^2 + 2*(cos(-u_0_P_0 + u_0_R_0)^2 - ((cos(-u_0_P_0 + u_0_R_0) + 1)*cos(-u_0_P_1 + u_0_R_0) + cos(-u_0_P_0 + u_0_R_0) + 1)*cos(-u_0_P_0 + u_0_R_1) - (cos(-u_0_P_0 + u_0_R_0) + 1)*cos(-u_0_P_1 + u_0_R_0) + cos(-u_0_P_0 + u_0_R_0))*cos(-u_0_P_1 + u_0_R_1)) + ((9*cos(-u_0_P_1 + u_0_R_0) - 1)*cos(-u_0_P_0 + u_0_R_1)^2 - cos(-u_0_P_0 + u_0_R_0)^2 - ((9*cos(-u_0_P_0 + u_0_R_0) + 1)*cos(-u_0_P_1 + u_0_R_0) - 2*cos(-u_0_P_0 + u_0_R_0))*cos(-u_0_P_0 + u_0_R_1) + cos(-u_0_P_0 + u_0_R_0)*cos(-u_0_P_1 + u_0_R_0) + (9*cos(-u_0_P_0 + u_0_R_0)^2 - (9*cos(-u_0_P_0 + u_0_R_0) - 1)*cos(-u_0_P_0 + u_0_R_1) - cos(-u_0_P_0 + u_0_R_0))*cos(-u_0_P_1 + u_0_R_1))*sin(u_0_P_1 - u_1_R_1)/((cos(-u_0_P_1 + u_0_R_0)^2 + 2*cos(-u_0_P_1 + u_0_R_0) + 1)*cos(-u_0_P_0 + u_0_R_1)^2 + (cos(-u_0_P_0 + u_0_R_0)^2 + 2*cos(-u_0_P_0 + u_0_R_0) + 1)*cos(-u_0_P_1 + u_0_R_1)^2 + cos(-u_0_P_0 + u_0_R_0)^2 - 2*((cos(-u_0_P_0 + u_0_R_0) - 1)*cos(-u_0_P_1 + u_0_R_0) - cos(-u_0_P_1 + u_0_R_0)^2 + cos(-u_0_P_0 + u_0_R_0))*cos(-u_0_P_0 + u_0_R_1) - 2*cos(-u_0_P_0 + u_0_R_0)*cos(-u_0_P_1 + u_0_R_0) + cos(-u_0_P_1 + u_0_R_0)^2 + 2*(cos(-u_0_P_0 + u_0_R_0)^2 - ((cos(-u_0_P_0 + u_0_R_0) + 1)*cos(-u_0_P_1 + u_0_R_0) + cos(-u_0_P_0 + u_0_R_0) + 1)*cos(-u_0_P_0 + u_0_R_1) - (cos(-u_0_P_0 + u_0_R_0) + 1)*cos(-u_0_P_1 + u_0_R_0) + cos(-u_0_P_0 + u_0_R_0))*cos(-u_0_P_1 + u_0_R_1)))*(cos(-u_0_P_0 + u_0_R_0) - cos(-u_0_P_1 + u_0_R_0))/((cos(-u_0_P_1 + u_0_R_0) + 1)*cos(-u_0_P_0 + u_0_R_1) - (cos(-u_0_P_0 + u_0_R_0) + 1)*cos(-u_0_P_1 + u_0_R_1) - cos(-u_0_P_0 + u_0_R_0) + cos(-u_0_P_1 + u_0_R_0))], [u_0_R_0, u_0_P_1, u_0_P_0, u_0_R_1], [0, -0.100000000000000, 0.0200000000000000, -0.0700000000000000, 0], ivar=t, end_points=30, step=0.1
initial flow: [-0.00687201782686400*sin(-u_1_R_0 + 0.0200000000000000) - 0.0240340269244001*sin(-u_1_R_0 - 0.0700000000000000), -0.00618481604417760*sin(u_1_P_1 + 0.100000000000000) - 0.0185389893134126*sin(u_1_P_1), -0.0216306242319601*sin(u_1_P_0 + 0.100000000000000) - 0.0648378074003130*sin(u_1_P_0), -0.0205988770149029*sin(-u_1_R_1 + 0.0200000000000000) - 0.0720420082225700*sin(-u_1_R_1 - 0.0700000000000000)]
timeseries: [{u_0_P_1 -> 0.0200000000000000, t -> 0.000000000000000, u_0_P_0 -> -0.0700000000000000, u_0_R_1 -> 0.000000000000000, u_0_R_0 -> -0.100000000000000}]
X at first pt of timeseries: [0.139111289632134, 0.0493994257765590, 0.172768342439753, 0.416986163120088]
[{u_0_P_1 -> 0.0200000000000000, t -> 0.000000000000000, u_0_P_0 -> -0.0700000000000000, u_0_R_1 -> 0.000000000000000, u_0_R_0 -> -0.100000000000000}]
