Thu May 14 15:49:36 2015
/usr/bin/make -C /usr/local/src/jekyll-research/wmd_files/Selection_Gradients \
    foodweb-2-2.tikz.tex-inline
Including .mk files: sage.mk sage-inline.mk 
Including .mk files from .step files: foodweb.py.mk foodweb.sage.mk foodweb.plot.sage.mk foodweb-2-2.sage.mk foodweb-2-2.plot.sage.mk maclev-1-1.sage.mk maclev-1-1-adap.sage.mk maclev-1-1-mc-adap-geom.sage.mk maclev-1-1-ak-adap-geom.sage.mk S-A-vector-field.sage.mk maclev-1-1-d1A-vector-field.sage.mk maclev-1-1-S-and-d1A-on-curve.sage.mk maclev-1-1-S-and-D-on-curve.sage.mk maclev_1_2_defs.py.mk maclev-1-2-popdyn.sage.mk maclev-1-2-adap.sage.mk maclev-1-2-p.sage.mk maclev-1-2-zngi.sage.mk maclev-1-2-geom.sage.mk maclev_unconstrained_c.py.mk maclev-2-2-c-popdyn.sage.mk maclev-2-2-c-adap.sage.mk maclev-2-2-c-p.sage.mk maclev-2-2-c-zngi.sage.mk maclev-2-2-c-geom.sage.mk maclev_2_2_defs.py.mk maclev-2-2-popdyn.sage.mk maclev-2-2-adap.sage.mk maclev-2-2-p.sage.mk maclev-2-2-zngi.sage.mk maclev-2-2-geom.sage.mk maclev_a_only_defs.py.mk maclev-a-only-popdyn.sage.mk maclev-a-only-adap.sage.mk maclev-a-only-p.sage.mk maclev-a-only-zngi.sage.mk maclev-a-only-geom.sage.mk maclev_a_c.py.mk maclev-2-2-a-c-popdyn.sage.mk maclev-2-2-a-c-adap.sage.mk maclev-2-2-a-c-p.sage.mk maclev-2-2-a-c-zngi.sage.mk maclev-2-2-a-c-geom.sage.mk maclevmodels.py.mk toc.sage.mk maclev-2-2-zngi-invasion.sage.mk lotkavolterra.py.mk
Including .mk files from .sage-inline files: avec.sage.mk a-careful.sage.mk
Including .tex.d files: foodweb-2-2.tikz.tex.d foodweb.tikz.tex.d
make[1]: Entering directory `/usr/local/src/jekyll-research/wmd_files/Selection_Gradients'
/usr/bin/make --no-print-directory -C /usr/local/src/jekyll-research/wmd_files/SageDynamicsRepo/SageDynamics dynamicalsystems.py
Including .mk files:  
Including .tex.d files: 
make[2]: Nothing to be done for `dynamicalsystems.py'.
/usr/bin/make --no-print-directory -C /usr/local/src/jekyll-research/wmd_files/SageDynamicsRepo/SageAdaptiveDynamics adaptivedynamics.py
Including .mk files:  
Including .tex.d files: 
make[2]: Nothing to be done for `adaptivedynamics.py'.
rm -f foodweb-2-2.sage.out foodweb-2-2.sage.status foodweb-2-2.sobj foodweb-2-2.sage.out.tex foodweb-2-2.tikz.tex
(sage foodweb-2-2.sage && touch foodweb-2-2.sage.status) | tee foodweb-2-2.sage.dmp
basal: [R_0, R_1]
[{Xhat_0_R_1: -10/9*(cos(-u_0_P_0 + u_0_R_0) - cos(-u_0_P_1 + u_0_R_0))/((cos(-u_0_P_1 + u_0_R_0) + 1)*cos(-u_0_P_0 + u_0_R_1) - (cos(-u_0_P_0 + u_0_R_0) + 1)*cos(-u_0_P_1 + u_0_R_1) - cos(-u_0_P_0 + u_0_R_0) + cos(-u_0_P_1 + u_0_R_0)), Xhat_0_P_0: 1/9*((9*cos(-u_0_P_0 + u_0_R_0) - 1)*cos(-u_0_P_1 + u_0_R_1)^2 + (9*cos(-u_0_P_1 + u_0_R_0)^2 - cos(-u_0_P_1 + u_0_R_0))*cos(-u_0_P_0 + u_0_R_1) + cos(-u_0_P_0 + u_0_R_0)*cos(-u_0_P_1 + u_0_R_0) - cos(-u_0_P_1 + u_0_R_0)^2 - ((9*cos(-u_0_P_1 + u_0_R_0) - 1)*cos(-u_0_P_0 + u_0_R_1) + (9*cos(-u_0_P_0 + u_0_R_0) - 2)*cos(-u_0_P_1 + u_0_R_0) + cos(-u_0_P_0 + u_0_R_0))*cos(-u_0_P_1 + u_0_R_1))/((cos(-u_0_P_1 + u_0_R_0)^2 + 2*cos(-u_0_P_1 + u_0_R_0) + 1)*cos(-u_0_P_0 + u_0_R_1)^2 + (cos(-u_0_P_0 + u_0_R_0)^2 + 2*cos(-u_0_P_0 + u_0_R_0) + 1)*cos(-u_0_P_1 + u_0_R_1)^2 + cos(-u_0_P_0 + u_0_R_0)^2 - 2*((cos(-u_0_P_0 + u_0_R_0) - 1)*cos(-u_0_P_1 + u_0_R_0) - cos(-u_0_P_1 + u_0_R_0)^2 + cos(-u_0_P_0 + u_0_R_0))*cos(-u_0_P_0 + u_0_R_1) - 2*cos(-u_0_P_0 + u_0_R_0)*cos(-u_0_P_1 + u_0_R_0) + cos(-u_0_P_1 + u_0_R_0)^2 + 2*(cos(-u_0_P_0 + u_0_R_0)^2 - ((cos(-u_0_P_0 + u_0_R_0) + 1)*cos(-u_0_P_1 + u_0_R_0) + cos(-u_0_P_0 + u_0_R_0) + 1)*cos(-u_0_P_0 + u_0_R_1) - (cos(-u_0_P_0 + u_0_R_0) + 1)*cos(-u_0_P_1 + u_0_R_0) + cos(-u_0_P_0 + u_0_R_0))*cos(-u_0_P_1 + u_0_R_1)), Xhat_0_P_1: 1/9*((9*cos(-u_0_P_1 + u_0_R_0) - 1)*cos(-u_0_P_0 + u_0_R_1)^2 - cos(-u_0_P_0 + u_0_R_0)^2 - ((9*cos(-u_0_P_0 + u_0_R_0) + 1)*cos(-u_0_P_1 + u_0_R_0) - 2*cos(-u_0_P_0 + u_0_R_0))*cos(-u_0_P_0 + u_0_R_1) + cos(-u_0_P_0 + u_0_R_0)*cos(-u_0_P_1 + u_0_R_0) + (9*cos(-u_0_P_0 + u_0_R_0)^2 - (9*cos(-u_0_P_0 + u_0_R_0) - 1)*cos(-u_0_P_0 + u_0_R_1) - cos(-u_0_P_0 + u_0_R_0))*cos(-u_0_P_1 + u_0_R_1))/((cos(-u_0_P_1 + u_0_R_0)^2 + 2*cos(-u_0_P_1 + u_0_R_0) + 1)*cos(-u_0_P_0 + u_0_R_1)^2 + (cos(-u_0_P_0 + u_0_R_0)^2 + 2*cos(-u_0_P_0 + u_0_R_0) + 1)*cos(-u_0_P_1 + u_0_R_1)^2 + cos(-u_0_P_0 + u_0_R_0)^2 - 2*((cos(-u_0_P_0 + u_0_R_0) - 1)*cos(-u_0_P_1 + u_0_R_0) - cos(-u_0_P_1 + u_0_R_0)^2 + cos(-u_0_P_0 + u_0_R_0))*cos(-u_0_P_0 + u_0_R_1) - 2*cos(-u_0_P_0 + u_0_R_0)*cos(-u_0_P_1 + u_0_R_0) + cos(-u_0_P_1 + u_0_R_0)^2 + 2*(cos(-u_0_P_0 + u_0_R_0)^2 - ((cos(-u_0_P_0 + u_0_R_0) + 1)*cos(-u_0_P_1 + u_0_R_0) + cos(-u_0_P_0 + u_0_R_0) + 1)*cos(-u_0_P_0 + u_0_R_1) - (cos(-u_0_P_0 + u_0_R_0) + 1)*cos(-u_0_P_1 + u_0_R_0) + cos(-u_0_P_0 + u_0_R_0))*cos(-u_0_P_1 + u_0_R_1)), Xhat_0_R_0: 10/9*(cos(-u_0_P_0 + u_0_R_1) - cos(-u_0_P_1 + u_0_R_1))/((cos(-u_0_P_1 + u_0_R_0) + 1)*cos(-u_0_P_0 + u_0_R_1) - (cos(-u_0_P_0 + u_0_R_0) + 1)*cos(-u_0_P_1 + u_0_R_1) - cos(-u_0_P_0 + u_0_R_0) + cos(-u_0_P_1 + u_0_R_0))}]
basal: [R_0, R_1]
The invasion rate for mutant population is:
\begin{align*}
  \mathscr I = \frac{1}{X_{1R_{0}}}\frac{dX_{1R_{0}}}{dt} &= -\frac{X_{0P_{0}} X_{1R_{0}} f\left(u_{0P_{0}}, u_{1R_{0}}\right) + X_{0P_{1}} X_{1R_{0}} f\left(u_{0P_{1}}, u_{1R_{0}}\right) + X_{0R_{0}} X_{1R_{0}} + X_{0R_{1}} X_{1R_{0}} + X_{1R_{0}}^{2} - X_{1R_{0}}}{X_{1R_{0}}} 
\end{align*}

limit as {u_1_R_0: u_0_R_0}
after those limits:
   -limit(X_0_P_0*X_1_R_0*D[1](f)(u_0_P_0, u_0_R_0) + X_0_P_1*X_1_R_0*D[1](f)(u_0_P_1, u_0_R_0), u_0_R_0, u_0_R_0)/X_1_R_0
basal: [R_0, R_1]
The invasion rate for mutant population is:
\begin{align*}
  \mathscr I = \frac{1}{X_{1P_{1}}}\frac{dX_{1P_{1}}}{dt} &= \frac{X_{0R_{0}} X_{1P_{1}} k f\left(u_{1P_{1}}, u_{0R_{0}}\right) + X_{0R_{1}} X_{1P_{1}} k f\left(u_{1P_{1}}, u_{0R_{1}}\right) - X_{1P_{1}}}{X_{1P_{1}}} 
\end{align*}

limit as {u_1_P_1: u_0_P_1}
after those limits:
   limit(X_0_R_0*X_1_P_1*k*D[0](f)(u_0_P_1, u_0_R_0) + X_0_R_1*X_1_P_1*k*D[0](f)(u_0_P_1, u_0_R_1), u_0_P_1, u_0_P_1)/X_1_P_1
basal: [R_0, R_1]
The invasion rate for mutant population is:
\begin{align*}
  \mathscr I = \frac{1}{X_{1P_{0}}}\frac{dX_{1P_{0}}}{dt} &= \frac{X_{0R_{0}} X_{1P_{0}} k f\left(u_{1P_{0}}, u_{0R_{0}}\right) + X_{0R_{1}} X_{1P_{0}} k f\left(u_{1P_{0}}, u_{0R_{1}}\right) - X_{1P_{0}}}{X_{1P_{0}}} 
\end{align*}

limit as {u_1_P_0: u_0_P_0}
after those limits:
   limit(X_0_R_0*X_1_P_0*k*D[0](f)(u_0_P_0, u_0_R_0) + X_0_R_1*X_1_P_0*k*D[0](f)(u_0_P_0, u_0_R_1), u_0_P_0, u_0_P_0)/X_1_P_0
basal: [R_0, R_1]
The invasion rate for mutant population is:
\begin{align*}
  \mathscr I = \frac{1}{X_{1R_{1}}}\frac{dX_{1R_{1}}}{dt} &= -\frac{X_{0P_{0}} X_{1R_{1}} f\left(u_{0P_{0}}, u_{1R_{1}}\right) + X_{0P_{1}} X_{1R_{1}} f\left(u_{0P_{1}}, u_{1R_{1}}\right) + X_{0R_{0}} X_{1R_{1}} + X_{0R_{1}} X_{1R_{1}} + X_{1R_{1}}^{2} - X_{1R_{1}}}{X_{1R_{1}}} 
\end{align*}

limit as {u_1_R_1: u_0_R_1}
after those limits:
   -limit(X_0_P_0*X_1_R_1*D[1](f)(u_0_P_0, u_0_R_1) + X_0_P_1*X_1_R_1*D[1](f)(u_0_P_1, u_0_R_1), u_0_R_1, u_0_R_1)/X_1_R_1
Original pop-dyn system: 
\[\begin{align*}
\frac{dX_{0R_{0}}}{dt} &= -X_{0P_{0}} X_{0R_{0}} f\left(u_{0P_{0}}, u_{0R_{0}}\right) - X_{0P_{1}} X_{0R_{0}} f\left(u_{0P_{1}}, u_{0R_{0}}\right) - X_{0R_{0}}^{2} - X_{0R_{0}} X_{0R_{1}} + X_{0R_{0}}\\
\frac{dX_{0P_{1}}}{dt} &= X_{0P_{1}} X_{0R_{0}} k f\left(u_{0P_{1}}, u_{0R_{0}}\right) + X_{0P_{1}} X_{0R_{1}} k f\left(u_{0P_{1}}, u_{0R_{1}}\right) - X_{0P_{1}}\\
\frac{dX_{0P_{0}}}{dt} &= X_{0P_{0}} X_{0R_{0}} k f\left(u_{0P_{0}}, u_{0R_{0}}\right) + X_{0P_{0}} X_{0R_{1}} k f\left(u_{0P_{0}}, u_{0R_{1}}\right) - X_{0P_{0}}\\
\frac{dX_{0R_{1}}}{dt} &= -X_{0P_{0}} X_{0R_{1}} f\left(u_{0P_{0}}, u_{0R_{1}}\right) - X_{0P_{1}} X_{0R_{1}} f\left(u_{0P_{1}}, u_{0R_{1}}\right) - X_{0R_{0}} X_{0R_{1}} - X_{0R_{1}}^{2} + X_{0R_{1}}
\end{align*}
\]
Extended pop-dyn system: 
\[\begin{align*}
\frac{dX_{0R_{0}}}{dt} &= -X_{0P_{0}} X_{0R_{0}} f\left(u_{0P_{0}}, u_{0R_{0}}\right) - X_{0P_{1}} X_{0R_{0}} f\left(u_{0P_{1}}, u_{0R_{0}}\right) - X_{0R_{0}}^{2} - X_{0R_{0}} X_{0R_{1}} - X_{0R_{0}} X_{1R_{0}} + X_{0R_{0}}\\
\frac{dX_{0P_{1}}}{dt} &= X_{0P_{1}} X_{0R_{0}} k f\left(u_{0P_{1}}, u_{0R_{0}}\right) + X_{0P_{1}} X_{0R_{1}} k f\left(u_{0P_{1}}, u_{0R_{1}}\right) + X_{0P_{1}} X_{1R_{0}} k f\left(u_{0P_{1}}, u_{1R_{0}}\right) - X_{0P_{1}}\\
\frac{dX_{0P_{0}}}{dt} &= X_{0P_{0}} X_{0R_{0}} k f\left(u_{0P_{0}}, u_{0R_{0}}\right) + X_{0P_{0}} X_{0R_{1}} k f\left(u_{0P_{0}}, u_{0R_{1}}\right) + X_{0P_{0}} X_{1R_{0}} k f\left(u_{0P_{0}}, u_{1R_{0}}\right) - X_{0P_{0}}\\
\frac{dX_{0R_{1}}}{dt} &= -X_{0P_{0}} X_{0R_{1}} f\left(u_{0P_{0}}, u_{0R_{1}}\right) - X_{0P_{1}} X_{0R_{1}} f\left(u_{0P_{1}}, u_{0R_{1}}\right) - X_{0R_{0}} X_{0R_{1}} - X_{0R_{1}}^{2} - X_{0R_{1}} X_{1R_{0}} + X_{0R_{1}}\\
\frac{dX_{1R_{0}}}{dt} &= -X_{0P_{0}} X_{1R_{0}} f\left(u_{0P_{0}}, u_{1R_{0}}\right) - X_{0P_{1}} X_{1R_{0}} f\left(u_{0P_{1}}, u_{1R_{0}}\right) - X_{0R_{0}} X_{1R_{0}} - X_{0R_{1}} X_{1R_{0}} - X_{1R_{0}}^{2} + X_{1R_{0}}
\end{align*}
\]
 The invasion rate for mutant population is:
\begin{align*}
  \mathscr I = \frac{1}{X_{1R_{0}}}\frac{dX_{1R_{0}}}{dt} &= -\frac{X_{0P_{0}} X_{1R_{0}} f\left(u_{0P_{0}}, u_{1R_{0}}\right) + X_{0P_{1}} X_{1R_{0}} f\left(u_{0P_{1}}, u_{1R_{0}}\right) + X_{0R_{0}} X_{1R_{0}} + X_{0R_{1}} X_{1R_{0}} + X_{1R_{0}}^{2} - X_{1R_{0}}}{X_{1R_{0}}} 
\end{align*}
 And the invasion exponent is
\begin{align*}
  \frac{\partial\mathscr I}{\partial u_{0R_{0}}} = \lim_{u_{1R_{0}}\to u_{0R_{0}},X_{1R_{0}}\to0}-\frac{X_{0P_{0}} X_{1R_{0}} D[1]\left(f\right)\left(u_{0P_{0}}, u_{1R_{0}}\right) + X_{0P_{1}} X_{1R_{0}} D[1]\left(f\right)\left(u_{0P_{1}}, u_{1R_{0}}\right)}{X_{1R_{0}}} .
\end{align*}
 Which comes out to
\begin{align*}
  \frac{\partial\mathscr I}{\partial u_{0R_{0}}} = -X_{0P_{0}} D[1]\left(f\right)\left(u_{0P_{0}}, u_{0R_{0}}\right) - X_{0P_{1}} D[1]\left(f\right)\left(u_{0P_{1}}, u_{0R_{0}}\right) .
\end{align*}
 Original pop-dyn system: 
\[ \begin{align*}
\frac{dX_{0R_{0}}}{dt} &= -X_{0P_{0}} X_{0R_{0}} f\left(u_{0P_{0}}, u_{0R_{0}}\right) - X_{0P_{1}} X_{0R_{0}} f\left(u_{0P_{1}}, u_{0R_{0}}\right) - X_{0R_{0}}^{2} - X_{0R_{0}} X_{0R_{1}} + X_{0R_{0}}\\
\frac{dX_{0P_{1}}}{dt} &= X_{0P_{1}} X_{0R_{0}} k f\left(u_{0P_{1}}, u_{0R_{0}}\right) + X_{0P_{1}} X_{0R_{1}} k f\left(u_{0P_{1}}, u_{0R_{1}}\right) - X_{0P_{1}}\\
\frac{dX_{0P_{0}}}{dt} &= X_{0P_{0}} X_{0R_{0}} k f\left(u_{0P_{0}}, u_{0R_{0}}\right) + X_{0P_{0}} X_{0R_{1}} k f\left(u_{0P_{0}}, u_{0R_{1}}\right) - X_{0P_{0}}\\
\frac{dX_{0R_{1}}}{dt} &= -X_{0P_{0}} X_{0R_{1}} f\left(u_{0P_{0}}, u_{0R_{1}}\right) - X_{0P_{1}} X_{0R_{1}} f\left(u_{0P_{1}}, u_{0R_{1}}\right) - X_{0R_{0}} X_{0R_{1}} - X_{0R_{1}}^{2} + X_{0R_{1}}
\end{align*}
 \]
 Extended pop-dyn system: 
\[ \begin{align*}
\frac{dX_{0R_{0}}}{dt} &= -X_{0P_{0}} X_{0R_{0}} f\left(u_{0P_{0}}, u_{0R_{0}}\right) - X_{0P_{1}} X_{0R_{0}} f\left(u_{0P_{1}}, u_{0R_{0}}\right) - X_{0R_{0}} X_{1P_{1}} f\left(u_{1P_{1}}, u_{0R_{0}}\right) - X_{0R_{0}}^{2} - X_{0R_{0}} X_{0R_{1}} + X_{0R_{0}}\\
\frac{dX_{0P_{1}}}{dt} &= X_{0P_{1}} X_{0R_{0}} k f\left(u_{0P_{1}}, u_{0R_{0}}\right) + X_{0P_{1}} X_{0R_{1}} k f\left(u_{0P_{1}}, u_{0R_{1}}\right) - X_{0P_{1}}\\
\frac{dX_{0P_{0}}}{dt} &= X_{0P_{0}} X_{0R_{0}} k f\left(u_{0P_{0}}, u_{0R_{0}}\right) + X_{0P_{0}} X_{0R_{1}} k f\left(u_{0P_{0}}, u_{0R_{1}}\right) - X_{0P_{0}}\\
\frac{dX_{0R_{1}}}{dt} &= -X_{0P_{0}} X_{0R_{1}} f\left(u_{0P_{0}}, u_{0R_{1}}\right) - X_{0P_{1}} X_{0R_{1}} f\left(u_{0P_{1}}, u_{0R_{1}}\right) - X_{0R_{1}} X_{1P_{1}} f\left(u_{1P_{1}}, u_{0R_{1}}\right) - X_{0R_{0}} X_{0R_{1}} - X_{0R_{1}}^{2} + X_{0R_{1}}\\
\frac{dX_{1P_{1}}}{dt} &= X_{0R_{0}} X_{1P_{1}} k f\left(u_{1P_{1}}, u_{0R_{0}}\right) + X_{0R_{1}} X_{1P_{1}} k f\left(u_{1P_{1}}, u_{0R_{1}}\right) - X_{1P_{1}}
\end{align*}
 \]
 The invasion rate for mutant population is:
\begin{align*}
  \mathscr I = \frac{1}{X_{1P_{1}}}\frac{dX_{1P_{1}}}{dt} &= \frac{X_{0R_{0}} X_{1P_{1}} k f\left(u_{1P_{1}}, u_{0R_{0}}\right) + X_{0R_{1}} X_{1P_{1}} k f\left(u_{1P_{1}}, u_{0R_{1}}\right) - X_{1P_{1}}}{X_{1P_{1}}} 
\end{align*}
 And the invasion exponent is
\begin{align*}
  \frac{\partial\mathscr I}{\partial u_{0P_{1}}} = \lim_{u_{1P_{1}}\to u_{0P_{1}},X_{1P_{1}}\to0}\frac{X_{0R_{0}} X_{1P_{1}} k D[0]\left(f\right)\left(u_{1P_{1}}, u_{0R_{0}}\right) + X_{0R_{1}} X_{1P_{1}} k D[0]\left(f\right)\left(u_{1P_{1}}, u_{0R_{1}}\right)}{X_{1P_{1}}} .
\end{align*}
 Which comes out to
\begin{align*}
  \frac{\partial\mathscr I}{\partial u_{0P_{1}}} = X_{0R_{0}} k D[0]\left(f\right)\left(u_{0P_{1}}, u_{0R_{0}}\right) + X_{0R_{1}} k D[0]\left(f\right)\left(u_{0P_{1}}, u_{0R_{1}}\right) .
\end{align*}
 Original pop-dyn system: 
\[ \begin{align*}
\frac{dX_{0R_{0}}}{dt} &= -X_{0P_{0}} X_{0R_{0}} f\left(u_{0P_{0}}, u_{0R_{0}}\right) - X_{0P_{1}} X_{0R_{0}} f\left(u_{0P_{1}}, u_{0R_{0}}\right) - X_{0R_{0}}^{2} - X_{0R_{0}} X_{0R_{1}} + X_{0R_{0}}\\
\frac{dX_{0P_{1}}}{dt} &= X_{0P_{1}} X_{0R_{0}} k f\left(u_{0P_{1}}, u_{0R_{0}}\right) + X_{0P_{1}} X_{0R_{1}} k f\left(u_{0P_{1}}, u_{0R_{1}}\right) - X_{0P_{1}}\\
\frac{dX_{0P_{0}}}{dt} &= X_{0P_{0}} X_{0R_{0}} k f\left(u_{0P_{0}}, u_{0R_{0}}\right) + X_{0P_{0}} X_{0R_{1}} k f\left(u_{0P_{0}}, u_{0R_{1}}\right) - X_{0P_{0}}\\
\frac{dX_{0R_{1}}}{dt} &= -X_{0P_{0}} X_{0R_{1}} f\left(u_{0P_{0}}, u_{0R_{1}}\right) - X_{0P_{1}} X_{0R_{1}} f\left(u_{0P_{1}}, u_{0R_{1}}\right) - X_{0R_{0}} X_{0R_{1}} - X_{0R_{1}}^{2} + X_{0R_{1}}
\end{align*}
 \]
 Extended pop-dyn system: 
\[ \begin{align*}
\frac{dX_{0R_{0}}}{dt} &= -X_{0P_{0}} X_{0R_{0}} f\left(u_{0P_{0}}, u_{0R_{0}}\right) - X_{0P_{1}} X_{0R_{0}} f\left(u_{0P_{1}}, u_{0R_{0}}\right) - X_{0R_{0}} X_{1P_{0}} f\left(u_{1P_{0}}, u_{0R_{0}}\right) - X_{0R_{0}}^{2} - X_{0R_{0}} X_{0R_{1}} + X_{0R_{0}}\\
\frac{dX_{0P_{1}}}{dt} &= X_{0P_{1}} X_{0R_{0}} k f\left(u_{0P_{1}}, u_{0R_{0}}\right) + X_{0P_{1}} X_{0R_{1}} k f\left(u_{0P_{1}}, u_{0R_{1}}\right) - X_{0P_{1}}\\
\frac{dX_{0P_{0}}}{dt} &= X_{0P_{0}} X_{0R_{0}} k f\left(u_{0P_{0}}, u_{0R_{0}}\right) + X_{0P_{0}} X_{0R_{1}} k f\left(u_{0P_{0}}, u_{0R_{1}}\right) - X_{0P_{0}}\\
\frac{dX_{0R_{1}}}{dt} &= -X_{0P_{0}} X_{0R_{1}} f\left(u_{0P_{0}}, u_{0R_{1}}\right) - X_{0P_{1}} X_{0R_{1}} f\left(u_{0P_{1}}, u_{0R_{1}}\right) - X_{0R_{1}} X_{1P_{0}} f\left(u_{1P_{0}}, u_{0R_{1}}\right) - X_{0R_{0}} X_{0R_{1}} - X_{0R_{1}}^{2} + X_{0R_{1}}\\
\frac{dX_{1P_{0}}}{dt} &= X_{0R_{0}} X_{1P_{0}} k f\left(u_{1P_{0}}, u_{0R_{0}}\right) + X_{0R_{1}} X_{1P_{0}} k f\left(u_{1P_{0}}, u_{0R_{1}}\right) - X_{1P_{0}}
\end{align*}
 \]
 The invasion rate for mutant population is:
\begin{align*}
  \mathscr I = \frac{1}{X_{1P_{0}}}\frac{dX_{1P_{0}}}{dt} &= \frac{X_{0R_{0}} X_{1P_{0}} k f\left(u_{1P_{0}}, u_{0R_{0}}\right) + X_{0R_{1}} X_{1P_{0}} k f\left(u_{1P_{0}}, u_{0R_{1}}\right) - X_{1P_{0}}}{X_{1P_{0}}} 
\end{align*}
 And the invasion exponent is
\begin{align*}
  \frac{\partial\mathscr I}{\partial u_{0P_{0}}} = \lim_{u_{1P_{0}}\to u_{0P_{0}},X_{1P_{0}}\to0}\frac{X_{0R_{0}} X_{1P_{0}} k D[0]\left(f\right)\left(u_{1P_{0}}, u_{0R_{0}}\right) + X_{0R_{1}} X_{1P_{0}} k D[0]\left(f\right)\left(u_{1P_{0}}, u_{0R_{1}}\right)}{X_{1P_{0}}} .
\end{align*}
 Which comes out to
\begin{align*}
  \frac{\partial\mathscr I}{\partial u_{0P_{0}}} = X_{0R_{0}} k D[0]\left(f\right)\left(u_{0P_{0}}, u_{0R_{0}}\right) + X_{0R_{1}} k D[0]\left(f\right)\left(u_{0P_{0}}, u_{0R_{1}}\right) .
\end{align*}
 Original pop-dyn system: 
\[ \begin{align*}
\frac{dX_{0R_{0}}}{dt} &= -X_{0P_{0}} X_{0R_{0}} f\left(u_{0P_{0}}, u_{0R_{0}}\right) - X_{0P_{1}} X_{0R_{0}} f\left(u_{0P_{1}}, u_{0R_{0}}\right) - X_{0R_{0}}^{2} - X_{0R_{0}} X_{0R_{1}} + X_{0R_{0}}\\
\frac{dX_{0P_{1}}}{dt} &= X_{0P_{1}} X_{0R_{0}} k f\left(u_{0P_{1}}, u_{0R_{0}}\right) + X_{0P_{1}} X_{0R_{1}} k f\left(u_{0P_{1}}, u_{0R_{1}}\right) - X_{0P_{1}}\\
\frac{dX_{0P_{0}}}{dt} &= X_{0P_{0}} X_{0R_{0}} k f\left(u_{0P_{0}}, u_{0R_{0}}\right) + X_{0P_{0}} X_{0R_{1}} k f\left(u_{0P_{0}}, u_{0R_{1}}\right) - X_{0P_{0}}\\
\frac{dX_{0R_{1}}}{dt} &= -X_{0P_{0}} X_{0R_{1}} f\left(u_{0P_{0}}, u_{0R_{1}}\right) - X_{0P_{1}} X_{0R_{1}} f\left(u_{0P_{1}}, u_{0R_{1}}\right) - X_{0R_{0}} X_{0R_{1}} - X_{0R_{1}}^{2} + X_{0R_{1}}
\end{align*}
 \]
 Extended pop-dyn system: 
\[ \begin{align*}
\frac{dX_{0R_{0}}}{dt} &= -X_{0P_{0}} X_{0R_{0}} f\left(u_{0P_{0}}, u_{0R_{0}}\right) - X_{0P_{1}} X_{0R_{0}} f\left(u_{0P_{1}}, u_{0R_{0}}\right) - X_{0R_{0}}^{2} - X_{0R_{0}} X_{0R_{1}} - X_{0R_{0}} X_{1R_{1}} + X_{0R_{0}}\\
\frac{dX_{0P_{1}}}{dt} &= X_{0P_{1}} X_{0R_{0}} k f\left(u_{0P_{1}}, u_{0R_{0}}\right) + X_{0P_{1}} X_{0R_{1}} k f\left(u_{0P_{1}}, u_{0R_{1}}\right) + X_{0P_{1}} X_{1R_{1}} k f\left(u_{0P_{1}}, u_{1R_{1}}\right) - X_{0P_{1}}\\
\frac{dX_{0P_{0}}}{dt} &= X_{0P_{0}} X_{0R_{0}} k f\left(u_{0P_{0}}, u_{0R_{0}}\right) + X_{0P_{0}} X_{0R_{1}} k f\left(u_{0P_{0}}, u_{0R_{1}}\right) + X_{0P_{0}} X_{1R_{1}} k f\left(u_{0P_{0}}, u_{1R_{1}}\right) - X_{0P_{0}}\\
\frac{dX_{0R_{1}}}{dt} &= -X_{0P_{0}} X_{0R_{1}} f\left(u_{0P_{0}}, u_{0R_{1}}\right) - X_{0P_{1}} X_{0R_{1}} f\left(u_{0P_{1}}, u_{0R_{1}}\right) - X_{0R_{0}} X_{0R_{1}} - X_{0R_{1}}^{2} - X_{0R_{1}} X_{1R_{1}} + X_{0R_{1}}\\
\frac{dX_{1R_{1}}}{dt} &= -X_{0P_{0}} X_{1R_{1}} f\left(u_{0P_{0}}, u_{1R_{1}}\right) - X_{0P_{1}} X_{1R_{1}} f\left(u_{0P_{1}}, u_{1R_{1}}\right) - X_{0R_{0}} X_{1R_{1}} - X_{0R_{1}} X_{1R_{1}} - X_{1R_{1}}^{2} + X_{1R_{1}}
\end{align*}
 \]
 The invasion rate for mutant population is:
\begin{align*}
  \mathscr I = \frac{1}{X_{1R_{1}}}\frac{dX_{1R_{1}}}{dt} &= -\frac{X_{0P_{0}} X_{1R_{1}} f\left(u_{0P_{0}}, u_{1R_{1}}\right) + X_{0P_{1}} X_{1R_{1}} f\left(u_{0P_{1}}, u_{1R_{1}}\right) + X_{0R_{0}} X_{1R_{1}} + X_{0R_{1}} X_{1R_{1}} + X_{1R_{1}}^{2} - X_{1R_{1}}}{X_{1R_{1}}} 
\end{align*}
 And the invasion exponent is
\begin{align*}
  \frac{\partial\mathscr I}{\partial u_{0R_{1}}} = \lim_{u_{1R_{1}}\to u_{0R_{1}},X_{1R_{1}}\to0}-\frac{X_{0P_{0}} X_{1R_{1}} D[1]\left(f\right)\left(u_{0P_{0}}, u_{1R_{1}}\right) + X_{0P_{1}} X_{1R_{1}} D[1]\left(f\right)\left(u_{0P_{1}}, u_{1R_{1}}\right)}{X_{1R_{1}}} .
\end{align*}
 Which comes out to
\begin{align*}
  \frac{\partial\mathscr I}{\partial u_{0R_{1}}} = -X_{0P_{0}} D[1]\left(f\right)\left(u_{0P_{0}}, u_{0R_{1}}\right) - X_{0P_{1}} D[1]\left(f\right)\left(u_{0P_{1}}, u_{0R_{1}}\right) .
\end{align*}
 \[ \mathbf S \left(\begin{array}{c}
  u_{0P_{1}}\\
  u_{0P_{0}}\\
  u_{0R_{1}}\\
  u_{0R_{0}}
\end{array}\right) = \left(\begin{array}{c}
  \hat{X}_{0R_{0}} k D[0]\left(f\right)\left(u_{0P_{1}}, u_{0R_{0}}\right) + \hat{X}_{0R_{1}} k D[0]\left(f\right)\left(u_{0P_{1}}, u_{0R_{1}}\right)\\
  \hat{X}_{0R_{0}} k D[0]\left(f\right)\left(u_{0P_{0}}, u_{0R_{0}}\right) + \hat{X}_{0R_{1}} k D[0]\left(f\right)\left(u_{0P_{0}}, u_{0R_{1}}\right)\\
  -\hat{X}_{0P_{0}} D[1]\left(f\right)\left(u_{0P_{0}}, u_{0R_{1}}\right) - \hat{X}_{0P_{1}} D[1]\left(f\right)\left(u_{0P_{1}}, u_{0R_{1}}\right)\\
  -\hat{X}_{0P_{0}} D[1]\left(f\right)\left(u_{0P_{0}}, u_{0R_{0}}\right) - \hat{X}_{0P_{1}} D[1]\left(f\right)\left(u_{0P_{1}}, u_{0R_{0}}\right)
\end{array}\right) \]
 Equilibrium of the population dynamics: 
\[ \begin{align*}

\end{align*} \]
 The adaptive dynamics comes out to 
\[ \begin{align*}
\frac{du_{0P_{1}}}{dt} &= {\left(\hat{X}_{0R_{0}} k D[0]\left(f\right)\left(u_{0P_{1}}, u_{0R_{0}}\right) + \hat{X}_{0R_{1}} k D[0]\left(f\right)\left(u_{0P_{1}}, u_{0R_{1}}\right)\right)} \hat{X}_{0P_{1}} \gamma\\
\frac{du_{0P_{0}}}{dt} &= {\left(\hat{X}_{0R_{0}} k D[0]\left(f\right)\left(u_{0P_{0}}, u_{0R_{0}}\right) + \hat{X}_{0R_{1}} k D[0]\left(f\right)\left(u_{0P_{0}}, u_{0R_{1}}\right)\right)} \hat{X}_{0P_{0}} \gamma\\
\frac{du_{0R_{1}}}{dt} &= -{\left(\hat{X}_{0P_{0}} D[1]\left(f\right)\left(u_{0P_{0}}, u_{0R_{1}}\right) + \hat{X}_{0P_{1}} D[1]\left(f\right)\left(u_{0P_{1}}, u_{0R_{1}}\right)\right)} \hat{X}_{0R_{1}} \gamma\\
\frac{du_{0R_{0}}}{dt} &= -{\left(\hat{X}_{0P_{0}} D[1]\left(f\right)\left(u_{0P_{0}}, u_{0R_{0}}\right) + \hat{X}_{0P_{1}} D[1]\left(f\right)\left(u_{0P_{1}}, u_{0R_{0}}\right)\right)} \hat{X}_{0R_{0}} \gamma
\end{align*}
 \]

desolve: [-1/9*((9*cos(-u_0_P_1 + u_0_R_0) - 1)*cos(-u_0_P_0 + u_0_R_1)^2 - cos(-u_0_P_0 + u_0_R_0)^2 - ((9*cos(-u_0_P_0 + u_0_R_0) + 1)*cos(-u_0_P_1 + u_0_R_0) - 2*cos(-u_0_P_0 + u_0_R_0))*cos(-u_0_P_0 + u_0_R_1) + cos(-u_0_P_0 + u_0_R_0)*cos(-u_0_P_1 + u_0_R_0) + (9*cos(-u_0_P_0 + u_0_R_0)^2 - (9*cos(-u_0_P_0 + u_0_R_0) - 1)*cos(-u_0_P_0 + u_0_R_1) - cos(-u_0_P_0 + u_0_R_0))*cos(-u_0_P_1 + u_0_R_1))*((cos(-u_0_P_0 + u_0_R_1) - cos(-u_0_P_1 + u_0_R_1))*sin(u_0_P_1 - u_0_R_0)/((cos(-u_0_P_1 + u_0_R_0) + 1)*cos(-u_0_P_0 + u_0_R_1) - (cos(-u_0_P_0 + u_0_R_0) + 1)*cos(-u_0_P_1 + u_0_R_1) - cos(-u_0_P_0 + u_0_R_0) + cos(-u_0_P_1 + u_0_R_0)) - (cos(-u_0_P_0 + u_0_R_0) - cos(-u_0_P_1 + u_0_R_0))*sin(u_0_P_1 - u_0_R_1)/((cos(-u_0_P_1 + u_0_R_0) + 1)*cos(-u_0_P_0 + u_0_R_1) - (cos(-u_0_P_0 + u_0_R_0) + 1)*cos(-u_0_P_1 + u_0_R_1) - cos(-u_0_P_0 + u_0_R_0) + cos(-u_0_P_1 + u_0_R_0)))/((cos(-u_0_P_1 + u_0_R_0)^2 + 2*cos(-u_0_P_1 + u_0_R_0) + 1)*cos(-u_0_P_0 + u_0_R_1)^2 + (cos(-u_0_P_0 + u_0_R_0)^2 + 2*cos(-u_0_P_0 + u_0_R_0) + 1)*cos(-u_0_P_1 + u_0_R_1)^2 + cos(-u_0_P_0 + u_0_R_0)^2 - 2*((cos(-u_0_P_0 + u_0_R_0) - 1)*cos(-u_0_P_1 + u_0_R_0) - cos(-u_0_P_1 + u_0_R_0)^2 + cos(-u_0_P_0 + u_0_R_0))*cos(-u_0_P_0 + u_0_R_1) - 2*cos(-u_0_P_0 + u_0_R_0)*cos(-u_0_P_1 + u_0_R_0) + cos(-u_0_P_1 + u_0_R_0)^2 + 2*(cos(-u_0_P_0 + u_0_R_0)^2 - ((cos(-u_0_P_0 + u_0_R_0) + 1)*cos(-u_0_P_1 + u_0_R_0) + cos(-u_0_P_0 + u_0_R_0) + 1)*cos(-u_0_P_0 + u_0_R_1) - (cos(-u_0_P_0 + u_0_R_0) + 1)*cos(-u_0_P_1 + u_0_R_0) + cos(-u_0_P_0 + u_0_R_0))*cos(-u_0_P_1 + u_0_R_1)), -1/9*((9*cos(-u_0_P_0 + u_0_R_0) - 1)*cos(-u_0_P_1 + u_0_R_1)^2 + (9*cos(-u_0_P_1 + u_0_R_0)^2 - cos(-u_0_P_1 + u_0_R_0))*cos(-u_0_P_0 + u_0_R_1) + cos(-u_0_P_0 + u_0_R_0)*cos(-u_0_P_1 + u_0_R_0) - cos(-u_0_P_1 + u_0_R_0)^2 - ((9*cos(-u_0_P_1 + u_0_R_0) - 1)*cos(-u_0_P_0 + u_0_R_1) + (9*cos(-u_0_P_0 + u_0_R_0) - 2)*cos(-u_0_P_1 + u_0_R_0) + cos(-u_0_P_0 + u_0_R_0))*cos(-u_0_P_1 + u_0_R_1))*((cos(-u_0_P_0 + u_0_R_1) - cos(-u_0_P_1 + u_0_R_1))*sin(u_0_P_0 - u_0_R_0)/((cos(-u_0_P_1 + u_0_R_0) + 1)*cos(-u_0_P_0 + u_0_R_1) - (cos(-u_0_P_0 + u_0_R_0) + 1)*cos(-u_0_P_1 + u_0_R_1) - cos(-u_0_P_0 + u_0_R_0) + cos(-u_0_P_1 + u_0_R_0)) - (cos(-u_0_P_0 + u_0_R_0) - cos(-u_0_P_1 + u_0_R_0))*sin(u_0_P_0 - u_0_R_1)/((cos(-u_0_P_1 + u_0_R_0) + 1)*cos(-u_0_P_0 + u_0_R_1) - (cos(-u_0_P_0 + u_0_R_0) + 1)*cos(-u_0_P_1 + u_0_R_1) - cos(-u_0_P_0 + u_0_R_0) + cos(-u_0_P_1 + u_0_R_0)))/((cos(-u_0_P_1 + u_0_R_0)^2 + 2*cos(-u_0_P_1 + u_0_R_0) + 1)*cos(-u_0_P_0 + u_0_R_1)^2 + (cos(-u_0_P_0 + u_0_R_0)^2 + 2*cos(-u_0_P_0 + u_0_R_0) + 1)*cos(-u_0_P_1 + u_0_R_1)^2 + cos(-u_0_P_0 + u_0_R_0)^2 - 2*((cos(-u_0_P_0 + u_0_R_0) - 1)*cos(-u_0_P_1 + u_0_R_0) - cos(-u_0_P_1 + u_0_R_0)^2 + cos(-u_0_P_0 + u_0_R_0))*cos(-u_0_P_0 + u_0_R_1) - 2*cos(-u_0_P_0 + u_0_R_0)*cos(-u_0_P_1 + u_0_R_0) + cos(-u_0_P_1 + u_0_R_0)^2 + 2*(cos(-u_0_P_0 + u_0_R_0)^2 - ((cos(-u_0_P_0 + u_0_R_0) + 1)*cos(-u_0_P_1 + u_0_R_0) + cos(-u_0_P_0 + u_0_R_0) + 1)*cos(-u_0_P_0 + u_0_R_1) - (cos(-u_0_P_0 + u_0_R_0) + 1)*cos(-u_0_P_1 + u_0_R_0) + cos(-u_0_P_0 + u_0_R_0))*cos(-u_0_P_1 + u_0_R_1)), 10/81*(((9*cos(-u_0_P_0 + u_0_R_0) - 1)*cos(-u_0_P_1 + u_0_R_1)^2 + (9*cos(-u_0_P_1 + u_0_R_0)^2 - cos(-u_0_P_1 + u_0_R_0))*cos(-u_0_P_0 + u_0_R_1) + cos(-u_0_P_0 + u_0_R_0)*cos(-u_0_P_1 + u_0_R_0) - cos(-u_0_P_1 + u_0_R_0)^2 - ((9*cos(-u_0_P_1 + u_0_R_0) - 1)*cos(-u_0_P_0 + u_0_R_1) + (9*cos(-u_0_P_0 + u_0_R_0) - 2)*cos(-u_0_P_1 + u_0_R_0) + cos(-u_0_P_0 + u_0_R_0))*cos(-u_0_P_1 + u_0_R_1))*sin(u_0_P_0 - u_0_R_1)/((cos(-u_0_P_1 + u_0_R_0)^2 + 2*cos(-u_0_P_1 + u_0_R_0) + 1)*cos(-u_0_P_0 + u_0_R_1)^2 + (cos(-u_0_P_0 + u_0_R_0)^2 + 2*cos(-u_0_P_0 + u_0_R_0) + 1)*cos(-u_0_P_1 + u_0_R_1)^2 + cos(-u_0_P_0 + u_0_R_0)^2 - 2*((cos(-u_0_P_0 + u_0_R_0) - 1)*cos(-u_0_P_1 + u_0_R_0) - cos(-u_0_P_1 + u_0_R_0)^2 + cos(-u_0_P_0 + u_0_R_0))*cos(-u_0_P_0 + u_0_R_1) - 2*cos(-u_0_P_0 + u_0_R_0)*cos(-u_0_P_1 + u_0_R_0) + cos(-u_0_P_1 + u_0_R_0)^2 + 2*(cos(-u_0_P_0 + u_0_R_0)^2 - ((cos(-u_0_P_0 + u_0_R_0) + 1)*cos(-u_0_P_1 + u_0_R_0) + cos(-u_0_P_0 + u_0_R_0) + 1)*cos(-u_0_P_0 + u_0_R_1) - (cos(-u_0_P_0 + u_0_R_0) + 1)*cos(-u_0_P_1 + u_0_R_0) + cos(-u_0_P_0 + u_0_R_0))*cos(-u_0_P_1 + u_0_R_1)) + ((9*cos(-u_0_P_1 + u_0_R_0) - 1)*cos(-u_0_P_0 + u_0_R_1)^2 - cos(-u_0_P_0 + u_0_R_0)^2 - ((9*cos(-u_0_P_0 + u_0_R_0) + 1)*cos(-u_0_P_1 + u_0_R_0) - 2*cos(-u_0_P_0 + u_0_R_0))*cos(-u_0_P_0 + u_0_R_1) + cos(-u_0_P_0 + u_0_R_0)*cos(-u_0_P_1 + u_0_R_0) + (9*cos(-u_0_P_0 + u_0_R_0)^2 - (9*cos(-u_0_P_0 + u_0_R_0) - 1)*cos(-u_0_P_0 + u_0_R_1) - cos(-u_0_P_0 + u_0_R_0))*cos(-u_0_P_1 + u_0_R_1))*sin(u_0_P_1 - u_0_R_1)/((cos(-u_0_P_1 + u_0_R_0)^2 + 2*cos(-u_0_P_1 + u_0_R_0) + 1)*cos(-u_0_P_0 + u_0_R_1)^2 + (cos(-u_0_P_0 + u_0_R_0)^2 + 2*cos(-u_0_P_0 + u_0_R_0) + 1)*cos(-u_0_P_1 + u_0_R_1)^2 + cos(-u_0_P_0 + u_0_R_0)^2 - 2*((cos(-u_0_P_0 + u_0_R_0) - 1)*cos(-u_0_P_1 + u_0_R_0) - cos(-u_0_P_1 + u_0_R_0)^2 + cos(-u_0_P_0 + u_0_R_0))*cos(-u_0_P_0 + u_0_R_1) - 2*cos(-u_0_P_0 + u_0_R_0)*cos(-u_0_P_1 + u_0_R_0) + cos(-u_0_P_1 + u_0_R_0)^2 + 2*(cos(-u_0_P_0 + u_0_R_0)^2 - ((cos(-u_0_P_0 + u_0_R_0) + 1)*cos(-u_0_P_1 + u_0_R_0) + cos(-u_0_P_0 + u_0_R_0) + 1)*cos(-u_0_P_0 + u_0_R_1) - (cos(-u_0_P_0 + u_0_R_0) + 1)*cos(-u_0_P_1 + u_0_R_0) + cos(-u_0_P_0 + u_0_R_0))*cos(-u_0_P_1 + u_0_R_1)))*(cos(-u_0_P_0 + u_0_R_0) - cos(-u_0_P_1 + u_0_R_0))/((cos(-u_0_P_1 + u_0_R_0) + 1)*cos(-u_0_P_0 + u_0_R_1) - (cos(-u_0_P_0 + u_0_R_0) + 1)*cos(-u_0_P_1 + u_0_R_1) - cos(-u_0_P_0 + u_0_R_0) + cos(-u_0_P_1 + u_0_R_0)), -10/81*(((9*cos(-u_0_P_0 + u_0_R_0) - 1)*cos(-u_0_P_1 + u_0_R_1)^2 + (9*cos(-u_0_P_1 + u_0_R_0)^2 - cos(-u_0_P_1 + u_0_R_0))*cos(-u_0_P_0 + u_0_R_1) + cos(-u_0_P_0 + u_0_R_0)*cos(-u_0_P_1 + u_0_R_0) - cos(-u_0_P_1 + u_0_R_0)^2 - ((9*cos(-u_0_P_1 + u_0_R_0) - 1)*cos(-u_0_P_0 + u_0_R_1) + (9*cos(-u_0_P_0 + u_0_R_0) - 2)*cos(-u_0_P_1 + u_0_R_0) + cos(-u_0_P_0 + u_0_R_0))*cos(-u_0_P_1 + u_0_R_1))*sin(u_0_P_0 - u_0_R_0)/((cos(-u_0_P_1 + u_0_R_0)^2 + 2*cos(-u_0_P_1 + u_0_R_0) + 1)*cos(-u_0_P_0 + u_0_R_1)^2 + (cos(-u_0_P_0 + u_0_R_0)^2 + 2*cos(-u_0_P_0 + u_0_R_0) + 1)*cos(-u_0_P_1 + u_0_R_1)^2 + cos(-u_0_P_0 + u_0_R_0)^2 - 2*((cos(-u_0_P_0 + u_0_R_0) - 1)*cos(-u_0_P_1 + u_0_R_0) - cos(-u_0_P_1 + u_0_R_0)^2 + cos(-u_0_P_0 + u_0_R_0))*cos(-u_0_P_0 + u_0_R_1) - 2*cos(-u_0_P_0 + u_0_R_0)*cos(-u_0_P_1 + u_0_R_0) + cos(-u_0_P_1 + u_0_R_0)^2 + 2*(cos(-u_0_P_0 + u_0_R_0)^2 - ((cos(-u_0_P_0 + u_0_R_0) + 1)*cos(-u_0_P_1 + u_0_R_0) + cos(-u_0_P_0 + u_0_R_0) + 1)*cos(-u_0_P_0 + u_0_R_1) - (cos(-u_0_P_0 + u_0_R_0) + 1)*cos(-u_0_P_1 + u_0_R_0) + cos(-u_0_P_0 + u_0_R_0))*cos(-u_0_P_1 + u_0_R_1)) + ((9*cos(-u_0_P_1 + u_0_R_0) - 1)*cos(-u_0_P_0 + u_0_R_1)^2 - cos(-u_0_P_0 + u_0_R_0)^2 - ((9*cos(-u_0_P_0 + u_0_R_0) + 1)*cos(-u_0_P_1 + u_0_R_0) - 2*cos(-u_0_P_0 + u_0_R_0))*cos(-u_0_P_0 + u_0_R_1) + cos(-u_0_P_0 + u_0_R_0)*cos(-u_0_P_1 + u_0_R_0) + (9*cos(-u_0_P_0 + u_0_R_0)^2 - (9*cos(-u_0_P_0 + u_0_R_0) - 1)*cos(-u_0_P_0 + u_0_R_1) - cos(-u_0_P_0 + u_0_R_0))*cos(-u_0_P_1 + u_0_R_1))*sin(u_0_P_1 - u_0_R_0)/((cos(-u_0_P_1 + u_0_R_0)^2 + 2*cos(-u_0_P_1 + u_0_R_0) + 1)*cos(-u_0_P_0 + u_0_R_1)^2 + (cos(-u_0_P_0 + u_0_R_0)^2 + 2*cos(-u_0_P_0 + u_0_R_0) + 1)*cos(-u_0_P_1 + u_0_R_1)^2 + cos(-u_0_P_0 + u_0_R_0)^2 - 2*((cos(-u_0_P_0 + u_0_R_0) - 1)*cos(-u_0_P_1 + u_0_R_0) - cos(-u_0_P_1 + u_0_R_0)^2 + cos(-u_0_P_0 + u_0_R_0))*cos(-u_0_P_0 + u_0_R_1) - 2*cos(-u_0_P_0 + u_0_R_0)*cos(-u_0_P_1 + u_0_R_0) + cos(-u_0_P_1 + u_0_R_0)^2 + 2*(cos(-u_0_P_0 + u_0_R_0)^2 - ((cos(-u_0_P_0 + u_0_R_0) + 1)*cos(-u_0_P_1 + u_0_R_0) + cos(-u_0_P_0 + u_0_R_0) + 1)*cos(-u_0_P_0 + u_0_R_1) - (cos(-u_0_P_0 + u_0_R_0) + 1)*cos(-u_0_P_1 + u_0_R_0) + cos(-u_0_P_0 + u_0_R_0))*cos(-u_0_P_1 + u_0_R_1)))*(cos(-u_0_P_0 + u_0_R_1) - cos(-u_0_P_1 + u_0_R_1))/((cos(-u_0_P_1 + u_0_R_0) + 1)*cos(-u_0_P_0 + u_0_R_1) - (cos(-u_0_P_0 + u_0_R_0) + 1)*cos(-u_0_P_1 + u_0_R_1) - cos(-u_0_P_0 + u_0_R_0) + cos(-u_0_P_1 + u_0_R_0))], [u_0_P_1, u_0_P_0, u_0_R_1, u_0_R_0], [0, 0.0200000000000000, -0.0700000000000000, 0, -0.100000000000000], ivar=t, end_points=30, step=0.1
timeseries: [{t -> 0, u_0_P_1 -> 0.0200000000000000, u_0_P_0 -> -0.0700000000000000, u_0_R_1 -> 0, u_0_R_0 -> -0.100000000000000}, {t -> 0.1, u_0_P_1 -> 0.0198895354005344, u_0_P_0 -> -0.06961212474329548, u_0_R_1 -> 0.000463594513107399, u_0_R_0 -> -0.1001553604495086}, {t -> 0.2, u_0_P_1 -> 0.01978036710531187, u_0_P_0 -> -0.06922571772605748, u_0_R_1 -> 0.000929011331851004, u_0_R_0 -> -0.1003127342437906}, {t -> 0.3, u_0_P_1 -> 0.01967248748656807, u_0_P_0 -> -0.06884077126834084, u_0_R_1 -> 0.001396262362477837, u_0_R_0 -> -0.1004721332311143}, {t -> 0.4, u_0_P_1 -> 0.01956588895900842, u_0_P_0 -> -0.06845727773278247, u_0_R_1 -> 0.001865359584851545, u_0_R_0 -> -0.1006335693334894}, {t -> 0.5, u_0_P_1 -> 0.0194605639795716, u_0_P_0 -> -0.06807522952437225, u_0_R_1 -> 0.002336315052903242, u_0_R_0 -> -0.1007970545471262}, {t -> 0.6000000000000001, u_0_P_1 -> 0.01935650504718437, u_0_P_0 -> -0.06769461909022438, u_0_R_1 -> 0.002809140895082947, u_0_R_0 -> -0.1009626009429052}, {t -> 0.7000000000000001, u_0_P_1 -> 0.01925370470252809, u_0_P_0 -> -0.06731543891934384, u_0_R_1 -> 0.003283849314825456, u_0_R_0 -> -0.1011302206668429}, {t -> 0.8, u_0_P_1 -> 0.01915215552780665, u_0_P_0 -> -0.06693768154240437, u_0_R_1 -> 0.003760452591005678, u_0_R_0 -> -0.1012999259405587}, {t -> 0.9, u_0_P_1 -> 0.01905185014650457, u_0_P_0 -> -0.06656133953151416, u_0_R_1 -> 0.00423896307841137, u_0_R_0 -> -0.1014717290617553}, {t -> 1.0, u_0_P_1 -> 0.01895278122316064, u_0_P_0 -> -0.06618640549999727, u_0_R_1 -> 0.004719393208203969, u_0_R_0 -> -0.1016456424046891}, {t -> 1.1, u_0_P_1 -> 0.01885494146312901, u_0_P_0 -> -0.0658128721021601, u_0_R_1 -> 0.005201755488400233, u_0_R_0 -> -0.101821678420657}, {t -> 1.2, u_0_P_1 -> 0.018758323612354, u_0_P_0 -> -0.06544073203307751, u_0_R_1 -> 0.005686062504335457, u_0_R_0 -> -0.1019998496384727}, {t -> 1.3, u_0_P_1 -> 0.01866292045714038, u_0_P_0 -> -0.06506997802836548, u_0_R_1 -> 0.006172326919148146, u_0_R_0 -> -0.1021801686649538}, {t -> 1.4, u_0_P_1 -> 0.01856872482392365, u_0_P_0 -> -0.06470060286396438, u_0_R_1 -> 0.006660561474254386, u_0_R_0 -> -0.1023626481854107}, {t -> 1.5, u_0_P_1 -> 0.0184757295790413, u_0_P_0 -> -0.06433259935591586, u_0_R_1 -> 0.007150778989836067, u_0_R_0 -> -0.1025473009641411}, {t -> 1.6, u_0_P_1 -> 0.01838392762851221, u_0_P_0 -> -0.06396596036014662, u_0_R_1 -> 0.007642992365325785, u_0_R_0 -> -0.1027341398449196}, {t -> 1.7, u_0_P_1 -> 0.01829331191780472, u_0_P_0 -> -0.06360067877225191, u_0_R_1 -> 0.008137214579894301, u_0_R_0 -> -0.1029231777515023}, {t -> 1.8, u_0_P_1 -> 0.01820387543162278, u_0_P_0 -> -0.06323674752727902, u_0_R_1 -> 0.0086334586929462, u_0_R_0 -> -0.1031144276881198}, {t -> 1.9, u_0_P_1 -> 0.0181156111936762, u_0_P_0 -> -0.06287415959951587, u_0_R_1 -> 0.009131737844609859, u_0_R_0 -> -0.1033079027399873}, {t -> 2.0, u_0_P_1 -> 0.01802851226646333, u_0_P_0 -> -0.06251290800227326, u_0_R_1 -> 0.009632065256243362, u_0_R_0 -> -0.10350361607381}, {t -> 2.1, u_0_P_1 -> 0.01794257175105072, u_0_P_0 -> -0.06215298578767652, u_0_R_1 -> 0.01013445423093135, u_0_R_0 -> -0.1037015809382934}, {t -> 2.2, u_0_P_1 -> 0.01785778278685546, u_0_P_0 -> -0.06179438604645485, u_0_R_1 -> 0.01063891815399019, u_0_R_0 -> -0.1039018106646562}, {t -> 2.3, u_0_P_1 -> 0.01777413855142599, u_0_P_0 -> -0.06143710190773054, u_0_R_1 -> 0.01114547049347769, u_0_R_0 -> -0.1041043186671494}, {t -> 2.4, u_0_P_1 -> 0.01769163226023097, u_0_P_0 -> -0.06108112653881086, u_0_R_1 -> 0.01165412480070515, u_0_R_0 -> -0.1043091184435717}, {t -> 2.5, u_0_P_1 -> 0.01761025716643643, u_0_P_0 -> -0.06072645314498239, u_0_R_1 -> 0.01216489471074897, u_0_R_0 -> -0.1045162235758}, {t -> 2.6, u_0_P_1 -> 0.01753000656070092, u_0_P_0 -> -0.06037307496930275, u_0_R_1 -> 0.01267779394297323, u_0_R_0 -> -0.1047256477303086}, {t -> 2.7, u_0_P_1 -> 0.01745087377095573, u_0_P_0 -> -0.06002098529240131, u_0_R_1 -> 0.01319283630154208, u_0_R_0 -> -0.1049374046587039}, {t -> 2.8, u_0_P_1 -> 0.01737285216219809, u_0_P_0 -> -0.05967017743226798, u_0_R_1 -> 0.01371003567595623, u_0_R_0 -> -0.1051515081982561}, {t -> 2.9, u_0_P_1 -> 0.01729593513627853, u_0_P_0 -> -0.05932064474405846, u_0_R_1 -> 0.01422940604156916, u_0_R_0 -> -0.1053679722724358}, {t -> 3.0, u_0_P_1 -> 0.01722011613169247, u_0_P_0 -> -0.05897238061988865, u_0_R_1 -> 0.01475096146012513, u_0_R_0 -> -0.1055868108914542}, {t -> 3.1, u_0_P_1 -> 0.01714538862337486, u_0_P_0 -> -0.05862537848863691, u_0_R_1 -> 0.0152747160802903, u_0_R_0 -> -0.1058080381528037}, {t -> 3.2, u_0_P_1 -> 0.0170717461224893, u_0_P_0 -> -0.05827963181574346, u_0_R_1 -> 0.0158006841381931, u_0_R_0 -> -0.1060316682418088}, {t -> 3.3, u_0_P_1 -> 0.01699918217622332, u_0_P_0 -> -0.05793513410301517, u_0_R_1 -> 0.01632887995796176, u_0_R_0 -> -0.1062577154321749}, {t -> 3.4, u_0_P_1 -> 0.01692769036758578, u_0_P_0 -> -0.05759187888842643, u_0_R_1 -> 0.01685931795227315, u_0_R_0 -> -0.1064861940865405}, {t -> 3.5, u_0_P_1 -> 0.0168572643152014, u_0_P_0 -> -0.05724985974592828, u_0_R_1 -> 0.01739201262289374, u_0_R_0 -> -0.1067171186570347}, {t -> 3.6, u_0_P_1 -> 0.01678789767310913, u_0_P_0 -> -0.05690907028525007, u_0_R_1 -> 0.01792697856123756, u_0_R_0 -> -0.1069505036858386}, {t -> 3.7, u_0_P_1 -> 0.0167195841305614, u_0_P_0 -> -0.05656950415170521, u_0_R_1 -> 0.01846423044892294, u_0_R_0 -> -0.1071863638057494}, {t -> 3.8, u_0_P_1 -> 0.01665231741182277, u_0_P_0 -> -0.05623115502600487, u_0_R_1 -> 0.01900378305832232, u_0_R_0 -> -0.1074247137407469}, {t -> 3.9, u_0_P_1 -> 0.0165860912759702, u_0_P_0 -> -0.05589401662406515, u_0_R_1 -> 0.01954565125312719, u_0_R_0 -> -0.107665568306566}, {t -> 4.0, u_0_P_1 -> 0.01652089951669801, u_0_P_0 -> -0.05555808269681453, u_0_R_1 -> 0.0200898499889181, u_0_R_0 -> -0.1079089424112698}, {t -> 4.100000000000001, u_0_P_1 -> 0.01645673596211879, u_0_P_0 -> -0.05522334703000755, u_0_R_1 -> 0.02063639431373013, u_0_R_0 -> -0.1081548510558288}, {t -> 4.2, u_0_P_1 -> 0.01639359447456565, u_0_P_0 -> -0.05488980344403899, u_0_R_1 -> 0.02118529936862308, u_0_R_0 -> -0.1084033093347046}, {t -> 4.3, u_0_P_1 -> 0.01633146895040133, u_0_P_0 -> -0.05455744579375481, u_0_R_1 -> 0.02173658038826159, u_0_R_0 -> -0.1086543324364321}, {t -> 4.4, u_0_P_1 -> 0.01627035331982054, u_0_P_0 -> -0.05422626796826895, u_0_R_1 -> 0.0222902527014921, u_0_R_0 -> -0.1089079356442126}, {t -> 4.5, u_0_P_1 -> 0.01621024154665865, u_0_P_0 -> -0.0538962638907776, u_0_R_1 -> 0.02284633173192864, u_0_R_0 -> -0.1091641343365053}, {t -> 4.600000000000001, u_0_P_1 -> 0.01615112762820141, u_0_P_0 -> -0.0535674275183772, u_0_R_1 -> 0.0234048329985381, u_0_R_0 -> -0.1094229439876223}, {t -> 4.7, u_0_P_1 -> 0.01609300559499259, u_0_P_0 -> -0.05323975284188168, u_0_R_1 -> 0.02396577211623237, u_0_R_0 -> -0.1096843801683314}, {t -> 4.800000000000001, u_0_P_1 -> 0.01603586951064285, u_0_P_0 -> -0.0529132338856435, u_0_R_1 -> 0.02452916479645998, u_0_R_0 -> -0.1099484585464607}, {t -> 4.9, u_0_P_1 -> 0.01597971347164409, u_0_P_0 -> -0.05258786470737054, u_0_R_1 -> 0.02509502684780924, u_0_R_0 -> -0.1102151948875053}, {t -> 5.0, u_0_P_1 -> 0.01592453160717808, u_0_P_0 -> -0.05226363939795063, u_0_R_1 -> 0.02566337417660545, u_0_R_0 -> -0.1104846050552416}, {t -> 5.100000000000001, u_0_P_1 -> 0.01587031807893481, u_0_P_0 -> -0.05194055208127259, u_0_R_1 -> 0.02623422278751776, u_0_R_0 -> -0.1107567050123375}, {t -> 5.2, u_0_P_1 -> 0.01581706708092, u_0_P_0 -> -0.05161859691404904, u_0_R_1 -> 0.02680758878417106, u_0_R_0 -> -0.1110315108209811}, {t -> 5.300000000000001, u_0_P_1 -> 0.01576477283927727, u_0_P_0 -> -0.05129776808564, u_0_R_1 -> 0.02738348836975937, u_0_R_0 -> -0.1113090386434958}, {t -> 5.4, u_0_P_1 -> 0.01571342961209819, u_0_P_0 -> -0.05097805981788218, u_0_R_1 -> 0.0279619378476579, u_0_R_0 -> -0.1115893047429734}, {t -> 5.5, u_0_P_1 -> 0.01566303168924406, u_0_P_0 -> -0.05065946636491013, u_0_R_1 -> 0.02854295362205234, u_0_R_0 -> -0.1118723254839035}, {t -> 5.600000000000001, u_0_P_1 -> 0.01561357339216086, u_0_P_0 -> -0.05034198201299022, u_0_R_1 -> 0.02912655219855346, u_0_R_0 -> -0.1121581173328083}, {t -> 5.7, u_0_P_1 -> 0.01556504907370026, u_0_P_0 -> -0.05002560108034199, u_0_R_1 -> 0.0297127501848384, u_0_R_0 -> -0.1124466968588848}, {t -> 5.800000000000001, u_0_P_1 -> 0.01551745311793942, u_0_P_0 -> -0.04971031791697259, u_0_R_1 -> 0.030301564291275, u_0_R_0 -> -0.1127380807346452}, {t -> 5.9, u_0_P_1 -> 0.01547077993999931, u_0_P_0 -> -0.04939612690450578, u_0_R_1 -> 0.03089301133156252, u_0_R_0 -> -0.1130322857365697}, {t -> 6.0, u_0_P_1 -> 0.0154250239858725, u_0_P_0 -> -0.04908302245601529, u_0_R_1 -> 0.0314871082233675, u_0_R_0 -> -0.1133293287457484}, {t -> 6.100000000000001, u_0_P_1 -> 0.0153801797322394, u_0_P_0 -> -0.04877099901585265, u_0_R_1 -> 0.03208387198897973, u_0_R_0 -> -0.11362922674855}, {t -> 6.2, u_0_P_1 -> 0.01533624168629612, u_0_P_0 -> -0.04846005105948847, u_0_R_1 -> 0.03268331975594589, u_0_R_0 -> -0.1139319968372707}, {t -> 6.300000000000001, u_0_P_1 -> 0.01529320438557758, u_0_P_0 -> -0.04815017309333882, u_0_R_1 -> 0.03328546875773856, u_0_R_0 -> -0.1142376562108066}, {t -> 6.4, u_0_P_1 -> 0.01525106239778433, u_0_P_0 -> -0.04784135965460665, u_0_R_1 -> 0.03389033633440217, u_0_R_0 -> -0.1145462221753159}, {t -> 6.5, u_0_P_1 -> 0.01520981032060762, u_0_P_0 -> -0.04753360531111608, u_0_R_1 -> 0.03449793993321937, u_0_R_0 -> -0.1148577121448955}, {t -> 6.600000000000001, u_0_P_1 -> 0.01516944278155827, u_0_P_0 -> -0.0472269046611526, u_0_R_1 -> 0.03510829710937102, u_0_R_0 -> -0.1151721436422536}, {t -> 6.7, u_0_P_1 -> 0.01512995443779304, u_0_P_0 -> -0.04692125233329483, u_0_R_1 -> 0.03572142552661995, u_0_R_0 -> -0.1154895342993997}, {t -> 6.800000000000001, u_0_P_1 -> 0.01509133997594506, u_0_P_0 -> -0.0466166429862637, u_0_R_1 -> 0.03633734295796589, u_0_R_0 -> -0.11580990185832}, {t -> 6.9, u_0_P_1 -> 0.01505359411195592, u_0_P_0 -> -0.04631307130875307, u_0_R_1 -> 0.03695606728634192, u_0_R_0 -> -0.1161332641716721}, {t -> 7.0, u_0_P_1 -> 0.01501671159090163, u_0_P_0 -> -0.04601053201928065, u_0_R_1 -> 0.03757761650528107, u_0_R_0 -> -0.11645963920348}, {t -> 7.100000000000001, u_0_P_1 -> 0.01498068718682979, u_0_P_0 -> -0.04570901986602364, u_0_R_1 -> 0.03820200871961377, u_0_R_0 -> -0.1167890450298292}, {t -> 7.2, u_0_P_1 -> 0.01494551570258976, u_0_P_0 -> -0.04540852962666417, u_0_R_1 -> 0.03882926214615644, u_0_R_0 -> -0.1171214998395725}, {t -> 7.300000000000001, u_0_P_1 -> 0.01491119196966511, u_0_P_0 -> -0.04510905610823632, u_0_R_1 -> 0.03945939511440222, u_0_R_0 -> -0.1174570219350369}, {t -> 7.4, u_0_P_1 -> 0.01487771084800918, u_0_P_0 -> -0.04481059414696609, u_0_R_1 -> 0.04009242606723105, u_0_R_0 -> -0.1177956297327388}, {t -> 7.5, u_0_P_1 -> 0.01484506722588192, u_0_P_0 -> -0.04451313860812331, u_0_R_1 -> 0.04072837356160173, u_0_R_0 -> -0.1181373417640922}, {t -> 7.600000000000001, u_0_P_1 -> 0.01481325601968288, u_0_P_0 -> -0.04421668438586512, u_0_R_1 -> 0.04136725626926996, u_0_R_0 -> -0.1184821766761392}, {t -> 7.7, u_0_P_1 -> 0.01478227217379308, u_0_P_0 -> -0.0439212264030862, u_0_R_1 -> 0.04200909297749427, u_0_R_0 -> -0.1188301532322645}, {t -> 7.800000000000001, u_0_P_1 -> 0.01475211066040615, u_0_P_0 -> -0.04362675961126503, u_0_R_1 -> 0.04265390258976389, u_0_R_0 -> -0.1191812903129405}, {t -> 7.9, u_0_P_1 -> 0.01472276647937222, u_0_P_0 -> -0.04333327899031744, u_0_R_1 -> 0.04330170412651011, u_0_R_0 -> -0.1195356069164493}, {t -> 8.0, u_0_P_1 -> 0.01469423465803511, u_0_P_0 -> -0.0430407795484455, u_0_R_1 -> 0.04395251672583887, u_0_R_0 -> -0.1198931221596282}, {t -> 8.1, u_0_P_1 -> 0.01466651025107273, u_0_P_0 -> -0.04274925632199066, u_0_R_1 -> 0.0446063596442593, u_0_R_0 -> -0.1202538552786126}, {t -> 8.200000000000001, u_0_P_1 -> 0.0146395883403398, u_0_P_0 -> -0.0424587043752837, u_0_R_1 -> 0.04526325225742463, u_0_R_0 -> -0.1206178256295846}, {t -> 8.3, u_0_P_1 -> 0.01461346403470526, u_0_P_0 -> -0.04216911880050294, u_0_R_1 -> 0.04592321406086627, u_0_R_0 -> -0.1209850526895304}, {t -> 8.4, u_0_P_1 -> 0.01458813246990133, u_0_P_0 -> -0.04188049471752598, u_0_R_1 -> 0.04658626467074049, u_0_R_0 -> -0.1213555560569902}, {t -> 8.5, u_0_P_1 -> 0.01456358880836294, u_0_P_0 -> -0.04159282727378612, u_0_R_1 -> 0.04725242382457941, u_0_R_0 -> -0.1217293554528274}, {t -> 8.6, u_0_P_1 -> 0.01453982823907193, u_0_P_0 -> -0.04130611164412561, u_0_R_1 -> 0.0479217113820529, u_0_R_0 -> -0.1221064707210015}, {t -> 8.700000000000001, u_0_P_1 -> 0.01451684597740193, u_0_P_0 -> -0.04102034303066018, u_0_R_1 -> 0.04859414732571204, u_0_R_0 -> -0.1224869218293324}, {t -> 8.8, u_0_P_1 -> 0.01449463726496773, u_0_P_0 -> -0.04073551666262903, u_0_R_1 -> 0.04926975176176879, u_0_R_0 -> -0.1228707288702814}, {t -> 8.9, u_0_P_1 -> 0.01447319736946574, u_0_P_0 -> -0.04045162779626001, u_0_R_1 -> 0.04994854492085672, u_0_R_0 -> -0.1232579120617393}, {t -> 9.0, u_0_P_1 -> 0.01445252158452885, u_0_P_0 -> -0.04016867171462808, u_0_R_1 -> 0.05063054715880136, u_0_R_0 -> -0.1236484917478006}, {t -> 9.1, u_0_P_1 -> 0.01443260522956628, u_0_P_0 -> -0.03988664372751318, u_0_R_1 -> 0.05131577895741386, u_0_R_0 -> -0.1240424883995771}, {t -> 9.200000000000001, u_0_P_1 -> 0.01441344364961941, u_0_P_0 -> -0.03960553917126537, u_0_R_1 -> 0.05200426092526021, u_0_R_0 -> -0.124439922615978}, {t -> 9.3, u_0_P_1 -> 0.01439503221520632, u_0_P_0 -> -0.03932535340866854, u_0_R_1 -> 0.05269601379845201, u_0_R_0 -> -0.1248408151245212}, {t -> 9.4, u_0_P_1 -> 0.01437736632217657, u_0_P_0 -> -0.03904608182880023, u_0_R_1 -> 0.05339105844144469, u_0_R_0 -> -0.1252451867821377}, {t -> 9.5, u_0_P_1 -> 0.01436044139155917, u_0_P_0 -> -0.03876771984689851, u_0_R_1 -> 0.05408941584783291, u_0_R_0 -> -0.1256530585759878}, {t -> 9.600000000000001, u_0_P_1 -> 0.01434425286941459, u_0_P_0 -> -0.03849026290422658, u_0_R_1 -> 0.05479110714115597, u_0_R_0 -> -0.1260644516242805}, {t -> 9.700000000000001, u_0_P_1 -> 0.01432879622668869, u_0_P_0 -> -0.03821370646793929, u_0_R_1 -> 0.0554961535757038, u_0_R_0 -> -0.1264793871770934}, {t -> 9.8, u_0_P_1 -> 0.0143140669590653, u_0_P_0 -> -0.03793804603094902, u_0_R_1 -> 0.05620457653733435, u_0_R_0 -> -0.1268978866172052}, {t -> 9.9, u_0_P_1 -> 0.01430006058682002, u_0_P_0 -> -0.03766327711179425, u_0_R_1 -> 0.05691639754429072, u_0_R_0 -> -0.1273199714609288}, {t -> 10.0, u_0_P_1 -> 0.01428677265467354, u_0_P_0 -> -0.03738939525450959, u_0_R_1 -> 0.05763163824802376, u_0_R_0 -> -0.1277456633589528}, {t -> 10.1, u_0_P_1 -> 0.01427419873165068, u_0_P_0 -> -0.03711639602849497, u_0_R_1 -> 0.0583503204340176, u_0_R_0 -> -0.128174984097178}, {t -> 10.2, u_0_P_1 -> 0.01426233441093266, u_0_P_0 -> -0.03684427502838405, u_0_R_1 -> 0.05907246602263391, u_0_R_0 -> -0.12860795559758}, {t -> 10.3, u_0_P_1 -> 0.01425117530971571, u_0_P_0 -> -0.03657302787391704, u_0_R_1 -> 0.05979809706994549, u_0_R_0 -> -0.1290445999190581}, {t -> 10.4, u_0_P_1 -> 0.01424071706906915, u_0_P_0 -> -0.03630265020981251, u_0_R_1 -> 0.06052723576858109, u_0_R_0 -> -0.129484939258296}, {t -> 10.5, u_0_P_1 -> 0.01423095535379153, u_0_P_0 -> -0.03603313770564203, u_0_R_1 -> 0.06125990444857395, u_0_R_0 -> -0.1299289959506301}, {t -> 10.6, u_0_P_1 -> 0.01422188585227101, u_0_P_0 -> -0.03576448605569928, u_0_R_1 -> 0.06199612557822774, u_0_R_0 -> -0.1303767924709258}, {t -> 10.7, u_0_P_1 -> 0.01421350427634441, u_0_P_0 -> -0.03549669097888189, u_0_R_1 -> 0.06273592176495901, u_0_R_0 -> -0.1308283514344452}, {t -> 10.8, u_0_P_1 -> 0.01420580636115734, u_0_P_0 -> -0.03522974821856002, u_0_R_1 -> 0.06347931575618221, u_0_R_0 -> -0.1312836955977408}, {t -> 10.9, u_0_P_1 -> 0.01419878786502498, u_0_P_0 -> -0.034963653542457, u_0_R_1 -> 0.06422633044016983, u_0_R_0 -> -0.1317428478595388}, {t -> 11.0, u_0_P_1 -> 0.01419244456929387, u_0_P_0 -> -0.03469840274252431, u_0_R_1 -> 0.06497698884693512, u_0_R_0 -> -0.1322058312616357}, {t -> 11.1, u_0_P_1 -> 0.01418677227820337, u_0_P_0 -> -0.03443399163482083, u_0_R_1 -> 0.06573131414911247, u_0_R_0 -> -0.1326726689897986}, {t -> 11.2, u_0_P_1 -> 0.01418176681874925, u_0_P_0 -> -0.03417041605939232, u_0_R_1 -> 0.06648932966284263, u_0_R_0 -> -0.1331433843746683}, {t -> 11.3, u_0_P_1 -> 0.01417742404054534, u_0_P_0 -> -0.03390767188014764, u_0_R_1 -> 0.06725105884867877, u_0_R_0 -> -0.1336180008926813}, {t -> 11.4, u_0_P_1 -> 0.01417373981569094, u_0_P_0 -> -0.03364575498474207, u_0_R_1 -> 0.06801652531247311, u_0_R_0 -> -0.1340965421669744}, {t -> 11.5, u_0_P_1 -> 0.01417071003863179, u_0_P_0 -> -0.03338466128445823, u_0_R_1 -> 0.06878575280628864, u_0_R_0 -> -0.1345790319683181}, {t -> 11.6, u_0_P_1 -> 0.01416833062602758, u_0_P_0 -> -0.03312438671408859, u_0_R_1 -> 0.06955876522930507, u_0_R_0 -> -0.1350654942160396}, {t -> 11.7, u_0_P_1 -> 0.0141665975166178, u_0_P_0 -> -0.03286492723181673, u_0_R_1 -> 0.0703355866287405, u_0_R_0 -> -0.1355559529789616}, {t -> 11.8, u_0_P_1 -> 0.01416550667108703, u_0_P_0 -> -0.03260627881910139, u_0_R_1 -> 0.07111624120077484, u_0_R_0 -> -0.1360504324763464}, {t -> 11.9, u_0_P_1 -> 0.01416505407193311, u_0_P_0 -> -0.03234843748056265, u_0_R_1 -> 0.07190075329147101, u_0_R_0 -> -0.1365489570788372}, {t -> 12.0, u_0_P_1 -> 0.01416523572333545, u_0_P_0 -> -0.03209139924386435, u_0_R_1 -> 0.07268914739771692, u_0_R_0 -> -0.1370515513094157}, {t -> 12.1, u_0_P_1 -> 0.01416604765101993, u_0_P_0 -> -0.03183516015960233, u_0_R_1 -> 0.0734814481681646, u_0_R_0 -> -0.1375582398443673}, {t -> 12.2, u_0_P_1 -> 0.0141674859021335, u_0_P_0 -> -0.03157971630119207, u_0_R_1 -> 0.07427768040416399, u_0_R_0 -> -0.1380690475142291}, {t -> 12.3, u_0_P_1 -> 0.01416954654510885, u_0_P_0 -> -0.03132506376475355, u_0_R_1 -> 0.07507786906073158, u_0_R_0 -> -0.1385839993047813}, {t -> 12.4, u_0_P_1 -> 0.01417222566953684, u_0_P_0 -> -0.03107119866900108, u_0_R_1 -> 0.07588203924750016, u_0_R_0 -> -0.139103120358016}, {t -> 12.5, u_0_P_1 -> 0.01417551938603649, u_0_P_0 -> -0.0308181171551337, u_0_R_1 -> 0.07669021622968006, u_0_R_0 -> -0.1396264359731214}, {t -> 12.6, u_0_P_1 -> 0.01417942382612659, u_0_P_0 -> -0.03056581538672416, u_0_R_1 -> 0.07750242542903155, u_0_R_0 -> -0.1401539716074733}, {t -> 12.7, u_0_P_1 -> 0.0141839351420972, u_0_P_0 -> -0.03031428954960888, u_0_R_1 -> 0.07831869242484418, u_0_R_0 -> -0.140685752877635}, {t -> 12.8, u_0_P_1 -> 0.01418904950688133, u_0_P_0 -> -0.03006353585178053, u_0_R_1 -> 0.07913904295491735, u_0_R_0 -> -0.141221805560361}, {t -> 12.9, u_0_P_1 -> 0.01419476311392997, u_0_P_0 -> -0.02981355052328153, u_0_R_1 -> 0.07996350291654025, u_0_R_0 -> -0.1417621555935976}, {t -> 13.0, u_0_P_1 -> 0.01420107217708389, u_0_P_0 -> -0.02956432981609573, u_0_R_1 -> 0.08079209836749476, u_0_R_0 -> -0.142306829077508}, {t -> 13.1, u_0_P_1 -> 0.01420797293044716, u_0_P_0 -> -0.0293158700040414, u_0_R_1 -> 0.08162485552706038, u_0_R_0 -> -0.1428558522754985}, {t -> 13.2, u_0_P_1 -> 0.01421546162826415, u_0_P_0 -> -0.0290681673826692, u_0_R_1 -> 0.08246180077700511, u_0_R_0 -> -0.143409251615233}, {t -> 13.3, u_0_P_1 -> 0.01422353454479115, u_0_P_0 -> -0.02882121826915546, u_0_R_1 -> 0.08330296066261338, u_0_R_0 -> -0.1439670536896849}, {t -> 13.4, u_0_P_1 -> 0.01423218797417671, u_0_P_0 -> -0.02857501900219677, u_0_R_1 -> 0.08414836189370163, u_0_R_0 -> -0.1445292852581684}, {t -> 13.5, u_0_P_1 -> 0.01424141823033257, u_0_P_0 -> -0.02832956594191139, u_0_R_1 -> 0.08499803134564012, u_0_R_0 -> -0.1450959732473944}, {t -> 13.6, u_0_P_1 -> 0.0142512216468139, u_0_P_0 -> -0.02808485546973429, u_0_R_1 -> 0.0858519960603874, u_0_R_0 -> -0.1456671447525212}, {t -> 13.7, u_0_P_1 -> 0.01426159457669545, u_0_P_0 -> -0.02784088398831574, u_0_R_1 -> 0.08671028324753122, u_0_R_0 -> -0.1462428270382204}, {t -> 13.8, u_0_P_1 -> 0.01427253339244965, u_0_P_0 -> -0.02759764792142159, u_0_R_1 -> 0.08757292028532959, u_0_R_0 -> -0.1468230475397429}, {t -> 13.9, u_0_P_1 -> 0.01428403448582278, u_0_P_0 -> -0.02735514371383381, u_0_R_1 -> 0.08843993472176587, u_0_R_0 -> -0.1474078338640004}, {t -> 14.0, u_0_P_1 -> 0.01429609426771713, u_0_P_0 -> -0.02711336783124909, u_0_R_1 -> 0.08931135427560721, u_0_R_0 -> -0.1479972137906427}, {t -> 14.1, u_0_P_1 -> 0.01430870916806748, u_0_P_0 -> -0.02687231676018243, u_0_R_1 -> 0.09018720683746916, u_0_R_0 -> -0.1485912152731524}, {t -> 14.2, u_0_P_1 -> 0.01432187563572252, u_0_P_0 -> -0.0266319870078698, u_0_R_1 -> 0.0910675204708817, u_0_R_0 -> -0.1491898664399342}, {t -> 14.3, u_0_P_1 -> 0.01433559013832359, u_0_P_0 -> -0.02639237510217042, u_0_R_1 -> 0.09195232341337467, u_0_R_0 -> -0.1497931955954267}, {t -> 14.4, u_0_P_1 -> 0.01434984916218541, u_0_P_0 -> -0.02615347759147097, u_0_R_1 -> 0.09284164407756137, u_0_R_0 -> -0.150401231221212}, {t -> 14.5, u_0_P_1 -> 0.01436464921217908, u_0_P_0 -> -0.02591529104459007, u_0_R_1 -> 0.09373551105222645, u_0_R_0 -> -0.1510140019771276}, {t -> 14.6, u_0_P_1 -> 0.01437998681161163, u_0_P_0 -> -0.02567781205068533, u_0_R_1 -> 0.09463395310342322, u_0_R_0 -> -0.151631536702394}, {t -> 14.7, u_0_P_1 -> 0.01439585850210858, u_0_P_0 -> -0.02544103721915622, u_0_R_1 -> 0.09553699917559087, u_0_R_0 -> -0.1522538644167549}, {t -> 14.8, u_0_P_1 -> 0.01441226084349742, u_0_P_0 -> -0.02520496317955438, u_0_R_1 -> 0.0964446783926511, u_0_R_0 -> -0.1528810143216033}, {t -> 14.9, u_0_P_1 -> 0.01442919041368893, u_0_P_0 -> -0.02496958658149022, u_0_R_1 -> 0.09735702005913549, u_0_R_0 -> -0.1535130158011369}, {t -> 15.0, u_0_P_1 -> 0.01444664380856163, u_0_P_0 -> -0.02473490409454113, u_0_R_1 -> 0.09827405366131034, u_0_R_0 -> -0.1541498984235098}, {t -> 15.1, u_0_P_1 -> 0.01446461764184675, u_0_P_0 -> -0.02450091240815967, u_0_R_1 -> 0.09919580886831031, u_0_R_0 -> -0.1547916919419913}, {t -> 15.2, u_0_P_1 -> 0.0144831085450092, u_0_P_0 -> -0.02426760823158691, u_0_R_1 -> 0.1001223155332743, u_0_R_0 -> -0.1554384262961384}, {t -> 15.3, u_0_P_1 -> 0.01450211316713561, u_0_P_0 -> -0.02403498829375889, u_0_R_1 -> 0.1010536036945004, u_0_R_0 -> -0.1560901316129707}, {t -> 15.4, u_0_P_1 -> 0.01452162817481828, u_0_P_0 -> -0.02380304934322331, u_0_R_1 -> 0.1019897035765816, u_0_R_0 -> -0.1567468382081428}, {t -> 15.5, u_0_P_1 -> 0.01454165025204018, u_0_P_0 -> -0.02357178814804455, u_0_R_1 -> 0.1029306455915998, u_0_R_0 -> -0.1574085765871601}, {t -> 15.6, u_0_P_1 -> 0.01456217610006132, u_0_P_0 -> -0.02334120149572528, u_0_R_1 -> 0.1038764603402551, u_0_R_0 -> -0.1580753774465484}, {t -> 15.7, u_0_P_1 -> 0.01458320243730506, u_0_P_0 -> -0.02311128619311313, u_0_R_1 -> 0.1048271786130733, u_0_R_0 -> -0.1587472716750822}, {t -> 15.8, u_0_P_1 -> 0.01460472599924635, u_0_P_0 -> -0.02288203906631789, u_0_R_1 -> 0.1057828313915714, u_0_R_0 -> -0.1594242903549841}, {t -> 15.9, u_0_P_1 -> 0.01462674353829531, u_0_P_0 -> -0.02265345696062793, u_0_R_1 -> 0.1067434498494542, u_0_R_0 -> -0.1601064647631571}, {t -> 16.0, u_0_P_1 -> 0.01464925182368874, u_0_P_0 -> -0.02242553674042429, u_0_R_1 -> 0.107709065353808, u_0_R_0 -> -0.160793826372403}, {t -> 16.1, u_0_P_1 -> 0.01467224764137583, u_0_P_0 -> -0.02219827528909946, u_0_R_1 -> 0.1086797094663025, u_0_R_0 -> -0.161486406852662}, {t -> 16.2, u_0_P_1 -> 0.01469572779390713, u_0_P_0 -> -0.02197166950897236, u_0_R_1 -> 0.1096554139444125, u_0_R_0 -> -0.1621842380722627}, {t -> 16.3, u_0_P_1 -> 0.01471968910032311, u_0_P_0 -> -0.02174571632120912, u_0_R_1 -> 0.1106362107426267, u_0_R_0 -> -0.1628873520991666}, {t -> 16.4, u_0_P_1 -> 0.0147441283960433, u_0_P_0 -> -0.021520412665739, u_0_R_1 -> 0.1116221320136877, u_0_R_0 -> -0.1635957812022384}, {t -> 16.5, u_0_P_1 -> 0.01476904253275624, u_0_P_0 -> -0.02129575550117704, u_0_R_1 -> 0.1126132101098124, u_0_R_0 -> -0.1643095578525021}, {t -> 16.6, u_0_P_1 -> 0.01479442837830778, u_0_P_0 -> -0.02107174180474508, u_0_R_1 -> 0.1136094775839352, u_0_R_0 -> -0.165028714724421}, {t -> 16.7, u_0_P_1 -> 0.01482028281659355, u_0_P_0 -> -0.02084836857218863, u_0_R_1 -> 0.1146109671909709, u_0_R_0 -> -0.1657532846971876}, {t -> 16.8, u_0_P_1 -> 0.01484660274744673, u_0_P_0 -> -0.0206256328177028, u_0_R_1 -> 0.1156177118890626, u_0_R_0 -> -0.1664833008560138}, {t -> 16.9, u_0_P_1 -> 0.01487338508653142, u_0_P_0 -> -0.02040353157385418, u_0_R_1 -> 0.1166297448408414, u_0_R_0 -> -0.1672187964934222}, {t -> 17.0, u_0_P_1 -> 0.01490062676523204, u_0_P_0 -> -0.02018206189150402, u_0_R_1 -> 0.1176470994147063, u_0_R_0 -> -0.167959805110564}, {t -> 17.1, u_0_P_1 -> 0.0149283247305461, u_0_P_0 -> -0.01996122083973218, u_0_R_1 -> 0.1186698091861014, u_0_R_0 -> -0.1687063604185303}, {t -> 17.2, u_0_P_1 -> 0.01495647594497487, u_0_P_0 -> -0.01974100550576327, u_0_R_1 -> 0.1196979079388018, u_0_R_0 -> -0.1694584963396778}, {t -> 17.3, u_0_P_1 -> 0.0149850773864166, u_0_P_0 -> -0.0195214129948914, u_0_R_1 -> 0.1207314296662106, u_0_R_0 -> -0.1702162470089603}, {t -> 17.4, u_0_P_1 -> 0.01501412604805842, u_0_P_0 -> -0.01930244043040657, u_0_R_1 -> 0.121770408572664, u_0_R_0 -> -0.170979646775273}, {t -> 17.5, u_0_P_1 -> 0.01504361893826862, u_0_P_0 -> -0.01908408495352232, u_0_R_1 -> 0.1228148790747432, u_0_R_0 -> -0.1717487302028028}, {t -> 17.6, u_0_P_1 -> 0.01507355308049086, u_0_P_0 -> -0.01886634372330395, u_0_R_1 -> 0.1238648758025871, u_0_R_0 -> -0.1725235320723793}, {t -> 17.7, u_0_P_1 -> 0.01510392551313604, u_0_P_0 -> -0.01864921391659728, u_0_R_1 -> 0.1249204336012251, u_0_R_0 -> -0.1733040873828486}, {t -> 17.8, u_0_P_1 -> 0.01513473328947875, u_0_P_0 -> -0.01843269272795681, u_0_R_1 -> 0.1259815875319079, u_0_R_0 -> -0.174090431352439}, {t -> 17.9, u_0_P_1 -> 0.0151659734775473, u_0_P_0 -> -0.01821677736957873, u_0_R_1 -> 0.1270483728734512, u_0_R_0 -> -0.1748825994201527}, {t -> 18.0, u_0_P_1 -> 0.01519764316002069, u_0_P_0 -> -0.01800146507122946, u_0_R_1 -> 0.1281208251235885, u_0_R_0 -> -0.1756806272471537}, {t -> 18.1, u_0_P_1 -> 0.01522973943412224, u_0_P_0 -> -0.01778675308017855, u_0_R_1 -> 0.129198980000327, u_0_R_0 -> -0.1764845507181672}, {t -> 18.2, u_0_P_1 -> 0.01526225941151522, u_0_P_0 -> -0.01757263866113123, u_0_R_1 -> 0.1302828734433104, u_0_R_0 -> -0.1772944059428837}, {t -> 18.3, u_0_P_1 -> 0.01529520021819594, u_0_P_0 -> -0.01735911909616169, u_0_R_1 -> 0.1313725416152024, u_0_R_0 -> -0.1781102292573865}, {t -> 18.4, u_0_P_1 -> 0.01532855899439014, u_0_P_0 -> -0.01714619168464631, u_0_R_1 -> 0.1324680209030689, u_0_R_0 -> -0.1789320572255758}, {t -> 18.5, u_0_P_1 -> 0.01536233289444982, u_0_P_0 -> -0.01693385374320002, u_0_R_1 -> 0.1335693479197545, u_0_R_0 -> -0.179759926640588}, {t -> 18.6, u_0_P_1 -> 0.01539651908674626, u_0_P_0 -> -0.01672210260561006, u_0_R_1 -> 0.1346765595053041, u_0_R_0 -> -0.1805938745262638}, {t -> 18.7, u_0_P_1 -> 0.01543111475356773, u_0_P_0 -> -0.01651093562277538, u_0_R_1 -> 0.1357896927283444, u_0_R_0 -> -0.1814339381385751}, {t -> 18.8, u_0_P_1 -> 0.01546611709101571, u_0_P_0 -> -0.01630035016264031, u_0_R_1 -> 0.13690878488752, u_0_R_0 -> -0.1822801549671028}, {t -> 18.9, u_0_P_1 -> 0.01550152330890051, u_0_P_0 -> -0.01609034361013535, u_0_R_1 -> 0.1380338735129025, u_0_R_0 -> -0.1831325627364968}, {t -> 19.0, u_0_P_1 -> 0.01553733063063894, u_0_P_0 -> -0.01588091336711339, u_0_R_1 -> 0.1391649963674334, u_0_R_0 -> -0.1839911994079605}, {t -> 19.1, u_0_P_1 -> 0.0155735362931493, u_0_P_0 -> -0.01567205685229152, u_0_R_1 -> 0.1403021914483576, u_0_R_0 -> -0.1848561031807378}, {t -> 19.2, u_0_P_1 -> 0.01561013754675072, u_0_P_0 -> -0.01546377150118877, u_0_R_1 -> 0.1414454969886765, u_0_R_0 -> -0.1857273124936076}, {t -> 19.3, u_0_P_1 -> 0.01564713165505894, u_0_P_0 -> -0.01525605476607062, u_0_R_1 -> 0.1425949514585892, u_0_R_0 -> -0.1866048660263799}, {t -> 19.4, u_0_P_1 -> 0.01568451589488458, u_0_P_0 -> -0.01504890411588814, u_0_R_1 -> 0.1437505935669701, u_0_R_0 -> -0.1874888027014185}, {t -> 19.5, u_0_P_1 -> 0.01572228755612959, u_0_P_0 -> -0.01484231703622002, u_0_R_1 -> 0.1449124622628516, u_0_R_0 -> -0.1883791616851744}, {t -> 19.6, u_0_P_1 -> 0.0157604439416858, u_0_P_0 -> -0.01463629102921897, u_0_R_1 -> 0.1460805967368811, u_0_R_0 -> -0.1892759823896957}, {t -> 19.7, u_0_P_1 -> 0.01579898236733344, u_0_P_0 -> -0.01443082361355287, u_0_R_1 -> 0.1472550364228281, u_0_R_0 -> -0.190179304474183}, {t -> 19.8, u_0_P_1 -> 0.01583790016163784, u_0_P_0 -> -0.01422591232435243, u_0_R_1 -> 0.1484358209990716, u_0_R_0 -> -0.1910891678465323}, {t -> 19.9, u_0_P_1 -> 0.01587719466584923, u_0_P_0 -> -0.01402155471315416, u_0_R_1 -> 0.1496229903901165, u_0_R_0 -> -0.1920056126648997}, {t -> 20.0, u_0_P_1 -> 0.01591686323379958, u_0_P_0 -> -0.01381774834785017, u_0_R_1 -> 0.1508165847680947, u_0_R_0 -> -0.1929286793392621}, {t -> 20.1, u_0_P_1 -> 0.01595690323180205, u_0_P_0 -> -0.01361449081263378, u_0_R_1 -> 0.1520166445542951, u_0_R_0 -> -0.193858408532997}, {t -> 20.2, u_0_P_1 -> 0.01599731203854971, u_0_P_0 -> -0.01341177970794606, u_0_R_1 -> 0.1532232104207063, u_0_R_0 -> -0.19479484116448}, {t -> 20.3, u_0_P_1 -> 0.01603808704501375, u_0_P_0 -> -0.01320961265042807, u_0_R_1 -> 0.1544363232915363, u_0_R_0 -> -0.1957380184086633}, {t -> 20.4, u_0_P_1 -> 0.01607922565434384, u_0_P_0 -> -0.01300798727286967, u_0_R_1 -> 0.1556560243447591, u_0_R_0 -> -0.1966879816986767}, {t -> 20.5, u_0_P_1 -> 0.01612072528176537, u_0_P_0 -> -0.01280690122415867, u_0_R_1 -> 0.1568823550136918, u_0_R_0 -> -0.1976447727274621}, {t -> 20.6, u_0_P_1 -> 0.01616258335447886, u_0_P_0 -> -0.0126063521692337, u_0_R_1 -> 0.1581153569885476, u_0_R_0 -> -0.1986084334493863}, {t -> 20.7, u_0_P_1 -> 0.01620479731155976, u_0_P_0 -> -0.01240633778903738, u_0_R_1 -> 0.1593550722179984, u_0_R_0 -> -0.1995790060818624}, {t -> 20.8, u_0_P_1 -> 0.01624736460385863, u_0_P_0 -> -0.01220685578046655, u_0_R_1 -> 0.1606015429107716, u_0_R_0 -> -0.2005565331070026}, {t -> 20.9, u_0_P_1 -> 0.01629028269389831, u_0_P_0 -> -0.01200790385632974, u_0_R_1 -> 0.1618548115372269, u_0_R_0 -> -0.2015410572732619}, {t -> 21.0, u_0_P_1 -> 0.01633354905577532, u_0_P_0 -> -0.01180947974529893, u_0_R_1 -> 0.1631149208309646, u_0_R_0 -> -0.2025326215971019}, {t -> 21.1, u_0_P_1 -> 0.01637716117505804, u_0_P_0 -> -0.01161158119186731, u_0_R_1 -> 0.1643819137904243, u_0_R_0 -> -0.2035312693646568}, {t -> 21.2, u_0_P_1 -> 0.01642111654868765, u_0_P_0 -> -0.01141420595630512, u_0_R_1 -> 0.1656558336804942, u_0_R_0 -> -0.2045370441334025}, {t -> 21.3, u_0_P_1 -> 0.01646541268487615, u_0_P_0 -> -0.01121735181461559, u_0_R_1 -> 0.1669367240341555, u_0_R_0 -> -0.205549989733866}, {t -> 21.4, u_0_P_1 -> 0.01651004710300762, u_0_P_0 -> -0.01102101655849662, u_0_R_1 -> 0.1682246286540745, u_0_R_0 -> -0.2065701502712846}, {t -> 21.5, u_0_P_1 -> 0.01655501733353706, u_0_P_0 -> -0.01082519799529484, u_0_R_1 -> 0.1695195916142866, u_0_R_0 -> -0.2075975701273508}, {t -> 21.6, u_0_P_1 -> 0.01660032091788986, u_0_P_0 -> -0.01062989394797127, u_0_R_1 -> 0.1708216572617991, u_0_R_0 -> -0.2086322939618896}, {t -> 21.7, u_0_P_1 -> 0.01664595540836187, u_0_P_0 -> -0.01043510225505781, u_0_R_1 -> 0.1721308702182776, u_0_R_0 -> -0.2096743667146065}, {t -> 21.8, u_0_P_1 -> 0.01669191836801918, u_0_P_0 -> -0.01024082077062017, u_0_R_1 -> 0.1734472753816996, u_0_R_0 -> -0.2107238336068118}, {t -> 21.9, u_0_P_1 -> 0.01673820737059796, u_0_P_0 -> -0.01004704736422133, u_0_R_1 -> 0.1747709179280163, u_0_R_0 -> -0.2117807401431534}, {t -> 22.0, u_0_P_1 -> 0.01678482000040449, u_0_P_0 -> -0.009853779920884126, u_0_R_1 -> 0.1761018433128363, u_0_R_0 -> -0.2128451321133693}, {t -> 22.1, u_0_P_1 -> 0.01683175385221337, u_0_P_0 -> -0.009661016341055645, u_0_R_1 -> 0.1774400972731233, u_0_R_0 -> -0.2139170555940592}, {t -> 22.2, u_0_P_1 -> 0.01687900653116926, u_0_P_0 -> -0.009468754540572664, u_0_R_1 -> 0.1787857258288735, u_0_R_0 -> -0.2149965569504329}, {t -> 22.3, u_0_P_1 -> 0.01692657565268518, u_0_P_0 -> -0.00927699245062745, u_0_R_1 -> 0.1801387752848305, u_0_R_0 -> -0.2160836828380998}, {t -> 22.4, u_0_P_1 -> 0.01697445884234234, u_0_P_0 -> -0.009085728017735942, u_0_R_1 -> 0.1814992922321853, u_0_R_0 -> -0.2171784802048449}, {t -> 22.5, u_0_P_1 -> 0.01702265373578968, u_0_P_0 -> -0.008894959203705059, u_0_R_1 -> 0.1828673235502976, u_0_R_0 -> -0.2182809962924258}, {t -> 22.6, u_0_P_1 -> 0.01707115797864332, u_0_P_0 -> -0.008704683985600595, u_0_R_1 -> 0.1842429164084322, u_0_R_0 -> -0.2193912786383848}, {t -> 22.7, u_0_P_1 -> 0.01711996922638674, u_0_P_0 -> -0.008514900355718476, u_0_R_1 -> 0.1856261182674727, u_0_R_0 -> -0.2205093750778413}, {t -> 22.8, u_0_P_1 -> 0.01716908514426875, u_0_P_0 -> -0.008325606321556071, u_0_R_1 -> 0.1870169768816658, u_0_R_0 -> -0.2216353337453184}, {t -> 22.9, u_0_P_1 -> 0.01721850340720378, u_0_P_0 -> -0.008136799905781504, u_0_R_1 -> 0.1884155403003851, u_0_R_0 -> -0.2227692030765826}, {t -> 23.0, u_0_P_1 -> 0.01726822169967002, u_0_P_0 -> -0.007948479146208604, u_0_R_1 -> 0.1898218568698715, u_0_R_0 -> -0.22391103181047}, {t -> 23.1, u_0_P_1 -> 0.01731823771560943, u_0_P_0 -> -0.007760642095770409, u_0_R_1 -> 0.1912359752349874, u_0_R_0 -> -0.2250608689907218}, {t -> 23.2, u_0_P_1 -> 0.01736854915832571, u_0_P_0 -> -0.007573286822492514, u_0_R_1 -> 0.1926579443410072, u_0_R_0 -> -0.2262187639678592}, {t -> 23.3, u_0_P_1 -> 0.01741915374038454, u_0_P_0 -> -0.00738641140946938, u_0_R_1 -> 0.1940878134353714, u_0_R_0 -> -0.2273847664010213}, {t -> 23.4, u_0_P_1 -> 0.01747004918350997, u_0_P_0 -> -0.007200013954841536, u_0_R_1 -> 0.1955256320694845, u_0_R_0 -> -0.2285589262598529}, {t -> 23.5, u_0_P_1 -> 0.01752123321848489, u_0_P_0 -> -0.007014092571772223, u_0_R_1 -> 0.1969714501004939, u_0_R_0 -> -0.2297412938263688}, {t -> 23.6, u_0_P_1 -> 0.01757270358504751, u_0_P_0 -> -0.006828645388426879, u_0_R_1 -> 0.1984253176930937, u_0_R_0 -> -0.2309319196968486}, {t -> 23.7, u_0_P_1 -> 0.01762445803179054, u_0_P_0 -> -0.00664367054795223, u_0_R_1 -> 0.1998872853213227, u_0_R_0 -> -0.2321308547837246}, {t -> 23.8, u_0_P_1 -> 0.01767649431605931, u_0_P_0 -> -0.006459166208457096, u_0_R_1 -> 0.2013574037703681, u_0_R_0 -> -0.2333381503174768}, {t -> 23.9, u_0_P_1 -> 0.01772881020384917, u_0_P_0 -> -0.006275130542992707, u_0_R_1 -> 0.2028357241383988, u_0_R_0 -> -0.2345538578485583}, {t -> 24.0, u_0_P_1 -> 0.01778140346970242, u_0_P_0 -> -0.006091561739538571, u_0_R_1 -> 0.2043222978383558, u_0_R_0 -> -0.2357780292492849}, {t -> 24.1, u_0_P_1 -> 0.01783427189660599, u_0_P_0 -> -0.005908458000983961, u_0_R_1 -> 0.2058171765998002, u_0_R_0 -> -0.2370107167157758}, {t -> 24.2, u_0_P_1 -> 0.01788741327588936, u_0_P_0 -> -0.00572581754511171, u_0_R_1 -> 0.2073204124707467, u_0_R_0 -> -0.2382519727698827}, {t -> 24.3, u_0_P_1 -> 0.01794082540711915, u_0_P_0 -> -0.005543638604587995, u_0_R_1 -> 0.2088320578194819, u_0_R_0 -> -0.239501850261114}, {t -> 24.4, u_0_P_1 -> 0.01799450609799778, u_0_P_0 -> -0.005361919426945727, u_0_R_1 -> 0.2103521653364223, u_0_R_0 -> -0.2407604023685867}, {t -> 24.5, u_0_P_1 -> 0.01804845316425923, u_0_P_0 -> -0.005180658274572925, u_0_R_1 -> 0.2118807880359649, u_0_R_0 -> -0.2420276826029802}, {t -> 24.6, u_0_P_1 -> 0.01810266442956454, u_0_P_0 -> -0.004999853424705013, u_0_R_1 -> 0.2134179792583101, u_0_R_0 -> -0.2433037448084663}, {t -> 24.7, u_0_P_1 -> 0.01815713772539755, u_0_P_0 -> -0.00481950316941092, u_0_R_1 -> 0.2149637926713643, u_0_R_0 -> -0.2445886431647126}, {t -> 24.8, u_0_P_1 -> 0.01821187089096041, u_0_P_0 -> -0.004639605815588089, u_0_R_1 -> 0.2165182822725583, u_0_R_0 -> -0.2458824321888114}, {t -> 24.9, u_0_P_1 -> 0.01826686177306903, u_0_P_0 -> -0.004460159684952243, u_0_R_1 -> 0.2180815023907403, u_0_R_0 -> -0.2471851667372773}, {t -> 25.0, u_0_P_1 -> 0.01832210822604672, u_0_P_0 -> -0.004281163114033182, u_0_R_1 -> 0.2196535076880339, u_0_R_0 -> -0.248496902008019}, {t -> 25.1, u_0_P_1 -> 0.01837760811162008, u_0_P_0 -> -0.004102614454168196, u_0_R_1 -> 0.2212343531617093, u_0_R_0 -> -0.2498176935423184}, {t -> 25.2, u_0_P_1 -> 0.01843335929881214, u_0_P_0 -> -0.003924512071499183, u_0_R_1 -> 0.222824094146057, u_0_R_0 -> -0.2511475972268205}, {t -> 25.3, u_0_P_1 -> 0.01848935966383524, u_0_P_0 -> -0.003746854346969679, u_0_R_1 -> 0.2244227863142765, u_0_R_0 -> -0.252486669295537}, {t -> 25.4, u_0_P_1 -> 0.01854560708998619, u_0_P_0 -> -0.003569639676322578, u_0_R_1 -> 0.2260304856803451, u_0_R_0 -> -0.2538349663318301}, {t -> 25.5, u_0_P_1 -> 0.01860209946753751, u_0_P_0 -> -0.003392866470100581, u_0_R_1 -> 0.2276472486009098, u_0_R_0 -> -0.2551925452704245}, {t -> 25.6, u_0_P_1 -> 0.01865883469363049, u_0_P_0 -> -0.00321653315364719, u_0_R_1 -> 0.2292731317771642, u_0_R_0 -> -0.2565594633994051}, {t -> 25.7, u_0_P_1 -> 0.018715810672167, u_0_P_0 -> -0.003040638167108064, u_0_R_1 -> 0.2309081922567485, u_0_R_0 -> -0.2579357783622387}, {t -> 25.8, u_0_P_1 -> 0.01877302531370131, u_0_P_0 -> -0.002865179965434251, u_0_R_1 -> 0.2325524874356354, u_0_R_0 -> -0.2593215481597832}, {t -> 25.9, u_0_P_1 -> 0.01883047653533121, u_0_P_0 -> -0.00269015701838833, u_0_R_1 -> 0.2342060750599992, u_0_R_0 -> -0.260716831152285}, {t -> 26.0, u_0_P_1 -> 0.01888816226058766, u_0_P_0 -> -0.002515567810549638, u_0_R_1 -> 0.2358690132281287, u_0_R_0 -> -0.2621216860614198}, {t -> 26.1, u_0_P_1 -> 0.01894608041932686, u_0_P_0 -> -0.002341410841319893, u_0_R_1 -> 0.237541360392312, u_0_R_0 -> -0.2635361719723043}, {t -> 26.2, u_0_P_1 -> 0.01900422894761768, u_0_P_0 -> -0.002167684624934709, u_0_R_1 -> 0.2392231753607156, u_0_R_0 -> -0.2649603483355123}, {t -> 26.3, u_0_P_1 -> 0.01906260578763214, u_0_P_0 -> -0.001994387690471912, u_0_R_1 -> 0.2409145172992736, u_0_R_0 -> -0.2663942749690956}, {t -> 26.4, u_0_P_1 -> 0.01912120888753388, u_0_P_0 -> -0.001821518581861649, u_0_R_1 -> 0.2426154457335954, u_0_R_0 -> -0.2678380120606264}, {t -> 26.5, u_0_P_1 -> 0.01918003620136534, u_0_P_0 -> -0.001649075857901522, u_0_R_1 -> 0.2443260205508234, u_0_R_0 -> -0.2692916201691969}, {t -> 26.6, u_0_P_1 -> 0.01923908568893618, u_0_P_0 -> -0.001477058092269076, u_0_R_1 -> 0.2460463020015244, u_0_R_0 -> -0.2707551602274498}, {t -> 26.7, u_0_P_1 -> 0.01929835531570901, u_0_P_0 -> -0.001305463873536892, u_0_R_1 -> 0.2477763507015892, u_0_R_0 -> -0.2722286935436202}, {t -> 26.8, u_0_P_1 -> 0.0193578430526868, u_0_P_0 -> -0.001134291805190603, u_0_R_1 -> 0.2495162276340752, u_0_R_0 -> -0.2737122818035239}, {t -> 26.9, u_0_P_1 -> 0.01941754687629766, u_0_P_0 -> -0.000963540505646188, u_0_R_1 -> 0.2512659941511055, u_0_R_0 -> -0.2752059870726039}, {t -> 27.0, u_0_P_1 -> 0.01947746476827987, u_0_P_0 -> -0.000793208608270756, u_0_R_1 -> 0.2530257119757167, u_0_R_0 -> -0.2767098717979288}, {t -> 27.1, u_0_P_1 -> 0.01953759471556621, u_0_P_0 -> -0.000623294761402353, u_0_R_1 -> 0.2547954432037451, u_0_R_0 -> -0.2782239988102297}, {t -> 27.2, u_0_P_1 -> 0.01959793471016785, u_0_P_0 -> -0.000453797628373371, u_0_R_1 -> 0.2565752503056654, u_0_R_0 -> -0.2797484313258937}, {t -> 27.3, u_0_P_1 -> 0.01965848274905673, u_0_P_0 -> -0.000284715887535693, u_0_R_1 -> 0.2583651961284339, u_0_R_0 -> -0.2812832329489661}, {t -> 27.4, u_0_P_1 -> 0.01971923683404822, u_0_P_0 -> -0.0001160482322844503, u_0_R_1 -> 0.2601653438973582, u_0_R_0 -> -0.2828284676731763}, {t -> 27.5, u_0_P_1 -> 0.01978019497168211, u_0_P_0 -> 5.22066289124301e-05, u_0_R_1 -> 0.2619757572179, u_0_R_0 -> -0.2843841998839061}, {t -> 27.6, u_0_P_1 -> 0.01984135517310388, u_0_P_0 -> 0.0002200499724881062, u_0_R_1 -> 0.263796500077536, u_0_R_0 -> -0.2859504943602115}, {t -> 27.7, u_0_P_1 -> 0.01990271545394376, u_0_P_0 -> 0.000387483059742864, u_0_R_1 -> 0.2656276368475315, u_0_R_0 -> -0.2875274162767685}, {t -> 27.8, u_0_P_1 -> 0.019964273834196, u_0_P_0 -> 0.000554507136814179, u_0_R_1 -> 0.2674692322847784, u_0_R_0 -> -0.2891150312058782}, {t -> 27.9, u_0_P_1 -> 0.02002602833809807, u_0_P_0 -> 0.000721123434643841, u_0_R_1 -> 0.2693213515335892, u_0_R_0 -> -0.2907134051194314}, {t -> 28.0, u_0_P_1 -> 0.02008797699400695, u_0_P_0 -> 0.000887333168939718, u_0_R_1 -> 0.271184060127451, u_0_R_0 -> -0.2923226043908435}, {t -> 28.1, u_0_P_1 -> 0.02015011783427616, u_0_P_0 -> 0.00105313754014121, u_0_R_1 -> 0.273057423990828, u_0_R_0 -> -0.2939426957970308}, {t -> 28.2, u_0_P_1 -> 0.02021244889513102, u_0_P_0 -> 0.001218537733378133, u_0_R_1 -> 0.2749415094408854, u_0_R_0 -> -0.2955737465203195}, {t -> 28.3, u_0_P_1 -> 0.0202749682165439, u_0_P_0 -> 0.001383534918432685, u_0_R_1 -> 0.2768363831892635, u_0_R_0 -> -0.2972158241504005}, {t -> 28.4, u_0_P_1 -> 0.02033767384210794, u_0_P_0 -> 0.00154813024969527, u_0_R_1 -> 0.2787421123437743, u_0_R_0 -> -0.2988689966862151}, {t -> 28.5, u_0_P_1 -> 0.0204005638189094, u_0_P_0 -> 0.001712324866120598, u_0_R_1 -> 0.2806587644101148, u_0_R_0 -> -0.3005333325378592}, {t -> 28.6, u_0_P_1 -> 0.02046363619740022, u_0_P_0 -> 0.001876119891181991, u_0_R_1 -> 0.2825864072935517, u_0_R_0 -> -0.3022089005284603}, {t -> 28.7, u_0_P_1 -> 0.02052688903126848, u_0_P_0 -> 0.002039516432823515, u_0_R_1 -> 0.2845251093005945, u_0_R_0 -> -0.3038957698960478}, {t -> 28.8, u_0_P_1 -> 0.02059032037730792, u_0_P_0 -> 0.002202515583410334, u_0_R_1 -> 0.2864749391406486, u_0_R_0 -> -0.3055940102954061}, {t -> 28.9, u_0_P_1 -> 0.02065392829528742, u_0_P_0 -> 0.002365118419677211, u_0_R_1 -> 0.2884359659276288, u_0_R_0 -> -0.3073036917998903}, {t -> 29.0, u_0_P_1 -> 0.02071771084781814, u_0_P_0 -> 0.002527326002674821, u_0_R_1 -> 0.2904082591815701, u_0_R_0 -> -0.3090248849032445}, {t -> 29.1, u_0_P_1 -> 0.02078166610021977, u_0_P_0 -> 0.002689139377713778, u_0_R_1 -> 0.2923918888301993, u_0_R_0 -> -0.3107576605213842}, {t -> 29.2, u_0_P_1 -> 0.02084579212038696, u_0_P_0 -> 0.002850559574308093, u_0_R_1 -> 0.294386925210486, u_0_R_0 -> -0.3125020899941581}, {t -> 29.3, u_0_P_1 -> 0.02091008697865289, u_0_P_0 -> 0.003011587606115162, u_0_R_1 -> 0.2963934390701706, u_0_R_0 -> -0.3142582450870949}, {t -> 29.4, u_0_P_1 -> 0.02097454874765248, u_0_P_0 -> 0.003172224470874558, u_0_R_1 -> 0.2984115015692601, u_0_R_0 -> -0.3160261979931189}, {t -> 29.5, u_0_P_1 -> 0.02103917550218424, u_0_P_0 -> 0.003332471150344086, u_0_R_1 -> 0.3004411842814874, u_0_R_0 -> -0.3178060213342336}, {t -> 29.6, u_0_P_1 -> 0.02110396531907089, u_0_P_0 -> 0.003492328610233936, u_0_R_1 -> 0.3024825591957394, u_0_R_0 -> -0.3195977881631784}, {t -> 29.7, u_0_P_1 -> 0.02116891627701836, u_0_P_0 -> 0.003651797800139317, u_0_R_1 -> 0.3045356987174705, u_0_R_0 -> -0.321401571965073}, {t -> 29.8, u_0_P_1 -> 0.02123402645647458, u_0_P_0 -> 0.003810879653469192, u_0_R_1 -> 0.3066006756700281, u_0_R_0 -> -0.3232174466589794}, {t -> 29.9, u_0_P_1 -> 0.02129929393948534, u_0_P_0 -> 0.003969575087376058, u_0_R_1 -> 0.308677563296028, u_0_R_0 -> -0.3250454865995152}, {t -> 30.0, u_0_P_1 -> 0.02136471680955009, u_0_P_0 -> 0.004127885002678897, u_0_R_1 -> 0.3107664352585867, u_0_R_0 -> -0.3268857665783321}]
X at first pt of timeseries: [0.139111289632136, 0.0493994257767459, 0.172768342440483, 0.416986163120093]
Adaptive dynamics cut short by extinction at {t -> 12.0, u_0_P_1 -> 0.01416523572333545, u_0_P_0 -> -0.03209139924386435, u_0_R_1 -> 0.07268914739771692, u_0_R_0 -> -0.1370515513094157}
[{t -> 0, u_0_P_1 -> 0.0200000000000000, u_0_P_0 -> -0.0700000000000000, u_0_R_1 -> 0, u_0_R_0 -> -0.100000000000000}, {t -> 0.1, u_0_P_1 -> 0.0198895354005344, u_0_P_0 -> -0.06961212474329548, u_0_R_1 -> 0.000463594513107399, u_0_R_0 -> -0.1001553604495086}, {t -> 0.2, u_0_P_1 -> 0.01978036710531187, u_0_P_0 -> -0.06922571772605748, u_0_R_1 -> 0.000929011331851004, u_0_R_0 -> -0.1003127342437906}, {t -> 0.3, u_0_P_1 -> 0.01967248748656807, u_0_P_0 -> -0.06884077126834084, u_0_R_1 -> 0.001396262362477837, u_0_R_0 -> -0.1004721332311143}, {t -> 0.4, u_0_P_1 -> 0.01956588895900842, u_0_P_0 -> -0.06845727773278247, u_0_R_1 -> 0.001865359584851545, u_0_R_0 -> -0.1006335693334894}, {t -> 0.5, u_0_P_1 -> 0.0194605639795716, u_0_P_0 -> -0.06807522952437225, u_0_R_1 -> 0.002336315052903242, u_0_R_0 -> -0.1007970545471262}, {t -> 0.6000000000000001, u_0_P_1 -> 0.01935650504718437, u_0_P_0 -> -0.06769461909022438, u_0_R_1 -> 0.002809140895082947, u_0_R_0 -> -0.1009626009429052}, {t -> 0.7000000000000001, u_0_P_1 -> 0.01925370470252809, u_0_P_0 -> -0.06731543891934384, u_0_R_1 -> 0.003283849314825456, u_0_R_0 -> -0.1011302206668429}, {t -> 0.8, u_0_P_1 -> 0.01915215552780665, u_0_P_0 -> -0.06693768154240437, u_0_R_1 -> 0.003760452591005678, u_0_R_0 -> -0.1012999259405587}, {t -> 0.9, u_0_P_1 -> 0.01905185014650457, u_0_P_0 -> -0.06656133953151416, u_0_R_1 -> 0.00423896307841137, u_0_R_0 -> -0.1014717290617553}, {t -> 1.0, u_0_P_1 -> 0.01895278122316064, u_0_P_0 -> -0.06618640549999727, u_0_R_1 -> 0.004719393208203969, u_0_R_0 -> -0.1016456424046891}, {t -> 1.1, u_0_P_1 -> 0.01885494146312901, u_0_P_0 -> -0.0658128721021601, u_0_R_1 -> 0.005201755488400233, u_0_R_0 -> -0.101821678420657}, {t -> 1.2, u_0_P_1 -> 0.018758323612354, u_0_P_0 -> -0.06544073203307751, u_0_R_1 -> 0.005686062504335457, u_0_R_0 -> -0.1019998496384727}, {t -> 1.3, u_0_P_1 -> 0.01866292045714038, u_0_P_0 -> -0.06506997802836548, u_0_R_1 -> 0.006172326919148146, u_0_R_0 -> -0.1021801686649538}, {t -> 1.4, u_0_P_1 -> 0.01856872482392365, u_0_P_0 -> -0.06470060286396438, u_0_R_1 -> 0.006660561474254386, u_0_R_0 -> -0.1023626481854107}, {t -> 1.5, u_0_P_1 -> 0.0184757295790413, u_0_P_0 -> -0.06433259935591586, u_0_R_1 -> 0.007150778989836067, u_0_R_0 -> -0.1025473009641411}, {t -> 1.6, u_0_P_1 -> 0.01838392762851221, u_0_P_0 -> -0.06396596036014662, u_0_R_1 -> 0.007642992365325785, u_0_R_0 -> -0.1027341398449196}, {t -> 1.7, u_0_P_1 -> 0.01829331191780472, u_0_P_0 -> -0.06360067877225191, u_0_R_1 -> 0.008137214579894301, u_0_R_0 -> -0.1029231777515023}, {t -> 1.8, u_0_P_1 -> 0.01820387543162278, u_0_P_0 -> -0.06323674752727902, u_0_R_1 -> 0.0086334586929462, u_0_R_0 -> -0.1031144276881198}, {t -> 1.9, u_0_P_1 -> 0.0181156111936762, u_0_P_0 -> -0.06287415959951587, u_0_R_1 -> 0.009131737844609859, u_0_R_0 -> -0.1033079027399873}, {t -> 2.0, u_0_P_1 -> 0.01802851226646333, u_0_P_0 -> -0.06251290800227326, u_0_R_1 -> 0.009632065256243362, u_0_R_0 -> -0.10350361607381}, {t -> 2.1, u_0_P_1 -> 0.01794257175105072, u_0_P_0 -> -0.06215298578767652, u_0_R_1 -> 0.01013445423093135, u_0_R_0 -> -0.1037015809382934}, {t -> 2.2, u_0_P_1 -> 0.01785778278685546, u_0_P_0 -> -0.06179438604645485, u_0_R_1 -> 0.01063891815399019, u_0_R_0 -> -0.1039018106646562}, {t -> 2.3, u_0_P_1 -> 0.01777413855142599, u_0_P_0 -> -0.06143710190773054, u_0_R_1 -> 0.01114547049347769, u_0_R_0 -> -0.1041043186671494}, {t -> 2.4, u_0_P_1 -> 0.01769163226023097, u_0_P_0 -> -0.06108112653881086, u_0_R_1 -> 0.01165412480070515, u_0_R_0 -> -0.1043091184435717}, {t -> 2.5, u_0_P_1 -> 0.01761025716643643, u_0_P_0 -> -0.06072645314498239, u_0_R_1 -> 0.01216489471074897, u_0_R_0 -> -0.1045162235758}, {t -> 2.6, u_0_P_1 -> 0.01753000656070092, u_0_P_0 -> -0.06037307496930275, u_0_R_1 -> 0.01267779394297323, u_0_R_0 -> -0.1047256477303086}, {t -> 2.7, u_0_P_1 -> 0.01745087377095573, u_0_P_0 -> -0.06002098529240131, u_0_R_1 -> 0.01319283630154208, u_0_R_0 -> -0.1049374046587039}, {t -> 2.8, u_0_P_1 -> 0.01737285216219809, u_0_P_0 -> -0.05967017743226798, u_0_R_1 -> 0.01371003567595623, u_0_R_0 -> -0.1051515081982561}, {t -> 2.9, u_0_P_1 -> 0.01729593513627853, u_0_P_0 -> -0.05932064474405846, u_0_R_1 -> 0.01422940604156916, u_0_R_0 -> -0.1053679722724358}, {t -> 3.0, u_0_P_1 -> 0.01722011613169247, u_0_P_0 -> -0.05897238061988865, u_0_R_1 -> 0.01475096146012513, u_0_R_0 -> -0.1055868108914542}, {t -> 3.1, u_0_P_1 -> 0.01714538862337486, u_0_P_0 -> -0.05862537848863691, u_0_R_1 -> 0.0152747160802903, u_0_R_0 -> -0.1058080381528037}, {t -> 3.2, u_0_P_1 -> 0.0170717461224893, u_0_P_0 -> -0.05827963181574346, u_0_R_1 -> 0.0158006841381931, u_0_R_0 -> -0.1060316682418088}, {t -> 3.3, u_0_P_1 -> 0.01699918217622332, u_0_P_0 -> -0.05793513410301517, u_0_R_1 -> 0.01632887995796176, u_0_R_0 -> -0.1062577154321749}, {t -> 3.4, u_0_P_1 -> 0.01692769036758578, u_0_P_0 -> -0.05759187888842643, u_0_R_1 -> 0.01685931795227315, u_0_R_0 -> -0.1064861940865405}, {t -> 3.5, u_0_P_1 -> 0.0168572643152014, u_0_P_0 -> -0.05724985974592828, u_0_R_1 -> 0.01739201262289374, u_0_R_0 -> -0.1067171186570347}, {t -> 3.6, u_0_P_1 -> 0.01678789767310913, u_0_P_0 -> -0.05690907028525007, u_0_R_1 -> 0.01792697856123756, u_0_R_0 -> -0.1069505036858386}, {t -> 3.7, u_0_P_1 -> 0.0167195841305614, u_0_P_0 -> -0.05656950415170521, u_0_R_1 -> 0.01846423044892294, u_0_R_0 -> -0.1071863638057494}, {t -> 3.8, u_0_P_1 -> 0.01665231741182277, u_0_P_0 -> -0.05623115502600487, u_0_R_1 -> 0.01900378305832232, u_0_R_0 -> -0.1074247137407469}, {t -> 3.9, u_0_P_1 -> 0.0165860912759702, u_0_P_0 -> -0.05589401662406515, u_0_R_1 -> 0.01954565125312719, u_0_R_0 -> -0.107665568306566}, {t -> 4.0, u_0_P_1 -> 0.01652089951669801, u_0_P_0 -> -0.05555808269681453, u_0_R_1 -> 0.0200898499889181, u_0_R_0 -> -0.1079089424112698}, {t -> 4.100000000000001, u_0_P_1 -> 0.01645673596211879, u_0_P_0 -> -0.05522334703000755, u_0_R_1 -> 0.02063639431373013, u_0_R_0 -> -0.1081548510558288}, {t -> 4.2, u_0_P_1 -> 0.01639359447456565, u_0_P_0 -> -0.05488980344403899, u_0_R_1 -> 0.02118529936862308, u_0_R_0 -> -0.1084033093347046}, {t -> 4.3, u_0_P_1 -> 0.01633146895040133, u_0_P_0 -> -0.05455744579375481, u_0_R_1 -> 0.02173658038826159, u_0_R_0 -> -0.1086543324364321}, {t -> 4.4, u_0_P_1 -> 0.01627035331982054, u_0_P_0 -> -0.05422626796826895, u_0_R_1 -> 0.0222902527014921, u_0_R_0 -> -0.1089079356442126}, {t -> 4.5, u_0_P_1 -> 0.01621024154665865, u_0_P_0 -> -0.0538962638907776, u_0_R_1 -> 0.02284633173192864, u_0_R_0 -> -0.1091641343365053}, {t -> 4.600000000000001, u_0_P_1 -> 0.01615112762820141, u_0_P_0 -> -0.0535674275183772, u_0_R_1 -> 0.0234048329985381, u_0_R_0 -> -0.1094229439876223}, {t -> 4.7, u_0_P_1 -> 0.01609300559499259, u_0_P_0 -> -0.05323975284188168, u_0_R_1 -> 0.02396577211623237, u_0_R_0 -> -0.1096843801683314}, {t -> 4.800000000000001, u_0_P_1 -> 0.01603586951064285, u_0_P_0 -> -0.0529132338856435, u_0_R_1 -> 0.02452916479645998, u_0_R_0 -> -0.1099484585464607}, {t -> 4.9, u_0_P_1 -> 0.01597971347164409, u_0_P_0 -> -0.05258786470737054, u_0_R_1 -> 0.02509502684780924, u_0_R_0 -> -0.1102151948875053}, {t -> 5.0, u_0_P_1 -> 0.01592453160717808, u_0_P_0 -> -0.05226363939795063, u_0_R_1 -> 0.02566337417660545, u_0_R_0 -> -0.1104846050552416}, {t -> 5.100000000000001, u_0_P_1 -> 0.01587031807893481, u_0_P_0 -> -0.05194055208127259, u_0_R_1 -> 0.02623422278751776, u_0_R_0 -> -0.1107567050123375}, {t -> 5.2, u_0_P_1 -> 0.01581706708092, u_0_P_0 -> -0.05161859691404904, u_0_R_1 -> 0.02680758878417106, u_0_R_0 -> -0.1110315108209811}, {t -> 5.300000000000001, u_0_P_1 -> 0.01576477283927727, u_0_P_0 -> -0.05129776808564, u_0_R_1 -> 0.02738348836975937, u_0_R_0 -> -0.1113090386434958}, {t -> 5.4, u_0_P_1 -> 0.01571342961209819, u_0_P_0 -> -0.05097805981788218, u_0_R_1 -> 0.0279619378476579, u_0_R_0 -> -0.1115893047429734}, {t -> 5.5, u_0_P_1 -> 0.01566303168924406, u_0_P_0 -> -0.05065946636491013, u_0_R_1 -> 0.02854295362205234, u_0_R_0 -> -0.1118723254839035}, {t -> 5.600000000000001, u_0_P_1 -> 0.01561357339216086, u_0_P_0 -> -0.05034198201299022, u_0_R_1 -> 0.02912655219855346, u_0_R_0 -> -0.1121581173328083}, {t -> 5.7, u_0_P_1 -> 0.01556504907370026, u_0_P_0 -> -0.05002560108034199, u_0_R_1 -> 0.0297127501848384, u_0_R_0 -> -0.1124466968588848}, {t -> 5.800000000000001, u_0_P_1 -> 0.01551745311793942, u_0_P_0 -> -0.04971031791697259, u_0_R_1 -> 0.030301564291275, u_0_R_0 -> -0.1127380807346452}, {t -> 5.9, u_0_P_1 -> 0.01547077993999931, u_0_P_0 -> -0.04939612690450578, u_0_R_1 -> 0.03089301133156252, u_0_R_0 -> -0.1130322857365697}, {t -> 6.0, u_0_P_1 -> 0.0154250239858725, u_0_P_0 -> -0.04908302245601529, u_0_R_1 -> 0.0314871082233675, u_0_R_0 -> -0.1133293287457484}, {t -> 6.100000000000001, u_0_P_1 -> 0.0153801797322394, u_0_P_0 -> -0.04877099901585265, u_0_R_1 -> 0.03208387198897973, u_0_R_0 -> -0.11362922674855}, {t -> 6.2, u_0_P_1 -> 0.01533624168629612, u_0_P_0 -> -0.04846005105948847, u_0_R_1 -> 0.03268331975594589, u_0_R_0 -> -0.1139319968372707}, {t -> 6.300000000000001, u_0_P_1 -> 0.01529320438557758, u_0_P_0 -> -0.04815017309333882, u_0_R_1 -> 0.03328546875773856, u_0_R_0 -> -0.1142376562108066}, {t -> 6.4, u_0_P_1 -> 0.01525106239778433, u_0_P_0 -> -0.04784135965460665, u_0_R_1 -> 0.03389033633440217, u_0_R_0 -> -0.1145462221753159}, {t -> 6.5, u_0_P_1 -> 0.01520981032060762, u_0_P_0 -> -0.04753360531111608, u_0_R_1 -> 0.03449793993321937, u_0_R_0 -> -0.1148577121448955}, {t -> 6.600000000000001, u_0_P_1 -> 0.01516944278155827, u_0_P_0 -> -0.0472269046611526, u_0_R_1 -> 0.03510829710937102, u_0_R_0 -> -0.1151721436422536}, {t -> 6.7, u_0_P_1 -> 0.01512995443779304, u_0_P_0 -> -0.04692125233329483, u_0_R_1 -> 0.03572142552661995, u_0_R_0 -> -0.1154895342993997}, {t -> 6.800000000000001, u_0_P_1 -> 0.01509133997594506, u_0_P_0 -> -0.0466166429862637, u_0_R_1 -> 0.03633734295796589, u_0_R_0 -> -0.11580990185832}, {t -> 6.9, u_0_P_1 -> 0.01505359411195592, u_0_P_0 -> -0.04631307130875307, u_0_R_1 -> 0.03695606728634192, u_0_R_0 -> -0.1161332641716721}, {t -> 7.0, u_0_P_1 -> 0.01501671159090163, u_0_P_0 -> -0.04601053201928065, u_0_R_1 -> 0.03757761650528107, u_0_R_0 -> -0.11645963920348}, {t -> 7.100000000000001, u_0_P_1 -> 0.01498068718682979, u_0_P_0 -> -0.04570901986602364, u_0_R_1 -> 0.03820200871961377, u_0_R_0 -> -0.1167890450298292}, {t -> 7.2, u_0_P_1 -> 0.01494551570258976, u_0_P_0 -> -0.04540852962666417, u_0_R_1 -> 0.03882926214615644, u_0_R_0 -> -0.1171214998395725}, {t -> 7.300000000000001, u_0_P_1 -> 0.01491119196966511, u_0_P_0 -> -0.04510905610823632, u_0_R_1 -> 0.03945939511440222, u_0_R_0 -> -0.1174570219350369}, {t -> 7.4, u_0_P_1 -> 0.01487771084800918, u_0_P_0 -> -0.04481059414696609, u_0_R_1 -> 0.04009242606723105, u_0_R_0 -> -0.1177956297327388}, {t -> 7.5, u_0_P_1 -> 0.01484506722588192, u_0_P_0 -> -0.04451313860812331, u_0_R_1 -> 0.04072837356160173, u_0_R_0 -> -0.1181373417640922}, {t -> 7.600000000000001, u_0_P_1 -> 0.01481325601968288, u_0_P_0 -> -0.04421668438586512, u_0_R_1 -> 0.04136725626926996, u_0_R_0 -> -0.1184821766761392}, {t -> 7.7, u_0_P_1 -> 0.01478227217379308, u_0_P_0 -> -0.0439212264030862, u_0_R_1 -> 0.04200909297749427, u_0_R_0 -> -0.1188301532322645}, {t -> 7.800000000000001, u_0_P_1 -> 0.01475211066040615, u_0_P_0 -> -0.04362675961126503, u_0_R_1 -> 0.04265390258976389, u_0_R_0 -> -0.1191812903129405}, {t -> 7.9, u_0_P_1 -> 0.01472276647937222, u_0_P_0 -> -0.04333327899031744, u_0_R_1 -> 0.04330170412651011, u_0_R_0 -> -0.1195356069164493}, {t -> 8.0, u_0_P_1 -> 0.01469423465803511, u_0_P_0 -> -0.0430407795484455, u_0_R_1 -> 0.04395251672583887, u_0_R_0 -> -0.1198931221596282}, {t -> 8.1, u_0_P_1 -> 0.01466651025107273, u_0_P_0 -> -0.04274925632199066, u_0_R_1 -> 0.0446063596442593, u_0_R_0 -> -0.1202538552786126}, {t -> 8.200000000000001, u_0_P_1 -> 0.0146395883403398, u_0_P_0 -> -0.0424587043752837, u_0_R_1 -> 0.04526325225742463, u_0_R_0 -> -0.1206178256295846}, {t -> 8.3, u_0_P_1 -> 0.01461346403470526, u_0_P_0 -> -0.04216911880050294, u_0_R_1 -> 0.04592321406086627, u_0_R_0 -> -0.1209850526895304}, {t -> 8.4, u_0_P_1 -> 0.01458813246990133, u_0_P_0 -> -0.04188049471752598, u_0_R_1 -> 0.04658626467074049, u_0_R_0 -> -0.1213555560569902}, {t -> 8.5, u_0_P_1 -> 0.01456358880836294, u_0_P_0 -> -0.04159282727378612, u_0_R_1 -> 0.04725242382457941, u_0_R_0 -> -0.1217293554528274}, {t -> 8.6, u_0_P_1 -> 0.01453982823907193, u_0_P_0 -> -0.04130611164412561, u_0_R_1 -> 0.0479217113820529, u_0_R_0 -> -0.1221064707210015}, {t -> 8.700000000000001, u_0_P_1 -> 0.01451684597740193, u_0_P_0 -> -0.04102034303066018, u_0_R_1 -> 0.04859414732571204, u_0_R_0 -> -0.1224869218293324}, {t -> 8.8, u_0_P_1 -> 0.01449463726496773, u_0_P_0 -> -0.04073551666262903, u_0_R_1 -> 0.04926975176176879, u_0_R_0 -> -0.1228707288702814}, {t -> 8.9, u_0_P_1 -> 0.01447319736946574, u_0_P_0 -> -0.04045162779626001, u_0_R_1 -> 0.04994854492085672, u_0_R_0 -> -0.1232579120617393}, {t -> 9.0, u_0_P_1 -> 0.01445252158452885, u_0_P_0 -> -0.04016867171462808, u_0_R_1 -> 0.05063054715880136, u_0_R_0 -> -0.1236484917478006}, {t -> 9.1, u_0_P_1 -> 0.01443260522956628, u_0_P_0 -> -0.03988664372751318, u_0_R_1 -> 0.05131577895741386, u_0_R_0 -> -0.1240424883995771}, {t -> 9.200000000000001, u_0_P_1 -> 0.01441344364961941, u_0_P_0 -> -0.03960553917126537, u_0_R_1 -> 0.05200426092526021, u_0_R_0 -> -0.124439922615978}, {t -> 9.3, u_0_P_1 -> 0.01439503221520632, u_0_P_0 -> -0.03932535340866854, u_0_R_1 -> 0.05269601379845201, u_0_R_0 -> -0.1248408151245212}, {t -> 9.4, u_0_P_1 -> 0.01437736632217657, u_0_P_0 -> -0.03904608182880023, u_0_R_1 -> 0.05339105844144469, u_0_R_0 -> -0.1252451867821377}, {t -> 9.5, u_0_P_1 -> 0.01436044139155917, u_0_P_0 -> -0.03876771984689851, u_0_R_1 -> 0.05408941584783291, u_0_R_0 -> -0.1256530585759878}, {t -> 9.600000000000001, u_0_P_1 -> 0.01434425286941459, u_0_P_0 -> -0.03849026290422658, u_0_R_1 -> 0.05479110714115597, u_0_R_0 -> -0.1260644516242805}, {t -> 9.700000000000001, u_0_P_1 -> 0.01432879622668869, u_0_P_0 -> -0.03821370646793929, u_0_R_1 -> 0.0554961535757038, u_0_R_0 -> -0.1264793871770934}, {t -> 9.8, u_0_P_1 -> 0.0143140669590653, u_0_P_0 -> -0.03793804603094902, u_0_R_1 -> 0.05620457653733435, u_0_R_0 -> -0.1268978866172052}, {t -> 9.9, u_0_P_1 -> 0.01430006058682002, u_0_P_0 -> -0.03766327711179425, u_0_R_1 -> 0.05691639754429072, u_0_R_0 -> -0.1273199714609288}, {t -> 10.0, u_0_P_1 -> 0.01428677265467354, u_0_P_0 -> -0.03738939525450959, u_0_R_1 -> 0.05763163824802376, u_0_R_0 -> -0.1277456633589528}, {t -> 10.1, u_0_P_1 -> 0.01427419873165068, u_0_P_0 -> -0.03711639602849497, u_0_R_1 -> 0.0583503204340176, u_0_R_0 -> -0.128174984097178}, {t -> 10.2, u_0_P_1 -> 0.01426233441093266, u_0_P_0 -> -0.03684427502838405, u_0_R_1 -> 0.05907246602263391, u_0_R_0 -> -0.12860795559758}, {t -> 10.3, u_0_P_1 -> 0.01425117530971571, u_0_P_0 -> -0.03657302787391704, u_0_R_1 -> 0.05979809706994549, u_0_R_0 -> -0.1290445999190581}, {t -> 10.4, u_0_P_1 -> 0.01424071706906915, u_0_P_0 -> -0.03630265020981251, u_0_R_1 -> 0.06052723576858109, u_0_R_0 -> -0.129484939258296}, {t -> 10.5, u_0_P_1 -> 0.01423095535379153, u_0_P_0 -> -0.03603313770564203, u_0_R_1 -> 0.06125990444857395, u_0_R_0 -> -0.1299289959506301}, {t -> 10.6, u_0_P_1 -> 0.01422188585227101, u_0_P_0 -> -0.03576448605569928, u_0_R_1 -> 0.06199612557822774, u_0_R_0 -> -0.1303767924709258}, {t -> 10.7, u_0_P_1 -> 0.01421350427634441, u_0_P_0 -> -0.03549669097888189, u_0_R_1 -> 0.06273592176495901, u_0_R_0 -> -0.1308283514344452}, {t -> 10.8, u_0_P_1 -> 0.01420580636115734, u_0_P_0 -> -0.03522974821856002, u_0_R_1 -> 0.06347931575618221, u_0_R_0 -> -0.1312836955977408}, {t -> 10.9, u_0_P_1 -> 0.01419878786502498, u_0_P_0 -> -0.034963653542457, u_0_R_1 -> 0.06422633044016983, u_0_R_0 -> -0.1317428478595388}, {t -> 11.0, u_0_P_1 -> 0.01419244456929387, u_0_P_0 -> -0.03469840274252431, u_0_R_1 -> 0.06497698884693512, u_0_R_0 -> -0.1322058312616357}, {t -> 11.1, u_0_P_1 -> 0.01418677227820337, u_0_P_0 -> -0.03443399163482083, u_0_R_1 -> 0.06573131414911247, u_0_R_0 -> -0.1326726689897986}, {t -> 11.2, u_0_P_1 -> 0.01418176681874925, u_0_P_0 -> -0.03417041605939232, u_0_R_1 -> 0.06648932966284263, u_0_R_0 -> -0.1331433843746683}, {t -> 11.3, u_0_P_1 -> 0.01417742404054534, u_0_P_0 -> -0.03390767188014764, u_0_R_1 -> 0.06725105884867877, u_0_R_0 -> -0.1336180008926813}, {t -> 11.4, u_0_P_1 -> 0.01417373981569094, u_0_P_0 -> -0.03364575498474207, u_0_R_1 -> 0.06801652531247311, u_0_R_0 -> -0.1340965421669744}, {t -> 11.5, u_0_P_1 -> 0.01417071003863179, u_0_P_0 -> -0.03338466128445823, u_0_R_1 -> 0.06878575280628864, u_0_R_0 -> -0.1345790319683181}, {t -> 11.6, u_0_P_1 -> 0.01416833062602758, u_0_P_0 -> -0.03312438671408859, u_0_R_1 -> 0.06955876522930507, u_0_R_0 -> -0.1350654942160396}, {t -> 11.7, u_0_P_1 -> 0.0141665975166178, u_0_P_0 -> -0.03286492723181673, u_0_R_1 -> 0.0703355866287405, u_0_R_0 -> -0.1355559529789616}, {t -> 11.8, u_0_P_1 -> 0.01416550667108703, u_0_P_0 -> -0.03260627881910139, u_0_R_1 -> 0.07111624120077484, u_0_R_0 -> -0.1360504324763464}, {t -> 11.9, u_0_P_1 -> 0.01416505407193311, u_0_P_0 -> -0.03234843748056265, u_0_R_1 -> 0.07190075329147101, u_0_R_0 -> -0.1365489570788372}]
[ -e foodweb-2-2.sage.status ] && (rm -f foodweb-2-2.sage.status && mv foodweb-2-2.sage.dmp foodweb-2-2.sage.out) || exit 1
(grep -q '\\begin{document}' foodweb-2-2.tikz.tex && sed -e '1,/\\begin{document}/d' -e '/\\end{document}/,$d' || cat) < foodweb-2-2.tikz.tex > foodweb-2-2.tikz.tex-inline
make[1]: Leaving directory `/usr/local/src/jekyll-research/wmd_files/Selection_Gradients'
Make succeeded.
Thu May 14 15:50:35 2015
