Wed Jul 20 13:39:23 2016
/usr/bin/make -C /usr/local/src/adaptive-dynamics-research/wmd_files/Selection_Gradients \
    foodweb2-adap-traj.sobj
Including .mk files: sage-inline.mk 
Including .mk files from .sage-inline files: avec.sage.mk a-careful.sage.mk
Including .mk files from .step files: aij.py.mk aij-assemble.sage.mk aij-assemble-plot.sage.mk aij-evol.sage.mk aij-evol-plot.sage.mk direct.py.mk direct-assemble.sage.mk direct-assemble-plot.sage.mk direct-evol.sage.mk direct-evol-plot.sage.mk foodweb.py.mk foodweb.sage.mk foodweb-adap.sage.mk foodweb.plot.sage.mk foodweb-2-2.sage.mk foodweb-2-2.plot.sage.mk foodweb2.py.mk foodweb2.sage.mk foodweb2-adap.sage.mk foodweb2-adap-traj.sage.mk foodweb2.plot.sage.mk foodweb2-2-2.sage.mk foodweb2-2-2.plot.sage.mk large.py.mk large-assemble.sage.mk large-assemble-plot.sage.mk large-evol.sage.mk large-evol-plot.sage.mk logistic-S-A-curves.sage.mk maclev-S-A-curve.sage.mk logistic-S-A-curve.sage.mk maclev-1-1.sage.mk maclev-1-1-adap.sage.mk maclev-1-1-mc-adap-geom.sage.mk maclev-1-1-ak-adap-geom.sage.mk S-A-vector-field.sage.mk maclev-1-1-d1A-vector-field.sage.mk maclev-1-1-S-and-d1A-on-curve.sage.mk maclev-1-1-S-and-D-on-curve.sage.mk maclev_1_2_defs.py.mk maclev-1-2-popdyn.sage.mk maclev-1-2-adap.sage.mk maclev-1-2-p.sage.mk maclev-1-2-zngi.sage.mk maclev-1-2-geom.sage.mk maclev_unconstrained_c.py.mk maclev-2-2-c-popdyn.sage.mk maclev-2-2-c-adap.sage.mk maclev-2-2-c-p.sage.mk maclev-2-2-c-zngi.sage.mk maclev-2-2-c-geom.sage.mk maclev_2_2_defs.py.mk maclev-2-2-popdyn.sage.mk maclev-2-2-adap.sage.mk maclev-2-2-p.sage.mk maclev-2-2-zngi.sage.mk maclev-2-2-geom.sage.mk maclev_a_only_defs.py.mk maclev-a-only-popdyn.sage.mk maclev-a-only-adap.sage.mk maclev-a-only-p.sage.mk maclev-a-only-zngi.sage.mk maclev-a-only-geom.sage.mk maclev_a_c.py.mk maclev-2-2-a-c-popdyn.sage.mk maclev-2-2-a-c-adap.sage.mk maclev-2-2-a-c-p.sage.mk maclev-2-2-a-c-zngi.sage.mk maclev-2-2-a-c-geom.sage.mk maclevmodels.py.mk masel_model.py.mk masel.sage.mk masel-adap.sage.mk masel-2-adap.sage.mk statmech.py.mk statmech-assemble.sage.mk statmech-assemble-plot.sage.mk statmech-evol.sage.mk statmech-evol-plot.sage.mk sea.sage.mk sea-adap.sage.mk sea-down.sage.mk sea-down-test.sage.mk sea-vf.sage.mk sea-zero.sage.mk sea-ass.sage.mk sea-tran.sage.mk sea-all.sage.mk sea-up.sage.mk sea-up-a.sage.mk sea-ass-a.sage.mk toc.sage.mk maclev-2-2-zngi-invasion.sage.mk lotkavolterra.py.mk r_selection.py.mk r-selection.sage.mk
Including .tex.d files: foodweb-2-2.tikz.tex.d foodweb2.tikz.tex.d foodweb.tikz.tex.d
make[1]: Entering directory `/usr/local/src/adaptive-dynamics-research/wmd_files/Selection_Gradients'
rm -f foodweb2-adap-traj.sage.out foodweb2-adap-traj.sage.status foodweb2-adap-traj.sobj
(sage foodweb2-adap-traj.sage && touch foodweb2-adap-traj.sage.status) | tee foodweb2-adap-traj.sage.dmp
Adaptive dynamics cut short by extinction at {u_a_0 -> 1.10728283762502, sigma_b_0 -> 1.00000000000000, u_b_0 -> 1.10728283763086, gamma_b_0 -> 11.6641190600890, t -> 290.700000000000, sigma_a_0 -> -11.9601322889878, gamma_a_0 -> 0.000000000000000}
at which, with {Xhat_b_0: 25/9*(9*(gamma_b_0 + 10)*(2*cos(-u_a_0 + u_b_0) + 5) - 250)/((gamma_b_0*sigma_a_0 + 10*gamma_b_0 + 10*sigma_a_0 + 100)*(2*cos(-u_a_0 + u_b_0) + 5)^2), Xhat_a_0: 250/9/((gamma_b_0 + 10)*(2*cos(-u_a_0 + u_b_0) + 5))}
X values are {Xhat_b_0: -1.48828927037676, Xhat_a_0: 0.183171720818528}
with {u_a_0 -> 1.10728283762502, sigma_b_0 -> 1.00000000000000, u_b_0 -> 1.10728283763086, gamma_b_0 -> 11.6641190600890, t -> 290.700000000000, sigma_a_0 -> -11.9601322889878, gamma_a_0 -> 0.000000000000000}
equivalently  {Xhat_b_0: -1.48828927037676, Xhat_a_0: 0.183171720818528}
WTF [<type 'sage.symbolic.expression.Expression'>, <type 'sage.symbolic.expression.Expression'>, <type 'sage.symbolic.expression.Expression'>, <type 'sage.symbolic.expression.Expression'>, <type 'sage.symbolic.expression.Expression'>, <type 'sage.symbolic.expression.Expression'>, <type 'sage.symbolic.expression.Expression'>] <--> [<type 'sage.symbolic.expression.Expression'>, <type 'sage.symbolic.expression.Expression'>, <type 'sage.symbolic.expression.Expression'>, <type 'sage.symbolic.expression.Expression'>, <type 'sage.symbolic.expression.Expression'>, <type 'sage.symbolic.expression.Expression'>, <type 'sage.symbolic.expression.Expression'>]
[ -e foodweb2-adap-traj.sage.status ] && (rm -f foodweb2-adap-traj.sage.status && mv foodweb2-adap-traj.sage.dmp foodweb2-adap-traj.sage.out) || exit 1
make[1]: Leaving directory `/usr/local/src/adaptive-dynamics-research/wmd_files/Selection_Gradients'
Make succeeded.
Wed Jul 20 13:41:11 2016
