Sat Feb  6 18:32:43 2016
/usr/bin/make -C /usr/local/src/adaptive-dynamics-research/wmd_files/Selection_Gradients \
    large-assemble.pdf
Including .mk files: sage-inline.mk 
Including .mk files from .sage-inline files: avec.sage.mk a-careful.sage.mk
Including .mk files from .step files: aij.py.mk aij-assemble.sage.mk aij-assemble-plot.sage.mk aij-evol.sage.mk aij-evol-plot.sage.mk direct.py.mk direct-assemble.sage.mk direct-assemble-plot.sage.mk direct-evol.sage.mk direct-evol-plot.sage.mk foodweb.py.mk foodweb.sage.mk foodweb-adap.sage.mk foodweb.plot.sage.mk foodweb-2-2.sage.mk foodweb-2-2.plot.sage.mk large.py.mk large-assemble.sage.mk large-assemble-plot.sage.mk large-evol.sage.mk large-evol-plot.sage.mk logistic-S-A-curves.sage.mk maclev-S-A-curve.sage.mk logistic-S-A-curve.sage.mk maclev-1-1.sage.mk maclev-1-1-adap.sage.mk maclev-1-1-mc-adap-geom.sage.mk maclev-1-1-ak-adap-geom.sage.mk S-A-vector-field.sage.mk maclev-1-1-d1A-vector-field.sage.mk maclev-1-1-S-and-d1A-on-curve.sage.mk maclev-1-1-S-and-D-on-curve.sage.mk maclev_1_2_defs.py.mk maclev-1-2-popdyn.sage.mk maclev-1-2-adap.sage.mk maclev-1-2-p.sage.mk maclev-1-2-zngi.sage.mk maclev-1-2-geom.sage.mk maclev_unconstrained_c.py.mk maclev-2-2-c-popdyn.sage.mk maclev-2-2-c-adap.sage.mk maclev-2-2-c-p.sage.mk maclev-2-2-c-zngi.sage.mk maclev-2-2-c-geom.sage.mk maclev_2_2_defs.py.mk maclev-2-2-popdyn.sage.mk maclev-2-2-adap.sage.mk maclev-2-2-p.sage.mk maclev-2-2-zngi.sage.mk maclev-2-2-geom.sage.mk maclev_a_only_defs.py.mk maclev-a-only-popdyn.sage.mk maclev-a-only-adap.sage.mk maclev-a-only-p.sage.mk maclev-a-only-zngi.sage.mk maclev-a-only-geom.sage.mk maclev_a_c.py.mk maclev-2-2-a-c-popdyn.sage.mk maclev-2-2-a-c-adap.sage.mk maclev-2-2-a-c-p.sage.mk maclev-2-2-a-c-zngi.sage.mk maclev-2-2-a-c-geom.sage.mk maclevmodels.py.mk masel_model.py.mk masel.sage.mk masel-adap.sage.mk masel-2-adap.sage.mk statmech.py.mk statmech-assemble.sage.mk statmech-assemble-plot.sage.mk statmech-evol.sage.mk statmech-evol-plot.sage.mk sea.sage.mk toc.sage.mk maclev-2-2-zngi-invasion.sage.mk lotkavolterra.py.mk r_selection.py.mk r-selection.sage.mk
Including .tex.d files: foodweb-2-2.tikz.tex.d foodweb.tikz.tex.d
make[1]: Entering directory `/usr/local/src/adaptive-dynamics-research/wmd_files/Selection_Gradients'
rm -f large-assemble.sage.out large-assemble.sage.status large-assemble.sobj
(sage large-assemble.sage && touch large-assemble.sage.status) | tee large-assemble.sage.dmp
Signal received — terminating the make process
Make failed with exit code -1.
Sat Feb  6 18:32:45 2016
Traceback (most recent call last):
  File "large-assemble.sage.py", line 2, in <module>
    from sage.all_cmdline import *   # import sage library
  File "/usr/local/src/sage/local/lib/python2.7/site-packages/sage/all_cmdline.py", line 16, in <module>
    from sage.all import *
  File "/usr/local/src/sage/local/lib/python2.7/site-packages/sage/all.py", line 98, in <module>
    from sage.rings.all      import *
  File "/usr/local/src/sage/local/lib/python2.7/site-packages/sage/rings/all.py", line 132, in <module>
    from big_oh import O
  File "/usr/local/src/sage/local/lib/python2.7/site-packages/sage/rings/big_oh.py", line 13, in <module>
    import multi_power_series_ring_element
  File "/usr/local/src/sage/local/lib/python2.7/site-packages/sage/rings/multi_power_series_ring_element.py", line 150, in <module>
    """
  File "sage/ext/interrupt.pyx", line 183, in sage.ext.interrupt.sage_python_check_interrupt (build/cythonized/sage/ext/interrupt.c:1675)
  File "sage/ext/interrupt.pyx", line 71, in sage.ext.interrupt.sig_raise_exception (build/cythonized/sage/ext/interrupt.c:809)
KeyboardInterrupt
make[1]: *** [large-assemble.sage.out] Interrupt
