Sat Feb  6 18:29:11 2016
/usr/bin/make -C /usr/local/src/adaptive-dynamics-research/wmd_files/Selection_Gradients \
    large-a-vs-t.pdf
Including .mk files: sage-inline.mk 
Including .mk files from .sage-inline files: avec.sage.mk a-careful.sage.mk
Including .mk files from .step files: aij.py.mk aij-assemble.sage.mk aij-assemble-plot.sage.mk aij-evol.sage.mk aij-evol-plot.sage.mk direct.py.mk direct-assemble.sage.mk direct-assemble-plot.sage.mk direct-evol.sage.mk direct-evol-plot.sage.mk foodweb.py.mk foodweb.sage.mk foodweb-adap.sage.mk foodweb.plot.sage.mk foodweb-2-2.sage.mk foodweb-2-2.plot.sage.mk large.py.mk large-assemble.sage.mk large-assemble-plot.sage.mk large-evol.sage.mk large-evol-plot.sage.mk logistic-S-A-curves.sage.mk maclev-S-A-curve.sage.mk logistic-S-A-curve.sage.mk maclev-1-1.sage.mk maclev-1-1-adap.sage.mk maclev-1-1-mc-adap-geom.sage.mk maclev-1-1-ak-adap-geom.sage.mk S-A-vector-field.sage.mk maclev-1-1-d1A-vector-field.sage.mk maclev-1-1-S-and-d1A-on-curve.sage.mk maclev-1-1-S-and-D-on-curve.sage.mk maclev_1_2_defs.py.mk maclev-1-2-popdyn.sage.mk maclev-1-2-adap.sage.mk maclev-1-2-p.sage.mk maclev-1-2-zngi.sage.mk maclev-1-2-geom.sage.mk maclev_unconstrained_c.py.mk maclev-2-2-c-popdyn.sage.mk maclev-2-2-c-adap.sage.mk maclev-2-2-c-p.sage.mk maclev-2-2-c-zngi.sage.mk maclev-2-2-c-geom.sage.mk maclev_2_2_defs.py.mk maclev-2-2-popdyn.sage.mk maclev-2-2-adap.sage.mk maclev-2-2-p.sage.mk maclev-2-2-zngi.sage.mk maclev-2-2-geom.sage.mk maclev_a_only_defs.py.mk maclev-a-only-popdyn.sage.mk maclev-a-only-adap.sage.mk maclev-a-only-p.sage.mk maclev-a-only-zngi.sage.mk maclev-a-only-geom.sage.mk maclev_a_c.py.mk maclev-2-2-a-c-popdyn.sage.mk maclev-2-2-a-c-adap.sage.mk maclev-2-2-a-c-p.sage.mk maclev-2-2-a-c-zngi.sage.mk maclev-2-2-a-c-geom.sage.mk maclevmodels.py.mk masel_model.py.mk masel.sage.mk masel-adap.sage.mk masel-2-adap.sage.mk statmech.py.mk statmech-assemble.sage.mk statmech-assemble-plot.sage.mk statmech-evol.sage.mk statmech-evol-plot.sage.mk sea.sage.mk toc.sage.mk maclev-2-2-zngi-invasion.sage.mk lotkavolterra.py.mk r_selection.py.mk r-selection.sage.mk
Including .tex.d files: foodweb-2-2.tikz.tex.d foodweb.tikz.tex.d
make[1]: Entering directory `/usr/local/src/adaptive-dynamics-research/wmd_files/Selection_Gradients'
rm -f large-assemble.sage.out large-assemble.sage.status large-assemble.sobj
(sage large-assemble.sage && touch large-assemble.sage.status) | tee large-assemble.sage.dmp
set_population_indices: []
set_population_indices: [(0, 0)]
X sub (0, 0) super ()
X sub (0, 0) super ()
X sub (0, 0) super ()
('u indexer for ', (0, 0))
u sub (0, 0, 0) super ()
u sub (0, 0, 1) super ()
u sub (0, 0, 2) super ()
u sub (0, 0, 3) super ()
u sub (0, 0, 4) super ()
u sub (0, 0, 5) super ()
u sub (0, 0, 6) super ()
u sub (0, 0, 7) super ()
u sub (0, 0, 8) super ()
u sub (0, 0, 9) super ()
u sub (0, 0, 10) super ()
u sub (0, 0, 11) super ()
u sub (0, 0, 12) super ()
u sub (0, 0, 13) super ()
u sub (0, 0, 14) super ()
('u indexer for ', (0, 0))
u sub (0, 0, 0) super ()
u sub (0, 0, 1) super ()
u sub (0, 0, 2) super ()
u sub (0, 0, 3) super ()
u sub (0, 0, 4) super ()
u sub (0, 0, 5) super ()
u sub (0, 0, 6) super ()
u sub (0, 0, 7) super ()
u sub (0, 0, 8) super ()
u sub (0, 0, 9) super ()
u sub (0, 0, 10) super ()
u sub (0, 0, 11) super ()
u sub (0, 0, 12) super ()
u sub (0, 0, 13) super ()
u sub (0, 0, 14) super ()
X sub (0, 0) super ()
('u indexer for ', I)
Traceback (most recent call last):
  File "large-assemble.sage.py", line 23, in <module>
    smu = smr.bind( { ui:_sage_const_0  for ui in smr._u_indexer[i] for i in smr._population_indices } )
  File "/usr/local/src/adaptive-dynamics-research/wmd_files/Selection_Gradients/large.py", line 33, in __getitem__
    return vector( [ dynamicalsystems.subscriptedsymbol( 'u', i[0], i[1], j ) for j in range(k) ] )
TypeError: 'sage.symbolic.expression.Expression' object does not support indexing
[ -e large-assemble.sage.status ] && (rm -f large-assemble.sage.status && mv large-assemble.sage.dmp large-assemble.sage.out) || exit 1
make[1]: *** [large-assemble.sage.out] Error 1
make[1]: Leaving directory `/usr/local/src/adaptive-dynamics-research/wmd_files/Selection_Gradients'
Make failed with exit code 2.
Sat Feb  6 18:29:16 2016
