Mon Jun 29 13:53:44 2015
/usr/bin/make -C /usr/local/src/jekyll-research/wmd_files/Selection_Gradients \
    logistic-S-A-vector-curves.png
Including .mk files: sage.mk sage-inline.mk 
Including .mk files from .step files: foodweb.py.mk foodweb.sage.mk foodweb.plot.sage.mk foodweb-2-2.sage.mk foodweb-2-2.plot.sage.mk logistic-S-A-curves.sage.mk logistic-1-1-d1A-vector-field.sage.mk logistic-1-1-S-and-d1A-on-curve.sage.mk logistic-S-and-D-on-curve.sage.mk maclev-1-1.sage.mk maclev-1-1-adap.sage.mk maclev-1-1-mc-adap-geom.sage.mk maclev-1-1-ak-adap-geom.sage.mk S-A-vector-field.sage.mk maclev-1-1-d1A-vector-field.sage.mk maclev-1-1-S-and-d1A-on-curve.sage.mk maclev-1-1-S-and-D-on-curve.sage.mk maclev_1_2_defs.py.mk maclev-1-2-popdyn.sage.mk maclev-1-2-adap.sage.mk maclev-1-2-p.sage.mk maclev-1-2-zngi.sage.mk maclev-1-2-geom.sage.mk maclev_unconstrained_c.py.mk maclev-2-2-c-popdyn.sage.mk maclev-2-2-c-adap.sage.mk maclev-2-2-c-p.sage.mk maclev-2-2-c-zngi.sage.mk maclev-2-2-c-geom.sage.mk maclev_2_2_defs.py.mk maclev-2-2-popdyn.sage.mk maclev-2-2-adap.sage.mk maclev-2-2-p.sage.mk maclev-2-2-zngi.sage.mk maclev-2-2-geom.sage.mk maclev_a_only_defs.py.mk maclev-a-only-popdyn.sage.mk maclev-a-only-adap.sage.mk maclev-a-only-p.sage.mk maclev-a-only-zngi.sage.mk maclev-a-only-geom.sage.mk maclev_a_c.py.mk maclev-2-2-a-c-popdyn.sage.mk maclev-2-2-a-c-adap.sage.mk maclev-2-2-a-c-p.sage.mk maclev-2-2-a-c-zngi.sage.mk maclev-2-2-a-c-geom.sage.mk maclevmodels.py.mk statmech.py.mk statmech-assemble.sage.mk statmech-assemble-plot.sage.mk statmech-evol.sage.mk statmech-evol-plot.sage.mk toc.sage.mk maclev-2-2-zngi-invasion.sage.mk lotkavolterra.py.mk
make[1]: Entering directory `/usr/local/src/jekyll-research/wmd_files/Selection_Gradients'
/usr/local/src/jekyll-research/wmd_files/SageDynamicsRepo/SageUtils/step.mk:21: logistic-S-A-curves.sage.mk: No such file or directory
Including .mk files from .sage-inline files: avec.sage.mk a-careful.sage.mk
Including .tex.d files: foodweb-2-2.tikz.tex.d foodweb.tikz.tex.d
perl -f /usr/local/src/jekyll-research/wmd_files/SageDynamicsRepo/SageUtils/step.pl logistic-S-A-curves.sage '#'
make[1]: Leaving directory `/usr/local/src/jekyll-research/wmd_files/Selection_Gradients'
Including .mk files: sage.mk sage-inline.mk 
Including .mk files from .step files: foodweb.py.mk foodweb.sage.mk foodweb.plot.sage.mk foodweb-2-2.sage.mk foodweb-2-2.plot.sage.mk logistic-S-A-curves.sage.mk logistic-1-1-d1A-vector-field.sage.mk logistic-1-1-S-and-d1A-on-curve.sage.mk logistic-S-and-D-on-curve.sage.mk maclev-1-1.sage.mk maclev-1-1-adap.sage.mk maclev-1-1-mc-adap-geom.sage.mk maclev-1-1-ak-adap-geom.sage.mk S-A-vector-field.sage.mk maclev-1-1-d1A-vector-field.sage.mk maclev-1-1-S-and-d1A-on-curve.sage.mk maclev-1-1-S-and-D-on-curve.sage.mk maclev_1_2_defs.py.mk maclev-1-2-popdyn.sage.mk maclev-1-2-adap.sage.mk maclev-1-2-p.sage.mk maclev-1-2-zngi.sage.mk maclev-1-2-geom.sage.mk maclev_unconstrained_c.py.mk maclev-2-2-c-popdyn.sage.mk maclev-2-2-c-adap.sage.mk maclev-2-2-c-p.sage.mk maclev-2-2-c-zngi.sage.mk maclev-2-2-c-geom.sage.mk maclev_2_2_defs.py.mk maclev-2-2-popdyn.sage.mk maclev-2-2-adap.sage.mk maclev-2-2-p.sage.mk maclev-2-2-zngi.sage.mk maclev-2-2-geom.sage.mk maclev_a_only_defs.py.mk maclev-a-only-popdyn.sage.mk maclev-a-only-adap.sage.mk maclev-a-only-p.sage.mk maclev-a-only-zngi.sage.mk maclev-a-only-geom.sage.mk maclev_a_c.py.mk maclev-2-2-a-c-popdyn.sage.mk maclev-2-2-a-c-adap.sage.mk maclev-2-2-a-c-p.sage.mk maclev-2-2-a-c-zngi.sage.mk maclev-2-2-a-c-geom.sage.mk maclevmodels.py.mk statmech.py.mk statmech-assemble.sage.mk statmech-assemble-plot.sage.mk statmech-evol.sage.mk statmech-evol-plot.sage.mk toc.sage.mk maclev-2-2-zngi-invasion.sage.mk lotkavolterra.py.mk
Including .mk files from .sage-inline files: avec.sage.mk a-careful.sage.mk
Including .tex.d files: foodweb-2-2.tikz.tex.d foodweb.tikz.tex.d
make[1]: Entering directory `/usr/local/src/jekyll-research/wmd_files/Selection_Gradients'
rm -f logistic-S-A-curves.sage.out logistic-S-A-curves.sage.status logistic-S-A-vector-curves.png
(sage logistic-S-A-curves.sage && touch logistic-S-A-curves.sage.status) | tee logistic-S-A-curves.sage.dmp
Traceback (most recent call last):
  File "logistic-S-A-curves.sage.py", line 7, in <module>
    for k,a in sum( [ (s,_sage_const_0 ) + (_sage_const_0 ,-s) for s in (_sage_const_0p5 , _sage_const_1p5 , _sage_const_2p5 ) ], [] ):
  File "/usr/local/src/sage/local/lib/python2.7/site-packages/sage/misc/functional.py", line 564, in symbolic_sum
    return sum(expression, *args)
TypeError: can only concatenate list (not "tuple") to list
[ -e logistic-S-A-curves.sage.status ] && (rm -f logistic-S-A-curves.sage.status && mv logistic-S-A-curves.sage.dmp logistic-S-A-curves.sage.out) || exit 1
make[1]: *** [logistic-S-A-curves.sage.out] Error 1
make[1]: Leaving directory `/usr/local/src/jekyll-research/wmd_files/Selection_Gradients'
Make failed with exit code 2.
Mon Jun 29 13:53:46 2015
