Thu Jun 18 22:13:47 2015
/usr/bin/make -C /usr/local/src/jekyll-research/wmd_files/Selection_Gradients \
    maclev-1-2-geom.sage.out.html
Including .mk files: sage.mk sage-inline.mk 
Including .mk files from .step files: foodweb.py.mk foodweb.sage.mk foodweb.plot.sage.mk foodweb-2-2.sage.mk foodweb-2-2.plot.sage.mk maclev-1-1.sage.mk maclev-1-1-adap.sage.mk maclev-1-1-mc-adap-geom.sage.mk maclev-1-1-ak-adap-geom.sage.mk S-A-vector-field.sage.mk maclev-1-1-d1A-vector-field.sage.mk maclev-1-1-S-and-d1A-on-curve.sage.mk maclev-1-1-S-and-D-on-curve.sage.mk maclev_1_2_defs.py.mk maclev-1-2-popdyn.sage.mk maclev-1-2-adap.sage.mk maclev-1-2-p.sage.mk maclev-1-2-zngi.sage.mk maclev-1-2-geom.sage.mk maclev_unconstrained_c.py.mk maclev-2-2-c-popdyn.sage.mk maclev-2-2-c-adap.sage.mk maclev-2-2-c-p.sage.mk maclev-2-2-c-zngi.sage.mk maclev-2-2-c-geom.sage.mk maclev_2_2_defs.py.mk maclev-2-2-popdyn.sage.mk maclev-2-2-adap.sage.mk maclev-2-2-p.sage.mk maclev-2-2-zngi.sage.mk maclev-2-2-geom.sage.mk maclev_a_only_defs.py.mk maclev-a-only-popdyn.sage.mk maclev-a-only-adap.sage.mk maclev-a-only-p.sage.mk maclev-a-only-zngi.sage.mk maclev-a-only-geom.sage.mk maclev_a_c.py.mk maclev-2-2-a-c-popdyn.sage.mk maclev-2-2-a-c-adap.sage.mk maclev-2-2-a-c-p.sage.mk maclev-2-2-a-c-zngi.sage.mk maclev-2-2-a-c-geom.sage.mk maclevmodels.py.mk statmech.py.mk statmech-assemble.sage.mk statmech-assemble-plot.sage.mk statmech-evol.sage.mk statmech-evol-plot.sage.mk toc.sage.mk maclev-2-2-zngi-invasion.sage.mk lotkavolterra.py.mk
Including .mk files from .sage-inline files: avec.sage.mk a-careful.sage.mk
Including .tex.d files: foodweb-2-2.tikz.tex.d foodweb.tikz.tex.d
make: Entering directory `/usr/local/src/jekyll-research/wmd_files/Selection_Gradients'
/usr/bin/make --no-print-directory -C /usr/local/src/jekyll-research/wmd_files/SageDynamicsRepo/SageDynamics dynamicalsystems.py
Including .mk files:  
Including .tex.d files: 
make[1]: Nothing to be done for `dynamicalsystems.py'.
/usr/bin/make --no-print-directory -C /usr/local/src/jekyll-research/wmd_files/SageDynamicsRepo/SageAdaptiveDynamics adaptivedynamics.py
Including .mk files:  
Including .tex.d files: 
make[1]: Nothing to be done for `adaptivedynamics.py'.
latexml  --destination=maclev-1-2-geom.sage.out.latexml.xml maclev-1-2-geom.sage.out.tex
latexml (LaTeXML version 0.8.1; revision 9e4814e)
processing started Thu Jun 18 22:13:48 2015

(Digesting TeX maclev-1-2-geom.sage.out...
(Loading /usr/local/share/perl/5.18.2/LaTeXML/Package/TeX.pool.ltxml...
(Loading /usr/local/share/perl/5.18.2/LaTeXML/Package/eTeX.pool.ltxml... 0.00 sec)
(Loading /usr/local/share/perl/5.18.2/LaTeXML/Package/pdfTeX.pool.ltxml... 0.01 sec) 0.20 sec)
(Processing content /usr/local/src/jekyll-research/wmd_files/Selection_Gradients/maclev-1-2-geom.sage.out.tex...
(Loading /usr/local/share/perl/5.18.2/LaTeXML/Package/LaTeX.pool.ltxml... 0.22 sec)
(Loading /usr/local/share/perl/5.18.2/LaTeXML/Package/article.cls.ltxml... 0.02 sec)
(Loading /usr/local/share/perl/5.18.2/LaTeXML/Package/amsmath.sty.ltxml...
(Loading /usr/local/share/perl/5.18.2/LaTeXML/Package/amsbsy.sty.ltxml... 0.00 sec)
(Loading /usr/local/share/perl/5.18.2/LaTeXML/Package/amstext.sty.ltxml... 0.00 sec)
(Loading /usr/local/share/perl/5.18.2/LaTeXML/Package/amsopn.sty.ltxml... 0.00 sec) 0.05 sec)
(Loading /usr/local/share/perl/5.18.2/LaTeXML/Package/amssymb.sty.ltxml...
(Loading /usr/local/share/perl/5.18.2/LaTeXML/Package/amsfonts.sty.ltxml... 0.00 sec) 0.03 sec)
(Loading /usr/local/share/perl/5.18.2/LaTeXML/Package/graphicx.sty.ltxml...
(Loading /usr/local/share/perl/5.18.2/LaTeXML/Package/graphics.sty.ltxml... 0.00 sec) 0.03 sec)
(Loading /usr/local/share/perl/5.18.2/LaTeXML/Package/inputenc.sty.ltxml...
(Loading /usr/local/share/perl/5.18.2/LaTeXML/Package/utf8.def.ltxml... 0.00 sec) 0.01 sec)
(Loading /usr/local/share/perl/5.18.2/LaTeXML/Package/fontenc.sty.ltxml...
(Loading /usr/local/share/perl/5.18.2/LaTeXML/Package/t1enc.def.ltxml...
(Processing definitions /usr/share/texlive/texmf-dist/tex/latex/base/t1enc.def...
(Loading /usr/local/share/perl/5.18.2/LaTeXML/Package/t1.fontmap.ltxml... 0.00 sec) 0.10 sec) 0.13 sec) 0.14 sec)
(Loading /usr/local/share/perl/5.18.2/LaTeXML/Package/latexml.sty.ltxml... 0.01 sec) 0.96 sec) 1.17 sec)
(Building...
(Loading compiled schema /usr/local/share/perl/5.18.2/LaTeXML/resources/RelaxNG/LaTeXML.model... 0.01 sec).............................................. 1.17 sec)
(Rewriting... 0.03 sec)
(Math Parsing...5 formulae ...[1][2][3][4][5]
Math parsing succeeded:
   ltx:XMath: 5/5
   ltx:XMArg: 162/162
Symbols assumed as simple identifiers (with # of occurences):
   'A{italic}' (3), 'D{italic}' (9), 'I{italic}' (1), 'S{italic}' (1), 'a{italic}' (14), 'd{italic}' (2), 'e{italic}' (22), 'k{italic}' (5), 't{italic}' (49), 'u{italic}' (58)
Possibly used as functions?
  'A{italic}' (2/3 usages), 'D{italic}' (9/9 usages), 'I{italic}' (1/1 usages), 'S{italic}' (1/1 usages), 'u{italic}' (40/58 usages)
 4.03 sec)
(Finalizing... 0.27 sec)
Conversion complete: No obvious problems.
processing finished Thu Jun 18 22:13:55 2015
Updating .workingwiki/maclev-1-2-geom.sage.out.latexml.xml
rm -f maclev-1-2-geom.sage.out.latexml.html5
bibxmls=`perl -ne '($_)=/^[^%]*\\\bibliography\{([^\\\\#]*?)\}/;@_=split /,/;foreach $b (@_) { $b =~ s/\.bib$//; print "$b.bib.xml "}' maclev-1-2-geom.sage.out.latexml.xml`; bibxargs=`perl -ne '($_)=/^[^%]*\\\bibliography\{([^\\\\#]*?)\}/;@_=split /,/;foreach $b (@_) { $b =~ s/\.bib$//; print "--bibliography=$b.bib.xml "}' maclev-1-2-geom.sage.out.latexml.xml` && \
	(test -z "$bibxmls" || /usr/bin/make -f /usr/local/src/workingwiki-trunk/ProjectEngine/resources/makefile $bibxmls) && \
	lxpost="latexmlpost  --novalidate --destination=maclev-1-2-geom.sage.out.intermediate.latexml.html5 --format=html5 $bibxargs maclev-1-2-geom.sage.out.latexml.xml" && echo $lxpost && $lxpost
latexmlpost --novalidate --destination=maclev-1-2-geom.sage.out.intermediate.latexml.html5 --format=html5 maclev-1-2-geom.sage.out.latexml.xml
latexmlpost (LaTeXML version 0.8.1; revision 9e4814e)
processing started Thu Jun 18 22:13:55 2015
(maclev-1-2-geom.sage.out.intermediate.latexml.html5 post-processing...
(Scan maclev-1-2-geom.sage.out.intermediate.latexml.html5 processing... 0.07 sec)
(CrossRef maclev-1-2-geom.sage.out.intermediate.latexml.html5 processing... 0.02 sec)
(MathML::Presentation maclev-1-2-geom.sage.out.intermediate.latexml.html5 5 to process... 0.27 sec)
(XSLT[using LaTeXML-html5.xsl] maclev-1-2-geom.sage.out.intermediate.latexml.html5 processing... 0.04 sec)
(Writer maclev-1-2-geom.sage.out.intermediate.latexml.html5 processing... 0.00 sec) 0.41 sec)
Postprocessing complete: No obvious problems
processing finished Thu Jun 18 22:13:56 2015
/usr/local/src/workingwiki-trunk/ProjectEngine/resources/wiki-inclusion.latexml.pl maclev-1-2-geom.sage.out.intermediate.latexml.html5 >maclev-1-2-geom.sage.out.latexml.html5
ln -f maclev-1-2-geom.sage.out.latexml.html5 maclev-1-2-geom.sage.out.latexml.html
ln -f maclev-1-2-geom.sage.out.latexml.html maclev-1-2-geom.sage.out.html
rm maclev-1-2-geom.sage.out.latexml.html5 maclev-1-2-geom.sage.out.latexml.xml maclev-1-2-geom.sage.out.latexml.html
make: Leaving directory `/usr/local/src/jekyll-research/wmd_files/Selection_Gradients'
Make succeeded.
Thu Jun 18 22:13:56 2015
