Thu Jun 18 22:14:40 2015
/usr/bin/make -C /usr/local/src/jekyll-research/wmd_files/Selection_Gradients \
    maclev-2-2-c-zngi.sage.out.html
Including .mk files: sage.mk sage-inline.mk 
Including .mk files from .step files: foodweb.py.mk foodweb.sage.mk foodweb.plot.sage.mk foodweb-2-2.sage.mk foodweb-2-2.plot.sage.mk maclev-1-1.sage.mk maclev-1-1-adap.sage.mk maclev-1-1-mc-adap-geom.sage.mk maclev-1-1-ak-adap-geom.sage.mk S-A-vector-field.sage.mk maclev-1-1-d1A-vector-field.sage.mk maclev-1-1-S-and-d1A-on-curve.sage.mk maclev-1-1-S-and-D-on-curve.sage.mk maclev_1_2_defs.py.mk maclev-1-2-popdyn.sage.mk maclev-1-2-adap.sage.mk maclev-1-2-p.sage.mk maclev-1-2-zngi.sage.mk maclev-1-2-geom.sage.mk maclev_unconstrained_c.py.mk maclev-2-2-c-popdyn.sage.mk maclev-2-2-c-adap.sage.mk maclev-2-2-c-p.sage.mk maclev-2-2-c-zngi.sage.mk maclev-2-2-c-geom.sage.mk maclev_2_2_defs.py.mk maclev-2-2-popdyn.sage.mk maclev-2-2-adap.sage.mk maclev-2-2-p.sage.mk maclev-2-2-zngi.sage.mk maclev-2-2-geom.sage.mk maclev_a_only_defs.py.mk maclev-a-only-popdyn.sage.mk maclev-a-only-adap.sage.mk maclev-a-only-p.sage.mk maclev-a-only-zngi.sage.mk maclev-a-only-geom.sage.mk maclev_a_c.py.mk maclev-2-2-a-c-popdyn.sage.mk maclev-2-2-a-c-adap.sage.mk maclev-2-2-a-c-p.sage.mk maclev-2-2-a-c-zngi.sage.mk maclev-2-2-a-c-geom.sage.mk maclevmodels.py.mk statmech.py.mk statmech-assemble.sage.mk statmech-assemble-plot.sage.mk statmech-evol.sage.mk statmech-evol-plot.sage.mk toc.sage.mk maclev-2-2-zngi-invasion.sage.mk lotkavolterra.py.mk
Including .mk files from .sage-inline files: avec.sage.mk a-careful.sage.mk
Including .tex.d files: foodweb-2-2.tikz.tex.d foodweb.tikz.tex.d
make: Entering directory `/usr/local/src/jekyll-research/wmd_files/Selection_Gradients'
/usr/bin/make --no-print-directory -C /usr/local/src/jekyll-research/wmd_files/SageDynamicsRepo/SageDynamics dynamicalsystems.py
Including .mk files:  
Including .tex.d files: 
make[1]: Nothing to be done for `dynamicalsystems.py'.
/usr/bin/make --no-print-directory -C /usr/local/src/jekyll-research/wmd_files/SageDynamicsRepo/SageAdaptiveDynamics adaptivedynamics.py
Including .mk files:  
Including .tex.d files: 
make[1]: Nothing to be done for `adaptivedynamics.py'.
rm -f maclev-2-2-c-adap.sage.out maclev-2-2-c-adap.sage.status maclev-2-2-c-adap.sage.out.tex maclev-2-2-c-adap.sobj
(sage maclev-2-2-c-adap.sage && touch maclev-2-2-c-adap.sage.status) | tee maclev-2-2-c-adap.sage.dmp
set_population_indices: [0, 1]
set_population_indices: [0, 1]
set_population_indices: [0, 1]
set_population_indices: [0, 1]
set_population_indices: [0, 1, 2]
set_population_indices: [0, 1, 2]
The invasion rate for mutant population is:
\begin{align*}
  \mathscr I = \frac{1}{X_{2}}\frac{dX_{2}}{dt} &= -{\left(\frac{{\left(X_{0} {c}_{00} + X_{1} {c}_{10} + X_{2} {c}_{20} - K_{0} r_{0}\right)} {c}_{20} w_{0}}{r_{0}} + \frac{{\left(X_{0} {c}_{01} + X_{1} {c}_{11} + X_{2} {c}_{21} - K_{1} r_{1}\right)} {c}_{21} w_{1}}{r_{1}} + m_{2}\right)} b_{2} 
\end{align*}

limit as {c_2_1: c_0_1, c_2_0: c_0_0}
after those limits:
   -(X_0*b_2*c_0_0*w_0 + 2*X_2*b_2*c_0_0*w_0 + X_1*b_2*c_1_0*w_0 - K_0*b_2*r_0*w_0)/r_0
  K_1*b_2*w_1 - X_0*b_2*c_0_1*w_1/r_1 - 2*X_2*b_2*c_0_1*w_1/r_1 - X_1*b_2*c_1_1*w_1/r_1
set_population_indices: [0, 1, 2]
set_population_indices: [0, 1, 2]
The invasion rate for mutant population is:
\begin{align*}
  \mathscr I = \frac{1}{X_{2}}\frac{dX_{2}}{dt} &= -{\left(\frac{{\left(X_{0} {c}_{00} + X_{1} {c}_{10} + X_{2} {c}_{20} - K_{0} r_{0}\right)} {c}_{20} w_{0}}{r_{0}} + \frac{{\left(X_{0} {c}_{01} + X_{1} {c}_{11} + X_{2} {c}_{21} - K_{1} r_{1}\right)} {c}_{21} w_{1}}{r_{1}} + m_{2}\right)} b_{2} 
\end{align*}

limit as {c_2_1: c_1_1, c_2_0: c_1_0}
after those limits:
   -(X_0*b_2*c_0_0*w_0 + X_1*b_2*c_1_0*w_0 + 2*X_2*b_2*c_1_0*w_0 - K_0*b_2*r_0*w_0)/r_0
  K_1*b_2*w_1 - X_0*b_2*c_0_1*w_1/r_1 - X_1*b_2*c_1_1*w_1/r_1 - 2*X_2*b_2*c_1_1*w_1/r_1
ad flow: {c_0_1: -(Xhat_0*b_2*c_0_1*w_1 + Xhat_1*b_2*c_1_1*w_1 - K_1*b_2*r_1*w_1)*Xhat_0*gamma/r_1, c_0_0: -(Xhat_0*b_2*c_0_0*w_0 + Xhat_1*b_2*c_1_0*w_0 - K_0*b_2*r_0*w_0)*Xhat_0*gamma/r_0, c_1_1: -(Xhat_0*b_2*c_0_1*w_1 + Xhat_1*b_2*c_1_1*w_1 - K_1*b_2*r_1*w_1)*Xhat_1*gamma/r_1, c_1_0: -(Xhat_0*b_2*c_0_0*w_0 + Xhat_1*b_2*c_1_0*w_0 - K_0*b_2*r_0*w_0)*Xhat_1*gamma/r_0}
+ bindings: {gamma -> 1, w_1 -> 1, b_3 -> 1, K_1 -> 2, b_0 -> 1, Rhat_1 -> -Xhat_0*c_0_1 - Xhat_1*c_1_1 + 2, K_0 -> 2, R_0 -> -X_0*c_0_0 - X_1*c_1_0 + 2, r_0 -> 1, b_2 -> 1, r_1 -> 1, m_2 -> 1, b_1 -> 1, w_0 -> 1, m_1 -> 1, Rhat_0 -> -Xhat_0*c_0_0 - Xhat_1*c_1_0 + 2, m_0 -> 1, m_3 -> 1, R_1 -> -X_0*c_0_1 - X_1*c_1_1 + 2}
--> flow: {c_0_1: -(Xhat_0*c_0_1 + Xhat_1*c_1_1 - 2)*Xhat_0, c_0_0: -(Xhat_0*c_0_0 + Xhat_1*c_1_0 - 2)*Xhat_0, c_1_1: -(Xhat_0*c_0_1 + Xhat_1*c_1_1 - 2)*Xhat_1, c_1_0: -(Xhat_0*c_0_0 + Xhat_1*c_1_0 - 2)*Xhat_1}
c_0_0 -> -(Xhat_0*c_0_0 + Xhat_1*c_1_0 - 2)*Xhat_0
c_0_1 -> -(Xhat_0*c_0_1 + Xhat_1*c_1_1 - 2)*Xhat_0
c_1_0 -> -(Xhat_0*c_0_0 + Xhat_1*c_1_0 - 2)*Xhat_1
c_1_1 -> -(Xhat_0*c_0_1 + Xhat_1*c_1_1 - 2)*Xhat_1
(bindings:  {gamma -> 1, w_1 -> 1, b_3 -> 1, K_1 -> 2, b_0 -> 1, K_0 -> 2, r_0 -> 1, b_2 -> 1, r_1 -> 1, m_2 -> 1, b_1 -> 1, w_0 -> 1, m_1 -> 1, m_0 -> 1, m_3 -> 1} )
solve
NumericalODESystem.solve
done
[ -e maclev-2-2-c-adap.sage.status ] && (rm -f maclev-2-2-c-adap.sage.status && mv maclev-2-2-c-adap.sage.dmp maclev-2-2-c-adap.sage.out) || exit 1
rm -f maclev-2-2-c-zngi.sage.out maclev-2-2-c-zngi.sage.status maclev-2-2-c-zngi.sage.out.tex maclev-2-2-c-zngi-animation.gif
(sage maclev-2-2-c-zngi.sage && touch maclev-2-2-c-zngi.sage.status) | tee maclev-2-2-c-zngi.sage.dmp
set_population_indices: [0, 1]
set_population_indices: [0, 1]
set_population_indices: [0, 1]
set_population_indices: [0, 1]
create frames
create animate gif
[ -e maclev-2-2-c-zngi.sage.status ] && (rm -f maclev-2-2-c-zngi.sage.status && mv maclev-2-2-c-zngi.sage.dmp maclev-2-2-c-zngi.sage.out) || exit 1
latexml  --destination=maclev-2-2-c-zngi.sage.out.latexml.xml maclev-2-2-c-zngi.sage.out.tex
latexml (LaTeXML version 0.8.1; revision 9e4814e)
processing started Thu Jun 18 22:15:27 2015

(Digesting TeX maclev-2-2-c-zngi.sage.out...
(Loading /usr/local/share/perl/5.18.2/LaTeXML/Package/TeX.pool.ltxml...
(Loading /usr/local/share/perl/5.18.2/LaTeXML/Package/eTeX.pool.ltxml... 0.00 sec)
(Loading /usr/local/share/perl/5.18.2/LaTeXML/Package/pdfTeX.pool.ltxml... 0.01 sec) 0.26 sec)
(Processing content /usr/local/src/jekyll-research/wmd_files/Selection_Gradients/maclev-2-2-c-zngi.sage.out.tex...
(Loading /usr/local/share/perl/5.18.2/LaTeXML/Package/LaTeX.pool.ltxml... 0.22 sec)
(Loading /usr/local/share/perl/5.18.2/LaTeXML/Package/article.cls.ltxml... 0.06 sec)
(Loading /usr/local/share/perl/5.18.2/LaTeXML/Package/amsmath.sty.ltxml...
(Loading /usr/local/share/perl/5.18.2/LaTeXML/Package/amsbsy.sty.ltxml... 0.00 sec)
(Loading /usr/local/share/perl/5.18.2/LaTeXML/Package/amstext.sty.ltxml... 0.00 sec)
(Loading /usr/local/share/perl/5.18.2/LaTeXML/Package/amsopn.sty.ltxml... 0.00 sec) 0.05 sec)
(Loading /usr/local/share/perl/5.18.2/LaTeXML/Package/amssymb.sty.ltxml...
(Loading /usr/local/share/perl/5.18.2/LaTeXML/Package/amsfonts.sty.ltxml... 0.00 sec) 0.03 sec)
(Loading /usr/local/share/perl/5.18.2/LaTeXML/Package/graphicx.sty.ltxml...
(Loading /usr/local/share/perl/5.18.2/LaTeXML/Package/graphics.sty.ltxml... 0.00 sec) 0.03 sec)
(Loading /usr/local/share/perl/5.18.2/LaTeXML/Package/inputenc.sty.ltxml...
(Loading /usr/local/share/perl/5.18.2/LaTeXML/Package/utf8.def.ltxml... 0.00 sec) 0.01 sec)
(Loading /usr/local/share/perl/5.18.2/LaTeXML/Package/fontenc.sty.ltxml...
(Loading /usr/local/share/perl/5.18.2/LaTeXML/Package/t1enc.def.ltxml...
(Processing definitions /usr/share/texlive/texmf-dist/tex/latex/base/t1enc.def...
(Loading /usr/local/share/perl/5.18.2/LaTeXML/Package/t1.fontmap.ltxml... 0.00 sec) 0.10 sec) 0.13 sec) 0.14 sec)
(Loading /usr/local/share/perl/5.18.2/LaTeXML/Package/latexml.sty.ltxml... 0.01 sec) 0.69 sec) 0.95 sec)
(Building...
(Loading compiled schema /usr/local/share/perl/5.18.2/LaTeXML/resources/RelaxNG/LaTeXML.model... 0.02 sec).. 0.08 sec)
(Rewriting... 0.00 sec)
(Math Parsing...1 formulae ...[1]
Math parsing succeeded:
   ltx:XMArg: 4/4
   ltx:XMath: 1/1
Symbols assumed as simple identifiers (with # of occurences):
   'R{italic}' (2), 'c{italic}' (2)
 0.03 sec)
(Finalizing... 0.00 sec)
Conversion complete: No obvious problems.
processing finished Thu Jun 18 22:15:28 2015
Updating .workingwiki/maclev-2-2-c-zngi.sage.out.latexml.xml
rm -f maclev-2-2-c-zngi.sage.out.latexml.html5
bibxmls=`perl -ne '($_)=/^[^%]*\\\bibliography\{([^\\\\#]*?)\}/;@_=split /,/;foreach $b (@_) { $b =~ s/\.bib$//; print "$b.bib.xml "}' maclev-2-2-c-zngi.sage.out.latexml.xml`; bibxargs=`perl -ne '($_)=/^[^%]*\\\bibliography\{([^\\\\#]*?)\}/;@_=split /,/;foreach $b (@_) { $b =~ s/\.bib$//; print "--bibliography=$b.bib.xml "}' maclev-2-2-c-zngi.sage.out.latexml.xml` && \
	(test -z "$bibxmls" || /usr/bin/make -f /usr/local/src/workingwiki-trunk/ProjectEngine/resources/makefile $bibxmls) && \
	lxpost="latexmlpost  --novalidate --destination=maclev-2-2-c-zngi.sage.out.intermediate.latexml.html5 --format=html5 $bibxargs maclev-2-2-c-zngi.sage.out.latexml.xml" && echo $lxpost && $lxpost
latexmlpost --novalidate --destination=maclev-2-2-c-zngi.sage.out.intermediate.latexml.html5 --format=html5 maclev-2-2-c-zngi.sage.out.latexml.xml
latexmlpost (LaTeXML version 0.8.1; revision 9e4814e)
processing started Thu Jun 18 22:15:28 2015
(maclev-2-2-c-zngi.sage.out.intermediate.latexml.html5 post-processing...
(Scan maclev-2-2-c-zngi.sage.out.intermediate.latexml.html5 processing... 0.00 sec)
(CrossRef maclev-2-2-c-zngi.sage.out.intermediate.latexml.html5 processing... 0.00 sec)
(MathML::Presentation maclev-2-2-c-zngi.sage.out.intermediate.latexml.html5 processing... 0.01 sec)
(XSLT[using LaTeXML-html5.xsl] maclev-2-2-c-zngi.sage.out.intermediate.latexml.html5 processing... 0.01 sec)
(Writer maclev-2-2-c-zngi.sage.out.intermediate.latexml.html5 processing... 0.00 sec) 0.02 sec)
Postprocessing complete: No obvious problems
processing finished Thu Jun 18 22:15:29 2015
/usr/local/src/workingwiki-trunk/ProjectEngine/resources/wiki-inclusion.latexml.pl maclev-2-2-c-zngi.sage.out.intermediate.latexml.html5 >maclev-2-2-c-zngi.sage.out.latexml.html5
ln -f maclev-2-2-c-zngi.sage.out.latexml.html5 maclev-2-2-c-zngi.sage.out.latexml.html
ln -f maclev-2-2-c-zngi.sage.out.latexml.html maclev-2-2-c-zngi.sage.out.html
rm maclev-2-2-c-zngi.sage.out.latexml.html5 maclev-2-2-c-zngi.sage.out.latexml.xml maclev-2-2-c-zngi.sage.out.latexml.html
make: Leaving directory `/usr/local/src/jekyll-research/wmd_files/Selection_Gradients'
Make succeeded.
Thu Jun 18 22:15:29 2015
