Tue Jan  6 16:54:33 2015
/usr/bin/make -C /usr/local/src/jekyll-research/wmd_files/Selection_Gradients \
    maclev-2-2-popdyn.sage.out.html
Including .mk files: sage.mk sage-inline.mk 
Including .mk files from .step files: maclev-1-1.sage.mk maclev-1-1-adap.sage.mk maclev-1-1-mc-adap-geom.sage.mk maclev-1-1-ak-adap-geom.sage.mk S-A-vector-field.sage.mk maclev-1-1-d1A-vector-field.sage.mk maclev-1-1-S-and-d1A-on-curve.sage.mk maclev-1-1-S-and-D-on-curve.sage.mk maclev-2-2-c-popdyn.sage.mk maclev-2-2-c-adap.sage.mk maclev-2-2-c-p.sage.mk maclev-2-2-c-zngi.sage.mk maclev-2-2-c-geom.sage.mk maclev_2_2_defs.py.mk maclev-2-2-popdyn.sage.mk maclev-2-2-adap.sage.mk maclev-2-2-p.sage.mk maclev-2-2-zngi.sage.mk maclev-2-2-geom.sage.mk maclevmodels.py.mk lotkavolterra.py.mk maclev-2-2-zngi-invasion.sage.mk
Including .mk files from .sage-inline files: avec.sage.mk a-careful.sage.mk
Including .tex.d files: 
make: Entering directory `/usr/local/src/jekyll-research/wmd_files/Selection_Gradients'
/usr/bin/make --no-print-directory -C /usr/local/src/jekyll-research/wmd_files/SageDynamicsRepo/SageDynamics dynamicalsystems.py
Including .mk files:  
Including .tex.d files: 
make[1]: Nothing to be done for `dynamicalsystems.py'.
touch maclev-2-2-popdyn.sage.tried
rm -f maclev-2-2-popdyn.sage.out maclev-2-2-popdyn.sage.status maclev-2-2-popdyn.sage.out.tex maclev-2-2-popdyn.sobj maclev-2-2-popdyn.png maclev-2-2-r-zngis.png maclev-2-2-c-vs-u.png 
(sage maclev-2-2-popdyn.sage && touch maclev-2-2-popdyn.sage.status) | tee maclev-2-2-popdyn.sage.dmp
start
apply bindings: {gamma: 1, c_1_0: 1/(5*u_1^2 + 1), c_i_0: 1/(5*u_i^2 + 1), m_1: 1, c_0_0: 1/(5*u_0^2 + 1), m_i: 1, m_0: 1, c_0_1: 1/(5*(u_0 - 1)^2 + 1), b_i: 1, c_1_1: 1/(5*(u_1 - 1)^2 + 1), b_1: 1, c_i_1: 1/(5*(u_i - 1)^2 + 1), b_0: 1}, {}
plot state space
plot c vs u
interior eq: ((2*c_0_1*c_1_0^2 - 2*(c_0_0 + c_0_1)*c_1_0*c_1_1 + 2*c_0_0*c_1_1^2 - (c_1_0^2 + c_1_1^2)*m_0 + (c_0_0*c_1_0 + c_0_1*c_1_1)*m_1)/(c_0_1^2*c_1_0^2 - 2*c_0_0*c_0_1*c_1_0*c_1_1 + c_0_0^2*c_1_1^2), -(2*(c_0_0*c_0_1 - c_0_1^2)*c_1_0 - 2*(c_0_0^2 - c_0_0*c_0_1)*c_1_1 - (c_0_0*c_1_0 + c_0_1*c_1_1)*m_0 + (c_0_0^2 + c_0_1^2)*m_1)/(c_0_1^2*c_1_0^2 - 2*c_0_0*c_0_1*c_1_0*c_1_1 + c_0_0^2*c_1_1^2))
coexistence criteria: [
[-c_0_1*c_1_0 + c_0_0*c_1_1 != 0, 2*c_0_1*c_1_0^2 - 2*c_0_0*c_1_0*c_1_1 - 2*c_0_1*c_1_0*c_1_1 + 2*c_0_0*c_1_1^2 - c_1_0^2*m_0 - c_1_1^2*m_0 + c_0_0*c_1_0*m_1 + c_0_1*c_1_1*m_1 > 0, -c_0_1*c_1_0 + c_0_0*c_1_1 != 0, -2*c_0_0*c_0_1*c_1_0 + 2*c_0_1^2*c_1_0 + 2*c_0_0^2*c_1_1 - 2*c_0_0*c_0_1*c_1_1 + c_0_0*c_1_0*m_0 + c_0_1*c_1_1*m_0 - c_0_0^2*m_1 - c_0_1^2*m_1 > 0]
]
[ -e maclev-2-2-popdyn.sage.status ] && (rm -f maclev-2-2-popdyn.sage.status && mv maclev-2-2-popdyn.sage.dmp maclev-2-2-popdyn.sage.out) || exit 1
latexml  --destination=maclev-2-2-popdyn.sage.out.latexml.xml maclev-2-2-popdyn.sage.out.tex
latexml (LaTeXML version v0.8.0; revision 70f0ce4)
processing started Tue Jan  6 16:54:46 2015

(Digesting TeX maclev-2-2-popdyn.sage.out...
(Loading /usr/local/share/perl/5.18.2/LaTeXML/Package/TeX.pool.ltxml...
(Loading /usr/local/share/perl/5.18.2/LaTeXML/Package/eTeX.pool.ltxml... 0.01 sec)
(Loading /usr/local/share/perl/5.18.2/LaTeXML/Package/pdfTeX.pool.ltxml... 0.01 sec) 0.32 sec)
(Processing content /usr/local/src/jekyll-research/wmd_files/Selection_Gradients/maclev-2-2-popdyn.sage.out.tex...
(Loading /usr/local/share/perl/5.18.2/LaTeXML/Package/LaTeX.pool.ltxml... 0.30 sec)
(Loading /usr/local/share/perl/5.18.2/LaTeXML/Package/article.cls.ltxml... 0.03 sec)
(Loading /usr/local/share/perl/5.18.2/LaTeXML/Package/amsmath.sty.ltxml...
(Loading /usr/local/share/perl/5.18.2/LaTeXML/Package/amsbsy.sty.ltxml... 0.00 sec)
(Loading /usr/local/share/perl/5.18.2/LaTeXML/Package/amstext.sty.ltxml... 0.00 sec)
(Loading /usr/local/share/perl/5.18.2/LaTeXML/Package/amsopn.sty.ltxml... 0.01 sec) 0.08 sec)
(Loading /usr/local/share/perl/5.18.2/LaTeXML/Package/amssymb.sty.ltxml...
(Loading /usr/local/share/perl/5.18.2/LaTeXML/Package/amsfonts.sty.ltxml... 0.01 sec) 0.05 sec)
(Loading /usr/local/share/perl/5.18.2/LaTeXML/Package/graphicx.sty.ltxml...
(Loading /usr/local/share/perl/5.18.2/LaTeXML/Package/graphics.sty.ltxml... 0.01 sec) 0.04 sec)
(Loading /usr/local/share/perl/5.18.2/LaTeXML/Package/inputenc.sty.ltxml...
(Loading /usr/local/share/perl/5.18.2/LaTeXML/Package/utf8.def.ltxml... 0.00 sec) 0.02 sec)
(Loading /usr/local/share/perl/5.18.2/LaTeXML/Package/fontenc.sty.ltxml...
(Loading /usr/local/share/perl/5.18.2/LaTeXML/Package/t1enc.def.ltxml...
(Processing definitions /usr/share/texlive/texmf-dist/tex/latex/base/t1enc.def...
(Loading /usr/local/share/perl/5.18.2/LaTeXML/Package/t1.fontmap.ltxml... 0.00 sec) 0.14 sec) 0.18 sec) 0.19 sec) 1.64 sec) 1.96 sec)
(Building...
(Loading compiled schema /usr/local/share/perl/5.18.2/LaTeXML/resources/RelaxNG/LaTeXML.model... 0.03 sec)....................................................................................... 2.43 sec)
(Rewriting... 0.12 sec)
(Math Parsing...58 formulae ...[1][2][3][4][5][6][7][8][9][10][11][12][13][14][15][16][17][18][19][20][21][22][23][24][25][26][27][28][29][30][31][32][33][34][35][36][37][38][39][40][41][42][43][44][45][46][47][48][49][50][51][52][53][54][55][56][57][58]
Math parsing succeeded:
   ltx:XMArg: 520/520
   ltx:XMath: 58/58
Symbols assumed as simple identifiers (with # of occurences):
   'K{italic}' (8), 'R{italic}' (28), 'X{italic}' (52), 'b{italic}' (29), 'c{italic}' (172), 'd{italic}' (24), 'm{italic}' (33), 'r{italic}' (16), 't{italic}' (12), 'u{italic}' (12), 'w{italic}' (8)
 4.97 sec)
(Finalizing... 0.54 sec)
Conversion complete: No obvious problems.
processing finished Tue Jan  6 16:54:56 2015
Updating .workingwiki/maclev-2-2-popdyn.sage.out.latexml.xml
rm -f maclev-2-2-popdyn.sage.out.latexml.html5
bibxmls=`perl -ne '($_)=/^[^%]*\\\bibliography\{([^\\\\#]*?)\}/;@_=split /,/;foreach $b (@_) { $b =~ s/\.bib$//; print "$b.bib.xml "}' maclev-2-2-popdyn.sage.out.latexml.xml`; bibxargs=`perl -ne '($_)=/^[^%]*\\\bibliography\{([^\\\\#]*?)\}/;@_=split /,/;foreach $b (@_) { $b =~ s/\.bib$//; print "--bibliography=$b.bib.xml "}' maclev-2-2-popdyn.sage.out.latexml.xml` && \
	(test -z "$bibxmls" || /usr/bin/make -f /usr/local/src/workingwiki-trunk/ProjectEngine/resources/makefile $bibxmls) && \
	lxpost="latexmlpost --noplane1 --novalidate --destination=maclev-2-2-popdyn.sage.out.intermediate.latexml.html5 --format=html5 $bibxargs maclev-2-2-popdyn.sage.out.latexml.xml" && echo $lxpost && $lxpost
latexmlpost --noplane1 --novalidate --destination=maclev-2-2-popdyn.sage.out.intermediate.latexml.html5 --format=html5 maclev-2-2-popdyn.sage.out.latexml.xml
latexmlpost (LaTeXML version v0.8.0; revision 70f0ce4)
processing started Tue Jan  6 16:54:57 2015
(maclev-2-2-popdyn.sage.out.intermediate.latexml.html5 post-processing...
(Scan maclev-2-2-popdyn.sage.out.intermediate.latexml.html5 processing...
(CrossRef maclev-2-2-popdyn.sage.out.intermediate.latexml.html5 processing...
(MathML::Presentation maclev-2-2-popdyn.sage.out.intermediate.latexml.html5 58 to process...
(XSLT maclev-2-2-popdyn.sage.out.intermediate.latexml.html5 processing...
(Writer maclev-2-2-popdyn.sage.out.intermediate.latexml.html5 processing... 0.94 sec)
Postprocessing complete: No obvious problems
processing finished Tue Jan  6 16:54:58 2015
/usr/local/src/workingwiki-trunk/ProjectEngine/resources/wiki-inclusion.latexml.pl maclev-2-2-popdyn.sage.out.intermediate.latexml.html5 >maclev-2-2-popdyn.sage.out.latexml.html5
ln -f maclev-2-2-popdyn.sage.out.latexml.html5 maclev-2-2-popdyn.sage.out.latexml.html
ln -f maclev-2-2-popdyn.sage.out.latexml.html maclev-2-2-popdyn.sage.out.html
rm maclev-2-2-popdyn.sage.out.latexml.xml maclev-2-2-popdyn.sage.out.latexml.html5 maclev-2-2-popdyn.sage.out.latexml.html
make: Leaving directory `/usr/local/src/jekyll-research/wmd_files/Selection_Gradients'
Make succeeded.
Tue Jan  6 16:54:58 2015
