Tue Jan  6 16:50:35 2015
/usr/bin/make -C /usr/local/src/jekyll-research/wmd_files/Selection_Gradients \
    maclev-1-1-ak-adap-geom.sage.out.html
Including .mk files: sage.mk sage-inline.mk 
Including .mk files from .step files: maclev-1-1.sage.mk maclev-1-1-adap.sage.mk maclev-1-1-mc-adap-geom.sage.mk maclev-1-1-ak-adap-geom.sage.mk S-A-vector-field.sage.mk maclev-1-1-d1A-vector-field.sage.mk maclev-1-1-S-and-d1A-on-curve.sage.mk maclev-1-1-S-and-D-on-curve.sage.mk maclev-2-2-c-popdyn.sage.mk maclev-2-2-c-adap.sage.mk maclev-2-2-c-p.sage.mk maclev-2-2-c-zngi.sage.mk maclev-2-2-c-geom.sage.mk maclev_2_2_defs.py.mk maclev-2-2-popdyn.sage.mk maclev-2-2-adap.sage.mk maclev-2-2-p.sage.mk maclev-2-2-zngi.sage.mk maclev-2-2-geom.sage.mk maclevmodels.py.mk lotkavolterra.py.mk maclev-2-2-zngi-invasion.sage.mk
Including .mk files from .sage-inline files: avec.sage.mk a-careful.sage.mk
Including .tex.d files: 
make: Entering directory `/usr/local/src/jekyll-research/wmd_files/Selection_Gradients'
/usr/bin/make --no-print-directory -C /usr/local/src/jekyll-research/wmd_files/SageDynamicsRepo/SageAdaptiveDynamics adaptivedynamics.py
Including .mk files:  
Including .tex.d files: 
make[1]: Nothing to be done for `adaptivedynamics.py'.
/usr/bin/make --no-print-directory -C /usr/local/src/jekyll-research/wmd_files/SageDynamicsRepo/SageDynamics dynamicalsystems.py
Including .mk files:  
Including .tex.d files: 
make[1]: Nothing to be done for `dynamicalsystems.py'.
touch maclev-1-1-ak-adap-geom.sage.tried
rm -f maclev-1-1-ak-adap-geom.sage.out maclev-1-1-ak-adap-geom.sage.status maclev-1-1-ak-adap-geom.png maclev-1-1-ak-adap-geom.sage.out.tex
(sage maclev-1-1-ak-adap-geom.sage && touch maclev-1-1-ak-adap-geom.sage.status) | tee maclev-1-1-ak-adap-geom.sage.dmp
ad bindings: {c_i_0: u_i, w_0: 1, gamma: 1, Rhat_0: -(2*u_0 - 1)/u_0 + 2, R_0: -X_0*u_0 + 2, K_0: 2, r_0: 1, b_0: 1, c_0_0: u_0, b_i: 1, m_i: 1, m_0: 1, Xhat_0: (2*u_0 - 1)/u_0^2}, {}
model bindings: {Rhat_0: -(Xhat_0*c_0_0 - K_0*r_0)/r_0, R_0: -(X_0*c_0_0 - K_0*r_0)/r_0}, {}
_early_bindings: {c_i_0: u_i, b_0: 1, c_0_0: u_0, b_i: 1, m_i: 1, m_0: 1}, {}
_late_bindings: {}, {}
make LV model
Inferring LV coefficients from X_0 equation: K_0*X_0*b_0*c_0_0*w_0 - X_0^2*b_0*c_0_0^2*w_0/r_0 - X_0*b_0*m_0
k_0 : K_0*b_0*c_0_0*w_0 - b_0*m_0
_A_bindings: {k_0: K_0*b_0*c_0_0*w_0 - b_0*m_0, a_0_0: -b_0*c_0_0^2*w_0/r_0}, {}
Inferring LV coefficients from X_0 equation: K_0*X_0*u_0*w_0 - X_0^2*u_0^2*w_0/r_0 - X_0*X_i*u_0*u_i*w_0/r_0 - X_0
a_0_i : -u_0*u_i*w_0/r_0
k_0 : K_0*u_0*w_0 - 1
Inferring LV coefficients from X_i equation: K_0*X_i*u_i*w_0 - X_0*X_i*u_0*u_i*w_0/r_0 - X_i^2*u_i^2*w_0/r_0 - X_i
a_i_0 : -u_0*u_i*w_0/r_0
k_i : K_0*u_i*w_0 - 1
a_to_u_bindings: {c_i_0: u_i, w_0: 1, gamma: 1, a_0_i: -u_0*u_i, a_i_i: -u_i^2, R_0: -X_0*u_0 + 2, K_0: 2, r_0: 1, b_0: 1, c_0_0: u_0, Rhat_0: -(2*u_0 - 1)/u_0 + 2, a_i_0: -u_0*u_i, m_i: 1, m_0: 1, a_0_0: -u_0^2, k_0: 2*u_0 - 1, b_i: 1, k_i: 2*u_i - 1, Xhat_0: (2*u_0 - 1)/u_0^2}, {}
a_func: (u_0, u_i) |--> -u_0*u_i
r_func: u_0 |--> 2*u_0 - 1
make LV adaptive dynamics
Original pop-dyn system: 
\[ \begin{align*}
\frac{dX_{0}}{dt} &= {\left(X_{0} a_{00} + k_{0}\right)} X_{0}
\end{align*} \
 \]
 Extended pop-dyn system: 
\[ \begin{align*}
\frac{dX_{0}}{dt} &= {\left(X_{0} a_{00} + X_{i} a_{0i} + k_{0}\right)} X_{0}\\
\frac{dX_{i}}{dt} &= {\left(X_{0} a_{i0} + X_{i} a_{ii} + k_{i}\right)} X_{i}
\end{align*} \
 \]
 The invasion rate for population $i$ is:
\begin{align*}
  \mathscr I = \frac{1}{X_{i}}\frac{dX_{i}}{dt} &= X_{0} a_{i0} + X_{i} a_{ii} + k_{i} 
\end{align*}
 And the invasion exponent is
\begin{align*}
  \frac{\partial\mathscr I}{\partial k_{0}} = \lim_{k_{i}\to k_{0},a_{i0}\to a_{00},X_{i}\to0}1\\
  \frac{\partial\mathscr I}{\partial a_{00}} = \lim_{k_{i}\to k_{0},a_{i0}\to a_{00},X_{i}\to0}X_{0} .
\end{align*}
 Which comes out to
\begin{align*}
  \frac{\partial\mathscr I}{\partial k_{0}} = 1\\
  \frac{\partial\mathscr I}{\partial a_{00}} = X_{0} .
\end{align*}
 \[ \mathbf S \left(\begin{array}{c}
  k_{0}\\
  a_{00}
\end{array}\right) = \left(\begin{array}{c}
  1\\
  \hat{X}_{0}
\end{array}\right) \]
 Equilibrium of the population dynamics: 
\[ \begin{align*}
  X_{0} &\to \hat{X}_{0}
\end{align*} \
 \]
 The adaptive dynamics comes out to 
\[ \begin{align*}
\frac{dk_{0}}{dt} &= \hat{X}_{0} \gamma\\
\frac{da_{00}}{dt} &= \hat{X}_{0}^{2} \gamma
\end{align*} \
 \]

make LV evolution bindings
[ -e maclev-1-1-ak-adap-geom.sage.status ] && (rm -f maclev-1-1-ak-adap-geom.sage.status && mv maclev-1-1-ak-adap-geom.sage.dmp maclev-1-1-ak-adap-geom.sage.out) || exit 1
latexml  --destination=maclev-1-1-ak-adap-geom.sage.out.latexml.xml maclev-1-1-ak-adap-geom.sage.out.tex
latexml (LaTeXML version v0.8.0; revision 70f0ce4)
processing started Tue Jan  6 16:51:15 2015

(Digesting TeX maclev-1-1-ak-adap-geom.sage.out...
(Loading /usr/local/share/perl/5.18.2/LaTeXML/Package/TeX.pool.ltxml...
(Loading /usr/local/share/perl/5.18.2/LaTeXML/Package/eTeX.pool.ltxml... 0.02 sec)
(Loading /usr/local/share/perl/5.18.2/LaTeXML/Package/pdfTeX.pool.ltxml... 0.01 sec) 0.36 sec)
(Processing content /usr/local/src/jekyll-research/wmd_files/Selection_Gradients/maclev-1-1-ak-adap-geom.sage.out.tex...
(Loading /usr/local/share/perl/5.18.2/LaTeXML/Package/LaTeX.pool.ltxml... 0.32 sec)
(Loading /usr/local/share/perl/5.18.2/LaTeXML/Package/article.cls.ltxml... 0.05 sec)
(Loading /usr/local/share/perl/5.18.2/LaTeXML/Package/amsmath.sty.ltxml...
(Loading /usr/local/share/perl/5.18.2/LaTeXML/Package/amsbsy.sty.ltxml... 0.02 sec)
(Loading /usr/local/share/perl/5.18.2/LaTeXML/Package/amstext.sty.ltxml... 0.03 sec)
(Loading /usr/local/share/perl/5.18.2/LaTeXML/Package/amsopn.sty.ltxml... 0.03 sec) 0.21 sec)
(Loading /usr/local/share/perl/5.18.2/LaTeXML/Package/amssymb.sty.ltxml...
(Loading /usr/local/share/perl/5.18.2/LaTeXML/Package/amsfonts.sty.ltxml... 0.01 sec) 0.07 sec)
(Loading /usr/local/share/perl/5.18.2/LaTeXML/Package/graphicx.sty.ltxml...
(Loading /usr/local/share/perl/5.18.2/LaTeXML/Package/graphics.sty.ltxml... 0.01 sec) 0.05 sec)
(Loading /usr/local/share/perl/5.18.2/LaTeXML/Package/inputenc.sty.ltxml...
(Loading /usr/local/share/perl/5.18.2/LaTeXML/Package/utf8.def.ltxml... 0.00 sec) 0.02 sec)
(Loading /usr/local/share/perl/5.18.2/LaTeXML/Package/fontenc.sty.ltxml...
(Loading /usr/local/share/perl/5.18.2/LaTeXML/Package/t1enc.def.ltxml...
(Processing definitions /usr/share/texlive/texmf-dist/tex/latex/base/t1enc.def...
(Loading /usr/local/share/perl/5.18.2/LaTeXML/Package/t1.fontmap.ltxml... 0.01 sec) 0.16 sec) 0.37 sec) 0.39 sec) 1.33 sec) 1.70 sec)
(Building...
(Loading compiled schema /usr/local/share/perl/5.18.2/LaTeXML/resources/RelaxNG/LaTeXML.model... 0.05 sec)..... 0.30 sec)
(Rewriting... 0.01 sec)
(Math Parsing...3 formulae ...[1][2][3]
Math parsing succeeded:
   ltx:XMath: 3/3
   ltx:XMArg: 22/22
Symbols assumed as simple identifiers (with # of occurences):
   'S{bold}' (1), 'a{italic}' (2), 'd{italic}' (2), 'k{italic}' (2), 't{italic}' (1), 'u{italic}' (5)
Possibly used as functions?
  'S{bold}' (1/1 usages)
 0.33 sec)
(Finalizing... 0.03 sec)
Conversion complete: No obvious problems.
processing finished Tue Jan  6 16:51:18 2015
Updating .workingwiki/maclev-1-1-ak-adap-geom.sage.out.latexml.xml
rm -f maclev-1-1-ak-adap-geom.sage.out.latexml.html5
bibxmls=`perl -ne '($_)=/^[^%]*\\\bibliography\{([^\\\\#]*?)\}/;@_=split /,/;foreach $b (@_) { $b =~ s/\.bib$//; print "$b.bib.xml "}' maclev-1-1-ak-adap-geom.sage.out.latexml.xml`; bibxargs=`perl -ne '($_)=/^[^%]*\\\bibliography\{([^\\\\#]*?)\}/;@_=split /,/;foreach $b (@_) { $b =~ s/\.bib$//; print "--bibliography=$b.bib.xml "}' maclev-1-1-ak-adap-geom.sage.out.latexml.xml` && \
	(test -z "$bibxmls" || /usr/bin/make -f /usr/local/src/workingwiki-trunk/ProjectEngine/resources/makefile $bibxmls) && \
	lxpost="latexmlpost --noplane1 --novalidate --destination=maclev-1-1-ak-adap-geom.sage.out.intermediate.latexml.html5 --format=html5 $bibxargs maclev-1-1-ak-adap-geom.sage.out.latexml.xml" && echo $lxpost && $lxpost
latexmlpost --noplane1 --novalidate --destination=maclev-1-1-ak-adap-geom.sage.out.intermediate.latexml.html5 --format=html5 maclev-1-1-ak-adap-geom.sage.out.latexml.xml
latexmlpost (LaTeXML version v0.8.0; revision 70f0ce4)
processing started Tue Jan  6 16:51:19 2015
(maclev-1-1-ak-adap-geom.sage.out.intermediate.latexml.html5 post-processing...
(Scan maclev-1-1-ak-adap-geom.sage.out.intermediate.latexml.html5 processing...
(CrossRef maclev-1-1-ak-adap-geom.sage.out.intermediate.latexml.html5 processing...
(MathML::Presentation maclev-1-1-ak-adap-geom.sage.out.intermediate.latexml.html5 3 to process...
(XSLT maclev-1-1-ak-adap-geom.sage.out.intermediate.latexml.html5 processing...
(Writer maclev-1-1-ak-adap-geom.sage.out.intermediate.latexml.html5 processing... 0.10 sec)
Postprocessing complete: No obvious problems
processing finished Tue Jan  6 16:51:19 2015
/usr/local/src/workingwiki-trunk/ProjectEngine/resources/wiki-inclusion.latexml.pl maclev-1-1-ak-adap-geom.sage.out.intermediate.latexml.html5 >maclev-1-1-ak-adap-geom.sage.out.latexml.html5
ln -f maclev-1-1-ak-adap-geom.sage.out.latexml.html5 maclev-1-1-ak-adap-geom.sage.out.latexml.html
ln -f maclev-1-1-ak-adap-geom.sage.out.latexml.html maclev-1-1-ak-adap-geom.sage.out.html
rm maclev-1-1-ak-adap-geom.sage.out.latexml.html5 maclev-1-1-ak-adap-geom.sage.out.latexml.xml maclev-1-1-ak-adap-geom.sage.out.latexml.html
make: Leaving directory `/usr/local/src/jekyll-research/wmd_files/Selection_Gradients'
Make succeeded.
Tue Jan  6 16:51:19 2015
