Thu Jun 18 22:17:26 2015
/usr/bin/make -C /usr/local/src/jekyll-research/wmd_files/Selection_Gradients \
    maclev-2-2-p.sage.out.html
Including .mk files: sage.mk sage-inline.mk 
Including .mk files from .step files: foodweb.py.mk foodweb.sage.mk foodweb.plot.sage.mk foodweb-2-2.sage.mk foodweb-2-2.plot.sage.mk maclev-1-1.sage.mk maclev-1-1-adap.sage.mk maclev-1-1-mc-adap-geom.sage.mk maclev-1-1-ak-adap-geom.sage.mk S-A-vector-field.sage.mk maclev-1-1-d1A-vector-field.sage.mk maclev-1-1-S-and-d1A-on-curve.sage.mk maclev-1-1-S-and-D-on-curve.sage.mk maclev_1_2_defs.py.mk maclev-1-2-popdyn.sage.mk maclev-1-2-adap.sage.mk maclev-1-2-p.sage.mk maclev-1-2-zngi.sage.mk maclev-1-2-geom.sage.mk maclev_unconstrained_c.py.mk maclev-2-2-c-popdyn.sage.mk maclev-2-2-c-adap.sage.mk maclev-2-2-c-p.sage.mk maclev-2-2-c-zngi.sage.mk maclev-2-2-c-geom.sage.mk maclev_2_2_defs.py.mk maclev-2-2-popdyn.sage.mk maclev-2-2-adap.sage.mk maclev-2-2-p.sage.mk maclev-2-2-zngi.sage.mk maclev-2-2-geom.sage.mk maclev_a_only_defs.py.mk maclev-a-only-popdyn.sage.mk maclev-a-only-adap.sage.mk maclev-a-only-p.sage.mk maclev-a-only-zngi.sage.mk maclev-a-only-geom.sage.mk maclev_a_c.py.mk maclev-2-2-a-c-popdyn.sage.mk maclev-2-2-a-c-adap.sage.mk maclev-2-2-a-c-p.sage.mk maclev-2-2-a-c-zngi.sage.mk maclev-2-2-a-c-geom.sage.mk maclevmodels.py.mk statmech.py.mk statmech-assemble.sage.mk statmech-assemble-plot.sage.mk statmech-evol.sage.mk statmech-evol-plot.sage.mk toc.sage.mk maclev-2-2-zngi-invasion.sage.mk lotkavolterra.py.mk
Including .mk files from .sage-inline files: avec.sage.mk a-careful.sage.mk
Including .tex.d files: foodweb-2-2.tikz.tex.d foodweb.tikz.tex.d
make: Entering directory `/usr/local/src/jekyll-research/wmd_files/Selection_Gradients'
/usr/bin/make --no-print-directory -C /usr/local/src/jekyll-research/wmd_files/SageDynamicsRepo/SageDynamics dynamicalsystems.py
Including .mk files:  
Including .tex.d files: 
make[1]: Nothing to be done for `dynamicalsystems.py'.
/usr/bin/make --no-print-directory -C /usr/local/src/jekyll-research/wmd_files/SageDynamicsRepo/SageAdaptiveDynamics adaptivedynamics.py
Including .mk files:  
Including .tex.d files: 
make[1]: Nothing to be done for `adaptivedynamics.py'.
rm -f maclev-2-2-p.sage.out maclev-2-2-p.sage.status maclev-2-2-p.sage.out.tex maclev-2-2-c-vs-t.png maclev-2-2-c-vs-c.png maclev-2-2-total-c-vs-u.png
(sage maclev-2-2-p.sage && touch maclev-2-2-p.sage.status) | tee maclev-2-2-p.sage.dmp
set_population_indices: [0, 1]
set_population_indices: [0, 1]
set_population_indices: [0, 1]
set_population_indices: [0, 1]
set_population_indices: [0, 1, 2]
set_population_indices: [0, 1, 2]
The invasion rate for mutant population is:
\begin{align*}
  \mathscr I = \frac{1}{X_{2}}\frac{dX_{2}}{dt} &= -{\left(\frac{{\left(X_{0} {c}_{00} + X_{1} {c}_{10} + X_{2} {c}_{20} - K_{0} r_{0}\right)} {c}_{20} w_{0}}{r_{0}} + \frac{{\left(X_{0} {c}_{01} + X_{1} {c}_{11} + X_{2} {c}_{21} - K_{1} r_{1}\right)} {c}_{21} w_{1}}{r_{1}} + m_{2}\right)} b_{2} 
\end{align*}

limit as {c_2_1: c_0_1, b_2: b_0, m_2: m_0, c_2_0: c_0_0}
after those limits:
   (K_0*c_0_0*r_0*r_1*w_0 + K_1*c_0_1*r_0*r_1*w_1 - m_0*r_0*r_1 - (c_0_0^2*r_1*w_0 + c_0_1^2*r_0*w_1)*X_0 - (c_0_0*c_1_0*r_1*w_0 + c_0_1*c_1_1*r_0*w_1)*X_1 - (c_0_0^2*r_1*w_0 + c_0_1^2*r_0*w_1)*X_2)/(r_0*r_1)
  -b_0
  -(X_0*b_0*c_0_0*w_0 + 2*X_2*b_0*c_0_0*w_0 + X_1*b_0*c_1_0*w_0 - K_0*b_0*r_0*w_0)/r_0
  K_1*b_0*w_1 - X_0*b_0*c_0_1*w_1/r_1 - 2*X_2*b_0*c_0_1*w_1/r_1 - X_1*b_0*c_1_1*w_1/r_1
set_population_indices: [0, 1, 2]
set_population_indices: [0, 1, 2]
The invasion rate for mutant population is:
\begin{align*}
  \mathscr I = \frac{1}{X_{2}}\frac{dX_{2}}{dt} &= -{\left(\frac{{\left(X_{0} {c}_{00} + X_{1} {c}_{10} + X_{2} {c}_{20} - K_{0} r_{0}\right)} {c}_{20} w_{0}}{r_{0}} + \frac{{\left(X_{0} {c}_{01} + X_{1} {c}_{11} + X_{2} {c}_{21} - K_{1} r_{1}\right)} {c}_{21} w_{1}}{r_{1}} + m_{2}\right)} b_{2} 
\end{align*}

limit as {c_2_1: c_1_1, b_2: b_1, m_2: m_1, c_2_0: c_1_0}
after those limits:
   (K_0*c_1_0*r_0*r_1*w_0 + K_1*c_1_1*r_0*r_1*w_1 - m_1*r_0*r_1 - (c_0_0*c_1_0*r_1*w_0 + c_0_1*c_1_1*r_0*w_1)*X_0 - (c_1_0^2*r_1*w_0 + c_1_1^2*r_0*w_1)*X_1 - (c_1_0^2*r_1*w_0 + c_1_1^2*r_0*w_1)*X_2)/(r_0*r_1)
  -b_1
  -(X_0*b_1*c_0_0*w_0 + X_1*b_1*c_1_0*w_0 + 2*X_2*b_1*c_1_0*w_0 - K_0*b_1*r_0*w_0)/r_0
  K_1*b_1*w_1 - X_0*b_1*c_0_1*w_1/r_1 - X_1*b_1*c_1_1*w_1/r_1 - 2*X_2*b_1*c_1_1*w_1/r_1
Original pop-dyn system: 
\[\iflatexml
\begin{align*}
\frac{dX_{0}}{dt} &= -{\left({\left(X_{0} {c}_{00} + X_{1} {c}_{10} - 2\right)} {c}_{00} + {\left(X_{0} {c}_{01} + X_{1} {c}_{11} - 2\right)} {c}_{01} + m_{0}\right)} X_{0} b_{0}\\
\frac{dX_{1}}{dt} &= -{\left({\left(X_{0} {c}_{00} + X_{1} {c}_{10} - 2\right)} {c}_{10} + {\left(X_{0} {c}_{01} + X_{1} {c}_{11} - 2\right)} {c}_{11} + m_{1}\right)} X_{1} b_{1}
\end{align*}
\else
\begin{dgroup*}
\begin{dmath*}
\frac{dX_{0}}{dt} = -{\left({\left(X_{0} {c}_{00} + X_{1} {c}_{10} - 2\right)} {c}_{00} + {\left(X_{0} {c}_{01} + X_{1} {c}_{11} - 2\right)} {c}_{01} + m_{0}\right)} X_{0} b_{0}\end{dmath*}
\begin{dmath*}
\frac{dX_{1}}{dt} = -{\left({\left(X_{0} {c}_{00} + X_{1} {c}_{10} - 2\right)} {c}_{10} + {\left(X_{0} {c}_{01} + X_{1} {c}_{11} - 2\right)} {c}_{11} + m_{1}\right)} X_{1} b_{1}
\end{dmath*}
\end{dgroup*}
\fi
\]
Extended pop-dyn system: 
\[\iflatexml
\begin{align*}
\frac{dX_{0}}{dt} &= -{\left(\frac{{\left(X_{0} {c}_{00} + X_{1} {c}_{10} + X_{2} {c}_{20} - K_{0} r_{0}\right)} {c}_{00} w_{0}}{r_{0}} + \frac{{\left(X_{0} {c}_{01} + X_{1} {c}_{11} + X_{2} {c}_{21} - K_{1} r_{1}\right)} {c}_{01} w_{1}}{r_{1}} + m_{0}\right)} X_{0} b_{0}\\
\frac{dX_{1}}{dt} &= -{\left(\frac{{\left(X_{0} {c}_{00} + X_{1} {c}_{10} + X_{2} {c}_{20} - K_{0} r_{0}\right)} {c}_{10} w_{0}}{r_{0}} + \frac{{\left(X_{0} {c}_{01} + X_{1} {c}_{11} + X_{2} {c}_{21} - K_{1} r_{1}\right)} {c}_{11} w_{1}}{r_{1}} + m_{1}\right)} X_{1} b_{1}\\
\frac{dX_{2}}{dt} &= -{\left(\frac{{\left(X_{0} {c}_{00} + X_{1} {c}_{10} + X_{2} {c}_{20} - K_{0} r_{0}\right)} {c}_{20} w_{0}}{r_{0}} + \frac{{\left(X_{0} {c}_{01} + X_{1} {c}_{11} + X_{2} {c}_{21} - K_{1} r_{1}\right)} {c}_{21} w_{1}}{r_{1}} + m_{2}\right)} X_{2} b_{2}
\end{align*}
\else
\begin{dgroup*}
\begin{dmath*}
\frac{dX_{0}}{dt} = -{\left(\frac{{\left(X_{0} {c}_{00} + X_{1} {c}_{10} + X_{2} {c}_{20} - K_{0} r_{0}\right)} {c}_{00} w_{0}}{r_{0}} + \frac{{\left(X_{0} {c}_{01} + X_{1} {c}_{11} + X_{2} {c}_{21} - K_{1} r_{1}\right)} {c}_{01} w_{1}}{r_{1}} + m_{0}\right)} X_{0} b_{0}\end{dmath*}
\begin{dmath*}
\frac{dX_{1}}{dt} = -{\left(\frac{{\left(X_{0} {c}_{00} + X_{1} {c}_{10} + X_{2} {c}_{20} - K_{0} r_{0}\right)} {c}_{10} w_{0}}{r_{0}} + \frac{{\left(X_{0} {c}_{01} + X_{1} {c}_{11} + X_{2} {c}_{21} - K_{1} r_{1}\right)} {c}_{11} w_{1}}{r_{1}} + m_{1}\right)} X_{1} b_{1}\end{dmath*}
\begin{dmath*}
\frac{dX_{2}}{dt} = -{\left(\frac{{\left(X_{0} {c}_{00} + X_{1} {c}_{10} + X_{2} {c}_{20} - K_{0} r_{0}\right)} {c}_{20} w_{0}}{r_{0}} + \frac{{\left(X_{0} {c}_{01} + X_{1} {c}_{11} + X_{2} {c}_{21} - K_{1} r_{1}\right)} {c}_{21} w_{1}}{r_{1}} + m_{2}\right)} X_{2} b_{2}
\end{dmath*}
\end{dgroup*}
\fi
\]
 The invasion rate for mutant population is:
\begin{align*}
  \mathscr I = \frac{1}{X_{2}}\frac{dX_{2}}{dt} &= -{\left(\frac{{\left(X_{0} {c}_{00} + X_{1} {c}_{10} + X_{2} {c}_{20} - K_{0} r_{0}\right)} {c}_{20} w_{0}}{r_{0}} + \frac{{\left(X_{0} {c}_{01} + X_{1} {c}_{11} + X_{2} {c}_{21} - K_{1} r_{1}\right)} {c}_{21} w_{1}}{r_{1}} + m_{2}\right)} b_{2} 
\end{align*}
 And the invasion exponent is
\begin{align*}
  \frac{\partial\mathscr I}{\partial b_{0}} = \lim_{b_{2}\to b_{0},m_{2}\to m_{0},c_{20}\to c_{00},c_{21}\to c_{01},X_{2}\to0}-\frac{{\left(X_{0} {c}_{00} + X_{1} {c}_{10} + X_{2} {c}_{20} - K_{0} r_{0}\right)} {c}_{20} w_{0}}{r_{0}} - \frac{{\left(X_{0} {c}_{01} + X_{1} {c}_{11} + X_{2} {c}_{21} - K_{1} r_{1}\right)} {c}_{21} w_{1}}{r_{1}} - m_{2}\\
  \frac{\partial\mathscr I}{\partial m_{0}} = \lim_{b_{2}\to b_{0},m_{2}\to m_{0},c_{20}\to c_{00},c_{21}\to c_{01},X_{2}\to0}-b_{2}\\
  \frac{\partial\mathscr I}{\partial c_{00}} = \lim_{b_{2}\to b_{0},m_{2}\to m_{0},c_{20}\to c_{00},c_{21}\to c_{01},X_{2}\to0}-{\left(\frac{X_{2} {c}_{20} w_{0}}{r_{0}} + \frac{{\left(X_{0} {c}_{00} + X_{1} {c}_{10} + X_{2} {c}_{20} - K_{0} r_{0}\right)} w_{0}}{r_{0}}\right)} b_{2}\\
  \frac{\partial\mathscr I}{\partial c_{01}} = \lim_{b_{2}\to b_{0},m_{2}\to m_{0},c_{20}\to c_{00},c_{21}\to c_{01},X_{2}\to0}-{\left(\frac{X_{2} {c}_{21} w_{1}}{r_{1}} + \frac{{\left(X_{0} {c}_{01} + X_{1} {c}_{11} + X_{2} {c}_{21} - K_{1} r_{1}\right)} w_{1}}{r_{1}}\right)} b_{2} .
\end{align*}
 Which comes out to
\begin{align*}
  \frac{\partial\mathscr I}{\partial b_{0}} = \frac{K_{0} {c}_{00} r_{0} r_{1} w_{0} + K_{1} {c}_{01} r_{0} r_{1} w_{1} - m_{0} r_{0} r_{1} - {\left({c}_{00}^{2} r_{1} w_{0} + {c}_{01}^{2} r_{0} w_{1}\right)} X_{0} - {\left({c}_{00} {c}_{10} r_{1} w_{0} + {c}_{01} {c}_{11} r_{0} w_{1}\right)} X_{1}}{r_{0} r_{1}}\\
  \frac{\partial\mathscr I}{\partial m_{0}} = -b_{0}\\
  \frac{\partial\mathscr I}{\partial c_{00}} = -\frac{X_{0} b_{0} {c}_{00} w_{0} + X_{1} b_{0} {c}_{10} w_{0} - K_{0} b_{0} r_{0} w_{0}}{r_{0}}\\
  \frac{\partial\mathscr I}{\partial c_{01}} = -\frac{X_{0} b_{0} {c}_{01} w_{1} + X_{1} b_{0} {c}_{11} w_{1} - K_{1} b_{0} r_{1} w_{1}}{r_{1}} .
\end{align*}
 Original pop-dyn system: 
\[ \iflatexml
\begin{align*}
\frac{dX_{0}}{dt} &= -{\left({\left(X_{0} {c}_{00} + X_{1} {c}_{10} - 2\right)} {c}_{00} + {\left(X_{0} {c}_{01} + X_{1} {c}_{11} - 2\right)} {c}_{01} + m_{0}\right)} X_{0} b_{0}\\
\frac{dX_{1}}{dt} &= -{\left({\left(X_{0} {c}_{00} + X_{1} {c}_{10} - 2\right)} {c}_{10} + {\left(X_{0} {c}_{01} + X_{1} {c}_{11} - 2\right)} {c}_{11} + m_{1}\right)} X_{1} b_{1}
\end{align*}
\else
\begin{dgroup*}
\begin{dmath*}
\frac{dX_{0}}{dt} = -{\left({\left(X_{0} {c}_{00} + X_{1} {c}_{10} - 2\right)} {c}_{00} + {\left(X_{0} {c}_{01} + X_{1} {c}_{11} - 2\right)} {c}_{01} + m_{0}\right)} X_{0} b_{0}\end{dmath*}
\begin{dmath*}
\frac{dX_{1}}{dt} = -{\left({\left(X_{0} {c}_{00} + X_{1} {c}_{10} - 2\right)} {c}_{10} + {\left(X_{0} {c}_{01} + X_{1} {c}_{11} - 2\right)} {c}_{11} + m_{1}\right)} X_{1} b_{1}
\end{dmath*}
\end{dgroup*}
\fi
 \]
 Extended pop-dyn system: 
\[ \iflatexml
\begin{align*}
\frac{dX_{0}}{dt} &= -{\left(\frac{{\left(X_{0} {c}_{00} + X_{1} {c}_{10} + X_{2} {c}_{20} - K_{0} r_{0}\right)} {c}_{00} w_{0}}{r_{0}} + \frac{{\left(X_{0} {c}_{01} + X_{1} {c}_{11} + X_{2} {c}_{21} - K_{1} r_{1}\right)} {c}_{01} w_{1}}{r_{1}} + m_{0}\right)} X_{0} b_{0}\\
\frac{dX_{1}}{dt} &= -{\left(\frac{{\left(X_{0} {c}_{00} + X_{1} {c}_{10} + X_{2} {c}_{20} - K_{0} r_{0}\right)} {c}_{10} w_{0}}{r_{0}} + \frac{{\left(X_{0} {c}_{01} + X_{1} {c}_{11} + X_{2} {c}_{21} - K_{1} r_{1}\right)} {c}_{11} w_{1}}{r_{1}} + m_{1}\right)} X_{1} b_{1}\\
\frac{dX_{2}}{dt} &= -{\left(\frac{{\left(X_{0} {c}_{00} + X_{1} {c}_{10} + X_{2} {c}_{20} - K_{0} r_{0}\right)} {c}_{20} w_{0}}{r_{0}} + \frac{{\left(X_{0} {c}_{01} + X_{1} {c}_{11} + X_{2} {c}_{21} - K_{1} r_{1}\right)} {c}_{21} w_{1}}{r_{1}} + m_{2}\right)} X_{2} b_{2}
\end{align*}
\else
\begin{dgroup*}
\begin{dmath*}
\frac{dX_{0}}{dt} = -{\left(\frac{{\left(X_{0} {c}_{00} + X_{1} {c}_{10} + X_{2} {c}_{20} - K_{0} r_{0}\right)} {c}_{00} w_{0}}{r_{0}} + \frac{{\left(X_{0} {c}_{01} + X_{1} {c}_{11} + X_{2} {c}_{21} - K_{1} r_{1}\right)} {c}_{01} w_{1}}{r_{1}} + m_{0}\right)} X_{0} b_{0}\end{dmath*}
\begin{dmath*}
\frac{dX_{1}}{dt} = -{\left(\frac{{\left(X_{0} {c}_{00} + X_{1} {c}_{10} + X_{2} {c}_{20} - K_{0} r_{0}\right)} {c}_{10} w_{0}}{r_{0}} + \frac{{\left(X_{0} {c}_{01} + X_{1} {c}_{11} + X_{2} {c}_{21} - K_{1} r_{1}\right)} {c}_{11} w_{1}}{r_{1}} + m_{1}\right)} X_{1} b_{1}\end{dmath*}
\begin{dmath*}
\frac{dX_{2}}{dt} = -{\left(\frac{{\left(X_{0} {c}_{00} + X_{1} {c}_{10} + X_{2} {c}_{20} - K_{0} r_{0}\right)} {c}_{20} w_{0}}{r_{0}} + \frac{{\left(X_{0} {c}_{01} + X_{1} {c}_{11} + X_{2} {c}_{21} - K_{1} r_{1}\right)} {c}_{21} w_{1}}{r_{1}} + m_{2}\right)} X_{2} b_{2}
\end{dmath*}
\end{dgroup*}
\fi
 \]
 The invasion rate for mutant population is:
\begin{align*}
  \mathscr I = \frac{1}{X_{2}}\frac{dX_{2}}{dt} &= -{\left(\frac{{\left(X_{0} {c}_{00} + X_{1} {c}_{10} + X_{2} {c}_{20} - K_{0} r_{0}\right)} {c}_{20} w_{0}}{r_{0}} + \frac{{\left(X_{0} {c}_{01} + X_{1} {c}_{11} + X_{2} {c}_{21} - K_{1} r_{1}\right)} {c}_{21} w_{1}}{r_{1}} + m_{2}\right)} b_{2} 
\end{align*}
 And the invasion exponent is
\begin{align*}
  \frac{\partial\mathscr I}{\partial b_{1}} = \lim_{b_{2}\to b_{1},m_{2}\to m_{1},c_{20}\to c_{10},c_{21}\to c_{11},X_{2}\to0}-\frac{{\left(X_{0} {c}_{00} + X_{1} {c}_{10} + X_{2} {c}_{20} - K_{0} r_{0}\right)} {c}_{20} w_{0}}{r_{0}} - \frac{{\left(X_{0} {c}_{01} + X_{1} {c}_{11} + X_{2} {c}_{21} - K_{1} r_{1}\right)} {c}_{21} w_{1}}{r_{1}} - m_{2}\\
  \frac{\partial\mathscr I}{\partial m_{1}} = \lim_{b_{2}\to b_{1},m_{2}\to m_{1},c_{20}\to c_{10},c_{21}\to c_{11},X_{2}\to0}-b_{2}\\
  \frac{\partial\mathscr I}{\partial c_{10}} = \lim_{b_{2}\to b_{1},m_{2}\to m_{1},c_{20}\to c_{10},c_{21}\to c_{11},X_{2}\to0}-{\left(\frac{X_{2} {c}_{20} w_{0}}{r_{0}} + \frac{{\left(X_{0} {c}_{00} + X_{1} {c}_{10} + X_{2} {c}_{20} - K_{0} r_{0}\right)} w_{0}}{r_{0}}\right)} b_{2}\\
  \frac{\partial\mathscr I}{\partial c_{11}} = \lim_{b_{2}\to b_{1},m_{2}\to m_{1},c_{20}\to c_{10},c_{21}\to c_{11},X_{2}\to0}-{\left(\frac{X_{2} {c}_{21} w_{1}}{r_{1}} + \frac{{\left(X_{0} {c}_{01} + X_{1} {c}_{11} + X_{2} {c}_{21} - K_{1} r_{1}\right)} w_{1}}{r_{1}}\right)} b_{2} .
\end{align*}
 Which comes out to
\begin{align*}
  \frac{\partial\mathscr I}{\partial b_{1}} = \frac{K_{0} {c}_{10} r_{0} r_{1} w_{0} + K_{1} {c}_{11} r_{0} r_{1} w_{1} - m_{1} r_{0} r_{1} - {\left({c}_{00} {c}_{10} r_{1} w_{0} + {c}_{01} {c}_{11} r_{0} w_{1}\right)} X_{0} - {\left({c}_{10}^{2} r_{1} w_{0} + {c}_{11}^{2} r_{0} w_{1}\right)} X_{1}}{r_{0} r_{1}}\\
  \frac{\partial\mathscr I}{\partial m_{1}} = -b_{1}\\
  \frac{\partial\mathscr I}{\partial c_{10}} = -\frac{X_{0} b_{1} {c}_{00} w_{0} + X_{1} b_{1} {c}_{10} w_{0} - K_{0} b_{1} r_{0} w_{0}}{r_{0}}\\
  \frac{\partial\mathscr I}{\partial c_{11}} = -\frac{X_{0} b_{1} {c}_{01} w_{1} + X_{1} b_{1} {c}_{11} w_{1} - K_{1} b_{1} r_{1} w_{1}}{r_{1}} .
\end{align*}
 \[ \mathbf S \left(\begin{array}{c}
  b_{0}\\
  c_{10}\\
  {c}_{01}\\
  b_{1}\\
  m_{1}\\
  m_{0}\\
  {c}_{00}\\
  c_{11}
\end{array}\right) = \left(\begin{array}{c}
  \frac{K_{0} {c}_{00} r_{0} r_{1} w_{0} + K_{1} {c}_{01} r_{0} r_{1} w_{1} - m_{0} r_{0} r_{1} - {\left({c}_{00}^{2} r_{1} w_{0} + {c}_{01}^{2} r_{0} w_{1}\right)} \hat{X}_{0} - {\left({c}_{00} {c}_{10} r_{1} w_{0} + {c}_{01} {c}_{11} r_{0} w_{1}\right)} \hat{X}_{1}}{r_{0} r_{1}}\\
  -\frac{\hat{X}_{0} b_{1} {c}_{00} w_{0} + \hat{X}_{1} b_{1} {c}_{10} w_{0} - K_{0} b_{1} r_{0} w_{0}}{r_{0}}\\
  -\frac{\hat{X}_{0} b_{0} {c}_{01} w_{1} + \hat{X}_{1} b_{0} {c}_{11} w_{1} - K_{1} b_{0} r_{1} w_{1}}{r_{1}}\\
  \frac{K_{0} {c}_{10} r_{0} r_{1} w_{0} + K_{1} {c}_{11} r_{0} r_{1} w_{1} - m_{1} r_{0} r_{1} - {\left({c}_{00} {c}_{10} r_{1} w_{0} + {c}_{01} {c}_{11} r_{0} w_{1}\right)} \hat{X}_{0} - {\left({c}_{10}^{2} r_{1} w_{0} + {c}_{11}^{2} r_{0} w_{1}\right)} \hat{X}_{1}}{r_{0} r_{1}}\\
  -b_{1}\\
  -b_{0}\\
  -\frac{\hat{X}_{0} b_{0} {c}_{00} w_{0} + \hat{X}_{1} b_{0} {c}_{10} w_{0} - K_{0} b_{0} r_{0} w_{0}}{r_{0}}\\
  -\frac{\hat{X}_{0} b_{1} {c}_{01} w_{1} + \hat{X}_{1} b_{1} {c}_{11} w_{1} - K_{1} b_{1} r_{1} w_{1}}{r_{1}}
\end{array}\right) \]
 Equilibrium of the population dynamics: 
\[ \begin{align*}
  \hat{X}_{1} &\to -\frac{2 \, {\left({c}_{00} {c}_{01} - {c}_{01}^{2}\right)} {c}_{10} - 2 \, {\left({c}_{00}^{2} - {c}_{00} {c}_{01}\right)} {c}_{11} - {\left({c}_{00} {c}_{10} + {c}_{01} {c}_{11}\right)} m_{0} + {\left({c}_{00}^{2} + {c}_{01}^{2}\right)} m_{1}}{{c}_{01}^{2} {c}_{10}^{2} - 2 \, {c}_{00} {c}_{01} {c}_{10} {c}_{11} + {c}_{00}^{2} {c}_{11}^{2}} \\
  \hat{X}_{0} &\to \frac{2 \, {c}_{01} {c}_{10}^{2} - 2 \, {\left({c}_{00} + {c}_{01}\right)} {c}_{10} {c}_{11} + 2 \, {c}_{00} {c}_{11}^{2} - {\left({c}_{10}^{2} + {c}_{11}^{2}\right)} m_{0} + {\left({c}_{00} {c}_{10} + {c}_{01} {c}_{11}\right)} m_{1}}{{c}_{01}^{2} {c}_{10}^{2} - 2 \, {c}_{00} {c}_{01} {c}_{10} {c}_{11} + {c}_{00}^{2} {c}_{11}^{2}}
\end{align*} \]
 The adaptive dynamics comes out to 
\[ \iflatexml
\begin{align*}
\frac{db_{0}}{dt} &= -\frac{{\left(2 \, {c}_{01} {c}_{10}^{2} - 2 \, {\left({c}_{00} + {c}_{01}\right)} {c}_{10} {c}_{11} + 2 \, {c}_{00} {c}_{11}^{2} - {\left({c}_{10}^{2} + {c}_{11}^{2}\right)} m_{0} + {\left({c}_{00} {c}_{10} + {c}_{01} {c}_{11}\right)} m_{1}\right)} {\left(\frac{{\left(2 \, {c}_{01} {c}_{10}^{2} - 2 \, {\left({c}_{00} + {c}_{01}\right)} {c}_{10} {c}_{11} + 2 \, {c}_{00} {c}_{11}^{2} - {\left({c}_{10}^{2} + {c}_{11}^{2}\right)} m_{0} + {\left({c}_{00} {c}_{10} + {c}_{01} {c}_{11}\right)} m_{1}\right)} {\left({c}_{00}^{2} + {c}_{01}^{2}\right)}}{{c}_{01}^{2} {c}_{10}^{2} - 2 \, {c}_{00} {c}_{01} {c}_{10} {c}_{11} + {c}_{00}^{2} {c}_{11}^{2}} - \frac{{\left(2 \, {\left({c}_{00} {c}_{01} - {c}_{01}^{2}\right)} {c}_{10} - 2 \, {\left({c}_{00}^{2} - {c}_{00} {c}_{01}\right)} {c}_{11} - {\left({c}_{00} {c}_{10} + {c}_{01} {c}_{11}\right)} m_{0} + {\left({c}_{00}^{2} + {c}_{01}^{2}\right)} m_{1}\right)} {\left({c}_{00} {c}_{10} + {c}_{01} {c}_{11}\right)}}{{c}_{01}^{2} {c}_{10}^{2} - 2 \, {c}_{00} {c}_{01} {c}_{10} {c}_{11} + {c}_{00}^{2} {c}_{11}^{2}} - 2 \, {c}_{00} - 2 \, {c}_{01} + m_{0}\right)} \gamma}{{c}_{01}^{2} {c}_{10}^{2} - 2 \, {c}_{00} {c}_{01} {c}_{10} {c}_{11} + {c}_{00}^{2} {c}_{11}^{2}}\\
\frac{dc_{10}}{dt} &= \frac{{\left(\frac{{\left(2 \, {c}_{01} {c}_{10}^{2} - 2 \, {\left({c}_{00} + {c}_{01}\right)} {c}_{10} {c}_{11} + 2 \, {c}_{00} {c}_{11}^{2} - {\left({c}_{10}^{2} + {c}_{11}^{2}\right)} m_{0} + {\left({c}_{00} {c}_{10} + {c}_{01} {c}_{11}\right)} m_{1}\right)} b_{1} {c}_{00}}{{c}_{01}^{2} {c}_{10}^{2} - 2 \, {c}_{00} {c}_{01} {c}_{10} {c}_{11} + {c}_{00}^{2} {c}_{11}^{2}} - \frac{{\left(2 \, {\left({c}_{00} {c}_{01} - {c}_{01}^{2}\right)} {c}_{10} - 2 \, {\left({c}_{00}^{2} - {c}_{00} {c}_{01}\right)} {c}_{11} - {\left({c}_{00} {c}_{10} + {c}_{01} {c}_{11}\right)} m_{0} + {\left({c}_{00}^{2} + {c}_{01}^{2}\right)} m_{1}\right)} b_{1} {c}_{10}}{{c}_{01}^{2} {c}_{10}^{2} - 2 \, {c}_{00} {c}_{01} {c}_{10} {c}_{11} + {c}_{00}^{2} {c}_{11}^{2}} - 2 \, b_{1}\right)} {\left(2 \, {\left({c}_{00} {c}_{01} - {c}_{01}^{2}\right)} {c}_{10} - 2 \, {\left({c}_{00}^{2} - {c}_{00} {c}_{01}\right)} {c}_{11} - {\left({c}_{00} {c}_{10} + {c}_{01} {c}_{11}\right)} m_{0} + {\left({c}_{00}^{2} + {c}_{01}^{2}\right)} m_{1}\right)} \gamma}{{c}_{01}^{2} {c}_{10}^{2} - 2 \, {c}_{00} {c}_{01} {c}_{10} {c}_{11} + {c}_{00}^{2} {c}_{11}^{2}}\\
\frac{d{c}_{01}}{dt} &= -\frac{{\left(2 \, {c}_{01} {c}_{10}^{2} - 2 \, {\left({c}_{00} + {c}_{01}\right)} {c}_{10} {c}_{11} + 2 \, {c}_{00} {c}_{11}^{2} - {\left({c}_{10}^{2} + {c}_{11}^{2}\right)} m_{0} + {\left({c}_{00} {c}_{10} + {c}_{01} {c}_{11}\right)} m_{1}\right)} {\left(\frac{{\left(2 \, {c}_{01} {c}_{10}^{2} - 2 \, {\left({c}_{00} + {c}_{01}\right)} {c}_{10} {c}_{11} + 2 \, {c}_{00} {c}_{11}^{2} - {\left({c}_{10}^{2} + {c}_{11}^{2}\right)} m_{0} + {\left({c}_{00} {c}_{10} + {c}_{01} {c}_{11}\right)} m_{1}\right)} b_{0} {c}_{01}}{{c}_{01}^{2} {c}_{10}^{2} - 2 \, {c}_{00} {c}_{01} {c}_{10} {c}_{11} + {c}_{00}^{2} {c}_{11}^{2}} - \frac{{\left(2 \, {\left({c}_{00} {c}_{01} - {c}_{01}^{2}\right)} {c}_{10} - 2 \, {\left({c}_{00}^{2} - {c}_{00} {c}_{01}\right)} {c}_{11} - {\left({c}_{00} {c}_{10} + {c}_{01} {c}_{11}\right)} m_{0} + {\left({c}_{00}^{2} + {c}_{01}^{2}\right)} m_{1}\right)} b_{0} {c}_{11}}{{c}_{01}^{2} {c}_{10}^{2} - 2 \, {c}_{00} {c}_{01} {c}_{10} {c}_{11} + {c}_{00}^{2} {c}_{11}^{2}} - 2 \, b_{0}\right)} \gamma}{{c}_{01}^{2} {c}_{10}^{2} - 2 \, {c}_{00} {c}_{01} {c}_{10} {c}_{11} + {c}_{00}^{2} {c}_{11}^{2}}\\
\frac{db_{1}}{dt} &= \frac{{\left(2 \, {\left({c}_{00} {c}_{01} - {c}_{01}^{2}\right)} {c}_{10} - 2 \, {\left({c}_{00}^{2} - {c}_{00} {c}_{01}\right)} {c}_{11} - {\left({c}_{00} {c}_{10} + {c}_{01} {c}_{11}\right)} m_{0} + {\left({c}_{00}^{2} + {c}_{01}^{2}\right)} m_{1}\right)} {\left(\frac{{\left(2 \, {c}_{01} {c}_{10}^{2} - 2 \, {\left({c}_{00} + {c}_{01}\right)} {c}_{10} {c}_{11} + 2 \, {c}_{00} {c}_{11}^{2} - {\left({c}_{10}^{2} + {c}_{11}^{2}\right)} m_{0} + {\left({c}_{00} {c}_{10} + {c}_{01} {c}_{11}\right)} m_{1}\right)} {\left({c}_{00} {c}_{10} + {c}_{01} {c}_{11}\right)}}{{c}_{01}^{2} {c}_{10}^{2} - 2 \, {c}_{00} {c}_{01} {c}_{10} {c}_{11} + {c}_{00}^{2} {c}_{11}^{2}} - \frac{{\left(2 \, {\left({c}_{00} {c}_{01} - {c}_{01}^{2}\right)} {c}_{10} - 2 \, {\left({c}_{00}^{2} - {c}_{00} {c}_{01}\right)} {c}_{11} - {\left({c}_{00} {c}_{10} + {c}_{01} {c}_{11}\right)} m_{0} + {\left({c}_{00}^{2} + {c}_{01}^{2}\right)} m_{1}\right)} {\left({c}_{10}^{2} + {c}_{11}^{2}\right)}}{{c}_{01}^{2} {c}_{10}^{2} - 2 \, {c}_{00} {c}_{01} {c}_{10} {c}_{11} + {c}_{00}^{2} {c}_{11}^{2}} - 2 \, {c}_{10} - 2 \, {c}_{11} + m_{1}\right)} \gamma}{{c}_{01}^{2} {c}_{10}^{2} - 2 \, {c}_{00} {c}_{01} {c}_{10} {c}_{11} + {c}_{00}^{2} {c}_{11}^{2}}\\
\frac{dm_{1}}{dt} &= \frac{{\left(2 \, {\left({c}_{00} {c}_{01} - {c}_{01}^{2}\right)} {c}_{10} - 2 \, {\left({c}_{00}^{2} - {c}_{00} {c}_{01}\right)} {c}_{11} - {\left({c}_{00} {c}_{10} + {c}_{01} {c}_{11}\right)} m_{0} + {\left({c}_{00}^{2} + {c}_{01}^{2}\right)} m_{1}\right)} b_{1} \gamma}{{c}_{01}^{2} {c}_{10}^{2} - 2 \, {c}_{00} {c}_{01} {c}_{10} {c}_{11} + {c}_{00}^{2} {c}_{11}^{2}}\\
\frac{dm_{0}}{dt} &= -\frac{{\left(2 \, {c}_{01} {c}_{10}^{2} - 2 \, {\left({c}_{00} + {c}_{01}\right)} {c}_{10} {c}_{11} + 2 \, {c}_{00} {c}_{11}^{2} - {\left({c}_{10}^{2} + {c}_{11}^{2}\right)} m_{0} + {\left({c}_{00} {c}_{10} + {c}_{01} {c}_{11}\right)} m_{1}\right)} b_{0} \gamma}{{c}_{01}^{2} {c}_{10}^{2} - 2 \, {c}_{00} {c}_{01} {c}_{10} {c}_{11} + {c}_{00}^{2} {c}_{11}^{2}}\\
\frac{d{c}_{00}}{dt} &= -\frac{{\left(2 \, {c}_{01} {c}_{10}^{2} - 2 \, {\left({c}_{00} + {c}_{01}\right)} {c}_{10} {c}_{11} + 2 \, {c}_{00} {c}_{11}^{2} - {\left({c}_{10}^{2} + {c}_{11}^{2}\right)} m_{0} + {\left({c}_{00} {c}_{10} + {c}_{01} {c}_{11}\right)} m_{1}\right)} {\left(\frac{{\left(2 \, {c}_{01} {c}_{10}^{2} - 2 \, {\left({c}_{00} + {c}_{01}\right)} {c}_{10} {c}_{11} + 2 \, {c}_{00} {c}_{11}^{2} - {\left({c}_{10}^{2} + {c}_{11}^{2}\right)} m_{0} + {\left({c}_{00} {c}_{10} + {c}_{01} {c}_{11}\right)} m_{1}\right)} b_{0} {c}_{00}}{{c}_{01}^{2} {c}_{10}^{2} - 2 \, {c}_{00} {c}_{01} {c}_{10} {c}_{11} + {c}_{00}^{2} {c}_{11}^{2}} - \frac{{\left(2 \, {\left({c}_{00} {c}_{01} - {c}_{01}^{2}\right)} {c}_{10} - 2 \, {\left({c}_{00}^{2} - {c}_{00} {c}_{01}\right)} {c}_{11} - {\left({c}_{00} {c}_{10} + {c}_{01} {c}_{11}\right)} m_{0} + {\left({c}_{00}^{2} + {c}_{01}^{2}\right)} m_{1}\right)} b_{0} {c}_{10}}{{c}_{01}^{2} {c}_{10}^{2} - 2 \, {c}_{00} {c}_{01} {c}_{10} {c}_{11} + {c}_{00}^{2} {c}_{11}^{2}} - 2 \, b_{0}\right)} \gamma}{{c}_{01}^{2} {c}_{10}^{2} - 2 \, {c}_{00} {c}_{01} {c}_{10} {c}_{11} + {c}_{00}^{2} {c}_{11}^{2}}\\
\frac{dc_{11}}{dt} &= \frac{{\left(\frac{{\left(2 \, {c}_{01} {c}_{10}^{2} - 2 \, {\left({c}_{00} + {c}_{01}\right)} {c}_{10} {c}_{11} + 2 \, {c}_{00} {c}_{11}^{2} - {\left({c}_{10}^{2} + {c}_{11}^{2}\right)} m_{0} + {\left({c}_{00} {c}_{10} + {c}_{01} {c}_{11}\right)} m_{1}\right)} b_{1} {c}_{01}}{{c}_{01}^{2} {c}_{10}^{2} - 2 \, {c}_{00} {c}_{01} {c}_{10} {c}_{11} + {c}_{00}^{2} {c}_{11}^{2}} - \frac{{\left(2 \, {\left({c}_{00} {c}_{01} - {c}_{01}^{2}\right)} {c}_{10} - 2 \, {\left({c}_{00}^{2} - {c}_{00} {c}_{01}\right)} {c}_{11} - {\left({c}_{00} {c}_{10} + {c}_{01} {c}_{11}\right)} m_{0} + {\left({c}_{00}^{2} + {c}_{01}^{2}\right)} m_{1}\right)} b_{1} {c}_{11}}{{c}_{01}^{2} {c}_{10}^{2} - 2 \, {c}_{00} {c}_{01} {c}_{10} {c}_{11} + {c}_{00}^{2} {c}_{11}^{2}} - 2 \, b_{1}\right)} {\left(2 \, {\left({c}_{00} {c}_{01} - {c}_{01}^{2}\right)} {c}_{10} - 2 \, {\left({c}_{00}^{2} - {c}_{00} {c}_{01}\right)} {c}_{11} - {\left({c}_{00} {c}_{10} + {c}_{01} {c}_{11}\right)} m_{0} + {\left({c}_{00}^{2} + {c}_{01}^{2}\right)} m_{1}\right)} \gamma}{{c}_{01}^{2} {c}_{10}^{2} - 2 \, {c}_{00} {c}_{01} {c}_{10} {c}_{11} + {c}_{00}^{2} {c}_{11}^{2}}
\end{align*}
\else
\begin{dgroup*}
\begin{dmath*}
\frac{db_{0}}{dt} = -\frac{{\left(2 \, {c}_{01} {c}_{10}^{2} - 2 \, {\left({c}_{00} + {c}_{01}\right)} {c}_{10} {c}_{11} + 2 \, {c}_{00} {c}_{11}^{2} - {\left({c}_{10}^{2} + {c}_{11}^{2}\right)} m_{0} + {\left({c}_{00} {c}_{10} + {c}_{01} {c}_{11}\right)} m_{1}\right)} {\left(\frac{{\left(2 \, {c}_{01} {c}_{10}^{2} - 2 \, {\left({c}_{00} + {c}_{01}\right)} {c}_{10} {c}_{11} + 2 \, {c}_{00} {c}_{11}^{2} - {\left({c}_{10}^{2} + {c}_{11}^{2}\right)} m_{0} + {\left({c}_{00} {c}_{10} + {c}_{01} {c}_{11}\right)} m_{1}\right)} {\left({c}_{00}^{2} + {c}_{01}^{2}\right)}}{{c}_{01}^{2} {c}_{10}^{2} - 2 \, {c}_{00} {c}_{01} {c}_{10} {c}_{11} + {c}_{00}^{2} {c}_{11}^{2}} - \frac{{\left(2 \, {\left({c}_{00} {c}_{01} - {c}_{01}^{2}\right)} {c}_{10} - 2 \, {\left({c}_{00}^{2} - {c}_{00} {c}_{01}\right)} {c}_{11} - {\left({c}_{00} {c}_{10} + {c}_{01} {c}_{11}\right)} m_{0} + {\left({c}_{00}^{2} + {c}_{01}^{2}\right)} m_{1}\right)} {\left({c}_{00} {c}_{10} + {c}_{01} {c}_{11}\right)}}{{c}_{01}^{2} {c}_{10}^{2} - 2 \, {c}_{00} {c}_{01} {c}_{10} {c}_{11} + {c}_{00}^{2} {c}_{11}^{2}} - 2 \, {c}_{00} - 2 \, {c}_{01} + m_{0}\right)} \gamma}{{c}_{01}^{2} {c}_{10}^{2} - 2 \, {c}_{00} {c}_{01} {c}_{10} {c}_{11} + {c}_{00}^{2} {c}_{11}^{2}}\end{dmath*}
\begin{dmath*}
\frac{dc_{10}}{dt} = \frac{{\left(\frac{{\left(2 \, {c}_{01} {c}_{10}^{2} - 2 \, {\left({c}_{00} + {c}_{01}\right)} {c}_{10} {c}_{11} + 2 \, {c}_{00} {c}_{11}^{2} - {\left({c}_{10}^{2} + {c}_{11}^{2}\right)} m_{0} + {\left({c}_{00} {c}_{10} + {c}_{01} {c}_{11}\right)} m_{1}\right)} b_{1} {c}_{00}}{{c}_{01}^{2} {c}_{10}^{2} - 2 \, {c}_{00} {c}_{01} {c}_{10} {c}_{11} + {c}_{00}^{2} {c}_{11}^{2}} - \frac{{\left(2 \, {\left({c}_{00} {c}_{01} - {c}_{01}^{2}\right)} {c}_{10} - 2 \, {\left({c}_{00}^{2} - {c}_{00} {c}_{01}\right)} {c}_{11} - {\left({c}_{00} {c}_{10} + {c}_{01} {c}_{11}\right)} m_{0} + {\left({c}_{00}^{2} + {c}_{01}^{2}\right)} m_{1}\right)} b_{1} {c}_{10}}{{c}_{01}^{2} {c}_{10}^{2} - 2 \, {c}_{00} {c}_{01} {c}_{10} {c}_{11} + {c}_{00}^{2} {c}_{11}^{2}} - 2 \, b_{1}\right)} {\left(2 \, {\left({c}_{00} {c}_{01} - {c}_{01}^{2}\right)} {c}_{10} - 2 \, {\left({c}_{00}^{2} - {c}_{00} {c}_{01}\right)} {c}_{11} - {\left({c}_{00} {c}_{10} + {c}_{01} {c}_{11}\right)} m_{0} + {\left({c}_{00}^{2} + {c}_{01}^{2}\right)} m_{1}\right)} \gamma}{{c}_{01}^{2} {c}_{10}^{2} - 2 \, {c}_{00} {c}_{01} {c}_{10} {c}_{11} + {c}_{00}^{2} {c}_{11}^{2}}\end{dmath*}
\begin{dmath*}
\frac{d{c}_{01}}{dt} = -\frac{{\left(2 \, {c}_{01} {c}_{10}^{2} - 2 \, {\left({c}_{00} + {c}_{01}\right)} {c}_{10} {c}_{11} + 2 \, {c}_{00} {c}_{11}^{2} - {\left({c}_{10}^{2} + {c}_{11}^{2}\right)} m_{0} + {\left({c}_{00} {c}_{10} + {c}_{01} {c}_{11}\right)} m_{1}\right)} {\left(\frac{{\left(2 \, {c}_{01} {c}_{10}^{2} - 2 \, {\left({c}_{00} + {c}_{01}\right)} {c}_{10} {c}_{11} + 2 \, {c}_{00} {c}_{11}^{2} - {\left({c}_{10}^{2} + {c}_{11}^{2}\right)} m_{0} + {\left({c}_{00} {c}_{10} + {c}_{01} {c}_{11}\right)} m_{1}\right)} b_{0} {c}_{01}}{{c}_{01}^{2} {c}_{10}^{2} - 2 \, {c}_{00} {c}_{01} {c}_{10} {c}_{11} + {c}_{00}^{2} {c}_{11}^{2}} - \frac{{\left(2 \, {\left({c}_{00} {c}_{01} - {c}_{01}^{2}\right)} {c}_{10} - 2 \, {\left({c}_{00}^{2} - {c}_{00} {c}_{01}\right)} {c}_{11} - {\left({c}_{00} {c}_{10} + {c}_{01} {c}_{11}\right)} m_{0} + {\left({c}_{00}^{2} + {c}_{01}^{2}\right)} m_{1}\right)} b_{0} {c}_{11}}{{c}_{01}^{2} {c}_{10}^{2} - 2 \, {c}_{00} {c}_{01} {c}_{10} {c}_{11} + {c}_{00}^{2} {c}_{11}^{2}} - 2 \, b_{0}\right)} \gamma}{{c}_{01}^{2} {c}_{10}^{2} - 2 \, {c}_{00} {c}_{01} {c}_{10} {c}_{11} + {c}_{00}^{2} {c}_{11}^{2}}\end{dmath*}
\begin{dmath*}
\frac{db_{1}}{dt} = \frac{{\left(2 \, {\left({c}_{00} {c}_{01} - {c}_{01}^{2}\right)} {c}_{10} - 2 \, {\left({c}_{00}^{2} - {c}_{00} {c}_{01}\right)} {c}_{11} - {\left({c}_{00} {c}_{10} + {c}_{01} {c}_{11}\right)} m_{0} + {\left({c}_{00}^{2} + {c}_{01}^{2}\right)} m_{1}\right)} {\left(\frac{{\left(2 \, {c}_{01} {c}_{10}^{2} - 2 \, {\left({c}_{00} + {c}_{01}\right)} {c}_{10} {c}_{11} + 2 \, {c}_{00} {c}_{11}^{2} - {\left({c}_{10}^{2} + {c}_{11}^{2}\right)} m_{0} + {\left({c}_{00} {c}_{10} + {c}_{01} {c}_{11}\right)} m_{1}\right)} {\left({c}_{00} {c}_{10} + {c}_{01} {c}_{11}\right)}}{{c}_{01}^{2} {c}_{10}^{2} - 2 \, {c}_{00} {c}_{01} {c}_{10} {c}_{11} + {c}_{00}^{2} {c}_{11}^{2}} - \frac{{\left(2 \, {\left({c}_{00} {c}_{01} - {c}_{01}^{2}\right)} {c}_{10} - 2 \, {\left({c}_{00}^{2} - {c}_{00} {c}_{01}\right)} {c}_{11} - {\left({c}_{00} {c}_{10} + {c}_{01} {c}_{11}\right)} m_{0} + {\left({c}_{00}^{2} + {c}_{01}^{2}\right)} m_{1}\right)} {\left({c}_{10}^{2} + {c}_{11}^{2}\right)}}{{c}_{01}^{2} {c}_{10}^{2} - 2 \, {c}_{00} {c}_{01} {c}_{10} {c}_{11} + {c}_{00}^{2} {c}_{11}^{2}} - 2 \, {c}_{10} - 2 \, {c}_{11} + m_{1}\right)} \gamma}{{c}_{01}^{2} {c}_{10}^{2} - 2 \, {c}_{00} {c}_{01} {c}_{10} {c}_{11} + {c}_{00}^{2} {c}_{11}^{2}}\end{dmath*}
\begin{dmath*}
\frac{dm_{1}}{dt} = \frac{{\left(2 \, {\left({c}_{00} {c}_{01} - {c}_{01}^{2}\right)} {c}_{10} - 2 \, {\left({c}_{00}^{2} - {c}_{00} {c}_{01}\right)} {c}_{11} - {\left({c}_{00} {c}_{10} + {c}_{01} {c}_{11}\right)} m_{0} + {\left({c}_{00}^{2} + {c}_{01}^{2}\right)} m_{1}\right)} b_{1} \gamma}{{c}_{01}^{2} {c}_{10}^{2} - 2 \, {c}_{00} {c}_{01} {c}_{10} {c}_{11} + {c}_{00}^{2} {c}_{11}^{2}}\end{dmath*}
\begin{dmath*}
\frac{dm_{0}}{dt} = -\frac{{\left(2 \, {c}_{01} {c}_{10}^{2} - 2 \, {\left({c}_{00} + {c}_{01}\right)} {c}_{10} {c}_{11} + 2 \, {c}_{00} {c}_{11}^{2} - {\left({c}_{10}^{2} + {c}_{11}^{2}\right)} m_{0} + {\left({c}_{00} {c}_{10} + {c}_{01} {c}_{11}\right)} m_{1}\right)} b_{0} \gamma}{{c}_{01}^{2} {c}_{10}^{2} - 2 \, {c}_{00} {c}_{01} {c}_{10} {c}_{11} + {c}_{00}^{2} {c}_{11}^{2}}\end{dmath*}
\begin{dmath*}
\frac{d{c}_{00}}{dt} = -\frac{{\left(2 \, {c}_{01} {c}_{10}^{2} - 2 \, {\left({c}_{00} + {c}_{01}\right)} {c}_{10} {c}_{11} + 2 \, {c}_{00} {c}_{11}^{2} - {\left({c}_{10}^{2} + {c}_{11}^{2}\right)} m_{0} + {\left({c}_{00} {c}_{10} + {c}_{01} {c}_{11}\right)} m_{1}\right)} {\left(\frac{{\left(2 \, {c}_{01} {c}_{10}^{2} - 2 \, {\left({c}_{00} + {c}_{01}\right)} {c}_{10} {c}_{11} + 2 \, {c}_{00} {c}_{11}^{2} - {\left({c}_{10}^{2} + {c}_{11}^{2}\right)} m_{0} + {\left({c}_{00} {c}_{10} + {c}_{01} {c}_{11}\right)} m_{1}\right)} b_{0} {c}_{00}}{{c}_{01}^{2} {c}_{10}^{2} - 2 \, {c}_{00} {c}_{01} {c}_{10} {c}_{11} + {c}_{00}^{2} {c}_{11}^{2}} - \frac{{\left(2 \, {\left({c}_{00} {c}_{01} - {c}_{01}^{2}\right)} {c}_{10} - 2 \, {\left({c}_{00}^{2} - {c}_{00} {c}_{01}\right)} {c}_{11} - {\left({c}_{00} {c}_{10} + {c}_{01} {c}_{11}\right)} m_{0} + {\left({c}_{00}^{2} + {c}_{01}^{2}\right)} m_{1}\right)} b_{0} {c}_{10}}{{c}_{01}^{2} {c}_{10}^{2} - 2 \, {c}_{00} {c}_{01} {c}_{10} {c}_{11} + {c}_{00}^{2} {c}_{11}^{2}} - 2 \, b_{0}\right)} \gamma}{{c}_{01}^{2} {c}_{10}^{2} - 2 \, {c}_{00} {c}_{01} {c}_{10} {c}_{11} + {c}_{00}^{2} {c}_{11}^{2}}\end{dmath*}
\begin{dmath*}
\frac{dc_{11}}{dt} = \frac{{\left(\frac{{\left(2 \, {c}_{01} {c}_{10}^{2} - 2 \, {\left({c}_{00} + {c}_{01}\right)} {c}_{10} {c}_{11} + 2 \, {c}_{00} {c}_{11}^{2} - {\left({c}_{10}^{2} + {c}_{11}^{2}\right)} m_{0} + {\left({c}_{00} {c}_{10} + {c}_{01} {c}_{11}\right)} m_{1}\right)} b_{1} {c}_{01}}{{c}_{01}^{2} {c}_{10}^{2} - 2 \, {c}_{00} {c}_{01} {c}_{10} {c}_{11} + {c}_{00}^{2} {c}_{11}^{2}} - \frac{{\left(2 \, {\left({c}_{00} {c}_{01} - {c}_{01}^{2}\right)} {c}_{10} - 2 \, {\left({c}_{00}^{2} - {c}_{00} {c}_{01}\right)} {c}_{11} - {\left({c}_{00} {c}_{10} + {c}_{01} {c}_{11}\right)} m_{0} + {\left({c}_{00}^{2} + {c}_{01}^{2}\right)} m_{1}\right)} b_{1} {c}_{11}}{{c}_{01}^{2} {c}_{10}^{2} - 2 \, {c}_{00} {c}_{01} {c}_{10} {c}_{11} + {c}_{00}^{2} {c}_{11}^{2}} - 2 \, b_{1}\right)} {\left(2 \, {\left({c}_{00} {c}_{01} - {c}_{01}^{2}\right)} {c}_{10} - 2 \, {\left({c}_{00}^{2} - {c}_{00} {c}_{01}\right)} {c}_{11} - {\left({c}_{00} {c}_{10} + {c}_{01} {c}_{11}\right)} m_{0} + {\left({c}_{00}^{2} + {c}_{01}^{2}\right)} m_{1}\right)} \gamma}{{c}_{01}^{2} {c}_{10}^{2} - 2 \, {c}_{00} {c}_{01} {c}_{10} {c}_{11} + {c}_{00}^{2} {c}_{11}^{2}}
\end{dmath*}
\end{dgroup*}
\fi
 \]

adaptive dynamics of b, m, c: b_0 -> -(2*c_0_1*c_1_0^2 - 2*(c_0_0 + c_0_1)*c_1_0*c_1_1 + 2*c_0_0*c_1_1^2 - (c_1_0^2 + c_1_1^2)*m_0 + (c_0_0*c_1_0 + c_0_1*c_1_1)*m_1)*((2*c_0_1*c_1_0^2 - 2*(c_0_0 + c_0_1)*c_1_0*c_1_1 + 2*c_0_0*c_1_1^2 - (c_1_0^2 + c_1_1^2)*m_0 + (c_0_0*c_1_0 + c_0_1*c_1_1)*m_1)*(c_0_0^2 + c_0_1^2)/(c_0_1^2*c_1_0^2 - 2*c_0_0*c_0_1*c_1_0*c_1_1 + c_0_0^2*c_1_1^2) - (2*(c_0_0*c_0_1 - c_0_1^2)*c_1_0 - 2*(c_0_0^2 - c_0_0*c_0_1)*c_1_1 - (c_0_0*c_1_0 + c_0_1*c_1_1)*m_0 + (c_0_0^2 + c_0_1^2)*m_1)*(c_0_0*c_1_0 + c_0_1*c_1_1)/(c_0_1^2*c_1_0^2 - 2*c_0_0*c_0_1*c_1_0*c_1_1 + c_0_0^2*c_1_1^2) - 2*c_0_0 - 2*c_0_1 + m_0)*gamma/(c_0_1^2*c_1_0^2 - 2*c_0_0*c_0_1*c_1_0*c_1_1 + c_0_0^2*c_1_1^2)
c_1_0 -> ((2*c_0_1*c_1_0^2 - 2*(c_0_0 + c_0_1)*c_1_0*c_1_1 + 2*c_0_0*c_1_1^2 - (c_1_0^2 + c_1_1^2)*m_0 + (c_0_0*c_1_0 + c_0_1*c_1_1)*m_1)*b_1*c_0_0/(c_0_1^2*c_1_0^2 - 2*c_0_0*c_0_1*c_1_0*c_1_1 + c_0_0^2*c_1_1^2) - (2*(c_0_0*c_0_1 - c_0_1^2)*c_1_0 - 2*(c_0_0^2 - c_0_0*c_0_1)*c_1_1 - (c_0_0*c_1_0 + c_0_1*c_1_1)*m_0 + (c_0_0^2 + c_0_1^2)*m_1)*b_1*c_1_0/(c_0_1^2*c_1_0^2 - 2*c_0_0*c_0_1*c_1_0*c_1_1 + c_0_0^2*c_1_1^2) - 2*b_1)*(2*(c_0_0*c_0_1 - c_0_1^2)*c_1_0 - 2*(c_0_0^2 - c_0_0*c_0_1)*c_1_1 - (c_0_0*c_1_0 + c_0_1*c_1_1)*m_0 + (c_0_0^2 + c_0_1^2)*m_1)*gamma/(c_0_1^2*c_1_0^2 - 2*c_0_0*c_0_1*c_1_0*c_1_1 + c_0_0^2*c_1_1^2)
c_0_1 -> -(2*c_0_1*c_1_0^2 - 2*(c_0_0 + c_0_1)*c_1_0*c_1_1 + 2*c_0_0*c_1_1^2 - (c_1_0^2 + c_1_1^2)*m_0 + (c_0_0*c_1_0 + c_0_1*c_1_1)*m_1)*((2*c_0_1*c_1_0^2 - 2*(c_0_0 + c_0_1)*c_1_0*c_1_1 + 2*c_0_0*c_1_1^2 - (c_1_0^2 + c_1_1^2)*m_0 + (c_0_0*c_1_0 + c_0_1*c_1_1)*m_1)*b_0*c_0_1/(c_0_1^2*c_1_0^2 - 2*c_0_0*c_0_1*c_1_0*c_1_1 + c_0_0^2*c_1_1^2) - (2*(c_0_0*c_0_1 - c_0_1^2)*c_1_0 - 2*(c_0_0^2 - c_0_0*c_0_1)*c_1_1 - (c_0_0*c_1_0 + c_0_1*c_1_1)*m_0 + (c_0_0^2 + c_0_1^2)*m_1)*b_0*c_1_1/(c_0_1^2*c_1_0^2 - 2*c_0_0*c_0_1*c_1_0*c_1_1 + c_0_0^2*c_1_1^2) - 2*b_0)*gamma/(c_0_1^2*c_1_0^2 - 2*c_0_0*c_0_1*c_1_0*c_1_1 + c_0_0^2*c_1_1^2)
b_1 -> (2*(c_0_0*c_0_1 - c_0_1^2)*c_1_0 - 2*(c_0_0^2 - c_0_0*c_0_1)*c_1_1 - (c_0_0*c_1_0 + c_0_1*c_1_1)*m_0 + (c_0_0^2 + c_0_1^2)*m_1)*((2*c_0_1*c_1_0^2 - 2*(c_0_0 + c_0_1)*c_1_0*c_1_1 + 2*c_0_0*c_1_1^2 - (c_1_0^2 + c_1_1^2)*m_0 + (c_0_0*c_1_0 + c_0_1*c_1_1)*m_1)*(c_0_0*c_1_0 + c_0_1*c_1_1)/(c_0_1^2*c_1_0^2 - 2*c_0_0*c_0_1*c_1_0*c_1_1 + c_0_0^2*c_1_1^2) - (2*(c_0_0*c_0_1 - c_0_1^2)*c_1_0 - 2*(c_0_0^2 - c_0_0*c_0_1)*c_1_1 - (c_0_0*c_1_0 + c_0_1*c_1_1)*m_0 + (c_0_0^2 + c_0_1^2)*m_1)*(c_1_0^2 + c_1_1^2)/(c_0_1^2*c_1_0^2 - 2*c_0_0*c_0_1*c_1_0*c_1_1 + c_0_0^2*c_1_1^2) - 2*c_1_0 - 2*c_1_1 + m_1)*gamma/(c_0_1^2*c_1_0^2 - 2*c_0_0*c_0_1*c_1_0*c_1_1 + c_0_0^2*c_1_1^2)
m_1 -> (2*(c_0_0*c_0_1 - c_0_1^2)*c_1_0 - 2*(c_0_0^2 - c_0_0*c_0_1)*c_1_1 - (c_0_0*c_1_0 + c_0_1*c_1_1)*m_0 + (c_0_0^2 + c_0_1^2)*m_1)*b_1*gamma/(c_0_1^2*c_1_0^2 - 2*c_0_0*c_0_1*c_1_0*c_1_1 + c_0_0^2*c_1_1^2)
m_0 -> -(2*c_0_1*c_1_0^2 - 2*(c_0_0 + c_0_1)*c_1_0*c_1_1 + 2*c_0_0*c_1_1^2 - (c_1_0^2 + c_1_1^2)*m_0 + (c_0_0*c_1_0 + c_0_1*c_1_1)*m_1)*b_0*gamma/(c_0_1^2*c_1_0^2 - 2*c_0_0*c_0_1*c_1_0*c_1_1 + c_0_0^2*c_1_1^2)
c_0_0 -> -(2*c_0_1*c_1_0^2 - 2*(c_0_0 + c_0_1)*c_1_0*c_1_1 + 2*c_0_0*c_1_1^2 - (c_1_0^2 + c_1_1^2)*m_0 + (c_0_0*c_1_0 + c_0_1*c_1_1)*m_1)*((2*c_0_1*c_1_0^2 - 2*(c_0_0 + c_0_1)*c_1_0*c_1_1 + 2*c_0_0*c_1_1^2 - (c_1_0^2 + c_1_1^2)*m_0 + (c_0_0*c_1_0 + c_0_1*c_1_1)*m_1)*b_0*c_0_0/(c_0_1^2*c_1_0^2 - 2*c_0_0*c_0_1*c_1_0*c_1_1 + c_0_0^2*c_1_1^2) - (2*(c_0_0*c_0_1 - c_0_1^2)*c_1_0 - 2*(c_0_0^2 - c_0_0*c_0_1)*c_1_1 - (c_0_0*c_1_0 + c_0_1*c_1_1)*m_0 + (c_0_0^2 + c_0_1^2)*m_1)*b_0*c_1_0/(c_0_1^2*c_1_0^2 - 2*c_0_0*c_0_1*c_1_0*c_1_1 + c_0_0^2*c_1_1^2) - 2*b_0)*gamma/(c_0_1^2*c_1_0^2 - 2*c_0_0*c_0_1*c_1_0*c_1_1 + c_0_0^2*c_1_1^2)
c_1_1 -> ((2*c_0_1*c_1_0^2 - 2*(c_0_0 + c_0_1)*c_1_0*c_1_1 + 2*c_0_0*c_1_1^2 - (c_1_0^2 + c_1_1^2)*m_0 + (c_0_0*c_1_0 + c_0_1*c_1_1)*m_1)*b_1*c_0_1/(c_0_1^2*c_1_0^2 - 2*c_0_0*c_0_1*c_1_0*c_1_1 + c_0_0^2*c_1_1^2) - (2*(c_0_0*c_0_1 - c_0_1^2)*c_1_0 - 2*(c_0_0^2 - c_0_0*c_0_1)*c_1_1 - (c_0_0*c_1_0 + c_0_1*c_1_1)*m_0 + (c_0_0^2 + c_0_1^2)*m_1)*b_1*c_1_1/(c_0_1^2*c_1_0^2 - 2*c_0_0*c_0_1*c_1_0*c_1_1 + c_0_0^2*c_1_1^2) - 2*b_1)*(2*(c_0_0*c_0_1 - c_0_1^2)*c_1_0 - 2*(c_0_0^2 - c_0_0*c_0_1)*c_1_1 - (c_0_0*c_1_0 + c_0_1*c_1_1)*m_0 + (c_0_0^2 + c_0_1^2)*m_1)*gamma/(c_0_1^2*c_1_0^2 - 2*c_0_0*c_0_1*c_1_0*c_1_1 + c_0_0^2*c_1_1^2)
plot c vs t
plot c vs c
plot total c vs u
[ -e maclev-2-2-p.sage.status ] && (rm -f maclev-2-2-p.sage.status && mv maclev-2-2-p.sage.dmp maclev-2-2-p.sage.out) || exit 1
latexml  --destination=maclev-2-2-p.sage.out.latexml.xml maclev-2-2-p.sage.out.tex
latexml (LaTeXML version 0.8.1; revision 9e4814e)
processing started Thu Jun 18 22:17:40 2015

(Digesting TeX maclev-2-2-p.sage.out...
(Loading /usr/local/share/perl/5.18.2/LaTeXML/Package/TeX.pool.ltxml...
(Loading /usr/local/share/perl/5.18.2/LaTeXML/Package/eTeX.pool.ltxml... 0.00 sec)
(Loading /usr/local/share/perl/5.18.2/LaTeXML/Package/pdfTeX.pool.ltxml... 0.01 sec) 0.25 sec)
(Processing content /usr/local/src/jekyll-research/wmd_files/Selection_Gradients/maclev-2-2-p.sage.out.tex...
(Loading /usr/local/share/perl/5.18.2/LaTeXML/Package/LaTeX.pool.ltxml... 0.22 sec)
(Loading /usr/local/share/perl/5.18.2/LaTeXML/Package/article.cls.ltxml... 0.03 sec)
(Loading /usr/local/share/perl/5.18.2/LaTeXML/Package/amsmath.sty.ltxml...
(Loading /usr/local/share/perl/5.18.2/LaTeXML/Package/amsbsy.sty.ltxml... 0.00 sec)
(Loading /usr/local/share/perl/5.18.2/LaTeXML/Package/amstext.sty.ltxml... 0.00 sec)
(Loading /usr/local/share/perl/5.18.2/LaTeXML/Package/amsopn.sty.ltxml... 0.00 sec) 0.06 sec)
(Loading /usr/local/share/perl/5.18.2/LaTeXML/Package/amssymb.sty.ltxml...
(Loading /usr/local/share/perl/5.18.2/LaTeXML/Package/amsfonts.sty.ltxml... 0.00 sec) 0.04 sec)
(Loading /usr/local/share/perl/5.18.2/LaTeXML/Package/graphicx.sty.ltxml...
(Loading /usr/local/share/perl/5.18.2/LaTeXML/Package/graphics.sty.ltxml... 0.00 sec) 0.03 sec)
(Loading /usr/local/share/perl/5.18.2/LaTeXML/Package/inputenc.sty.ltxml...
(Loading /usr/local/share/perl/5.18.2/LaTeXML/Package/utf8.def.ltxml... 0.00 sec) 0.01 sec)
(Loading /usr/local/share/perl/5.18.2/LaTeXML/Package/fontenc.sty.ltxml...
(Loading /usr/local/share/perl/5.18.2/LaTeXML/Package/t1enc.def.ltxml...
(Processing definitions /usr/share/texlive/texmf-dist/tex/latex/base/t1enc.def...
(Loading /usr/local/share/perl/5.18.2/LaTeXML/Package/t1.fontmap.ltxml... 0.00 sec) 0.10 sec) 0.13 sec) 0.14 sec)
(Loading /usr/local/share/perl/5.18.2/LaTeXML/Package/latexml.sty.ltxml... 0.01 sec) 0.82 sec) 1.07 sec)
(Building...
(Loading compiled schema /usr/local/share/perl/5.18.2/LaTeXML/resources/RelaxNG/LaTeXML.model... 0.01 sec)......................... 0.47 sec)
(Rewriting... 0.02 sec)
(Math Parsing...10 formulae ...[1][2][3][4][5][6][7][8][9][10]
Math parsing succeeded:
   ltx:XMath: 10/10
   ltx:XMArg: 121/121
Symbols assumed as simple identifiers (with # of occurences):
   'S{italic}' (2), 'X{italic}' (1), 'b{italic}' (19), 'c{bold}' (2), 'c{italic}' (32), 'd{italic}' (2), 'm{italic}' (4), 't{italic}' (1)
Possibly used as functions?
  'S{italic}' (2/2 usages)
 0.68 sec)
(Finalizing... 0.09 sec)
Conversion complete: No obvious problems.
processing finished Thu Jun 18 22:17:43 2015
Updating .workingwiki/maclev-2-2-p.sage.out.latexml.xml
rm -f maclev-2-2-p.sage.out.latexml.html5
bibxmls=`perl -ne '($_)=/^[^%]*\\\bibliography\{([^\\\\#]*?)\}/;@_=split /,/;foreach $b (@_) { $b =~ s/\.bib$//; print "$b.bib.xml "}' maclev-2-2-p.sage.out.latexml.xml`; bibxargs=`perl -ne '($_)=/^[^%]*\\\bibliography\{([^\\\\#]*?)\}/;@_=split /,/;foreach $b (@_) { $b =~ s/\.bib$//; print "--bibliography=$b.bib.xml "}' maclev-2-2-p.sage.out.latexml.xml` && \
	(test -z "$bibxmls" || /usr/bin/make -f /usr/local/src/workingwiki-trunk/ProjectEngine/resources/makefile $bibxmls) && \
	lxpost="latexmlpost  --novalidate --destination=maclev-2-2-p.sage.out.intermediate.latexml.html5 --format=html5 $bibxargs maclev-2-2-p.sage.out.latexml.xml" && echo $lxpost && $lxpost
latexmlpost --novalidate --destination=maclev-2-2-p.sage.out.intermediate.latexml.html5 --format=html5 maclev-2-2-p.sage.out.latexml.xml
latexmlpost (LaTeXML version 0.8.1; revision 9e4814e)
processing started Thu Jun 18 22:17:43 2015
(maclev-2-2-p.sage.out.intermediate.latexml.html5 post-processing...
(Scan maclev-2-2-p.sage.out.intermediate.latexml.html5 processing... 0.02 sec)
(CrossRef maclev-2-2-p.sage.out.intermediate.latexml.html5 processing... 0.01 sec)
(MathML::Presentation maclev-2-2-p.sage.out.intermediate.latexml.html5 10 to process... 0.11 sec)
(XSLT[using LaTeXML-html5.xsl] maclev-2-2-p.sage.out.intermediate.latexml.html5 processing... 0.03 sec)
(Writer maclev-2-2-p.sage.out.intermediate.latexml.html5 processing... 0.00 sec) 0.16 sec)
Postprocessing complete: No obvious problems
processing finished Thu Jun 18 22:17:44 2015
/usr/local/src/workingwiki-trunk/ProjectEngine/resources/wiki-inclusion.latexml.pl maclev-2-2-p.sage.out.intermediate.latexml.html5 >maclev-2-2-p.sage.out.latexml.html5
ln -f maclev-2-2-p.sage.out.latexml.html5 maclev-2-2-p.sage.out.latexml.html
ln -f maclev-2-2-p.sage.out.latexml.html maclev-2-2-p.sage.out.html
rm maclev-2-2-p.sage.out.latexml.html5 maclev-2-2-p.sage.out.latexml.xml maclev-2-2-p.sage.out.latexml.html
make: Leaving directory `/usr/local/src/jekyll-research/wmd_files/Selection_Gradients'
Make succeeded.
Thu Jun 18 22:17:44 2015
