set_population_indices: [0]
set_population_indices: [0]
set_population_indices: [0]
set_population_indices: [0, 1]
set_population_indices: [0, 1]
The invasion rate for mutant population is:
\begin{align*}
  \mathscr I = \frac{1}{X_{1}}\frac{dX_{1}}{dt} &= -{\left(\frac{{\left(X_{0} {c}_{00} + X_{1} {c}_{10} - K_{0} r_{0}\right)} {c}_{10} w_{0}}{r_{0}} + m_{1}\right)} b_{1} 
\end{align*}

limit as {m_1: m_0, c_1_0: c_0_0, b_1: b_0}
after those limits:
   K_0*c_0_0*w_0 - X_0*c_0_0^2*w_0/r_0 - X_1*c_0_0^2*w_0/r_0 - m_0
  -b_0
  -(X_0*b_0*c_0_0*w_0 + 2*X_1*b_0*c_0_0*w_0 - K_0*b_0*r_0*w_0)/r_0
Original pop-dyn system: 
\[\iflatexml
\begin{align*}
\frac{dX_{0}}{dt} &= -{\left(\frac{{\left(X_{0} {c}_{00} - K_{0} r_{0}\right)} {c}_{00} w_{0}}{r_{0}} + m_{0}\right)} X_{0} b_{0}
\end{align*}
\else
\begin{dgroup*}
\begin{dmath*}
\frac{dX_{0}}{dt} = -{\left(\frac{{\left(X_{0} {c}_{00} - K_{0} r_{0}\right)} {c}_{00} w_{0}}{r_{0}} + m_{0}\right)} X_{0} b_{0}
\end{dmath*}
\end{dgroup*}
\fi
\]
Extended pop-dyn system: 
\[\iflatexml
\begin{align*}
\frac{dX_{0}}{dt} &= -{\left(\frac{{\left(X_{0} {c}_{00} + X_{1} {c}_{10} - K_{0} r_{0}\right)} {c}_{00} w_{0}}{r_{0}} + m_{0}\right)} X_{0} b_{0}\\
\frac{dX_{1}}{dt} &= -{\left(\frac{{\left(X_{0} {c}_{00} + X_{1} {c}_{10} - K_{0} r_{0}\right)} {c}_{10} w_{0}}{r_{0}} + m_{1}\right)} X_{1} b_{1}
\end{align*}
\else
\begin{dgroup*}
\begin{dmath*}
\frac{dX_{0}}{dt} = -{\left(\frac{{\left(X_{0} {c}_{00} + X_{1} {c}_{10} - K_{0} r_{0}\right)} {c}_{00} w_{0}}{r_{0}} + m_{0}\right)} X_{0} b_{0}\end{dmath*}
\begin{dmath*}
\frac{dX_{1}}{dt} = -{\left(\frac{{\left(X_{0} {c}_{00} + X_{1} {c}_{10} - K_{0} r_{0}\right)} {c}_{10} w_{0}}{r_{0}} + m_{1}\right)} X_{1} b_{1}
\end{dmath*}
\end{dgroup*}
\fi
\]
 The invasion rate for mutant population is:
\begin{align*}
  \mathscr I = \frac{1}{X_{1}}\frac{dX_{1}}{dt} &= -{\left(\frac{{\left(X_{0} {c}_{00} + X_{1} {c}_{10} - K_{0} r_{0}\right)} {c}_{10} w_{0}}{r_{0}} + m_{1}\right)} b_{1} 
\end{align*}
 And the invasion exponent is
\begin{align*}
  \frac{\partial\mathscr I}{\partial b_{0}} = \lim_{b_{1}\to b_{0},m_{1}\to m_{0},{c}_{10}\to {c}_{00},X_{1}\to0}-\frac{{\left(X_{0} {c}_{00} + X_{1} {c}_{10} - K_{0} r_{0}\right)} {c}_{10} w_{0}}{r_{0}} - m_{1}\\
  \frac{\partial\mathscr I}{\partial m_{0}} = \lim_{b_{1}\to b_{0},m_{1}\to m_{0},{c}_{10}\to {c}_{00},X_{1}\to0}-b_{1}\\
  \frac{\partial\mathscr I}{\partial {c}_{00}} = \lim_{b_{1}\to b_{0},m_{1}\to m_{0},{c}_{10}\to {c}_{00},X_{1}\to0}-{\left(\frac{X_{1} {c}_{10} w_{0}}{r_{0}} + \frac{{\left(X_{0} {c}_{00} + X_{1} {c}_{10} - K_{0} r_{0}\right)} w_{0}}{r_{0}}\right)} b_{1} .
\end{align*}
 Which comes out to
\begin{align*}
  \frac{\partial\mathscr I}{\partial b_{0}} = -\frac{X_{0} {c}_{00}^{2} w_{0} - K_{0} {c}_{00} r_{0} w_{0} + m_{0} r_{0}}{r_{0}}\\
  \frac{\partial\mathscr I}{\partial m_{0}} = -b_{0}\\
  \frac{\partial\mathscr I}{\partial {c}_{00}} = -\frac{X_{0} b_{0} {c}_{00} w_{0} - K_{0} b_{0} r_{0} w_{0}}{r_{0}} .
\end{align*}
 \[ \mathbf S \left(\begin{array}{c}
  b_{0}\\
  {c}_{00}\\
  m_{0}
\end{array}\right) = \left(\begin{array}{c}
  -\frac{\hat{X}_{0} {c}_{00}^{2} w_{0} - K_{0} {c}_{00} r_{0} w_{0} + m_{0} r_{0}}{r_{0}}\\
  -\frac{\hat{X}_{0} b_{0} {c}_{00} w_{0} - K_{0} b_{0} r_{0} w_{0}}{r_{0}}\\
  -b_{0}
\end{array}\right) \]
 Equilibrium of the population dynamics: 
\[ \begin{align*}
  \hat{X}_{0} &\to \frac{K_{0} {c}_{00} r_{0} w_{0} - m_{0} r_{0}}{{c}_{00}^{2} w_{0}}
\end{align*} \]
 The adaptive dynamics comes out to 
\[ \iflatexml
\begin{align*}
\frac{db_{0}}{dt} &= 0\\
\frac{d{c}_{00}}{dt} &= \frac{{\left(K_{0} b_{0} r_{0} w_{0} - \frac{{\left(K_{0} {c}_{00} r_{0} w_{0} - m_{0} r_{0}\right)} b_{0}}{{c}_{00}}\right)} {\left(K_{0} {c}_{00} r_{0} w_{0} - m_{0} r_{0}\right)} \gamma}{{c}_{00}^{2} r_{0} w_{0}}\\
\frac{dm_{0}}{dt} &= -\frac{{\left(K_{0} {c}_{00} r_{0} w_{0} - m_{0} r_{0}\right)} b_{0} \gamma}{{c}_{00}^{2} w_{0}}
\end{align*}
\else
\begin{dgroup*}
\begin{dmath*}
\frac{db_{0}}{dt} = 0\end{dmath*}
\begin{dmath*}
\frac{d{c}_{00}}{dt} = \frac{{\left(K_{0} b_{0} r_{0} w_{0} - \frac{{\left(K_{0} {c}_{00} r_{0} w_{0} - m_{0} r_{0}\right)} b_{0}}{{c}_{00}}\right)} {\left(K_{0} {c}_{00} r_{0} w_{0} - m_{0} r_{0}\right)} \gamma}{{c}_{00}^{2} r_{0} w_{0}}\end{dmath*}
\begin{dmath*}
\frac{dm_{0}}{dt} = -\frac{{\left(K_{0} {c}_{00} r_{0} w_{0} - m_{0} r_{0}\right)} b_{0} \gamma}{{c}_{00}^{2} w_{0}}
\end{dmath*}
\end{dgroup*}
\fi
 \]

set_population_indices: [0]
set_population_indices: [0]
set_population_indices: [0]
set_population_indices: [0, 1]
set_population_indices: [0, 1]
The invasion rate for mutant population is:
\begin{align*}
  \mathscr I = \frac{1}{X_{1}}\frac{dX_{1}}{dt} &= \frac{{\left(K_{0} r_{0} - X_{0} u_{0} - X_{1} u_{1}\right)} u_{1} w_{0}}{r_{0}} - 1 
\end{align*}

limit as {u_1: u_0}
after those limits:
   (K_0*r_0*w_0 - X_0*u_0*w_0 - 2*X_1*u_0*w_0)/r_0
Original pop-dyn system: 
\[\iflatexml
\begin{align*}
\frac{dX_{0}}{dt} &= {\left(\frac{{\left(K_{0} r_{0} - X_{0} u_{0}\right)} u_{0} w_{0}}{r_{0}} - 1\right)} X_{0}
\end{align*}
\else
\begin{dgroup*}
\begin{dmath*}
\frac{dX_{0}}{dt} = {\left(\frac{{\left(K_{0} r_{0} - X_{0} u_{0}\right)} u_{0} w_{0}}{r_{0}} - 1\right)} X_{0}
\end{dmath*}
\end{dgroup*}
\fi
\]
Extended pop-dyn system: 
\[\iflatexml
\begin{align*}
\frac{dX_{0}}{dt} &= {\left(\frac{{\left(K_{0} r_{0} - X_{0} u_{0} - X_{1} u_{1}\right)} u_{0} w_{0}}{r_{0}} - 1\right)} X_{0}\\
\frac{dX_{1}}{dt} &= {\left(\frac{{\left(K_{0} r_{0} - X_{0} u_{0} - X_{1} u_{1}\right)} u_{1} w_{0}}{r_{0}} - 1\right)} X_{1}
\end{align*}
\else
\begin{dgroup*}
\begin{dmath*}
\frac{dX_{0}}{dt} = {\left(\frac{{\left(K_{0} r_{0} - X_{0} u_{0} - X_{1} u_{1}\right)} u_{0} w_{0}}{r_{0}} - 1\right)} X_{0}\end{dmath*}
\begin{dmath*}
\frac{dX_{1}}{dt} = {\left(\frac{{\left(K_{0} r_{0} - X_{0} u_{0} - X_{1} u_{1}\right)} u_{1} w_{0}}{r_{0}} - 1\right)} X_{1}
\end{dmath*}
\end{dgroup*}
\fi
\]
 The invasion rate for mutant population is:
\begin{align*}
  \mathscr I = \frac{1}{X_{1}}\frac{dX_{1}}{dt} &= \frac{{\left(K_{0} r_{0} - X_{0} u_{0} - X_{1} u_{1}\right)} u_{1} w_{0}}{r_{0}} - 1 
\end{align*}
 And the invasion exponent is
\begin{align*}
  \frac{\partial\mathscr I}{\partial u_{0}} = \lim_{u_{1}\to u_{0},X_{1}\to0}-\frac{X_{1} u_{1} w_{0}}{r_{0}} + \frac{{\left(K_{0} r_{0} - X_{0} u_{0} - X_{1} u_{1}\right)} w_{0}}{r_{0}} .
\end{align*}
 Which comes out to
\begin{align*}
  \frac{\partial\mathscr I}{\partial u_{0}} = \frac{K_{0} r_{0} w_{0} - X_{0} u_{0} w_{0}}{r_{0}} .
\end{align*}
 \[ \mathbf S \left(\begin{array}{c}
  u_{0}
\end{array}\right) = \left(\begin{array}{c}
  \frac{K_{0} r_{0} w_{0} - \hat{X}_{0} u_{0} w_{0}}{r_{0}}
\end{array}\right) \]
 Equilibrium of the population dynamics: 
\[ \begin{align*}
  \hat{X}_{0} &\to \frac{K_{0} r_{0} u_{0} w_{0} - r_{0}}{u_{0}^{2} w_{0}}
\end{align*} \]
 The adaptive dynamics comes out to 
\[ \iflatexml
\begin{align*}
\frac{du_{0}}{dt} &= \frac{{\left(K_{0} r_{0} u_{0} w_{0} - r_{0}\right)} {\left(K_{0} r_{0} w_{0} - \frac{K_{0} r_{0} u_{0} w_{0} - r_{0}}{u_{0}}\right)} \gamma}{r_{0} u_{0}^{2} w_{0}}
\end{align*}
\else
\begin{dgroup*}
\begin{dmath*}
\frac{du_{0}}{dt} = \frac{{\left(K_{0} r_{0} u_{0} w_{0} - r_{0}\right)} {\left(K_{0} r_{0} w_{0} - \frac{K_{0} r_{0} u_{0} w_{0} - r_{0}}{u_{0}}\right)} \gamma}{r_{0} u_{0}^{2} w_{0}}
\end{dmath*}
\end{dgroup*}
\fi
 \]

desolve: [-(2*u_0 - 1)*((2*u_0 - 1)/u_0 - 2)/u_0^2], [u_0], [0, 2], ivar=t, end_points=20, step=0.1
timeseries: [{t -> 0, u_0 -> 2}, {t -> 0.1, u_0 -> 2.036928523413293}, {t -> 0.2, u_0 -> 2.072768689128506}, {t -> 0.3, u_0 -> 2.107595729246952}, {t -> 0.4, u_0 -> 2.141476999535828}, {t -> 0.5, u_0 -> 2.174473057599315}, {t -> 0.6000000000000001, u_0 -> 2.206638561906816}, {t -> 0.7000000000000001, u_0 -> 2.238023026220409}, {t -> 0.8, u_0 -> 2.268671456463748}, {t -> 0.9, u_0 -> 2.298624891369117}, {t -> 1.0, u_0 -> 2.327920863862768}, {t -> 1.1, u_0 -> 2.356593796764941}, {t -> 1.2, u_0 -> 2.384675343744988}, {t -> 1.3, u_0 -> 2.412194684403776}, {t -> 1.4, u_0 -> 2.43917878072153}, {t -> 1.5, u_0 -> 2.465652600809946}, {t -> 1.6, u_0 -> 2.491639314867698}, {t -> 1.7, u_0 -> 2.517160467401607}, {t -> 1.8, u_0 -> 2.542236129098336}, {t -> 1.9, u_0 -> 2.566885031180172}, {t -> 2.0, u_0 -> 2.59112468462749}, {t -> 2.1, u_0 -> 2.614971486279791}, {t -> 2.2, u_0 -> 2.638440813521023}, {t -> 2.3, u_0 -> 2.661547109000934}, {t -> 2.4, u_0 -> 2.684303956632565}, {t -> 2.5, u_0 -> 2.706724149928989}, {t -> 2.6, u_0 -> 2.728819753593735}, {t -> 2.7, u_0 -> 2.750602159153972}, {t -> 2.8, u_0 -> 2.772082135319534}, {t -> 2.9, u_0 -> 2.793269873660808}, {t -> 3.0, u_0 -> 2.814175030121842}, {t -> 3.1, u_0 -> 2.834806762819482}, {t -> 3.2, u_0 -> 2.855173766523206}, {t -> 3.3, u_0 -> 2.875284304161988}, {t -> 3.4, u_0 -> 2.895146235662934}, {t -> 3.5, u_0 -> 2.914767044390402}, {t -> 3.6, u_0 -> 2.934153861423128}, {t -> 3.7, u_0 -> 2.953313487879769}, {t -> 3.8, u_0 -> 2.972252415479641}, {t -> 3.9, u_0 -> 2.990976845504783}, {t -> 4.0, u_0 -> 3.009492706311464}, {t -> 4.100000000000001, u_0 -> 3.027805669523341}, {t -> 4.2, u_0 -> 3.04592116502462}, {t -> 4.3, u_0 -> 3.063844394859238}, {t -> 4.4, u_0 -> 3.081580346131293}, {t -> 4.5, u_0 -> 3.099133802992344}, {t -> 4.600000000000001, u_0 -> 3.116509357792727}, {t -> 4.7, u_0 -> 3.133711421466485}, {t -> 4.800000000000001, u_0 -> 3.150744233212802}, {t -> 4.9, u_0 -> 3.167611869530866}, {t -> 5.0, u_0 -> 3.184318252659754}, {t -> 5.100000000000001, u_0 -> 3.200867158470142}, {t -> 5.2, u_0 -> 3.217262223850419}, {t -> 5.300000000000001, u_0 -> 3.233506953625915}, {t -> 5.4, u_0 -> 3.249604727046535}, {t -> 5.5, u_0 -> 3.265558803875}, {t -> 5.600000000000001, u_0 -> 3.281372330105111}, {t -> 5.7, u_0 -> 3.297048343336924}, {t -> 5.800000000000001, u_0 -> 3.312589777833489}, {t -> 5.9, u_0 -> 3.327999469281721}, {t -> 6.0, u_0 -> 3.343280159278127}, {t -> 6.100000000000001, u_0 -> 3.358434499558438}, {t -> 6.2, u_0 -> 3.373465055988648}, {t -> 6.300000000000001, u_0 -> 3.388374312333581}, {t -> 6.4, u_0 -> 3.403164673817849}, {t -> 6.5, u_0 -> 3.417838470492903}, {t -> 6.600000000000001, u_0 -> 3.432397960422821}, {t -> 6.7, u_0 -> 3.44684533270054}, {t -> 6.800000000000001, u_0 -> 3.461182710305352}, {t -> 6.9, u_0 -> 3.475412152811668}, {t -> 7.0, u_0 -> 3.489535658958336}, {t -> 7.100000000000001, u_0 -> 3.503555169087132}, {t -> 7.2, u_0 -> 3.517472567458402}, {t -> 7.300000000000001, u_0 -> 3.531289684451286}, {t -> 7.4, u_0 -> 3.545008298655421}, {t -> 7.5, u_0 -> 3.558630138860555}, {t -> 7.600000000000001, u_0 -> 3.572156885950035}, {t -> 7.7, u_0 -> 3.585590174703763}, {t -> 7.800000000000001, u_0 -> 3.598931595515798}, {t -> 7.9, u_0 -> 3.612182696031468}, {t -> 8.0, u_0 -> 3.62534498270851}, {t -> 8.1, u_0 -> 3.638419922306481}, {t -> 8.200000000000001, u_0 -> 3.651408943308389}, {t -> 8.3, u_0 -> 3.66431343727826}, {t -> 8.4, u_0 -> 3.677134760158092}, {t -> 8.5, u_0 -> 3.689874233507463}, {t -> 8.6, u_0 -> 3.702533145688833}, {t -> 8.700000000000001, u_0 -> 3.715112753001396}, {t -> 8.8, u_0 -> 3.727614280766166}, {t -> 8.9, u_0 -> 3.740038924364828}, {t -> 9.0, u_0 -> 3.752387850234701}, {t -> 9.1, u_0 -> 3.764662196822066}, {t -> 9.200000000000001, u_0 -> 3.776863075495933}, {t -> 9.3, u_0 -> 3.788991571424234}, {t -> 9.4, u_0 -> 3.801048744414291}, {t -> 9.5, u_0 -> 3.813035629719315}, {t -> 9.600000000000001, u_0 -> 3.824953238812588}, {t -> 9.700000000000001, u_0 -> 3.836802560130881}, {t -> 9.8, u_0 -> 3.848584559788582}, {t -> 9.9, u_0 -> 3.860300182263922}, {t -> 10.0, u_0 -> 3.871950351058604}, {t -> 10.1, u_0 -> 3.883535969332086}, {t -> 10.2, u_0 -> 3.895057920511681}, {t -> 10.3, u_0 -> 3.906517068879586}, {t -> 10.4, u_0 -> 3.917914260137896}, {t -> 10.5, u_0 -> 3.929250321952576}, {t -> 10.6, u_0 -> 3.940526064477369}, {t -> 10.7, u_0 -> 3.951742280858493}, {t -> 10.8, u_0 -> 3.962899747721001}, {t -> 10.9, u_0 -> 3.973999225637594}, {t -> 11.0, u_0 -> 3.985041459580658}, {t -> 11.1, u_0 -> 3.99602717935823}, {t -> 11.2, u_0 -> 4.006957100034606}, {t -> 11.3, u_0 -> 4.017831922336224}, {t -> 11.4, u_0 -> 4.028652333043444}, {t -> 11.5, u_0 -> 4.039419005368823}, {t -> 11.6, u_0 -> 4.050132599322446}, {t -> 11.7, u_0 -> 4.060793762064834}, {t -> 11.8, u_0 -> 4.071403128247947}, {t -> 11.9, u_0 -> 4.081961320344775}, {t -> 12.0, u_0 -> 4.092468948967952}, {t -> 12.1, u_0 -> 4.102926613177855}, {t -> 12.2, u_0 -> 4.113334900780606}, {t -> 12.3, u_0 -> 4.123694388616352}, {t -> 12.4, u_0 -> 4.134005642838241}, {t -> 12.5, u_0 -> 4.144269219182422}, {t -> 12.6, u_0 -> 4.154485663229437}, {t -> 12.7, u_0 -> 4.164655510657333}, {t -> 12.8, u_0 -> 4.174779287486804}, {t -> 12.9, u_0 -> 4.184857510318671}, {t -> 13.0, u_0 -> 4.194890686563981}, {t -> 13.1, u_0 -> 4.204879314667017}, {t -> 13.2, u_0 -> 4.214823884321464}, {t -> 13.3, u_0 -> 4.224724876679995}, {t -> 13.4, u_0 -> 4.234582764557515}, {t -> 13.5, u_0 -> 4.244398012628299}, {t -> 13.6, u_0 -> 4.254171077617236}, {t -> 13.7, u_0 -> 4.263902408485398}, {t -> 13.8, u_0 -> 4.273592446610143}, {t -> 13.9, u_0 -> 4.283241625959926}, {t -> 14.0, u_0 -> 4.292850373264029}, {t -> 14.1, u_0 -> 4.302419108177374}, {t -> 14.2, u_0 -> 4.311948243440593}, {t -> 14.3, u_0 -> 4.321438185035523}, {t -> 14.4, u_0 -> 4.330889332336282}, {t -> 14.5, u_0 -> 4.340302078256071}, {t -> 14.6, u_0 -> 4.349676809389865}, {t -> 14.7, u_0 -> 4.35901390615311}, {t -> 14.8, u_0 -> 4.368313742916576}, {t -> 14.9, u_0 -> 4.377576688137493}, {t -> 15.0, u_0 -> 4.386803104487084}, {t -> 15.1, u_0 -> 4.395993348974628}, {t -> 15.2, u_0 -> 4.405147773068152}, {t -> 15.3, u_0 -> 4.41426672281188}, {t -> 15.4, u_0 -> 4.423350538940527}, {t -> 15.5, u_0 -> 4.432399556990552}, {t -> 15.6, u_0 -> 4.441414107408458}, {t -> 15.7, u_0 -> 4.450394515656249}, {t -> 15.8, u_0 -> 4.459341102314116}, {t -> 15.9, u_0 -> 4.468254183180444}, {t -> 16.0, u_0 -> 4.477134069369244}, {t -> 16.1, u_0 -> 4.485981067405058}, {t -> 16.2, u_0 -> 4.494795479315442}, {t -> 16.3, u_0 -> 4.503577602721087}, {t -> 16.4, u_0 -> 4.512327730923659}, {t -> 16.5, u_0 -> 4.521046152991424}, {t -> 16.6, u_0 -> 4.529733153842723}, {t -> 16.7, u_0 -> 4.538389014327367}, {t -> 16.8, u_0 -> 4.547014011306016}, {t -> 16.9, u_0 -> 4.555608417727593}, {t -> 17.0, u_0 -> 4.5641725027048}, {t -> 17.1, u_0 -> 4.572706531587789}, {t -> 17.2, u_0 -> 4.581210766036048}, {t -> 17.3, u_0 -> 4.589685464088543}, {t -> 17.4, u_0 -> 4.598130880232175}, {t -> 17.5, u_0 -> 4.6065472654686}, {t -> 17.6, u_0 -> 4.614934867379462}, {t -> 17.7, u_0 -> 4.623293930190076}, {t -> 17.8, u_0 -> 4.631624694831612}, {t -> 17.9, u_0 -> 4.639927399001821}, {t -> 18.0, u_0 -> 4.648202277224348}, {t -> 18.1, u_0 -> 4.656449560906662}, {t -> 18.2, u_0 -> 4.664669478396655}, {t -> 18.3, u_0 -> 4.672862255037932}, {t -> 18.4, u_0 -> 4.681028113223844}, {t -> 18.5, u_0 -> 4.689167272450288}, {t -> 18.6, u_0 -> 4.69727994936731}, {t -> 18.7, u_0 -> 4.705366357829545}, {t -> 18.8, u_0 -> 4.713426708945529}, {t -> 18.9, u_0 -> 4.721461211125905}, {t -> 19.0, u_0 -> 4.729470070130561}, {t -> 19.1, u_0 -> 4.737453489114726}, {t -> 19.2, u_0 -> 4.745411668674048}, {t -> 19.3, u_0 -> 4.753344806888689}, {t -> 19.4, u_0 -> 4.761253099366454}, {t -> 19.5, u_0 -> 4.769136739284983}, {t -> 19.6, u_0 -> 4.776995917433042}, {t -> 19.7, u_0 -> 4.784830822250911}, {t -> 19.8, u_0 -> 4.792641639869919}, {t -> 19.9, u_0 -> 4.80042855415113}, {t -> 20.0, u_0 -> 4.80819174672321}]
X at first pt of timeseries: [3/4]
