set_population_indices: [0, 1]
set_population_indices: [0, 1]
merge bindings: {Rhat_0 -> -(Xhat_0*c_0_0 + Xhat_1*c_1_0 - K_0*r_0)/r_0, R_0 -> -(X_0*c_0_0 + X_1*c_1_0 - K_0*r_0)/r_0} , [b_0, m_0, c_1_0, c_0_0, m_1, b_1] ,  {}
The invasion rate for mutant population is:
\begin{align*}
  \mathscr I = \frac{1}{X_{1}}\frac{dX_{1}}{dt} &= \frac{{\left(K_{0} r_{0} - X_{0} u_{0} - X_{1} u_{1}\right)} u_{1} w_{0}}{r_{0}} - 1 
\end{align*}

limit as {u_1: u_0}
simplify to (K_0*r_0*w_0 - X_0*u_0*w_0 - 2*X_1*u_0*w_0)/r_0
after those limits:
   (K_0*r_0*w_0 - X_0*u_0*w_0 - 2*X_1*u_0*w_0)/r_0
simplify to (K_0*r_0*w_0 - X_0*u_0*w_0)/r_0
merge bindings: {b_0 -> 1, m_0 -> 1, c_1_0 -> u_1, c_0_0 -> u_0, m_1 -> 1, b_1 -> 1} , [] ,  {}
merge bindings: {b_0 -> 1, m_0 -> 1, c_1_0 -> u_1, c_0_0 -> u_0, m_1 -> 1, b_1 -> 1} , [Rhat_0, R_0] ,  {}
merge bindings: {Rhat_0 -> (K_0*r_0 - Xhat_0*u_0)/r_0, m_0 -> 1, c_1_0 -> u_1, m_1 -> 1, R_0 -> (K_0*r_0 - X_0*u_0)/r_0, b_0 -> 1, b_1 -> 1, c_0_0 -> u_0} , [Xhat_0] ,  {}
when c_00 == u, the adaptive dynamics is  u_0 -> (K_0*r_0*u_0*w_0 - r_0)*(K_0*r_0*w_0 - (K_0*r_0*u_0*w_0 - r_0)/u_0)*gamma/(r_0*u_0^2*w_0)
merge bindings: {Rhat_0 -> (K_0*r_0 - (K_0*c_0_0*r_0*w_0 - m_0*r_0)*u_0/(c_0_0^2*w_0))/r_0, m_0 -> 1, c_1_0 -> u_1, m_1 -> 1, Xhat_0 -> (K_0*r_0*u_0*w_0 - r_0)/(u_0^2*w_0), R_0 -> (K_0*r_0 - X_0*u_0)/r_0, b_0 -> 1, b_1 -> 1, c_0_0 -> u_0} , [r_0, gamma, w_0, K_0] ,  {}
desolve: [-(2*u_0 - 1)*((2*u_0 - 1)/u_0 - 2)/u_0^2], [u_0], [0, 2/3], ivar=t, end_points=10, step=0.1
initial flow: [9/8]
timeseries: [{u_0 -> 0.666666666666667, t -> 0.000000000000000}, {u_0 -> 0.783762463421510, t -> 0.100000000000000}, {u_0 -> 0.898117830059389, t -> 0.200000000000000}, {u_0 -> 1.00291775849536, t -> 0.300000000000000}, {u_0 -> 1.09784273407924, t -> 0.400000000000000}, {u_0 -> 1.18411459209533, t -> 0.500000000000000}, {u_0 -> 1.26308974698402, t -> 0.600000000000000}, {u_0 -> 1.33593913499670, t -> 0.700000000000000}, {u_0 -> 1.40361315646324, t -> 0.800000000000000}, {u_0 -> 1.46687260892838, t -> 0.900000000000000}, {u_0 -> 1.52632793098105, t -> 1.00000000000000}, {u_0 -> 1.58247297444543, t -> 1.10000000000000}, {u_0 -> 1.63571138496960, t -> 1.20000000000000}, {u_0 -> 1.68637659774166, t -> 1.30000000000000}, {u_0 -> 1.73474689617616, t -> 1.40000000000000}, {u_0 -> 1.78105679106993, t -> 1.50000000000000}, {u_0 -> 1.82550568588081, t -> 1.60000000000000}, {u_0 -> 1.86826453861351, t -> 1.70000000000000}, {u_0 -> 1.90948103575710, t -> 1.80000000000000}, {u_0 -> 1.94928365164831, t -> 1.90000000000000}, {u_0 -> 1.98778486493203, t -> 2.00000000000000}, {u_0 -> 2.02508373125957, t -> 2.10000000000000}, {u_0 -> 2.06126795949026, t -> 2.20000000000000}, {u_0 -> 2.09641560132662, t -> 2.30000000000000}, {u_0 -> 2.13059643722686, t -> 2.40000000000000}, {u_0 -> 2.16387312161294, t -> 2.50000000000000}, {u_0 -> 2.19630213574864, t -> 2.60000000000000}, {u_0 -> 2.22793458574674, t -> 2.70000000000000}, {u_0 -> 2.25881687495447, t -> 2.80000000000000}, {u_0 -> 2.28899127373801, t -> 2.90000000000000}, {u_0 -> 2.31849640492175, t -> 3.00000000000000}, {u_0 -> 2.34736765946303, t -> 3.10000000000000}, {u_0 -> 2.37563755408726, t -> 3.20000000000000}, {u_0 -> 2.40333604037272, t -> 3.30000000000000}, {u_0 -> 2.43049077301176, t -> 3.40000000000000}, {u_0 -> 2.45712734357676, t -> 3.50000000000000}, {u_0 -> 2.48326948500224, t -> 3.60000000000000}, {u_0 -> 2.50893925109725, t -> 3.70000000000000}, {u_0 -> 2.53415717467720, t -> 3.80000000000000}, {u_0 -> 2.55894240731533, t -> 3.90000000000000}, {u_0 -> 2.58331284323270, t -> 4.00000000000000}, {u_0 -> 2.60728522945125, t -> 4.10000000000000}, {u_0 -> 2.63087526400838, t -> 4.20000000000000}, {u_0 -> 2.65409768376217, t -> 4.30000000000000}, {u_0 -> 2.67696634309174, t -> 4.40000000000000}, {u_0 -> 2.69949428460990, t -> 4.50000000000000}, {u_0 -> 2.72169380284785, t -> 4.60000000000000}, {u_0 -> 2.74357650173944, t -> 4.70000000000000}, {u_0 -> 2.76515334662041, t -> 4.80000000000000}, {u_0 -> 2.78643471136336, t -> 4.90000000000000}, {u_0 -> 2.80743042118826, t -> 5.00000000000000}, {u_0 -> 2.82814979161939, t -> 5.10000000000000}, {u_0 -> 2.84860166400087, t -> 5.20000000000000}, {u_0 -> 2.86879443793168, t -> 5.30000000000000}, {u_0 -> 2.88873610093795, t -> 5.40000000000000}, {u_0 -> 2.90843425566234, t -> 5.50000000000000}, {u_0 -> 2.92789614481748, t -> 5.60000000000000}, {u_0 -> 2.94712867412252, t -> 5.70000000000000}, {u_0 -> 2.96613843341662, t -> 5.80000000000000}, {u_0 -> 2.98493171612209, t -> 5.90000000000000}, {u_0 -> 3.00351453721081, t -> 6.00000000000000}, {u_0 -> 3.02189264981099, t -> 6.10000000000000}, {u_0 -> 3.04007156057711, t -> 6.20000000000000}, {u_0 -> 3.05805654393269, t -> 6.30000000000000}, {u_0 -> 3.07585265528455, t -> 6.40000000000000}, {u_0 -> 3.09346474329728, t -> 6.50000000000000}, {u_0 -> 3.11089746130743, t -> 6.60000000000000}, {u_0 -> 3.12815527794966, t -> 6.70000000000000}, {u_0 -> 3.14524248705965, t -> 6.80000000000000}, {u_0 -> 3.16216321691258, t -> 6.90000000000000}, {u_0 -> 3.17892143885056, t -> 7.00000000000000}, {u_0 -> 3.19552097534704, t -> 7.10000000000000}, {u_0 -> 3.21196550755245, t -> 7.20000000000000}, {u_0 -> 3.22825858236064, t -> 7.30000000000000}, {u_0 -> 3.24440361903277, t -> 7.40000000000000}, {u_0 -> 3.26040391541162, t -> 7.50000000000000}, {u_0 -> 3.27626265375667, t -> 7.60000000000000}, {u_0 -> 3.29198290622771, t -> 7.70000000000000}, {u_0 -> 3.30756764004215, t -> 7.80000000000000}, {u_0 -> 3.32301972232948, t -> 7.90000000000000}, {u_0 -> 3.33834192470396, t -> 8.00000000000000}, {u_0 -> 3.35353692757529, t -> 8.10000000000000}, {u_0 -> 3.36860732421510, t -> 8.20000000000000}, {u_0 -> 3.38355562459599, t -> 8.30000000000000}, {u_0 -> 3.39838425901817, t -> 8.40000000000000}, {u_0 -> 3.41309558153792, t -> 8.50000000000000}, {u_0 -> 3.42769187321081, t -> 8.60000000000000}, {u_0 -> 3.44217534516168, t -> 8.70000000000000}, {u_0 -> 3.45654814149239, t -> 8.80000000000000}, {u_0 -> 3.47081234203778, t -> 8.90000000000000}, {u_0 -> 3.48496996497917, t -> 9.00000000000000}, {u_0 -> 3.49902296932440, t -> 9.10000000000000}, {u_0 -> 3.51297325726239, t -> 9.20000000000000}, {u_0 -> 3.52682267640000, t -> 9.30000000000000}, {u_0 -> 3.54057302188821, t -> 9.40000000000000}, {u_0 -> 3.55422603844409, t -> 9.50000000000000}, {u_0 -> 3.56778342227488, t -> 9.60000000000000}, {u_0 -> 3.58124682290963, t -> 9.70000000000000}, {u_0 -> 3.59461784494396, t -> 9.80000000000000}, {u_0 -> 3.60789804970273, t -> 9.90000000000000}, {u_0 -> 3.62108895682532, t -> 10.0000000000000}]
X at first pt of timeseries: [0.750000000000000]
{u_0 -> 0.666666666666667, t -> 0.000000000000000} : (0.000000000000000, 0.666666666666667)
{u_0 -> 0.783762463421510, t -> 0.100000000000000} : (0.100000000000000, 0.783762463421510)
{u_0 -> 0.898117830059389, t -> 0.200000000000000} : (0.200000000000000, 0.898117830059389)
{u_0 -> 1.00291775849536, t -> 0.300000000000000} : (0.300000000000000, 1.00291775849536)
{u_0 -> 1.09784273407924, t -> 0.400000000000000} : (0.400000000000000, 1.09784273407924)
{u_0 -> 1.18411459209533, t -> 0.500000000000000} : (0.500000000000000, 1.18411459209533)
{u_0 -> 1.26308974698402, t -> 0.600000000000000} : (0.600000000000000, 1.26308974698402)
{u_0 -> 1.33593913499670, t -> 0.700000000000000} : (0.700000000000000, 1.33593913499670)
{u_0 -> 1.40361315646324, t -> 0.800000000000000} : (0.800000000000000, 1.40361315646324)
{u_0 -> 1.46687260892838, t -> 0.900000000000000} : (0.900000000000000, 1.46687260892838)
{u_0 -> 1.52632793098105, t -> 1.00000000000000} : (1.00000000000000, 1.52632793098105)
{u_0 -> 1.58247297444543, t -> 1.10000000000000} : (1.10000000000000, 1.58247297444543)
{u_0 -> 1.63571138496960, t -> 1.20000000000000} : (1.20000000000000, 1.63571138496960)
{u_0 -> 1.68637659774166, t -> 1.30000000000000} : (1.30000000000000, 1.68637659774166)
{u_0 -> 1.73474689617616, t -> 1.40000000000000} : (1.40000000000000, 1.73474689617616)
{u_0 -> 1.78105679106993, t -> 1.50000000000000} : (1.50000000000000, 1.78105679106993)
{u_0 -> 1.82550568588081, t -> 1.60000000000000} : (1.60000000000000, 1.82550568588081)
{u_0 -> 1.86826453861351, t -> 1.70000000000000} : (1.70000000000000, 1.86826453861351)
{u_0 -> 1.90948103575710, t -> 1.80000000000000} : (1.80000000000000, 1.90948103575710)
{u_0 -> 1.94928365164831, t -> 1.90000000000000} : (1.90000000000000, 1.94928365164831)
{u_0 -> 1.98778486493203, t -> 2.00000000000000} : (2.00000000000000, 1.98778486493203)
{u_0 -> 2.02508373125957, t -> 2.10000000000000} : (2.10000000000000, 2.02508373125957)
{u_0 -> 2.06126795949026, t -> 2.20000000000000} : (2.20000000000000, 2.06126795949026)
{u_0 -> 2.09641560132662, t -> 2.30000000000000} : (2.30000000000000, 2.09641560132662)
{u_0 -> 2.13059643722686, t -> 2.40000000000000} : (2.40000000000000, 2.13059643722686)
{u_0 -> 2.16387312161294, t -> 2.50000000000000} : (2.50000000000000, 2.16387312161294)
{u_0 -> 2.19630213574864, t -> 2.60000000000000} : (2.60000000000000, 2.19630213574864)
{u_0 -> 2.22793458574674, t -> 2.70000000000000} : (2.70000000000000, 2.22793458574674)
{u_0 -> 2.25881687495447, t -> 2.80000000000000} : (2.80000000000000, 2.25881687495447)
{u_0 -> 2.28899127373801, t -> 2.90000000000000} : (2.90000000000000, 2.28899127373801)
{u_0 -> 2.31849640492175, t -> 3.00000000000000} : (3.00000000000000, 2.31849640492175)
{u_0 -> 2.34736765946303, t -> 3.10000000000000} : (3.10000000000000, 2.34736765946303)
{u_0 -> 2.37563755408726, t -> 3.20000000000000} : (3.20000000000000, 2.37563755408726)
{u_0 -> 2.40333604037272, t -> 3.30000000000000} : (3.30000000000000, 2.40333604037272)
{u_0 -> 2.43049077301176, t -> 3.40000000000000} : (3.40000000000000, 2.43049077301176)
{u_0 -> 2.45712734357676, t -> 3.50000000000000} : (3.50000000000000, 2.45712734357676)
{u_0 -> 2.48326948500224, t -> 3.60000000000000} : (3.60000000000000, 2.48326948500224)
{u_0 -> 2.50893925109725, t -> 3.70000000000000} : (3.70000000000000, 2.50893925109725)
{u_0 -> 2.53415717467720, t -> 3.80000000000000} : (3.80000000000000, 2.53415717467720)
{u_0 -> 2.55894240731533, t -> 3.90000000000000} : (3.90000000000000, 2.55894240731533)
{u_0 -> 2.58331284323270, t -> 4.00000000000000} : (4.00000000000000, 2.58331284323270)
{u_0 -> 2.60728522945125, t -> 4.10000000000000} : (4.10000000000000, 2.60728522945125)
{u_0 -> 2.63087526400838, t -> 4.20000000000000} : (4.20000000000000, 2.63087526400838)
{u_0 -> 2.65409768376217, t -> 4.30000000000000} : (4.30000000000000, 2.65409768376217)
{u_0 -> 2.67696634309174, t -> 4.40000000000000} : (4.40000000000000, 2.67696634309174)
{u_0 -> 2.69949428460990, t -> 4.50000000000000} : (4.50000000000000, 2.69949428460990)
{u_0 -> 2.72169380284785, t -> 4.60000000000000} : (4.60000000000000, 2.72169380284785)
{u_0 -> 2.74357650173944, t -> 4.70000000000000} : (4.70000000000000, 2.74357650173944)
{u_0 -> 2.76515334662041, t -> 4.80000000000000} : (4.80000000000000, 2.76515334662041)
{u_0 -> 2.78643471136336, t -> 4.90000000000000} : (4.90000000000000, 2.78643471136336)
{u_0 -> 2.80743042118826, t -> 5.00000000000000} : (5.00000000000000, 2.80743042118826)
{u_0 -> 2.82814979161939, t -> 5.10000000000000} : (5.10000000000000, 2.82814979161939)
{u_0 -> 2.84860166400087, t -> 5.20000000000000} : (5.20000000000000, 2.84860166400087)
{u_0 -> 2.86879443793168, t -> 5.30000000000000} : (5.30000000000000, 2.86879443793168)
{u_0 -> 2.88873610093795, t -> 5.40000000000000} : (5.40000000000000, 2.88873610093795)
{u_0 -> 2.90843425566234, t -> 5.50000000000000} : (5.50000000000000, 2.90843425566234)
{u_0 -> 2.92789614481748, t -> 5.60000000000000} : (5.60000000000000, 2.92789614481748)
{u_0 -> 2.94712867412252, t -> 5.70000000000000} : (5.70000000000000, 2.94712867412252)
{u_0 -> 2.96613843341662, t -> 5.80000000000000} : (5.80000000000000, 2.96613843341662)
{u_0 -> 2.98493171612209, t -> 5.90000000000000} : (5.90000000000000, 2.98493171612209)
{u_0 -> 3.00351453721081, t -> 6.00000000000000} : (6.00000000000000, 3.00351453721081)
{u_0 -> 3.02189264981099, t -> 6.10000000000000} : (6.10000000000000, 3.02189264981099)
{u_0 -> 3.04007156057711, t -> 6.20000000000000} : (6.20000000000000, 3.04007156057711)
{u_0 -> 3.05805654393269, t -> 6.30000000000000} : (6.30000000000000, 3.05805654393269)
{u_0 -> 3.07585265528455, t -> 6.40000000000000} : (6.40000000000000, 3.07585265528455)
{u_0 -> 3.09346474329728, t -> 6.50000000000000} : (6.50000000000000, 3.09346474329728)
{u_0 -> 3.11089746130743, t -> 6.60000000000000} : (6.60000000000000, 3.11089746130743)
{u_0 -> 3.12815527794966, t -> 6.70000000000000} : (6.70000000000000, 3.12815527794966)
{u_0 -> 3.14524248705965, t -> 6.80000000000000} : (6.80000000000000, 3.14524248705965)
{u_0 -> 3.16216321691258, t -> 6.90000000000000} : (6.90000000000000, 3.16216321691258)
{u_0 -> 3.17892143885056, t -> 7.00000000000000} : (7.00000000000000, 3.17892143885056)
{u_0 -> 3.19552097534704, t -> 7.10000000000000} : (7.10000000000000, 3.19552097534704)
{u_0 -> 3.21196550755245, t -> 7.20000000000000} : (7.20000000000000, 3.21196550755245)
{u_0 -> 3.22825858236064, t -> 7.30000000000000} : (7.30000000000000, 3.22825858236064)
{u_0 -> 3.24440361903277, t -> 7.40000000000000} : (7.40000000000000, 3.24440361903277)
{u_0 -> 3.26040391541162, t -> 7.50000000000000} : (7.50000000000000, 3.26040391541162)
{u_0 -> 3.27626265375667, t -> 7.60000000000000} : (7.60000000000000, 3.27626265375667)
{u_0 -> 3.29198290622771, t -> 7.70000000000000} : (7.70000000000000, 3.29198290622771)
{u_0 -> 3.30756764004215, t -> 7.80000000000000} : (7.80000000000000, 3.30756764004215)
{u_0 -> 3.32301972232948, t -> 7.90000000000000} : (7.90000000000000, 3.32301972232948)
{u_0 -> 3.33834192470396, t -> 8.00000000000000} : (8.00000000000000, 3.33834192470396)
{u_0 -> 3.35353692757529, t -> 8.10000000000000} : (8.10000000000000, 3.35353692757529)
{u_0 -> 3.36860732421510, t -> 8.20000000000000} : (8.20000000000000, 3.36860732421510)
{u_0 -> 3.38355562459599, t -> 8.30000000000000} : (8.30000000000000, 3.38355562459599)
{u_0 -> 3.39838425901817, t -> 8.40000000000000} : (8.40000000000000, 3.39838425901817)
{u_0 -> 3.41309558153792, t -> 8.50000000000000} : (8.50000000000000, 3.41309558153792)
{u_0 -> 3.42769187321081, t -> 8.60000000000000} : (8.60000000000000, 3.42769187321081)
{u_0 -> 3.44217534516168, t -> 8.70000000000000} : (8.70000000000000, 3.44217534516168)
{u_0 -> 3.45654814149239, t -> 8.80000000000000} : (8.80000000000000, 3.45654814149239)
{u_0 -> 3.47081234203778, t -> 8.90000000000000} : (8.90000000000000, 3.47081234203778)
{u_0 -> 3.48496996497917, t -> 9.00000000000000} : (9.00000000000000, 3.48496996497917)
{u_0 -> 3.49902296932440, t -> 9.10000000000000} : (9.10000000000000, 3.49902296932440)
{u_0 -> 3.51297325726239, t -> 9.20000000000000} : (9.20000000000000, 3.51297325726239)
{u_0 -> 3.52682267640000, t -> 9.30000000000000} : (9.30000000000000, 3.52682267640000)
{u_0 -> 3.54057302188821, t -> 9.40000000000000} : (9.40000000000000, 3.54057302188821)
{u_0 -> 3.55422603844409, t -> 9.50000000000000} : (9.50000000000000, 3.55422603844409)
{u_0 -> 3.56778342227488, t -> 9.60000000000000} : (9.60000000000000, 3.56778342227488)
{u_0 -> 3.58124682290963, t -> 9.70000000000000} : (9.70000000000000, 3.58124682290963)
{u_0 -> 3.59461784494396, t -> 9.80000000000000} : (9.80000000000000, 3.59461784494396)
{u_0 -> 3.60789804970273, t -> 9.90000000000000} : (9.90000000000000, 3.60789804970273)
{u_0 -> 3.62108895682532, t -> 10.0000000000000} : (10.0000000000000, 3.62108895682532)
{u_0 -> 0.666666666666667, t -> 0.000000000000000} : (0.000000000000000, 0.666666666666667)
{u_0 -> 0.783762463421510, t -> 0.100000000000000} : (0.100000000000000, 0.783762463421510)
{u_0 -> 0.898117830059389, t -> 0.200000000000000} : (0.200000000000000, 0.898117830059389)
{u_0 -> 1.00291775849536, t -> 0.300000000000000} : (0.300000000000000, 1.00291775849536)
{u_0 -> 1.09784273407924, t -> 0.400000000000000} : (0.400000000000000, 1.09784273407924)
{u_0 -> 1.18411459209533, t -> 0.500000000000000} : (0.500000000000000, 1.18411459209533)
{u_0 -> 1.26308974698402, t -> 0.600000000000000} : (0.600000000000000, 1.26308974698402)
{u_0 -> 1.33593913499670, t -> 0.700000000000000} : (0.700000000000000, 1.33593913499670)
{u_0 -> 1.40361315646324, t -> 0.800000000000000} : (0.800000000000000, 1.40361315646324)
{u_0 -> 1.46687260892838, t -> 0.900000000000000} : (0.900000000000000, 1.46687260892838)
{u_0 -> 1.52632793098105, t -> 1.00000000000000} : (1.00000000000000, 1.52632793098105)
{u_0 -> 1.58247297444543, t -> 1.10000000000000} : (1.10000000000000, 1.58247297444543)
{u_0 -> 1.63571138496960, t -> 1.20000000000000} : (1.20000000000000, 1.63571138496960)
{u_0 -> 1.68637659774166, t -> 1.30000000000000} : (1.30000000000000, 1.68637659774166)
{u_0 -> 1.73474689617616, t -> 1.40000000000000} : (1.40000000000000, 1.73474689617616)
{u_0 -> 1.78105679106993, t -> 1.50000000000000} : (1.50000000000000, 1.78105679106993)
{u_0 -> 1.82550568588081, t -> 1.60000000000000} : (1.60000000000000, 1.82550568588081)
{u_0 -> 1.86826453861351, t -> 1.70000000000000} : (1.70000000000000, 1.86826453861351)
{u_0 -> 1.90948103575710, t -> 1.80000000000000} : (1.80000000000000, 1.90948103575710)
{u_0 -> 1.94928365164831, t -> 1.90000000000000} : (1.90000000000000, 1.94928365164831)
{u_0 -> 1.98778486493203, t -> 2.00000000000000} : (2.00000000000000, 1.98778486493203)
{u_0 -> 2.02508373125957, t -> 2.10000000000000} : (2.10000000000000, 2.02508373125957)
{u_0 -> 2.06126795949026, t -> 2.20000000000000} : (2.20000000000000, 2.06126795949026)
{u_0 -> 2.09641560132662, t -> 2.30000000000000} : (2.30000000000000, 2.09641560132662)
{u_0 -> 2.13059643722686, t -> 2.40000000000000} : (2.40000000000000, 2.13059643722686)
{u_0 -> 2.16387312161294, t -> 2.50000000000000} : (2.50000000000000, 2.16387312161294)
{u_0 -> 2.19630213574864, t -> 2.60000000000000} : (2.60000000000000, 2.19630213574864)
{u_0 -> 2.22793458574674, t -> 2.70000000000000} : (2.70000000000000, 2.22793458574674)
{u_0 -> 2.25881687495447, t -> 2.80000000000000} : (2.80000000000000, 2.25881687495447)
{u_0 -> 2.28899127373801, t -> 2.90000000000000} : (2.90000000000000, 2.28899127373801)
{u_0 -> 2.31849640492175, t -> 3.00000000000000} : (3.00000000000000, 2.31849640492175)
{u_0 -> 2.34736765946303, t -> 3.10000000000000} : (3.10000000000000, 2.34736765946303)
{u_0 -> 2.37563755408726, t -> 3.20000000000000} : (3.20000000000000, 2.37563755408726)
{u_0 -> 2.40333604037272, t -> 3.30000000000000} : (3.30000000000000, 2.40333604037272)
{u_0 -> 2.43049077301176, t -> 3.40000000000000} : (3.40000000000000, 2.43049077301176)
{u_0 -> 2.45712734357676, t -> 3.50000000000000} : (3.50000000000000, 2.45712734357676)
{u_0 -> 2.48326948500224, t -> 3.60000000000000} : (3.60000000000000, 2.48326948500224)
{u_0 -> 2.50893925109725, t -> 3.70000000000000} : (3.70000000000000, 2.50893925109725)
{u_0 -> 2.53415717467720, t -> 3.80000000000000} : (3.80000000000000, 2.53415717467720)
{u_0 -> 2.55894240731533, t -> 3.90000000000000} : (3.90000000000000, 2.55894240731533)
{u_0 -> 2.58331284323270, t -> 4.00000000000000} : (4.00000000000000, 2.58331284323270)
{u_0 -> 2.60728522945125, t -> 4.10000000000000} : (4.10000000000000, 2.60728522945125)
{u_0 -> 2.63087526400838, t -> 4.20000000000000} : (4.20000000000000, 2.63087526400838)
{u_0 -> 2.65409768376217, t -> 4.30000000000000} : (4.30000000000000, 2.65409768376217)
{u_0 -> 2.67696634309174, t -> 4.40000000000000} : (4.40000000000000, 2.67696634309174)
{u_0 -> 2.69949428460990, t -> 4.50000000000000} : (4.50000000000000, 2.69949428460990)
{u_0 -> 2.72169380284785, t -> 4.60000000000000} : (4.60000000000000, 2.72169380284785)
{u_0 -> 2.74357650173944, t -> 4.70000000000000} : (4.70000000000000, 2.74357650173944)
{u_0 -> 2.76515334662041, t -> 4.80000000000000} : (4.80000000000000, 2.76515334662041)
{u_0 -> 2.78643471136336, t -> 4.90000000000000} : (4.90000000000000, 2.78643471136336)
{u_0 -> 2.80743042118826, t -> 5.00000000000000} : (5.00000000000000, 2.80743042118826)
{u_0 -> 2.82814979161939, t -> 5.10000000000000} : (5.10000000000000, 2.82814979161939)
{u_0 -> 2.84860166400087, t -> 5.20000000000000} : (5.20000000000000, 2.84860166400087)
{u_0 -> 2.86879443793168, t -> 5.30000000000000} : (5.30000000000000, 2.86879443793168)
{u_0 -> 2.88873610093795, t -> 5.40000000000000} : (5.40000000000000, 2.88873610093795)
{u_0 -> 2.90843425566234, t -> 5.50000000000000} : (5.50000000000000, 2.90843425566234)
{u_0 -> 2.92789614481748, t -> 5.60000000000000} : (5.60000000000000, 2.92789614481748)
{u_0 -> 2.94712867412252, t -> 5.70000000000000} : (5.70000000000000, 2.94712867412252)
{u_0 -> 2.96613843341662, t -> 5.80000000000000} : (5.80000000000000, 2.96613843341662)
{u_0 -> 2.98493171612209, t -> 5.90000000000000} : (5.90000000000000, 2.98493171612209)
{u_0 -> 3.00351453721081, t -> 6.00000000000000} : (6.00000000000000, 3.00351453721081)
{u_0 -> 3.02189264981099, t -> 6.10000000000000} : (6.10000000000000, 3.02189264981099)
{u_0 -> 3.04007156057711, t -> 6.20000000000000} : (6.20000000000000, 3.04007156057711)
{u_0 -> 3.05805654393269, t -> 6.30000000000000} : (6.30000000000000, 3.05805654393269)
{u_0 -> 3.07585265528455, t -> 6.40000000000000} : (6.40000000000000, 3.07585265528455)
{u_0 -> 3.09346474329728, t -> 6.50000000000000} : (6.50000000000000, 3.09346474329728)
{u_0 -> 3.11089746130743, t -> 6.60000000000000} : (6.60000000000000, 3.11089746130743)
{u_0 -> 3.12815527794966, t -> 6.70000000000000} : (6.70000000000000, 3.12815527794966)
{u_0 -> 3.14524248705965, t -> 6.80000000000000} : (6.80000000000000, 3.14524248705965)
{u_0 -> 3.16216321691258, t -> 6.90000000000000} : (6.90000000000000, 3.16216321691258)
{u_0 -> 3.17892143885056, t -> 7.00000000000000} : (7.00000000000000, 3.17892143885056)
{u_0 -> 3.19552097534704, t -> 7.10000000000000} : (7.10000000000000, 3.19552097534704)
{u_0 -> 3.21196550755245, t -> 7.20000000000000} : (7.20000000000000, 3.21196550755245)
{u_0 -> 3.22825858236064, t -> 7.30000000000000} : (7.30000000000000, 3.22825858236064)
{u_0 -> 3.24440361903277, t -> 7.40000000000000} : (7.40000000000000, 3.24440361903277)
{u_0 -> 3.26040391541162, t -> 7.50000000000000} : (7.50000000000000, 3.26040391541162)
{u_0 -> 3.27626265375667, t -> 7.60000000000000} : (7.60000000000000, 3.27626265375667)
{u_0 -> 3.29198290622771, t -> 7.70000000000000} : (7.70000000000000, 3.29198290622771)
{u_0 -> 3.30756764004215, t -> 7.80000000000000} : (7.80000000000000, 3.30756764004215)
{u_0 -> 3.32301972232948, t -> 7.90000000000000} : (7.90000000000000, 3.32301972232948)
{u_0 -> 3.33834192470396, t -> 8.00000000000000} : (8.00000000000000, 3.33834192470396)
{u_0 -> 3.35353692757529, t -> 8.10000000000000} : (8.10000000000000, 3.35353692757529)
{u_0 -> 3.36860732421510, t -> 8.20000000000000} : (8.20000000000000, 3.36860732421510)
{u_0 -> 3.38355562459599, t -> 8.30000000000000} : (8.30000000000000, 3.38355562459599)
{u_0 -> 3.39838425901817, t -> 8.40000000000000} : (8.40000000000000, 3.39838425901817)
{u_0 -> 3.41309558153792, t -> 8.50000000000000} : (8.50000000000000, 3.41309558153792)
{u_0 -> 3.42769187321081, t -> 8.60000000000000} : (8.60000000000000, 3.42769187321081)
{u_0 -> 3.44217534516168, t -> 8.70000000000000} : (8.70000000000000, 3.44217534516168)
{u_0 -> 3.45654814149239, t -> 8.80000000000000} : (8.80000000000000, 3.45654814149239)
{u_0 -> 3.47081234203778, t -> 8.90000000000000} : (8.90000000000000, 3.47081234203778)
{u_0 -> 3.48496996497917, t -> 9.00000000000000} : (9.00000000000000, 3.48496996497917)
{u_0 -> 3.49902296932440, t -> 9.10000000000000} : (9.10000000000000, 3.49902296932440)
{u_0 -> 3.51297325726239, t -> 9.20000000000000} : (9.20000000000000, 3.51297325726239)
{u_0 -> 3.52682267640000, t -> 9.30000000000000} : (9.30000000000000, 3.52682267640000)
{u_0 -> 3.54057302188821, t -> 9.40000000000000} : (9.40000000000000, 3.54057302188821)
{u_0 -> 3.55422603844409, t -> 9.50000000000000} : (9.50000000000000, 3.55422603844409)
{u_0 -> 3.56778342227488, t -> 9.60000000000000} : (9.60000000000000, 3.56778342227488)
{u_0 -> 3.58124682290963, t -> 9.70000000000000} : (9.70000000000000, 3.58124682290963)
{u_0 -> 3.59461784494396, t -> 9.80000000000000} : (9.80000000000000, 3.59461784494396)
{u_0 -> 3.60789804970273, t -> 9.90000000000000} : (9.90000000000000, 3.60789804970273)
{u_0 -> 3.62108895682532, t -> 10.0000000000000} : (10.0000000000000, 3.62108895682532)
{u_0 -> 0.666666666666667, t -> 0.000000000000000} : (0.000000000000000, 0.750000000000000)
{u_0 -> 0.783762463421510, t -> 0.100000000000000} : (0.100000000000000, 0.923880969154256)
{u_0 -> 0.898117830059389, t -> 0.200000000000000} : (0.200000000000000, 0.987131446404074)
{u_0 -> 1.00291775849536, t -> 0.300000000000000} : (0.300000000000000, 0.999991536148368)
{u_0 -> 1.09784273407924, t -> 0.400000000000000} : (0.400000000000000, 0.992057140213837)
{u_0 -> 1.18411459209533, t -> 0.500000000000000} : (0.500000000000000, 0.975823749100764)
{u_0 -> 1.26308974698402, t -> 0.600000000000000} : (0.600000000000000, 0.956615017465309)
{u_0 -> 1.33593913499670, t -> 0.700000000000000} : (0.700000000000000, 0.936766407707400)
{u_0 -> 1.40361315646324, t -> 0.800000000000000} : (0.800000000000000, 0.917313279368381)
{u_0 -> 1.46687260892838, t -> 0.900000000000000} : (0.900000000000000, 0.898699406027779)
{u_0 -> 1.52632793098105, t -> 1.00000000000000} : (1.00000000000000, 0.881090341479835)
{u_0 -> 1.58247297444543, t -> 1.10000000000000} : (1.10000000000000, 0.864518824579883)
{u_0 -> 1.63571138496960, t -> 1.20000000000000} : (1.20000000000000, 0.848954905373126)
{u_0 -> 1.68637659774166, t -> 1.30000000000000} : (1.30000000000000, 0.834340707665110)
{u_0 -> 1.73474689617616, t -> 1.40000000000000} : (1.40000000000000, 0.820607913134499)
{u_0 -> 1.78105679106993, t -> 1.50000000000000} : (1.50000000000000, 0.807686536118895)
{u_0 -> 1.82550568588081, t -> 1.60000000000000} : (1.60000000000000, 0.795509207568896)
{u_0 -> 1.86826453861351, t -> 1.70000000000000} : (1.70000000000000, 0.784013112036404)
{u_0 -> 1.90948103575710, t -> 1.80000000000000} : (1.80000000000000, 0.773140695420615)
{u_0 -> 1.94928365164831, t -> 1.90000000000000} : (1.90000000000000, 0.762839737514019)
{u_0 -> 1.98778486493203, t -> 2.00000000000000} : (2.00000000000000, 0.753063109010133)
{u_0 -> 2.02508373125957, t -> 2.10000000000000} : (2.10000000000000, 0.743768385750069)
{u_0 -> 2.06126795949026, t -> 2.20000000000000} : (2.20000000000000, 0.734917413032215)
{u_0 -> 2.09641560132662, t -> 2.30000000000000} : (2.30000000000000, 0.726475868785305)
{u_0 -> 2.13059643722686, t -> 2.40000000000000} : (2.40000000000000, 0.718412850027926)
{u_0 -> 2.16387312161294, t -> 2.50000000000000} : (2.50000000000000, 0.710700493563119)
{u_0 -> 2.19630213574864, t -> 2.60000000000000} : (2.60000000000000, 0.703313634498054)
{u_0 -> 2.22793458574674, t -> 2.70000000000000} : (2.70000000000000, 0.696229502271984)
{u_0 -> 2.25881687495447, t -> 2.80000000000000} : (2.80000000000000, 0.689427451918908)
{u_0 -> 2.28899127373801, t -> 2.90000000000000} : (2.90000000000000, 0.682888727429076)
{u_0 -> 2.31849640492175, t -> 3.00000000000000} : (3.00000000000000, 0.676596253815201)
{u_0 -> 2.34736765946303, t -> 3.10000000000000} : (3.10000000000000, 0.670534454553273)
{u_0 -> 2.37563755408726, t -> 3.20000000000000} : (3.20000000000000, 0.664689091292552)
{u_0 -> 2.40333604037272, t -> 3.30000000000000} : (3.30000000000000, 0.659047123023151)
{u_0 -> 2.43049077301176, t -> 3.40000000000000} : (3.40000000000000, 0.653596582201676)
{u_0 -> 2.45712734357676, t -> 3.50000000000000} : (3.50000000000000, 0.648326465638438)
{u_0 -> 2.48326948500224, t -> 3.60000000000000} : (3.60000000000000, 0.643226638230492)
{u_0 -> 2.50893925109725, t -> 3.70000000000000} : (3.70000000000000, 0.638287747877367)
{u_0 -> 2.53415717467720, t -> 3.80000000000000} : (3.80000000000000, 0.633501150139870)
{u_0 -> 2.55894240731533, t -> 3.90000000000000} : (3.90000000000000, 0.628858841397646)
{u_0 -> 2.58331284323270, t -> 4.00000000000000} : (4.00000000000000, 0.624353399430672)
{u_0 -> 2.60728522945125, t -> 4.10000000000000} : (4.10000000000000, 0.619977930496156)
{u_0 -> 2.63087526400838, t -> 4.20000000000000} : (4.20000000000000, 0.615726022098248)
{u_0 -> 2.65409768376217, t -> 4.30000000000000} : (4.30000000000000, 0.611591700756128)
{u_0 -> 2.67696634309174, t -> 4.40000000000000} : (4.40000000000000, 0.607569394168931)
{u_0 -> 2.69949428460990, t -> 4.50000000000000} : (4.50000000000000, 0.603653897255641)
{u_0 -> 2.72169380284785, t -> 4.60000000000000} : (4.60000000000000, 0.599840341616533)
{u_0 -> 2.74357650173944, t -> 4.70000000000000} : (4.70000000000000, 0.596124168021543)
{u_0 -> 2.76515334662041, t -> 4.80000000000000} : (4.80000000000000, 0.592501101581504)
{u_0 -> 2.78643471136336, t -> 4.90000000000000} : (4.90000000000000, 0.588967129301768)
{u_0 -> 2.80743042118826, t -> 5.00000000000000} : (5.00000000000000, 0.585518479755269)
{u_0 -> 2.82814979161939, t -> 5.10000000000000} : (5.10000000000000, 0.582151604644560)
{u_0 -> 2.84860166400087, t -> 5.20000000000000} : (5.20000000000000, 0.578863162050397)
{u_0 -> 2.86879443793168, t -> 5.30000000000000} : (5.30000000000000, 0.575650001188798)
{u_0 -> 2.88873610093795, t -> 5.40000000000000} : (5.40000000000000, 0.572509148519617)
{u_0 -> 2.90843425566234, t -> 5.50000000000000} : (5.50000000000000, 0.569437795068019)
{u_0 -> 2.92789614481748, t -> 5.60000000000000} : (5.60000000000000, 0.566433284836290)
{u_0 -> 2.94712867412252, t -> 5.70000000000000} : (5.70000000000000, 0.563493104197323)
{u_0 -> 2.96613843341662, t -> 5.80000000000000} : (5.80000000000000, 0.560614872173386)
{u_0 -> 2.98493171612209, t -> 5.90000000000000} : (5.90000000000000, 0.557796331514417)
{u_0 -> 3.00351453721081, t -> 6.00000000000000} : (6.00000000000000, 0.555035340499527)
{u_0 -> 3.02189264981099, t -> 6.10000000000000} : (6.10000000000000, 0.552329865393583)
{u_0 -> 3.04007156057711, t -> 6.20000000000000} : (6.20000000000000, 0.549677973498038)
{u_0 -> 3.05805654393269, t -> 6.30000000000000} : (6.30000000000000, 0.547077826741564)
{u_0 -> 3.07585265528455, t -> 6.40000000000000} : (6.40000000000000, 0.544527675761680)
{u_0 -> 3.09346474329728, t -> 6.50000000000000} : (6.50000000000000, 0.542025854433603)
{u_0 -> 3.11089746130743, t -> 6.60000000000000} : (6.60000000000000, 0.539570774806938)
{u_0 -> 3.12815527794966, t -> 6.70000000000000} : (6.70000000000000, 0.537160922414792)
{u_0 -> 3.14524248705965, t -> 6.80000000000000} : (6.80000000000000, 0.534794851923374)
{u_0 -> 3.16216321691258, t -> 6.90000000000000} : (6.90000000000000, 0.532471183093248)
{u_0 -> 3.17892143885056, t -> 7.00000000000000} : (7.00000000000000, 0.530188597026200)
{u_0 -> 3.19552097534704, t -> 7.10000000000000} : (7.10000000000000, 0.527945832674136)
{u_0 -> 3.21196550755245, t -> 7.20000000000000} : (7.20000000000000, 0.525741683588656)
{u_0 -> 3.22825858236064, t -> 7.30000000000000} : (7.30000000000000, 0.523574994891921)
{u_0 -> 3.24440361903277, t -> 7.40000000000000} : (7.40000000000000, 0.521444660451204)
{u_0 -> 3.26040391541162, t -> 7.50000000000000} : (7.50000000000000, 0.519349620241130)
{u_0 -> 3.27626265375667, t -> 7.60000000000000} : (7.60000000000000, 0.517288857879016)
{u_0 -> 3.29198290622771, t -> 7.70000000000000} : (7.70000000000000, 0.515261398320035)
{u_0 -> 3.30756764004215, t -> 7.80000000000000} : (7.80000000000000, 0.513266305700074)
{u_0 -> 3.32301972232948, t -> 7.90000000000000} : (7.90000000000000, 0.511302681315216)
{u_0 -> 3.33834192470396, t -> 8.00000000000000} : (8.00000000000000, 0.509369661727712)
{u_0 -> 3.35353692757529, t -> 8.10000000000000} : (8.10000000000000, 0.507466416989182)
{u_0 -> 3.36860732421510, t -> 8.20000000000000} : (8.20000000000000, 0.505592148972541)
{u_0 -> 3.38355562459599, t -> 8.30000000000000} : (8.30000000000000, 0.503746089804857)
{u_0 -> 3.39838425901817, t -> 8.40000000000000} : (8.40000000000000, 0.501927500393989)
{u_0 -> 3.41309558153792, t -> 8.50000000000000} : (8.50000000000000, 0.500135669042431)
{u_0 -> 3.42769187321081, t -> 8.60000000000000} : (8.60000000000000, 0.498369910142305)
{u_0 -> 3.44217534516168, t -> 8.70000000000000} : (8.70000000000000, 0.496629562945944)
{u_0 -> 3.45654814149239, t -> 8.80000000000000} : (8.80000000000000, 0.494913990406918)
{u_0 -> 3.47081234203778, t -> 8.90000000000000} : (8.90000000000000, 0.493222578086780)
{u_0 -> 3.48496996497917, t -> 9.00000000000000} : (9.00000000000000, 0.491554733123161)
{u_0 -> 3.49902296932440, t -> 9.10000000000000} : (9.10000000000000, 0.489909883255165)
{u_0 -> 3.51297325726239, t -> 9.20000000000000} : (9.20000000000000, 0.488287475902342)
{u_0 -> 3.52682267640000, t -> 9.30000000000000} : (9.30000000000000, 0.486686977293772)
{u_0 -> 3.54057302188821, t -> 9.40000000000000} : (9.40000000000000, 0.485107871644070)
{u_0 -> 3.55422603844409, t -> 9.50000000000000} : (9.50000000000000, 0.483549660373334)
{u_0 -> 3.56778342227488, t -> 9.60000000000000} : (9.60000000000000, 0.482011861368294)
{u_0 -> 3.58124682290963, t -> 9.70000000000000} : (9.70000000000000, 0.480494008282099)
{u_0 -> 3.59461784494396, t -> 9.80000000000000} : (9.80000000000000, 0.478995649870372)
{u_0 -> 3.60789804970273, t -> 9.90000000000000} : (9.90000000000000, 0.477516349361322)
{u_0 -> 3.62108895682532, t -> 10.0000000000000} : (10.0000000000000, 0.476055683857873)
{u_0 -> 0.666666666666667, t -> 0.000000000000000} : (0.000000000000000, 1.50000000000000)
{u_0 -> 0.783762463421510, t -> 0.100000000000000} : (0.100000000000000, 1.27589677570741)
{u_0 -> 0.898117830059389, t -> 0.200000000000000} : (0.200000000000000, 1.11343964737219)
{u_0 -> 1.00291775849536, t -> 0.300000000000000} : (0.300000000000000, 0.997090730051744)
{u_0 -> 1.09784273407924, t -> 0.400000000000000} : (0.400000000000000, 0.910877276824804)
{u_0 -> 1.18411459209533, t -> 0.500000000000000} : (0.500000000000000, 0.844512859376615)
{u_0 -> 1.26308974698402, t -> 0.600000000000000} : (0.600000000000000, 0.791709379628628)
{u_0 -> 1.33593913499670, t -> 0.700000000000000} : (0.700000000000000, 0.748537095593407)
{u_0 -> 1.40361315646324, t -> 0.800000000000000} : (0.800000000000000, 0.712447012480101)
{u_0 -> 1.46687260892838, t -> 0.900000000000000} : (0.900000000000000, 0.681722457637645)
{u_0 -> 1.52632793098105, t -> 1.00000000000000} : (1.00000000000000, 0.655167202081697)
{u_0 -> 1.58247297444543, t -> 1.10000000000000} : (1.10000000000000, 0.631922324203007)
{u_0 -> 1.63571138496960, t -> 1.20000000000000} : (1.20000000000000, 0.611354795955393)
{u_0 -> 1.68637659774166, t -> 1.30000000000000} : (1.30000000000000, 0.592987356050343)
{u_0 -> 1.73474689617616, t -> 1.40000000000000} : (1.40000000000000, 0.576452969712334)
{u_0 -> 1.78105679106993, t -> 1.50000000000000} : (1.50000000000000, 0.561464409789690)
{u_0 -> 1.82550568588081, t -> 1.60000000000000} : (1.60000000000000, 0.547793418412442)
{u_0 -> 1.86826453861351, t -> 1.70000000000000} : (1.70000000000000, 0.535256104974368)
{u_0 -> 1.90948103575710, t -> 1.80000000000000} : (1.80000000000000, 0.523702504122282)
{u_0 -> 1.94928365164831, t -> 1.90000000000000} : (1.90000000000000, 0.513008970836237)
{u_0 -> 1.98778486493203, t -> 2.00000000000000} : (2.00000000000000, 0.503072549570999)
{u_0 -> 2.02508373125957, t -> 2.10000000000000} : (2.10000000000000, 0.493806742192341)
{u_0 -> 2.06126795949026, t -> 2.20000000000000} : (2.20000000000000, 0.485138283645225)
{u_0 -> 2.09641560132662, t -> 2.30000000000000} : (2.30000000000000, 0.477004654691177)
{u_0 -> 2.13059643722686, t -> 2.40000000000000} : (2.40000000000000, 0.469352141272506)
{u_0 -> 2.16387312161294, t -> 2.50000000000000} : (2.50000000000000, 0.462134304461717)
{u_0 -> 2.19630213574864, t -> 2.60000000000000} : (2.60000000000000, 0.455310762450784)
{u_0 -> 2.22793458574674, t -> 2.70000000000000} : (2.70000000000000, 0.448846212271007)
{u_0 -> 2.25881687495447, t -> 2.80000000000000} : (2.80000000000000, 0.442709637548709)
{u_0 -> 2.28899127373801, t -> 2.90000000000000} : (2.90000000000000, 0.436873661980792)
{u_0 -> 2.31849640492175, t -> 3.00000000000000} : (3.00000000000000, 0.431314017945933)
{u_0 -> 2.34736765946303, t -> 3.10000000000000} : (3.10000000000000, 0.426009106825965)
{u_0 -> 2.37563755408726, t -> 3.20000000000000} : (3.20000000000000, 0.420939632933277)
{u_0 -> 2.40333604037272, t -> 3.30000000000000} : (3.30000000000000, 0.416088296934504)
{u_0 -> 2.43049077301176, t -> 3.40000000000000} : (3.40000000000000, 0.411439537686803)
{u_0 -> 2.45712734357676, t -> 3.50000000000000} : (3.50000000000000, 0.406979313715312)
{u_0 -> 2.48326948500224, t -> 3.60000000000000} : (3.60000000000000, 0.402694917341642)
{u_0 -> 2.50893925109725, t -> 3.70000000000000} : (3.70000000000000, 0.398574815856010)
{u_0 -> 2.53415717467720, t -> 3.80000000000000} : (3.80000000000000, 0.394608515206788)
{u_0 -> 2.55894240731533, t -> 3.90000000000000} : (3.90000000000000, 0.390786442532379)
{u_0 -> 2.58331284323270, t -> 4.00000000000000} : (4.00000000000000, 0.387099844534749)
{u_0 -> 2.60728522945125, t -> 4.10000000000000} : (4.10000000000000, 0.383540699231617)
{u_0 -> 2.63087526400838, t -> 4.20000000000000} : (4.20000000000000, 0.380101639055440)
{u_0 -> 2.65409768376217, t -> 4.30000000000000} : (4.30000000000000, 0.376775883614994)
{u_0 -> 2.67696634309174, t -> 4.40000000000000} : (4.40000000000000, 0.373557180717132)
{u_0 -> 2.69949428460990, t -> 4.50000000000000} : (4.50000000000000, 0.370439754475905)
{u_0 -> 2.72169380284785, t -> 4.60000000000000} : (4.60000000000000, 0.367418259524141)
{u_0 -> 2.74357650173944, t -> 4.70000000000000} : (4.70000000000000, 0.364487740497119)
{u_0 -> 2.76515334662041, t -> 4.80000000000000} : (4.80000000000000, 0.361643596085623)
{u_0 -> 2.78643471136336, t -> 4.90000000000000} : (4.90000000000000, 0.358881547061519)
{u_0 -> 2.80743042118826, t -> 5.00000000000000} : (5.00000000000000, 0.356197607767158)
{u_0 -> 2.82814979161939, t -> 5.10000000000000} : (5.10000000000000, 0.353588060633593)
{u_0 -> 2.84860166400087, t -> 5.20000000000000} : (5.20000000000000, 0.351049433354433)
{u_0 -> 2.86879443793168, t -> 5.30000000000000} : (5.30000000000000, 0.348578478394211)
{u_0 -> 2.88873610093795, t -> 5.40000000000000} : (5.40000000000000, 0.346172154554134)
{u_0 -> 2.90843425566234, t -> 5.50000000000000} : (5.50000000000000, 0.343827610355342)
{u_0 -> 2.92789614481748, t -> 5.60000000000000} : (5.60000000000000, 0.341542169031524)
{u_0 -> 2.94712867412252, t -> 5.70000000000000} : (5.70000000000000, 0.339313314949759)
{u_0 -> 2.96613843341662, t -> 5.80000000000000} : (5.80000000000000, 0.337138681301576)
{u_0 -> 2.98493171612209, t -> 5.90000000000000} : (5.90000000000000, 0.335016038926063)
{u_0 -> 3.00351453721081, t -> 6.00000000000000} : (6.00000000000000, 0.332943286143919)
{u_0 -> 3.02189264981099, t -> 6.10000000000000} : (6.10000000000000, 0.330918439496038)
{u_0 -> 3.04007156057711, t -> 6.20000000000000} : (6.20000000000000, 0.328939625292953)
{u_0 -> 3.05805654393269, t -> 6.30000000000000} : (6.30000000000000, 0.327005071892487)
{u_0 -> 3.07585265528455, t -> 6.40000000000000} : (6.40000000000000, 0.325113102632508)
{u_0 -> 3.09346474329728, t -> 6.50000000000000} : (6.50000000000000, 0.323262129354063)
{u_0 -> 3.11089746130743, t -> 6.60000000000000} : (6.60000000000000, 0.321450646457413)
{u_0 -> 3.12815527794966, t -> 6.70000000000000} : (6.70000000000000, 0.319677225439859)
{u_0 -> 3.14524248705965, t -> 6.80000000000000} : (6.80000000000000, 0.317940509869831)
{u_0 -> 3.16216321691258, t -> 6.90000000000000} : (6.90000000000000, 0.316239210756604)
{u_0 -> 3.17892143885056, t -> 7.00000000000000} : (7.00000000000000, 0.314572102279313)
{u_0 -> 3.19552097534704, t -> 7.10000000000000} : (7.10000000000000, 0.312938017842739)
{u_0 -> 3.21196550755245, t -> 7.20000000000000} : (7.20000000000000, 0.311335846430683)
{u_0 -> 3.22825858236064, t -> 7.30000000000000} : (7.30000000000000, 0.309764529230728)
{u_0 -> 3.24440361903277, t -> 7.40000000000000} : (7.40000000000000, 0.308223056506798)
{u_0 -> 3.26040391541162, t -> 7.50000000000000} : (7.50000000000000, 0.306710464698283)
{u_0 -> 3.27626265375667, t -> 7.60000000000000} : (7.60000000000000, 0.305225833726538)
{u_0 -> 3.29198290622771, t -> 7.70000000000000} : (7.70000000000000, 0.303768284491460)
{u_0 -> 3.30756764004215, t -> 7.80000000000000} : (7.80000000000000, 0.302336976542453)
{u_0 -> 3.32301972232948, t -> 7.90000000000000} : (7.90000000000000, 0.300931105909593)
{u_0 -> 3.33834192470396, t -> 8.00000000000000} : (8.00000000000000, 0.299549903082105)
{u_0 -> 3.35353692757529, t -> 8.10000000000000} : (8.10000000000000, 0.298192631122458)
{u_0 -> 3.36860732421510, t -> 8.20000000000000} : (8.20000000000000, 0.296858583905443)
{u_0 -> 3.38355562459599, t -> 8.30000000000000} : (8.30000000000000, 0.295547084472537)
{u_0 -> 3.39838425901817, t -> 8.40000000000000} : (8.40000000000000, 0.294257483492732)
{u_0 -> 3.41309558153792, t -> 8.50000000000000} : (8.50000000000000, 0.292989157821770)
{u_0 -> 3.42769187321081, t -> 8.60000000000000} : (8.60000000000000, 0.291741509152418)
{u_0 -> 3.44217534516168, t -> 8.70000000000000} : (8.70000000000000, 0.290513962749050)
{u_0 -> 3.45654814149239, t -> 8.80000000000000} : (8.80000000000000, 0.289305966260387)
{u_0 -> 3.47081234203778, t -> 8.90000000000000} : (8.90000000000000, 0.288116988604715)
{u_0 -> 3.48496996497917, t -> 9.00000000000000} : (9.00000000000000, 0.286946518922431)
{u_0 -> 3.49902296932440, t -> 9.10000000000000} : (9.10000000000000, 0.285794065591139)
{u_0 -> 3.51297325726239, t -> 9.20000000000000} : (9.20000000000000, 0.284659155298918)
{u_0 -> 3.52682267640000, t -> 9.30000000000000} : (9.30000000000000, 0.283541332171752)
{u_0 -> 3.54057302188821, t -> 9.40000000000000} : (9.40000000000000, 0.282440156951401)
{u_0 -> 3.55422603844409, t -> 9.50000000000000} : (9.50000000000000, 0.281355206220301)
{u_0 -> 3.56778342227488, t -> 9.60000000000000} : (9.60000000000000, 0.280286071670343)
{u_0 -> 3.58124682290963, t -> 9.70000000000000} : (9.70000000000000, 0.279232359412619)
{u_0 -> 3.59461784494396, t -> 9.80000000000000} : (9.80000000000000, 0.278193689325434)
{u_0 -> 3.60789804970273, t -> 9.90000000000000} : (9.90000000000000, 0.277169694438122)
{u_0 -> 3.62108895682532, t -> 10.0000000000000} : (10.0000000000000, 0.276160020348332)
{u_0 -> 0.666666666666667, t -> 0.000000000000000} : (0.000000000000000, 1.50000000000000)
{u_0 -> 0.783762463421510, t -> 0.100000000000000} : (0.100000000000000, 1.27589677570741)
{u_0 -> 0.898117830059389, t -> 0.200000000000000} : (0.200000000000000, 1.11343964737219)
{u_0 -> 1.00291775849536, t -> 0.300000000000000} : (0.300000000000000, 0.997090730051744)
{u_0 -> 1.09784273407924, t -> 0.400000000000000} : (0.400000000000000, 0.910877276824804)
{u_0 -> 1.18411459209533, t -> 0.500000000000000} : (0.500000000000000, 0.844512859376615)
{u_0 -> 1.26308974698402, t -> 0.600000000000000} : (0.600000000000000, 0.791709379628628)
{u_0 -> 1.33593913499670, t -> 0.700000000000000} : (0.700000000000000, 0.748537095593407)
{u_0 -> 1.40361315646324, t -> 0.800000000000000} : (0.800000000000000, 0.712447012480101)
{u_0 -> 1.46687260892838, t -> 0.900000000000000} : (0.900000000000000, 0.681722457637645)
{u_0 -> 1.52632793098105, t -> 1.00000000000000} : (1.00000000000000, 0.655167202081697)
{u_0 -> 1.58247297444543, t -> 1.10000000000000} : (1.10000000000000, 0.631922324203007)
{u_0 -> 1.63571138496960, t -> 1.20000000000000} : (1.20000000000000, 0.611354795955393)
{u_0 -> 1.68637659774166, t -> 1.30000000000000} : (1.30000000000000, 0.592987356050343)
{u_0 -> 1.73474689617616, t -> 1.40000000000000} : (1.40000000000000, 0.576452969712334)
{u_0 -> 1.78105679106993, t -> 1.50000000000000} : (1.50000000000000, 0.561464409789690)
{u_0 -> 1.82550568588081, t -> 1.60000000000000} : (1.60000000000000, 0.547793418412442)
{u_0 -> 1.86826453861351, t -> 1.70000000000000} : (1.70000000000000, 0.535256104974368)
{u_0 -> 1.90948103575710, t -> 1.80000000000000} : (1.80000000000000, 0.523702504122282)
{u_0 -> 1.94928365164831, t -> 1.90000000000000} : (1.90000000000000, 0.513008970836237)
{u_0 -> 1.98778486493203, t -> 2.00000000000000} : (2.00000000000000, 0.503072549570999)
{u_0 -> 2.02508373125957, t -> 2.10000000000000} : (2.10000000000000, 0.493806742192341)
{u_0 -> 2.06126795949026, t -> 2.20000000000000} : (2.20000000000000, 0.485138283645225)
{u_0 -> 2.09641560132662, t -> 2.30000000000000} : (2.30000000000000, 0.477004654691177)
{u_0 -> 2.13059643722686, t -> 2.40000000000000} : (2.40000000000000, 0.469352141272506)
{u_0 -> 2.16387312161294, t -> 2.50000000000000} : (2.50000000000000, 0.462134304461717)
{u_0 -> 2.19630213574864, t -> 2.60000000000000} : (2.60000000000000, 0.455310762450784)
{u_0 -> 2.22793458574674, t -> 2.70000000000000} : (2.70000000000000, 0.448846212271007)
{u_0 -> 2.25881687495447, t -> 2.80000000000000} : (2.80000000000000, 0.442709637548709)
{u_0 -> 2.28899127373801, t -> 2.90000000000000} : (2.90000000000000, 0.436873661980792)
{u_0 -> 2.31849640492175, t -> 3.00000000000000} : (3.00000000000000, 0.431314017945933)
{u_0 -> 2.34736765946303, t -> 3.10000000000000} : (3.10000000000000, 0.426009106825965)
{u_0 -> 2.37563755408726, t -> 3.20000000000000} : (3.20000000000000, 0.420939632933277)
{u_0 -> 2.40333604037272, t -> 3.30000000000000} : (3.30000000000000, 0.416088296934504)
{u_0 -> 2.43049077301176, t -> 3.40000000000000} : (3.40000000000000, 0.411439537686803)
{u_0 -> 2.45712734357676, t -> 3.50000000000000} : (3.50000000000000, 0.406979313715312)
{u_0 -> 2.48326948500224, t -> 3.60000000000000} : (3.60000000000000, 0.402694917341642)
{u_0 -> 2.50893925109725, t -> 3.70000000000000} : (3.70000000000000, 0.398574815856010)
{u_0 -> 2.53415717467720, t -> 3.80000000000000} : (3.80000000000000, 0.394608515206788)
{u_0 -> 2.55894240731533, t -> 3.90000000000000} : (3.90000000000000, 0.390786442532379)
{u_0 -> 2.58331284323270, t -> 4.00000000000000} : (4.00000000000000, 0.387099844534749)
{u_0 -> 2.60728522945125, t -> 4.10000000000000} : (4.10000000000000, 0.383540699231617)
{u_0 -> 2.63087526400838, t -> 4.20000000000000} : (4.20000000000000, 0.380101639055440)
{u_0 -> 2.65409768376217, t -> 4.30000000000000} : (4.30000000000000, 0.376775883614994)
{u_0 -> 2.67696634309174, t -> 4.40000000000000} : (4.40000000000000, 0.373557180717132)
{u_0 -> 2.69949428460990, t -> 4.50000000000000} : (4.50000000000000, 0.370439754475905)
{u_0 -> 2.72169380284785, t -> 4.60000000000000} : (4.60000000000000, 0.367418259524141)
{u_0 -> 2.74357650173944, t -> 4.70000000000000} : (4.70000000000000, 0.364487740497119)
{u_0 -> 2.76515334662041, t -> 4.80000000000000} : (4.80000000000000, 0.361643596085623)
{u_0 -> 2.78643471136336, t -> 4.90000000000000} : (4.90000000000000, 0.358881547061519)
{u_0 -> 2.80743042118826, t -> 5.00000000000000} : (5.00000000000000, 0.356197607767158)
{u_0 -> 2.82814979161939, t -> 5.10000000000000} : (5.10000000000000, 0.353588060633593)
{u_0 -> 2.84860166400087, t -> 5.20000000000000} : (5.20000000000000, 0.351049433354433)
{u_0 -> 2.86879443793168, t -> 5.30000000000000} : (5.30000000000000, 0.348578478394211)
{u_0 -> 2.88873610093795, t -> 5.40000000000000} : (5.40000000000000, 0.346172154554134)
{u_0 -> 2.90843425566234, t -> 5.50000000000000} : (5.50000000000000, 0.343827610355342)
{u_0 -> 2.92789614481748, t -> 5.60000000000000} : (5.60000000000000, 0.341542169031524)
{u_0 -> 2.94712867412252, t -> 5.70000000000000} : (5.70000000000000, 0.339313314949759)
{u_0 -> 2.96613843341662, t -> 5.80000000000000} : (5.80000000000000, 0.337138681301576)
{u_0 -> 2.98493171612209, t -> 5.90000000000000} : (5.90000000000000, 0.335016038926063)
{u_0 -> 3.00351453721081, t -> 6.00000000000000} : (6.00000000000000, 0.332943286143919)
{u_0 -> 3.02189264981099, t -> 6.10000000000000} : (6.10000000000000, 0.330918439496038)
{u_0 -> 3.04007156057711, t -> 6.20000000000000} : (6.20000000000000, 0.328939625292953)
{u_0 -> 3.05805654393269, t -> 6.30000000000000} : (6.30000000000000, 0.327005071892487)
{u_0 -> 3.07585265528455, t -> 6.40000000000000} : (6.40000000000000, 0.325113102632508)
{u_0 -> 3.09346474329728, t -> 6.50000000000000} : (6.50000000000000, 0.323262129354063)
{u_0 -> 3.11089746130743, t -> 6.60000000000000} : (6.60000000000000, 0.321450646457413)
{u_0 -> 3.12815527794966, t -> 6.70000000000000} : (6.70000000000000, 0.319677225439859)
{u_0 -> 3.14524248705965, t -> 6.80000000000000} : (6.80000000000000, 0.317940509869831)
{u_0 -> 3.16216321691258, t -> 6.90000000000000} : (6.90000000000000, 0.316239210756604)
{u_0 -> 3.17892143885056, t -> 7.00000000000000} : (7.00000000000000, 0.314572102279313)
{u_0 -> 3.19552097534704, t -> 7.10000000000000} : (7.10000000000000, 0.312938017842739)
{u_0 -> 3.21196550755245, t -> 7.20000000000000} : (7.20000000000000, 0.311335846430683)
{u_0 -> 3.22825858236064, t -> 7.30000000000000} : (7.30000000000000, 0.309764529230728)
{u_0 -> 3.24440361903277, t -> 7.40000000000000} : (7.40000000000000, 0.308223056506798)
{u_0 -> 3.26040391541162, t -> 7.50000000000000} : (7.50000000000000, 0.306710464698283)
{u_0 -> 3.27626265375667, t -> 7.60000000000000} : (7.60000000000000, 0.305225833726538)
{u_0 -> 3.29198290622771, t -> 7.70000000000000} : (7.70000000000000, 0.303768284491460)
{u_0 -> 3.30756764004215, t -> 7.80000000000000} : (7.80000000000000, 0.302336976542453)
{u_0 -> 3.32301972232948, t -> 7.90000000000000} : (7.90000000000000, 0.300931105909593)
{u_0 -> 3.33834192470396, t -> 8.00000000000000} : (8.00000000000000, 0.299549903082105)
{u_0 -> 3.35353692757529, t -> 8.10000000000000} : (8.10000000000000, 0.298192631122458)
{u_0 -> 3.36860732421510, t -> 8.20000000000000} : (8.20000000000000, 0.296858583905443)
{u_0 -> 3.38355562459599, t -> 8.30000000000000} : (8.30000000000000, 0.295547084472537)
{u_0 -> 3.39838425901817, t -> 8.40000000000000} : (8.40000000000000, 0.294257483492732)
{u_0 -> 3.41309558153792, t -> 8.50000000000000} : (8.50000000000000, 0.292989157821770)
{u_0 -> 3.42769187321081, t -> 8.60000000000000} : (8.60000000000000, 0.291741509152418)
{u_0 -> 3.44217534516168, t -> 8.70000000000000} : (8.70000000000000, 0.290513962749050)
{u_0 -> 3.45654814149239, t -> 8.80000000000000} : (8.80000000000000, 0.289305966260387)
{u_0 -> 3.47081234203778, t -> 8.90000000000000} : (8.90000000000000, 0.288116988604715)
{u_0 -> 3.48496996497917, t -> 9.00000000000000} : (9.00000000000000, 0.286946518922431)
{u_0 -> 3.49902296932440, t -> 9.10000000000000} : (9.10000000000000, 0.285794065591139)
{u_0 -> 3.51297325726239, t -> 9.20000000000000} : (9.20000000000000, 0.284659155298918)
{u_0 -> 3.52682267640000, t -> 9.30000000000000} : (9.30000000000000, 0.283541332171752)
{u_0 -> 3.54057302188821, t -> 9.40000000000000} : (9.40000000000000, 0.282440156951401)
{u_0 -> 3.55422603844409, t -> 9.50000000000000} : (9.50000000000000, 0.281355206220301)
{u_0 -> 3.56778342227488, t -> 9.60000000000000} : (9.60000000000000, 0.280286071670343)
{u_0 -> 3.58124682290963, t -> 9.70000000000000} : (9.70000000000000, 0.279232359412619)
{u_0 -> 3.59461784494396, t -> 9.80000000000000} : (9.80000000000000, 0.278193689325434)
{u_0 -> 3.60789804970273, t -> 9.90000000000000} : (9.90000000000000, 0.277169694438122)
{u_0 -> 3.62108895682532, t -> 10.0000000000000} : (10.0000000000000, 0.276160020348332)
{u_0 -> 0.666666666666667, t -> 0.000000000000000} : (0.000000000000000, 0.333333333333333)
{u_0 -> 0.783762463421510, t -> 0.100000000000000} : (0.100000000000000, 0.567524926843021)
{u_0 -> 0.898117830059389, t -> 0.200000000000000} : (0.200000000000000, 0.796235660118778)
{u_0 -> 1.00291775849536, t -> 0.300000000000000} : (0.300000000000000, 1.00583551699073)
{u_0 -> 1.09784273407924, t -> 0.400000000000000} : (0.400000000000000, 1.19568546815849)
{u_0 -> 1.18411459209533, t -> 0.500000000000000} : (0.500000000000000, 1.36822918419066)
{u_0 -> 1.26308974698402, t -> 0.600000000000000} : (0.600000000000000, 1.52617949396804)
{u_0 -> 1.33593913499670, t -> 0.700000000000000} : (0.700000000000000, 1.67187826999341)
{u_0 -> 1.40361315646324, t -> 0.800000000000000} : (0.800000000000000, 1.80722631292648)
{u_0 -> 1.46687260892838, t -> 0.900000000000000} : (0.900000000000000, 1.93374521785676)
{u_0 -> 1.52632793098105, t -> 1.00000000000000} : (1.00000000000000, 2.05265586196210)
{u_0 -> 1.58247297444543, t -> 1.10000000000000} : (1.10000000000000, 2.16494594889086)
{u_0 -> 1.63571138496960, t -> 1.20000000000000} : (1.20000000000000, 2.27142276993919)
{u_0 -> 1.68637659774166, t -> 1.30000000000000} : (1.30000000000000, 2.37275319548332)
{u_0 -> 1.73474689617616, t -> 1.40000000000000} : (1.40000000000000, 2.46949379235232)
{u_0 -> 1.78105679106993, t -> 1.50000000000000} : (1.50000000000000, 2.56211358213987)
{u_0 -> 1.82550568588081, t -> 1.60000000000000} : (1.60000000000000, 2.65101137176162)
{u_0 -> 1.86826453861351, t -> 1.70000000000000} : (1.70000000000000, 2.73652907722701)
{u_0 -> 1.90948103575710, t -> 1.80000000000000} : (1.80000000000000, 2.81896207151419)
{u_0 -> 1.94928365164831, t -> 1.90000000000000} : (1.90000000000000, 2.89856730329661)
{u_0 -> 1.98778486493203, t -> 2.00000000000000} : (2.00000000000000, 2.97556972986406)
{u_0 -> 2.02508373125957, t -> 2.10000000000000} : (2.10000000000000, 3.05016746251915)
{u_0 -> 2.06126795949026, t -> 2.20000000000000} : (2.20000000000000, 3.12253591898052)
{u_0 -> 2.09641560132662, t -> 2.30000000000000} : (2.30000000000000, 3.19283120265323)
{u_0 -> 2.13059643722686, t -> 2.40000000000000} : (2.40000000000000, 3.26119287445372)
{u_0 -> 2.16387312161294, t -> 2.50000000000000} : (2.50000000000000, 3.32774624322588)
{u_0 -> 2.19630213574864, t -> 2.60000000000000} : (2.60000000000000, 3.39260427149728)
{u_0 -> 2.22793458574674, t -> 2.70000000000000} : (2.70000000000000, 3.45586917149349)
{u_0 -> 2.25881687495447, t -> 2.80000000000000} : (2.80000000000000, 3.51763374990894)
{u_0 -> 2.28899127373801, t -> 2.90000000000000} : (2.90000000000000, 3.57798254747602)
{u_0 -> 2.31849640492175, t -> 3.00000000000000} : (3.00000000000000, 3.63699280984350)
{u_0 -> 2.34736765946303, t -> 3.10000000000000} : (3.10000000000000, 3.69473531892606)
{u_0 -> 2.37563755408726, t -> 3.20000000000000} : (3.20000000000000, 3.75127510817453)
{u_0 -> 2.40333604037272, t -> 3.30000000000000} : (3.30000000000000, 3.80667208074545)
{u_0 -> 2.43049077301176, t -> 3.40000000000000} : (3.40000000000000, 3.86098154602353)
{u_0 -> 2.45712734357676, t -> 3.50000000000000} : (3.50000000000000, 3.91425468715353)
{u_0 -> 2.48326948500224, t -> 3.60000000000000} : (3.60000000000000, 3.96653897000448)
{u_0 -> 2.50893925109725, t -> 3.70000000000000} : (3.70000000000000, 4.01787850219449)
{u_0 -> 2.53415717467720, t -> 3.80000000000000} : (3.80000000000000, 4.06831434935441)
{u_0 -> 2.55894240731533, t -> 3.90000000000000} : (3.90000000000000, 4.11788481463066)
{u_0 -> 2.58331284323270, t -> 4.00000000000000} : (4.00000000000000, 4.16662568646540)
{u_0 -> 2.60728522945125, t -> 4.10000000000000} : (4.10000000000000, 4.21457045890250)
{u_0 -> 2.63087526400838, t -> 4.20000000000000} : (4.20000000000000, 4.26175052801676)
{u_0 -> 2.65409768376217, t -> 4.30000000000000} : (4.30000000000000, 4.30819536752434)
{u_0 -> 2.67696634309174, t -> 4.40000000000000} : (4.40000000000000, 4.35393268618348)
{u_0 -> 2.69949428460990, t -> 4.50000000000000} : (4.50000000000000, 4.39898856921980)
{u_0 -> 2.72169380284785, t -> 4.60000000000000} : (4.60000000000000, 4.44338760569571)
{u_0 -> 2.74357650173944, t -> 4.70000000000000} : (4.70000000000000, 4.48715300347888)
{u_0 -> 2.76515334662041, t -> 4.80000000000000} : (4.80000000000000, 4.53030669324082)
{u_0 -> 2.78643471136336, t -> 4.90000000000000} : (4.90000000000000, 4.57286942272673)
{u_0 -> 2.80743042118826, t -> 5.00000000000000} : (5.00000000000000, 4.61486084237651)
{u_0 -> 2.82814979161939, t -> 5.10000000000000} : (5.10000000000000, 4.65629958323878)
{u_0 -> 2.84860166400087, t -> 5.20000000000000} : (5.20000000000000, 4.69720332800175)
{u_0 -> 2.86879443793168, t -> 5.30000000000000} : (5.30000000000000, 4.73758887586336)
{u_0 -> 2.88873610093795, t -> 5.40000000000000} : (5.40000000000000, 4.77747220187591)
{u_0 -> 2.90843425566234, t -> 5.50000000000000} : (5.50000000000000, 4.81686851132468)
{u_0 -> 2.92789614481748, t -> 5.60000000000000} : (5.60000000000000, 4.85579228963496)
{u_0 -> 2.94712867412252, t -> 5.70000000000000} : (5.70000000000000, 4.89425734824504)
{u_0 -> 2.96613843341662, t -> 5.80000000000000} : (5.80000000000000, 4.93227686683324)
{u_0 -> 2.98493171612209, t -> 5.90000000000000} : (5.90000000000000, 4.96986343224419)
{u_0 -> 3.00351453721081, t -> 6.00000000000000} : (6.00000000000000, 5.00702907442162)
{u_0 -> 3.02189264981099, t -> 6.10000000000000} : (6.10000000000000, 5.04378529962199)
{u_0 -> 3.04007156057711, t -> 6.20000000000000} : (6.20000000000000, 5.08014312115423)
{u_0 -> 3.05805654393269, t -> 6.30000000000000} : (6.30000000000000, 5.11611308786537)
{u_0 -> 3.07585265528455, t -> 6.40000000000000} : (6.40000000000000, 5.15170531056911)
{u_0 -> 3.09346474329728, t -> 6.50000000000000} : (6.50000000000000, 5.18692948659457)
{u_0 -> 3.11089746130743, t -> 6.60000000000000} : (6.60000000000000, 5.22179492261487)
{u_0 -> 3.12815527794966, t -> 6.70000000000000} : (6.70000000000000, 5.25631055589932)
{u_0 -> 3.14524248705965, t -> 6.80000000000000} : (6.80000000000000, 5.29048497411929)
{u_0 -> 3.16216321691258, t -> 6.90000000000000} : (6.90000000000000, 5.32432643382517)
{u_0 -> 3.17892143885056, t -> 7.00000000000000} : (7.00000000000000, 5.35784287770112)
{u_0 -> 3.19552097534704, t -> 7.10000000000000} : (7.10000000000000, 5.39104195069409)
{u_0 -> 3.21196550755245, t -> 7.20000000000000} : (7.20000000000000, 5.42393101510490)
{u_0 -> 3.22825858236064, t -> 7.30000000000000} : (7.30000000000000, 5.45651716472128)
{u_0 -> 3.24440361903277, t -> 7.40000000000000} : (7.40000000000000, 5.48880723806555)
{u_0 -> 3.26040391541162, t -> 7.50000000000000} : (7.50000000000000, 5.52080783082324)
{u_0 -> 3.27626265375667, t -> 7.60000000000000} : (7.60000000000000, 5.55252530751335)
{u_0 -> 3.29198290622771, t -> 7.70000000000000} : (7.70000000000000, 5.58396581245541)
{u_0 -> 3.30756764004215, t -> 7.80000000000000} : (7.80000000000000, 5.61513528008430)
{u_0 -> 3.32301972232948, t -> 7.90000000000000} : (7.90000000000000, 5.64603944465896)
{u_0 -> 3.33834192470396, t -> 8.00000000000000} : (8.00000000000000, 5.67668384940792)
{u_0 -> 3.35353692757529, t -> 8.10000000000000} : (8.10000000000000, 5.70707385515057)
{u_0 -> 3.36860732421510, t -> 8.20000000000000} : (8.20000000000000, 5.73721464843021)
{u_0 -> 3.38355562459599, t -> 8.30000000000000} : (8.30000000000000, 5.76711124919199)
{u_0 -> 3.39838425901817, t -> 8.40000000000000} : (8.40000000000000, 5.79676851803634)
{u_0 -> 3.41309558153792, t -> 8.50000000000000} : (8.50000000000000, 5.82619116307583)
{u_0 -> 3.42769187321081, t -> 8.60000000000000} : (8.60000000000000, 5.85538374642162)
{u_0 -> 3.44217534516168, t -> 8.70000000000000} : (8.70000000000000, 5.88435069032336)
{u_0 -> 3.45654814149239, t -> 8.80000000000000} : (8.80000000000000, 5.91309628298478)
{u_0 -> 3.47081234203778, t -> 8.90000000000000} : (8.90000000000000, 5.94162468407555)
{u_0 -> 3.48496996497917, t -> 9.00000000000000} : (9.00000000000000, 5.96993992995835)
{u_0 -> 3.49902296932440, t -> 9.10000000000000} : (9.10000000000000, 5.99804593864881)
{u_0 -> 3.51297325726239, t -> 9.20000000000000} : (9.20000000000000, 6.02594651452478)
{u_0 -> 3.52682267640000, t -> 9.30000000000000} : (9.30000000000000, 6.05364535280000)
{u_0 -> 3.54057302188821, t -> 9.40000000000000} : (9.40000000000000, 6.08114604377641)
{u_0 -> 3.55422603844409, t -> 9.50000000000000} : (9.50000000000000, 6.10845207688818)
{u_0 -> 3.56778342227488, t -> 9.60000000000000} : (9.60000000000000, 6.13556684454976)
{u_0 -> 3.58124682290963, t -> 9.70000000000000} : (9.70000000000000, 6.16249364581926)
{u_0 -> 3.59461784494396, t -> 9.80000000000000} : (9.80000000000000, 6.18923568988792)
{u_0 -> 3.60789804970273, t -> 9.90000000000000} : (9.90000000000000, 6.21579609940545)
{u_0 -> 3.62108895682532, t -> 10.0000000000000} : (10.0000000000000, 6.24217791365064)
{u_0 -> 0.666666666666667, t -> 0.000000000000000} : (0.000000000000000, 0.333333333333333)
{u_0 -> 0.783762463421510, t -> 0.100000000000000} : (0.100000000000000, 0.567524926843021)
{u_0 -> 0.898117830059389, t -> 0.200000000000000} : (0.200000000000000, 0.796235660118778)
{u_0 -> 1.00291775849536, t -> 0.300000000000000} : (0.300000000000000, 1.00583551699073)
{u_0 -> 1.09784273407924, t -> 0.400000000000000} : (0.400000000000000, 1.19568546815849)
{u_0 -> 1.18411459209533, t -> 0.500000000000000} : (0.500000000000000, 1.36822918419066)
{u_0 -> 1.26308974698402, t -> 0.600000000000000} : (0.600000000000000, 1.52617949396804)
{u_0 -> 1.33593913499670, t -> 0.700000000000000} : (0.700000000000000, 1.67187826999341)
{u_0 -> 1.40361315646324, t -> 0.800000000000000} : (0.800000000000000, 1.80722631292648)
{u_0 -> 1.46687260892838, t -> 0.900000000000000} : (0.900000000000000, 1.93374521785676)
{u_0 -> 1.52632793098105, t -> 1.00000000000000} : (1.00000000000000, 2.05265586196210)
{u_0 -> 1.58247297444543, t -> 1.10000000000000} : (1.10000000000000, 2.16494594889086)
{u_0 -> 1.63571138496960, t -> 1.20000000000000} : (1.20000000000000, 2.27142276993919)
{u_0 -> 1.68637659774166, t -> 1.30000000000000} : (1.30000000000000, 2.37275319548332)
{u_0 -> 1.73474689617616, t -> 1.40000000000000} : (1.40000000000000, 2.46949379235232)
{u_0 -> 1.78105679106993, t -> 1.50000000000000} : (1.50000000000000, 2.56211358213987)
{u_0 -> 1.82550568588081, t -> 1.60000000000000} : (1.60000000000000, 2.65101137176162)
{u_0 -> 1.86826453861351, t -> 1.70000000000000} : (1.70000000000000, 2.73652907722701)
{u_0 -> 1.90948103575710, t -> 1.80000000000000} : (1.80000000000000, 2.81896207151419)
{u_0 -> 1.94928365164831, t -> 1.90000000000000} : (1.90000000000000, 2.89856730329661)
{u_0 -> 1.98778486493203, t -> 2.00000000000000} : (2.00000000000000, 2.97556972986406)
{u_0 -> 2.02508373125957, t -> 2.10000000000000} : (2.10000000000000, 3.05016746251915)
{u_0 -> 2.06126795949026, t -> 2.20000000000000} : (2.20000000000000, 3.12253591898052)
{u_0 -> 2.09641560132662, t -> 2.30000000000000} : (2.30000000000000, 3.19283120265323)
{u_0 -> 2.13059643722686, t -> 2.40000000000000} : (2.40000000000000, 3.26119287445372)
{u_0 -> 2.16387312161294, t -> 2.50000000000000} : (2.50000000000000, 3.32774624322588)
{u_0 -> 2.19630213574864, t -> 2.60000000000000} : (2.60000000000000, 3.39260427149728)
{u_0 -> 2.22793458574674, t -> 2.70000000000000} : (2.70000000000000, 3.45586917149349)
{u_0 -> 2.25881687495447, t -> 2.80000000000000} : (2.80000000000000, 3.51763374990894)
{u_0 -> 2.28899127373801, t -> 2.90000000000000} : (2.90000000000000, 3.57798254747602)
{u_0 -> 2.31849640492175, t -> 3.00000000000000} : (3.00000000000000, 3.63699280984350)
{u_0 -> 2.34736765946303, t -> 3.10000000000000} : (3.10000000000000, 3.69473531892606)
{u_0 -> 2.37563755408726, t -> 3.20000000000000} : (3.20000000000000, 3.75127510817453)
{u_0 -> 2.40333604037272, t -> 3.30000000000000} : (3.30000000000000, 3.80667208074545)
{u_0 -> 2.43049077301176, t -> 3.40000000000000} : (3.40000000000000, 3.86098154602353)
{u_0 -> 2.45712734357676, t -> 3.50000000000000} : (3.50000000000000, 3.91425468715353)
{u_0 -> 2.48326948500224, t -> 3.60000000000000} : (3.60000000000000, 3.96653897000448)
{u_0 -> 2.50893925109725, t -> 3.70000000000000} : (3.70000000000000, 4.01787850219449)
{u_0 -> 2.53415717467720, t -> 3.80000000000000} : (3.80000000000000, 4.06831434935441)
{u_0 -> 2.55894240731533, t -> 3.90000000000000} : (3.90000000000000, 4.11788481463066)
{u_0 -> 2.58331284323270, t -> 4.00000000000000} : (4.00000000000000, 4.16662568646540)
{u_0 -> 2.60728522945125, t -> 4.10000000000000} : (4.10000000000000, 4.21457045890250)
{u_0 -> 2.63087526400838, t -> 4.20000000000000} : (4.20000000000000, 4.26175052801676)
{u_0 -> 2.65409768376217, t -> 4.30000000000000} : (4.30000000000000, 4.30819536752434)
{u_0 -> 2.67696634309174, t -> 4.40000000000000} : (4.40000000000000, 4.35393268618348)
{u_0 -> 2.69949428460990, t -> 4.50000000000000} : (4.50000000000000, 4.39898856921980)
{u_0 -> 2.72169380284785, t -> 4.60000000000000} : (4.60000000000000, 4.44338760569571)
{u_0 -> 2.74357650173944, t -> 4.70000000000000} : (4.70000000000000, 4.48715300347888)
{u_0 -> 2.76515334662041, t -> 4.80000000000000} : (4.80000000000000, 4.53030669324082)
{u_0 -> 2.78643471136336, t -> 4.90000000000000} : (4.90000000000000, 4.57286942272673)
{u_0 -> 2.80743042118826, t -> 5.00000000000000} : (5.00000000000000, 4.61486084237651)
{u_0 -> 2.82814979161939, t -> 5.10000000000000} : (5.10000000000000, 4.65629958323878)
{u_0 -> 2.84860166400087, t -> 5.20000000000000} : (5.20000000000000, 4.69720332800175)
{u_0 -> 2.86879443793168, t -> 5.30000000000000} : (5.30000000000000, 4.73758887586336)
{u_0 -> 2.88873610093795, t -> 5.40000000000000} : (5.40000000000000, 4.77747220187591)
{u_0 -> 2.90843425566234, t -> 5.50000000000000} : (5.50000000000000, 4.81686851132468)
{u_0 -> 2.92789614481748, t -> 5.60000000000000} : (5.60000000000000, 4.85579228963496)
{u_0 -> 2.94712867412252, t -> 5.70000000000000} : (5.70000000000000, 4.89425734824504)
{u_0 -> 2.96613843341662, t -> 5.80000000000000} : (5.80000000000000, 4.93227686683324)
{u_0 -> 2.98493171612209, t -> 5.90000000000000} : (5.90000000000000, 4.96986343224419)
{u_0 -> 3.00351453721081, t -> 6.00000000000000} : (6.00000000000000, 5.00702907442162)
{u_0 -> 3.02189264981099, t -> 6.10000000000000} : (6.10000000000000, 5.04378529962199)
{u_0 -> 3.04007156057711, t -> 6.20000000000000} : (6.20000000000000, 5.08014312115423)
{u_0 -> 3.05805654393269, t -> 6.30000000000000} : (6.30000000000000, 5.11611308786537)
{u_0 -> 3.07585265528455, t -> 6.40000000000000} : (6.40000000000000, 5.15170531056911)
{u_0 -> 3.09346474329728, t -> 6.50000000000000} : (6.50000000000000, 5.18692948659457)
{u_0 -> 3.11089746130743, t -> 6.60000000000000} : (6.60000000000000, 5.22179492261487)
{u_0 -> 3.12815527794966, t -> 6.70000000000000} : (6.70000000000000, 5.25631055589932)
{u_0 -> 3.14524248705965, t -> 6.80000000000000} : (6.80000000000000, 5.29048497411929)
{u_0 -> 3.16216321691258, t -> 6.90000000000000} : (6.90000000000000, 5.32432643382517)
{u_0 -> 3.17892143885056, t -> 7.00000000000000} : (7.00000000000000, 5.35784287770112)
{u_0 -> 3.19552097534704, t -> 7.10000000000000} : (7.10000000000000, 5.39104195069409)
{u_0 -> 3.21196550755245, t -> 7.20000000000000} : (7.20000000000000, 5.42393101510490)
{u_0 -> 3.22825858236064, t -> 7.30000000000000} : (7.30000000000000, 5.45651716472128)
{u_0 -> 3.24440361903277, t -> 7.40000000000000} : (7.40000000000000, 5.48880723806555)
{u_0 -> 3.26040391541162, t -> 7.50000000000000} : (7.50000000000000, 5.52080783082324)
{u_0 -> 3.27626265375667, t -> 7.60000000000000} : (7.60000000000000, 5.55252530751335)
{u_0 -> 3.29198290622771, t -> 7.70000000000000} : (7.70000000000000, 5.58396581245541)
{u_0 -> 3.30756764004215, t -> 7.80000000000000} : (7.80000000000000, 5.61513528008430)
{u_0 -> 3.32301972232948, t -> 7.90000000000000} : (7.90000000000000, 5.64603944465896)
{u_0 -> 3.33834192470396, t -> 8.00000000000000} : (8.00000000000000, 5.67668384940792)
{u_0 -> 3.35353692757529, t -> 8.10000000000000} : (8.10000000000000, 5.70707385515057)
{u_0 -> 3.36860732421510, t -> 8.20000000000000} : (8.20000000000000, 5.73721464843021)
{u_0 -> 3.38355562459599, t -> 8.30000000000000} : (8.30000000000000, 5.76711124919199)
{u_0 -> 3.39838425901817, t -> 8.40000000000000} : (8.40000000000000, 5.79676851803634)
{u_0 -> 3.41309558153792, t -> 8.50000000000000} : (8.50000000000000, 5.82619116307583)
{u_0 -> 3.42769187321081, t -> 8.60000000000000} : (8.60000000000000, 5.85538374642162)
{u_0 -> 3.44217534516168, t -> 8.70000000000000} : (8.70000000000000, 5.88435069032336)
{u_0 -> 3.45654814149239, t -> 8.80000000000000} : (8.80000000000000, 5.91309628298478)
{u_0 -> 3.47081234203778, t -> 8.90000000000000} : (8.90000000000000, 5.94162468407555)
{u_0 -> 3.48496996497917, t -> 9.00000000000000} : (9.00000000000000, 5.96993992995835)
{u_0 -> 3.49902296932440, t -> 9.10000000000000} : (9.10000000000000, 5.99804593864881)
{u_0 -> 3.51297325726239, t -> 9.20000000000000} : (9.20000000000000, 6.02594651452478)
{u_0 -> 3.52682267640000, t -> 9.30000000000000} : (9.30000000000000, 6.05364535280000)
{u_0 -> 3.54057302188821, t -> 9.40000000000000} : (9.40000000000000, 6.08114604377641)
{u_0 -> 3.55422603844409, t -> 9.50000000000000} : (9.50000000000000, 6.10845207688818)
{u_0 -> 3.56778342227488, t -> 9.60000000000000} : (9.60000000000000, 6.13556684454976)
{u_0 -> 3.58124682290963, t -> 9.70000000000000} : (9.70000000000000, 6.16249364581926)
{u_0 -> 3.59461784494396, t -> 9.80000000000000} : (9.80000000000000, 6.18923568988792)
{u_0 -> 3.60789804970273, t -> 9.90000000000000} : (9.90000000000000, 6.21579609940545)
{u_0 -> 3.62108895682532, t -> 10.0000000000000} : (10.0000000000000, 6.24217791365064)
{u_0 -> 0.666666666666667, t -> 0.000000000000000} : (0.000000000000000, -0.444444444444444)
{u_0 -> 0.783762463421510, t -> 0.100000000000000} : (0.100000000000000, -0.614283599068554)
{u_0 -> 0.898117830059389, t -> 0.200000000000000} : (0.200000000000000, -0.806615636670585)
{u_0 -> 1.00291775849536, t -> 0.300000000000000} : (0.300000000000000, -1.00584403030536)
{u_0 -> 1.09784273407924, t -> 0.400000000000000} : (0.400000000000000, -1.20525866877059)
{u_0 -> 1.18411459209533, t -> 0.500000000000000} : (0.500000000000000, -1.40212736721308)
{u_0 -> 1.26308974698402, t -> 0.600000000000000} : (0.600000000000000, -1.59539570893616)
{u_0 -> 1.33593913499670, t -> 0.700000000000000} : (0.700000000000000, -1.78473337241574)
{u_0 -> 1.40361315646324, t -> 0.800000000000000} : (0.800000000000000, -1.97012989299670)
{u_0 -> 1.46687260892838, t -> 0.900000000000000} : (0.900000000000000, -2.15171525082436)
{u_0 -> 1.52632793098105, t -> 1.00000000000000} : (1.00000000000000, -2.32967695289289)
{u_0 -> 1.58247297444543, t -> 1.10000000000000} : (1.10000000000000, -2.50422071485016)
{u_0 -> 1.63571138496960, t -> 1.20000000000000} : (1.20000000000000, -2.67555173491915)
{u_0 -> 1.68637659774166, t -> 1.30000000000000} : (1.30000000000000, -2.84386602941074)
{u_0 -> 1.73474689617616, t -> 1.40000000000000} : (1.40000000000000, -3.00934679379281)
{u_0 -> 1.78105679106993, t -> 1.50000000000000} : (1.50000000000000, -3.17216329301633)
{u_0 -> 1.82550568588081, t -> 1.60000000000000} : (1.60000000000000, -3.33247100918317)
{u_0 -> 1.86826453861351, t -> 1.70000000000000} : (1.70000000000000, -3.49041238624074)
{u_0 -> 1.90948103575710, t -> 1.80000000000000} : (1.80000000000000, -3.64611782591599)
{u_0 -> 1.94928365164831, t -> 1.90000000000000} : (1.90000000000000, -3.79970675458336)
{u_0 -> 1.98778486493203, t -> 2.00000000000000} : (2.00000000000000, -3.95128866925284)
{u_0 -> 2.02508373125957, t -> 2.10000000000000} : (2.10000000000000, -4.10096411861219)
{u_0 -> 2.06126795949026, t -> 2.20000000000000} : (2.20000000000000, -4.24882560082114)
{u_0 -> 2.09641560132662, t -> 2.30000000000000} : (2.30000000000000, -4.39495837348564)
{u_0 -> 2.13059643722686, t -> 2.40000000000000} : (2.40000000000000, -4.53944117832379)
{u_0 -> 2.16387312161294, t -> 2.50000000000000} : (2.50000000000000, -4.68234688643892)
{u_0 -> 2.19630213574864, t -> 2.60000000000000} : (2.60000000000000, -4.82374307149404)
{u_0 -> 2.22793458574674, t -> 2.70000000000000} : (2.70000000000000, -4.96369251836652)
{u_0 -> 2.25881687495447, t -> 2.80000000000000} : (2.80000000000000, -5.10225367457908)
{u_0 -> 2.28899127373801, t -> 2.90000000000000} : (2.90000000000000, -5.23948105124875)
{u_0 -> 2.31849640492175, t -> 3.00000000000000} : (3.00000000000000, -5.37542557963507)
{u_0 -> 2.34736765946303, t -> 3.10000000000000} : (3.10000000000000, -5.51013492869293)
{u_0 -> 2.37563755408726, t -> 3.20000000000000} : (3.20000000000000, -5.64365378838971)
{u_0 -> 2.40333604037272, t -> 3.30000000000000} : (3.30000000000000, -5.77602412295444)
{u_0 -> 2.43049077301176, t -> 3.40000000000000} : (3.40000000000000, -5.90728539769532)
{u_0 -> 2.45712734357676, t -> 3.50000000000000} : (3.50000000000000, -6.03747478255261)
{u_0 -> 2.48326948500224, t -> 3.60000000000000} : (3.60000000000000, -6.16662733514330)
{u_0 -> 2.50893925109725, t -> 3.70000000000000} : (3.70000000000000, -6.29477616569641)
{u_0 -> 2.53415717467720, t -> 3.80000000000000} : (3.80000000000000, -6.42195258596794)
{u_0 -> 2.55894240731533, t -> 3.90000000000000} : (3.90000000000000, -6.54818624395677)
{u_0 -> 2.58331284323270, t -> 4.00000000000000} : (4.00000000000000, -6.67350524601102)
{u_0 -> 2.60728522945125, t -> 4.10000000000000} : (4.10000000000000, -6.79793626771466)
{u_0 -> 2.63087526400838, t -> 4.20000000000000} : (4.20000000000000, -6.92150465477117)
{u_0 -> 2.65409768376217, t -> 4.30000000000000} : (4.30000000000000, -7.04423451495171)
{u_0 -> 2.67696634309174, t -> 4.40000000000000} : (4.40000000000000, -7.16614880204596)
{u_0 -> 2.69949428460990, t -> 4.50000000000000} : (4.50000000000000, -7.28726939264152)
{u_0 -> 2.72169380284785, t -> 4.60000000000000} : (4.60000000000000, -7.40761715646041)
{u_0 -> 2.74357650173944, t -> 4.70000000000000} : (4.70000000000000, -7.52721202089683)
{u_0 -> 2.76515334662041, t -> 4.80000000000000} : (4.80000000000000, -7.64607303032606)
{u_0 -> 2.78643471136336, t -> 4.90000000000000} : (4.90000000000000, -7.76421840069063)
{u_0 -> 2.80743042118826, t -> 5.00000000000000} : (5.00000000000000, -7.88166556981326)
{u_0 -> 2.82814979161939, t -> 5.10000000000000} : (5.10000000000000, -7.99843124383681)
{u_0 -> 2.84860166400087, t -> 5.20000000000000} : (5.20000000000000, -8.11453144014855)
{u_0 -> 2.86879443793168, t -> 5.30000000000000} : (5.30000000000000, -8.22998152710774)
{u_0 -> 2.88873610093795, t -> 5.40000000000000} : (5.40000000000000, -8.34479626086221)
{u_0 -> 2.90843425566234, t -> 5.50000000000000} : (5.50000000000000, -8.45898981951014)
{u_0 -> 2.92789614481748, t -> 5.60000000000000} : (5.60000000000000, -8.57257583483707)
{u_0 -> 2.94712867412252, t -> 5.70000000000000} : (5.70000000000000, -8.68556742183516)
{u_0 -> 2.96613843341662, t -> 5.80000000000000} : (5.80000000000000, -8.79797720619120)
{u_0 -> 2.98493171612209, t -> 5.90000000000000} : (5.90000000000000, -8.90981734991160)
{u_0 -> 3.00351453721081, t -> 6.00000000000000} : (6.00000000000000, -9.02109957523667)
{u_0 -> 3.02189264981099, t -> 6.10000000000000} : (6.10000000000000, -9.13183518698170)
{u_0 -> 3.04007156057711, t -> 6.20000000000000} : (6.20000000000000, -9.24203509342977)
{u_0 -> 3.05805654393269, t -> 6.30000000000000} : (6.30000000000000, -9.35170982588953)
{u_0 -> 3.07585265528455, t -> 6.40000000000000} : (6.40000000000000, -9.46086955702105)
{u_0 -> 3.09346474329728, t -> 6.50000000000000} : (6.50000000000000, -9.56952411802333)
{u_0 -> 3.11089746130743, t -> 6.60000000000000} : (6.60000000000000, -9.67768301476903)
{u_0 -> 3.12815527794966, t -> 6.70000000000000} : (6.70000000000000, -9.78535544296433)
{u_0 -> 3.14524248705965, t -> 6.80000000000000} : (6.80000000000000, -9.89255030240514)
{u_0 -> 3.16216321691258, t -> 6.90000000000000} : (6.90000000000000, -9.99927621039494)
{u_0 -> 3.17892143885056, t -> 7.00000000000000} : (7.00000000000000, -10.1055415143837)
{u_0 -> 3.19552097534704, t -> 7.10000000000000} : (7.10000000000000, -10.2113543038829)
{u_0 -> 3.21196550755245, t -> 7.20000000000000} : (7.20000000000000, -10.3167224217067)
{u_0 -> 3.22825858236064, t -> 7.30000000000000} : (7.30000000000000, -10.4216534745851)
{u_0 -> 3.24440361903277, t -> 7.40000000000000} : (7.40000000000000, -10.5261548431930)
{u_0 -> 3.26040391541162, t -> 7.50000000000000} : (7.50000000000000, -10.6302336916314)
{u_0 -> 3.27626265375667, t -> 7.60000000000000} : (7.60000000000000, -10.7338969764007)
{u_0 -> 3.29198290622771, t -> 7.70000000000000} : (7.70000000000000, -10.8371514548954)
{u_0 -> 3.30756764004215, t -> 7.80000000000000} : (7.80000000000000, -10.9400036934540)
{u_0 -> 3.32301972232948, t -> 7.90000000000000} : (7.90000000000000, -11.0424600749907)
{u_0 -> 3.33834192470396, t -> 8.00000000000000} : (8.00000000000000, -11.1445268062361)
{u_0 -> 3.35353692757529, t -> 8.10000000000000} : (8.10000000000000, -11.2462099246111)
{u_0 -> 3.36860732421510, t -> 8.20000000000000} : (8.20000000000000, -11.3475153047556)
{u_0 -> 3.38355562459599, t -> 8.30000000000000} : (8.30000000000000, -11.4484486647352)
{u_0 -> 3.39838425901817, t -> 8.40000000000000} : (8.40000000000000, -11.5490155719425)
{u_0 -> 3.41309558153792, t -> 8.50000000000000} : (8.50000000000000, -11.6492214487137)
{u_0 -> 3.42769187321081, t -> 8.60000000000000} : (8.60000000000000, -11.7490715776754)
{u_0 -> 3.44217534516168, t -> 8.70000000000000} : (8.70000000000000, -11.8485711068389)
{u_0 -> 3.45654814149239, t -> 8.80000000000000} : (8.80000000000000, -11.9477250544545)
{u_0 -> 3.47081234203778, t -> 8.90000000000000} : (8.90000000000000, -12.0465383136417)
{u_0 -> 3.48496996497917, t -> 9.00000000000000} : (9.00000000000000, -12.1450156568069)
{u_0 -> 3.49902296932440, t -> 9.10000000000000} : (9.10000000000000, -12.2431617398598)
{u_0 -> 3.51297325726239, t -> 9.20000000000000} : (9.20000000000000, -12.3409811062407)
{u_0 -> 3.52682267640000, t -> 9.30000000000000} : (9.30000000000000, -12.4384781907693)
{u_0 -> 3.54057302188821, t -> 9.40000000000000} : (9.40000000000000, -12.5356573233226)
{u_0 -> 3.55422603844409, t -> 9.50000000000000} : (9.50000000000000, -12.6325227323540)
{u_0 -> 3.56778342227488, t -> 9.60000000000000} : (9.60000000000000, -12.7290785482595)
{u_0 -> 3.58124682290963, t -> 9.70000000000000} : (9.70000000000000, -12.8253288066003)
{u_0 -> 3.59461784494396, t -> 9.80000000000000} : (9.80000000000000, -12.9212774511895)
{u_0 -> 3.60789804970273, t -> 9.90000000000000} : (9.90000000000000, -13.0169283370487)
{u_0 -> 3.62108895682532, t -> 10.0000000000000} : (10.0000000000000, -13.1122852332423)
{u_0 -> 0.666666666666667, t -> 0.000000000000000} : (0.000000000000000, -0.444444444444444)
{u_0 -> 0.783762463421510, t -> 0.100000000000000} : (0.100000000000000, -0.614283599068554)
{u_0 -> 0.898117830059389, t -> 0.200000000000000} : (0.200000000000000, -0.806615636670585)
{u_0 -> 1.00291775849536, t -> 0.300000000000000} : (0.300000000000000, -1.00584403030536)
{u_0 -> 1.09784273407924, t -> 0.400000000000000} : (0.400000000000000, -1.20525866877059)
{u_0 -> 1.18411459209533, t -> 0.500000000000000} : (0.500000000000000, -1.40212736721308)
{u_0 -> 1.26308974698402, t -> 0.600000000000000} : (0.600000000000000, -1.59539570893616)
{u_0 -> 1.33593913499670, t -> 0.700000000000000} : (0.700000000000000, -1.78473337241574)
{u_0 -> 1.40361315646324, t -> 0.800000000000000} : (0.800000000000000, -1.97012989299670)
{u_0 -> 1.46687260892838, t -> 0.900000000000000} : (0.900000000000000, -2.15171525082436)
{u_0 -> 1.52632793098105, t -> 1.00000000000000} : (1.00000000000000, -2.32967695289289)
{u_0 -> 1.58247297444543, t -> 1.10000000000000} : (1.10000000000000, -2.50422071485016)
{u_0 -> 1.63571138496960, t -> 1.20000000000000} : (1.20000000000000, -2.67555173491915)
{u_0 -> 1.68637659774166, t -> 1.30000000000000} : (1.30000000000000, -2.84386602941074)
{u_0 -> 1.73474689617616, t -> 1.40000000000000} : (1.40000000000000, -3.00934679379281)
{u_0 -> 1.78105679106993, t -> 1.50000000000000} : (1.50000000000000, -3.17216329301633)
{u_0 -> 1.82550568588081, t -> 1.60000000000000} : (1.60000000000000, -3.33247100918317)
{u_0 -> 1.86826453861351, t -> 1.70000000000000} : (1.70000000000000, -3.49041238624074)
{u_0 -> 1.90948103575710, t -> 1.80000000000000} : (1.80000000000000, -3.64611782591599)
{u_0 -> 1.94928365164831, t -> 1.90000000000000} : (1.90000000000000, -3.79970675458336)
{u_0 -> 1.98778486493203, t -> 2.00000000000000} : (2.00000000000000, -3.95128866925284)
{u_0 -> 2.02508373125957, t -> 2.10000000000000} : (2.10000000000000, -4.10096411861219)
{u_0 -> 2.06126795949026, t -> 2.20000000000000} : (2.20000000000000, -4.24882560082114)
{u_0 -> 2.09641560132662, t -> 2.30000000000000} : (2.30000000000000, -4.39495837348564)
{u_0 -> 2.13059643722686, t -> 2.40000000000000} : (2.40000000000000, -4.53944117832379)
{u_0 -> 2.16387312161294, t -> 2.50000000000000} : (2.50000000000000, -4.68234688643892)
{u_0 -> 2.19630213574864, t -> 2.60000000000000} : (2.60000000000000, -4.82374307149404)
{u_0 -> 2.22793458574674, t -> 2.70000000000000} : (2.70000000000000, -4.96369251836652)
{u_0 -> 2.25881687495447, t -> 2.80000000000000} : (2.80000000000000, -5.10225367457908)
{u_0 -> 2.28899127373801, t -> 2.90000000000000} : (2.90000000000000, -5.23948105124875)
{u_0 -> 2.31849640492175, t -> 3.00000000000000} : (3.00000000000000, -5.37542557963507)
{u_0 -> 2.34736765946303, t -> 3.10000000000000} : (3.10000000000000, -5.51013492869293)
{u_0 -> 2.37563755408726, t -> 3.20000000000000} : (3.20000000000000, -5.64365378838971)
{u_0 -> 2.40333604037272, t -> 3.30000000000000} : (3.30000000000000, -5.77602412295444)
{u_0 -> 2.43049077301176, t -> 3.40000000000000} : (3.40000000000000, -5.90728539769532)
{u_0 -> 2.45712734357676, t -> 3.50000000000000} : (3.50000000000000, -6.03747478255261)
{u_0 -> 2.48326948500224, t -> 3.60000000000000} : (3.60000000000000, -6.16662733514330)
{u_0 -> 2.50893925109725, t -> 3.70000000000000} : (3.70000000000000, -6.29477616569641)
{u_0 -> 2.53415717467720, t -> 3.80000000000000} : (3.80000000000000, -6.42195258596794)
{u_0 -> 2.55894240731533, t -> 3.90000000000000} : (3.90000000000000, -6.54818624395677)
{u_0 -> 2.58331284323270, t -> 4.00000000000000} : (4.00000000000000, -6.67350524601102)
{u_0 -> 2.60728522945125, t -> 4.10000000000000} : (4.10000000000000, -6.79793626771466)
{u_0 -> 2.63087526400838, t -> 4.20000000000000} : (4.20000000000000, -6.92150465477117)
{u_0 -> 2.65409768376217, t -> 4.30000000000000} : (4.30000000000000, -7.04423451495171)
{u_0 -> 2.67696634309174, t -> 4.40000000000000} : (4.40000000000000, -7.16614880204596)
{u_0 -> 2.69949428460990, t -> 4.50000000000000} : (4.50000000000000, -7.28726939264152)
{u_0 -> 2.72169380284785, t -> 4.60000000000000} : (4.60000000000000, -7.40761715646041)
{u_0 -> 2.74357650173944, t -> 4.70000000000000} : (4.70000000000000, -7.52721202089683)
{u_0 -> 2.76515334662041, t -> 4.80000000000000} : (4.80000000000000, -7.64607303032606)
{u_0 -> 2.78643471136336, t -> 4.90000000000000} : (4.90000000000000, -7.76421840069063)
{u_0 -> 2.80743042118826, t -> 5.00000000000000} : (5.00000000000000, -7.88166556981326)
{u_0 -> 2.82814979161939, t -> 5.10000000000000} : (5.10000000000000, -7.99843124383681)
{u_0 -> 2.84860166400087, t -> 5.20000000000000} : (5.20000000000000, -8.11453144014855)
{u_0 -> 2.86879443793168, t -> 5.30000000000000} : (5.30000000000000, -8.22998152710774)
{u_0 -> 2.88873610093795, t -> 5.40000000000000} : (5.40000000000000, -8.34479626086221)
{u_0 -> 2.90843425566234, t -> 5.50000000000000} : (5.50000000000000, -8.45898981951014)
{u_0 -> 2.92789614481748, t -> 5.60000000000000} : (5.60000000000000, -8.57257583483707)
{u_0 -> 2.94712867412252, t -> 5.70000000000000} : (5.70000000000000, -8.68556742183516)
{u_0 -> 2.96613843341662, t -> 5.80000000000000} : (5.80000000000000, -8.79797720619120)
{u_0 -> 2.98493171612209, t -> 5.90000000000000} : (5.90000000000000, -8.90981734991160)
{u_0 -> 3.00351453721081, t -> 6.00000000000000} : (6.00000000000000, -9.02109957523667)
{u_0 -> 3.02189264981099, t -> 6.10000000000000} : (6.10000000000000, -9.13183518698170)
{u_0 -> 3.04007156057711, t -> 6.20000000000000} : (6.20000000000000, -9.24203509342977)
{u_0 -> 3.05805654393269, t -> 6.30000000000000} : (6.30000000000000, -9.35170982588953)
{u_0 -> 3.07585265528455, t -> 6.40000000000000} : (6.40000000000000, -9.46086955702105)
{u_0 -> 3.09346474329728, t -> 6.50000000000000} : (6.50000000000000, -9.56952411802333)
{u_0 -> 3.11089746130743, t -> 6.60000000000000} : (6.60000000000000, -9.67768301476903)
{u_0 -> 3.12815527794966, t -> 6.70000000000000} : (6.70000000000000, -9.78535544296433)
{u_0 -> 3.14524248705965, t -> 6.80000000000000} : (6.80000000000000, -9.89255030240514)
{u_0 -> 3.16216321691258, t -> 6.90000000000000} : (6.90000000000000, -9.99927621039494)
{u_0 -> 3.17892143885056, t -> 7.00000000000000} : (7.00000000000000, -10.1055415143837)
{u_0 -> 3.19552097534704, t -> 7.10000000000000} : (7.10000000000000, -10.2113543038829)
{u_0 -> 3.21196550755245, t -> 7.20000000000000} : (7.20000000000000, -10.3167224217067)
{u_0 -> 3.22825858236064, t -> 7.30000000000000} : (7.30000000000000, -10.4216534745851)
{u_0 -> 3.24440361903277, t -> 7.40000000000000} : (7.40000000000000, -10.5261548431930)
{u_0 -> 3.26040391541162, t -> 7.50000000000000} : (7.50000000000000, -10.6302336916314)
{u_0 -> 3.27626265375667, t -> 7.60000000000000} : (7.60000000000000, -10.7338969764007)
{u_0 -> 3.29198290622771, t -> 7.70000000000000} : (7.70000000000000, -10.8371514548954)
{u_0 -> 3.30756764004215, t -> 7.80000000000000} : (7.80000000000000, -10.9400036934540)
{u_0 -> 3.32301972232948, t -> 7.90000000000000} : (7.90000000000000, -11.0424600749907)
{u_0 -> 3.33834192470396, t -> 8.00000000000000} : (8.00000000000000, -11.1445268062361)
{u_0 -> 3.35353692757529, t -> 8.10000000000000} : (8.10000000000000, -11.2462099246111)
{u_0 -> 3.36860732421510, t -> 8.20000000000000} : (8.20000000000000, -11.3475153047556)
{u_0 -> 3.38355562459599, t -> 8.30000000000000} : (8.30000000000000, -11.4484486647352)
{u_0 -> 3.39838425901817, t -> 8.40000000000000} : (8.40000000000000, -11.5490155719425)
{u_0 -> 3.41309558153792, t -> 8.50000000000000} : (8.50000000000000, -11.6492214487137)
{u_0 -> 3.42769187321081, t -> 8.60000000000000} : (8.60000000000000, -11.7490715776754)
{u_0 -> 3.44217534516168, t -> 8.70000000000000} : (8.70000000000000, -11.8485711068389)
{u_0 -> 3.45654814149239, t -> 8.80000000000000} : (8.80000000000000, -11.9477250544545)
{u_0 -> 3.47081234203778, t -> 8.90000000000000} : (8.90000000000000, -12.0465383136417)
{u_0 -> 3.48496996497917, t -> 9.00000000000000} : (9.00000000000000, -12.1450156568069)
{u_0 -> 3.49902296932440, t -> 9.10000000000000} : (9.10000000000000, -12.2431617398598)
{u_0 -> 3.51297325726239, t -> 9.20000000000000} : (9.20000000000000, -12.3409811062407)
{u_0 -> 3.52682267640000, t -> 9.30000000000000} : (9.30000000000000, -12.4384781907693)
{u_0 -> 3.54057302188821, t -> 9.40000000000000} : (9.40000000000000, -12.5356573233226)
{u_0 -> 3.55422603844409, t -> 9.50000000000000} : (9.50000000000000, -12.6325227323540)
{u_0 -> 3.56778342227488, t -> 9.60000000000000} : (9.60000000000000, -12.7290785482595)
{u_0 -> 3.58124682290963, t -> 9.70000000000000} : (9.70000000000000, -12.8253288066003)
{u_0 -> 3.59461784494396, t -> 9.80000000000000} : (9.80000000000000, -12.9212774511895)
{u_0 -> 3.60789804970273, t -> 9.90000000000000} : (9.90000000000000, -13.0169283370487)
{u_0 -> 3.62108895682532, t -> 10.0000000000000} : (10.0000000000000, -13.1122852332423)
{u_0 -> 0.666666666666667, t -> 0.000000000000000} : (-0.444444444444444, 0.333333333333333)
{u_0 -> 0.783762463421510, t -> 0.100000000000000} : (-0.614283599068554, 0.567524926843021)
{u_0 -> 0.898117830059389, t -> 0.200000000000000} : (-0.806615636670585, 0.796235660118778)
{u_0 -> 1.00291775849536, t -> 0.300000000000000} : (-1.00584403030536, 1.00583551699073)
{u_0 -> 1.09784273407924, t -> 0.400000000000000} : (-1.20525866877059, 1.19568546815849)
{u_0 -> 1.18411459209533, t -> 0.500000000000000} : (-1.40212736721308, 1.36822918419066)
{u_0 -> 1.26308974698402, t -> 0.600000000000000} : (-1.59539570893616, 1.52617949396804)
{u_0 -> 1.33593913499670, t -> 0.700000000000000} : (-1.78473337241574, 1.67187826999341)
{u_0 -> 1.40361315646324, t -> 0.800000000000000} : (-1.97012989299670, 1.80722631292648)
{u_0 -> 1.46687260892838, t -> 0.900000000000000} : (-2.15171525082436, 1.93374521785676)
{u_0 -> 1.52632793098105, t -> 1.00000000000000} : (-2.32967695289289, 2.05265586196210)
{u_0 -> 1.58247297444543, t -> 1.10000000000000} : (-2.50422071485016, 2.16494594889086)
{u_0 -> 1.63571138496960, t -> 1.20000000000000} : (-2.67555173491915, 2.27142276993919)
{u_0 -> 1.68637659774166, t -> 1.30000000000000} : (-2.84386602941074, 2.37275319548332)
{u_0 -> 1.73474689617616, t -> 1.40000000000000} : (-3.00934679379281, 2.46949379235232)
{u_0 -> 1.78105679106993, t -> 1.50000000000000} : (-3.17216329301633, 2.56211358213987)
{u_0 -> 1.82550568588081, t -> 1.60000000000000} : (-3.33247100918317, 2.65101137176162)
{u_0 -> 1.86826453861351, t -> 1.70000000000000} : (-3.49041238624074, 2.73652907722701)
{u_0 -> 1.90948103575710, t -> 1.80000000000000} : (-3.64611782591599, 2.81896207151419)
{u_0 -> 1.94928365164831, t -> 1.90000000000000} : (-3.79970675458336, 2.89856730329661)
{u_0 -> 1.98778486493203, t -> 2.00000000000000} : (-3.95128866925284, 2.97556972986406)
{u_0 -> 2.02508373125957, t -> 2.10000000000000} : (-4.10096411861219, 3.05016746251915)
{u_0 -> 2.06126795949026, t -> 2.20000000000000} : (-4.24882560082114, 3.12253591898052)
{u_0 -> 2.09641560132662, t -> 2.30000000000000} : (-4.39495837348564, 3.19283120265323)
{u_0 -> 2.13059643722686, t -> 2.40000000000000} : (-4.53944117832379, 3.26119287445372)
{u_0 -> 2.16387312161294, t -> 2.50000000000000} : (-4.68234688643892, 3.32774624322588)
{u_0 -> 2.19630213574864, t -> 2.60000000000000} : (-4.82374307149404, 3.39260427149728)
{u_0 -> 2.22793458574674, t -> 2.70000000000000} : (-4.96369251836652, 3.45586917149349)
{u_0 -> 2.25881687495447, t -> 2.80000000000000} : (-5.10225367457908, 3.51763374990894)
{u_0 -> 2.28899127373801, t -> 2.90000000000000} : (-5.23948105124875, 3.57798254747602)
{u_0 -> 2.31849640492175, t -> 3.00000000000000} : (-5.37542557963507, 3.63699280984350)
{u_0 -> 2.34736765946303, t -> 3.10000000000000} : (-5.51013492869293, 3.69473531892606)
{u_0 -> 2.37563755408726, t -> 3.20000000000000} : (-5.64365378838971, 3.75127510817453)
{u_0 -> 2.40333604037272, t -> 3.30000000000000} : (-5.77602412295444, 3.80667208074545)
{u_0 -> 2.43049077301176, t -> 3.40000000000000} : (-5.90728539769532, 3.86098154602353)
{u_0 -> 2.45712734357676, t -> 3.50000000000000} : (-6.03747478255261, 3.91425468715353)
{u_0 -> 2.48326948500224, t -> 3.60000000000000} : (-6.16662733514330, 3.96653897000448)
{u_0 -> 2.50893925109725, t -> 3.70000000000000} : (-6.29477616569641, 4.01787850219449)
{u_0 -> 2.53415717467720, t -> 3.80000000000000} : (-6.42195258596794, 4.06831434935441)
{u_0 -> 2.55894240731533, t -> 3.90000000000000} : (-6.54818624395677, 4.11788481463066)
{u_0 -> 2.58331284323270, t -> 4.00000000000000} : (-6.67350524601102, 4.16662568646540)
{u_0 -> 2.60728522945125, t -> 4.10000000000000} : (-6.79793626771466, 4.21457045890250)
{u_0 -> 2.63087526400838, t -> 4.20000000000000} : (-6.92150465477117, 4.26175052801676)
{u_0 -> 2.65409768376217, t -> 4.30000000000000} : (-7.04423451495171, 4.30819536752434)
{u_0 -> 2.67696634309174, t -> 4.40000000000000} : (-7.16614880204596, 4.35393268618348)
{u_0 -> 2.69949428460990, t -> 4.50000000000000} : (-7.28726939264152, 4.39898856921980)
{u_0 -> 2.72169380284785, t -> 4.60000000000000} : (-7.40761715646041, 4.44338760569571)
{u_0 -> 2.74357650173944, t -> 4.70000000000000} : (-7.52721202089683, 4.48715300347888)
{u_0 -> 2.76515334662041, t -> 4.80000000000000} : (-7.64607303032606, 4.53030669324082)
{u_0 -> 2.78643471136336, t -> 4.90000000000000} : (-7.76421840069063, 4.57286942272673)
{u_0 -> 2.80743042118826, t -> 5.00000000000000} : (-7.88166556981326, 4.61486084237651)
{u_0 -> 2.82814979161939, t -> 5.10000000000000} : (-7.99843124383681, 4.65629958323878)
{u_0 -> 2.84860166400087, t -> 5.20000000000000} : (-8.11453144014855, 4.69720332800175)
{u_0 -> 2.86879443793168, t -> 5.30000000000000} : (-8.22998152710774, 4.73758887586336)
{u_0 -> 2.88873610093795, t -> 5.40000000000000} : (-8.34479626086221, 4.77747220187591)
{u_0 -> 2.90843425566234, t -> 5.50000000000000} : (-8.45898981951014, 4.81686851132468)
{u_0 -> 2.92789614481748, t -> 5.60000000000000} : (-8.57257583483707, 4.85579228963496)
{u_0 -> 2.94712867412252, t -> 5.70000000000000} : (-8.68556742183516, 4.89425734824504)
{u_0 -> 2.96613843341662, t -> 5.80000000000000} : (-8.79797720619120, 4.93227686683324)
{u_0 -> 2.98493171612209, t -> 5.90000000000000} : (-8.90981734991160, 4.96986343224419)
{u_0 -> 3.00351453721081, t -> 6.00000000000000} : (-9.02109957523667, 5.00702907442162)
{u_0 -> 3.02189264981099, t -> 6.10000000000000} : (-9.13183518698170, 5.04378529962199)
{u_0 -> 3.04007156057711, t -> 6.20000000000000} : (-9.24203509342977, 5.08014312115423)
{u_0 -> 3.05805654393269, t -> 6.30000000000000} : (-9.35170982588953, 5.11611308786537)
{u_0 -> 3.07585265528455, t -> 6.40000000000000} : (-9.46086955702105, 5.15170531056911)
{u_0 -> 3.09346474329728, t -> 6.50000000000000} : (-9.56952411802333, 5.18692948659457)
{u_0 -> 3.11089746130743, t -> 6.60000000000000} : (-9.67768301476903, 5.22179492261487)
{u_0 -> 3.12815527794966, t -> 6.70000000000000} : (-9.78535544296433, 5.25631055589932)
{u_0 -> 3.14524248705965, t -> 6.80000000000000} : (-9.89255030240514, 5.29048497411929)
{u_0 -> 3.16216321691258, t -> 6.90000000000000} : (-9.99927621039494, 5.32432643382517)
{u_0 -> 3.17892143885056, t -> 7.00000000000000} : (-10.1055415143837, 5.35784287770112)
{u_0 -> 3.19552097534704, t -> 7.10000000000000} : (-10.2113543038829, 5.39104195069409)
{u_0 -> 3.21196550755245, t -> 7.20000000000000} : (-10.3167224217067, 5.42393101510490)
{u_0 -> 3.22825858236064, t -> 7.30000000000000} : (-10.4216534745851, 5.45651716472128)
{u_0 -> 3.24440361903277, t -> 7.40000000000000} : (-10.5261548431930, 5.48880723806555)
{u_0 -> 3.26040391541162, t -> 7.50000000000000} : (-10.6302336916314, 5.52080783082324)
{u_0 -> 3.27626265375667, t -> 7.60000000000000} : (-10.7338969764007, 5.55252530751335)
{u_0 -> 3.29198290622771, t -> 7.70000000000000} : (-10.8371514548954, 5.58396581245541)
{u_0 -> 3.30756764004215, t -> 7.80000000000000} : (-10.9400036934540, 5.61513528008430)
{u_0 -> 3.32301972232948, t -> 7.90000000000000} : (-11.0424600749907, 5.64603944465896)
{u_0 -> 3.33834192470396, t -> 8.00000000000000} : (-11.1445268062361, 5.67668384940792)
{u_0 -> 3.35353692757529, t -> 8.10000000000000} : (-11.2462099246111, 5.70707385515057)
{u_0 -> 3.36860732421510, t -> 8.20000000000000} : (-11.3475153047556, 5.73721464843021)
{u_0 -> 3.38355562459599, t -> 8.30000000000000} : (-11.4484486647352, 5.76711124919199)
{u_0 -> 3.39838425901817, t -> 8.40000000000000} : (-11.5490155719425, 5.79676851803634)
{u_0 -> 3.41309558153792, t -> 8.50000000000000} : (-11.6492214487137, 5.82619116307583)
{u_0 -> 3.42769187321081, t -> 8.60000000000000} : (-11.7490715776754, 5.85538374642162)
{u_0 -> 3.44217534516168, t -> 8.70000000000000} : (-11.8485711068389, 5.88435069032336)
{u_0 -> 3.45654814149239, t -> 8.80000000000000} : (-11.9477250544545, 5.91309628298478)
{u_0 -> 3.47081234203778, t -> 8.90000000000000} : (-12.0465383136417, 5.94162468407555)
{u_0 -> 3.48496996497917, t -> 9.00000000000000} : (-12.1450156568069, 5.96993992995835)
{u_0 -> 3.49902296932440, t -> 9.10000000000000} : (-12.2431617398598, 5.99804593864881)
{u_0 -> 3.51297325726239, t -> 9.20000000000000} : (-12.3409811062407, 6.02594651452478)
{u_0 -> 3.52682267640000, t -> 9.30000000000000} : (-12.4384781907693, 6.05364535280000)
{u_0 -> 3.54057302188821, t -> 9.40000000000000} : (-12.5356573233226, 6.08114604377641)
{u_0 -> 3.55422603844409, t -> 9.50000000000000} : (-12.6325227323540, 6.10845207688818)
{u_0 -> 3.56778342227488, t -> 9.60000000000000} : (-12.7290785482595, 6.13556684454976)
{u_0 -> 3.58124682290963, t -> 9.70000000000000} : (-12.8253288066003, 6.16249364581926)
{u_0 -> 3.59461784494396, t -> 9.80000000000000} : (-12.9212774511895, 6.18923568988792)
{u_0 -> 3.60789804970273, t -> 9.90000000000000} : (-13.0169283370487, 6.21579609940545)
{u_0 -> 3.62108895682532, t -> 10.0000000000000} : (-13.1122852332423, 6.24217791365064)
