create adaptive dynamics
solve
 lsoda--  warning..internal t (=r1) and h (=r2) are
       such that in the machine, t + h = t on the next step  
       (h = step size). solver will continue anyway
      In above,  R1 =  0.1249976617881E+00   R2 =  0.4643943250923E-17
 lsoda--  warning..internal t (=r1) and h (=r2) are
       such that in the machine, t + h = t on the next step  
       (h = step size). solver will continue anyway
      In above,  R1 =  0.1249976617881E+00   R2 =  0.4643943250923E-17
 lsoda--  warning..internal t (=r1) and h (=r2) are
       such that in the machine, t + h = t on the next step  
       (h = step size). solver will continue anyway
      In above,  R1 =  0.1249976617881E+00   R2 =  0.4643943250923E-17
 lsoda--  warning..internal t (=r1) and h (=r2) are
       such that in the machine, t + h = t on the next step  
       (h = step size). solver will continue anyway
      In above,  R1 =  0.1249976617881E+00   R2 =  0.6768325257133E-17
 lsoda--  warning..internal t (=r1) and h (=r2) are
       such that in the machine, t + h = t on the next step  
       (h = step size). solver will continue anyway
      In above,  R1 =  0.1249976617881E+00   R2 =  0.1692081314283E-17
 lsoda--  warning..internal t (=r1) and h (=r2) are
       such that in the machine, t + h = t on the next step  
       (h = step size). solver will continue anyway
      In above,  R1 =  0.1249976617881E+00   R2 =  0.1692081314283E-17
 lsoda--  warning..internal t (=r1) and h (=r2) are
       such that in the machine, t + h = t on the next step  
       (h = step size). solver will continue anyway
      In above,  R1 =  0.1249976617881E+00   R2 =  0.1692081314283E-17
 lsoda--  warning..internal t (=r1) and h (=r2) are
       such that in the machine, t + h = t on the next step  
       (h = step size). solver will continue anyway
      In above,  R1 =  0.1249976617881E+00   R2 =  0.2735366511733E-17
 lsoda--  warning..internal t (=r1) and h (=r2) are
       such that in the machine, t + h = t on the next step  
       (h = step size). solver will continue anyway
      In above,  R1 =  0.1249976617881E+00   R2 =  0.6838416279334E-18
 lsoda--  warning..internal t (=r1) and h (=r2) are
       such that in the machine, t + h = t on the next step  
       (h = step size). solver will continue anyway
      In above,  R1 =  0.1249976617881E+00   R2 =  0.6838416279334E-18
 lsoda--  above warning has been issued i1 times.  
       it will not be issued again for this problem
      In above message,  I1 =        10
done
