Mon Mar 30 10:46:26 2015
/usr/bin/make -C /usr/local/src/jekyll-research/wmd_files/Selection_Gradients \
    maclev-1-2-p.sage.out.html
Including .mk files: sage.mk sage-inline.mk 
Including .mk files from .step files: foodweb.py.mk foodweb.sage.mk foodweb.plot.sage.mk foodweb-2-2.sage.mk foodweb-2-2.plot.sage.mk maclev-1-1.sage.mk maclev-1-1-adap.sage.mk maclev-1-1-mc-adap-geom.sage.mk maclev-1-1-ak-adap-geom.sage.mk S-A-vector-field.sage.mk maclev-1-1-d1A-vector-field.sage.mk maclev-1-1-S-and-d1A-on-curve.sage.mk maclev-1-1-S-and-D-on-curve.sage.mk maclev_1_2_defs.py.mk maclev-1-2-popdyn.sage.mk maclev-1-2-adap.sage.mk maclev-1-2-p.sage.mk maclev-1-2-zngi.sage.mk maclev-1-2-geom.sage.mk maclev_unconstrained_c.py.mk maclev-2-2-c-popdyn.sage.mk maclev-2-2-c-adap.sage.mk maclev-2-2-c-p.sage.mk maclev-2-2-c-zngi.sage.mk maclev-2-2-c-geom.sage.mk maclev_2_2_defs.py.mk maclev-2-2-popdyn.sage.mk maclev-2-2-adap.sage.mk maclev-2-2-p.sage.mk maclev-2-2-zngi.sage.mk maclev-2-2-geom.sage.mk maclev_a_only_defs.py.mk maclev-a-only-popdyn.sage.mk maclev-a-only-adap.sage.mk maclev-a-only-p.sage.mk maclev-a-only-zngi.sage.mk maclev-a-only-geom.sage.mk maclev_a_c.py.mk maclev-2-2-a-c-popdyn.sage.mk maclev-2-2-a-c-adap.sage.mk maclev-2-2-a-c-p.sage.mk maclev-2-2-a-c-zngi.sage.mk maclev-2-2-a-c-geom.sage.mk maclevmodels.py.mk lotkavolterra.py.mk toc.sage.mk maclev-2-2-zngi-invasion.sage.mk
Including .mk files from .sage-inline files: avec.sage.mk a-careful.sage.mk
Including .tex.d files: foodweb-2-2.tikz.tex.d foodweb.tikz.tex.d
make: Entering directory `/usr/local/src/jekyll-research/wmd_files/Selection_Gradients'
/usr/bin/make --no-print-directory -C /usr/local/src/jekyll-research/wmd_files/SageDynamicsRepo/SageDynamics dynamicalsystems.py
Including .mk files:  
Including .tex.d files: 
make[1]: Nothing to be done for `dynamicalsystems.py'.
/usr/bin/make --no-print-directory -C /usr/local/src/jekyll-research/wmd_files/SageDynamicsRepo/SageAdaptiveDynamics adaptivedynamics.py
Including .mk files:  
Including .tex.d files: 
make[1]: Nothing to be done for `adaptivedynamics.py'.
rm -f maclev-1-2-p.sage.out maclev-1-2-p.sage.status maclev-1-2-p.sage.out.tex maclev-1-2-c-vs-t.png maclev-1-2-c-vs-c.png maclev-1-2-total-c-vs-u.png
(sage maclev-1-2-p.sage && touch maclev-1-2-p.sage.status) | tee maclev-1-2-p.sage.dmp
The invasion rate for mutant population is:
\begin{align*}
  \mathscr I = \frac{1}{X_{1}}\frac{dX_{1}}{dt} &= -{\left(\frac{{\left(X_{0} c_{00} + X_{1} c_{10} - K_{0} r_{0}\right)} c_{10} w_{0}}{r_{0}} + \frac{{\left(X_{0} c_{01} + X_{1} c_{11} - K_{1} r_{1}\right)} c_{11} w_{1}}{r_{1}} + m_{1}\right)} b_{1} 
\end{align*}

limit as {m_1: m_0, c_1_1: c_0_1, c_1_0: c_0_0, b_1: b_0}
after those limits:
   K_0*c_0_0*w_0 - X_0*c_0_0^2*w_0/r_0 - X_1*c_0_0^2*w_0/r_0 + K_1*c_0_1*w_1 - X_0*c_0_1^2*w_1/r_1 - X_1*c_0_1^2*w_1/r_1 - m_0
  -b_0
  -(X_0*b_0*c_0_0*w_0 + 2*X_1*b_0*c_0_0*w_0 - K_0*b_0*r_0*w_0)/r_0
  -(X_0*b_0*c_0_1*w_1 + 2*X_1*b_0*c_0_1*w_1 - K_1*b_0*r_1*w_1)/r_1
                 2
  _SAGE_VAR_c_0_1  _SAGE_VAR_w_1 _SAGE_VAR_X_1
- --------------------------------------------
                 _SAGE_VAR_r_1
                  2
   _SAGE_VAR_c_0_0  _SAGE_VAR_w_0 _SAGE_VAR_X_1
 - --------------------------------------------
                  _SAGE_VAR_r_0
                  2
   _SAGE_VAR_c_0_1  _SAGE_VAR_w_1 _SAGE_VAR_X_0
 - --------------------------------------------
                  _SAGE_VAR_r_1
                  2
   _SAGE_VAR_c_0_0  _SAGE_VAR_w_0 _SAGE_VAR_X_0
 - --------------------------------------------
                  _SAGE_VAR_r_0
 + _SAGE_VAR_c_0_1 _SAGE_VAR_w_1 _SAGE_VAR_K_1
 + _SAGE_VAR_c_0_0 _SAGE_VAR_w_0 _SAGE_VAR_K_0 - _SAGE_VAR_m_0
limit as                                  _SAGE_VAR_X_1 -> 0
 -->                    2
(- (_SAGE_VAR_c_0_1  _SAGE_VAR_r_0 _SAGE_VAR_w_1
                  2
 + _SAGE_VAR_c_0_0  _SAGE_VAR_r_1 _SAGE_VAR_w_0) _SAGE_VAR_X_0
 + _SAGE_VAR_c_0_1 _SAGE_VAR_r_0 _SAGE_VAR_r_1 _SAGE_VAR_w_1 _SAGE_VAR_K_1
 + _SAGE_VAR_c_0_0 _SAGE_VAR_r_0 _SAGE_VAR_r_1 _SAGE_VAR_w_0 _SAGE_VAR_K_0
 - _SAGE_VAR_m_0 _SAGE_VAR_r_0 _SAGE_VAR_r_1)/(_SAGE_VAR_r_0 _SAGE_VAR_r_1)
Original pop-dyn system: 
\[\begin{align*}
\frac{dX_{0}}{dt} &= -{\left({\left(X_{0} c_{00} - 2\right)} c_{00} + {\left(X_{0} c_{01} - 2\right)} c_{01} + m_{0}\right)} X_{0} b_{0}
\end{align*}\]
Extended pop-dyn system: 
\[\begin{align*}
\frac{dX_{0}}{dt} &= -{\left(\frac{{\left(X_{0} c_{00} + X_{1} c_{10} - K_{0} r_{0}\right)} c_{00} w_{0}}{r_{0}} + \frac{{\left(X_{0} c_{01} + X_{1} c_{11} - K_{1} r_{1}\right)} c_{01} w_{1}}{r_{1}} + m_{0}\right)} X_{0} b_{0}\\
\frac{dX_{1}}{dt} &= -{\left(\frac{{\left(X_{0} c_{00} + X_{1} c_{10} - K_{0} r_{0}\right)} c_{10} w_{0}}{r_{0}} + \frac{{\left(X_{0} c_{01} + X_{1} c_{11} - K_{1} r_{1}\right)} c_{11} w_{1}}{r_{1}} + m_{1}\right)} X_{1} b_{1}
\end{align*}\]
 The invasion rate for mutant population is:
\begin{align*}
  \mathscr I = \frac{1}{X_{1}}\frac{dX_{1}}{dt} &= -{\left(\frac{{\left(X_{0} c_{00} + X_{1} c_{10} - K_{0} r_{0}\right)} c_{10} w_{0}}{r_{0}} + \frac{{\left(X_{0} c_{01} + X_{1} c_{11} - K_{1} r_{1}\right)} c_{11} w_{1}}{r_{1}} + m_{1}\right)} b_{1} 
\end{align*}
 And the invasion exponent is
\begin{align*}
  \frac{\partial\mathscr I}{\partial b_{0}} = \lim_{b_{1}\to b_{0},m_{1}\to m_{0},c_{10}\to c_{00},c_{11}\to c_{01},X_{1}\to0}-\frac{{\left(X_{0} c_{00} + X_{1} c_{10} - K_{0} r_{0}\right)} c_{10} w_{0}}{r_{0}} - \frac{{\left(X_{0} c_{01} + X_{1} c_{11} - K_{1} r_{1}\right)} c_{11} w_{1}}{r_{1}} - m_{1}\\
  \frac{\partial\mathscr I}{\partial m_{0}} = \lim_{b_{1}\to b_{0},m_{1}\to m_{0},c_{10}\to c_{00},c_{11}\to c_{01},X_{1}\to0}-b_{1}\\
  \frac{\partial\mathscr I}{\partial c_{00}} = \lim_{b_{1}\to b_{0},m_{1}\to m_{0},c_{10}\to c_{00},c_{11}\to c_{01},X_{1}\to0}-{\left(\frac{X_{1} c_{10} w_{0}}{r_{0}} + \frac{{\left(X_{0} c_{00} + X_{1} c_{10} - K_{0} r_{0}\right)} w_{0}}{r_{0}}\right)} b_{1}\\
  \frac{\partial\mathscr I}{\partial c_{01}} = \lim_{b_{1}\to b_{0},m_{1}\to m_{0},c_{10}\to c_{00},c_{11}\to c_{01},X_{1}\to0}-{\left(\frac{X_{1} c_{11} w_{1}}{r_{1}} + \frac{{\left(X_{0} c_{01} + X_{1} c_{11} - K_{1} r_{1}\right)} w_{1}}{r_{1}}\right)} b_{1} .
\end{align*}
 Which comes out to
\begin{align*}
  \frac{\partial\mathscr I}{\partial b_{0}} = \frac{K_{0} c_{00} r_{0} r_{1} w_{0} + K_{1} c_{01} r_{0} r_{1} w_{1} - m_{0} r_{0} r_{1} - {\left(c_{00}^{2} r_{1} w_{0} + c_{01}^{2} r_{0} w_{1}\right)} X_{0}}{r_{0} r_{1}}\\
  \frac{\partial\mathscr I}{\partial m_{0}} = -b_{0}\\
  \frac{\partial\mathscr I}{\partial c_{00}} = -\frac{X_{0} b_{0} c_{00} w_{0} - K_{0} b_{0} r_{0} w_{0}}{r_{0}}\\
  \frac{\partial\mathscr I}{\partial c_{01}} = -\frac{X_{0} b_{0} c_{01} w_{1} - K_{1} b_{0} r_{1} w_{1}}{r_{1}} .
\end{align*}
 \[ \mathbf S \left(\begin{array}{c}
  c_{01}\\
  c_{00}\\
  b_{0}\\
  m_{0}
\end{array}\right) = \left(\begin{array}{c}
  -\frac{\hat{X}_{0} b_{0} c_{01} w_{1} - K_{1} b_{0} r_{1} w_{1}}{r_{1}}\\
  -\frac{\hat{X}_{0} b_{0} c_{00} w_{0} - K_{0} b_{0} r_{0} w_{0}}{r_{0}}\\
  \frac{K_{0} c_{00} r_{0} r_{1} w_{0} + K_{1} c_{01} r_{0} r_{1} w_{1} - m_{0} r_{0} r_{1} - {\left(c_{00}^{2} r_{1} w_{0} + c_{01}^{2} r_{0} w_{1}\right)} \hat{X}_{0}}{r_{0} r_{1}}\\
  -b_{0}
\end{array}\right) \]
 Equilibrium of the population dynamics: 
\[ \begin{align*}
  \hat{X}_{0} &\to \frac{2 \, c_{00} + 2 \, c_{01} - m_{0}}{c_{00}^{2} + c_{01}^{2}}
\end{align*} \]
 The adaptive dynamics comes out to 
\[ \begin{align*}
\frac{dc_{01}}{dt} &= -\frac{{\left(\frac{b_{0} {\left(2 \, c_{00} + 2 \, c_{01} - m_{0}\right)} c_{01}}{c_{00}^{2} + c_{01}^{2}} - 2 \, b_{0}\right)} {\left(2 \, c_{00} + 2 \, c_{01} - m_{0}\right)} \gamma}{c_{00}^{2} + c_{01}^{2}}\\
\frac{dc_{00}}{dt} &= -\frac{{\left(\frac{b_{0} {\left(2 \, c_{00} + 2 \, c_{01} - m_{0}\right)} c_{00}}{c_{00}^{2} + c_{01}^{2}} - 2 \, b_{0}\right)} {\left(2 \, c_{00} + 2 \, c_{01} - m_{0}\right)} \gamma}{c_{00}^{2} + c_{01}^{2}}\\
\frac{db_{0}}{dt} &= 0\\
\frac{dm_{0}}{dt} &= -\frac{b_{0} {\left(2 \, c_{00} + 2 \, c_{01} - m_{0}\right)} \gamma}{c_{00}^{2} + c_{01}^{2}}
\end{align*} \]

adaptive dynamics of b, m, c: c_0_1 -> -(b_0*(2*c_0_0 + 2*c_0_1 - m_0)*c_0_1/(c_0_0^2 + c_0_1^2) - 2*b_0)*(2*c_0_0 + 2*c_0_1 - m_0)*gamma/(c_0_0^2 + c_0_1^2)
c_0_0 -> -(b_0*(2*c_0_0 + 2*c_0_1 - m_0)*c_0_0/(c_0_0^2 + c_0_1^2) - 2*b_0)*(2*c_0_0 + 2*c_0_1 - m_0)*gamma/(c_0_0^2 + c_0_1^2)
b_0 -> 0
m_0 -> -b_0*(2*c_0_0 + 2*c_0_1 - m_0)*gamma/(c_0_0^2 + c_0_1^2)
plot c vs t
plot c vs c
with arrows
plot total c vs u
[ -e maclev-1-2-p.sage.status ] && (rm -f maclev-1-2-p.sage.status && mv maclev-1-2-p.sage.dmp maclev-1-2-p.sage.out) || exit 1
latexml  --destination=maclev-1-2-p.sage.out.latexml.xml maclev-1-2-p.sage.out.tex
latexml (LaTeXML version v0.8.0; revision 70f0ce4)
processing started Mon Mar 30 10:46:43 2015

(Digesting TeX maclev-1-2-p.sage.out...
(Loading /usr/local/share/perl/5.18.2/LaTeXML/Package/TeX.pool.ltxml...
(Loading /usr/local/share/perl/5.18.2/LaTeXML/Package/eTeX.pool.ltxml... 0.00 sec)
(Loading /usr/local/share/perl/5.18.2/LaTeXML/Package/pdfTeX.pool.ltxml... 0.01 sec) 0.20 sec)
(Processing content /usr/local/src/jekyll-research/wmd_files/Selection_Gradients/maclev-1-2-p.sage.out.tex...
(Loading /usr/local/share/perl/5.18.2/LaTeXML/Package/LaTeX.pool.ltxml... 0.21 sec)
(Loading /usr/local/share/perl/5.18.2/LaTeXML/Package/article.cls.ltxml... 0.02 sec)
(Loading /usr/local/share/perl/5.18.2/LaTeXML/Package/amsmath.sty.ltxml...
(Loading /usr/local/share/perl/5.18.2/LaTeXML/Package/amsbsy.sty.ltxml... 0.00 sec)
(Loading /usr/local/share/perl/5.18.2/LaTeXML/Package/amstext.sty.ltxml... 0.00 sec)
(Loading /usr/local/share/perl/5.18.2/LaTeXML/Package/amsopn.sty.ltxml... 0.00 sec) 0.05 sec)
(Loading /usr/local/share/perl/5.18.2/LaTeXML/Package/amssymb.sty.ltxml...
(Loading /usr/local/share/perl/5.18.2/LaTeXML/Package/amsfonts.sty.ltxml... 0.01 sec) 0.03 sec)
(Loading /usr/local/share/perl/5.18.2/LaTeXML/Package/graphicx.sty.ltxml...
(Loading /usr/local/share/perl/5.18.2/LaTeXML/Package/graphics.sty.ltxml... 0.00 sec) 0.03 sec)
(Loading /usr/local/share/perl/5.18.2/LaTeXML/Package/inputenc.sty.ltxml...
(Loading /usr/local/share/perl/5.18.2/LaTeXML/Package/utf8.def.ltxml... 0.00 sec) 0.01 sec)
(Loading /usr/local/share/perl/5.18.2/LaTeXML/Package/fontenc.sty.ltxml...
(Loading /usr/local/share/perl/5.18.2/LaTeXML/Package/t1enc.def.ltxml...
(Processing definitions /usr/share/texlive/texmf-dist/tex/latex/base/t1enc.def...
(Loading /usr/local/share/perl/5.18.2/LaTeXML/Package/t1.fontmap.ltxml... 0.00 sec) 0.09 sec) 0.14 sec) 0.15 sec) 0.68 sec) 0.89 sec)
(Building...
(Loading compiled schema /usr/local/share/perl/5.18.2/LaTeXML/resources/RelaxNG/LaTeXML.model... 0.02 sec)............ 0.23 sec)
(Rewriting... 0.01 sec)
(Math Parsing...9 formulae ...[1][2][3][4][5][6][7][8][9]
Math parsing succeeded:
   ltx:XMath: 9/9
   ltx:XMArg: 55/55
Symbols assumed as simple identifiers (with # of occurences):
   'S{italic}' (2), 'X{italic}' (1), 'b{italic}' (9), 'c{bold}' (2), 'c{italic}' (10), 'd{italic}' (2), 'm{italic}' (2), 't{italic}' (1)
Possibly used as functions?
  'S{italic}' (2/2 usages)
 0.33 sec)
(Finalizing... 0.05 sec)
Conversion complete: No obvious problems.
processing finished Mon Mar 30 10:46:44 2015
Updating .workingwiki/maclev-1-2-p.sage.out.latexml.xml
rm -f maclev-1-2-p.sage.out.latexml.html5
bibxmls=`perl -ne '($_)=/^[^%]*\\\bibliography\{([^\\\\#]*?)\}/;@_=split /,/;foreach $b (@_) { $b =~ s/\.bib$//; print "$b.bib.xml "}' maclev-1-2-p.sage.out.latexml.xml`; bibxargs=`perl -ne '($_)=/^[^%]*\\\bibliography\{([^\\\\#]*?)\}/;@_=split /,/;foreach $b (@_) { $b =~ s/\.bib$//; print "--bibliography=$b.bib.xml "}' maclev-1-2-p.sage.out.latexml.xml` && \
	(test -z "$bibxmls" || /usr/bin/make -f /usr/local/src/workingwiki-trunk/ProjectEngine/resources/makefile $bibxmls) && \
	lxpost="latexmlpost --noplane1 --novalidate --destination=maclev-1-2-p.sage.out.intermediate.latexml.html5 --format=html5 $bibxargs maclev-1-2-p.sage.out.latexml.xml" && echo $lxpost && $lxpost
latexmlpost --noplane1 --novalidate --destination=maclev-1-2-p.sage.out.intermediate.latexml.html5 --format=html5 maclev-1-2-p.sage.out.latexml.xml
latexmlpost (LaTeXML version v0.8.0; revision 70f0ce4)
processing started Mon Mar 30 10:46:45 2015
(maclev-1-2-p.sage.out.intermediate.latexml.html5 post-processing...
(Scan maclev-1-2-p.sage.out.intermediate.latexml.html5 processing...
(CrossRef maclev-1-2-p.sage.out.intermediate.latexml.html5 processing...
(MathML::Presentation maclev-1-2-p.sage.out.intermediate.latexml.html5 9 to process...
(XSLT maclev-1-2-p.sage.out.intermediate.latexml.html5 processing...
(Writer maclev-1-2-p.sage.out.intermediate.latexml.html5 processing... 0.08 sec)
Postprocessing complete: No obvious problems
processing finished Mon Mar 30 10:46:45 2015
/usr/local/src/workingwiki-trunk/ProjectEngine/resources/wiki-inclusion.latexml.pl maclev-1-2-p.sage.out.intermediate.latexml.html5 >maclev-1-2-p.sage.out.latexml.html5
ln -f maclev-1-2-p.sage.out.latexml.html5 maclev-1-2-p.sage.out.latexml.html
ln -f maclev-1-2-p.sage.out.latexml.html maclev-1-2-p.sage.out.html
rm maclev-1-2-p.sage.out.latexml.html maclev-1-2-p.sage.out.latexml.html5 maclev-1-2-p.sage.out.latexml.xml
make: Leaving directory `/usr/local/src/jekyll-research/wmd_files/Selection_Gradients'
Make succeeded.
Mon Mar 30 10:46:45 2015
