set_population_indices: [0, 1]
set_population_indices: [0, 1]
set_population_indices: [0, 1]
set_population_indices: [0, 1]
merge bindings: {m_3 -> 1, b_3 -> 1, b_0 -> 1, b_2 -> 1, m_2 -> 1, b_1 -> 1, m_1 -> 1, m_0 -> 1} , [c_0_0, c_1_1, c_3_0, c_2_1, c_1_0, c_0_1, c_2_0, c_3_1] ,  {}
merge bindings: {c_0_0 -> e^(-3*u_0^2), c_2_1 -> e^(-3*(u_2 - 1)^2), b_0 -> 1, b_3 -> 1, c_1_0 -> e^(-3*u_1^2), m_2 -> 1, c_3_1 -> e^(-3*(u_3 - 1)^2), m_0 -> 1, c_1_1 -> e^(-3*(u_1 - 1)^2), c_3_0 -> e^(-3*u_3^2), m_3 -> 1, c_0_1 -> e^(-3*(u_0 - 1)^2), b_2 -> 1, b_1 -> 1, c_2_0 -> e^(-3*u_2^2), m_1 -> 1} , [gamma] ,  {}
merge bindings: {m_3 -> K_0*c_3_0 + K_1*c_3_1 - 1, b_3 -> 1, b_0 -> 1, b_2 -> 1, m_2 -> K_0*c_2_0 + K_1*c_2_1 - 1, b_1 -> 1, m_1 -> K_0*c_1_0 + K_1*c_1_1 - 1, m_0 -> K_0*c_0_0 + K_1*c_0_1 - 1} , [gamma] ,  {}
start
merge bindings: {gamma -> 1, b_0 -> 1, b_3 -> 1, m_3 -> K_0*c_3_0 + K_1*c_3_1 - 1, b_2 -> 1, m_2 -> K_0*c_2_0 + K_1*c_2_1 - 1, b_1 -> 1, m_1 -> K_0*c_1_0 + K_1*c_1_1 - 1, m_0 -> K_0*c_0_0 + K_1*c_0_1 - 1} , [r_0, r_1, w_1, K_0, w_0, K_1] ,  {}
merge bindings: {R_0 -> -(X_0*c_0_0 + X_1*c_1_0 - K_0*r_0)/r_0, Rhat_1 -> -(Xhat_0*c_0_1 + Xhat_1*c_1_1 - K_1*r_1)/r_1, Rhat_0 -> -(Xhat_0*c_0_0 + Xhat_1*c_1_0 - K_0*r_0)/r_0, R_1 -> -(X_0*c_0_1 + X_1*c_1_1 - K_1*r_1)/r_1} , [gamma, m_3, b_3, K_1, b_0, w_1, r_0, b_2, r_1, m_2, b_1, K_0, w_0, m_1, m_0] ,  {}
plot state space
merge bindings: {gamma -> 1, b_0 -> 1, b_3 -> 1, m_3 -> K_0*c_3_0 + K_1*c_3_1 - 1, b_2 -> 1, m_2 -> K_0*c_2_0 + K_1*c_2_1 - 1, b_1 -> 1, m_1 -> K_0*c_1_0 + K_1*c_1_1 - 1, m_0 -> K_0*c_0_0 + K_1*c_0_1 - 1} , [r_0, r_1, w_1, K_0, w_0, K_1] ,  {}
merge bindings: {gamma -> 1, m_3 -> 2*c_3_0 + 2*c_3_1 - 1, b_3 -> 1, K_1 -> 2, b_0 -> 1, w_1 -> 1, r_0 -> 1, b_2 -> 1, r_1 -> 1, m_2 -> 2*c_2_0 + 2*c_2_1 - 1, b_1 -> 1, K_0 -> 2, w_0 -> 1, m_1 -> 2*c_1_0 + 2*c_1_1 - 1, m_0 -> 2*c_0_0 + 2*c_0_1 - 1} , [c_0_1, c_0_0, c_1_1, c_1_0] ,  {}
merge bindings: {R_0 -> -(X_0*c_0_0 + X_1*c_1_0 - K_0*r_0)/r_0, Rhat_1 -> -(Xhat_0*c_0_1 + Xhat_1*c_1_1 - K_1*r_1)/r_1, Rhat_0 -> -(Xhat_0*c_0_0 + Xhat_1*c_1_0 - K_0*r_0)/r_0, R_1 -> -(X_0*c_0_1 + X_1*c_1_1 - K_1*r_1)/r_1} , [c_0_0, w_1, b_0, b_3, K_1, c_1_0, r_0, m_2, w_0, m_0, c_1_1, gamma, K_0, m_3, c_0_1, b_2, r_1, b_1, m_1] ,  {}
desolve: [-1/25*(13*X_0 + 12*X_1 - 25)*X_0, -1/25*(12*X_0 + 13*X_1 - 25)*X_1], [X_0, X_1], [0, 0.0200000000000000, 0.0500000000000000], ivar=t, end_points=30, step=0.1
initial flow: [0.0193120000000000, 0.0482200000000000]
{t -> 0.000000000000000, X_1 -> 0.0500000000000000, X_0 -> 0.0200000000000000} : (0.0200000000000000, 0.0500000000000000)
{t -> 0.100000000000000, X_1 -> 0.0550524181030277, X_0 -> 0.0220237412571051} : (0.0220237412571051, 0.0550524181030277)
{t -> 0.200000000000000, X_1 -> 0.0605925269171425, X_0 -> 0.0242434251482258} : (0.0242434251482258, 0.0605925269171425)
{t -> 0.300000000000000, X_1 -> 0.0666626005958949, X_0 -> 0.0266761666222507} : (0.0266761666222507, 0.0666626005958949)
{t -> 0.400000000000000, X_1 -> 0.0733075764816682, X_0 -> 0.0293401885770675} : (0.0293401885770675, 0.0733075764816682)
{t -> 0.500000000000000, X_1 -> 0.0805750082536663, X_0 -> 0.0322548109746034} : (0.0322548109746034, 0.0805750082536663)
{t -> 0.600000000000000, X_1 -> 0.0885149623785472, X_0 -> 0.0354404184679773} : (0.0354404184679773, 0.0885149623785472)
{t -> 0.700000000000000, X_1 -> 0.0971798463074844, X_0 -> 0.0389184020225931} : (0.0389184020225931, 0.0971798463074844)
{t -> 0.800000000000000, X_1 -> 0.106624155904940, X_0 -> 0.0427110696130577} : (0.0427110696130577, 0.106624155904940)
{t -> 0.900000000000000, X_1 -> 0.116904128897888, X_0 -> 0.0468415207715319} : (0.0468415207715319, 0.116904128897888)
{t -> 1.00000000000000, X_1 -> 0.128077290837942, X_0 -> 0.0513334796030161} : (0.0513334796030161, 0.128077290837942)
{t -> 1.10000000000000, X_1 -> 0.140201880338219, X_0 -> 0.0562110809322729} : (0.0562110809322729, 0.140201880338219)
{t -> 1.20000000000000, X_1 -> 0.153336141371240, X_0 -> 0.0614986045785191} : (0.0614986045785191, 0.153336141371240)
{t -> 1.30000000000000, X_1 -> 0.167537472400192, X_0 -> 0.0672201534477383} : (0.0672201534477383, 0.167537472400192)
{t -> 1.40000000000000, X_1 -> 0.182861425274084, X_0 -> 0.0733992722712395} : (0.0733992722712395, 0.182861425274084)
{t -> 1.50000000000000, X_1 -> 0.199360551343410, X_0 -> 0.0800585054811367} : (0.0800585054811367, 0.199360551343410)
{t -> 1.60000000000000, X_1 -> 0.217083098300730, X_0 -> 0.0872188949625703} : (0.0872188949625703, 0.217083098300730)
{t -> 1.70000000000000, X_1 -> 0.236071568897993, X_0 -> 0.0948994212952451} : (0.0948994212952451, 0.236071568897993)
{t -> 1.80000000000000, X_1 -> 0.256361161901318, X_0 -> 0.103116395587155} : (0.103116395587155, 0.256361161901318)
{t -> 1.90000000000000, X_1 -> 0.277978126216945, X_0 -> 0.111882813045994} : (0.111882813045994, 0.277978126216945)
{t -> 2.00000000000000, X_1 -> 0.300938070662381, X_0 -> 0.121207683888397} : (0.121207683888397, 0.300938070662381)
{t -> 2.10000000000000, X_1 -> 0.325244283737592, X_0 -> 0.131095361826050} : (0.131095361826050, 0.325244283737592)
{t -> 2.20000000000000, X_1 -> 0.350886129105551, X_0 -> 0.141544894870215} : (0.141544894870215, 0.350886129105551)
{t -> 2.30000000000000, X_1 -> 0.377837592232617, X_0 -> 0.152549427154936} : (0.152549427154936, 0.377837592232617)
{t -> 2.40000000000000, X_1 -> 0.406056060519539, X_0 -> 0.164095683420345} : (0.164095683420345, 0.406056060519539)
{t -> 2.50000000000000, X_1 -> 0.435481421970980, X_0 -> 0.176163569219166} : (0.176163569219166, 0.435481421970980)
{t -> 2.60000000000000, X_1 -> 0.466035564796834, X_0 -> 0.188725919336376} : (0.188725919336376, 0.466035564796834)
{t -> 2.70000000000000, X_1 -> 0.497622351380949, X_0 -> 0.201748423963937} : (0.201748423963937, 0.497622351380949)
{t -> 2.80000000000000, X_1 -> 0.530128124332016, X_0 -> 0.215189756638921} : (0.215189756638921, 0.530128124332016)
{t -> 2.90000000000000, X_1 -> 0.563422780033379, X_0 -> 0.229001919861175} : (0.229001919861175, 0.563422780033379)
{t -> 3.00000000000000, X_1 -> 0.597361417181706, X_0 -> 0.243130813968927} : (0.243130813968927, 0.597361417181706)
{t -> 3.10000000000000, X_1 -> 0.631786535983483, X_0 -> 0.257517022880724} : (0.257517022880724, 0.631786535983483)
{t -> 3.20000000000000, X_1 -> 0.666530730386342, X_0 -> 0.272096797593446} : (0.272096797593446, 0.666530730386342)
{t -> 3.30000000000000, X_1 -> 0.701419783849577, X_0 -> 0.286803205934994} : (0.286803205934994, 0.701419783849577)
{t -> 3.40000000000000, X_1 -> 0.736276051732277, X_0 -> 0.301567406156034} : (0.301567406156034, 0.736276051732277)
{t -> 3.50000000000000, X_1 -> 0.770921993172957, X_0 -> 0.316319993585131} : (0.316319993585131, 0.770921993172957)
{t -> 3.60000000000000, X_1 -> 0.805183704485595, X_0 -> 0.330992364623610} : (0.330992364623610, 0.805183704485595)
{t -> 3.70000000000000, X_1 -> 0.838894305783856, X_0 -> 0.345518041335300} : (0.345518041335300, 0.838894305783856)
{t -> 3.80000000000000, X_1 -> 0.871897042815217, X_0 -> 0.359833902888429} : (0.359833902888429, 0.871897042815217)
{t -> 3.90000000000000, X_1 -> 0.904047985745339, X_0 -> 0.373881276796711} : (0.373881276796711, 0.904047985745339)
{t -> 4.00000000000000, X_1 -> 0.935218233808468, X_0 -> 0.387606852568890} : (0.387606852568890, 0.935218233808468)
{t -> 4.10000000000000, X_1 -> 0.965295566585861, X_0 -> 0.400963392021310} : (0.400963392021310, 0.965295566585861)
{t -> 4.20000000000000, X_1 -> 0.994185516156163, X_0 -> 0.413910223013509} : (0.413910223013509, 0.994185516156163)
{t -> 4.30000000000000, X_1 -> 1.02181186654932, X_0 -> 0.426413515622838} : (0.426413515622838, 1.02181186654932)
{t -> 4.40000000000000, X_1 -> 1.04811661534374, X_0 -> 0.438446350815293} : (0.438446350815293, 1.04811661534374)
{t -> 4.50000000000000, X_1 -> 1.07305945506900, X_0 -> 0.449988600769024} : (0.449988600769024, 1.07305945506900)
{t -> 4.60000000000000, X_1 -> 1.09661684829654, X_0 -> 0.461026646724250} : (0.461026646724250, 1.09661684829654)
{t -> 4.70000000000000, X_1 -> 1.11878077967684, X_0 -> 0.471552964418166} : (0.471552964418166, 1.11878077967684)
{t -> 4.80000000000000, X_1 -> 1.13955727113729, X_0 -> 0.481565608920692} : (0.481565608920692, 1.13955727113729)
{t -> 4.90000000000000, X_1 -> 1.15896474390562, X_0 -> 0.491067630316229} : (0.491067630316229, 1.15896474390562)
{t -> 5.00000000000000, X_1 -> 1.17703230418106, X_0 -> 0.500066449601713} : (0.500066449601713, 1.17703230418106)
{t -> 5.10000000000000, X_1 -> 1.19379801945914, X_0 -> 0.508573220870378} : (0.508573220870378, 1.19379801945914)
{t -> 5.20000000000000, X_1 -> 1.20930724099989, X_0 -> 0.516602201796826} : (0.516602201796826, 1.20930724099989)
{t -> 5.30000000000000, X_1 -> 1.22361101583067, X_0 -> 0.524170150056940} : (0.524170150056940, 1.22361101583067)
{t -> 5.40000000000000, X_1 -> 1.23676461988986, X_0 -> 0.531295758954584} : (0.531295758954584, 1.23676461988986)
{t -> 5.50000000000000, X_1 -> 1.24882623309775, X_0 -> 0.537999141447606} : (0.537999141447606, 1.24882623309775)
{t -> 5.60000000000000, X_1 -> 1.25985576770293, X_0 -> 0.544301368143370} : (0.544301368143370, 1.25985576770293)
{t -> 5.70000000000000, X_1 -> 1.26991385340683, X_0 -> 0.550224061766354} : (0.550224061766354, 1.26991385340683)
{t -> 5.80000000000000, X_1 -> 1.27906097656021, X_0 -> 0.555789048121062} : (0.555789048121062, 1.27906097656021)
{t -> 5.90000000000000, X_1 -> 1.28735676607927, X_0 -> 0.561018061668479} : (0.561018061668479, 1.28735676607927)
{t -> 6.00000000000000, X_1 -> 1.29485941548849, X_0 -> 0.565932502456461} : (0.565932502456461, 1.29485941548849)
{t -> 6.10000000000000, X_1 -> 1.30162522846408, X_0 -> 0.570553240227132} : (0.570553240227132, 1.30162522846408)
{t -> 6.20000000000000, X_1 -> 1.30770827420872, X_0 -> 0.574900460992146} : (0.574900460992146, 1.30770827420872)
{t -> 6.30000000000000, X_1 -> 1.31316013872375, X_0 -> 0.578993551142981} : (0.578993551142981, 1.31316013872375)
{t -> 6.40000000000000, X_1 -> 1.31802975836238, X_0 -> 0.582851014176594} : (0.582851014176594, 1.31802975836238)
{t -> 6.50000000000000, X_1 -> 1.32236332277748, X_0 -> 0.586490415302564} : (0.586490415302564, 1.32236332277748)
{t -> 6.60000000000000, X_1 -> 1.32620423537623, X_0 -> 0.589928349501927} : (0.589928349501927, 1.32620423537623)
{t -> 6.70000000000000, X_1 -> 1.32959312054645, X_0 -> 0.593180428985453} : (0.593180428985453, 1.32959312054645)
{t -> 6.80000000000000, X_1 -> 1.33256786813775, X_0 -> 0.596261286414982} : (0.596261286414982, 1.33256786813775)
{t -> 6.90000000000000, X_1 -> 1.33516370689729, X_0 -> 0.599184590678788} : (0.599184590678788, 1.33516370689729)
{t -> 7.00000000000000, X_1 -> 1.33741329973012, X_0 -> 0.601963072431447} : (0.601963072431447, 1.33741329973012)
{t -> 7.10000000000000, X_1 -> 1.33934685474567, X_0 -> 0.604608557006873} : (0.604608557006873, 1.33934685474567)
{t -> 7.20000000000000, X_1 -> 1.34099224704778, X_0 -> 0.607132002681637} : (0.607132002681637, 1.34099224704778)
{t -> 7.30000000000000, X_1 -> 1.34237514711642, X_0 -> 0.609543542599532} : (0.609543542599532, 1.34237514711642)
{t -> 7.40000000000000, X_1 -> 1.34351915241302, X_0 -> 0.611852528965781} : (0.611852528965781, 1.34351915241302)
{t -> 7.50000000000000, X_1 -> 1.34444591952178, X_0 -> 0.614067578380246} : (0.614067578380246, 1.34444591952178)
{t -> 7.60000000000000, X_1 -> 1.34517529472150, X_0 -> 0.616196617405058} : (0.616196617405058, 1.34517529472150)
{t -> 7.70000000000000, X_1 -> 1.34572544137562, X_0 -> 0.618246927655538} : (0.618246927655538, 1.34572544137562)
{t -> 7.80000000000000, X_1 -> 1.34611296294015, X_0 -> 0.620225189867019} : (0.620225189867019, 1.34611296294015)
{t -> 7.90000000000000, X_1 -> 1.34635302073053, X_0 -> 0.622137526527298} : (0.622137526527298, 1.34635302073053)
{t -> 8.00000000000000, X_1 -> 1.34645944586684, X_0 -> 0.623989542778043} : (0.623989542778043, 1.34645944586684)
{t -> 8.10000000000000, X_1 -> 1.34644484504234, X_0 -> 0.625786365381617} : (0.625786365381617, 1.34644484504234)
{t -> 8.20000000000000, X_1 -> 1.34632069993954, X_0 -> 0.627532679625305} : (0.627532679625305, 1.34632069993954)
{t -> 8.30000000000000, X_1 -> 1.34609746025923, X_0 -> 0.629232764095340} : (0.629232764095340, 1.34609746025923)
{t -> 8.40000000000000, X_1 -> 1.34578463043634, X_0 -> 0.630890523300903} : (0.630890523300903, 1.34578463043634)
{t -> 8.50000000000000, X_1 -> 1.34539085019900, X_0 -> 0.632509518165357} : (0.632509518165357, 1.34539085019900)
{t -> 8.60000000000000, X_1 -> 1.34492396918692, X_0 -> 0.634092994430241} : (0.634092994430241, 1.34492396918692)
{t -> 8.70000000000000, X_1 -> 1.34439111588789, X_0 -> 0.635643909038520} : (0.635643909038520, 1.34439111588789)
{t -> 8.80000000000000, X_1 -> 1.34379876117947, X_0 -> 0.637164954578675} : (0.637164954578675, 1.34379876117947)
{t -> 8.90000000000000, X_1 -> 1.34315277677902, X_0 -> 0.638658581881408} : (0.638658581881408, 1.34315277677902)
{t -> 9.00000000000000, X_1 -> 1.34245848891394, X_0 -> 0.640127020867187} : (0.640127020867187, 1.34245848891394)
{t -> 9.10000000000000, X_1 -> 1.34172072752385, X_0 -> 0.641572299746186} : (0.641572299746186, 1.34172072752385)
{t -> 9.20000000000000, X_1 -> 1.34094387130274, X_0 -> 0.642996262673173} : (0.642996262673173, 1.34094387130274)
{t -> 9.30000000000000, X_1 -> 1.34013188888045, X_0 -> 0.644400585959022} : (0.644400585959022, 1.34013188888045)
{t -> 9.40000000000000, X_1 -> 1.33928837643153, X_0 -> 0.645786792938348} : (0.645786792938348, 1.33928837643153)
{t -> 9.50000000000000, X_1 -> 1.33841659198675, X_0 -> 0.647156267589447} : (0.647156267589447, 1.33841659198675)
{t -> 9.60000000000000, X_1 -> 1.33751948670772, X_0 -> 0.648510266998844} : (0.648510266998844, 1.33751948670772)
{t -> 9.70000000000000, X_1 -> 1.33659973337031, X_0 -> 0.649849932758226} : (0.649849932758226, 1.33659973337031)
{t -> 9.80000000000000, X_1 -> 1.33565975228690, X_0 -> 0.651176301376861} : (0.651176301376861, 1.33565975228690)
{t -> 9.90000000000000, X_1 -> 1.33470173488230, X_0 -> 0.652490313787668} : (0.652490313787668, 1.33470173488230)
{t -> 10.0000000000000, X_1 -> 1.33372766512307, X_0 -> 0.653792824020198} : (0.653792824020198, 1.33372766512307)
{t -> 10.1000000000000, X_1 -> 1.33273933898526, X_0 -> 0.655084607108913} : (0.655084607108913, 1.33273933898526)
{t -> 10.2000000000000, X_1 -> 1.33173838213179, X_0 -> 0.656366366300375} : (0.656366366300375, 1.33173838213179)
{t -> 10.3000000000000, X_1 -> 1.33072626595710, X_0 -> 0.657638739618387} : (0.657638739618387, 1.33072626595710)
{t -> 10.4000000000000, X_1 -> 1.32970432214434, X_0 -> 0.658902305841690} : (0.658902305841690, 1.32970432214434)
{t -> 10.5000000000000, X_1 -> 1.32867375586825, X_0 -> 0.660157589944696} : (0.660157589944696, 1.32867375586825)
{t -> 10.6000000000000, X_1 -> 1.32763565776612, X_0 -> 0.661405068047728} : (0.661405068047728, 1.32763565776612)
{t -> 10.7000000000000, X_1 -> 1.32659101478858, X_0 -> 0.662645171919563} : (0.662645171919563, 1.32659101478858)
{t -> 10.8000000000000, X_1 -> 1.32554072003256, X_0 -> 0.663878293071583} : (0.663878293071583, 1.32554072003256)
{t -> 10.9000000000000, X_1 -> 1.32448558164986, X_0 -> 0.665104786479615} : (0.665104786479615, 1.32448558164986)
{t -> 11.0000000000000, X_1 -> 1.32342633091653, X_0 -> 0.666324973966494} : (0.666324973966494, 1.32342633091653)
{t -> 11.1000000000000, X_1 -> 1.32236362954074, X_0 -> 0.667539147275630} : (0.667539147275630, 1.32236362954074)
{t -> 11.2000000000000, X_1 -> 1.32129807627992, X_0 -> 0.668747570863247} : (0.668747570863247, 1.32129807627992)
{t -> 11.3000000000000, X_1 -> 1.32023021293153, X_0 -> 0.669950484434601} : (0.669950484434601, 1.32023021293153)
{t -> 11.4000000000000, X_1 -> 1.31916052975595, X_0 -> 0.671148105247263} : (0.671148105247263, 1.31916052975595)
{t -> 11.5000000000000, X_1 -> 1.31808947038483, X_0 -> 0.672340630202558} : (0.672340630202558, 1.31808947038483)
{t -> 11.6000000000000, X_1 -> 1.31701743626311, X_0 -> 0.673528237744381} : (0.673528237744381, 1.31701743626311)
{t -> 11.7000000000000, X_1 -> 1.31594479066870, X_0 -> 0.674711089582909} : (0.674711089582909, 1.31594479066870)
{t -> 11.8000000000000, X_1 -> 1.31487186234962, X_0 -> 0.675889332259195} : (0.675889332259195, 1.31487186234962)
{t -> 11.9000000000000, X_1 -> 1.31379894881466, X_0 -> 0.677063098565150} : (0.677063098565150, 1.31379894881466)
{t -> 12.0000000000000, X_1 -> 1.31272631931055, X_0 -> 0.678232508832188} : (0.678232508832188, 1.31272631931055)
{t -> 12.1000000000000, X_1 -> 1.31165421751510, X_0 -> 0.679397672100541} : (0.679397672100541, 1.31165421751510)
{t -> 12.2000000000000, X_1 -> 1.31058286397341, X_0 -> 0.680558687180235} : (0.680558687180235, 1.31058286397341)
{t -> 12.3000000000000, X_1 -> 1.30951245830154, X_0 -> 0.681715643613661} : (0.681715643613661, 1.30951245830154)
{t -> 12.4000000000000, X_1 -> 1.30844318117967, X_0 -> 0.682868622548818} : (0.682868622548818, 1.30844318117967)
{t -> 12.5000000000000, X_1 -> 1.30737519615483, X_0 -> 0.684017697531465} : (0.684017697531465, 1.30737519615483)
{t -> 12.6000000000000, X_1 -> 1.30630865127143, X_0 -> 0.685162935223644} : (0.685162935223644, 1.30630865127143)
{t -> 12.7000000000000, X_1 -> 1.30524368054576, X_0 -> 0.686304396055404} : (0.686304396055404, 1.30524368054576)
{t -> 12.8000000000000, X_1 -> 1.30418040529964, X_0 -> 0.687442134815872} : (0.687442134815872, 1.30418040529964)
{t -> 12.9000000000000, X_1 -> 1.30311893536640, X_0 -> 0.688576201189300} : (0.688576201189300, 1.30311893536640)
{t -> 13.0000000000000, X_1 -> 1.30205937018157, X_0 -> 0.689706640241184} : (0.689706640241184, 1.30205937018157)
{t -> 13.1000000000000, X_1 -> 1.30100179976918, X_0 -> 0.690833492859063} : (0.690833492859063, 1.30100179976918)
{t -> 13.2000000000000, X_1 -> 1.29994630563367, X_0 -> 0.691956796152220} : (0.691956796152220, 1.29994630563367)
{t -> 13.3000000000000, X_1 -> 1.29889296156650, X_0 -> 0.693076583814079} : (0.693076583814079, 1.29889296156650)
{t -> 13.4000000000000, X_1 -> 1.29784183437553, X_0 -> 0.694192886450776} : (0.694192886450776, 1.29784183437553)
{t -> 13.5000000000000, X_1 -> 1.29679298454458, X_0 -> 0.695305731879030} : (0.695305731879030, 1.29679298454458)
{t -> 13.6000000000000, X_1 -> 1.29574646682993, X_0 -> 0.696415145396176} : (0.696415145396176, 1.29574646682993)
{t -> 13.7000000000000, X_1 -> 1.29470233079968, X_0 -> 0.697521150024940} : (0.697521150024940, 1.29470233079968)
{t -> 13.8000000000000, X_1 -> 1.29366062132151, X_0 -> 0.698623766735313} : (0.698623766735313, 1.29366062132151)
{t -> 13.9000000000000, X_1 -> 1.29262137900378, X_0 -> 0.699723014645636} : (0.699723014645636, 1.29262137900378)
{t -> 14.0000000000000, X_1 -> 1.29158464059442, X_0 -> 0.700818911204858} : (0.700818911204858, 1.29158464059442)
{t -> 14.1000000000000, X_1 -> 1.29055043934168, X_0 -> 0.701911472357685} : (0.701911472357685, 1.29055043934168)
{t -> 14.2000000000000, X_1 -> 1.28951880532035, X_0 -> 0.703000712694244} : (0.703000712694244, 1.28951880532035)
{t -> 14.3000000000000, X_1 -> 1.28848976572678, X_0 -> 0.704086645585679} : (0.704086645585679, 1.28848976572678)
{t -> 14.4000000000000, X_1 -> 1.28746334514573, X_0 -> 0.705169283307009} : (0.705169283307009, 1.28746334514573)
{t -> 14.5000000000000, X_1 -> 1.28643956579173, X_0 -> 0.706248637148421} : (0.706248637148421, 1.28643956579173)
{t -> 14.6000000000000, X_1 -> 1.28541844772728, X_0 -> 0.707324717516081} : (0.707324717516081, 1.28541844772728)
{t -> 14.7000000000000, X_1 -> 1.28440000906035, X_0 -> 0.708397534023435} : (0.708397534023435, 1.28440000906035)
{t -> 14.8000000000000, X_1 -> 1.28338426612292, X_0 -> 0.709467095573902} : (0.709467095573902, 1.28338426612292)
{t -> 14.9000000000000, X_1 -> 1.28237123363251, X_0 -> 0.710533410435741} : (0.710533410435741, 1.28237123363251)
{t -> 15.0000000000000, X_1 -> 1.28136092483836, X_0 -> 0.711596486309832} : (0.711596486309832, 1.28136092483836)
{t -> 15.1000000000000, X_1 -> 1.28035335165356, X_0 -> 0.712656330391038} : (0.712656330391038, 1.28035335165356)
{t -> 15.2000000000000, X_1 -> 1.27934852477474, X_0 -> 0.713712949423733} : (0.713712949423733, 1.27934852477474)
{t -> 15.3000000000000, X_1 -> 1.27834645379023, X_0 -> 0.714766349752056} : (0.714766349752056, 1.27834645379023)
{t -> 15.4000000000000, X_1 -> 1.27734714727800, X_0 -> 0.715816537365367} : (0.715816537365367, 1.27734714727800)
{t -> 15.5000000000000, X_1 -> 1.27635061289430, X_0 -> 0.716863517939370} : (0.716863517939370, 1.27635061289430)
{t -> 15.6000000000000, X_1 -> 1.27535685745388, X_0 -> 0.717907296873292} : (0.717907296873292, 1.27535685745388)
{t -> 15.7000000000000, X_1 -> 1.27436588700254, X_0 -> 0.718947879323498} : (0.718947879323498, 1.27436588700254)
{t -> 15.8000000000000, X_1 -> 1.27337770688288, X_0 -> 0.719985270233873} : (0.719985270233873, 1.27337770688288)
{t -> 15.9000000000000, X_1 -> 1.27239232179382, X_0 -> 0.721019474363264} : (0.721019474363264, 1.27239232179382)
{t -> 16.0000000000000, X_1 -> 1.27140973584445, X_0 -> 0.722050496310269} : (0.722050496310269, 1.27140973584445)
{t -> 16.1000000000000, X_1 -> 1.27042995260284, X_0 -> 0.723078340535620} : (0.723078340535620, 1.27042995260284)
{t -> 16.2000000000000, X_1 -> 1.26945297514023, X_0 -> 0.724103011382369} : (0.724103011382369, 1.26945297514023)
{t -> 16.3000000000000, X_1 -> 1.26847880607112, X_0 -> 0.725124513094109} : (0.725124513094109, 1.26847880607112)
{t -> 16.4000000000000, X_1 -> 1.26750744758948, X_0 -> 0.726142849831391} : (0.726142849831391, 1.26750744758948)
{t -> 16.5000000000000, X_1 -> 1.26653890150173, X_0 -> 0.727158025686519} : (0.727158025686519, 1.26653890150173)
{t -> 16.6000000000000, X_1 -> 1.26557316925648, X_0 -> 0.728170044696870} : (0.728170044696870, 1.26557316925648)
{t -> 16.7000000000000, X_1 -> 1.26461025197164, X_0 -> 0.729178910856874} : (0.729178910856874, 1.26461025197164)
{t -> 16.8000000000000, X_1 -> 1.26365015045890, X_0 -> 0.730184628128794} : (0.730184628128794, 1.26365015045890)
{t -> 16.9000000000000, X_1 -> 1.26269286524602, X_0 -> 0.731187200452399} : (0.731187200452399, 1.26269286524602)
{t -> 17.0000000000000, X_1 -> 1.26173839659703, X_0 -> 0.732186631753649} : (0.732186631753649, 1.26173839659703)
{t -> 17.1000000000000, X_1 -> 1.26078674453061, X_0 -> 0.733182925952477} : (0.733182925952477, 1.26078674453061)
{t -> 17.2000000000000, X_1 -> 1.25983790883669, X_0 -> 0.734176086969757} : (0.734176086969757, 1.25983790883669)
{t -> 17.3000000000000, X_1 -> 1.25889188909168, X_0 -> 0.735166118733532} : (0.735166118733532, 1.25889188909168)
{t -> 17.4000000000000, X_1 -> 1.25794868467224, X_0 -> 0.736153025184572} : (0.736153025184572, 1.25794868467224)
{t -> 17.5000000000000, X_1 -> 1.25700829476776, X_0 -> 0.737136810281330} : (0.737136810281330, 1.25700829476776)
{t -> 17.6000000000000, X_1 -> 1.25607071839185, X_0 -> 0.738117478004344} : (0.738117478004344, 1.25607071839185)
{t -> 17.7000000000000, X_1 -> 1.25513595439271, X_0 -> 0.739095032360144} : (0.739095032360144, 1.25513595439271)
{t -> 17.8000000000000, X_1 -> 1.25420400146263, X_0 -> 0.740069477384710} : (0.740069477384710, 1.25420400146263)
{t -> 17.9000000000000, X_1 -> 1.25327485814659, X_0 -> 0.741040817146520} : (0.741040817146520, 1.25327485814659)
{t -> 18.0000000000000, X_1 -> 1.25234852285024, X_0 -> 0.742009055749233} : (0.742009055749233, 1.25234852285024)
{t -> 18.1000000000000, X_1 -> 1.25142499384706, X_0 -> 0.742974197334035} : (0.742974197334035, 1.25142499384706)
{t -> 18.2000000000000, X_1 -> 1.25050426928499, X_0 -> 0.743936246081685} : (0.743936246081685, 1.25050426928499)
{t -> 18.3000000000000, X_1 -> 1.24958634719247, X_0 -> 0.744895206214285} : (0.744895206214285, 1.24958634719247)
{t -> 18.4000000000000, X_1 -> 1.24867122548402, X_0 -> 0.745851081996811} : (0.745851081996811, 1.24867122548402)
{t -> 18.5000000000000, X_1 -> 1.24775890196525, X_0 -> 0.746803877738409} : (0.746803877738409, 1.24775890196525)
{t -> 18.6000000000000, X_1 -> 1.24684937433764, X_0 -> 0.747753597793496} : (0.747753597793496, 1.24684937433764)
{t -> 18.7000000000000, X_1 -> 1.24594264020275, X_0 -> 0.748700246562684} : (0.748700246562684, 1.24594264020275)
{t -> 18.8000000000000, X_1 -> 1.24503869706625, X_0 -> 0.749643828493525} : (0.749643828493525, 1.24503869706625)
{t -> 18.9000000000000, X_1 -> 1.24413754234155, X_0 -> 0.750584348081120} : (0.750584348081120, 1.24413754234155)
{t -> 19.0000000000000, X_1 -> 1.24323917335321, X_0 -> 0.751521809868589} : (0.751521809868589, 1.24323917335321)
{t -> 19.1000000000000, X_1 -> 1.24234358734000, X_0 -> 0.752456218447420} : (0.752456218447420, 1.24234358734000)
{t -> 19.2000000000000, X_1 -> 1.24145078145792, X_0 -> 0.753387578457708} : (0.753387578457708, 1.24145078145792)
{t -> 19.3000000000000, X_1 -> 1.24056075278279, X_0 -> 0.754315894588298} : (0.754315894588298, 1.24056075278279)
{t -> 19.4000000000000, X_1 -> 1.23967349831281, X_0 -> 0.755241171576837} : (0.755241171576837, 1.23967349831281)
{t -> 19.5000000000000, X_1 -> 1.23878901497091, X_0 -> 0.756163414209747} : (0.756163414209747, 1.23878901497091)
{t -> 19.6000000000000, X_1 -> 1.23790729960692, X_0 -> 0.757082627322128} : (0.757082627322128, 1.23790729960692)
{t -> 19.7000000000000, X_1 -> 1.23702834899962, X_0 -> 0.757998815797597} : (0.757998815797597, 1.23702834899962)
{t -> 19.8000000000000, X_1 -> 1.23615215985867, X_0 -> 0.758911984568064} : (0.758911984568064, 1.23615215985867)
{t -> 19.9000000000000, X_1 -> 1.23527872882642, X_0 -> 0.759822138613460} : (0.759822138613460, 1.23527872882642)
{t -> 20.0000000000000, X_1 -> 1.23440805247959, X_0 -> 0.760729282961422} : (0.760729282961422, 1.23440805247959)
{t -> 20.1000000000000, X_1 -> 1.23354012733092, X_0 -> 0.761633422686933} : (0.761633422686933, 1.23354012733092)
{t -> 20.2000000000000, X_1 -> 1.23267494983065, X_0 -> 0.762534562911919} : (0.762534562911919, 1.23267494983065)
{t -> 20.3000000000000, X_1 -> 1.23181251636801, X_0 -> 0.763432708804830} : (0.763432708804830, 1.23181251636801)
{t -> 20.4000000000000, X_1 -> 1.23095282327253, X_0 -> 0.764327865580169} : (0.764327865580169, 1.23095282327253)
{t -> 20.5000000000000, X_1 -> 1.23009586681542, X_0 -> 0.765220038498018} : (0.765220038498018, 1.23009586681542)
{t -> 20.6000000000000, X_1 -> 1.22924164321077, X_0 -> 0.766109232863524} : (0.766109232863524, 1.22924164321077)
{t -> 20.7000000000000, X_1 -> 1.22839014861676, X_0 -> 0.766995454026373} : (0.766995454026373, 1.22839014861676)
{t -> 20.8000000000000, X_1 -> 1.22754137913681, X_0 -> 0.767878707380244} : (0.767878707380244, 1.22754137913681)
{t -> 20.9000000000000, X_1 -> 1.22669533082065, X_0 -> 0.768758998362250} : (0.768758998362250, 1.22669533082065)
{t -> 21.0000000000000, X_1 -> 1.22585199966545, X_0 -> 0.769636332452360} : (0.769636332452360, 1.22585199966545)
{t -> 21.1000000000000, X_1 -> 1.22501138161676, X_0 -> 0.770510715172816} : (0.770510715172816, 1.22501138161676)
{t -> 21.2000000000000, X_1 -> 1.22417347256954, X_0 -> 0.771382152087536} : (0.771382152087536, 1.22417347256954)
{t -> 21.3000000000000, X_1 -> 1.22333826836911, X_0 -> 0.772250648801511} : (0.772250648801511, 1.22333826836911)
{t -> 21.4000000000000, X_1 -> 1.22250576481209, X_0 -> 0.773116210960190} : (0.773116210960190, 1.22250576481209)
{t -> 21.5000000000000, X_1 -> 1.22167595764727, X_0 -> 0.773978844248867} : (0.773978844248867, 1.22167595764727)
{t -> 21.6000000000000, X_1 -> 1.22084884257647, X_0 -> 0.774838554392057} : (0.774838554392057, 1.22084884257647)
{t -> 21.7000000000000, X_1 -> 1.22002441525546, X_0 -> 0.775695347152867} : (0.775695347152867, 1.22002441525546)
{t -> 21.8000000000000, X_1 -> 1.21920267129473, X_0 -> 0.776549228332377} : (0.776549228332377, 1.21920267129473)
{t -> 21.9000000000000, X_1 -> 1.21838360626032, X_0 -> 0.777400203768998} : (0.777400203768998, 1.21838360626032)
{t -> 22.0000000000000, X_1 -> 1.21756721567459, X_0 -> 0.778248279337849} : (0.778248279337849, 1.21756721567459)
{t -> 22.1000000000000, X_1 -> 1.21675349501705, X_0 -> 0.779093460950122} : (0.779093460950122, 1.21675349501705)
{t -> 22.2000000000000, X_1 -> 1.21594243972506, X_0 -> 0.779935754552449} : (0.779935754552449, 1.21594243972506)
{t -> 22.3000000000000, X_1 -> 1.21513404519459, X_0 -> 0.780775166126270} : (0.780775166126270, 1.21513404519459)
{t -> 22.4000000000000, X_1 -> 1.21432830678099, X_0 -> 0.781611701687207} : (0.781611701687207, 1.21432830678099)
{t -> 22.5000000000000, X_1 -> 1.21352521979964, X_0 -> 0.782445367284430} : (0.782445367284430, 1.21352521979964)
{t -> 22.6000000000000, X_1 -> 1.21272477952672, X_0 -> 0.783276169000034} : (0.783276169000034, 1.21272477952672)
{t -> 22.7000000000000, X_1 -> 1.21192698119985, X_0 -> 0.784104112948413} : (0.784104112948413, 1.21192698119985)
{t -> 22.8000000000000, X_1 -> 1.21113182001882, X_0 -> 0.784929205275638} : (0.784929205275638, 1.21113182001882)
{t -> 22.9000000000000, X_1 -> 1.21033929114621, X_0 -> 0.785751452158839} : (0.785751452158839, 1.21033929114621)
{t -> 23.0000000000000, X_1 -> 1.20954938970810, X_0 -> 0.786570859805591} : (0.786570859805591, 1.20954938970810)
{t -> 23.1000000000000, X_1 -> 1.20876211079470, X_0 -> 0.787387434453299} : (0.787387434453299, 1.20876211079470)
{t -> 23.2000000000000, X_1 -> 1.20797744946100, X_0 -> 0.788201182368590} : (0.788201182368590, 1.20797744946100)
{t -> 23.3000000000000, X_1 -> 1.20719540072740, X_0 -> 0.789012109846712} : (0.789012109846712, 1.20719540072740)
{t -> 23.4000000000000, X_1 -> 1.20641595958034, X_0 -> 0.789820223210931} : (0.789820223210931, 1.20641595958034)
{t -> 23.5000000000000, X_1 -> 1.20563912097293, X_0 -> 0.790625528811934} : (0.790625528811934, 1.20563912097293)
{t -> 23.6000000000000, X_1 -> 1.20486487982553, X_0 -> 0.791428033027239} : (0.791428033027239, 1.20486487982553)
{t -> 23.7000000000000, X_1 -> 1.20409323102638, X_0 -> 0.792227742260607} : (0.792227742260607, 1.20409323102638)
{t -> 23.8000000000000, X_1 -> 1.20332416943222, X_0 -> 0.793024662941461} : (0.793024662941461, 1.20332416943222)
{t -> 23.9000000000000, X_1 -> 1.20255768986883, X_0 -> 0.793818801524303} : (0.793818801524303, 1.20255768986883)
{t -> 24.0000000000000, X_1 -> 1.20179378713162, X_0 -> 0.794610164488146} : (0.794610164488146, 1.20179378713162)
{t -> 24.1000000000000, X_1 -> 1.20103245598627, X_0 -> 0.795398758335943} : (0.795398758335943, 1.20103245598627)
{t -> 24.2000000000000, X_1 -> 1.20027369116920, X_0 -> 0.796184589594025} : (0.796184589594025, 1.20027369116920)
{t -> 24.3000000000000, X_1 -> 1.19951748738824, X_0 -> 0.796967664811539} : (0.796967664811539, 1.19951748738824)
{t -> 24.4000000000000, X_1 -> 1.19876383932309, X_0 -> 0.797747990559897} : (0.797747990559897, 1.19876383932309)
{t -> 24.5000000000000, X_1 -> 1.19801274162596, X_0 -> 0.798525573432227} : (0.798525573432227, 1.19801274162596)
{t -> 24.6000000000000, X_1 -> 1.19726418892206, X_0 -> 0.799300420042828} : (0.799300420042828, 1.19726418892206)
{t -> 24.7000000000000, X_1 -> 1.19651817581014, X_0 -> 0.800072537026635} : (0.800072537026635, 1.19651817581014)
{t -> 24.8000000000000, X_1 -> 1.19577469686308, X_0 -> 0.800841931038679} : (0.800841931038679, 1.19577469686308)
{t -> 24.9000000000000, X_1 -> 1.19503374662834, X_0 -> 0.801608608753566} : (0.801608608753566, 1.19503374662834)
{t -> 25.0000000000000, X_1 -> 1.19429531962856, X_0 -> 0.802372576864948} : (0.802372576864948, 1.19429531962856)
{t -> 25.1000000000000, X_1 -> 1.19355941036204, X_0 -> 0.803133842085010} : (0.803133842085010, 1.19355941036204)
{t -> 25.2000000000000, X_1 -> 1.19282601330324, X_0 -> 0.803892411143953} : (0.803892411143953, 1.19282601330324)
{t -> 25.3000000000000, X_1 -> 1.19209512290332, X_0 -> 0.804648290789486} : (0.804648290789486, 1.19209512290332)
{t -> 25.4000000000000, X_1 -> 1.19136673359065, X_0 -> 0.805401487786328} : (0.805401487786328, 1.19136673359065)
{t -> 25.5000000000000, X_1 -> 1.19064083977125, X_0 -> 0.806152008915706} : (0.806152008915706, 1.19064083977125)
{t -> 25.6000000000000, X_1 -> 1.18991743582936, X_0 -> 0.806899860974864} : (0.806899860974864, 1.18991743582936)
{t -> 25.7000000000000, X_1 -> 1.18919651612787, X_0 -> 0.807645050776576} : (0.807645050776576, 1.18919651612787)
{t -> 25.8000000000000, X_1 -> 1.18847807500883, X_0 -> 0.808387585148664} : (0.808387585148664, 1.18847807500883)
{t -> 25.9000000000000, X_1 -> 1.18776210679392, X_0 -> 0.809127470933522} : (0.809127470933522, 1.18776210679392)
{t -> 26.0000000000000, X_1 -> 1.18704860578493, X_0 -> 0.809864714987639} : (0.809864714987639, 1.18704860578493)
{t -> 26.1000000000000, X_1 -> 1.18633756626423, X_0 -> 0.810599324181141} : (0.810599324181141, 1.18633756626423)
{t -> 26.2000000000000, X_1 -> 1.18562898249521, X_0 -> 0.811331305397319} : (0.811331305397319, 1.18562898249521)
{t -> 26.3000000000000, X_1 -> 1.18492284872277, X_0 -> 0.812060665532180} : (0.812060665532180, 1.18492284872277)
{t -> 26.4000000000000, X_1 -> 1.18421915917377, X_0 -> 0.812787411493992} : (0.812787411493992, 1.18421915917377)
{t -> 26.5000000000000, X_1 -> 1.18351790805746, X_0 -> 0.813511550202835} : (0.813511550202835, 1.18351790805746)
{t -> 26.6000000000000, X_1 -> 1.18281908956595, X_0 -> 0.814233088590166} : (0.814233088590166, 1.18281908956595)
{t -> 26.7000000000000, X_1 -> 1.18212269787461, X_0 -> 0.814952033598372} : (0.814952033598372, 1.18212269787461)
{t -> 26.8000000000000, X_1 -> 1.18142872714257, X_0 -> 0.815668392180348} : (0.815668392180348, 1.18142872714257)
{t -> 26.9000000000000, X_1 -> 1.18073717151310, X_0 -> 0.816382171299062} : (0.816382171299062, 1.18073717151310)
{t -> 27.0000000000000, X_1 -> 1.18004802511405, X_0 -> 0.817093377927137} : (0.817093377927137, 1.18004802511405)
{t -> 27.1000000000000, X_1 -> 1.17936128205828, X_0 -> 0.817802019046432} : (0.817802019046432, 1.17936128205828)
{t -> 27.2000000000000, X_1 -> 1.17867693644407, X_0 -> 0.818508101647630} : (0.818508101647630, 1.17867693644407)
{t -> 27.3000000000000, X_1 -> 1.17799498235554, X_0 -> 0.819211632729828} : (0.819211632729828, 1.17799498235554)
{t -> 27.4000000000000, X_1 -> 1.17731541386308, X_0 -> 0.819912619300138} : (0.819912619300138, 1.17731541386308)
{t -> 27.5000000000000, X_1 -> 1.17663822502369, X_0 -> 0.820611068373282} : (0.820611068373282, 1.17663822502369)
{t -> 27.6000000000000, X_1 -> 1.17596340988145, X_0 -> 0.821306986971205} : (0.821306986971205, 1.17596340988145)
{t -> 27.7000000000000, X_1 -> 1.17529096246788, X_0 -> 0.822000382122681} : (0.822000382122681, 1.17529096246788)
{t -> 27.8000000000000, X_1 -> 1.17462087680237, X_0 -> 0.822691260862930} : (0.822691260862930, 1.17462087680237)
{t -> 27.9000000000000, X_1 -> 1.17395314689251, X_0 -> 0.823379630233238} : (0.823379630233238, 1.17395314689251)
{t -> 28.0000000000000, X_1 -> 1.17328776673450, X_0 -> 0.824065497280583} : (0.824065497280583, 1.17328776673450)
{t -> 28.1000000000000, X_1 -> 1.17262473031357, X_0 -> 0.824748869057260} : (0.824748869057260, 1.17262473031357)
{t -> 28.2000000000000, X_1 -> 1.17196403160428, X_0 -> 0.825429752620519} : (0.825429752620519, 1.17196403160428)
{t -> 28.3000000000000, X_1 -> 1.17130566457096, X_0 -> 0.826108155032201} : (0.826108155032201, 1.17130566457096)
{t -> 28.4000000000000, X_1 -> 1.17064962316805, X_0 -> 0.826784083358381} : (0.826784083358381, 1.17064962316805)
{t -> 28.5000000000000, X_1 -> 1.16999590134045, X_0 -> 0.827457544669012} : (0.827457544669012, 1.16999590134045)
{t -> 28.6000000000000, X_1 -> 1.16934449302388, X_0 -> 0.828128546037581} : (0.828128546037581, 1.16934449302388)
{t -> 28.7000000000000, X_1 -> 1.16869539214528, X_0 -> 0.828797094540761} : (0.828797094540761, 1.16869539214528)
{t -> 28.8000000000000, X_1 -> 1.16804859262311, X_0 -> 0.829463197258074} : (0.829463197258074, 1.16804859262311)
{t -> 28.9000000000000, X_1 -> 1.16740408836771, X_0 -> 0.830126861271549} : (0.830126861271549, 1.16740408836771)
{t -> 29.0000000000000, X_1 -> 1.16676187328167, X_0 -> 0.830788093665398} : (0.830788093665398, 1.16676187328167)
{t -> 29.1000000000000, X_1 -> 1.16612194126015, X_0 -> 0.831446901525683} : (0.831446901525683, 1.16612194126015)
{t -> 29.2000000000000, X_1 -> 1.16548428619118, X_0 -> 0.832103291939995} : (0.832103291939995, 1.16548428619118)
{t -> 29.3000000000000, X_1 -> 1.16484890195608, X_0 -> 0.832757271997136} : (0.832757271997136, 1.16484890195608)
{t -> 29.4000000000000, X_1 -> 1.16421578242969, X_0 -> 0.833408848786799} : (0.833408848786799, 1.16421578242969)
{t -> 29.5000000000000, X_1 -> 1.16358492148078, X_0 -> 0.834058029399263} : (0.834058029399263, 1.16358492148078)
{t -> 29.6000000000000, X_1 -> 1.16295631297230, X_0 -> 0.834704820925082} : (0.834704820925082, 1.16295631297230)
{t -> 29.7000000000000, X_1 -> 1.16232995076175, X_0 -> 0.835349230454784} : (0.835349230454784, 1.16232995076175)
{t -> 29.8000000000000, X_1 -> 1.16170582870145, X_0 -> 0.835991265078570} : (0.835991265078570, 1.16170582870145)
{t -> 29.9000000000000, X_1 -> 1.16108394063890, X_0 -> 0.836630931886023} : (0.836630931886023, 1.16108394063890)
{t -> 30.0000000000000, X_1 -> 1.16046428041704, X_0 -> 0.837268237965811} : (0.837268237965811, 1.16046428041704)
merge bindings: {gamma -> 1, b_0 -> 1, b_3 -> 1, m_3 -> K_0*c_3_0 + K_1*c_3_1 - 1, b_2 -> 1, m_2 -> K_0*c_2_0 + K_1*c_2_1 - 1, b_1 -> 1, m_1 -> K_0*c_1_0 + K_1*c_1_1 - 1, m_0 -> K_0*c_0_0 + K_1*c_0_1 - 1} , [r_0, r_1, w_1, K_0, w_0, K_1] ,  {}
merge bindings: {gamma -> 1, m_3 -> 2*c_3_0 + 2*c_3_1 - 1, b_3 -> 1, K_1 -> 2, b_0 -> 1, w_1 -> 1, r_0 -> 1, b_2 -> 1, r_1 -> 1, m_2 -> 2*c_2_0 + 2*c_2_1 - 1, b_1 -> 1, K_0 -> 2, w_0 -> 1, m_1 -> 2*c_1_0 + 2*c_1_1 - 1, m_0 -> 2*c_0_0 + 2*c_0_1 - 1} , [c_0_1, c_0_0, c_1_1, c_1_0] ,  {}
merge bindings: {R_0 -> -(X_0*c_0_0 + X_1*c_1_0 - K_0*r_0)/r_0, Rhat_1 -> -(Xhat_0*c_0_1 + Xhat_1*c_1_1 - K_1*r_1)/r_1, Rhat_0 -> -(Xhat_0*c_0_0 + Xhat_1*c_1_0 - K_0*r_0)/r_0, R_1 -> -(X_0*c_0_1 + X_1*c_1_1 - K_1*r_1)/r_1} , [c_0_0, w_1, b_0, b_3, K_1, c_1_0, r_0, m_2, w_0, m_0, c_1_1, gamma, K_0, m_3, c_0_1, b_2, r_1, b_1, m_1] ,  {}
