Wed Sep 16 15:28:02 2015
/usr/bin/make -C /usr/local/src/adaptive-dynamics-research/wmd_files/Selection_Gradients \
    maclev-2-2-c-vs-u.png
Including .mk files: sage.mk sage-inline.mk 
Including .mk files from .sage-inline files: avec.sage.mk a-careful.sage.mk
Including .tex.d files: foodweb-2-2.tikz.tex.d foodweb.tikz.tex.d
make: Entering directory `/usr/local/src/adaptive-dynamics-research/wmd_files/Selection_Gradients'
make: Circular /proc/uptime <- /proc/uptime dependency dropped.
/usr/bin/make --no-print-directory -C  usr/local/src/workingwiki-trunk/ProjectEngine/resources/makefile-after-html-output-format
make: Entering an unknown directory
make: *** usr/local/src/workingwiki-trunk/ProjectEngine/resources/makefile-after-html-output-format: No such file or directory.  Stop.
make: Leaving an unknown directory
/usr/bin/make --no-print-directory -C  usr/local/src/workingwiki-trunk/ProjectEngine/resources/makefile-after-latex
make: Entering an unknown directory
make: *** usr/local/src/workingwiki-trunk/ProjectEngine/resources/makefile-after-latex: No such file or directory.  Stop.
make: Leaving an unknown directory
make: *** [/usr/local/src/workingwiki-trunk/ProjectEngine/resources/makefile-after-latex] Error 2
make: Leaving directory `/usr/local/src/adaptive-dynamics-research/wmd_files/Selection_Gradients'
Make failed with exit code 2.
Wed Sep 16 15:28:02 2015
