Mon Mar 30 10:57:50 2015
/usr/bin/make -C /usr/local/src/jekyll-research/wmd_files/Selection_Gradients \
    maclev-2-2-a-c-geom.sage.out.html
Including .mk files: sage.mk sage-inline.mk 
Including .mk files from .step files: foodweb.py.mk foodweb.sage.mk foodweb.plot.sage.mk foodweb-2-2.sage.mk foodweb-2-2.plot.sage.mk maclev-1-1.sage.mk maclev-1-1-adap.sage.mk maclev-1-1-mc-adap-geom.sage.mk maclev-1-1-ak-adap-geom.sage.mk S-A-vector-field.sage.mk maclev-1-1-d1A-vector-field.sage.mk maclev-1-1-S-and-d1A-on-curve.sage.mk maclev-1-1-S-and-D-on-curve.sage.mk maclev_1_2_defs.py.mk maclev-1-2-popdyn.sage.mk maclev-1-2-adap.sage.mk maclev-1-2-p.sage.mk maclev-1-2-zngi.sage.mk maclev-1-2-geom.sage.mk maclev_unconstrained_c.py.mk maclev-2-2-c-popdyn.sage.mk maclev-2-2-c-adap.sage.mk maclev-2-2-c-p.sage.mk maclev-2-2-c-zngi.sage.mk maclev-2-2-c-geom.sage.mk maclev_2_2_defs.py.mk maclev-2-2-popdyn.sage.mk maclev-2-2-adap.sage.mk maclev-2-2-p.sage.mk maclev-2-2-zngi.sage.mk maclev-2-2-geom.sage.mk maclev_a_only_defs.py.mk maclev-a-only-popdyn.sage.mk maclev-a-only-adap.sage.mk maclev-a-only-p.sage.mk maclev-a-only-zngi.sage.mk maclev-a-only-geom.sage.mk maclev_a_c.py.mk maclev-2-2-a-c-popdyn.sage.mk maclev-2-2-a-c-adap.sage.mk maclev-2-2-a-c-p.sage.mk maclev-2-2-a-c-zngi.sage.mk maclev-2-2-a-c-geom.sage.mk maclevmodels.py.mk lotkavolterra.py.mk toc.sage.mk maclev-2-2-zngi-invasion.sage.mk
Including .mk files from .sage-inline files: avec.sage.mk a-careful.sage.mk
Including .tex.d files: foodweb-2-2.tikz.tex.d foodweb.tikz.tex.d
make: Entering directory `/usr/local/src/jekyll-research/wmd_files/Selection_Gradients'
/usr/bin/make --no-print-directory -C /usr/local/src/jekyll-research/wmd_files/SageDynamicsRepo/SageDynamics dynamicalsystems.py
Including .mk files:  
Including .tex.d files: 
make[1]: Nothing to be done for `dynamicalsystems.py'.
/usr/bin/make --no-print-directory -C /usr/local/src/jekyll-research/wmd_files/SageDynamicsRepo/SageAdaptiveDynamics adaptivedynamics.py
Including .mk files:  
Including .tex.d files: 
make[1]: Nothing to be done for `adaptivedynamics.py'.
rm -f maclev-2-2-a-c-geom.sage.out maclev-2-2-a-c-geom.sage.status maclev-2-2-a-c-geom.sage.out.tex maclev-2-2-a-c-k-vs-t.png maclev-2-2-a-c-a-vs-t.png maclev-2-2-a-c-Xhat-vs-t.png maclev-2-2-a-c-Rhat-vs-t.png maclev-2-2-a-c-a-vs-a.png maclev-2-2-a-c-a-vs-k.png maclev-2-2-a-c-a-arrows.png
(sage maclev-2-2-a-c-geom.sage && touch maclev-2-2-a-c-geom.sage.status) | tee maclev-2-2-a-c-geom.sage.dmp
ad bindings: {w_1 -> 1, b_3 -> 1, r_1 -> 1, Rhat_0 -> -Xhat_0*c_0_0 - Xhat_1*c_1_0 + 2, m_0 -> 2*c_0_0 + 2*c_0_1 - 1, R_0 -> -X_0*c_0_0 - X_1*c_1_0 + 2, K_0 -> 2, m_1 -> 2*c_1_0 + 2*c_1_1 - 1, m_3 -> 2*c_3_0 + 2*c_3_1 - 1, w_0 -> 1, gamma -> 1, b_0 -> 1, b_2 -> 1, Rhat_1 -> -Xhat_0*c_0_1 - Xhat_1*c_1_1 + 2, b_1 -> 1, r_0 -> 1, K_1 -> 2, m_2 -> 2*c_2_0 + 2*c_2_1 - 1, R_1 -> -X_0*c_0_1 - X_1*c_1_1 + 2}
model bindings: {R_0 -> -(X_0*c_0_0 + X_1*c_1_0 - K_0*r_0)/r_0, Rhat_1 -> -(Xhat_0*c_0_1 + Xhat_1*c_1_1 - K_1*r_1)/r_1, Rhat_0 -> -(Xhat_0*c_0_0 + Xhat_1*c_1_0 - K_0*r_0)/r_0, R_1 -> -(X_0*c_0_1 + X_1*c_1_1 - K_1*r_1)/r_1}
_early_bindings: {b_3 -> 1, m_0 -> K_0*c_0_0 + K_1*c_0_1 - 1, b_0 -> 1, m_1 -> K_0*c_1_0 + K_1*c_1_1 - 1, m_3 -> K_0*c_3_0 + K_1*c_3_1 - 1, b_2 -> 1, b_1 -> 1, m_2 -> K_0*c_2_0 + K_1*c_2_1 - 1}
_late_bindings: {gamma -> 1, b_3 -> 1, r_1 -> 1, m_0 -> 2*c_0_0 + 2*c_0_1 - 1, m_3 -> 2*c_3_0 + 2*c_3_1 - 1, m_1 -> 2*c_1_0 + 2*c_1_1 - 1, b_0 -> 1, w_1 -> 1, w_0 -> 1, b_2 -> 1, b_1 -> 1, K_0 -> 2, r_0 -> 1, K_1 -> 2, m_2 -> 2*c_2_0 + 2*c_2_1 - 1}
make LV model
Inferring LV coefficients from X_0 equation: K_0*X_0*b_0*c_0_0*w_0 - X_0^2*b_0*c_0_0^2*w_0/r_0 - X_0*X_1*b_0*c_0_0*c_1_0*w_0/r_0 + K_1*X_0*b_0*c_0_1*w_1 - X_0^2*b_0*c_0_1^2*w_1/r_1 - X_0*X_1*b_0*c_0_1*c_1_1*w_1/r_1 - X_0*b_0*m_0
a_0_1 : -b_0*c_0_0*c_1_0*w_0/r_0 - b_0*c_0_1*c_1_1*w_1/r_1
k_0 : K_0*b_0*c_0_0*w_0 + K_1*b_0*c_0_1*w_1 - b_0*m_0
Inferring LV coefficients from X_1 equation: K_0*X_1*b_1*c_1_0*w_0 - X_0*X_1*b_1*c_0_0*c_1_0*w_0/r_0 - X_1^2*b_1*c_1_0^2*w_0/r_0 + K_1*X_1*b_1*c_1_1*w_1 - X_0*X_1*b_1*c_0_1*c_1_1*w_1/r_1 - X_1^2*b_1*c_1_1^2*w_1/r_1 - X_1*b_1*m_1
a_1_0 : -b_1*c_0_0*c_1_0*w_0/r_0 - b_1*c_0_1*c_1_1*w_1/r_1
k_1 : K_0*b_1*c_1_0*w_0 + K_1*b_1*c_1_1*w_1 - b_1*m_1
aij_dict: {a_1_0: -b_1*c_0_0*c_1_0*w_0/r_0 - b_1*c_0_1*c_1_1*w_1/r_1, a_0_1: -b_0*c_0_0*c_1_0*w_0/r_0 - b_0*c_0_1*c_1_1*w_1/r_1, a_1_1: -b_1*c_1_0^2*w_0/r_0 - b_1*c_1_1^2*w_1/r_1, a_0_0: -b_0*c_0_0^2*w_0/r_0 - b_0*c_0_1^2*w_1/r_1, k_1: K_0*b_1*c_1_0*w_0 + K_1*b_1*c_1_1*w_1 - b_1*m_1, k_0: K_0*b_0*c_0_0*w_0 + K_1*b_0*c_0_1*w_1 - b_0*m_0}
Inferring LV coefficients from X_0 equation: K_0*X_0*b_0*c_0_0*w_0 - X_0^2*b_0*c_0_0^2*w_0/r_0 - X_0*X_1*b_0*c_0_0*c_1_0*w_0/r_0 + K_1*X_0*b_0*c_0_1*w_1 - X_0^2*b_0*c_0_1^2*w_1/r_1 - X_0*X_1*b_0*c_0_1*c_1_1*w_1/r_1 - X_0*b_0*m_0
a_0_1 : -b_0*c_0_0*c_1_0*w_0/r_0 - b_0*c_0_1*c_1_1*w_1/r_1
k_0 : K_0*b_0*c_0_0*w_0 + K_1*b_0*c_0_1*w_1 - b_0*m_0
Inferring LV coefficients from X_1 equation: K_0*X_1*b_1*c_1_0*w_0 - X_0*X_1*b_1*c_0_0*c_1_0*w_0/r_0 - X_1^2*b_1*c_1_0^2*w_0/r_0 + K_1*X_1*b_1*c_1_1*w_1 - X_0*X_1*b_1*c_0_1*c_1_1*w_1/r_1 - X_1^2*b_1*c_1_1^2*w_1/r_1 - X_1*b_1*m_1
a_1_0 : -b_1*c_0_0*c_1_0*w_0/r_0 - b_1*c_0_1*c_1_1*w_1/r_1
k_1 : K_0*b_1*c_1_0*w_0 + K_1*b_1*c_1_1*w_1 - b_1*m_1
aij_dict: {a_1_0: -b_1*c_0_0*c_1_0*w_0/r_0 - b_1*c_0_1*c_1_1*w_1/r_1, a_0_1: -b_0*c_0_0*c_1_0*w_0/r_0 - b_0*c_0_1*c_1_1*w_1/r_1, a_1_1: -b_1*c_1_0^2*w_0/r_0 - b_1*c_1_1^2*w_1/r_1, a_0_0: -b_0*c_0_0^2*w_0/r_0 - b_0*c_0_1^2*w_1/r_1, k_1: K_0*b_1*c_1_0*w_0 + K_1*b_1*c_1_1*w_1 - b_1*m_1, k_0: K_0*b_0*c_0_0*w_0 + K_1*b_0*c_0_1*w_1 - b_0*m_0}
_A_bindings: {a_1_0 -> -b_1*c_0_0*c_1_0*w_0/r_0 - b_1*c_0_1*c_1_1*w_1/r_1, a_0_1 -> -b_0*c_0_0*c_1_0*w_0/r_0 - b_0*c_0_1*c_1_1*w_1/r_1, a_1_1 -> -b_1*c_1_0^2*w_0/r_0 - b_1*c_1_1^2*w_1/r_1, a_0_0 -> -b_0*c_0_0^2*w_0/r_0 - b_0*c_0_1^2*w_1/r_1, k_1 -> K_0*b_1*c_1_0*w_0 + K_1*b_1*c_1_1*w_1 - b_1*m_1, k_0 -> K_0*b_0*c_0_0*w_0 + K_1*b_0*c_0_1*w_1 - b_0*m_0}
make LV adaptive dynamics
population vars [X_0, X_1]
population vars [X_0, X_1]
Inferring LV coefficients from X_0 equation: K_0*X_0*b_0*c_0_0*w_0 - X_0^2*b_0*c_0_0^2*w_0/r_0 - X_0*X_1*b_0*c_0_0*c_1_0*w_0/r_0 - X_0*X_2*b_0*c_0_0*c_2_0*w_0/r_0 + K_1*X_0*b_0*c_0_1*w_1 - X_0^2*b_0*c_0_1^2*w_1/r_1 - X_0*X_1*b_0*c_0_1*c_1_1*w_1/r_1 - X_0*X_2*b_0*c_0_1*c_2_1*w_1/r_1 - X_0*b_0*m_0
a_0_1 : -b_0*c_0_0*c_1_0*w_0/r_0 - b_0*c_0_1*c_1_1*w_1/r_1
a_0_2 : -b_0*c_0_0*c_2_0*w_0/r_0 - b_0*c_0_1*c_2_1*w_1/r_1
k_0 : K_0*b_0*c_0_0*w_0 + K_1*b_0*c_0_1*w_1 - b_0*m_0
Inferring LV coefficients from X_1 equation: K_0*X_1*b_1*c_1_0*w_0 - X_0*X_1*b_1*c_0_0*c_1_0*w_0/r_0 - X_1^2*b_1*c_1_0^2*w_0/r_0 - X_1*X_2*b_1*c_1_0*c_2_0*w_0/r_0 + K_1*X_1*b_1*c_1_1*w_1 - X_0*X_1*b_1*c_0_1*c_1_1*w_1/r_1 - X_1^2*b_1*c_1_1^2*w_1/r_1 - X_1*X_2*b_1*c_1_1*c_2_1*w_1/r_1 - X_1*b_1*m_1
a_1_0 : -b_1*c_0_0*c_1_0*w_0/r_0 - b_1*c_0_1*c_1_1*w_1/r_1
a_1_2 : -b_1*c_1_0*c_2_0*w_0/r_0 - b_1*c_1_1*c_2_1*w_1/r_1
k_1 : K_0*b_1*c_1_0*w_0 + K_1*b_1*c_1_1*w_1 - b_1*m_1
Inferring LV coefficients from X_2 equation: K_0*X_2*b_2*c_2_0*w_0 - X_0*X_2*b_2*c_0_0*c_2_0*w_0/r_0 - X_1*X_2*b_2*c_1_0*c_2_0*w_0/r_0 - X_2^2*b_2*c_2_0^2*w_0/r_0 + K_1*X_2*b_2*c_2_1*w_1 - X_0*X_2*b_2*c_0_1*c_2_1*w_1/r_1 - X_1*X_2*b_2*c_1_1*c_2_1*w_1/r_1 - X_2^2*b_2*c_2_1^2*w_1/r_1 - X_2*b_2*m_2
a_2_0 : -b_2*c_0_0*c_2_0*w_0/r_0 - b_2*c_0_1*c_2_1*w_1/r_1
a_2_1 : -b_2*c_1_0*c_2_0*w_0/r_0 - b_2*c_1_1*c_2_1*w_1/r_1
k_2 : K_0*b_2*c_2_0*w_0 + K_1*b_2*c_2_1*w_1 - b_2*m_2
aij_dict: {a_1_0: -b_1*c_0_0*c_1_0*w_0/r_0 - b_1*c_0_1*c_1_1*w_1/r_1, a_0_1: -b_0*c_0_0*c_1_0*w_0/r_0 - b_0*c_0_1*c_1_1*w_1/r_1, a_1_1: -b_1*c_1_0^2*w_0/r_0 - b_1*c_1_1^2*w_1/r_1, a_0_0: -b_0*c_0_0^2*w_0/r_0 - b_0*c_0_1^2*w_1/r_1, k_1: K_0*b_1*c_1_0*w_0 + K_1*b_1*c_1_1*w_1 - b_1*m_1, k_0: K_0*b_0*c_0_0*w_0 + K_1*b_0*c_0_1*w_1 - b_0*m_0, a_2_0: -b_2*c_0_0*c_2_0*w_0/r_0 - b_2*c_0_1*c_2_1*w_1/r_1, a_1_2: -b_1*c_1_0*c_2_0*w_0/r_0 - b_1*c_1_1*c_2_1*w_1/r_1, a_2_2: -b_2*c_2_0^2*w_0/r_0 - b_2*c_2_1^2*w_1/r_1, a_0_2: -b_0*c_0_0*c_2_0*w_0/r_0 - b_0*c_0_1*c_2_1*w_1/r_1, a_2_1: -b_2*c_1_0*c_2_0*w_0/r_0 - b_2*c_1_1*c_2_1*w_1/r_1, k_2: K_0*b_2*c_2_0*w_0 + K_1*b_2*c_2_1*w_1 - b_2*m_2}
The invasion rate for mutant population is:
\begin{align*}
  \mathscr I = \frac{1}{X_{2}}\frac{dX_{2}}{dt} &= X_{0} a_{20} + X_{1} a_{21} + X_{2} a_{22} + k_{2} 
\end{align*}

limit as {a_2_0: a_0_0, k_2: k_0, a_2_1: a_0_1}
after those limits:
   1
  X_0
  X_1
                                       1
limit as                                  _SAGE_VAR_X_2 -> 0
 -->                                        1
Inferring LV coefficients from X_0 equation: K_0*X_0*b_0*c_0_0*w_0 - X_0^2*b_0*c_0_0^2*w_0/r_0 - X_0*X_1*b_0*c_0_0*c_1_0*w_0/r_0 - X_0*X_2*b_0*c_0_0*c_2_0*w_0/r_0 + K_1*X_0*b_0*c_0_1*w_1 - X_0^2*b_0*c_0_1^2*w_1/r_1 - X_0*X_1*b_0*c_0_1*c_1_1*w_1/r_1 - X_0*X_2*b_0*c_0_1*c_2_1*w_1/r_1 - X_0*b_0*m_0
a_0_1 : -b_0*c_0_0*c_1_0*w_0/r_0 - b_0*c_0_1*c_1_1*w_1/r_1
a_0_2 : -b_0*c_0_0*c_2_0*w_0/r_0 - b_0*c_0_1*c_2_1*w_1/r_1
k_0 : K_0*b_0*c_0_0*w_0 + K_1*b_0*c_0_1*w_1 - b_0*m_0
Inferring LV coefficients from X_1 equation: K_0*X_1*b_1*c_1_0*w_0 - X_0*X_1*b_1*c_0_0*c_1_0*w_0/r_0 - X_1^2*b_1*c_1_0^2*w_0/r_0 - X_1*X_2*b_1*c_1_0*c_2_0*w_0/r_0 + K_1*X_1*b_1*c_1_1*w_1 - X_0*X_1*b_1*c_0_1*c_1_1*w_1/r_1 - X_1^2*b_1*c_1_1^2*w_1/r_1 - X_1*X_2*b_1*c_1_1*c_2_1*w_1/r_1 - X_1*b_1*m_1
a_1_0 : -b_1*c_0_0*c_1_0*w_0/r_0 - b_1*c_0_1*c_1_1*w_1/r_1
a_1_2 : -b_1*c_1_0*c_2_0*w_0/r_0 - b_1*c_1_1*c_2_1*w_1/r_1
k_1 : K_0*b_1*c_1_0*w_0 + K_1*b_1*c_1_1*w_1 - b_1*m_1
Inferring LV coefficients from X_2 equation: K_0*X_2*b_2*c_2_0*w_0 - X_0*X_2*b_2*c_0_0*c_2_0*w_0/r_0 - X_1*X_2*b_2*c_1_0*c_2_0*w_0/r_0 - X_2^2*b_2*c_2_0^2*w_0/r_0 + K_1*X_2*b_2*c_2_1*w_1 - X_0*X_2*b_2*c_0_1*c_2_1*w_1/r_1 - X_1*X_2*b_2*c_1_1*c_2_1*w_1/r_1 - X_2^2*b_2*c_2_1^2*w_1/r_1 - X_2*b_2*m_2
a_2_0 : -b_2*c_0_0*c_2_0*w_0/r_0 - b_2*c_0_1*c_2_1*w_1/r_1
a_2_1 : -b_2*c_1_0*c_2_0*w_0/r_0 - b_2*c_1_1*c_2_1*w_1/r_1
k_2 : K_0*b_2*c_2_0*w_0 + K_1*b_2*c_2_1*w_1 - b_2*m_2
aij_dict: {a_1_0: -b_1*c_0_0*c_1_0*w_0/r_0 - b_1*c_0_1*c_1_1*w_1/r_1, a_0_1: -b_0*c_0_0*c_1_0*w_0/r_0 - b_0*c_0_1*c_1_1*w_1/r_1, a_1_1: -b_1*c_1_0^2*w_0/r_0 - b_1*c_1_1^2*w_1/r_1, a_0_0: -b_0*c_0_0^2*w_0/r_0 - b_0*c_0_1^2*w_1/r_1, k_1: K_0*b_1*c_1_0*w_0 + K_1*b_1*c_1_1*w_1 - b_1*m_1, k_0: K_0*b_0*c_0_0*w_0 + K_1*b_0*c_0_1*w_1 - b_0*m_0, a_2_0: -b_2*c_0_0*c_2_0*w_0/r_0 - b_2*c_0_1*c_2_1*w_1/r_1, a_1_2: -b_1*c_1_0*c_2_0*w_0/r_0 - b_1*c_1_1*c_2_1*w_1/r_1, a_2_2: -b_2*c_2_0^2*w_0/r_0 - b_2*c_2_1^2*w_1/r_1, a_0_2: -b_0*c_0_0*c_2_0*w_0/r_0 - b_0*c_0_1*c_2_1*w_1/r_1, a_2_1: -b_2*c_1_0*c_2_0*w_0/r_0 - b_2*c_1_1*c_2_1*w_1/r_1, k_2: K_0*b_2*c_2_0*w_0 + K_1*b_2*c_2_1*w_1 - b_2*m_2}
The invasion rate for mutant population is:
\begin{align*}
  \mathscr I = \frac{1}{X_{2}}\frac{dX_{2}}{dt} &= X_{0} a_{20} + X_{1} a_{21} + X_{2} a_{22} + k_{2} 
\end{align*}

limit as {a_2_0: a_1_0, k_2: k_1, a_2_1: a_1_1}
after those limits:
   1
  X_0
  X_1
                                       1
limit as                                  _SAGE_VAR_X_2 -> 0
 -->                                        1
Original pop-dyn system: 
\[\begin{align*}
\frac{dX_{0}}{dt} &= {\left(X_{0} a_{00} + X_{1} a_{01} + k_{0}\right)} X_{0}\\
\frac{dX_{1}}{dt} &= {\left(X_{0} a_{10} + X_{1} a_{11} + k_{1}\right)} X_{1}
\end{align*}\]
Extended pop-dyn system: 
\[\begin{align*}
\frac{dX_{0}}{dt} &= {\left(X_{0} a_{00} + X_{1} a_{01} + X_{2} a_{02} + k_{0}\right)} X_{0}\\
\frac{dX_{1}}{dt} &= {\left(X_{0} a_{10} + X_{1} a_{11} + X_{2} a_{12} + k_{1}\right)} X_{1}\\
\frac{dX_{2}}{dt} &= {\left(X_{0} a_{20} + X_{1} a_{21} + X_{2} a_{22} + k_{2}\right)} X_{2}
\end{align*}\]
 The invasion rate for mutant population is:
\begin{align*}
  \mathscr I = \frac{1}{X_{2}}\frac{dX_{2}}{dt} &= X_{0} a_{20} + X_{1} a_{21} + X_{2} a_{22} + k_{2} 
\end{align*}
 And the invasion exponent is
\begin{align*}
  \frac{\partial\mathscr I}{\partial k_{0}} = \lim_{k_{2}\to k_{0},a_{20}\to a_{00},a_{21}\to a_{01},X_{2}\to0}1\\
  \frac{\partial\mathscr I}{\partial a_{00}} = \lim_{k_{2}\to k_{0},a_{20}\to a_{00},a_{21}\to a_{01},X_{2}\to0}X_{0}\\
  \frac{\partial\mathscr I}{\partial a_{01}} = \lim_{k_{2}\to k_{0},a_{20}\to a_{00},a_{21}\to a_{01},X_{2}\to0}X_{1} .
\end{align*}
 Which comes out to
\begin{align*}
  \frac{\partial\mathscr I}{\partial k_{0}} = 1\\
  \frac{\partial\mathscr I}{\partial a_{00}} = X_{0}\\
  \frac{\partial\mathscr I}{\partial a_{01}} = X_{1} .
\end{align*}
 Original pop-dyn system: 
\[ \begin{align*}
\frac{dX_{0}}{dt} &= {\left(X_{0} a_{00} + X_{1} a_{01} + k_{0}\right)} X_{0}\\
\frac{dX_{1}}{dt} &= {\left(X_{0} a_{10} + X_{1} a_{11} + k_{1}\right)} X_{1}
\end{align*} \]
 Extended pop-dyn system: 
\[ \begin{align*}
\frac{dX_{0}}{dt} &= {\left(X_{0} a_{00} + X_{1} a_{01} + X_{2} a_{02} + k_{0}\right)} X_{0}\\
\frac{dX_{1}}{dt} &= {\left(X_{0} a_{10} + X_{1} a_{11} + X_{2} a_{12} + k_{1}\right)} X_{1}\\
\frac{dX_{2}}{dt} &= {\left(X_{0} a_{20} + X_{1} a_{21} + X_{2} a_{22} + k_{2}\right)} X_{2}
\end{align*} \]
 The invasion rate for mutant population is:
\begin{align*}
  \mathscr I = \frac{1}{X_{2}}\frac{dX_{2}}{dt} &= X_{0} a_{20} + X_{1} a_{21} + X_{2} a_{22} + k_{2} 
\end{align*}
 And the invasion exponent is
\begin{align*}
  \frac{\partial\mathscr I}{\partial k_{1}} = \lim_{k_{2}\to k_{1},a_{20}\to a_{10},a_{21}\to a_{11},X_{2}\to0}1\\
  \frac{\partial\mathscr I}{\partial a_{10}} = \lim_{k_{2}\to k_{1},a_{20}\to a_{10},a_{21}\to a_{11},X_{2}\to0}X_{0}\\
  \frac{\partial\mathscr I}{\partial a_{11}} = \lim_{k_{2}\to k_{1},a_{20}\to a_{10},a_{21}\to a_{11},X_{2}\to0}X_{1} .
\end{align*}
 Which comes out to
\begin{align*}
  \frac{\partial\mathscr I}{\partial k_{1}} = 1\\
  \frac{\partial\mathscr I}{\partial a_{10}} = X_{0}\\
  \frac{\partial\mathscr I}{\partial a_{11}} = X_{1} .
\end{align*}
 \[ \mathbf S \left(\begin{array}{c}
  a_{10}\\
  a_{01}\\
  a_{11}\\
  a_{00}\\
  k_{1}\\
  k_{0}
\end{array}\right) = \left(\begin{array}{c}
  \hat{X}_{0}\\
  \hat{X}_{1}\\
  \hat{X}_{1}\\
  \hat{X}_{0}\\
  1\\
  1
\end{array}\right) \]
 Equilibrium of the population dynamics: 
\[ \begin{align*}
  X_{1} &\to \hat{X}_{1} \\
  X_{0} &\to \hat{X}_{0}
\end{align*} \]
 The adaptive dynamics comes out to 
\[ \begin{align*}
\frac{da_{10}}{dt} &= \hat{X}_{0} \hat{X}_{1} \gamma\\
\frac{da_{01}}{dt} &= \hat{X}_{0} \hat{X}_{1} \gamma\\
\frac{da_{11}}{dt} &= \hat{X}_{1}^{2} \gamma\\
\frac{da_{00}}{dt} &= \hat{X}_{0}^{2} \gamma\\
\frac{dk_{1}}{dt} &= \hat{X}_{1} \gamma\\
\frac{dk_{0}}{dt} &= \hat{X}_{0} \gamma
\end{align*} \]

make LV evolution bindings
hack A_ij: from (k_0(c_0_0, c_0_1), a_0_0(c_0_0, c_0_1, c_0_0, c_0_1), a_0_1(c_0_0, c_0_1, c_1_0, c_1_1))
to (k_0(c_0_0, c_0_1), a_0_0(c_0_0, c_0_1, c_x_0, c_x_1), a_0_1(c_0_0, c_0_1, c_1_0, c_1_1))
d1A: derivative of $\left(k_{0}\left(c_{00}, c_{01}\right),\,a_{0_{0}}\left(c_{00}, c_{01}, c_{x0}, c_{x1}\right),\,a_{0_{1}}\left(c_{00}, c_{01}, c_{10}, c_{11}\right)\right)$ wrt $\left(\begin{array}{c}
  c_{00}\\
  c_{01}
\end{array}\right)$
is $\left(\begin{array}{rr}
D[0]\left(k_{0}\right)\left(c_{00}, c_{01}\right) & D[1]\left(k_{0}\right)\left(c_{00}, c_{01}\right) \\
D[0]\left(a_{0_{0}}\right)\left(c_{00}, c_{01}, c_{x0}, c_{x1}\right) & D[1]\left(a_{0_{0}}\right)\left(c_{00}, c_{01}, c_{x0}, c_{x1}\right) \\
D[0]\left(a_{0_{1}}\right)\left(c_{00}, c_{01}, c_{10}, c_{11}\right) & D[1]\left(a_{0_{1}}\right)\left(c_{00}, c_{01}, c_{10}, c_{11}\right)
\end{array}\right)$
; $\left(\begin{array}{rr}
D[0]\left(k_{0}\right)\left(c_{00}, c_{01}\right) & D[1]\left(k_{0}\right)\left(c_{00}, c_{01}\right) \\
D[0]\left(a_{0_{0}}\right)\left(c_{00}, c_{01}, c_{00}, c_{01}\right) & D[1]\left(a_{0_{0}}\right)\left(c_{00}, c_{01}, c_{00}, c_{01}\right) \\
D[0]\left(a_{0_{1}}\right)\left(c_{00}, c_{01}, c_{10}, c_{11}\right) & D[1]\left(a_{0_{1}}\right)\left(c_{00}, c_{01}, c_{10}, c_{11}\right)
\end{array}\right)$
: $\left(\begin{array}{rr}
0 & 0 \\
0 & 0 \\
-c_{10} & -c_{11}
\end{array}\right)$
S: (1, Xhat_0, Xhat_1)
hack A_ij: from (k_1(c_1_0, c_1_1), a_1_0(c_1_0, c_1_1, c_0_0, c_0_1), a_1_1(c_1_0, c_1_1, c_1_0, c_1_1))
to (k_1(c_1_0, c_1_1), a_1_0(c_1_0, c_1_1, c_0_0, c_0_1), a_1_1(c_1_0, c_1_1, c_x_0, c_x_1))
d1A: derivative of $\left(k_{1}\left(c_{10}, c_{11}\right),\,a_{1_{0}}\left(c_{10}, c_{11}, c_{00}, c_{01}\right),\,a_{1_{1}}\left(c_{10}, c_{11}, c_{x0}, c_{x1}\right)\right)$ wrt $\left(\begin{array}{c}
  c_{10}\\
  c_{11}
\end{array}\right)$
is $\left(\begin{array}{rr}
D[0]\left(k_{1}\right)\left(c_{10}, c_{11}\right) & D[1]\left(k_{1}\right)\left(c_{10}, c_{11}\right) \\
D[0]\left(a_{1_{0}}\right)\left(c_{10}, c_{11}, c_{00}, c_{01}\right) & D[1]\left(a_{1_{0}}\right)\left(c_{10}, c_{11}, c_{00}, c_{01}\right) \\
D[0]\left(a_{1_{1}}\right)\left(c_{10}, c_{11}, c_{x0}, c_{x1}\right) & D[1]\left(a_{1_{1}}\right)\left(c_{10}, c_{11}, c_{x0}, c_{x1}\right)
\end{array}\right)$
; $\left(\begin{array}{rr}
D[0]\left(k_{1}\right)\left(c_{10}, c_{11}\right) & D[1]\left(k_{1}\right)\left(c_{10}, c_{11}\right) \\
D[0]\left(a_{1_{0}}\right)\left(c_{10}, c_{11}, c_{00}, c_{01}\right) & D[1]\left(a_{1_{0}}\right)\left(c_{10}, c_{11}, c_{00}, c_{01}\right) \\
D[0]\left(a_{1_{1}}\right)\left(c_{10}, c_{11}, c_{10}, c_{11}\right) & D[1]\left(a_{1_{1}}\right)\left(c_{10}, c_{11}, c_{10}, c_{11}\right)
\end{array}\right)$
: $\left(\begin{array}{rr}
0 & 0 \\
-c_{00} & -c_{01} \\
0 & 0
\end{array}\right)$
S: (1, Xhat_0, Xhat_1)
dudts: {0: (-Xhat_0*Xhat_1*c_1_0*gamma, -Xhat_0*Xhat_1*c_1_1*gamma), 1: (-Xhat_0*Xhat_1*c_0_0*gamma, -Xhat_0*Xhat_1*c_0_1*gamma)}
printing things in LaTeX
S: (1, Xhat_0, Xhat_1)
S: (1, Xhat_0, Xhat_1)
S: (1, Xhat_0, Xhat_1)
S: (1, Xhat_0, Xhat_1)
hack A_ij: from (k_0(c_0_0, c_0_1), a_0_0(c_0_0, c_0_1, c_0_0, c_0_1), a_0_1(c_0_0, c_0_1, c_1_0, c_1_1))
to (k_0(c_0_0, c_0_1), a_0_0(c_0_0, c_0_1, c_x_0, c_x_1), a_0_1(c_0_0, c_0_1, c_1_0, c_1_1))
d1A: derivative of $\left(k_{0}\left(c_{00}, c_{01}\right),\,a_{0_{0}}\left(c_{00}, c_{01}, c_{x0}, c_{x1}\right),\,a_{0_{1}}\left(c_{00}, c_{01}, c_{10}, c_{11}\right)\right)$ wrt $\left(\begin{array}{c}
  c_{00}\\
  c_{01}
\end{array}\right)$
is $\left(\begin{array}{rr}
D[0]\left(k_{0}\right)\left(c_{00}, c_{01}\right) & D[1]\left(k_{0}\right)\left(c_{00}, c_{01}\right) \\
D[0]\left(a_{0_{0}}\right)\left(c_{00}, c_{01}, c_{x0}, c_{x1}\right) & D[1]\left(a_{0_{0}}\right)\left(c_{00}, c_{01}, c_{x0}, c_{x1}\right) \\
D[0]\left(a_{0_{1}}\right)\left(c_{00}, c_{01}, c_{10}, c_{11}\right) & D[1]\left(a_{0_{1}}\right)\left(c_{00}, c_{01}, c_{10}, c_{11}\right)
\end{array}\right)$
; $\left(\begin{array}{rr}
D[0]\left(k_{0}\right)\left(c_{00}, c_{01}\right) & D[1]\left(k_{0}\right)\left(c_{00}, c_{01}\right) \\
D[0]\left(a_{0_{0}}\right)\left(c_{00}, c_{01}, c_{00}, c_{01}\right) & D[1]\left(a_{0_{0}}\right)\left(c_{00}, c_{01}, c_{00}, c_{01}\right) \\
D[0]\left(a_{0_{1}}\right)\left(c_{00}, c_{01}, c_{10}, c_{11}\right) & D[1]\left(a_{0_{1}}\right)\left(c_{00}, c_{01}, c_{10}, c_{11}\right)
\end{array}\right)$
: $\left(\begin{array}{rr}
0 & 0 \\
0 & 0 \\
-c_{10} & -c_{11}
\end{array}\right)$
plot k vs. t
k_0: 1
k_1: 1
plot a vs. t
plot X vs. t
plot R vs. t
plot a vs. a
plot a vs. a with arrows
[ -e maclev-2-2-a-c-geom.sage.status ] && (rm -f maclev-2-2-a-c-geom.sage.status && mv maclev-2-2-a-c-geom.sage.dmp maclev-2-2-a-c-geom.sage.out) || exit 1
latexml  --destination=maclev-2-2-a-c-geom.sage.out.latexml.xml maclev-2-2-a-c-geom.sage.out.tex
latexml (LaTeXML version v0.8.0; revision 70f0ce4)
processing started Mon Mar 30 10:58:09 2015

(Digesting TeX maclev-2-2-a-c-geom.sage.out...
(Loading /usr/local/share/perl/5.18.2/LaTeXML/Package/TeX.pool.ltxml...
(Loading /usr/local/share/perl/5.18.2/LaTeXML/Package/eTeX.pool.ltxml... 0.00 sec)
(Loading /usr/local/share/perl/5.18.2/LaTeXML/Package/pdfTeX.pool.ltxml... 0.01 sec) 0.20 sec)
(Processing content /usr/local/src/jekyll-research/wmd_files/Selection_Gradients/maclev-2-2-a-c-geom.sage.out.tex...
(Loading /usr/local/share/perl/5.18.2/LaTeXML/Package/LaTeX.pool.ltxml... 0.21 sec)
(Loading /usr/local/share/perl/5.18.2/LaTeXML/Package/article.cls.ltxml... 0.02 sec)
(Loading /usr/local/share/perl/5.18.2/LaTeXML/Package/amsmath.sty.ltxml...
(Loading /usr/local/share/perl/5.18.2/LaTeXML/Package/amsbsy.sty.ltxml... 0.00 sec)
(Loading /usr/local/share/perl/5.18.2/LaTeXML/Package/amstext.sty.ltxml... 0.00 sec)
(Loading /usr/local/share/perl/5.18.2/LaTeXML/Package/amsopn.sty.ltxml... 0.00 sec) 0.05 sec)
(Loading /usr/local/share/perl/5.18.2/LaTeXML/Package/amssymb.sty.ltxml...
(Loading /usr/local/share/perl/5.18.2/LaTeXML/Package/amsfonts.sty.ltxml... 0.00 sec) 0.03 sec)
(Loading /usr/local/share/perl/5.18.2/LaTeXML/Package/graphicx.sty.ltxml...
(Loading /usr/local/share/perl/5.18.2/LaTeXML/Package/graphics.sty.ltxml... 0.00 sec) 0.03 sec)
(Loading /usr/local/share/perl/5.18.2/LaTeXML/Package/inputenc.sty.ltxml...
(Loading /usr/local/share/perl/5.18.2/LaTeXML/Package/utf8.def.ltxml... 0.00 sec) 0.01 sec)
(Loading /usr/local/share/perl/5.18.2/LaTeXML/Package/fontenc.sty.ltxml...
(Loading /usr/local/share/perl/5.18.2/LaTeXML/Package/t1enc.def.ltxml...
(Processing definitions /usr/share/texlive/texmf-dist/tex/latex/base/t1enc.def...
(Loading /usr/local/share/perl/5.18.2/LaTeXML/Package/t1.fontmap.ltxml... 0.00 sec) 0.09 sec) 0.14 sec) 0.15 sec) 0.77 sec) 0.98 sec)
(Building...
(Loading compiled schema /usr/local/share/perl/5.18.2/LaTeXML/resources/RelaxNG/LaTeXML.model... 0.02 sec)............................... 0.94 sec)
(Rewriting... 0.03 sec)
(Math Parsing...7 formulae ...[1][2][3][4][5][6][7]
Math parsing succeeded:
   ltx:XMath: 7/7
   ltx:XMArg: 98/98
Symbols assumed as simple identifiers (with # of occurences):
   'A{italic}' (5), 'D{italic}' (13), 'I{italic}' (1), 'S{italic}' (2), 'a{italic}' (28), 'c{italic}' (36), 'd{italic}' (2), 'k{italic}' (10), 't{italic}' (25), 'u{italic}' (2)
Possibly used as functions?
  'A{italic}' (4/5 usages), 'D{italic}' (13/13 usages), 'I{italic}' (1/1 usages), 'S{italic}' (2/2 usages), 'c{italic}' (12/36 usages)
 1.97 sec)
(Finalizing... 0.18 sec)
Conversion complete: No obvious problems.
processing finished Mon Mar 30 10:58:14 2015
Updating .workingwiki/maclev-2-2-a-c-geom.sage.out.latexml.xml
rm -f maclev-2-2-a-c-geom.sage.out.latexml.html5
bibxmls=`perl -ne '($_)=/^[^%]*\\\bibliography\{([^\\\\#]*?)\}/;@_=split /,/;foreach $b (@_) { $b =~ s/\.bib$//; print "$b.bib.xml "}' maclev-2-2-a-c-geom.sage.out.latexml.xml`; bibxargs=`perl -ne '($_)=/^[^%]*\\\bibliography\{([^\\\\#]*?)\}/;@_=split /,/;foreach $b (@_) { $b =~ s/\.bib$//; print "--bibliography=$b.bib.xml "}' maclev-2-2-a-c-geom.sage.out.latexml.xml` && \
	(test -z "$bibxmls" || /usr/bin/make -f /usr/local/src/workingwiki-trunk/ProjectEngine/resources/makefile $bibxmls) && \
	lxpost="latexmlpost --noplane1 --novalidate --destination=maclev-2-2-a-c-geom.sage.out.intermediate.latexml.html5 --format=html5 $bibxargs maclev-2-2-a-c-geom.sage.out.latexml.xml" && echo $lxpost && $lxpost
latexmlpost --noplane1 --novalidate --destination=maclev-2-2-a-c-geom.sage.out.intermediate.latexml.html5 --format=html5 maclev-2-2-a-c-geom.sage.out.latexml.xml
latexmlpost (LaTeXML version v0.8.0; revision 70f0ce4)
processing started Mon Mar 30 10:58:14 2015
(maclev-2-2-a-c-geom.sage.out.intermediate.latexml.html5 post-processing...
(Scan maclev-2-2-a-c-geom.sage.out.intermediate.latexml.html5 processing...
(CrossRef maclev-2-2-a-c-geom.sage.out.intermediate.latexml.html5 processing...
(MathML::Presentation maclev-2-2-a-c-geom.sage.out.intermediate.latexml.html5 7 to process...
(XSLT maclev-2-2-a-c-geom.sage.out.intermediate.latexml.html5 processing...
(Writer maclev-2-2-a-c-geom.sage.out.intermediate.latexml.html5 processing... 0.28 sec)
Postprocessing complete: No obvious problems
processing finished Mon Mar 30 10:58:15 2015
/usr/local/src/workingwiki-trunk/ProjectEngine/resources/wiki-inclusion.latexml.pl maclev-2-2-a-c-geom.sage.out.intermediate.latexml.html5 >maclev-2-2-a-c-geom.sage.out.latexml.html5
ln -f maclev-2-2-a-c-geom.sage.out.latexml.html5 maclev-2-2-a-c-geom.sage.out.latexml.html
ln -f maclev-2-2-a-c-geom.sage.out.latexml.html maclev-2-2-a-c-geom.sage.out.html
rm maclev-2-2-a-c-geom.sage.out.latexml.html maclev-2-2-a-c-geom.sage.out.latexml.html5 maclev-2-2-a-c-geom.sage.out.latexml.xml
make: Leaving directory `/usr/local/src/jekyll-research/wmd_files/Selection_Gradients'
Make succeeded.
Mon Mar 30 10:58:15 2015
