set_population_indices: [0, 1]
set_population_indices: [0, 1]
set_population_indices: [0, 1]
set_population_indices: [0, 1]
set_population_indices: [0, 1, 2]
set_population_indices: [0, 1, 2]
The invasion rate for mutant population is:
\begin{align*}
  \mathscr I = \frac{1}{X_{2}}\frac{dX_{2}}{dt} &= -{\left(\frac{{\left(X_{0} {c}_{00} + X_{1} {c}_{10} + X_{2} {c}_{20} - K_{0} r_{0}\right)} {c}_{20} w_{0}}{r_{0}} + \frac{{\left(X_{0} {c}_{01} + X_{1} {c}_{11} + X_{2} {c}_{21} - K_{1} r_{1}\right)} {c}_{21} w_{1}}{r_{1}} + m_{2}\right)} b_{2} 
\end{align*}

limit as {c_0_2: c_0_0, c_1_2: c_1_0}
simplify to 0
simplify to 0
after those limits:
   0
  0
simplify to 0
simplify to 0
set_population_indices: [0, 1, 2]
set_population_indices: [0, 1, 2]
The invasion rate for mutant population is:
\begin{align*}
  \mathscr I = \frac{1}{X_{2}}\frac{dX_{2}}{dt} &= -{\left(\frac{{\left(X_{0} {c}_{00} + X_{1} {c}_{10} + X_{2} {c}_{20} - K_{0} r_{0}\right)} {c}_{20} w_{0}}{r_{0}} + \frac{{\left(X_{0} {c}_{01} + X_{1} {c}_{11} + X_{2} {c}_{21} - K_{1} r_{1}\right)} {c}_{21} w_{1}}{r_{1}} + m_{2}\right)} b_{2} 
\end{align*}

limit as {c_0_2: c_0_1, c_1_2: c_1_1}
simplify to 0
simplify to 0
after those limits:
   0
  0
simplify to 0
simplify to 0
ad flow: {c_0_1: 0, c_0_0: 0, c_1_1: 0, c_1_0: 0}
+ bindings: {Rhat_0 -> -Xhat_0*c_0_0 - Xhat_1*c_1_0 + 2, gamma -> 1, K_0 -> 2, b_3 -> 1, b_0 -> 1, m_3 -> 1, R_1 -> -X_0*c_0_1 - X_1*c_1_1 + 2, R_0 -> -X_0*c_0_0 - X_1*c_1_0 + 2, Rhat_1 -> -Xhat_0*c_0_1 - Xhat_1*c_1_1 + 2, r_0 -> 1, b_2 -> 1, r_1 -> 1, m_2 -> 1, b_1 -> 1, w_0 -> 1, m_1 -> 1, m_0 -> 1, w_1 -> 1, K_1 -> 2}
--> flow: {c_0_1: 0, c_0_0: 0, c_1_1: 0, c_1_0: 0}
c_0_0 -> 0
c_1_0 -> 0
c_0_1 -> 0
c_1_1 -> 0
(bindings:  {gamma -> 1, K_0 -> 2, b_3 -> 1, b_0 -> 1, m_3 -> 1, r_0 -> 1, b_2 -> 1, r_1 -> 1, m_2 -> 1, b_1 -> 1, w_0 -> 1, m_1 -> 1, m_0 -> 1, w_1 -> 1, K_1 -> 2} )
solve
NumericalODESystem.solve
done
