Mon Mar 30 10:55:29 2015
/usr/bin/make -C /usr/local/src/jekyll-research/wmd_files/Selection_Gradients \
    maclev-2-2-a-c-adap.sage.out.html
Including .mk files: sage.mk sage-inline.mk 
Including .mk files from .step files: foodweb.py.mk foodweb.sage.mk foodweb.plot.sage.mk foodweb-2-2.sage.mk foodweb-2-2.plot.sage.mk maclev-1-1.sage.mk maclev-1-1-adap.sage.mk maclev-1-1-mc-adap-geom.sage.mk maclev-1-1-ak-adap-geom.sage.mk S-A-vector-field.sage.mk maclev-1-1-d1A-vector-field.sage.mk maclev-1-1-S-and-d1A-on-curve.sage.mk maclev-1-1-S-and-D-on-curve.sage.mk maclev_1_2_defs.py.mk maclev-1-2-popdyn.sage.mk maclev-1-2-adap.sage.mk maclev-1-2-p.sage.mk maclev-1-2-zngi.sage.mk maclev-1-2-geom.sage.mk maclev_unconstrained_c.py.mk maclev-2-2-c-popdyn.sage.mk maclev-2-2-c-adap.sage.mk maclev-2-2-c-p.sage.mk maclev-2-2-c-zngi.sage.mk maclev-2-2-c-geom.sage.mk maclev_2_2_defs.py.mk maclev-2-2-popdyn.sage.mk maclev-2-2-adap.sage.mk maclev-2-2-p.sage.mk maclev-2-2-zngi.sage.mk maclev-2-2-geom.sage.mk maclev_a_only_defs.py.mk maclev-a-only-popdyn.sage.mk maclev-a-only-adap.sage.mk maclev-a-only-p.sage.mk maclev-a-only-zngi.sage.mk maclev-a-only-geom.sage.mk maclev_a_c.py.mk maclev-2-2-a-c-popdyn.sage.mk maclev-2-2-a-c-adap.sage.mk maclev-2-2-a-c-p.sage.mk maclev-2-2-a-c-zngi.sage.mk maclev-2-2-a-c-geom.sage.mk maclevmodels.py.mk lotkavolterra.py.mk toc.sage.mk maclev-2-2-zngi-invasion.sage.mk
Including .mk files from .sage-inline files: avec.sage.mk a-careful.sage.mk
Including .tex.d files: foodweb-2-2.tikz.tex.d foodweb.tikz.tex.d
make: Entering directory `/usr/local/src/jekyll-research/wmd_files/Selection_Gradients'
/usr/bin/make --no-print-directory -C /usr/local/src/jekyll-research/wmd_files/SageDynamicsRepo/SageDynamics dynamicalsystems.py
Including .mk files:  
Including .tex.d files: 
make[1]: Nothing to be done for `dynamicalsystems.py'.
/usr/bin/make --no-print-directory -C /usr/local/src/jekyll-research/wmd_files/SageDynamicsRepo/SageAdaptiveDynamics adaptivedynamics.py
Including .mk files:  
Including .tex.d files: 
make[1]: Nothing to be done for `adaptivedynamics.py'.
rm -f maclev-2-2-a-c-adap.sage.out maclev-2-2-a-c-adap.sage.status maclev-2-2-a-c-adap.sage.out.tex maclev-2-2-a-c-adap.sobj
(sage maclev-2-2-a-c-adap.sage && touch maclev-2-2-a-c-adap.sage.status) | tee maclev-2-2-a-c-adap.sage.dmp
create adaptive dynamics
The invasion rate for mutant population is:
\begin{align*}
  \mathscr I = \frac{1}{X_{2}}\frac{dX_{2}}{dt} &= -K_{0} c_{20} - K_{1} c_{21} - \frac{{\left(X_{0} c_{00} + X_{1} c_{10} + X_{2} c_{20} - K_{0} r_{0}\right)} c_{20} w_{0}}{r_{0}} - \frac{{\left(X_{0} c_{01} + X_{1} c_{11} + X_{2} c_{21} - K_{1} r_{1}\right)} c_{21} w_{1}}{r_{1}} + 1 
\end{align*}

limit as {c_2_1: c_0_1, c_2_0: c_0_0}
after those limits:
   -(X_0*c_0_0*w_0 + 2*X_2*c_0_0*w_0 + X_1*c_1_0*w_0 - (r_0*w_0 - r_0)*K_0)/r_0
  K_1*w_1 - X_0*c_0_1*w_1/r_1 - 2*X_2*c_0_1*w_1/r_1 - X_1*c_1_1*w_1/r_1 - K_1
- (2 _SAGE_VAR_c_0_0 _SAGE_VAR_w_0 _SAGE_VAR_X_2
 + _SAGE_VAR_c_1_0 _SAGE_VAR_w_0 _SAGE_VAR_X_1
 + _SAGE_VAR_c_0_0 _SAGE_VAR_w_0 _SAGE_VAR_X_0
 - (_SAGE_VAR_r_0 _SAGE_VAR_w_0 - _SAGE_VAR_r_0) _SAGE_VAR_K_0)/_SAGE_VAR_r_0
limit as                                  _SAGE_VAR_X_2 -> 0
 --> - (_SAGE_VAR_c_1_0 _SAGE_VAR_w_0 _SAGE_VAR_X_1
 + _SAGE_VAR_c_0_0 _SAGE_VAR_w_0 _SAGE_VAR_X_0
 - (_SAGE_VAR_r_0 _SAGE_VAR_w_0 - _SAGE_VAR_r_0) _SAGE_VAR_K_0)/_SAGE_VAR_r_0
The invasion rate for mutant population is:
\begin{align*}
  \mathscr I = \frac{1}{X_{2}}\frac{dX_{2}}{dt} &= -K_{0} c_{20} - K_{1} c_{21} - \frac{{\left(X_{0} c_{00} + X_{1} c_{10} + X_{2} c_{20} - K_{0} r_{0}\right)} c_{20} w_{0}}{r_{0}} - \frac{{\left(X_{0} c_{01} + X_{1} c_{11} + X_{2} c_{21} - K_{1} r_{1}\right)} c_{21} w_{1}}{r_{1}} + 1 
\end{align*}

limit as {c_2_1: c_1_1, c_2_0: c_1_0}
after those limits:
   -(X_0*c_0_0*w_0 + X_1*c_1_0*w_0 + 2*X_2*c_1_0*w_0 - (r_0*w_0 - r_0)*K_0)/r_0
  K_1*w_1 - X_0*c_0_1*w_1/r_1 - X_1*c_1_1*w_1/r_1 - 2*X_2*c_1_1*w_1/r_1 - K_1
- (2 _SAGE_VAR_c_1_0 _SAGE_VAR_w_0 _SAGE_VAR_X_2
 + _SAGE_VAR_c_1_0 _SAGE_VAR_w_0 _SAGE_VAR_X_1
 + _SAGE_VAR_c_0_0 _SAGE_VAR_w_0 _SAGE_VAR_X_0
 - (_SAGE_VAR_r_0 _SAGE_VAR_w_0 - _SAGE_VAR_r_0) _SAGE_VAR_K_0)/_SAGE_VAR_r_0
limit as                                  _SAGE_VAR_X_2 -> 0
 --> - (_SAGE_VAR_c_1_0 _SAGE_VAR_w_0 _SAGE_VAR_X_1
 + _SAGE_VAR_c_0_0 _SAGE_VAR_w_0 _SAGE_VAR_X_0
 - (_SAGE_VAR_r_0 _SAGE_VAR_w_0 - _SAGE_VAR_r_0) _SAGE_VAR_K_0)/_SAGE_VAR_r_0
ad flow: {c_0_1: -(Xhat_0*c_0_1*w_1 + Xhat_1*c_1_1*w_1 - (r_1*w_1 - r_1)*K_1)*Xhat_0*gamma/r_1, c_0_0: -(Xhat_0*c_0_0*w_0 + Xhat_1*c_1_0*w_0 - (r_0*w_0 - r_0)*K_0)*Xhat_0*gamma/r_0, c_1_1: -(Xhat_0*c_0_1*w_1 + Xhat_1*c_1_1*w_1 - (r_1*w_1 - r_1)*K_1)*Xhat_1*gamma/r_1, c_1_0: -(Xhat_0*c_0_0*w_0 + Xhat_1*c_1_0*w_0 - (r_0*w_0 - r_0)*K_0)*Xhat_1*gamma/r_0}
+ bindings: {gamma -> 1, b_3 -> 1, m_3 -> 2*c_3_0 + 2*c_3_1 - 1, r_1 -> 1, Rhat_0 -> -Xhat_0*c_0_0 - Xhat_1*c_1_0 + 2, m_0 -> 2*c_0_0 + 2*c_0_1 - 1, R_0 -> -X_0*c_0_0 - X_1*c_1_0 + 2, K_0 -> 2, m_1 -> 2*c_1_0 + 2*c_1_1 - 1, b_0 -> 1, w_1 -> 1, w_0 -> 1, b_2 -> 1, Rhat_1 -> -Xhat_0*c_0_1 - Xhat_1*c_1_1 + 2, b_1 -> 1, r_0 -> 1, K_1 -> 2, m_2 -> 2*c_2_0 + 2*c_2_1 - 1, R_1 -> -X_0*c_0_1 - X_1*c_1_1 + 2}
--> flow: {c_0_1: -(Xhat_0*c_0_1 + Xhat_1*c_1_1)*Xhat_0, c_0_0: -(Xhat_0*c_0_0 + Xhat_1*c_1_0)*Xhat_0, c_1_1: -(Xhat_0*c_0_1 + Xhat_1*c_1_1)*Xhat_1, c_1_0: -(Xhat_0*c_0_0 + Xhat_1*c_1_0)*Xhat_1}
solve
 lsoda--  warning..internal t (=r1) and h (=r2) are
       such that in the machine, t + h = t on the next step  
       (h = step size). solver will continue anyway
      In above,  R1 =  0.1249976617930E+00   R2 =  0.4643913601293E-17
 lsoda--  warning..internal t (=r1) and h (=r2) are
       such that in the machine, t + h = t on the next step  
       (h = step size). solver will continue anyway
      In above,  R1 =  0.1249976617930E+00   R2 =  0.4643913601293E-17
 lsoda--  warning..internal t (=r1) and h (=r2) are
       such that in the machine, t + h = t on the next step  
       (h = step size). solver will continue anyway
      In above,  R1 =  0.1249976617930E+00   R2 =  0.4643913601293E-17
 lsoda--  warning..internal t (=r1) and h (=r2) are
       such that in the machine, t + h = t on the next step  
       (h = step size). solver will continue anyway
      In above,  R1 =  0.1249976617930E+00   R2 =  0.6768238584980E-17
 lsoda--  warning..internal t (=r1) and h (=r2) are
       such that in the machine, t + h = t on the next step  
       (h = step size). solver will continue anyway
      In above,  R1 =  0.1249976617930E+00   R2 =  0.1692059646245E-17
 lsoda--  warning..internal t (=r1) and h (=r2) are
       such that in the machine, t + h = t on the next step  
       (h = step size). solver will continue anyway
      In above,  R1 =  0.1249976617930E+00   R2 =  0.1692059646245E-17
 lsoda--  warning..internal t (=r1) and h (=r2) are
       such that in the machine, t + h = t on the next step  
       (h = step size). solver will continue anyway
      In above,  R1 =  0.1249976617930E+00   R2 =  0.1692059646245E-17
 lsoda--  warning..internal t (=r1) and h (=r2) are
       such that in the machine, t + h = t on the next step  
       (h = step size). solver will continue anyway
      In above,  R1 =  0.1249976617930E+00   R2 =  0.2735313513472E-17
 lsoda--  warning..internal t (=r1) and h (=r2) are
       such that in the machine, t + h = t on the next step  
       (h = step size). solver will continue anyway
      In above,  R1 =  0.1249976617930E+00   R2 =  0.6838283783679E-18
 lsoda--  warning..internal t (=r1) and h (=r2) are
       such that in the machine, t + h = t on the next step  
       (h = step size). solver will continue anyway
      In above,  R1 =  0.1249976617930E+00   R2 =  0.6838283783679E-18
 lsoda--  above warning has been issued i1 times.  
       it will not be issued again for this problem
      In above message,  I1 =        10
capi_return is NULL
Call-back cb_f_in_lsoda__user__routines failed.
done
[ -e maclev-2-2-a-c-adap.sage.status ] && (rm -f maclev-2-2-a-c-adap.sage.status && mv maclev-2-2-a-c-adap.sage.dmp maclev-2-2-a-c-adap.sage.out) || exit 1
latexml  --destination=maclev-2-2-a-c-adap.sage.out.latexml.xml maclev-2-2-a-c-adap.sage.out.tex
latexml (LaTeXML version v0.8.0; revision 70f0ce4)
processing started Mon Mar 30 10:55:43 2015

(Digesting TeX maclev-2-2-a-c-adap.sage.out...
(Loading /usr/local/share/perl/5.18.2/LaTeXML/Package/TeX.pool.ltxml...
(Loading /usr/local/share/perl/5.18.2/LaTeXML/Package/eTeX.pool.ltxml... 0.00 sec)
(Loading /usr/local/share/perl/5.18.2/LaTeXML/Package/pdfTeX.pool.ltxml... 0.01 sec) 0.22 sec)
(Processing content /usr/local/src/jekyll-research/wmd_files/Selection_Gradients/maclev-2-2-a-c-adap.sage.out.tex...
(Loading /usr/local/share/perl/5.18.2/LaTeXML/Package/LaTeX.pool.ltxml... 0.23 sec)
(Loading /usr/local/share/perl/5.18.2/LaTeXML/Package/article.cls.ltxml... 0.02 sec)
(Loading /usr/local/share/perl/5.18.2/LaTeXML/Package/amsmath.sty.ltxml...
(Loading /usr/local/share/perl/5.18.2/LaTeXML/Package/amsbsy.sty.ltxml... 0.00 sec)
(Loading /usr/local/share/perl/5.18.2/LaTeXML/Package/amstext.sty.ltxml... 0.00 sec)
(Loading /usr/local/share/perl/5.18.2/LaTeXML/Package/amsopn.sty.ltxml... 0.00 sec) 0.05 sec)
(Loading /usr/local/share/perl/5.18.2/LaTeXML/Package/amssymb.sty.ltxml...
(Loading /usr/local/share/perl/5.18.2/LaTeXML/Package/amsfonts.sty.ltxml... 0.00 sec) 0.03 sec)
(Loading /usr/local/share/perl/5.18.2/LaTeXML/Package/graphicx.sty.ltxml...
(Loading /usr/local/share/perl/5.18.2/LaTeXML/Package/graphics.sty.ltxml... 0.00 sec) 0.03 sec)
(Loading /usr/local/share/perl/5.18.2/LaTeXML/Package/inputenc.sty.ltxml...
(Loading /usr/local/share/perl/5.18.2/LaTeXML/Package/utf8.def.ltxml... 0.00 sec) 0.01 sec)
(Loading /usr/local/share/perl/5.18.2/LaTeXML/Package/fontenc.sty.ltxml...
(Loading /usr/local/share/perl/5.18.2/LaTeXML/Package/t1enc.def.ltxml...
(Processing definitions /usr/share/texlive/texmf-dist/tex/latex/base/t1enc.def...
(Loading /usr/local/share/perl/5.18.2/LaTeXML/Package/t1.fontmap.ltxml... 0.00 sec) 0.09 sec) 0.14 sec) 0.15 sec) 0.72 sec) 0.95 sec)
(Building...
(Loading compiled schema /usr/local/share/perl/5.18.2/LaTeXML/resources/RelaxNG/LaTeXML.model... 0.02 sec).................. 0.53 sec)
(Rewriting... 0.03 sec)
(Math Parsing...19 formulae ...[1][2][3][4][5][6][7][8][9][10][11][12][13][14][15][16][17][18][19]
Math parsing succeeded:
   ltx:XMArg: 152/152
   ltx:XMath: 19/19
Symbols assumed as simple identifiers (with # of occurences):
   'X{italic}' (24), 'c{italic}' (56), 'd{italic}' (24), 't{italic}' (12)
 1.17 sec)
(Finalizing... 0.16 sec)
Conversion complete: No obvious problems.
processing finished Mon Mar 30 10:55:46 2015
Updating .workingwiki/maclev-2-2-a-c-adap.sage.out.latexml.xml
rm -f maclev-2-2-a-c-adap.sage.out.latexml.html5
bibxmls=`perl -ne '($_)=/^[^%]*\\\bibliography\{([^\\\\#]*?)\}/;@_=split /,/;foreach $b (@_) { $b =~ s/\.bib$//; print "$b.bib.xml "}' maclev-2-2-a-c-adap.sage.out.latexml.xml`; bibxargs=`perl -ne '($_)=/^[^%]*\\\bibliography\{([^\\\\#]*?)\}/;@_=split /,/;foreach $b (@_) { $b =~ s/\.bib$//; print "--bibliography=$b.bib.xml "}' maclev-2-2-a-c-adap.sage.out.latexml.xml` && \
	(test -z "$bibxmls" || /usr/bin/make -f /usr/local/src/workingwiki-trunk/ProjectEngine/resources/makefile $bibxmls) && \
	lxpost="latexmlpost --noplane1 --novalidate --destination=maclev-2-2-a-c-adap.sage.out.intermediate.latexml.html5 --format=html5 $bibxargs maclev-2-2-a-c-adap.sage.out.latexml.xml" && echo $lxpost && $lxpost
latexmlpost --noplane1 --novalidate --destination=maclev-2-2-a-c-adap.sage.out.intermediate.latexml.html5 --format=html5 maclev-2-2-a-c-adap.sage.out.latexml.xml
latexmlpost (LaTeXML version v0.8.0; revision 70f0ce4)
processing started Mon Mar 30 10:55:46 2015
(maclev-2-2-a-c-adap.sage.out.intermediate.latexml.html5 post-processing...
(Scan maclev-2-2-a-c-adap.sage.out.intermediate.latexml.html5 processing...
(CrossRef maclev-2-2-a-c-adap.sage.out.intermediate.latexml.html5 processing...
(MathML::Presentation maclev-2-2-a-c-adap.sage.out.intermediate.latexml.html5 19 to process...
(XSLT maclev-2-2-a-c-adap.sage.out.intermediate.latexml.html5 processing...
(Writer maclev-2-2-a-c-adap.sage.out.intermediate.latexml.html5 processing... 0.28 sec)
Postprocessing complete: No obvious problems
processing finished Mon Mar 30 10:55:47 2015
/usr/local/src/workingwiki-trunk/ProjectEngine/resources/wiki-inclusion.latexml.pl maclev-2-2-a-c-adap.sage.out.intermediate.latexml.html5 >maclev-2-2-a-c-adap.sage.out.latexml.html5
ln -f maclev-2-2-a-c-adap.sage.out.latexml.html5 maclev-2-2-a-c-adap.sage.out.latexml.html
ln -f maclev-2-2-a-c-adap.sage.out.latexml.html maclev-2-2-a-c-adap.sage.out.html
rm maclev-2-2-a-c-adap.sage.out.latexml.xml maclev-2-2-a-c-adap.sage.out.latexml.html maclev-2-2-a-c-adap.sage.out.latexml.html5
make: Leaving directory `/usr/local/src/jekyll-research/wmd_files/Selection_Gradients'
Make succeeded.
Mon Mar 30 10:55:47 2015
