ad bindings: {r_0 -> 1, w_0 -> 1, c_1_0 -> u_1, R_0 -> -X_0*u_0 + 2, gamma -> 1, K_0 -> 2, m_0 -> 1, c_0_0 -> u_0, Xhat_0 -> (2*u_0 - 1)/u_0^2, b_1 -> 1, b_0 -> 1, Rhat_0 -> -(2*u_0 - 1)/u_0 + 2, m_1 -> 1}
model bindings: {Rhat_0 -> -(Xhat_0*c_0_0 - K_0*r_0)/r_0, R_0 -> -(X_0*c_0_0 - K_0*r_0)/r_0}
_early_bindings: {c_1_0 -> u_1, m_0 -> 1, c_0_0 -> u_0, b_1 -> 1, b_0 -> 1, m_1 -> 1}
_late_bindings: {}
make LV model
Inferring LV coefficients from X_0 equation: K_0*X_0*b_0*c_0_0*w_0 - X_0^2*b_0*c_0_0^2*w_0/r_0 - X_0*b_0*m_0
k_0 : K_0*b_0*c_0_0*w_0 - b_0*m_0
aij_dict: {k_0: K_0*b_0*c_0_0*w_0 - b_0*m_0, a_0_0: -b_0*c_0_0^2*w_0/r_0}
set_population_indices: [0]
Inferring LV coefficients from X_0 equation: K_0*X_0*b_0*c_0_0*w_0 - X_0^2*b_0*c_0_0^2*w_0/r_0 - X_0*b_0*m_0
k_0 : K_0*b_0*c_0_0*w_0 - b_0*m_0
aij_dict: {k_0: K_0*b_0*c_0_0*w_0 - b_0*m_0, a_0_0: -b_0*c_0_0^2*w_0/r_0}
_A_bindings: {k_0 -> K_0*b_0*c_0_0*w_0 - b_0*m_0, a_0_0 -> -b_0*c_0_0^2*w_0/r_0}
make LV adaptive dynamics
population vars [X_0]
population vars [X_0]
set_population_indices: [0, 1]
set_population_indices: [0, 1]
set_population_indices: [0, 1]
Inferring LV coefficients from X_0 equation: K_0*X_0*b_0*c_0_0*w_0 - X_0^2*b_0*c_0_0^2*w_0/r_0 - X_0*X_1*b_0*c_0_0*c_1_0*w_0/r_0 - X_0*b_0*m_0
a_0_1 : -b_0*c_0_0*c_1_0*w_0/r_0
k_0 : K_0*b_0*c_0_0*w_0 - b_0*m_0
Inferring LV coefficients from X_1 equation: K_0*X_1*b_1*c_1_0*w_0 - X_0*X_1*b_1*c_0_0*c_1_0*w_0/r_0 - X_1^2*b_1*c_1_0^2*w_0/r_0 - X_1*b_1*m_1
a_1_0 : -b_1*c_0_0*c_1_0*w_0/r_0
k_1 : K_0*b_1*c_1_0*w_0 - b_1*m_1
aij_dict: {k_1: K_0*b_1*c_1_0*w_0 - b_1*m_1, a_0_1: -b_0*c_0_0*c_1_0*w_0/r_0, a_0_0: -b_0*c_0_0^2*w_0/r_0, a_1_1: -b_1*c_1_0^2*w_0/r_0, k_0: K_0*b_0*c_0_0*w_0 - b_0*m_0, a_1_0: -b_1*c_0_0*c_1_0*w_0/r_0}
The invasion rate for mutant population is:
\begin{align*}
  \mathscr I = \frac{1}{X_{1}}\frac{dX_{1}}{dt} &= X_{0} {a}_{10} + X_{1} {a}_{11} + k_{1} 
\end{align*}

limit as {k_1: k_0, a_1_0: a_0_0}
after those limits:
   1
  X_0
Original pop-dyn system: 
\[\iflatexml
\begin{align*}
\frac{dX_{0}}{dt} &= {\left(X_{0} {a}_{00} + k_{0}\right)} X_{0}
\end{align*}
\else
\begin{dgroup*}
\begin{dmath*}
\frac{dX_{0}}{dt} = {\left(X_{0} {a}_{00} + k_{0}\right)} X_{0}
\end{dmath*}
\end{dgroup*}
\fi
\]
Extended pop-dyn system: 
\[\iflatexml
\begin{align*}
\frac{dX_{0}}{dt} &= {\left(X_{0} {a}_{00} + X_{1} {a}_{01} + k_{0}\right)} X_{0}\\
\frac{dX_{1}}{dt} &= {\left(X_{0} {a}_{10} + X_{1} {a}_{11} + k_{1}\right)} X_{1}
\end{align*}
\else
\begin{dgroup*}
\begin{dmath*}
\frac{dX_{0}}{dt} = {\left(X_{0} {a}_{00} + X_{1} {a}_{01} + k_{0}\right)} X_{0}\end{dmath*}
\begin{dmath*}
\frac{dX_{1}}{dt} = {\left(X_{0} {a}_{10} + X_{1} {a}_{11} + k_{1}\right)} X_{1}
\end{dmath*}
\end{dgroup*}
\fi
\]
 The invasion rate for mutant population is:
\begin{align*}
  \mathscr I = \frac{1}{X_{1}}\frac{dX_{1}}{dt} &= X_{0} {a}_{10} + X_{1} {a}_{11} + k_{1} 
\end{align*}
 And the invasion exponent is
\begin{align*}
  \frac{\partial\mathscr I}{\partial k_{0}} = \lim_{k_{1}\to k_{0},{a}_{10}\to {a}_{00},X_{1}\to0}1\\
  \frac{\partial\mathscr I}{\partial {a}_{00}} = \lim_{k_{1}\to k_{0},{a}_{10}\to {a}_{00},X_{1}\to0}X_{0} .
\end{align*}
 Which comes out to
\begin{align*}
  \frac{\partial\mathscr I}{\partial k_{0}} = 1\\
  \frac{\partial\mathscr I}{\partial {a}_{00}} = X_{0} .
\end{align*}
 \[ \mathbf S \left(\begin{array}{c}
  k_{0}\\
  {a}_{00}
\end{array}\right) = \left(\begin{array}{c}
  1\\
  \hat{X}_{0}
\end{array}\right) \]
 Equilibrium of the population dynamics: 
\[ \begin{align*}
  X_{0} &\to \hat{X}_{0}
\end{align*} \]
 The adaptive dynamics comes out to 
\[ \iflatexml
\begin{align*}
\frac{dk_{0}}{dt} &= \hat{X}_{0} \gamma\\
\frac{d{a}_{00}}{dt} &= \hat{X}_{0}^{2} \gamma
\end{align*}
\else
\begin{dgroup*}
\begin{dmath*}
\frac{dk_{0}}{dt} = \hat{X}_{0} \gamma\end{dmath*}
\begin{dmath*}
\frac{d{a}_{00}}{dt} = \hat{X}_{0}^{2} \gamma
\end{dmath*}
\end{dgroup*}
\fi
 \]

make LV evolution bindings
