Sun Jan 25 22:00:09 2015
/usr/bin/make -C /usr/local/src/jekyll-research/wmd_files/Selection_Gradients \
    maclev-2-2-a-c-zngi.sage.out.html
Including .mk files: sage.mk sage-inline.mk 
Including .mk files from .step files: maclev-1-1.sage.mk maclev-1-1-adap.sage.mk maclev-1-1-mc-adap-geom.sage.mk maclev-1-1-ak-adap-geom.sage.mk S-A-vector-field.sage.mk maclev-1-1-d1A-vector-field.sage.mk maclev-1-1-S-and-d1A-on-curve.sage.mk maclev-1-1-S-and-D-on-curve.sage.mk maclev_1_2_defs.py.mk maclev-1-2-popdyn.sage.mk maclev-1-2-adap.sage.mk maclev-1-2-p.sage.mk maclev-1-2-zngi.sage.mk maclev-1-2-geom.sage.mk maclev_unconstrained_c.py.mk maclev-2-2-c-popdyn.sage.mk maclev-2-2-c-adap.sage.mk maclev-2-2-c-p.sage.mk maclev-2-2-c-zngi.sage.mk maclev-2-2-c-geom.sage.mk maclev_2_2_defs.py.mk maclev-2-2-popdyn.sage.mk maclev-2-2-adap.sage.mk maclev-2-2-p.sage.mk maclev-2-2-zngi.sage.mk maclev-2-2-geom.sage.mk maclev_a_only_defs.py.mk maclev-a-only-popdyn.sage.mk maclev-a-only-adap.sage.mk maclev-a-only-p.sage.mk maclev-a-only-zngi.sage.mk maclev-a-only-geom.sage.mk maclev_a_c.py.mk maclev-2-2-a-c-popdyn.sage.mk maclev-2-2-a-c-adap.sage.mk maclev-2-2-a-c-p.sage.mk maclev-2-2-a-c-zngi.sage.mk maclev-2-2-a-c-geom.sage.mk maclevmodels.py.mk lotkavolterra.py.mk maclev-2-2-zngi-invasion.sage.mk
Including .mk files from .sage-inline files: avec.sage.mk a-careful.sage.mk
Including .tex.d files: 
make: Entering directory `/usr/local/src/jekyll-research/wmd_files/Selection_Gradients'
/usr/bin/make --no-print-directory -C /usr/local/src/jekyll-research/wmd_files/SageDynamicsRepo/SageDynamics dynamicalsystems.py
Including .mk files:  
Including .tex.d files: 
make[1]: Nothing to be done for `dynamicalsystems.py'.
/usr/bin/make --no-print-directory -C /usr/local/src/jekyll-research/wmd_files/SageDynamicsRepo/SageAdaptiveDynamics adaptivedynamics.py
Including .mk files:  
Including .tex.d files: 
make[1]: Nothing to be done for `adaptivedynamics.py'.
touch maclev-2-2-a-c-zngi.sage.tried
/usr/bin/make maclev-2-2-a-c-zngi.sage.out
Including .mk files: sage.mk sage-inline.mk 
Including .mk files from .step files: maclev-1-1.sage.mk maclev-1-1-adap.sage.mk maclev-1-1-mc-adap-geom.sage.mk maclev-1-1-ak-adap-geom.sage.mk S-A-vector-field.sage.mk maclev-1-1-d1A-vector-field.sage.mk maclev-1-1-S-and-d1A-on-curve.sage.mk maclev-1-1-S-and-D-on-curve.sage.mk maclev_1_2_defs.py.mk maclev-1-2-popdyn.sage.mk maclev-1-2-adap.sage.mk maclev-1-2-p.sage.mk maclev-1-2-zngi.sage.mk maclev-1-2-geom.sage.mk maclev_unconstrained_c.py.mk maclev-2-2-c-popdyn.sage.mk maclev-2-2-c-adap.sage.mk maclev-2-2-c-p.sage.mk maclev-2-2-c-zngi.sage.mk maclev-2-2-c-geom.sage.mk maclev_2_2_defs.py.mk maclev-2-2-popdyn.sage.mk maclev-2-2-adap.sage.mk maclev-2-2-p.sage.mk maclev-2-2-zngi.sage.mk maclev-2-2-geom.sage.mk maclev_a_only_defs.py.mk maclev-a-only-popdyn.sage.mk maclev-a-only-adap.sage.mk maclev-a-only-p.sage.mk maclev-a-only-zngi.sage.mk maclev-a-only-geom.sage.mk maclev_a_c.py.mk maclev-2-2-a-c-popdyn.sage.mk maclev-2-2-a-c-adap.sage.mk maclev-2-2-a-c-p.sage.mk maclev-2-2-a-c-zngi.sage.mk maclev-2-2-a-c-geom.sage.mk maclevmodels.py.mk lotkavolterra.py.mk maclev-2-2-zngi-invasion.sage.mk
Including .mk files from .sage-inline files: avec.sage.mk a-careful.sage.mk
Including .tex.d files: 
make[1]: Entering directory `/usr/local/src/jekyll-research/wmd_files/Selection_Gradients'
/usr/bin/make --no-print-directory -C /usr/local/src/jekyll-research/wmd_files/SageDynamicsRepo/SageDynamics dynamicalsystems.py
Including .mk files:  
Including .tex.d files: 
make[2]: Nothing to be done for `dynamicalsystems.py'.
/usr/bin/make --no-print-directory -C /usr/local/src/jekyll-research/wmd_files/SageDynamicsRepo/SageAdaptiveDynamics adaptivedynamics.py
Including .mk files:  
Including .tex.d files: 
make[2]: Nothing to be done for `adaptivedynamics.py'.
rm -f maclev-2-2-a-c-zngi.sage.out maclev-2-2-a-c-zngi.sage.status maclev-2-2-a-c-zngi.sage.out.tex maclev-2-2-a-c-zngi-animation.gif
(sage maclev-2-2-a-c-zngi.sage && touch maclev-2-2-a-c-zngi.sage.status) | tee maclev-2-2-a-c-zngi.sage.dmp
create frames
Traceback (most recent call last):
  File "maclev-2-2-a-c-zngi.sage.py", line 57, in <module>
    status = main()
  File "maclev-2-2-a-c-zngi.sage.py", line 46, in main
    frame += plot( r1, (R_0, _sage_const_0 , r0max), **plot_fill_args )
  File "/usr/local/sage/local/lib/python2.7/site-packages/sage/misc/decorators.py", line 705, in wrapper
    return func(*args, **kwds)
  File "/usr/local/sage/local/lib/python2.7/site-packages/sage/misc/decorators.py", line 550, in wrapper
    return func(*args, **options)
  File "/usr/local/sage/local/lib/python2.7/site-packages/sage/plot/plot.py", line 1247, in plot
    G = funcs.plot(*args, **original_opts)
  File "sage/symbolic/expression.pyx", line 9960, in sage.symbolic.expression.Expression.plot (build/cythonized/sage/symbolic/expression.cpp:50106)
  File "/usr/local/sage/local/lib/python2.7/site-packages/sage/misc/decorators.py", line 705, in wrapper
    return func(*args, **kwds)
  File "/usr/local/sage/local/lib/python2.7/site-packages/sage/misc/decorators.py", line 550, in wrapper
    return func(*args, **options)
  File "/usr/local/sage/local/lib/python2.7/site-packages/sage/plot/plot.py", line 1260, in plot
    G = _plot(funcs, *args, **kwds)
  File "/usr/local/sage/local/lib/python2.7/site-packages/sage/plot/plot.py", line 1522, in _plot
    filldata = [(data[0][0], base_level)] + data + [(data[-1][0], base_level)]
IndexError: list index out of range
[ -e maclev-2-2-a-c-zngi.sage.status ] && (rm -f maclev-2-2-a-c-zngi.sage.status && mv maclev-2-2-a-c-zngi.sage.dmp maclev-2-2-a-c-zngi.sage.out) || exit 1
make[1]: *** [maclev-2-2-a-c-zngi.sage.out] Error 1
make[1]: Leaving directory `/usr/local/src/jekyll-research/wmd_files/Selection_Gradients'
make: [maclev-2-2-a-c-zngi.sage.tried] Error 2 (ignored)
latexml  --destination=maclev-2-2-a-c-zngi.sage.out.latexml.xml maclev-2-2-a-c-zngi.sage.out.tex
latexml (LaTeXML version v0.8.0; revision 70f0ce4)
processing started Sun Jan 25 22:00:15 2015

(Digesting TeX maclev-2-2-a-c-zngi.sage.out...
(Loading /usr/local/share/perl/5.18.2/LaTeXML/Package/TeX.pool.ltxml...
(Loading /usr/local/share/perl/5.18.2/LaTeXML/Package/eTeX.pool.ltxml... 0.01 sec)
(Loading /usr/local/share/perl/5.18.2/LaTeXML/Package/pdfTeX.pool.ltxml... 0.01 sec) 0.32 sec)
(Processing content /usr/local/src/jekyll-research/wmd_files/Selection_Gradients/maclev-2-2-a-c-zngi.sage.out.tex...
(Loading /usr/local/share/perl/5.18.2/LaTeXML/Package/LaTeX.pool.ltxml... 0.31 sec)
(Loading /usr/local/share/perl/5.18.2/LaTeXML/Package/article.cls.ltxml... 0.04 sec)
(Loading /usr/local/share/perl/5.18.2/LaTeXML/Package/amsmath.sty.ltxml...
(Loading /usr/local/share/perl/5.18.2/LaTeXML/Package/amsbsy.sty.ltxml... 0.00 sec)
(Loading /usr/local/share/perl/5.18.2/LaTeXML/Package/amstext.sty.ltxml... 0.00 sec)
(Loading /usr/local/share/perl/5.18.2/LaTeXML/Package/amsopn.sty.ltxml... 0.01 sec) 0.08 sec)
(Loading /usr/local/share/perl/5.18.2/LaTeXML/Package/amssymb.sty.ltxml...
(Loading /usr/local/share/perl/5.18.2/LaTeXML/Package/amsfonts.sty.ltxml... 0.01 sec) 0.05 sec)
(Loading /usr/local/share/perl/5.18.2/LaTeXML/Package/graphicx.sty.ltxml...
(Loading /usr/local/share/perl/5.18.2/LaTeXML/Package/graphics.sty.ltxml... 0.01 sec) 0.04 sec)
(Loading /usr/local/share/perl/5.18.2/LaTeXML/Package/inputenc.sty.ltxml...
(Loading /usr/local/share/perl/5.18.2/LaTeXML/Package/utf8.def.ltxml... 0.00 sec) 0.02 sec)
(Loading /usr/local/share/perl/5.18.2/LaTeXML/Package/fontenc.sty.ltxml...
(Loading /usr/local/share/perl/5.18.2/LaTeXML/Package/t1enc.def.ltxml...
(Processing definitions /usr/share/texlive/texmf-dist/tex/latex/base/t1enc.def...
(Loading /usr/local/share/perl/5.18.2/LaTeXML/Package/t1.fontmap.ltxml... 0.00 sec) 0.15 sec) 0.18 sec) 0.19 sec) 0.90 sec)
Error:expected:\end{document} Input ended while environment document was open
	at Anonymous String; line 2 col 0
 1.22 sec)
(Building...
(Loading compiled schema /usr/local/share/perl/5.18.2/LaTeXML/resources/RelaxNG/LaTeXML.model... 0.03 sec).. 0.13 sec)
(Rewriting... 0.00 sec)
(Math Parsing...1 formulae ...[1]
Math parsing succeeded:
   ltx:XMArg: 6/6
   ltx:XMath: 1/1
Symbols assumed as simple identifiers (with # of occurences):
   'R{italic}' (2), 'c{italic}' (4)
 0.07 sec)
(Finalizing... 0.01 sec)
Conversion complete: 1 error.
processing finished Sun Jan 25 22:00:17 2015
Updating .workingwiki/maclev-2-2-a-c-zngi.sage.out.latexml.xml
rm -f maclev-2-2-a-c-zngi.sage.out.latexml.html5
bibxmls=`perl -ne '($_)=/^[^%]*\\\bibliography\{([^\\\\#]*?)\}/;@_=split /,/;foreach $b (@_) { $b =~ s/\.bib$//; print "$b.bib.xml "}' maclev-2-2-a-c-zngi.sage.out.latexml.xml`; bibxargs=`perl -ne '($_)=/^[^%]*\\\bibliography\{([^\\\\#]*?)\}/;@_=split /,/;foreach $b (@_) { $b =~ s/\.bib$//; print "--bibliography=$b.bib.xml "}' maclev-2-2-a-c-zngi.sage.out.latexml.xml` && \
	(test -z "$bibxmls" || /usr/bin/make -f /usr/local/src/workingwiki-trunk/ProjectEngine/resources/makefile $bibxmls) && \
	lxpost="latexmlpost --noplane1 --novalidate --destination=maclev-2-2-a-c-zngi.sage.out.intermediate.latexml.html5 --format=html5 $bibxargs maclev-2-2-a-c-zngi.sage.out.latexml.xml" && echo $lxpost && $lxpost
latexmlpost --noplane1 --novalidate --destination=maclev-2-2-a-c-zngi.sage.out.intermediate.latexml.html5 --format=html5 maclev-2-2-a-c-zngi.sage.out.latexml.xml
latexmlpost (LaTeXML version v0.8.0; revision 70f0ce4)
processing started Sun Jan 25 22:00:18 2015
(maclev-2-2-a-c-zngi.sage.out.intermediate.latexml.html5 post-processing...
(Scan maclev-2-2-a-c-zngi.sage.out.intermediate.latexml.html5 processing...
(CrossRef maclev-2-2-a-c-zngi.sage.out.intermediate.latexml.html5 processing...
(MathML::Presentation maclev-2-2-a-c-zngi.sage.out.intermediate.latexml.html5 processing...
(XSLT maclev-2-2-a-c-zngi.sage.out.intermediate.latexml.html5 processing...
(Writer maclev-2-2-a-c-zngi.sage.out.intermediate.latexml.html5 processing... 0.05 sec)
Postprocessing complete: No obvious problems
processing finished Sun Jan 25 22:00:18 2015
/usr/local/src/workingwiki-trunk/ProjectEngine/resources/wiki-inclusion.latexml.pl maclev-2-2-a-c-zngi.sage.out.intermediate.latexml.html5 >maclev-2-2-a-c-zngi.sage.out.latexml.html5
ln -f maclev-2-2-a-c-zngi.sage.out.latexml.html5 maclev-2-2-a-c-zngi.sage.out.latexml.html
ln -f maclev-2-2-a-c-zngi.sage.out.latexml.html maclev-2-2-a-c-zngi.sage.out.html
rm maclev-2-2-a-c-zngi.sage.out.latexml.html maclev-2-2-a-c-zngi.sage.out.latexml.html5 maclev-2-2-a-c-zngi.sage.out.latexml.xml
make: Leaving directory `/usr/local/src/jekyll-research/wmd_files/Selection_Gradients'
Make succeeded.
Sun Jan 25 22:00:18 2015
