Tue Jan  6 16:51:56 2015
/usr/bin/make -C /usr/local/src/jekyll-research/wmd_files/Selection_Gradients \
    maclev-2-2-c-popdyn.sage.out.html
Including .mk files: sage.mk sage-inline.mk 
Including .mk files from .step files: maclev-1-1.sage.mk maclev-1-1-adap.sage.mk maclev-1-1-mc-adap-geom.sage.mk maclev-1-1-ak-adap-geom.sage.mk S-A-vector-field.sage.mk maclev-1-1-d1A-vector-field.sage.mk maclev-1-1-S-and-d1A-on-curve.sage.mk maclev-1-1-S-and-D-on-curve.sage.mk maclev-2-2-c-popdyn.sage.mk maclev-2-2-c-adap.sage.mk maclev-2-2-c-p.sage.mk maclev-2-2-c-zngi.sage.mk maclev-2-2-c-geom.sage.mk maclev_2_2_defs.py.mk maclev-2-2-popdyn.sage.mk maclev-2-2-adap.sage.mk maclev-2-2-p.sage.mk maclev-2-2-zngi.sage.mk maclev-2-2-geom.sage.mk maclevmodels.py.mk lotkavolterra.py.mk maclev-2-2-zngi-invasion.sage.mk
Including .mk files from .sage-inline files: avec.sage.mk a-careful.sage.mk
Including .tex.d files: 
make: Entering directory `/usr/local/src/jekyll-research/wmd_files/Selection_Gradients'
/usr/bin/make --no-print-directory -C /usr/local/src/jekyll-research/wmd_files/SageDynamicsRepo/SageDynamics dynamicalsystems.py
Including .mk files:  
Including .tex.d files: 
make[1]: Nothing to be done for `dynamicalsystems.py'.
touch maclev-2-2-c-popdyn.sage.tried
rm -f maclev-2-2-c-popdyn.sage.out maclev-2-2-c-popdyn.sage.status maclev-2-2-c-popdyn.sage.out.tex maclev-2-2-c-popdyn.sobj maclev-2-2-c-popdyn.png maclev-2-2-c-r-zngis.png
(sage maclev-2-2-c-popdyn.sage && touch maclev-2-2-c-popdyn.sage.status) | tee maclev-2-2-c-popdyn.sage.dmp
start
apply bindings: {m_0: 1, gamma: 1, b_i: 1, b_1: 1, m_1: 1, b_0: 1, m_i: 1}, {}
plot state space
[ -e maclev-2-2-c-popdyn.sage.status ] && (rm -f maclev-2-2-c-popdyn.sage.status && mv maclev-2-2-c-popdyn.sage.dmp maclev-2-2-c-popdyn.sage.out) || exit 1
latexml  --destination=maclev-2-2-c-popdyn.sage.out.latexml.xml maclev-2-2-c-popdyn.sage.out.tex
latexml (LaTeXML version v0.8.0; revision 70f0ce4)
processing started Tue Jan  6 16:52:11 2015

(Digesting TeX maclev-2-2-c-popdyn.sage.out...
(Loading /usr/local/share/perl/5.18.2/LaTeXML/Package/TeX.pool.ltxml...
(Loading /usr/local/share/perl/5.18.2/LaTeXML/Package/eTeX.pool.ltxml... 0.01 sec)
(Loading /usr/local/share/perl/5.18.2/LaTeXML/Package/pdfTeX.pool.ltxml... 0.02 sec) 0.34 sec)
(Processing content /usr/local/src/jekyll-research/wmd_files/Selection_Gradients/maclev-2-2-c-popdyn.sage.out.tex...
(Loading /usr/local/share/perl/5.18.2/LaTeXML/Package/LaTeX.pool.ltxml... 0.31 sec)
(Loading /usr/local/share/perl/5.18.2/LaTeXML/Package/article.cls.ltxml... 0.07 sec)
(Loading /usr/local/share/perl/5.18.2/LaTeXML/Package/amsmath.sty.ltxml...
(Loading /usr/local/share/perl/5.18.2/LaTeXML/Package/amsbsy.sty.ltxml... 0.00 sec)
(Loading /usr/local/share/perl/5.18.2/LaTeXML/Package/amstext.sty.ltxml... 0.01 sec)
(Loading /usr/local/share/perl/5.18.2/LaTeXML/Package/amsopn.sty.ltxml... 0.01 sec) 0.15 sec)
(Loading /usr/local/share/perl/5.18.2/LaTeXML/Package/amssymb.sty.ltxml...
(Loading /usr/local/share/perl/5.18.2/LaTeXML/Package/amsfonts.sty.ltxml... 0.01 sec) 0.05 sec)
(Loading /usr/local/share/perl/5.18.2/LaTeXML/Package/graphicx.sty.ltxml...
(Loading /usr/local/share/perl/5.18.2/LaTeXML/Package/graphics.sty.ltxml... 0.01 sec) 0.08 sec)
(Loading /usr/local/share/perl/5.18.2/LaTeXML/Package/inputenc.sty.ltxml...
(Loading /usr/local/share/perl/5.18.2/LaTeXML/Package/utf8.def.ltxml... 0.00 sec) 0.02 sec)
(Loading /usr/local/share/perl/5.18.2/LaTeXML/Package/fontenc.sty.ltxml...
(Loading /usr/local/share/perl/5.18.2/LaTeXML/Package/t1enc.def.ltxml...
(Processing definitions /usr/share/texlive/texmf-dist/tex/latex/base/t1enc.def...
(Loading /usr/local/share/perl/5.18.2/LaTeXML/Package/t1.fontmap.ltxml... 0.02 sec) 0.18 sec) 0.37 sec) 0.39 sec) 1.41 sec) 1.76 sec)
(Building...
(Loading compiled schema /usr/local/share/perl/5.18.2/LaTeXML/resources/RelaxNG/LaTeXML.model... 0.04 sec).................. 0.65 sec)
(Rewriting... 0.02 sec)
(Math Parsing...3 formulae ...[1][2][3]
Math parsing succeeded:
   ltx:XMath: 3/3
   ltx:XMArg: 92/92
Symbols assumed as simple identifiers (with # of occurences):
   'K{italic}' (4), 'X{italic}' (24), 'b{italic}' (2), 'c{italic}' (24), 'd{italic}' (8), 'm{italic}' (2), 'r{italic}' (8), 't{italic}' (4), 'w{italic}' (4)
 1.06 sec)
(Finalizing... 0.11 sec)
Conversion complete: No obvious problems.
processing finished Tue Jan  6 16:52:15 2015
Updating .workingwiki/maclev-2-2-c-popdyn.sage.out.latexml.xml
rm -f maclev-2-2-c-popdyn.sage.out.latexml.html5
bibxmls=`perl -ne '($_)=/^[^%]*\\\bibliography\{([^\\\\#]*?)\}/;@_=split /,/;foreach $b (@_) { $b =~ s/\.bib$//; print "$b.bib.xml "}' maclev-2-2-c-popdyn.sage.out.latexml.xml`; bibxargs=`perl -ne '($_)=/^[^%]*\\\bibliography\{([^\\\\#]*?)\}/;@_=split /,/;foreach $b (@_) { $b =~ s/\.bib$//; print "--bibliography=$b.bib.xml "}' maclev-2-2-c-popdyn.sage.out.latexml.xml` && \
	(test -z "$bibxmls" || /usr/bin/make -f /usr/local/src/workingwiki-trunk/ProjectEngine/resources/makefile $bibxmls) && \
	lxpost="latexmlpost --noplane1 --novalidate --destination=maclev-2-2-c-popdyn.sage.out.intermediate.latexml.html5 --format=html5 $bibxargs maclev-2-2-c-popdyn.sage.out.latexml.xml" && echo $lxpost && $lxpost
latexmlpost --noplane1 --novalidate --destination=maclev-2-2-c-popdyn.sage.out.intermediate.latexml.html5 --format=html5 maclev-2-2-c-popdyn.sage.out.latexml.xml
latexmlpost (LaTeXML version v0.8.0; revision 70f0ce4)
processing started Tue Jan  6 16:52:16 2015
(maclev-2-2-c-popdyn.sage.out.intermediate.latexml.html5 post-processing...
(Scan maclev-2-2-c-popdyn.sage.out.intermediate.latexml.html5 processing...
(CrossRef maclev-2-2-c-popdyn.sage.out.intermediate.latexml.html5 processing...
(MathML::Presentation maclev-2-2-c-popdyn.sage.out.intermediate.latexml.html5 3 to process...
(XSLT maclev-2-2-c-popdyn.sage.out.intermediate.latexml.html5 processing...
(Writer maclev-2-2-c-popdyn.sage.out.intermediate.latexml.html5 processing... 0.21 sec)
Postprocessing complete: No obvious problems
processing finished Tue Jan  6 16:52:17 2015
/usr/local/src/workingwiki-trunk/ProjectEngine/resources/wiki-inclusion.latexml.pl maclev-2-2-c-popdyn.sage.out.intermediate.latexml.html5 >maclev-2-2-c-popdyn.sage.out.latexml.html5
ln -f maclev-2-2-c-popdyn.sage.out.latexml.html5 maclev-2-2-c-popdyn.sage.out.latexml.html
ln -f maclev-2-2-c-popdyn.sage.out.latexml.html maclev-2-2-c-popdyn.sage.out.html
rm maclev-2-2-c-popdyn.sage.out.latexml.html5 maclev-2-2-c-popdyn.sage.out.latexml.html maclev-2-2-c-popdyn.sage.out.latexml.xml
make: Leaving directory `/usr/local/src/jekyll-research/wmd_files/Selection_Gradients'
Make succeeded.
Tue Jan  6 16:52:17 2015
