set_population_indices: [0, 1]
set_population_indices: [0, 1]
set_population_indices: [0, 1]
set_population_indices: [0, 1]
merge bindings: {m_3 -> 1, b_3 -> 1, b_0 -> 1, b_2 -> 1, m_2 -> 1, b_1 -> 1, m_1 -> 1, m_0 -> 1} , [c_0_0, c_1_1, c_3_0, c_2_1, c_1_0, c_0_1, c_2_0, c_3_1] ,  {}
merge bindings: {c_0_0 -> e^(-3*u_0^2), c_2_1 -> e^(-3*(u_2 - 1)^2), b_0 -> 1, b_3 -> 1, c_1_0 -> e^(-3*u_1^2), m_2 -> 1, c_3_1 -> e^(-3*(u_3 - 1)^2), m_0 -> 1, c_1_1 -> e^(-3*(u_1 - 1)^2), c_3_0 -> e^(-3*u_3^2), m_3 -> 1, c_0_1 -> e^(-3*(u_0 - 1)^2), b_2 -> 1, b_1 -> 1, c_2_0 -> e^(-3*u_2^2), m_1 -> 1} , [gamma] ,  {}
merge bindings: {m_3 -> 1, b_3 -> 1, b_0 -> 1, b_2 -> 1, m_2 -> 1, b_1 -> 1, m_1 -> 1, m_0 -> 1} , [gamma] ,  {}
start
apply bindings: {gamma -> 1, m_3 -> 1, b_3 -> 1, b_0 -> 1, b_2 -> 1, m_2 -> 1, b_1 -> 1, m_1 -> 1, m_0 -> 1}
merge bindings: {gamma -> 1, b_0 -> 1, b_3 -> 1, m_3 -> 1, b_2 -> 1, m_2 -> 1, b_1 -> 1, m_1 -> 1, m_0 -> 1} , [r_0, r_1, w_1, K_0, w_0, K_1] ,  {}
merge bindings: {R_0 -> -(X_0*c_0_0 + X_1*c_1_0 - K_0*r_0)/r_0, Rhat_1 -> -(Xhat_0*c_0_1 + Xhat_1*c_1_1 - K_1*r_1)/r_1, Rhat_0 -> -(Xhat_0*c_0_0 + Xhat_1*c_1_0 - K_0*r_0)/r_0, R_1 -> -(X_0*c_0_1 + X_1*c_1_1 - K_1*r_1)/r_1} , [gamma, m_3, b_3, K_1, b_0, w_1, r_0, b_2, r_1, m_2, b_1, K_0, w_0, m_1, m_0] ,  {}
plot state space
merge bindings: {gamma -> 1, b_0 -> 1, b_3 -> 1, m_3 -> 1, b_2 -> 1, m_2 -> 1, b_1 -> 1, m_1 -> 1, m_0 -> 1} , [r_0, r_1, w_1, K_0, w_0, K_1] ,  {}
merge bindings: {gamma -> 1, m_3 -> 1, b_3 -> 1, K_1 -> 2, b_0 -> 1, w_1 -> 1, r_0 -> 1, b_2 -> 1, r_1 -> 1, m_2 -> 1, b_1 -> 1, K_0 -> 2, w_0 -> 1, m_1 -> 1, m_0 -> 1} , [c_0_1, c_0_0, c_1_1, c_1_0] ,  {}
merge bindings: {R_0 -> -(X_0*c_0_0 + X_1*c_1_0 - K_0*r_0)/r_0, Rhat_1 -> -(Xhat_0*c_0_1 + Xhat_1*c_1_1 - K_1*r_1)/r_1, Rhat_0 -> -(Xhat_0*c_0_0 + Xhat_1*c_1_0 - K_0*r_0)/r_0, R_1 -> -(X_0*c_0_1 + X_1*c_1_1 - K_1*r_1)/r_1} , [c_0_0, w_1, b_0, b_3, K_1, c_1_0, r_0, m_2, w_0, m_0, c_1_1, gamma, K_0, m_3, c_0_1, b_2, r_1, b_1, m_1] ,  {}
desolve: [-1/16*(5*X_0 + 4*X_1 - 8)*X_0, -1/16*(4*X_0 + 5*X_1 - 8)*X_1], [X_0, X_1], [0, 0.0200000000000000, 0.0500000000000000], ivar=t, end_points=30, step=0.1
initial flow: [0.00962500000000000, 0.0239687500000000]
{t -> 0.000000000000000, X_1 -> 0.0500000000000000, X_0 -> 0.0200000000000000} : (0.0200000000000000, 0.0500000000000000)
{t -> 0.100000000000000, X_1 -> 0.0524526183746151, X_0 -> 0.0209850771728311} : (0.0209850771728311, 0.0524526183746151)
{t -> 0.200000000000000, X_1 -> 0.0550198416976379, X_0 -> 0.0220165982015900} : (0.0220165982015900, 0.0550198416976379)
{t -> 0.300000000000000, X_1 -> 0.0577064547117184, X_0 -> 0.0230965450555703} : (0.0230965450555703, 0.0577064547117184)
{t -> 0.400000000000000, X_1 -> 0.0605173849558798, X_0 -> 0.0242269635767702} : (0.0242269635767702, 0.0605173849558798)
{t -> 0.500000000000000, X_1 -> 0.0634577011112035, X_0 -> 0.0254099634139647} : (0.0254099634139647, 0.0634577011112035)
{t -> 0.600000000000000, X_1 -> 0.0665326105747525, X_0 -> 0.0266477176919727} : (0.0266477176919727, 0.0665326105747525)
{t -> 0.700000000000000, X_1 -> 0.0697474561844999, X_0 -> 0.0279424623872401} : (0.0279424623872401, 0.0697474561844999)
{t -> 0.800000000000000, X_1 -> 0.0731077120143547, X_0 -> 0.0292964953792907} : (0.0292964953792907, 0.0731077120143547)
{t -> 0.900000000000000, X_1 -> 0.0766189781549950, X_0 -> 0.0307121751460940} : (0.0307121751460940, 0.0766189781549950)
{t -> 1.00000000000000, X_1 -> 0.0802869743932104, X_0 -> 0.0321919190700069} : (0.0321919190700069, 0.0802869743932104)
{t -> 1.10000000000000, X_1 -> 0.0841175326999321, X_0 -> 0.0337382013196885} : (0.0337382013196885, 0.0841175326999321)
{t -> 1.20000000000000, X_1 -> 0.0881165884352134, X_0 -> 0.0353535502723147} : (0.0353535502723147, 0.0881165884352134)
{t -> 1.30000000000000, X_1 -> 0.0922901701772314, X_0 -> 0.0370405454395665} : (0.0370405454395665, 0.0922901701772314)
{t -> 1.40000000000000, X_1 -> 0.0966443880820737, X_0 -> 0.0388018138602930} : (0.0388018138602930, 0.0966443880820737)
{t -> 1.50000000000000, X_1 -> 0.101185420681786, X_0 -> 0.0406400259225043} : (0.0406400259225043, 0.101185420681786)
{t -> 1.60000000000000, X_1 -> 0.105919500030068, X_0 -> 0.0425578905774903} : (0.0425578905774903, 0.105919500030068)
{t -> 1.70000000000000, X_1 -> 0.110852895108277, X_0 -> 0.0445581499094571} : (0.0445581499094571, 0.110852895108277)
{t -> 1.80000000000000, X_1 -> 0.115991893409221, X_0 -> 0.0466435730251765} : (0.0466435730251765, 0.115991893409221)
{t -> 1.90000000000000, X_1 -> 0.121342780622774, X_0 -> 0.0488169492298438} : (0.0488169492298438, 0.121342780622774)
{t -> 2.00000000000000, X_1 -> 0.126911818355813, X_0 -> 0.0510810804576835} : (0.0510810804576835, 0.126911818355813)
{t -> 2.10000000000000, X_1 -> 0.132705219829552, X_0 -> 0.0534387729289213} : (0.0534387729289213, 0.132705219829552)
{t -> 2.20000000000000, X_1 -> 0.138729123510201, X_0 -> 0.0558928280086118} : (0.0558928280086118, 0.138729123510201)
{t -> 2.30000000000000, X_1 -> 0.144989564644166, X_0 -> 0.0584460322475453} : (0.0584460322475453, 0.144989564644166)
{t -> 2.40000000000000, X_1 -> 0.151492444686878, X_0 -> 0.0611011465911187} : (0.0611011465911187, 0.151492444686878)
{t -> 2.50000000000000, X_1 -> 0.158243498634952, X_0 -> 0.0638608947486932} : (0.0638608947486932, 0.158243498634952)
{t -> 2.60000000000000, X_1 -> 0.165248260294693, X_0 -> 0.0667279507236255} : (0.0667279507236255, 0.165248260294693)
{t -> 2.70000000000000, X_1 -> 0.172512025546216, X_0 -> 0.0697049255128751} : (0.0697049255128751, 0.172512025546216)
{t -> 2.80000000000000, X_1 -> 0.180039813691391, X_0 -> 0.0727943529948761} : (0.0727943529948761, 0.180039813691391)
{t -> 2.90000000000000, X_1 -> 0.187836327005569, X_0 -> 0.0759986750352094} : (0.0759986750352094, 0.187836327005569)
{t -> 3.00000000000000, X_1 -> 0.195905908647365, X_0 -> 0.0793202258514912} : (0.0793202258514912, 0.195905908647365)
{t -> 3.10000000000000, X_1 -> 0.204252499117361, X_0 -> 0.0827612156917508} : (0.0827612156917508, 0.204252499117361)
{t -> 3.20000000000000, X_1 -> 0.212879591495303, X_0 -> 0.0863237138943153} : (0.0863237138943153, 0.212879591495303)
{t -> 3.30000000000000, X_1 -> 0.221790185725569, X_0 -> 0.0900096314117307} : (0.0900096314117307, 0.221790185725569)
{t -> 3.40000000000000, X_1 -> 0.230986742262012, X_0 -> 0.0938207028963714} : (0.0938207028963714, 0.230986742262012)
{t -> 3.50000000000000, X_1 -> 0.240471135425015, X_0 -> 0.0977584684609264} : (0.0977584684609264, 0.240471135425015)
{t -> 3.60000000000000, X_1 -> 0.250244606864988, X_0 -> 0.101824255242665} : (0.101824255242665, 0.250244606864988)
{t -> 3.70000000000000, X_1 -> 0.260307719566801, X_0 -> 0.106019158916004} : (0.106019158916004, 0.260307719566801)
{t -> 3.80000000000000, X_1 -> 0.270660312867753, X_0 -> 0.110344025313105} : (0.110344025313105, 0.270660312867753)
{t -> 3.90000000000000, X_1 -> 0.281301458996640, X_0 -> 0.114799432326697} : (0.114799432326697, 0.281301458996640)
{t -> 4.00000000000000, X_1 -> 0.292229421672218, X_0 -> 0.119385672282620} : (0.119385672282620, 0.292229421672218)
{t -> 4.10000000000000, X_1 -> 0.303441617324622, X_0 -> 0.124102734981381} : (0.124102734981381, 0.303441617324622)
{t -> 4.20000000000000, X_1 -> 0.314934579522060, X_0 -> 0.128950291617850} : (0.128950291617850, 0.314934579522060)
{t -> 4.30000000000000, X_1 -> 0.326703927196052, X_0 -> 0.133927679795642} : (0.133927679795642, 0.326703927196052)
{t -> 4.40000000000000, X_1 -> 0.338744337260648, X_0 -> 0.139033889857424} : (0.139033889857424, 0.338744337260648)
{t -> 4.50000000000000, X_1 -> 0.351049522213337, X_0 -> 0.144267552753810} : (0.144267552753810, 0.351049522213337)
{t -> 4.60000000000000, X_1 -> 0.363612213286914, X_0 -> 0.149626929671429} : (0.149626929671429, 0.363612213286914)
{t -> 4.70000000000000, X_1 -> 0.376424149691672, X_0 -> 0.155109903634774} : (0.155109903634774, 0.376424149691672)
{t -> 4.80000000000000, X_1 -> 0.389476074445534, X_0 -> 0.160713973286351} : (0.160713973286351, 0.389476074445534)
{t -> 4.90000000000000, X_1 -> 0.402757737235797, X_0 -> 0.166436249035276} : (0.166436249035276, 0.402757737235797)
{t -> 5.00000000000000, X_1 -> 0.416257904690288, X_0 -> 0.172273451745747} : (0.172273451745747, 0.416257904690288)
{t -> 5.10000000000000, X_1 -> 0.429964378358205, X_0 -> 0.178221914113765} : (0.178221914113765, 0.429964378358205)
{t -> 5.20000000000000, X_1 -> 0.443864020612633, X_0 -> 0.184277584853288} : (0.184277584853288, 0.443864020612633)
{t -> 5.30000000000000, X_1 -> 0.457942788588784, X_0 -> 0.190436035781893} : (0.190436035781893, 0.457942788588784)
{t -> 5.40000000000000, X_1 -> 0.472185776165901, X_0 -> 0.196692471861490} : (0.196692471861490, 0.472185776165901)
{t -> 5.50000000000000, X_1 -> 0.486577263888354, X_0 -> 0.203041744212102} : (0.203041744212102, 0.486577263888354)
{t -> 5.60000000000000, X_1 -> 0.501100776604929, X_0 -> 0.209478366076919} : (0.209478366076919, 0.501100776604929)
{t -> 5.70000000000000, X_1 -> 0.515739148486941, X_0 -> 0.215996531675514} : (0.215996531675514, 0.515739148486941)
{t -> 5.80000000000000, X_1 -> 0.530474594968379, X_0 -> 0.222590137840004} : (0.222590137840004, 0.530474594968379)
{t -> 5.90000000000000, X_1 -> 0.545288791037350, X_0 -> 0.229252808287117} : (0.229252808287117, 0.545288791037350)
{t -> 6.00000000000000, X_1 -> 0.560162955200523, X_0 -> 0.235977920338370} : (0.235977920338370, 0.560162955200523)
{t -> 6.10000000000000, X_1 -> 0.575077938343665, X_0 -> 0.242758633861937} : (0.242758633861937, 0.575077938343665)
{t -> 6.20000000000000, X_1 -> 0.590014316624394, X_0 -> 0.249587922174175} : (0.249587922174175, 0.590014316624394)
{t -> 6.30000000000000, X_1 -> 0.604952487460118, X_0 -> 0.256458604607042} : (0.256458604607042, 0.604952487460118)
{t -> 6.40000000000000, X_1 -> 0.619872767616866, X_0 -> 0.263363380420634} : (0.263363380420634, 0.619872767616866)
{t -> 6.50000000000000, X_1 -> 0.634755492364929, X_0 -> 0.270294863718412} : (0.270294863718412, 0.634755492364929)
{t -> 6.60000000000000, X_1 -> 0.649581114645950, X_0 -> 0.277245619006974} : (0.277245619006974, 0.649581114645950)
{t -> 6.70000000000000, X_1 -> 0.664330303194111, X_0 -> 0.284208197032845} : (0.284208197032845, 0.664330303194111)
{t -> 6.80000000000000, X_1 -> 0.678984038571257, X_0 -> 0.291175170525861} : (0.291175170525861, 0.678984038571257)
{t -> 6.90000000000000, X_1 -> 0.693523706111899, X_0 -> 0.298139169482492} : (0.298139169482492, 0.693523706111899)
{t -> 7.00000000000000, X_1 -> 0.707931184827956, X_0 -> 0.305092915632591} : (0.305092915632591, 0.707931184827956)
{t -> 7.10000000000000, X_1 -> 0.722188931393469, X_0 -> 0.312029255749379} : (0.312029255749379, 0.722188931393469)
{t -> 7.20000000000000, X_1 -> 0.736280058414399, X_0 -> 0.318941193484458} : (0.318941193484458, 0.736280058414399)
{t -> 7.30000000000000, X_1 -> 0.750188406285847, X_0 -> 0.325821919436701} : (0.325821919436701, 0.750188406285847)
{t -> 7.40000000000000, X_1 -> 0.763898608046044, X_0 -> 0.332664839195244} : (0.332664839195244, 0.763898608046044)
{t -> 7.50000000000000, X_1 -> 0.777396146750596, X_0 -> 0.339463599131698} : (0.339463599131698, 0.777396146750596)
{t -> 7.60000000000000, X_1 -> 0.790667405008977, X_0 -> 0.346212109754251} : (0.346212109754251, 0.790667405008977)
{t -> 7.70000000000000, X_1 -> 0.803699706445279, X_0 -> 0.352904566475572} : (0.352904566475572, 0.803699706445279)
{t -> 7.80000000000000, X_1 -> 0.816481348964226, X_0 -> 0.359535467686512} : (0.359535467686512, 0.816481348964226)
{t -> 7.90000000000000, X_1 -> 0.829001629818746, X_0 -> 0.366099630067575} : (0.366099630067575, 0.829001629818746)
{t -> 8.00000000000000, X_1 -> 0.841250862584875, X_0 -> 0.372592201109224} : (0.372592201109224, 0.841250862584875)
{t -> 8.10000000000000, X_1 -> 0.853220386251323, X_0 -> 0.379008668849503} : (0.379008668849503, 0.853220386251323)
{t -> 8.20000000000000, X_1 -> 0.864902566723123, X_0 -> 0.385344868872532} : (0.385344868872532, 0.864902566723123)
{t -> 8.30000000000000, X_1 -> 0.876290791120070, X_0 -> 0.391596988643613} : (0.391596988643613, 0.876290791120070)
{t -> 8.40000000000000, X_1 -> 0.887379455320282, X_0 -> 0.397761569285545} : (0.397761569285545, 0.887379455320282)
{t -> 8.50000000000000, X_1 -> 0.898163945256543, X_0 -> 0.403835504925911} : (0.403835504925911, 0.898163945256543)
{t -> 8.60000000000000, X_1 -> 0.908640612518059, X_0 -> 0.409816039766390} : (0.409816039766390, 0.908640612518059)
{t -> 8.70000000000000, X_1 -> 0.918806744842845, X_0 -> 0.415700763042461} : (0.415700763042461, 0.918806744842845)
{t -> 8.80000000000000, X_1 -> 0.928660532106722, X_0 -> 0.421487602055211} : (0.421487602055211, 0.928660532106722)
{t -> 8.90000000000000, X_1 -> 0.938201028424379, X_0 -> 0.427174813466380} : (0.427174813466380, 0.938201028424379)
{t -> 9.00000000000000, X_1 -> 0.947428110977072, X_0 -> 0.432760973053554} : (0.432760973053554, 0.947428110977072)
{t -> 9.10000000000000, X_1 -> 0.956342436171307, X_0 -> 0.438244964124679} : (0.438244964124679, 0.956342436171307)
{t -> 9.20000000000000, X_1 -> 0.964945393714347, X_0 -> 0.443625964790202} : (0.443625964790202, 0.964945393714347)
{t -> 9.30000000000000, X_1 -> 0.973239059166880, X_0 -> 0.448903434287453} : (0.448903434287453, 0.973239059166880)
{t -> 9.40000000000000, X_1 -> 0.981226145501773, X_0 -> 0.454077098545690} : (0.454077098545690, 0.981226145501773)
{t -> 9.50000000000000, X_1 -> 0.988909954161882, X_0 -> 0.459146935172000} : (0.459146935172000, 0.988909954161882)
{t -> 9.60000000000000, X_1 -> 0.996294326070335, X_0 -> 0.464113158028250} : (0.464113158028250, 0.996294326070335)
{t -> 9.70000000000000, X_1 -> 1.00338359300491, X_0 -> 0.468976201557966} : (0.468976201557966, 1.00338359300491)
{t -> 9.80000000000000, X_1 -> 1.01018252970486, X_0 -> 0.473736705009679} : (0.473736705009679, 1.01018252970486)
{t -> 9.90000000000000, X_1 -> 1.01669630703478, X_0 -> 0.478395496690296} : (0.478395496690296, 1.01669630703478)
{t -> 10.0000000000000, X_1 -> 1.02293044648694, X_0 -> 0.482953578368633} : (0.482953578368633, 1.02293044648694)
{t -> 10.1000000000000, X_1 -> 1.02889077626089, X_0 -> 0.487412109935783} : (0.487412109935783, 1.02889077626089)
{t -> 10.2000000000000, X_1 -> 1.03458338911880, X_0 -> 0.491772394415620} : (0.491772394415620, 1.03458338911880)
{t -> 10.3000000000000, X_1 -> 1.04001460217589, X_0 -> 0.496035863405651} : (0.496035863405651, 1.04001460217589)
{t -> 10.4000000000000, X_1 -> 1.04519091874965, X_0 -> 0.500204063015933} : (0.500204063015933, 1.04519091874965)
{t -> 10.5000000000000, X_1 -> 1.05011899235737, X_0 -> 0.504278640361751} : (0.504278640361751, 1.05011899235737)
{t -> 10.6000000000000, X_1 -> 1.05480559292154, X_0 -> 0.508261330654616} : (0.508261330654616, 1.05480559292154)
{t -> 10.7000000000000, X_1 -> 1.05925757521444, X_0 -> 0.512153944925649} : (0.512153944925649, 1.05925757521444)
{t -> 10.8000000000000, X_1 -> 1.06348184954872, X_0 -> 0.515958358405924} : (0.515958358405924, 1.06348184954872)
{t -> 10.9000000000000, X_1 -> 1.06748535469929, X_0 -> 0.519676499579575} : (0.519676499579575, 1.06748535469929)
{t -> 11.0000000000000, X_1 -> 1.07127503302241, X_0 -> 0.523310339917741} : (0.523310339917741, 1.07127503302241)
{t -> 11.1000000000000, X_1 -> 1.07485780772232, X_0 -> 0.526861884294426} : (0.526861884294426, 1.07485780772232)
{t -> 11.2000000000000, X_1 -> 1.07824056220183, X_0 -> 0.530333162079314} : (0.530333162079314, 1.07824056220183)
{t -> 11.3000000000000, X_1 -> 1.08143012142245, X_0 -> 0.533726218897297} : (0.533726218897297, 1.08143012142245)
{t -> 11.4000000000000, X_1 -> 1.08443323519060, X_0 -> 0.537043109040005} : (0.537043109040005, 1.08443323519060)
{t -> 11.5000000000000, X_1 -> 1.08725656327991, X_0 -> 0.540285888510847} : (0.540285888510847, 1.08725656327991)
{t -> 11.6000000000000, X_1 -> 1.08990666229440, X_0 -> 0.543456608682035} : (0.543456608682035, 1.08990666229440)
{t -> 11.7000000000000, X_1 -> 1.09238997417414, X_0 -> 0.546557310539539} : (0.546557310539539, 1.09238997417414)
{t -> 11.8000000000000, X_1 -> 1.09471281624333, X_0 -> 0.549590019490095} : (0.549590019490095, 1.09471281624333)
{t -> 11.9000000000000, X_1 -> 1.09688137269983, X_0 -> 0.552556740702938} : (0.552556740702938, 1.09688137269983)
{t -> 12.0000000000000, X_1 -> 1.09890168744605, X_0 -> 0.555459454958036} : (0.555459454958036, 1.09890168744605)
{t -> 12.1000000000000, X_1 -> 1.10077965816224, X_0 -> 0.558300114972018} : (0.558300114972018, 1.10077965816224)
{t -> 12.2000000000000, X_1 -> 1.10252103152579, X_0 -> 0.561080642172856} : (0.561080642172856, 1.10252103152579)
{t -> 12.3000000000000, X_1 -> 1.10413139948274, X_0 -> 0.563802923894386} : (0.563802923894386, 1.10413139948274)
{t -> 12.4000000000000, X_1 -> 1.10561619648115, X_0 -> 0.566468810962203} : (0.566468810962203, 1.10561619648115)
{t -> 12.5000000000000, X_1 -> 1.10698069757997, X_0 -> 0.569080115642956} : (0.569080115642956, 1.10698069757997)
{t -> 12.6000000000000, X_1 -> 1.10823001735068, X_0 -> 0.571638609929885} : (0.571638609929885, 1.10823001735068)
{t -> 12.7000000000000, X_1 -> 1.10936910949374, X_0 -> 0.574146024138294} : (0.574146024138294, 1.10936910949374)
{t -> 12.8000000000000, X_1 -> 1.11040276709588, X_0 -> 0.576604045785680} : (0.576604045785680, 1.11040276709588)
{t -> 12.9000000000000, X_1 -> 1.11133562345898, X_0 -> 0.579014318732305} : (0.579014318732305, 1.11133562345898)
{t -> 13.0000000000000, X_1 -> 1.11217215343559, X_0 -> 0.581378442559189} : (0.581378442559189, 1.11217215343559)
{t -> 13.1000000000000, X_1 -> 1.11291667521072, X_0 -> 0.583697972161635} : (0.583697972161635, 1.11291667521072)
{t -> 13.2000000000000, X_1 -> 1.11357335247363, X_0 -> 0.585974417537662} : (0.585974417537662, 1.11357335247363)
{t -> 13.3000000000000, X_1 -> 1.11414619692784, X_0 -> 0.588209243751906} : (0.588209243751906, 1.11414619692784)
{t -> 13.4000000000000, X_1 -> 1.11463907109148, X_0 -> 0.590403871056774} : (0.590403871056774, 1.11463907109148)
{t -> 13.5000000000000, X_1 -> 1.11505569134402, X_0 -> 0.592559675153833} : (0.592559675153833, 1.11505569134402)
{t -> 13.6000000000000, X_1 -> 1.11539963117920, X_0 -> 0.594677987579574} : (0.594677987579574, 1.11539963117920)
{t -> 13.7000000000000, X_1 -> 1.11567432462757, X_0 -> 0.596760096200837} : (0.596760096200837, 1.11567432462757)
{t -> 13.8000000000000, X_1 -> 1.11588306981537, X_0 -> 0.598807245806265} : (0.598807245806265, 1.11588306981537)
{t -> 13.9000000000000, X_1 -> 1.11602903262952, X_0 -> 0.600820638781222} : (0.600820638781222, 1.11602903262952)
{t -> 14.0000000000000, X_1 -> 1.11611525046169, X_0 -> 0.602801435854596} : (0.602801435854596, 1.11611525046169)
{t -> 14.1000000000000, X_1 -> 1.11614463600706, X_0 -> 0.604750756906885} : (0.604750756906885, 1.11614463600706)
{t -> 14.2000000000000, X_1 -> 1.11611998109591, X_0 -> 0.606669681829850} : (0.606669681829850, 1.11611998109591)
{t -> 14.3000000000000, X_1 -> 1.11604396053865, X_0 -> 0.608559251428881} : (0.608559251428881, 1.11604396053865)
{t -> 14.4000000000000, X_1 -> 1.11591913596718, X_0 -> 0.610420468360028} : (0.610420468360028, 1.11591913596718)
{t -> 14.5000000000000, X_1 -> 1.11574795965725, X_0 -> 0.612254298094405} : (0.612254298094405, 1.11574795965725)
{t -> 14.6000000000000, X_1 -> 1.11553277831880, X_0 -> 0.614061669903363} : (0.614061669903363, 1.11553277831880)
{t -> 14.7000000000000, X_1 -> 1.11527583684249, X_0 -> 0.615843477858498} : (0.615843477858498, 1.11527583684249)
{t -> 14.8000000000000, X_1 -> 1.11497928199251, X_0 -> 0.617600581841176} : (0.617600581841176, 1.11497928199251)
{t -> 14.9000000000000, X_1 -> 1.11464516603724, X_0 -> 0.619333808556794} : (0.619333808556794, 1.11464516603724)
{t -> 15.0000000000000, X_1 -> 1.11427545031031, X_0 -> 0.621043952549558} : (0.621043952549558, 1.11427545031031)
{t -> 15.1000000000000, X_1 -> 1.11387200869613, X_0 -> 0.622731777213994} : (0.622731777213994, 1.11387200869613)
{t -> 15.2000000000000, X_1 -> 1.11343663103482, X_0 -> 0.624398015799903} : (0.624398015799903, 1.11343663103482)
{t -> 15.3000000000000, X_1 -> 1.11297102644251, X_0 -> 0.626043372407824} : (0.626043372407824, 1.11297102644251)
{t -> 15.4000000000000, X_1 -> 1.11247682654379, X_0 -> 0.627668522972490} : (0.627668522972490, 1.11247682654379)
{t -> 15.5000000000000, X_1 -> 1.11195558861395, X_0 -> 0.629274116232064} : (0.629274116232064, 1.11195558861395)
{t -> 15.6000000000000, X_1 -> 1.11140879862923, X_0 -> 0.630860774681277} : (0.630860774681277, 1.11140879862923)
{t -> 15.7000000000000, X_1 -> 1.11083787422392, X_0 -> 0.632429095506859} : (0.632429095506859, 1.11083787422392)
{t -> 15.8000000000000, X_1 -> 1.11024416755379, X_0 -> 0.633979651503910} : (0.633979651503910, 1.11024416755379)
{t -> 15.9000000000000, X_1 -> 1.10962896806571, X_0 -> 0.635512991972098} : (0.635512991972098, 1.10962896806571)
{t -> 16.0000000000000, X_1 -> 1.10899350517379, X_0 -> 0.637029643590770} : (0.637029643590770, 1.10899350517379)
{t -> 16.1000000000000, X_1 -> 1.10833895084256, X_0 -> 0.638530111272251} : (0.638530111272251, 1.10833895084256)
{t -> 16.2000000000000, X_1 -> 1.10766642207847, X_0 -> 0.640014878992786} : (0.640014878992786, 1.10766642207847)
{t -> 16.3000000000000, X_1 -> 1.10697698333055, X_0 -> 0.641484410600702} : (0.641484410600702, 1.10697698333055)
{t -> 16.4000000000000, X_1 -> 1.10627164880213, X_0 -> 0.642939150601551} : (0.642939150601551, 1.10627164880213)
{t -> 16.5000000000000, X_1 -> 1.10555138467492, X_0 -> 0.644379524920053} : (0.644379524920053, 1.10555138467492)
{t -> 16.6000000000000, X_1 -> 1.10481711124761, X_0 -> 0.645805941638816} : (0.645805941638816, 1.10481711124761)
{t -> 16.7000000000000, X_1 -> 1.10406970499065, X_0 -> 0.647218791713873} : (0.647218791713873, 1.10406970499065)
{t -> 16.8000000000000, X_1 -> 1.10331000051954, X_0 -> 0.648618449667173} : (0.648618449667173, 1.10331000051954)
{t -> 16.9000000000000, X_1 -> 1.10253879248864, X_0 -> 0.650005274256226} : (0.650005274256226, 1.10253879248864)
{t -> 17.0000000000000, X_1 -> 1.10175683740781, X_0 -> 0.651379609121164} : (0.651379609121164, 1.10175683740781)
{t -> 17.1000000000000, X_1 -> 1.10096485538403, X_0 -> 0.652741783409540} : (0.652741783409540, 1.10096485538403)
{t -> 17.2000000000000, X_1 -> 1.10016353179046, X_0 -> 0.654092112379238} : (0.654092112379238, 1.10016353179046)
{t -> 17.3000000000000, X_1 -> 1.09935351886515, X_0 -> 0.655430897979874} : (0.655430897979874, 1.09935351886515)
{t -> 17.4000000000000, X_1 -> 1.09853543724172, X_0 -> 0.656758429413151} : (0.656758429413151, 1.09853543724172)
{t -> 17.5000000000000, X_1 -> 1.09770987741437, X_0 -> 0.658074983672614} : (0.658074983672614, 1.09770987741437)
{t -> 17.6000000000000, X_1 -> 1.09687740113946, X_0 -> 0.659380826063287} : (0.659380826063287, 1.09687740113946)
{t -> 17.7000000000000, X_1 -> 1.09603854277603, X_0 -> 0.660676210701714} : (0.660676210701714, 1.09603854277603)
{t -> 17.8000000000000, X_1 -> 1.09519381056738, X_0 -> 0.661961380996889} : (0.661961380996889, 1.09519381056738)
{t -> 17.9000000000000, X_1 -> 1.09434368786595, X_0 -> 0.663236570112629} : (0.663236570112629, 1.09434368786595)
{t -> 18.0000000000000, X_1 -> 1.09348863430374, X_0 -> 0.664502001411895} : (0.664502001411895, 1.09348863430374)
{t -> 18.1000000000000, X_1 -> 1.09262908691028, X_0 -> 0.665757888883618} : (0.665757888883618, 1.09262908691028)
{t -> 18.2000000000000, X_1 -> 1.09176546118025, X_0 -> 0.667004437552547} : (0.667004437552547, 1.09176546118025)
{t -> 18.3000000000000, X_1 -> 1.09089815209281, X_0 -> 0.668241843872662} : (0.668241843872662, 1.09089815209281)
{t -> 18.4000000000000, X_1 -> 1.09002753508454, X_0 -> 0.669470296104682} : (0.669470296104682, 1.09002753508454)
{t -> 18.5000000000000, X_1 -> 1.08915396697787, X_0 -> 0.670689974678190} : (0.670689974678190, 1.08915396697787)
{t -> 18.6000000000000, X_1 -> 1.08827778686701, X_0 -> 0.671901052538905} : (0.671901052538905, 1.08827778686701)
{t -> 18.7000000000000, X_1 -> 1.08739931696289, X_0 -> 0.673103695481593} : (0.673103695481593, 1.08739931696289)
{t -> 18.8000000000000, X_1 -> 1.08651886339917, X_0 -> 0.674298062469149} : (0.674298062469149, 1.08651886339917)
{t -> 18.9000000000000, X_1 -> 1.08563671700066, X_0 -> 0.675484305938312} : (0.675484305938312, 1.08563671700066)
{t -> 19.0000000000000, X_1 -> 1.08475315401608, X_0 -> 0.676662572092534} : (0.676662572092534, 1.08475315401608)
{t -> 19.1000000000000, X_1 -> 1.08386843681649, X_0 -> 0.677833001182433} : (0.677833001182433, 1.08386843681649)
{t -> 19.2000000000000, X_1 -> 1.08298281456095, X_0 -> 0.678995727774336} : (0.678995727774336, 1.08298281456095)
{t -> 19.3000000000000, X_1 -> 1.08209652383099, X_0 -> 0.680150881007326} : (0.680150881007326, 1.08209652383099)
{t -> 19.4000000000000, X_1 -> 1.08120978923503, X_0 -> 0.681298584839258} : (0.681298584839258, 1.08120978923503)
{t -> 19.5000000000000, X_1 -> 1.08032282398435, X_0 -> 0.682438958282147} : (0.682438958282147, 1.08032282398435)
{t -> 19.6000000000000, X_1 -> 1.07943583044173, X_0 -> 0.683572115627368} : (0.683572115627368, 1.07943583044173)
{t -> 19.7000000000000, X_1 -> 1.07854900064403, X_0 -> 0.684698166661041} : (0.684698166661041, 1.07854900064403)
{t -> 19.8000000000000, X_1 -> 1.07766251679992, X_0 -> 0.685817216870017} : (0.685817216870017, 1.07766251679992)
{t -> 19.9000000000000, X_1 -> 1.07677655176390, X_0 -> 0.686929367638818} : (0.686929367638818, 1.07677655176390)
{t -> 20.0000000000000, X_1 -> 1.07589126948768, X_0 -> 0.688034716437914} : (0.688034716437914, 1.07589126948768)
{t -> 20.1000000000000, X_1 -> 1.07500682544996, X_0 -> 0.689133357003683} : (0.689133357003683, 1.07500682544996)
{t -> 20.2000000000000, X_1 -> 1.07412336706558, X_0 -> 0.690225379510386} : (0.690225379510386, 1.07412336706558)
{t -> 20.3000000000000, X_1 -> 1.07324103407516, X_0 -> 0.691310870734504} : (0.691310870734504, 1.07324103407516)
{t -> 20.4000000000000, X_1 -> 1.07235995891587, X_0 -> 0.692389914211731} : (0.692389914211731, 1.07235995891587)
{t -> 20.5000000000000, X_1 -> 1.07148026707448, X_0 -> 0.693462590386956} : (0.693462590386956, 1.07148026707448)
{t -> 20.6000000000000, X_1 -> 1.07060207742331, X_0 -> 0.694528976757498} : (0.694528976757498, 1.07060207742331)
{t -> 20.7000000000000, X_1 -> 1.06972550254009, X_0 -> 0.695589148009906} : (0.695589148009906, 1.06972550254009)
{t -> 20.8000000000000, X_1 -> 1.06885064901227, X_0 -> 0.696643176150580} : (0.696643176150580, 1.06885064901227)
{t -> 20.9000000000000, X_1 -> 1.06797761772671, X_0 -> 0.697691130630476} : (0.697691130630476, 1.06797761772671)
{t -> 21.0000000000000, X_1 -> 1.06710650414530, X_0 -> 0.698733078464162} : (0.698733078464162, 1.06710650414530)
{t -> 21.1000000000000, X_1 -> 1.06623739856731, X_0 -> 0.699769084343447} : (0.699769084343447, 1.06623739856731)
{t -> 21.2000000000000, X_1 -> 1.06537038637897, X_0 -> 0.700799210745839} : (0.700799210745839, 1.06537038637897)
{t -> 21.3000000000000, X_1 -> 1.06450554829098, X_0 -> 0.701823518038035} : (0.701823518038035, 1.06450554829098)
{t -> 21.4000000000000, X_1 -> 1.06364296056453, X_0 -> 0.702842064574673} : (0.702842064574673, 1.06364296056453)
{t -> 21.5000000000000, X_1 -> 1.06278269522628, X_0 -> 0.703854906792552} : (0.703854906792552, 1.06278269522628)
{t -> 21.6000000000000, X_1 -> 1.06192482027304, X_0 -> 0.704862099300503} : (0.704862099300503, 1.06192482027304)
{t -> 21.7000000000000, X_1 -> 1.06106939986635, X_0 -> 0.705863694965127} : (0.705863694965127, 1.06106939986635)
{t -> 21.8000000000000, X_1 -> 1.06021649451771, X_0 -> 0.706859744992558} : (0.706859744992558, 1.06021649451771)
{t -> 21.9000000000000, X_1 -> 1.05936616126479, X_0 -> 0.707850299006442} : (0.707850299006442, 1.05936616126479)
{t -> 22.0000000000000, X_1 -> 1.05851845383911, X_0 -> 0.708835405122293} : (0.708835405122293, 1.05851845383911)
{t -> 22.1000000000000, X_1 -> 1.05767342282544, X_0 -> 0.709815110018385} : (0.709815110018385, 1.05767342282544)
{t -> 22.2000000000000, X_1 -> 1.05683111581365, X_0 -> 0.710789459003348} : (0.710789459003348, 1.05683111581365)
{t -> 22.3000000000000, X_1 -> 1.05599157754300, X_0 -> 0.711758496080588} : (0.711758496080588, 1.05599157754300)
{t -> 22.4000000000000, X_1 -> 1.05515485003951, X_0 -> 0.712722264009709} : (0.712722264009709, 1.05515485003951)
{t -> 22.5000000000000, X_1 -> 1.05432097274662, X_0 -> 0.713680804365035} : (0.713680804365035, 1.05432097274662)
{t -> 22.6000000000000, X_1 -> 1.05348998264952, X_0 -> 0.714634157591392} : (0.714634157591392, 1.05348998264952)
{t -> 22.7000000000000, X_1 -> 1.05266191439340, X_0 -> 0.715582363057256} : (0.715582363057256, 1.05266191439340)
{t -> 22.8000000000000, X_1 -> 1.05183680039601, X_0 -> 0.716525459105394} : (0.716525459105394, 1.05183680039601)
{t -> 22.9000000000000, X_1 -> 1.05101467095466, X_0 -> 0.717463483101102} : (0.717463483101102, 1.05101467095466)
{t -> 23.0000000000000, X_1 -> 1.05019555434813, X_0 -> 0.718396471478171} : (0.718396471478171, 1.05019555434813)
{t -> 23.1000000000000, X_1 -> 1.04937947693356, X_0 -> 0.719324459782648} : (0.719324459782648, 1.04937947693356)
{t -> 23.2000000000000, X_1 -> 1.04856646323863, X_0 -> 0.720247482714535} : (0.720247482714535, 1.04856646323863)
{t -> 23.3000000000000, X_1 -> 1.04775653604933, X_0 -> 0.721165574167484} : (0.721165574167484, 1.04775653604933)
{t -> 23.4000000000000, X_1 -> 1.04694971649340, X_0 -> 0.722078767266601} : (0.722078767266601, 1.04694971649340)
{t -> 23.5000000000000, X_1 -> 1.04614602411978, X_0 -> 0.722987094404436} : (0.722987094404436, 1.04614602411978)
{t -> 23.6000000000000, X_1 -> 1.04534547697418, X_0 -> 0.723890587275251} : (0.723890587275251, 1.04534547697418)
{t -> 23.7000000000000, X_1 -> 1.04454809167098, X_0 -> 0.724789276907632} : (0.724789276907632, 1.04454809167098)
{t -> 23.8000000000000, X_1 -> 1.04375388346169, X_0 -> 0.725683193695533} : (0.725683193695533, 1.04375388346169)
{t -> 23.9000000000000, X_1 -> 1.04296286630006, X_0 -> 0.726572367427823} : (0.726572367427823, 1.04296286630006)
{t -> 24.0000000000000, X_1 -> 1.04217505290408, X_0 -> 0.727456827316396} : (0.727456827316396, 1.04217505290408)
{t -> 24.1000000000000, X_1 -> 1.04139045481491, X_0 -> 0.728336602022923} : (0.728336602022923, 1.04139045481491)
{t -> 24.2000000000000, X_1 -> 1.04060908245308, X_0 -> 0.729211719684298} : (0.729211719684298, 1.04060908245308)
{t -> 24.3000000000000, X_1 -> 1.03983094517187, X_0 -> 0.730082207936849} : (0.730082207936849, 1.03983094517187)
{t -> 24.4000000000000, X_1 -> 1.03905605130820, X_0 -> 0.730948093939365} : (0.730948093939365, 1.03905605130820)
{t -> 24.5000000000000, X_1 -> 1.03828440823101, X_0 -> 0.731809404394989} : (0.731809404394989, 1.03828440823101)
{t -> 24.6000000000000, X_1 -> 1.03751602238734, X_0 -> 0.732666165572048} : (0.732666165572048, 1.03751602238734)
{t -> 24.7000000000000, X_1 -> 1.03675089934622, X_0 -> 0.733518403323846} : (0.733518403323846, 1.03675089934622)
{t -> 24.8000000000000, X_1 -> 1.03598904384038, X_0 -> 0.734366143107495} : (0.734366143107495, 1.03598904384038)
{t -> 24.9000000000000, X_1 -> 1.03523045980607, X_0 -> 0.735209410001799} : (0.735209410001799, 1.03523045980607)
{t -> 25.0000000000000, X_1 -> 1.03447515042086, X_0 -> 0.736048228724266} : (0.736048228724266, 1.03447515042086)
{t -> 25.1000000000000, X_1 -> 1.03372311813969, X_0 -> 0.736882623647263} : (0.736882623647263, 1.03372311813969)
{t -> 25.2000000000000, X_1 -> 1.03297436472921, X_0 -> 0.737712618813379} : (0.737712618813379, 1.03297436472921)
{t -> 25.3000000000000, X_1 -> 1.03222889130048, X_0 -> 0.738538237950005} : (0.738538237950005, 1.03222889130048)
{t -> 25.4000000000000, X_1 -> 1.03148669834002, X_0 -> 0.739359504483198} : (0.739359504483198, 1.03148669834002)
{t -> 25.5000000000000, X_1 -> 1.03074778573954, X_0 -> 0.740176441550843} : (0.740176441550843, 1.03074778573954)
{t -> 25.6000000000000, X_1 -> 1.03001215282413, X_0 -> 0.740989072015148} : (0.740989072015148, 1.03001215282413)
{t -> 25.7000000000000, X_1 -> 1.02927979837916, X_0 -> 0.741797418474515} : (0.741797418474515, 1.02927979837916)
{t -> 25.8000000000000, X_1 -> 1.02855072067593, X_0 -> 0.742601503274805} : (0.742601503274805, 1.02855072067593)
{t -> 25.9000000000000, X_1 -> 1.02782491749603, X_0 -> 0.743401348520034} : (0.743401348520034, 1.02782491749603)
{t -> 26.0000000000000, X_1 -> 1.02710238615467, X_0 -> 0.744196976082519} : (0.744196976082519, 1.02710238615467)
{t -> 26.1000000000000, X_1 -> 1.02638312352276, X_0 -> 0.744988407612513} : (0.744988407612513, 1.02638312352276)
{t -> 26.2000000000000, X_1 -> 1.02566712604810, X_0 -> 0.745775664547336} : (0.745775664547336, 1.02566712604810)
{t -> 26.3000000000000, X_1 -> 1.02495438977549, X_0 -> 0.746558768120046} : (0.746558768120046, 1.02495438977549)
{t -> 26.4000000000000, X_1 -> 1.02424491036589, X_0 -> 0.747337739367655} : (0.747337739367655, 1.02424491036589)
{t -> 26.5000000000000, X_1 -> 1.02353868311472, X_0 -> 0.748112599138923} : (0.748112599138923, 1.02353868311472)
{t -> 26.6000000000000, X_1 -> 1.02283570296932, X_0 -> 0.748883368101746} : (0.748883368101746, 1.02283570296932)
{t -> 26.7000000000000, X_1 -> 1.02213596454553, X_0 -> 0.749650066750160} : (0.749650066750160, 1.02213596454553)
{t -> 26.8000000000000, X_1 -> 1.02143946214359, X_0 -> 0.750412715410975} : (0.750412715410975, 1.02143946214359)
{t -> 26.9000000000000, X_1 -> 1.02074618976319, X_0 -> 0.751171334250062} : (0.751171334250062, 1.02074618976319)
{t -> 27.0000000000000, X_1 -> 1.02005614111794, X_0 -> 0.751925943278311} : (0.751925943278311, 1.02005614111794)
{t -> 27.1000000000000, X_1 -> 1.01936930964911, X_0 -> 0.752676562357271} : (0.752676562357271, 1.01936930964911)
{t -> 27.2000000000000, X_1 -> 1.01868568853872, X_0 -> 0.753423211204487} : (0.753423211204487, 1.01868568853872)
{t -> 27.3000000000000, X_1 -> 1.01800527072208, X_0 -> 0.754165909398560} : (0.754165909398560, 1.01800527072208)
{t -> 27.4000000000000, X_1 -> 1.01732804889970, X_0 -> 0.754904676383925} : (0.754904676383925, 1.01732804889970)
{t -> 27.5000000000000, X_1 -> 1.01665401554874, X_0 -> 0.755639531475386} : (0.755639531475386, 1.01665401554874)
{t -> 27.6000000000000, X_1 -> 1.01598316293383, X_0 -> 0.756370493862390} : (0.756370493862390, 1.01598316293383)
{t -> 27.7000000000000, X_1 -> 1.01531548311748, X_0 -> 0.757097582613080} : (0.757097582613080, 1.01531548311748)
{t -> 27.8000000000000, X_1 -> 1.01465096796998, X_0 -> 0.757820816678123} : (0.757820816678123, 1.01465096796998)
{t -> 27.9000000000000, X_1 -> 1.01398960917887, X_0 -> 0.758540214894328} : (0.758540214894328, 1.01398960917887)
{t -> 28.0000000000000, X_1 -> 1.01333139825796, X_0 -> 0.759255795988065} : (0.759255795988065, 1.01333139825796)
{t -> 28.1000000000000, X_1 -> 1.01267632655600, X_0 -> 0.759967578578493} : (0.759967578578493, 1.01267632655600)
{t -> 28.2000000000000, X_1 -> 1.01202438526487, X_0 -> 0.760675581180614} : (0.760675581180614, 1.01202438526487)
{t -> 28.3000000000000, X_1 -> 1.01137556542750, X_0 -> 0.761379822208150} : (0.761379822208150, 1.01137556542750)
{t -> 28.4000000000000, X_1 -> 1.01072985794537, X_0 -> 0.762080319976259} : (0.762080319976259, 1.01072985794537)
{t -> 28.5000000000000, X_1 -> 1.01008725358573, X_0 -> 0.762777092704102} : (0.762777092704102, 1.01008725358573)
{t -> 28.6000000000000, X_1 -> 1.00944774298842, X_0 -> 0.763470158517258} : (0.763470158517258, 1.00944774298842)
{t -> 28.7000000000000, X_1 -> 1.00881131667251, X_0 -> 0.764159535450007} : (0.764159535450007, 1.00881131667251)
{t -> 28.8000000000000, X_1 -> 1.00817796504254, X_0 -> 0.764845241447475} : (0.764845241447475, 1.00817796504254)
{t -> 28.9000000000000, X_1 -> 1.00754767839453, X_0 -> 0.765527294367664} : (0.765527294367664, 1.00754767839453)
{t -> 29.0000000000000, X_1 -> 1.00692044692175, X_0 -> 0.766205711983352} : (0.766205711983352, 1.00692044692175)
{t -> 29.1000000000000, X_1 -> 1.00629626072019, X_0 -> 0.766880511983892} : (0.766880511983892, 1.00629626072019)
{t -> 29.2000000000000, X_1 -> 1.00567510979383, X_0 -> 0.767551711976903} : (0.767551711976903, 1.00567510979383)
{t -> 29.3000000000000, X_1 -> 1.00505698405969, X_0 -> 0.768219329489852} : (0.768219329489852, 1.00505698405969)
{t -> 29.4000000000000, X_1 -> 1.00444187335262, X_0 -> 0.768883381971556} : (0.768883381971556, 1.00444187335262)
{t -> 29.5000000000000, X_1 -> 1.00382976742993, X_0 -> 0.769543886793580} : (0.769543886793580, 1.00382976742993)
{t -> 29.6000000000000, X_1 -> 1.00322065597580, X_0 -> 0.770200861251562} : (0.770200861251562, 1.00322065597580)
{t -> 29.7000000000000, X_1 -> 1.00261452860551, X_0 -> 0.770854322566447} : (0.770854322566447, 1.00261452860551)
{t -> 29.8000000000000, X_1 -> 1.00201137486947, X_0 -> 0.771504287885650} : (0.771504287885650, 1.00201137486947)
{t -> 29.9000000000000, X_1 -> 1.00141118425714, X_0 -> 0.772150774284152} : (0.772150774284152, 1.00141118425714)
{t -> 30.0000000000000, X_1 -> 1.00081394620074, X_0 -> 0.772793798765516} : (0.772793798765516, 1.00081394620074)
merge bindings: {gamma -> 1, b_0 -> 1, b_3 -> 1, m_3 -> 1, b_2 -> 1, m_2 -> 1, b_1 -> 1, m_1 -> 1, m_0 -> 1} , [r_0, r_1, w_1, K_0, w_0, K_1] ,  {}
merge bindings: {gamma -> 1, m_3 -> 1, b_3 -> 1, K_1 -> 2, b_0 -> 1, w_1 -> 1, r_0 -> 1, b_2 -> 1, r_1 -> 1, m_2 -> 1, b_1 -> 1, K_0 -> 2, w_0 -> 1, m_1 -> 1, m_0 -> 1} , [c_0_1, c_0_0, c_1_1, c_1_0] ,  {}
merge bindings: {R_0 -> -(X_0*c_0_0 + X_1*c_1_0 - K_0*r_0)/r_0, Rhat_1 -> -(Xhat_0*c_0_1 + Xhat_1*c_1_1 - K_1*r_1)/r_1, Rhat_0 -> -(Xhat_0*c_0_0 + Xhat_1*c_1_0 - K_0*r_0)/r_0, R_1 -> -(X_0*c_0_1 + X_1*c_1_1 - K_1*r_1)/r_1} , [c_0_0, w_1, b_0, b_3, K_1, c_1_0, r_0, m_2, w_0, m_0, c_1_1, gamma, K_0, m_3, c_0_1, b_2, r_1, b_1, m_1] ,  {}
