Fri Jan 23 13:15:58 2015
/usr/bin/make -C /usr/local/src/jekyll-research/wmd_files/Selection_Gradients \
    maclev-2-2-c-a-vs-k.png
Including .mk files: sage.mk sage-inline.mk 
Including .mk files from .step files: maclev-1-1.sage.mk maclev-1-1-adap.sage.mk maclev-1-1-mc-adap-geom.sage.mk maclev-1-1-ak-adap-geom.sage.mk S-A-vector-field.sage.mk maclev-1-1-d1A-vector-field.sage.mk maclev-1-1-S-and-d1A-on-curve.sage.mk maclev-1-1-S-and-D-on-curve.sage.mk maclev_1_2_defs.py.mk maclev-1-2-popdyn.sage.mk maclev-1-2-adap.sage.mk maclev-1-2-p.sage.mk maclev-1-2-zngi.sage.mk maclev-1-2-geom.sage.mk maclev_unconstrained_c.py.mk maclev-2-2-c-popdyn.sage.mk maclev-2-2-c-adap.sage.mk maclev-2-2-c-p.sage.mk maclev-2-2-c-zngi.sage.mk maclev-2-2-c-geom.sage.mk maclev_2_2_defs.py.mk maclev-2-2-popdyn.sage.mk maclev-2-2-adap.sage.mk maclev-2-2-p.sage.mk maclev-2-2-zngi.sage.mk maclev-2-2-geom.sage.mk maclev_a_only_defs.py.mk maclev-a-only-popdyn.sage.mk maclev-a-only-adap.sage.mk maclev-a-only-p.sage.mk maclev-a-only-zngi.sage.mk maclev-a-only-geom.sage.mk maclevmodels.py.mk lotkavolterra.py.mk maclev-2-2-zngi-invasion.sage.mk
Including .mk files from .sage-inline files: avec.sage.mk a-careful.sage.mk
Including .tex.d files: 
make: Entering directory `/usr/local/src/jekyll-research/wmd_files/Selection_Gradients'
/usr/bin/make --no-print-directory -C /usr/local/src/jekyll-research/wmd_files/SageDynamicsRepo/SageDynamics dynamicalsystems.py
Including .mk files:  
Including .tex.d files: 
make[1]: Nothing to be done for `dynamicalsystems.py'.
/usr/bin/make --no-print-directory -C /usr/local/src/jekyll-research/wmd_files/SageDynamicsRepo/SageAdaptiveDynamics adaptivedynamics.py
Including .mk files:  
Including .tex.d files: 
make[1]: Nothing to be done for `adaptivedynamics.py'.
touch maclev-2-2-c-adap.sage.tried
/usr/bin/make maclev-2-2-c-adap.sage.out
Including .mk files: sage.mk sage-inline.mk 
Including .mk files from .step files: maclev-1-1.sage.mk maclev-1-1-adap.sage.mk maclev-1-1-mc-adap-geom.sage.mk maclev-1-1-ak-adap-geom.sage.mk S-A-vector-field.sage.mk maclev-1-1-d1A-vector-field.sage.mk maclev-1-1-S-and-d1A-on-curve.sage.mk maclev-1-1-S-and-D-on-curve.sage.mk maclev_1_2_defs.py.mk maclev-1-2-popdyn.sage.mk maclev-1-2-adap.sage.mk maclev-1-2-p.sage.mk maclev-1-2-zngi.sage.mk maclev-1-2-geom.sage.mk maclev_unconstrained_c.py.mk maclev-2-2-c-popdyn.sage.mk maclev-2-2-c-adap.sage.mk maclev-2-2-c-p.sage.mk maclev-2-2-c-zngi.sage.mk maclev-2-2-c-geom.sage.mk maclev_2_2_defs.py.mk maclev-2-2-popdyn.sage.mk maclev-2-2-adap.sage.mk maclev-2-2-p.sage.mk maclev-2-2-zngi.sage.mk maclev-2-2-geom.sage.mk maclev_a_only_defs.py.mk maclev-a-only-popdyn.sage.mk maclev-a-only-adap.sage.mk maclev-a-only-p.sage.mk maclev-a-only-zngi.sage.mk maclev-a-only-geom.sage.mk maclevmodels.py.mk lotkavolterra.py.mk maclev-2-2-zngi-invasion.sage.mk
Including .mk files from .sage-inline files: avec.sage.mk a-careful.sage.mk
Including .tex.d files: 
make[1]: Entering directory `/usr/local/src/jekyll-research/wmd_files/Selection_Gradients'
/usr/bin/make --no-print-directory -C /usr/local/src/jekyll-research/wmd_files/SageDynamicsRepo/SageDynamics dynamicalsystems.py
Including .mk files:  
Including .tex.d files: 
make[2]: Nothing to be done for `dynamicalsystems.py'.
/usr/bin/make --no-print-directory -C /usr/local/src/jekyll-research/wmd_files/SageDynamicsRepo/SageAdaptiveDynamics adaptivedynamics.py
Including .mk files:  
Including .tex.d files: 
make[2]: Nothing to be done for `adaptivedynamics.py'.
rm -f maclev-2-2-c-adap.sage.out maclev-2-2-c-adap.sage.status maclev-2-2-c-adap.sage.out.tex maclev-2-2-c-adap.sobj
(sage maclev-2-2-c-adap.sage && touch maclev-2-2-c-adap.sage.status) | tee maclev-2-2-c-adap.sage.dmp
Traceback (most recent call last):
  File "maclev-2-2-c-adap.sage.py", line 9, in <module>
    load_session( 'maclev-2-2-c-popdyn' )
  File "sage/misc/session.pyx", line 371, in sage.misc.session.load_session (build/cythonized/sage/misc/session.c:2386)
  File "sage/structure/sage_object.pyx", line 933, in sage.structure.sage_object.load (build/cythonized/sage/structure/sage_object.c:10989)
IOError: [Errno 2] No such file or directory: 'maclev-2-2-c-popdyn.sobj'
[ -e maclev-2-2-c-adap.sage.status ] && (rm -f maclev-2-2-c-adap.sage.status && mv maclev-2-2-c-adap.sage.dmp maclev-2-2-c-adap.sage.out) || exit 1
make[1]: *** [maclev-2-2-c-adap.sage.out] Error 1
make[1]: Leaving directory `/usr/local/src/jekyll-research/wmd_files/Selection_Gradients'
make: [maclev-2-2-c-adap.sage.tried] Error 2 (ignored)
touch maclev-2-2-c-geom.sage.tried
/usr/bin/make maclev-2-2-c-geom.sage.out
Including .mk files: sage.mk sage-inline.mk 
Including .mk files from .step files: maclev-1-1.sage.mk maclev-1-1-adap.sage.mk maclev-1-1-mc-adap-geom.sage.mk maclev-1-1-ak-adap-geom.sage.mk S-A-vector-field.sage.mk maclev-1-1-d1A-vector-field.sage.mk maclev-1-1-S-and-d1A-on-curve.sage.mk maclev-1-1-S-and-D-on-curve.sage.mk maclev_1_2_defs.py.mk maclev-1-2-popdyn.sage.mk maclev-1-2-adap.sage.mk maclev-1-2-p.sage.mk maclev-1-2-zngi.sage.mk maclev-1-2-geom.sage.mk maclev_unconstrained_c.py.mk maclev-2-2-c-popdyn.sage.mk maclev-2-2-c-adap.sage.mk maclev-2-2-c-p.sage.mk maclev-2-2-c-zngi.sage.mk maclev-2-2-c-geom.sage.mk maclev_2_2_defs.py.mk maclev-2-2-popdyn.sage.mk maclev-2-2-adap.sage.mk maclev-2-2-p.sage.mk maclev-2-2-zngi.sage.mk maclev-2-2-geom.sage.mk maclev_a_only_defs.py.mk maclev-a-only-popdyn.sage.mk maclev-a-only-adap.sage.mk maclev-a-only-p.sage.mk maclev-a-only-zngi.sage.mk maclev-a-only-geom.sage.mk maclevmodels.py.mk lotkavolterra.py.mk maclev-2-2-zngi-invasion.sage.mk
Including .mk files from .sage-inline files: avec.sage.mk a-careful.sage.mk
Including .tex.d files: 
make[1]: Entering directory `/usr/local/src/jekyll-research/wmd_files/Selection_Gradients'
/usr/bin/make --no-print-directory -C /usr/local/src/jekyll-research/wmd_files/SageDynamicsRepo/SageDynamics dynamicalsystems.py
Including .mk files:  
Including .tex.d files: 
make[2]: Nothing to be done for `dynamicalsystems.py'.
/usr/bin/make --no-print-directory -C /usr/local/src/jekyll-research/wmd_files/SageDynamicsRepo/SageAdaptiveDynamics adaptivedynamics.py
Including .mk files:  
Including .tex.d files: 
make[2]: Nothing to be done for `adaptivedynamics.py'.
touch maclev-2-2-c-adap.sage.tried
/usr/bin/make maclev-2-2-c-adap.sage.out
Including .mk files: sage.mk sage-inline.mk 
Including .mk files from .step files: maclev-1-1.sage.mk maclev-1-1-adap.sage.mk maclev-1-1-mc-adap-geom.sage.mk maclev-1-1-ak-adap-geom.sage.mk S-A-vector-field.sage.mk maclev-1-1-d1A-vector-field.sage.mk maclev-1-1-S-and-d1A-on-curve.sage.mk maclev-1-1-S-and-D-on-curve.sage.mk maclev_1_2_defs.py.mk maclev-1-2-popdyn.sage.mk maclev-1-2-adap.sage.mk maclev-1-2-p.sage.mk maclev-1-2-zngi.sage.mk maclev-1-2-geom.sage.mk maclev_unconstrained_c.py.mk maclev-2-2-c-popdyn.sage.mk maclev-2-2-c-adap.sage.mk maclev-2-2-c-p.sage.mk maclev-2-2-c-zngi.sage.mk maclev-2-2-c-geom.sage.mk maclev_2_2_defs.py.mk maclev-2-2-popdyn.sage.mk maclev-2-2-adap.sage.mk maclev-2-2-p.sage.mk maclev-2-2-zngi.sage.mk maclev-2-2-geom.sage.mk maclev_a_only_defs.py.mk maclev-a-only-popdyn.sage.mk maclev-a-only-adap.sage.mk maclev-a-only-p.sage.mk maclev-a-only-zngi.sage.mk maclev-a-only-geom.sage.mk maclevmodels.py.mk lotkavolterra.py.mk maclev-2-2-zngi-invasion.sage.mk
Including .mk files from .sage-inline files: avec.sage.mk a-careful.sage.mk
Including .tex.d files: 
make[2]: Entering directory `/usr/local/src/jekyll-research/wmd_files/Selection_Gradients'
/usr/bin/make --no-print-directory -C /usr/local/src/jekyll-research/wmd_files/SageDynamicsRepo/SageDynamics dynamicalsystems.py
Including .mk files:  
Including .tex.d files: 
make[3]: Nothing to be done for `dynamicalsystems.py'.
/usr/bin/make --no-print-directory -C /usr/local/src/jekyll-research/wmd_files/SageDynamicsRepo/SageAdaptiveDynamics adaptivedynamics.py
Including .mk files:  
Including .tex.d files: 
make[3]: Nothing to be done for `adaptivedynamics.py'.
rm -f maclev-2-2-c-adap.sage.out maclev-2-2-c-adap.sage.status maclev-2-2-c-adap.sage.out.tex maclev-2-2-c-adap.sobj
(sage maclev-2-2-c-adap.sage && touch maclev-2-2-c-adap.sage.status) | tee maclev-2-2-c-adap.sage.dmp
Traceback (most recent call last):
  File "maclev-2-2-c-adap.sage.py", line 9, in <module>
    load_session( 'maclev-2-2-c-popdyn' )
  File "sage/misc/session.pyx", line 371, in sage.misc.session.load_session (build/cythonized/sage/misc/session.c:2386)
  File "sage/structure/sage_object.pyx", line 933, in sage.structure.sage_object.load (build/cythonized/sage/structure/sage_object.c:10989)
IOError: [Errno 2] No such file or directory: 'maclev-2-2-c-popdyn.sobj'
[ -e maclev-2-2-c-adap.sage.status ] && (rm -f maclev-2-2-c-adap.sage.status && mv maclev-2-2-c-adap.sage.dmp maclev-2-2-c-adap.sage.out) || exit 1
make[2]: *** [maclev-2-2-c-adap.sage.out] Error 1
make[2]: Leaving directory `/usr/local/src/jekyll-research/wmd_files/Selection_Gradients'
make[1]: [maclev-2-2-c-adap.sage.tried] Error 2 (ignored)
rm -f maclev-2-2-c-geom.sage.out maclev-2-2-c-geom.sage.status maclev-2-2-c-geom.sage.out.tex maclev-2-2-c-k-vs-t.png maclev-2-2-c-a-vs-t.png maclev-2-2-c-Xhat-vs-t.png maclev-2-2-c-Rhat-vs-t.png maclev-2-2-c-a-vs-a.png maclev-2-2-c-a-vs-k.png maclev-2-2-c-a-arrows.png
(sage maclev-2-2-c-geom.sage && touch maclev-2-2-c-geom.sage.status) | tee maclev-2-2-c-geom.sage.dmp
Traceback (most recent call last):
  File "maclev-2-2-c-geom.sage.py", line 15, in <module>
    load_session( 'maclev-2-2-c-adap' )
  File "sage/misc/session.pyx", line 371, in sage.misc.session.load_session (build/cythonized/sage/misc/session.c:2386)
  File "sage/structure/sage_object.pyx", line 933, in sage.structure.sage_object.load (build/cythonized/sage/structure/sage_object.c:10989)
IOError: [Errno 2] No such file or directory: 'maclev-2-2-c-adap.sobj'
[ -e maclev-2-2-c-geom.sage.status ] && (rm -f maclev-2-2-c-geom.sage.status && mv maclev-2-2-c-geom.sage.dmp maclev-2-2-c-geom.sage.out) || exit 1
make[1]: *** [maclev-2-2-c-geom.sage.out] Error 1
make[1]: Leaving directory `/usr/local/src/jekyll-research/wmd_files/Selection_Gradients'
make: [maclev-2-2-c-geom.sage.tried] Error 2 (ignored)
make: Leaving directory `/usr/local/src/jekyll-research/wmd_files/Selection_Gradients'
Make succeeded.
Fri Jan 23 13:16:13 2015
