set_population_indices: [0, 1]
merge bindings: {} , [] ,  {}
The invasion rate for mutant population is:
\begin{align*}
  \mathscr I = \frac{1}{X_{1}}\frac{dX_{1}}{dt} &= -r_{1} {\left(\frac{\frac{X_{0} c_{0}}{K_{0}} + \frac{X_{1} c_{1}}{K_{1}}}{c_{1}} - 1\right)} 
\end{align*}

limit as {r_1: r_0, K_1: K_0, c_1: c_0}
simplify to (K_0 - X_0 - X_1)/K_0
simplify to X_0*r_0/(K_0*c_0)
simplify to X_1*r_0/K_0^2
after those limits:
   (K_0 - X_0 - X_1)/K_0
  X_0*r_0/(K_0*c_0)
  X_1*r_0/K_0^2
simplify to (K_0 - X_0)/K_0
simplify to X_0*r_0/(K_0*c_0)
simplify to 0
merge bindings: {} , [] ,  {}
merge bindings: {} , [] ,  {}
merge bindings: {} , [Xhat_0] ,  {}
