Sat Feb  6 15:37:29 2016
/usr/bin/make -C /usr/local/src/adaptive-dynamics-research/wmd_files/Selection_Gradients \
    masel-2-adap.tex-inline
Including .mk files: sage-inline.mk 
Including .mk files from .sage-inline files: avec.sage.mk a-careful.sage.mk
Including .mk files from .step files: aij.py.mk aij-assemble.sage.mk aij-assemble-plot.sage.mk aij-evol.sage.mk aij-evol-plot.sage.mk direct.py.mk direct-assemble.sage.mk direct-assemble-plot.sage.mk direct-evol.sage.mk direct-evol-plot.sage.mk foodweb.py.mk foodweb.sage.mk foodweb-adap.sage.mk foodweb.plot.sage.mk foodweb-2-2.sage.mk foodweb-2-2.plot.sage.mk large.py.mk large-assemble.sage.mk large-assemble-plot.sage.mk large-evol.sage.mk large-evol-plot.sage.mk logistic-S-A-curves.sage.mk maclev-S-A-curve.sage.mk logistic-S-A-curve.sage.mk maclev-1-1.sage.mk maclev-1-1-adap.sage.mk maclev-1-1-mc-adap-geom.sage.mk maclev-1-1-ak-adap-geom.sage.mk S-A-vector-field.sage.mk maclev-1-1-d1A-vector-field.sage.mk maclev-1-1-S-and-d1A-on-curve.sage.mk maclev-1-1-S-and-D-on-curve.sage.mk maclev_1_2_defs.py.mk maclev-1-2-popdyn.sage.mk maclev-1-2-adap.sage.mk maclev-1-2-p.sage.mk maclev-1-2-zngi.sage.mk maclev-1-2-geom.sage.mk maclev_unconstrained_c.py.mk maclev-2-2-c-popdyn.sage.mk maclev-2-2-c-adap.sage.mk maclev-2-2-c-p.sage.mk maclev-2-2-c-zngi.sage.mk maclev-2-2-c-geom.sage.mk maclev_2_2_defs.py.mk maclev-2-2-popdyn.sage.mk maclev-2-2-adap.sage.mk maclev-2-2-p.sage.mk maclev-2-2-zngi.sage.mk maclev-2-2-geom.sage.mk maclev_a_only_defs.py.mk maclev-a-only-popdyn.sage.mk maclev-a-only-adap.sage.mk maclev-a-only-p.sage.mk maclev-a-only-zngi.sage.mk maclev-a-only-geom.sage.mk maclev_a_c.py.mk maclev-2-2-a-c-popdyn.sage.mk maclev-2-2-a-c-adap.sage.mk maclev-2-2-a-c-p.sage.mk maclev-2-2-a-c-zngi.sage.mk maclev-2-2-a-c-geom.sage.mk maclevmodels.py.mk masel_model.py.mk masel.sage.mk masel-adap.sage.mk masel-2-adap.sage.mk statmech.py.mk statmech-assemble.sage.mk statmech-assemble-plot.sage.mk statmech-evol.sage.mk statmech-evol-plot.sage.mk sea.sage.mk toc.sage.mk maclev-2-2-zngi-invasion.sage.mk lotkavolterra.py.mk r_selection.py.mk r-selection.sage.mk
Including .tex.d files: foodweb-2-2.tikz.tex.d foodweb.tikz.tex.d
make[1]: Entering directory `/usr/local/src/adaptive-dynamics-research/wmd_files/Selection_Gradients'
perl -f /usr/local/src/workingwiki-trunk/ProjectEngine/resources/site/step.pl masel-2-adap.sage '#'
rm -f masel-2-adap.sage.out masel-2-adap.sage.status masel-2-adap.tex
(sage masel-2-adap.sage && touch masel-2-adap.sage.status) | tee masel-2-adap.sage.dmp
set_population_indices: [0, 1]
merge bindings: {} , [] ,  {}
The invasion rate for mutant population is:
\begin{align*}
  \mathscr I = \frac{1}{X_{1}}\frac{dX_{1}}{dt} &= r_{1} - \frac{{\left(\frac{X_{0} c_{0}}{K_{0}} + \frac{X_{1} c_{1}}{K_{1}}\right)} s_{1}}{c_{1}} 
\end{align*}

limit as {r_1: r_0, K_1: K_0, c_1: c_0, s_1: s_0}
simplify to 1
simplify to -X_0/K_0 - X_1/K_0
simplify to X_0*s_0/(K_0*c_0)
simplify to X_1*s_0/K_0^2
after those limits:
   1
  -X_0/K_0 - X_1/K_0
  X_0*s_0/(K_0*c_0)
  X_1*s_0/K_0^2
simplify to 1
simplify to -X_0/K_0
simplify to X_0*s_0/(K_0*c_0)
simplify to 0
merge bindings: {} , [] ,  {}
merge bindings: {} , [] ,  {}
merge bindings: {} , [Xhat_0] ,  {}
set_population_indices: [0]
set_population_indices: [0, 1]
merge bindings: {} , [] ,  {}
The invasion rate for mutant population is:
\begin{align*}
  \mathscr I = \frac{1}{X_{1}}\frac{dX_{1}}{dt} &= -\frac{{\left(\frac{X_{0} c_{0}}{K_{0}} + \frac{X_{1} c_{1}}{K_{1}}\right)} s\left(u_{1}\right)}{c_{1}} + r\left(u_{1}\right) 
\end{align*}

limit as {u_1: u_0, c_1: c_0, K_1: K_0}
simplify to (K_0*D[0](r)(u_1) - (X_0 + X_1)*D[0](s)(u_1))/K_0
simplify to X_0*limit(s(u_1), u_1, u_0)/(K_0*c_0)
simplify to X_1*limit(s(u_1), u_1, u_0)/K_0^2
after those limits:
   (K_0*D[0](r)(u_1) - (X_0 + X_1)*D[0](s)(u_1))/K_0
  X_0*limit(s(u_1), u_1, u_0)/(K_0*c_0)
  X_1*limit(s(u_1), u_1, u_0)/K_0^2
simplify to (K_0*D[0](r)(u_1) - X_0*D[0](s)(u_1))/K_0
simplify to X_0*limit(s(u_1), u_1, u_0)/(K_0*c_0)
simplify to 0
merge bindings: {} , [] ,  {}
merge bindings: {} , [] ,  {}
merge bindings: {} , [Xhat_0] ,  {}
[ -e masel-2-adap.sage.status ] && (rm -f masel-2-adap.sage.status && mv masel-2-adap.sage.dmp masel-2-adap.sage.out) || exit 1
(grep -q '\\begin{document}' masel-2-adap.tex && sed -e '1,/\\begin{document}/d' -e '/\\end{document}/,$d' || cat) < masel-2-adap.tex > masel-2-adap.tex-inline
make[1]: Leaving directory `/usr/local/src/adaptive-dynamics-research/wmd_files/Selection_Gradients'
Make succeeded.
Sat Feb  6 15:37:34 2016
