set_population_indices: [0, 1]
merge bindings: {} , [] ,  {}
The invasion rate for mutant population is:
\begin{align*}
  \mathscr I = \frac{1}{X_{1}}\frac{dX_{1}}{dt} &= r_{1} - \frac{{\left(\frac{X_{0} c_{0}}{K_{0}} + \frac{X_{1} c_{1}}{K_{1}}\right)} s_{1}}{c_{1}} 
\end{align*}

limit as {r_1: r_0, K_1: K_0, c_1: c_0, s_1: s_0}
simplify to 1
simplify to -X_0/K_0 - X_1/K_0
simplify to X_0*s_0/(K_0*c_0)
simplify to X_1*s_0/K_0^2
after those limits:
   1
  -X_0/K_0 - X_1/K_0
  X_0*s_0/(K_0*c_0)
  X_1*s_0/K_0^2
simplify to 1
simplify to -X_0/K_0
simplify to X_0*s_0/(K_0*c_0)
simplify to 0
merge bindings: {} , [] ,  {}
merge bindings: {} , [] ,  {}
merge bindings: {} , [Xhat_0] ,  {}
set_population_indices: [0]
set_population_indices: [0, 1]
merge bindings: {} , [] ,  {}
The invasion rate for mutant population is:
\begin{align*}
  \mathscr I = \frac{1}{X_{1}}\frac{dX_{1}}{dt} &= -\frac{{\left(\frac{X_{0} c_{0}}{K_{0}} + \frac{X_{1} c_{1}}{K_{1}}\right)} s\left(u_{1}\right)}{c_{1}} + r\left(u_{1}\right) 
\end{align*}

limit as {u_1: u_0, c_1: c_0, K_1: K_0}
simplify to (K_0*D[0](r)(u_1) - (X_0 + X_1)*D[0](s)(u_1))/K_0
simplify to X_0*limit(s(u_1), u_1, u_0)/(K_0*c_0)
simplify to X_1*limit(s(u_1), u_1, u_0)/K_0^2
after those limits:
   (K_0*D[0](r)(u_1) - (X_0 + X_1)*D[0](s)(u_1))/K_0
  X_0*limit(s(u_1), u_1, u_0)/(K_0*c_0)
  X_1*limit(s(u_1), u_1, u_0)/K_0^2
simplify to (K_0*D[0](r)(u_1) - X_0*D[0](s)(u_1))/K_0
simplify to X_0*limit(s(u_1), u_1, u_0)/(K_0*c_0)
simplify to 0
merge bindings: {} , [] ,  {}
merge bindings: {} , [] ,  {}
merge bindings: {} , [Xhat_0] ,  {}
