set_population_indices: [0, 1]
ReplicatorDynamics init
set_population_indices: [0, 1]
set_population_indices: [0, 1]
starting flow
flux -X_0*r_0*((X_0*c_0/K_0 + X_1*c_1/K_1)/c_0 - 1) - X_1*r_1*((X_0*c_0/K_0 + X_1*c_1/K_1)/c_1 - 1)
fx {X_0: -X_0*r_0*((X_0*c_0/K_0 + X_1*c_1/K_1)/c_0 - 1) + (X_0*r_0*((X_0*c_0/K_0 + X_1*c_1/K_1)/c_0 - 1) + X_1*r_1*((X_0*c_0/K_0 + X_1*c_1/K_1)/c_1 - 1))*X_0, X_1: -X_1*r_1*((X_0*c_0/K_0 + X_1*c_1/K_1)/c_1 - 1) + (X_0*r_0*((X_0*c_0/K_0 + X_1*c_1/K_1)/c_0 - 1) + X_1*r_1*((X_0*c_0/K_0 + X_1*c_1/K_1)/c_1 - 1))*X_1}
fv {}
flow: {X_0: -X_0*r_0*((X_0*c_0/K_0 + X_1*c_1/K_1)/c_0 - 1) + (X_0*r_0*((X_0*c_0/K_0 + X_1*c_1/K_1)/c_0 - 1) + X_1*r_1*((X_0*c_0/K_0 + X_1*c_1/K_1)/c_1 - 1))*X_0, X_1: -X_1*r_1*((X_0*c_0/K_0 + X_1*c_1/K_1)/c_1 - 1) + (X_0*r_0*((X_0*c_0/K_0 + X_1*c_1/K_1)/c_0 - 1) + X_1*r_1*((X_0*c_0/K_0 + X_1*c_1/K_1)/c_1 - 1))*X_1}
set_population_indices: [0, 1]
ReplicatorDynamics init
set_population_indices: [0, 1]
set_population_indices: [0, 1]
starting flow
flux X_0*r_0 + X_1*r_1
fx {X_0: -(X_0*r_0 + X_1*r_1)*X_0 + X_0*r_0, X_1: -(X_0*r_0 + X_1*r_1)*X_1 + X_1*r_1}
fv {}
flow: {X_0: -(X_0*r_0 + X_1*r_1)*X_0 + X_0*r_0, X_1: -(X_0*r_0 + X_1*r_1)*X_1 + X_1*r_1}
set_population_indices: [0]
ReplicatorDynamics init
set_population_indices: [0]
set_population_indices: [0]
starting flow
flux X_0*r_0
fx {X_0: -X_0^2*r_0 + X_0*r_0}
fv {}
flow: {X_0: -X_0^2*r_0 + X_0*r_0}
set_population_indices: [0, 1]
set_population_indices: [0, 1]
starting flow
flux X_0*r_0 + X_1*r_1
fx {X_0: -(X_0*r_0 + X_1*r_1)*X_0 + X_0*r_0, X_1: -(X_0*r_0 + X_1*r_1)*X_1 + X_1*r_1}
fv {}
flow: {X_0: -(X_0*r_0 + X_1*r_1)*X_0 + X_0*r_0, X_1: -(X_0*r_0 + X_1*r_1)*X_1 + X_1*r_1}
merge bindings: {} , [] ,  {}
The invasion rate for mutant population is:
\begin{align*}
  \mathscr I = \frac{1}{X_{1}}\frac{dX_{1}}{dt} &= -\frac{{\left(X_{0} r_{0} + X_{1} r_{1}\right)} X_{1} - X_{1} r_{1}}{X_{1}} 
\end{align*}

limit as {r_1: r_0, K_1: K_0, c_1: c_0}
simplify to -X_1 + 1
simplify to 0
simplify to 0
after those limits:
   -X_1 + 1
  0
  0
simplify to 1
simplify to 0
simplify to 0
merge bindings: {} , [] ,  {}
merge bindings: {} , [] ,  {}
merge bindings: {} , [X_0] ,  {}
