ad bindings: {n_0 -> nhat_0, N_0 -> Nhat_0}
model bindings: {}
_early_bindings: {}
_late_bindings: {}
make LV model
Inferring LV coefficients from N_0 equation: B_0_0*N_0*n_0*p_0_0 - C_t_0*N_0*n_0*p_0_0 - K_0*N_0^2 - C_a_0*N_0*n_0 - C_g_0*N_0 + N_0*R_0
a_H_0_g_0 : B_0_0*p_0_0 - C_t_0*p_0_0 - C_a_0
r_H_0 : -C_g_0 + R_0
Inferring LV coefficients from n_0 equation: N_0*b_0_0*n_0*p_0_0 - N_0*c_t_0*n_0*p_0_0 - N_0*c_a_0*n_0 - k_0*n_0^2 - c_g_0*n_0 + n_0*r_0
a_g_0_H_0 : b_0_0*p_0_0 - c_t_0*p_0_0 - c_a_0
r_g_0 : -c_g_0 + r_0
aij_dict: {a_g_0_H_0: b_0_0*p_0_0 - c_t_0*p_0_0 - c_a_0, r_g_0: -c_g_0 + r_0, a_g_0_g_0: -k_0, r_H_0: -C_g_0 + R_0, a_H_0_H_0: -K_0, a_H_0_g_0: B_0_0*p_0_0 - C_t_0*p_0_0 - C_a_0}
set_population_indices: [(0, 0), (1, 0)]
Inferring LV coefficients from N_0 equation: B_0_0*N_0*n_0*p_0_0 - C_t_0*N_0*n_0*p_0_0 - K_0*N_0^2 - C_a_0*N_0*n_0 - C_g_0*N_0 + N_0*R_0
a_H_0_g_0 : B_0_0*p_0_0 - C_t_0*p_0_0 - C_a_0
r_H_0 : -C_g_0 + R_0
Inferring LV coefficients from n_0 equation: N_0*b_0_0*n_0*p_0_0 - N_0*c_t_0*n_0*p_0_0 - N_0*c_a_0*n_0 - k_0*n_0^2 - c_g_0*n_0 + n_0*r_0
a_g_0_H_0 : b_0_0*p_0_0 - c_t_0*p_0_0 - c_a_0
r_g_0 : -c_g_0 + r_0
aij_dict: {a_g_0_H_0: b_0_0*p_0_0 - c_t_0*p_0_0 - c_a_0, r_g_0: -c_g_0 + r_0, a_g_0_g_0: -k_0, r_H_0: -C_g_0 + R_0, a_H_0_H_0: -K_0, a_H_0_g_0: B_0_0*p_0_0 - C_t_0*p_0_0 - C_a_0}
_A_bindings: {a_g_0_g_0 -> -k_0, r_H_0 -> -C_g_0 + R_0, a_H_0_H_0 -> -K_0, a_g_0_H_0 -> b_0_0*p_0_0 - c_t_0*p_0_0 - c_a_0, a_H_0_g_0 -> B_0_0*p_0_0 - C_t_0*p_0_0 - C_a_0, r_g_0 -> -c_g_0 + r_0}
make LV adaptive dynamics
population vars [N_0, n_0]
population vars [N_0, n_0]
set_population_indices: [(0, 0), (1, 0), (0, 1)]
set_population_indices: [(0, 0), (1, 0), (0, 1)]
Inferring LV coefficients from N_0 equation: B_0_0*N_0*n_0*p_0_0 - C_t_0*N_0*n_0*p_0_0 - K_0*N_0^2 - K_1*N_0*N_1 - C_a_0*N_0*n_0 - C_g_0*N_0 + N_0*R_0
a_H_0_g_0 : B_0_0*p_0_0 - C_t_0*p_0_0 - C_a_0
a_H_0_H_1 : -K_1
r_H_0 : -C_g_0 + R_0
Inferring LV coefficients from n_0 equation: N_0*b_0_0*n_0*p_0_0 - N_0*c_t_0*n_0*p_0_0 + N_1*b_0_1*n_0*p_0_1 - N_1*c_t_0*n_0*p_0_1 - N_0*c_a_0*n_0 - N_1*c_a_0*n_0 - k_0*n_0^2 - c_g_0*n_0 + n_0*r_0
a_g_0_H_0 : b_0_0*p_0_0 - c_t_0*p_0_0 - c_a_0
a_g_0_H_1 : b_0_1*p_0_1 - c_t_0*p_0_1 - c_a_0
r_g_0 : -c_g_0 + r_0
Inferring LV coefficients from N_1 equation: B_0_1*N_1*n_0*p_0_1 - C_t_1*N_1*n_0*p_0_1 - K_0*N_0*N_1 - K_1*N_1^2 - C_a_1*N_1*n_0 - C_g_1*N_1 + N_1*R_1
a_H_1_H_0 : -K_0
a_H_1_g_0 : B_0_1*p_0_1 - C_t_1*p_0_1 - C_a_1
r_H_1 : -C_g_1 + R_1
aij_dict: {a_g_0_H_1: b_0_1*p_0_1 - c_t_0*p_0_1 - c_a_0, a_H_1_g_0: B_0_1*p_0_1 - C_t_1*p_0_1 - C_a_1, a_H_1_H_1: -K_1, a_g_0_H_0: b_0_0*p_0_0 - c_t_0*p_0_0 - c_a_0, r_H_1: -C_g_1 + R_1, a_H_0_g_0: B_0_0*p_0_0 - C_t_0*p_0_0 - C_a_0, a_H_0_H_1: -K_1, a_g_0_g_0: -k_0, r_H_0: -C_g_0 + R_0, a_H_0_H_0: -K_0, r_g_0: -c_g_0 + r_0, a_H_1_H_0: -K_0}
The invasion rate for mutant population is:
\begin{align*}
  \mathscr I = \frac{1}{{N}_{1}}\frac{d{N}_{1}}{dt} &= {N}_{0} {a}_{{H}{1}{H}{0}} + {N}_{1} {a}_{{H}{1}{H}{1}} + {a}_{{H}{1}{g}{0}} {n}_{0} + {r}_{{H}{1}} 
\end{align*}

limit as {a_H_1_g_0: a_H_0_g_0, r_H_1: r_H_0, a_H_1_H_0: a_H_0_H_0}
simplify to 1
simplify to N_0
simplify to n_0
after those limits:
   1
  N_0
  n_0
simplify to 1
simplify to N_0
simplify to n_0
set_population_indices: [(0, 0), (1, 0), (1, 1)]
set_population_indices: [(0, 0), (1, 0), (1, 1)]
Inferring LV coefficients from N_0 equation: B_0_0*N_0*n_0*p_0_0 - C_t_0*N_0*n_0*p_0_0 + B_1_0*N_0*n_1*p_1_0 - C_t_0*N_0*n_1*p_1_0 - K_0*N_0^2 - C_a_0*N_0*n_0 - C_a_0*N_0*n_1 - C_g_0*N_0 + N_0*R_0
a_H_0_g_0 : B_0_0*p_0_0 - C_t_0*p_0_0 - C_a_0
a_H_0_g_1 : B_1_0*p_1_0 - C_t_0*p_1_0 - C_a_0
r_H_0 : -C_g_0 + R_0
Inferring LV coefficients from n_0 equation: N_0*b_0_0*n_0*p_0_0 - N_0*c_t_0*n_0*p_0_0 - N_0*c_a_0*n_0 - k_0*n_0^2 - k_1*n_0*n_1 - c_g_0*n_0 + n_0*r_0
a_g_0_H_0 : b_0_0*p_0_0 - c_t_0*p_0_0 - c_a_0
a_g_0_g_1 : -k_1
r_g_0 : -c_g_0 + r_0
Inferring LV coefficients from n_1 equation: N_0*b_1_0*n_1*p_1_0 - N_0*c_t_1*n_1*p_1_0 - N_0*c_a_1*n_1 - k_0*n_0*n_1 - k_1*n_1^2 - c_g_1*n_1 + n_1*r_1
a_g_1_H_0 : b_1_0*p_1_0 - c_t_1*p_1_0 - c_a_1
a_g_1_g_0 : -k_0
r_g_1 : -c_g_1 + r_1
aij_dict: {a_g_1_H_0: b_1_0*p_1_0 - c_t_1*p_1_0 - c_a_1, a_g_0_g_1: -k_1, a_g_1_g_0: -k_0, a_g_0_H_0: b_0_0*p_0_0 - c_t_0*p_0_0 - c_a_0, a_g_1_g_1: -k_1, a_H_0_g_0: B_0_0*p_0_0 - C_t_0*p_0_0 - C_a_0, a_g_0_g_0: -k_0, r_g_1: -c_g_1 + r_1, r_H_0: -C_g_0 + R_0, a_H_0_H_0: -K_0, a_H_0_g_1: B_1_0*p_1_0 - C_t_0*p_1_0 - C_a_0, r_g_0: -c_g_0 + r_0}
The invasion rate for mutant population is:
\begin{align*}
  \mathscr I = \frac{1}{{n}_{1}}\frac{d{n}_{1}}{dt} &= {N}_{0} {a}_{{g}{1}{H}{0}} + {a}_{{g}{1}{g}{0}} {n}_{0} + {a}_{{g}{1}{g}{1}} {n}_{1} + {r}_{{g}{1}} 
\end{align*}

limit as {a_g_1_g_0: a_g_0_g_0, r_g_1: r_g_0, a_g_1_H_0: a_g_0_H_0}
simplify to 1
simplify to N_0
simplify to n_0
after those limits:
   1
  N_0
  n_0
simplify to 1
simplify to N_0
simplify to n_0
make LV evolution bindings
ad bindings: {gamma -> 1, n_0 -> 8*(2*(X_a_0 + x_a_0 + 2)*x_t_0^2 - (X_a_0 + x_a_0 + 2)*(15*X_t_0 + 2*x_t_0) + 8*x_a_0^2 - 8)/(16*(X_a_0 + x_a_0 + 2)*X_t_0^2*x_a_0^2 + 64*X_a_0^2*x_a_0^2 + 4*((X_a_0 + x_a_0 + 2)^2*X_t_0^2 + 4*(X_a_0 + x_a_0 + 2)*X_a_0^2)*x_t_0^2 - 2*((X_a_0 + x_a_0 + 2)^2*X_t_0^2 + 4*(X_a_0 + x_a_0 + 2)*X_a_0^2)*(15*X_t_0 + 2*x_t_0) - (2*(X_a_0 + x_a_0 + 2)^2*x_t_0^2 - (X_a_0 + x_a_0 + 2)^2*(15*X_t_0 + 2*x_t_0) + 8*(X_a_0 + x_a_0 + 2)*x_a_0^2)*(2*X_t_0 + 15*x_t_0) - 64), V -> 15/2, W -> 1, Nhat_0 -> 8*(2*(X_a_0 + x_a_0 + 2)*X_t_0^2 + 8*X_a_0^2 - (X_a_0 + x_a_0 + 2)*(2*X_t_0 + 15*x_t_0) - 8)/(16*(X_a_0 + x_a_0 + 2)*X_t_0^2*x_a_0^2 + 64*X_a_0^2*x_a_0^2 + 4*((X_a_0 + x_a_0 + 2)^2*X_t_0^2 + 4*(X_a_0 + x_a_0 + 2)*X_a_0^2)*x_t_0^2 - 2*((X_a_0 + x_a_0 + 2)^2*X_t_0^2 + 4*(X_a_0 + x_a_0 + 2)*X_a_0^2)*(15*X_t_0 + 2*x_t_0) - (2*(X_a_0 + x_a_0 + 2)^2*x_t_0^2 - (X_a_0 + x_a_0 + 2)^2*(15*X_t_0 + 2*x_t_0) + 8*(X_a_0 + x_a_0 + 2)*x_a_0^2)*(2*X_t_0 + 15*x_t_0) - 64), w -> 15/2, nhat_0 -> 8*(2*(X_a_0 + x_a_0 + 2)*x_t_0^2 - (X_a_0 + x_a_0 + 2)*(15*X_t_0 + 2*x_t_0) + 8*x_a_0^2 - 8)/(16*(X_a_0 + x_a_0 + 2)*X_t_0^2*x_a_0^2 + 64*X_a_0^2*x_a_0^2 + 4*((X_a_0 + x_a_0 + 2)^2*X_t_0^2 + 4*(X_a_0 + x_a_0 + 2)*X_a_0^2)*x_t_0^2 - 2*((X_a_0 + x_a_0 + 2)^2*X_t_0^2 + 4*(X_a_0 + x_a_0 + 2)*X_a_0^2)*(15*X_t_0 + 2*x_t_0) - (2*(X_a_0 + x_a_0 + 2)^2*x_t_0^2 - (X_a_0 + x_a_0 + 2)^2*(15*X_t_0 + 2*x_t_0) + 8*(X_a_0 + x_a_0 + 2)*x_a_0^2)*(2*X_t_0 + 15*x_t_0) - 64), v -> 1, N_0 -> 8*(2*(X_a_0 + x_a_0 + 2)*X_t_0^2 + 8*X_a_0^2 - (X_a_0 + x_a_0 + 2)*(2*X_t_0 + 15*x_t_0) - 8)/(16*(X_a_0 + x_a_0 + 2)*X_t_0^2*x_a_0^2 + 64*X_a_0^2*x_a_0^2 + 4*((X_a_0 + x_a_0 + 2)^2*X_t_0^2 + 4*(X_a_0 + x_a_0 + 2)*X_a_0^2)*x_t_0^2 - 2*((X_a_0 + x_a_0 + 2)^2*X_t_0^2 + 4*(X_a_0 + x_a_0 + 2)*X_a_0^2)*(15*X_t_0 + 2*x_t_0) - (2*(X_a_0 + x_a_0 + 2)^2*x_t_0^2 - (X_a_0 + x_a_0 + 2)^2*(15*X_t_0 + 2*x_t_0) + 8*(X_a_0 + x_a_0 + 2)*x_a_0^2)*(2*X_t_0 + 15*x_t_0) - 64), k -> 1, K -> 1, c_t(x) -> x^2, c_g(x) -> 0, C_g(x) -> 0, C_a(x) -> x^2, r(x,y) -> 1, C_t(x) -> x^2, b(x,y) -> x + 15/2*y, R(x,y) -> 1, p(x,y) -> 1/4*x + 1/4*y + 1/2, c_a(x) -> x^2, B(x,y) -> 15/2*x + y}
model bindings: {V -> 15/2, Nhat_0 -> 8*(2*(X_a_0 + x_a_0 + 2)*X_t_0^2 + 8*X_a_0^2 - (X_a_0 + x_a_0 + 2)*(2*X_t_0 + 15*x_t_0) - 8)/(16*(X_a_0 + x_a_0 + 2)*X_t_0^2*x_a_0^2 + 64*X_a_0^2*x_a_0^2 + 4*((X_a_0 + x_a_0 + 2)^2*X_t_0^2 + 4*(X_a_0 + x_a_0 + 2)*X_a_0^2)*x_t_0^2 - 2*((X_a_0 + x_a_0 + 2)^2*X_t_0^2 + 4*(X_a_0 + x_a_0 + 2)*X_a_0^2)*(15*X_t_0 + 2*x_t_0) - (2*(X_a_0 + x_a_0 + 2)^2*x_t_0^2 - (X_a_0 + x_a_0 + 2)^2*(15*X_t_0 + 2*x_t_0) + 8*(X_a_0 + x_a_0 + 2)*x_a_0^2)*(2*X_t_0 + 15*x_t_0) - 64), w -> 15/2, nhat_0 -> 8*(2*(X_a_0 + x_a_0 + 2)*x_t_0^2 - (X_a_0 + x_a_0 + 2)*(15*X_t_0 + 2*x_t_0) + 8*x_a_0^2 - 8)/(16*(X_a_0 + x_a_0 + 2)*X_t_0^2*x_a_0^2 + 64*X_a_0^2*x_a_0^2 + 4*((X_a_0 + x_a_0 + 2)^2*X_t_0^2 + 4*(X_a_0 + x_a_0 + 2)*X_a_0^2)*x_t_0^2 - 2*((X_a_0 + x_a_0 + 2)^2*X_t_0^2 + 4*(X_a_0 + x_a_0 + 2)*X_a_0^2)*(15*X_t_0 + 2*x_t_0) - (2*(X_a_0 + x_a_0 + 2)^2*x_t_0^2 - (X_a_0 + x_a_0 + 2)^2*(15*X_t_0 + 2*x_t_0) + 8*(X_a_0 + x_a_0 + 2)*x_a_0^2)*(2*X_t_0 + 15*x_t_0) - 64), v -> 1, W -> 1, k -> 1, K -> 1, c_t(x) -> x^2, c_g(x) -> 0, C_g(x) -> 0, C_a(x) -> x^2, r(x,y) -> 1, C_t(x) -> x^2, b(x,y) -> x + 15/2*y, R(x,y) -> 1, p(x,y) -> 1/4*x + 1/4*y + 1/2, c_a(x) -> x^2, B(x,y) -> 15/2*x + y}
_early_bindings: {}
_late_bindings: {gamma -> 1}
make LV model
Inferring LV coefficients from N_0 equation: -1/4*N_0*X_a_0*X_t_0^2*n_0 - 1/4*N_0*X_t_0^2*n_0*x_a_0 - N_0*X_a_0^2*n_0 + 1/4*N_0*X_a_0*X_t_0*n_0 - 1/2*N_0*X_t_0^2*n_0 + 1/4*N_0*X_t_0*n_0*x_a_0 + 15/8*N_0*X_a_0*n_0*x_t_0 + 15/8*N_0*n_0*x_a_0*x_t_0 + 1/2*N_0*X_t_0*n_0 + 15/4*N_0*n_0*x_t_0 - 20*N_0^2 + N_0
a_H_0_g_0 : -1/4*X_a_0*X_t_0^2 - 1/4*X_t_0^2*x_a_0 - X_a_0^2 + 1/4*X_a_0*X_t_0 - 1/2*X_t_0^2 + 1/4*X_t_0*x_a_0 + 15/8*X_a_0*x_t_0 + 15/8*x_a_0*x_t_0 + 1/2*X_t_0 + 15/4*x_t_0
r_H_0 : 1
Inferring LV coefficients from n_0 equation: -1/4*N_0*X_a_0*n_0*x_t_0^2 - 1/4*N_0*n_0*x_a_0*x_t_0^2 + 15/8*N_0*X_a_0*X_t_0*n_0 + 15/8*N_0*X_t_0*n_0*x_a_0 - N_0*n_0*x_a_0^2 + 1/4*N_0*X_a_0*n_0*x_t_0 + 1/4*N_0*n_0*x_a_0*x_t_0 - 1/2*N_0*n_0*x_t_0^2 + 15/4*N_0*X_t_0*n_0 + 1/2*N_0*n_0*x_t_0 - 20*n_0^2 + n_0
a_g_0_H_0 : -1/4*X_a_0*x_t_0^2 - 1/4*x_a_0*x_t_0^2 + 15/8*X_a_0*X_t_0 + 15/8*X_t_0*x_a_0 - x_a_0^2 + 1/4*X_a_0*x_t_0 + 1/4*x_a_0*x_t_0 - 1/2*x_t_0^2 + 15/4*X_t_0 + 1/2*x_t_0
r_g_0 : 1
aij_dict: {a_g_0_H_0: -1/4*X_a_0*x_t_0^2 - 1/4*x_a_0*x_t_0^2 + 15/8*X_a_0*X_t_0 + 15/8*X_t_0*x_a_0 - x_a_0^2 + 1/4*X_a_0*x_t_0 + 1/4*x_a_0*x_t_0 - 1/2*x_t_0^2 + 15/4*X_t_0 + 1/2*x_t_0, r_g_0: 1, a_g_0_g_0: -20, r_H_0: 1, a_H_0_H_0: -20, a_H_0_g_0: -1/4*X_a_0*X_t_0^2 - 1/4*X_t_0^2*x_a_0 - X_a_0^2 + 1/4*X_a_0*X_t_0 - 1/2*X_t_0^2 + 1/4*X_t_0*x_a_0 + 15/8*X_a_0*x_t_0 + 15/8*x_a_0*x_t_0 + 1/2*X_t_0 + 15/4*x_t_0}
set_population_indices: [(0, 0), (1, 0)]
Inferring LV coefficients from N_0 equation: -1/4*N_0*X_a_0*X_t_0^2*n_0 - 1/4*N_0*X_t_0^2*n_0*x_a_0 - N_0*X_a_0^2*n_0 + 1/4*N_0*X_a_0*X_t_0*n_0 - 1/2*N_0*X_t_0^2*n_0 + 1/4*N_0*X_t_0*n_0*x_a_0 + 15/8*N_0*X_a_0*n_0*x_t_0 + 15/8*N_0*n_0*x_a_0*x_t_0 + 1/2*N_0*X_t_0*n_0 + 15/4*N_0*n_0*x_t_0 - 20*N_0^2 + N_0
a_H_0_g_0 : -1/4*X_a_0*X_t_0^2 - 1/4*X_t_0^2*x_a_0 - X_a_0^2 + 1/4*X_a_0*X_t_0 - 1/2*X_t_0^2 + 1/4*X_t_0*x_a_0 + 15/8*X_a_0*x_t_0 + 15/8*x_a_0*x_t_0 + 1/2*X_t_0 + 15/4*x_t_0
r_H_0 : 1
Inferring LV coefficients from n_0 equation: -1/4*N_0*X_a_0*n_0*x_t_0^2 - 1/4*N_0*n_0*x_a_0*x_t_0^2 + 15/8*N_0*X_a_0*X_t_0*n_0 + 15/8*N_0*X_t_0*n_0*x_a_0 - N_0*n_0*x_a_0^2 + 1/4*N_0*X_a_0*n_0*x_t_0 + 1/4*N_0*n_0*x_a_0*x_t_0 - 1/2*N_0*n_0*x_t_0^2 + 15/4*N_0*X_t_0*n_0 + 1/2*N_0*n_0*x_t_0 - 20*n_0^2 + n_0
a_g_0_H_0 : -1/4*X_a_0*x_t_0^2 - 1/4*x_a_0*x_t_0^2 + 15/8*X_a_0*X_t_0 + 15/8*X_t_0*x_a_0 - x_a_0^2 + 1/4*X_a_0*x_t_0 + 1/4*x_a_0*x_t_0 - 1/2*x_t_0^2 + 15/4*X_t_0 + 1/2*x_t_0
r_g_0 : 1
aij_dict: {a_g_0_H_0: -1/4*X_a_0*x_t_0^2 - 1/4*x_a_0*x_t_0^2 + 15/8*X_a_0*X_t_0 + 15/8*X_t_0*x_a_0 - x_a_0^2 + 1/4*X_a_0*x_t_0 + 1/4*x_a_0*x_t_0 - 1/2*x_t_0^2 + 15/4*X_t_0 + 1/2*x_t_0, r_g_0: 1, a_g_0_g_0: -20, r_H_0: 1, a_H_0_H_0: -20, a_H_0_g_0: -1/4*X_a_0*X_t_0^2 - 1/4*X_t_0^2*x_a_0 - X_a_0^2 + 1/4*X_a_0*X_t_0 - 1/2*X_t_0^2 + 1/4*X_t_0*x_a_0 + 15/8*X_a_0*x_t_0 + 15/8*x_a_0*x_t_0 + 1/2*X_t_0 + 15/4*x_t_0}
_A_bindings: {a_g_0_g_0 -> -20, r_H_0 -> 1, a_H_0_H_0 -> -20, a_g_0_H_0 -> -1/4*X_a_0*x_t_0^2 - 1/4*x_a_0*x_t_0^2 + 15/8*X_a_0*X_t_0 + 15/8*X_t_0*x_a_0 - x_a_0^2 + 1/4*X_a_0*x_t_0 + 1/4*x_a_0*x_t_0 - 1/2*x_t_0^2 + 15/4*X_t_0 + 1/2*x_t_0, a_H_0_g_0 -> -1/4*X_a_0*X_t_0^2 - 1/4*X_t_0^2*x_a_0 - X_a_0^2 + 1/4*X_a_0*X_t_0 - 1/2*X_t_0^2 + 1/4*X_t_0*x_a_0 + 15/8*X_a_0*x_t_0 + 15/8*x_a_0*x_t_0 + 1/2*X_t_0 + 15/4*x_t_0, r_g_0 -> 1}
make LV adaptive dynamics
population vars [N_0, n_0]
population vars [N_0, n_0]
set_population_indices: [(0, 0), (1, 0), (0, 1)]
set_population_indices: [(0, 0), (1, 0), (0, 1)]
Inferring LV coefficients from N_0 equation: N_0*n_0*B(x_t_0, X_t_0)*p(x_a_0, X_a_0) - N_0*n_0*C_t(X_t_0)*p(x_a_0, X_a_0) - K*N_0^2 - K*N_0*N_1 - N_0*n_0*C_a(X_a_0) - N_0*C_g(X_a_0) + N_0*R(X_a_0, X_t_0)
a_H_0_g_0 : B(x_t_0, X_t_0)*p(x_a_0, X_a_0) - C_t(X_t_0)*p(x_a_0, X_a_0) - C_a(X_a_0)
a_H_0_H_1 : -K
r_H_0 : -C_g(X_a_0) + R(X_a_0, X_t_0)
Inferring LV coefficients from n_0 equation: N_0*n_0*b(x_t_0, X_t_0)*p(x_a_0, X_a_0) - N_0*n_0*c_t(x_t_0)*p(x_a_0, X_a_0) + N_1*n_0*b(x_t_0, X_t_1)*p(x_a_0, X_a_1) - N_1*n_0*c_t(x_t_0)*p(x_a_0, X_a_1) - k*n_0^2 - N_0*n_0*c_a(x_a_0) - N_1*n_0*c_a(x_a_0) - n_0*c_g(x_a_0) + n_0*r(x_a_0, x_t_0)
a_g_0_H_0 : b(x_t_0, X_t_0)*p(x_a_0, X_a_0) - c_t(x_t_0)*p(x_a_0, X_a_0) - c_a(x_a_0)
a_g_0_H_1 : b(x_t_0, X_t_1)*p(x_a_0, X_a_1) - c_t(x_t_0)*p(x_a_0, X_a_1) - c_a(x_a_0)
r_g_0 : -c_g(x_a_0) + r(x_a_0, x_t_0)
Inferring LV coefficients from N_1 equation: N_1*n_0*B(x_t_0, X_t_1)*p(x_a_0, X_a_1) - N_1*n_0*C_t(X_t_1)*p(x_a_0, X_a_1) - K*N_0*N_1 - K*N_1^2 - N_1*n_0*C_a(X_a_1) - N_1*C_g(X_a_1) + N_1*R(X_a_1, X_t_1)
a_H_1_H_0 : -K
a_H_1_g_0 : B(x_t_0, X_t_1)*p(x_a_0, X_a_1) - C_t(X_t_1)*p(x_a_0, X_a_1) - C_a(X_a_1)
r_H_1 : -C_g(X_a_1) + R(X_a_1, X_t_1)
aij_dict: {a_g_0_H_1: b(x_t_0, X_t_1)*p(x_a_0, X_a_1) - c_t(x_t_0)*p(x_a_0, X_a_1) - c_a(x_a_0), a_H_1_g_0: B(x_t_0, X_t_1)*p(x_a_0, X_a_1) - C_t(X_t_1)*p(x_a_0, X_a_1) - C_a(X_a_1), a_H_1_H_1: -K, a_g_0_H_0: b(x_t_0, X_t_0)*p(x_a_0, X_a_0) - c_t(x_t_0)*p(x_a_0, X_a_0) - c_a(x_a_0), r_H_1: -C_g(X_a_1) + R(X_a_1, X_t_1), a_H_0_g_0: B(x_t_0, X_t_0)*p(x_a_0, X_a_0) - C_t(X_t_0)*p(x_a_0, X_a_0) - C_a(X_a_0), a_H_0_H_1: -K, a_g_0_g_0: -k, r_H_0: -C_g(X_a_0) + R(X_a_0, X_t_0), a_H_0_H_0: -K, r_g_0: -c_g(x_a_0) + r(x_a_0, x_t_0), a_H_1_H_0: -K}
The invasion rate for mutant population is:
\begin{align*}
  \mathscr I = \frac{1}{{N}_{1}}\frac{d{N}_{1}}{dt} &= {N}_{0} {a}_{{H}{1}{H}{0}} + {N}_{1} {a}_{{H}{1}{H}{1}} + {a}_{{H}{1}{g}{0}} {n}_{0} + {r}_{{H}{1}} 
\end{align*}

limit as {a_H_1_g_0: a_H_0_g_0, r_H_1: r_H_0, a_H_1_H_0: a_H_0_H_0}
simplify to 1
simplify to N_0
simplify to n_0
after those limits:
   1
  N_0
  n_0
simplify to 1
simplify to N_0
simplify to n_0
set_population_indices: [(0, 0), (1, 0), (1, 1)]
set_population_indices: [(0, 0), (1, 0), (1, 1)]
Inferring LV coefficients from N_0 equation: N_0*n_0*B(x_t_0, X_t_0)*p(x_a_0, X_a_0) - N_0*n_0*C_t(X_t_0)*p(x_a_0, X_a_0) + N_0*n_1*B(x_t_1, X_t_0)*p(x_a_1, X_a_0) - N_0*n_1*C_t(X_t_0)*p(x_a_1, X_a_0) - K*N_0^2 - N_0*n_0*C_a(X_a_0) - N_0*n_1*C_a(X_a_0) - N_0*C_g(X_a_0) + N_0*R(X_a_0, X_t_0)
a_H_0_g_0 : B(x_t_0, X_t_0)*p(x_a_0, X_a_0) - C_t(X_t_0)*p(x_a_0, X_a_0) - C_a(X_a_0)
a_H_0_g_1 : B(x_t_1, X_t_0)*p(x_a_1, X_a_0) - C_t(X_t_0)*p(x_a_1, X_a_0) - C_a(X_a_0)
r_H_0 : -C_g(X_a_0) + R(X_a_0, X_t_0)
Inferring LV coefficients from n_0 equation: N_0*n_0*b(x_t_0, X_t_0)*p(x_a_0, X_a_0) - N_0*n_0*c_t(x_t_0)*p(x_a_0, X_a_0) - k*n_0^2 - k*n_0*n_1 - N_0*n_0*c_a(x_a_0) - n_0*c_g(x_a_0) + n_0*r(x_a_0, x_t_0)
a_g_0_H_0 : b(x_t_0, X_t_0)*p(x_a_0, X_a_0) - c_t(x_t_0)*p(x_a_0, X_a_0) - c_a(x_a_0)
a_g_0_g_1 : -k
r_g_0 : -c_g(x_a_0) + r(x_a_0, x_t_0)
Inferring LV coefficients from n_1 equation: N_0*n_1*b(x_t_1, X_t_0)*p(x_a_1, X_a_0) - N_0*n_1*c_t(x_t_1)*p(x_a_1, X_a_0) - k*n_0*n_1 - k*n_1^2 - N_0*n_1*c_a(x_a_1) - n_1*c_g(x_a_1) + n_1*r(x_a_1, x_t_1)
a_g_1_H_0 : b(x_t_1, X_t_0)*p(x_a_1, X_a_0) - c_t(x_t_1)*p(x_a_1, X_a_0) - c_a(x_a_1)
a_g_1_g_0 : -k
r_g_1 : -c_g(x_a_1) + r(x_a_1, x_t_1)
aij_dict: {a_g_1_H_0: b(x_t_1, X_t_0)*p(x_a_1, X_a_0) - c_t(x_t_1)*p(x_a_1, X_a_0) - c_a(x_a_1), a_g_0_g_1: -k, a_g_1_g_0: -k, a_g_0_H_0: b(x_t_0, X_t_0)*p(x_a_0, X_a_0) - c_t(x_t_0)*p(x_a_0, X_a_0) - c_a(x_a_0), a_g_1_g_1: -k, a_H_0_g_0: B(x_t_0, X_t_0)*p(x_a_0, X_a_0) - C_t(X_t_0)*p(x_a_0, X_a_0) - C_a(X_a_0), a_g_0_g_0: -k, r_g_1: -c_g(x_a_1) + r(x_a_1, x_t_1), r_H_0: -C_g(X_a_0) + R(X_a_0, X_t_0), a_H_0_H_0: -K, a_H_0_g_1: B(x_t_1, X_t_0)*p(x_a_1, X_a_0) - C_t(X_t_0)*p(x_a_1, X_a_0) - C_a(X_a_0), r_g_0: -c_g(x_a_0) + r(x_a_0, x_t_0)}
The invasion rate for mutant population is:
\begin{align*}
  \mathscr I = \frac{1}{{n}_{1}}\frac{d{n}_{1}}{dt} &= {N}_{0} {a}_{{g}{1}{H}{0}} + {a}_{{g}{1}{g}{0}} {n}_{0} + {a}_{{g}{1}{g}{1}} {n}_{1} + {r}_{{g}{1}} 
\end{align*}

limit as {a_g_1_g_0: a_g_0_g_0, r_g_1: r_g_0, a_g_1_H_0: a_g_0_H_0}
simplify to 1
simplify to N_0
simplify to n_0
after those limits:
   1
  N_0
  n_0
simplify to 1
simplify to N_0
simplify to n_0
make LV evolution bindings
A: (-20, -20)
S: (0.969070870303821, 0.969070870303821)
D: (0, 0)
D: (0, 0)
I: (0, 0)
I: (0, 0)
dAdt: (0, 0)
{x_t_0 -> 0.000000000000000, t -> 0.000000000000000, x_a_0 -> 0.0400000000000000, nhat_0 -> 0.701913800294544, v -> 1, k -> 1, X_t_0 -> -0.0800000000000000, gamma -> 1, n_0 -> 0.701913800294544, V -> 15/2, N_0 -> 0.969070870303821, X_a_0 -> symbol48922, Nhat_0 -> 0.969070870303821, w -> 15/2, W -> 1, K -> 1, C_g(x) -> 0, c_g(x) -> 0, B(x,y) -> 15/2*x + y, C_a(x) -> x^2, r(x,y) -> 1, C_t(x) -> x^2, c_t(x) -> x^2, R(x,y) -> 1, p(x,y) -> 1/4*x + 1/4*y + 1/2, c_a(x) -> x^2, b(x,y) -> x + 15/2*y}
(-20, -20)
{x_t_0 -> 0.000000000000000, t -> 0.000000000000000, x_a_0 -> 0.0400000000000000, nhat_0 -> 0.701913800294544, v -> 1, k -> 1, X_t_0 -> symbol48922, gamma -> 1, n_0 -> 0.701913800294544, V -> 15/2, N_0 -> 0.969070870303821, X_a_0 -> 0.000000000000000, Nhat_0 -> 0.969070870303821, w -> 15/2, W -> 1, K -> 1, C_g(x) -> 0, c_g(x) -> 0, B(x,y) -> 15/2*x + y, C_a(x) -> x^2, r(x,y) -> 1, C_t(x) -> x^2, c_t(x) -> x^2, R(x,y) -> 1, p(x,y) -> 1/4*x + 1/4*y + 1/2, c_a(x) -> x^2, b(x,y) -> x + 15/2*y}
(-20, -20)
A: (-0.0440640000000000, -0.307600000000000)
S: (0.701913800294544, 0.969070870303821)
D: (1/16*(2*X_a_0*X_t_0 + 2*X_t_0*x_a_0 - X_a_0 + 4*X_t_0 - x_a_0 - 2)^2*Nhat_0*gamma*nhat_0 + 1/64*(2*X_t_0^2 + 16*X_a_0 - 2*X_t_0 - 15*x_t_0)^2*Nhat_0*gamma*nhat_0, 1/16*(2*X_a_0*x_t_0 + 2*x_a_0*x_t_0 - X_a_0 - x_a_0 + 4*x_t_0 - 2)^2*Nhat_0*gamma*nhat_0 + 1/64*(2*x_t_0^2 - 15*X_t_0 + 16*x_a_0 - 2*x_t_0)^2*Nhat_0*gamma*nhat_0)
D: (0.238382411017220, 0.212903920024195)
I: (1/64*(2*X_t_0^2 - 2*X_t_0 - 15*x_t_0)*(2*x_t_0^2 - 15*X_t_0 + 16*x_a_0 - 2*x_t_0)*Nhat_0*gamma*nhat_0 - 15/32*(2*X_a_0*x_t_0 + 2*x_a_0*x_t_0 - X_a_0 - x_a_0 + 4*x_t_0 - 2)*Nhat_0*(X_a_0 + x_a_0 + 2)*gamma*nhat_0, 1/64*(2*X_t_0^2 + 16*X_a_0 - 2*X_t_0 - 15*x_t_0)*(2*x_t_0^2 - 15*X_t_0 - 2*x_t_0)*Nhat_0*gamma*nhat_0 - 15/32*(2*X_a_0*X_t_0 + 2*X_t_0*x_a_0 - X_a_0 + 4*X_t_0 - x_a_0 - 2)*Nhat_0*(X_a_0 + x_a_0 + 2)*gamma*nhat_0)
I: (1.33028763150760, 1.54141757893300)
dAdt: (1.56867004252482, 1.75432149895719)
{x_t_0 -> 0.000000000000000, t -> 0.000000000000000, x_a_0 -> 0.0400000000000000, nhat_0 -> 0.701913800294544, v -> 1, k -> 1, X_t_0 -> -0.0800000000000000, gamma -> 1, n_0 -> 0.701913800294544, V -> 15/2, N_0 -> 0.969070870303821, X_a_0 -> symbol52781, Nhat_0 -> 0.969070870303821, w -> 15/2, W -> 1, K -> 1, C_g(x) -> 0, c_g(x) -> 0, B(x,y) -> 15/2*x + y, C_a(x) -> x^2, r(x,y) -> 1, C_t(x) -> x^2, c_t(x) -> x^2, R(x,y) -> 1, p(x,y) -> 1/4*x + 1/4*y + 1/2, c_a(x) -> x^2, b(x,y) -> x + 15/2*y}
(-symbol52781^2 - 0.0216000000000000*symbol52781 - 0.0440640000000000, -0.150000000000000*symbol52781 - 0.307600000000000)
{x_t_0 -> 0.000000000000000, t -> 0.000000000000000, x_a_0 -> 0.0400000000000000, nhat_0 -> 0.701913800294544, v -> 1, k -> 1, X_t_0 -> symbol52781, gamma -> 1, n_0 -> 0.701913800294544, V -> 15/2, N_0 -> 0.969070870303821, X_a_0 -> 0.000000000000000, Nhat_0 -> 0.969070870303821, w -> 15/2, W -> 1, K -> 1, C_g(x) -> 0, c_g(x) -> 0, B(x,y) -> 15/2*x + y, C_a(x) -> x^2, r(x,y) -> 1, C_t(x) -> x^2, c_t(x) -> x^2, R(x,y) -> 1, p(x,y) -> 1/4*x + 1/4*y + 1/2, c_a(x) -> x^2, b(x,y) -> x + 15/2*y}
(-0.510000000000000*symbol52781^2 + 0.510000000000000*symbol52781, 3.82500000000000*symbol52781 - 0.00160000000000000)
A: (-0.307600000000000, -0.0440640000000000)
S: (0.969070870303821, 0.701913800294544)
D: (1/16*(2*X_a_0*x_t_0 + 2*x_a_0*x_t_0 - X_a_0 - x_a_0 + 4*x_t_0 - 2)^2*Nhat_0*gamma*nhat_0 + 1/64*(2*x_t_0^2 - 15*X_t_0 + 16*x_a_0 - 2*x_t_0)^2*Nhat_0*gamma*nhat_0, 1/16*(2*X_a_0*X_t_0 + 2*X_t_0*x_a_0 - X_a_0 + 4*X_t_0 - x_a_0 - 2)^2*Nhat_0*gamma*nhat_0 + 1/64*(2*X_t_0^2 + 16*X_a_0 - 2*X_t_0 - 15*x_t_0)^2*Nhat_0*gamma*nhat_0)
D: (0.212903920024195, 0.238382411017220)
I: (1/64*(2*X_t_0^2 + 16*X_a_0 - 2*X_t_0 - 15*x_t_0)*(2*x_t_0^2 - 15*X_t_0 - 2*x_t_0)*Nhat_0*gamma*nhat_0 - 15/32*(2*X_a_0*X_t_0 + 2*X_t_0*x_a_0 - X_a_0 + 4*X_t_0 - x_a_0 - 2)*Nhat_0*(X_a_0 + x_a_0 + 2)*gamma*nhat_0, 1/64*(2*X_t_0^2 - 2*X_t_0 - 15*x_t_0)*(2*x_t_0^2 - 15*X_t_0 + 16*x_a_0 - 2*x_t_0)*Nhat_0*gamma*nhat_0 - 15/32*(2*X_a_0*x_t_0 + 2*x_a_0*x_t_0 - X_a_0 - x_a_0 + 4*x_t_0 - 2)*Nhat_0*(X_a_0 + x_a_0 + 2)*gamma*nhat_0)
I: (1.54141757893300, 1.33028763150760)
dAdt: (1.75432149895719, 1.56867004252482)
{x_t_0 -> 0.000000000000000, t -> 0.000000000000000, x_a_0 -> symbol56644, nhat_0 -> 0.701913800294544, v -> 1, k -> 1, X_t_0 -> -0.0800000000000000, gamma -> 1, n_0 -> 0.701913800294544, V -> 15/2, N_0 -> 0.969070870303821, X_a_0 -> 0.000000000000000, Nhat_0 -> 0.969070870303821, w -> 15/2, W -> 1, K -> 1, C_g(x) -> 0, c_g(x) -> 0, B(x,y) -> 15/2*x + y, C_a(x) -> x^2, r(x,y) -> 1, C_t(x) -> x^2, c_t(x) -> x^2, R(x,y) -> 1, p(x,y) -> 1/4*x + 1/4*y + 1/2, c_a(x) -> x^2, b(x,y) -> x + 15/2*y}
(-symbol56644^2 - 0.150000000000000*symbol56644 - 0.300000000000000, -0.0216000000000000*symbol56644 - 0.0432000000000000)
{x_t_0 -> symbol56644, t -> 0.000000000000000, x_a_0 -> 0.0400000000000000, nhat_0 -> 0.701913800294544, v -> 1, k -> 1, X_t_0 -> -0.0800000000000000, gamma -> 1, n_0 -> 0.701913800294544, V -> 15/2, N_0 -> 0.969070870303821, X_a_0 -> 0.000000000000000, Nhat_0 -> 0.969070870303821, w -> 15/2, W -> 1, K -> 1, C_g(x) -> 0, c_g(x) -> 0, B(x,y) -> 15/2*x + y, C_a(x) -> x^2, r(x,y) -> 1, C_t(x) -> x^2, c_t(x) -> x^2, R(x,y) -> 1, p(x,y) -> 1/4*x + 1/4*y + 1/2, c_a(x) -> x^2, b(x,y) -> x + 15/2*y}
(-0.510000000000000*symbol56644^2 + 0.510000000000000*symbol56644 - 0.307600000000000, 3.82500000000000*symbol56644 - 0.0440640000000000)
A: (-20, -20)
S: (0.701913800294544, 0.701913800294544)
D: (0, 0)
D: (0, 0)
I: (0, 0)
I: (0, 0)
dAdt: (0, 0)
{x_t_0 -> 0.000000000000000, t -> 0.000000000000000, x_a_0 -> symbol60759, nhat_0 -> 0.701913800294544, v -> 1, k -> 1, X_t_0 -> -0.0800000000000000, gamma -> 1, n_0 -> 0.701913800294544, V -> 15/2, N_0 -> 0.969070870303821, X_a_0 -> 0.000000000000000, Nhat_0 -> 0.969070870303821, w -> 15/2, W -> 1, K -> 1, C_g(x) -> 0, c_g(x) -> 0, B(x,y) -> 15/2*x + y, C_a(x) -> x^2, r(x,y) -> 1, C_t(x) -> x^2, c_t(x) -> x^2, R(x,y) -> 1, p(x,y) -> 1/4*x + 1/4*y + 1/2, c_a(x) -> x^2, b(x,y) -> x + 15/2*y}
(-20, -20)
{x_t_0 -> symbol60759, t -> 0.000000000000000, x_a_0 -> 0.0400000000000000, nhat_0 -> 0.701913800294544, v -> 1, k -> 1, X_t_0 -> -0.0800000000000000, gamma -> 1, n_0 -> 0.701913800294544, V -> 15/2, N_0 -> 0.969070870303821, X_a_0 -> 0.000000000000000, Nhat_0 -> 0.969070870303821, w -> 15/2, W -> 1, K -> 1, C_g(x) -> 0, c_g(x) -> 0, B(x,y) -> 15/2*x + y, C_a(x) -> x^2, r(x,y) -> 1, C_t(x) -> x^2, c_t(x) -> x^2, R(x,y) -> 1, p(x,y) -> 1/4*x + 1/4*y + 1/2, c_a(x) -> x^2, b(x,y) -> x + 15/2*y}
(-20, -20)
