Sat Feb  6 19:17:09 2016
/usr/bin/make -C /usr/local/src/adaptive-dynamics-research/wmd_files/Selection_Gradients \
    statmech-assemble.sage.out.tex-inline
Including .mk files: sage-inline.mk 
Including .mk files from .sage-inline files: avec.sage.mk a-careful.sage.mk
Including .mk files from .step files: aij.py.mk aij-assemble.sage.mk aij-assemble-plot.sage.mk aij-evol.sage.mk aij-evol-plot.sage.mk direct.py.mk direct-assemble.sage.mk direct-assemble-plot.sage.mk direct-evol.sage.mk direct-evol-plot.sage.mk foodweb.py.mk foodweb.sage.mk foodweb-adap.sage.mk foodweb.plot.sage.mk foodweb-2-2.sage.mk foodweb-2-2.plot.sage.mk large.py.mk large-assemble.sage.mk large-assemble-plot.sage.mk large-evol.sage.mk large-evol-plot.sage.mk logistic-S-A-curves.sage.mk maclev-S-A-curve.sage.mk logistic-S-A-curve.sage.mk maclev-1-1.sage.mk maclev-1-1-adap.sage.mk maclev-1-1-mc-adap-geom.sage.mk maclev-1-1-ak-adap-geom.sage.mk S-A-vector-field.sage.mk maclev-1-1-d1A-vector-field.sage.mk maclev-1-1-S-and-d1A-on-curve.sage.mk maclev-1-1-S-and-D-on-curve.sage.mk maclev_1_2_defs.py.mk maclev-1-2-popdyn.sage.mk maclev-1-2-adap.sage.mk maclev-1-2-p.sage.mk maclev-1-2-zngi.sage.mk maclev-1-2-geom.sage.mk maclev_unconstrained_c.py.mk maclev-2-2-c-popdyn.sage.mk maclev-2-2-c-adap.sage.mk maclev-2-2-c-p.sage.mk maclev-2-2-c-zngi.sage.mk maclev-2-2-c-geom.sage.mk maclev_2_2_defs.py.mk maclev-2-2-popdyn.sage.mk maclev-2-2-adap.sage.mk maclev-2-2-p.sage.mk maclev-2-2-zngi.sage.mk maclev-2-2-geom.sage.mk maclev_a_only_defs.py.mk maclev-a-only-popdyn.sage.mk maclev-a-only-adap.sage.mk maclev-a-only-p.sage.mk maclev-a-only-zngi.sage.mk maclev-a-only-geom.sage.mk maclev_a_c.py.mk maclev-2-2-a-c-popdyn.sage.mk maclev-2-2-a-c-adap.sage.mk maclev-2-2-a-c-p.sage.mk maclev-2-2-a-c-zngi.sage.mk maclev-2-2-a-c-geom.sage.mk maclevmodels.py.mk masel_model.py.mk masel.sage.mk masel-adap.sage.mk masel-2-adap.sage.mk statmech.py.mk statmech-assemble.sage.mk statmech-assemble-plot.sage.mk statmech-evol.sage.mk statmech-evol-plot.sage.mk sea.sage.mk toc.sage.mk maclev-2-2-zngi-invasion.sage.mk lotkavolterra.py.mk r_selection.py.mk r-selection.sage.mk
Including .tex.d files: foodweb-2-2.tikz.tex.d foodweb.tikz.tex.d
make[1]: Entering directory `/usr/local/src/adaptive-dynamics-research/wmd_files/Selection_Gradients'
perl -f /usr/local/src/workingwiki-trunk/ProjectEngine/resources/site/step.pl statmech-assemble.sage '#'
rm -f statmech-assemble.sage.out statmech-assemble.sage.status statmech-assemble.sobj
(sage statmech-assemble.sage && touch statmech-assemble.sage.status) | tee statmech-assemble.sage.dmp
set_population_indices: []
set_population_indices: [(0, 0)]
merge bindings: {} , [u_0_0] ,  {}
go 0 to 100
[ -e statmech-assemble.sage.status ] && (rm -f statmech-assemble.sage.status && mv statmech-assemble.sage.dmp statmech-assemble.sage.out) || exit 1
perl -f /usr/local/src/workingwiki-trunk/ProjectEngine/resources/site/step.pl statmech-assemble-plot.sage '#'
rm -f statmech-assemble-plot.sage.out statmech-assemble-plot.sage.status statmech-assemble.sage.out.tex statmech-assemble.svg
(sage statmech-assemble-plot.sage && touch statmech-assemble-plot.sage.status) | tee statmech-assemble-plot.sage.dmp
{X_0_0 -> 1, t -> 0} : (0.000000000000000, 1.00000000000000)
{X_0_0 -> 1.0, t -> 0.0999000999000999} : (0.0999000999000999, 1.00000000000000)
{X_0_0 -> 1.0, t -> 0.1998001998001998} : (0.199800199800200, 1.00000000000000)
{X_0_0 -> 1.0, t -> 0.2997002997002997} : (0.299700299700300, 1.00000000000000)
{X_0_0 -> 1.0, t -> 0.3996003996003996} : (0.399600399600400, 1.00000000000000)
{X_0_0 -> 1.0, t -> 0.4995004995004995} : (0.499500499500500, 1.00000000000000)
{X_0_0 -> 1.0, t -> 0.5994005994005994} : (0.599400599400599, 1.00000000000000)
{X_0_0 -> 1.0, t -> 0.6993006993006994} : (0.699300699300699, 1.00000000000000)
{X_0_0 -> 1.0, t -> 0.7992007992007992} : (0.799200799200799, 1.00000000000000)
{X_0_0 -> 1.0, t -> 0.8991008991008991} : (0.899100899100899, 1.00000000000000)
{X_0_0 -> 1.0, t -> 0.9990009990009989} : (0.999000999000999, 1.00000000000000)
{X_0_0 -> 1.0, t -> 1.0989010989010988} : (1.09890109890110, 1.00000000000000)
{X_0_0 -> 1.0, t -> 1.1988011988011986} : (1.19880119880120, 1.00000000000000)
{X_0_0 -> 1.0, t -> 1.2987012987012985} : (1.29870129870130, 1.00000000000000)
{X_0_0 -> 1.0, t -> 1.3986013986013983} : (1.39860139860140, 1.00000000000000)
{X_0_0 -> 1.0, t -> 1.4985014985014982} : (1.49850149850150, 1.00000000000000)
{X_0_0 -> 1.0, t -> 1.598401598401598} : (1.59840159840160, 1.00000000000000)
{X_0_0 -> 1.0, t -> 1.6983016983016979} : (1.69830169830170, 1.00000000000000)
{X_0_0 -> 1.0, t -> 1.7982017982017977} : (1.79820179820180, 1.00000000000000)
{X_0_0 -> 1.0, t -> 1.8981018981018976} : (1.89810189810190, 1.00000000000000)
{X_0_0 -> 1.0, t -> 1.9980019980019974} : (1.99800199800200, 1.00000000000000)
{X_0_0 -> 1.0, t -> 2.0979020979020975} : (2.09790209790210, 1.00000000000000)
{X_0_0 -> 1.0, t -> 2.1978021978021975} : (2.19780219780220, 1.00000000000000)
{X_0_0 -> 1.0, t -> 2.2977022977022976} : (2.29770229770230, 1.00000000000000)
{X_0_0 -> 1.0, t -> 2.3976023976023977} : (2.39760239760240, 1.00000000000000)
{X_0_0 -> 1.0, t -> 2.4975024975024978} : (2.49750249750250, 1.00000000000000)
{X_0_0 -> 1.0, t -> 2.597402597402598} : (2.59740259740260, 1.00000000000000)
{X_0_0 -> 1.0, t -> 2.697302697302698} : (2.69730269730270, 1.00000000000000)
{X_0_0 -> 1.0, t -> 2.797202797202798} : (2.79720279720280, 1.00000000000000)
{X_0_0 -> 1.0, t -> 2.897102897102898} : (2.89710289710290, 1.00000000000000)
{X_0_0 -> 1.0, t -> 2.997002997002998} : (2.99700299700300, 1.00000000000000)
{X_0_0 -> 1.0, t -> 3.096903096903098} : (3.09690309690310, 1.00000000000000)
{X_0_0 -> 1.0, t -> 3.1968031968031982} : (3.19680319680320, 1.00000000000000)
{X_0_0 -> 1.0, t -> 3.2967032967032983} : (3.29670329670330, 1.00000000000000)
{X_0_0 -> 1.0, t -> 3.3966033966033984} : (3.39660339660340, 1.00000000000000)
{X_0_0 -> 1.0, t -> 3.4965034965034985} : (3.49650349650350, 1.00000000000000)
{X_0_0 -> 1.0, t -> 3.5964035964035985} : (3.59640359640360, 1.00000000000000)
{X_0_0 -> 1.0, t -> 3.6963036963036986} : (3.69630369630370, 1.00000000000000)
{X_0_0 -> 1.0, t -> 3.7962037962037987} : (3.79620379620380, 1.00000000000000)
{X_0_0 -> 1.0, t -> 3.8961038961038987} : (3.89610389610390, 1.00000000000000)
{X_0_0 -> 1.0, t -> 3.996003996003999} : (3.99600399600400, 1.00000000000000)
{X_0_0 -> 1.0, t -> 4.095904095904099} : (4.09590409590410, 1.00000000000000)
{X_0_0 -> 1.0, t -> 4.1958041958041985} : (4.19580419580420, 1.00000000000000)
{X_0_0 -> 1.0, t -> 4.295704295704298} : (4.29570429570430, 1.00000000000000)
{X_0_0 -> 1.0, t -> 4.395604395604398} : (4.39560439560440, 1.00000000000000)
{X_0_0 -> 1.0, t -> 4.495504495504497} : (4.49550449550450, 1.00000000000000)
{X_0_0 -> 1.0, t -> 4.595404595404597} : (4.59540459540460, 1.00000000000000)
{X_0_0 -> 1.0, t -> 4.695304695304697} : (4.69530469530470, 1.00000000000000)
{X_0_0 -> 1.0, t -> 4.795204795204796} : (4.79520479520480, 1.00000000000000)
{X_0_0 -> 1.0, t -> 4.895104895104896} : (4.89510489510490, 1.00000000000000)
{X_0_0 -> 1.0, t -> 4.9950049950049955} : (4.99500499500500, 1.00000000000000)
{X_0_0 -> 1.0, t -> 5.094905094905095} : (5.09490509490510, 1.00000000000000)
{X_0_0 -> 1.0, t -> 5.194805194805195} : (5.19480519480519, 1.00000000000000)
{X_0_0 -> 1.0, t -> 5.294705294705294} : (5.29470529470529, 1.00000000000000)
{X_0_0 -> 1.0, t -> 5.394605394605394} : (5.39460539460539, 1.00000000000000)
{X_0_0 -> 1.0, t -> 5.494505494505494} : (5.49450549450549, 1.00000000000000)
{X_0_0 -> 1.0, t -> 5.594405594405593} : (5.59440559440559, 1.00000000000000)
{X_0_0 -> 1.0, t -> 5.694305694305693} : (5.69430569430569, 1.00000000000000)
{X_0_0 -> 1.0, t -> 5.7942057942057925} : (5.79420579420579, 1.00000000000000)
{X_0_0 -> 1.0, t -> 5.894105894105892} : (5.89410589410589, 1.00000000000000)
{X_0_0 -> 1.0, t -> 5.994005994005992} : (5.99400599400599, 1.00000000000000)
{X_0_0 -> 1.0, t -> 6.093906093906091} : (6.09390609390609, 1.00000000000000)
{X_0_0 -> 1.0, t -> 6.193806193806191} : (6.19380619380619, 1.00000000000000)
{X_0_0 -> 1.0, t -> 6.293706293706291} : (6.29370629370629, 1.00000000000000)
{X_0_0 -> 1.0, t -> 6.39360639360639} : (6.39360639360639, 1.00000000000000)
{X_0_0 -> 1.0, t -> 6.49350649350649} : (6.49350649350649, 1.00000000000000)
{X_0_0 -> 1.0, t -> 6.5934065934065895} : (6.59340659340659, 1.00000000000000)
{X_0_0 -> 1.0, t -> 6.693306693306689} : (6.69330669330669, 1.00000000000000)
{X_0_0 -> 1.0, t -> 6.793206793206789} : (6.79320679320679, 1.00000000000000)
{X_0_0 -> 1.0, t -> 6.893106893106888} : (6.89310689310689, 1.00000000000000)
{X_0_0 -> 1.0, t -> 6.993006993006988} : (6.99300699300699, 1.00000000000000)
{X_0_0 -> 1.0, t -> 7.092907092907088} : (7.09290709290709, 1.00000000000000)
{X_0_0 -> 1.0, t -> 7.192807192807187} : (7.19280719280719, 1.00000000000000)
{X_0_0 -> 1.0, t -> 7.292707292707287} : (7.29270729270729, 1.00000000000000)
{X_0_0 -> 1.0, t -> 7.3926073926073865} : (7.39260739260739, 1.00000000000000)
{X_0_0 -> 1.0, t -> 7.492507492507486} : (7.49250749250749, 1.00000000000000)
{X_0_0 -> 1.0, t -> 7.592407592407586} : (7.59240759240759, 1.00000000000000)
{X_0_0 -> 1.0, t -> 7.692307692307685} : (7.69230769230769, 1.00000000000000)
{X_0_0 -> 1.0, t -> 7.792207792207785} : (7.79220779220779, 1.00000000000000)
{X_0_0 -> 1.0, t -> 7.892107892107885} : (7.89210789210788, 1.00000000000000)
{X_0_0 -> 1.0, t -> 7.992007992007984} : (7.99200799200798, 1.00000000000000)
{X_0_0 -> 1.0, t -> 8.091908091908085} : (8.09190809190808, 1.00000000000000)
{X_0_0 -> 1.0, t -> 8.191808191808185} : (8.19180819180819, 1.00000000000000)
{X_0_0 -> 1.0, t -> 8.291708291708286} : (8.29170829170829, 1.00000000000000)
{X_0_0 -> 1.0, t -> 8.391608391608386} : (8.39160839160839, 1.00000000000000)
{X_0_0 -> 1.0, t -> 8.491508491508487} : (8.49150849150849, 1.00000000000000)
{X_0_0 -> 1.0, t -> 8.591408591408587} : (8.59140859140859, 1.00000000000000)
{X_0_0 -> 1.0, t -> 8.691308691308688} : (8.69130869130869, 1.00000000000000)
{X_0_0 -> 1.0, t -> 8.791208791208788} : (8.79120879120879, 1.00000000000000)
{X_0_0 -> 1.0, t -> 8.891108891108889} : (8.89110889110889, 1.00000000000000)
{X_0_0 -> 1.0, t -> 8.99100899100899} : (8.99100899100899, 1.00000000000000)
{X_0_0 -> 1.0, t -> 9.09090909090909} : (9.09090909090909, 1.00000000000000)
{X_0_0 -> 1.0, t -> 9.19080919080919} : (9.19080919080919, 1.00000000000000)
{X_0_0 -> 1.0, t -> 9.290709290709291} : (9.29070929070929, 1.00000000000000)
{X_0_0 -> 1.0, t -> 9.390609390609391} : (9.39060939060939, 1.00000000000000)
{X_0_0 -> 1.0, t -> 9.490509490509492} : (9.49050949050949, 1.00000000000000)
{X_0_0 -> 1.0, t -> 9.590409590409593} : (9.59040959040959, 1.00000000000000)
{X_0_0 -> 1.0, t -> 9.690309690309693} : (9.69030969030969, 1.00000000000000)
{X_0_0 -> 1.0, t -> 9.790209790209794} : (9.79020979020979, 1.00000000000000)
{X_0_0 -> 1.0, t -> 9.890109890109894} : (9.89010989010989, 1.00000000000000)
{X_0_0 -> 1.0, t -> 9.990009990009995} : (9.99000999000999, 1.00000000000000)
{X_0_0 -> 1.0, t -> 10.089910089910095} : (10.0899100899101, 1.00000000000000)
{X_0_0 -> 1.0, t -> 10.189810189810196} : (10.1898101898102, 1.00000000000000)
{X_0_0 -> 1.0, t -> 10.289710289710296} : (10.2897102897103, 1.00000000000000)
{X_0_0 -> 1.0, t -> 10.389610389610397} : (10.3896103896104, 1.00000000000000)
{X_0_0 -> 1.0, t -> 10.489510489510497} : (10.4895104895105, 1.00000000000000)
{X_0_0 -> 1.0, t -> 10.589410589410598} : (10.5894105894106, 1.00000000000000)
{X_0_0 -> 1.0, t -> 10.689310689310698} : (10.6893106893107, 1.00000000000000)
{X_0_0 -> 1.0, t -> 10.789210789210799} : (10.7892107892108, 1.00000000000000)
{X_0_0 -> 1.0, t -> 10.8891108891109} : (10.8891108891109, 1.00000000000000)
{X_0_0 -> 1.0, t -> 10.989010989011} : (10.9890109890110, 1.00000000000000)
{X_0_0 -> 1.0, t -> 11.0889110889111} : (11.0889110889111, 1.00000000000000)
{X_0_0 -> 1.0, t -> 11.1888111888112} : (11.1888111888112, 1.00000000000000)
{X_0_0 -> 1.0, t -> 11.288711288711301} : (11.2887112887113, 1.00000000000000)
{X_0_0 -> 1.0, t -> 11.388611388611402} : (11.3886113886114, 1.00000000000000)
{X_0_0 -> 1.0, t -> 11.488511488511502} : (11.4885114885115, 1.00000000000000)
{X_0_0 -> 1.0, t -> 11.588411588411603} : (11.5884115884116, 1.00000000000000)
{X_0_0 -> 1.0, t -> 11.688311688311703} : (11.6883116883117, 1.00000000000000)
{X_0_0 -> 1.0, t -> 11.788211788211804} : (11.7882117882118, 1.00000000000000)
{X_0_0 -> 1.0, t -> 11.888111888111904} : (11.8881118881119, 1.00000000000000)
{X_0_0 -> 1.0, t -> 11.988011988012005} : (11.9880119880120, 1.00000000000000)
{X_0_0 -> 1.0, t -> 12.087912087912105} : (12.0879120879121, 1.00000000000000)
{X_0_0 -> 1.0, t -> 12.187812187812206} : (12.1878121878122, 1.00000000000000)
{X_0_0 -> 1.0, t -> 12.287712287712306} : (12.2877122877123, 1.00000000000000)
{X_0_0 -> 1.0, t -> 12.387612387612407} : (12.3876123876124, 1.00000000000000)
{X_0_0 -> 1.0, t -> 12.487512487512507} : (12.4875124875125, 1.00000000000000)
{X_0_0 -> 1.0, t -> 12.587412587412608} : (12.5874125874126, 1.00000000000000)
{X_0_0 -> 1.0, t -> 12.687312687312708} : (12.6873126873127, 1.00000000000000)
{X_0_0 -> 1.0, t -> 12.787212787212809} : (12.7872127872128, 1.00000000000000)
{X_0_0 -> 1.0, t -> 12.88711288711291} : (12.8871128871129, 1.00000000000000)
{X_0_0 -> 1.0, t -> 12.98701298701301} : (12.9870129870130, 1.00000000000000)
{X_0_0 -> 1.0, t -> 13.08691308691311} : (13.0869130869131, 1.00000000000000)
{X_0_0 -> 1.0, t -> 13.186813186813211} : (13.1868131868132, 1.00000000000000)
{X_0_0 -> 1.0, t -> 13.286713286713312} : (13.2867132867133, 1.00000000000000)
{X_0_0 -> 1.0, t -> 13.386613386613412} : (13.3866133866134, 1.00000000000000)
{X_0_0 -> 1.0, t -> 13.486513486513513} : (13.4865134865135, 1.00000000000000)
{X_0_0 -> 1.0, t -> 13.586413586413613} : (13.5864135864136, 1.00000000000000)
{X_0_0 -> 1.0, t -> 13.686313686313714} : (13.6863136863137, 1.00000000000000)
{X_0_0 -> 1.0, t -> 13.786213786213814} : (13.7862137862138, 1.00000000000000)
{X_0_0 -> 1.0, t -> 13.886113886113915} : (13.8861138861139, 1.00000000000000)
{X_0_0 -> 1.0, t -> 13.986013986014015} : (13.9860139860140, 1.00000000000000)
{X_0_0 -> 1.0, t -> 14.085914085914116} : (14.0859140859141, 1.00000000000000)
{X_0_0 -> 1.0, t -> 14.185814185814216} : (14.1858141858142, 1.00000000000000)
{X_0_0 -> 1.0, t -> 14.285714285714317} : (14.2857142857143, 1.00000000000000)
{X_0_0 -> 1.0, t -> 14.385614385614417} : (14.3856143856144, 1.00000000000000)
{X_0_0 -> 1.0, t -> 14.485514485514518} : (14.4855144855145, 1.00000000000000)
{X_0_0 -> 1.0, t -> 14.585414585414618} : (14.5854145854146, 1.00000000000000)
{X_0_0 -> 1.0, t -> 14.685314685314719} : (14.6853146853147, 1.00000000000000)
{X_0_0 -> 1.0, t -> 14.78521478521482} : (14.7852147852148, 1.00000000000000)
{X_0_0 -> 1.0, t -> 14.88511488511492} : (14.8851148851149, 1.00000000000000)
{X_0_0 -> 1.0, t -> 14.98501498501502} : (14.9850149850150, 1.00000000000000)
{X_0_0 -> 1.0, t -> 15.08491508491512} : (15.0849150849151, 1.00000000000000)
{X_0_0 -> 1.0, t -> 15.184815184815221} : (15.1848151848152, 1.00000000000000)
{X_0_0 -> 1.0, t -> 15.284715284715322} : (15.2847152847153, 1.00000000000000)
{X_0_0 -> 1.0, t -> 15.384615384615422} : (15.3846153846154, 1.00000000000000)
{X_0_0 -> 1.0, t -> 15.484515484515523} : (15.4845154845155, 1.00000000000000)
{X_0_0 -> 1.0, t -> 15.584415584415623} : (15.5844155844156, 1.00000000000000)
{X_0_0 -> 1.0, t -> 15.684315684315724} : (15.6843156843157, 1.00000000000000)
{X_0_0 -> 1.0, t -> 15.784215784215824} : (15.7842157842158, 1.00000000000000)
{X_0_0 -> 1.0, t -> 15.884115884115925} : (15.8841158841159, 1.00000000000000)
{X_0_0 -> 1.0, t -> 15.984015984016025} : (15.9840159840160, 1.00000000000000)
{X_0_0 -> 1.0, t -> 16.083916083916126} : (16.0839160839161, 1.00000000000000)
{X_0_0 -> 1.0, t -> 16.183816183816226} : (16.1838161838162, 1.00000000000000)
{X_0_0 -> 1.0, t -> 16.283716283716327} : (16.2837162837163, 1.00000000000000)
{X_0_0 -> 1.0, t -> 16.383616383616427} : (16.3836163836164, 1.00000000000000)
{X_0_0 -> 1.0, t -> 16.483516483516528} : (16.4835164835165, 1.00000000000000)
{X_0_0 -> 1.0, t -> 16.58341658341663} : (16.5834165834166, 1.00000000000000)
{X_0_0 -> 1.0, t -> 16.68331668331673} : (16.6833166833167, 1.00000000000000)
{X_0_0 -> 1.0, t -> 16.78321678321683} : (16.7832167832168, 1.00000000000000)
{X_0_0 -> 1.0, t -> 16.88311688311693} : (16.8831168831169, 1.00000000000000)
{X_0_0 -> 1.0, t -> 16.98301698301703} : (16.9830169830170, 1.00000000000000)
{X_0_0 -> 1.0, t -> 17.08291708291713} : (17.0829170829171, 1.00000000000000)
{X_0_0 -> 1.0, t -> 17.18281718281723} : (17.1828171828172, 1.00000000000000)
{X_0_0 -> 1.0, t -> 17.282717282717332} : (17.2827172827173, 1.00000000000000)
{X_0_0 -> 1.0, t -> 17.382617382617433} : (17.3826173826174, 1.00000000000000)
{X_0_0 -> 1.0, t -> 17.482517482517533} : (17.4825174825175, 1.00000000000000)
{X_0_0 -> 1.0, t -> 17.582417582417634} : (17.5824175824176, 1.00000000000000)
{X_0_0 -> 1.0, t -> 17.682317682317734} : (17.6823176823177, 1.00000000000000)
{X_0_0 -> 1.0, t -> 17.782217782217835} : (17.7822177822178, 1.00000000000000)
{X_0_0 -> 1.0, t -> 17.882117882117935} : (17.8821178821179, 1.00000000000000)
{X_0_0 -> 1.0, t -> 17.982017982018036} : (17.9820179820180, 1.00000000000000)
{X_0_0 -> 1.0, t -> 18.081918081918136} : (18.0819180819181, 1.00000000000000)
{X_0_0 -> 1.0, t -> 18.181818181818237} : (18.1818181818182, 1.00000000000000)
{X_0_0 -> 1.0, t -> 18.281718281718337} : (18.2817182817183, 1.00000000000000)
{X_0_0 -> 1.0, t -> 18.381618381618438} : (18.3816183816184, 1.00000000000000)
{X_0_0 -> 1.0, t -> 18.48151848151854} : (18.4815184815185, 1.00000000000000)
{X_0_0 -> 1.0, t -> 18.58141858141864} : (18.5814185814186, 1.00000000000000)
{X_0_0 -> 1.0, t -> 18.68131868131874} : (18.6813186813187, 1.00000000000000)
{X_0_0 -> 1.0, t -> 18.78121878121884} : (18.7812187812188, 1.00000000000000)
{X_0_0 -> 1.0, t -> 18.88111888111894} : (18.8811188811189, 1.00000000000000)
{X_0_0 -> 1.0, t -> 18.98101898101904} : (18.9810189810190, 1.00000000000000)
{X_0_0 -> 1.0, t -> 19.08091908091914} : (19.0809190809191, 1.00000000000000)
{X_0_0 -> 1.0, t -> 19.180819180819242} : (19.1808191808192, 1.00000000000000)
{X_0_0 -> 1.0, t -> 19.280719280719342} : (19.2807192807193, 1.00000000000000)
{X_0_0 -> 1.0, t -> 19.380619380619443} : (19.3806193806194, 1.00000000000000)
{X_0_0 -> 1.0, t -> 19.480519480519543} : (19.4805194805195, 1.00000000000000)
{X_0_0 -> 1.0, t -> 19.580419580419644} : (19.5804195804196, 1.00000000000000)
{X_0_0 -> 1.0, t -> 19.680319680319744} : (19.6803196803197, 1.00000000000000)
{X_0_0 -> 1.0, t -> 19.780219780219845} : (19.7802197802198, 1.00000000000000)
{X_0_0 -> 1.0, t -> 19.880119880119945} : (19.8801198801199, 1.00000000000000)
{X_0_0 -> 1.0, t -> 19.980019980020046} : (19.9800199800200, 1.00000000000000)
{X_0_0 -> 1.0, t -> 20.079920079920146} : (20.0799200799201, 1.00000000000000)
{X_0_0 -> 1.0, t -> 20.179820179820247} : (20.1798201798202, 1.00000000000000)
{X_0_0 -> 1.0, t -> 20.279720279720348} : (20.2797202797203, 1.00000000000000)
{X_0_0 -> 1.0, t -> 20.379620379620448} : (20.3796203796204, 1.00000000000000)
{X_0_0 -> 1.0, t -> 20.47952047952055} : (20.4795204795205, 1.00000000000000)
{X_0_0 -> 1.0, t -> 20.57942057942065} : (20.5794205794206, 1.00000000000000)
{X_0_0 -> 1.0, t -> 20.67932067932075} : (20.6793206793207, 1.00000000000000)
{X_0_0 -> 1.0, t -> 20.77922077922085} : (20.7792207792209, 1.00000000000000)
{X_0_0 -> 1.0, t -> 20.87912087912095} : (20.8791208791210, 1.00000000000000)
{X_0_0 -> 1.0, t -> 20.97902097902105} : (20.9790209790211, 1.00000000000000)
{X_0_0 -> 1.0, t -> 21.07892107892115} : (21.0789210789212, 1.00000000000000)
{X_0_0 -> 1.0, t -> 21.178821178821252} : (21.1788211788213, 1.00000000000000)
{X_0_0 -> 1.0, t -> 21.278721278721353} : (21.2787212787214, 1.00000000000000)
{X_0_0 -> 1.0, t -> 21.378621378621453} : (21.3786213786215, 1.00000000000000)
{X_0_0 -> 1.0, t -> 21.478521478521554} : (21.4785214785216, 1.00000000000000)
{X_0_0 -> 1.0, t -> 21.578421578421654} : (21.5784215784217, 1.00000000000000)
{X_0_0 -> 1.0, t -> 21.678321678321755} : (21.6783216783218, 1.00000000000000)
{X_0_0 -> 1.0, t -> 21.778221778221855} : (21.7782217782219, 1.00000000000000)
{X_0_0 -> 1.0, t -> 21.878121878121956} : (21.8781218781220, 1.00000000000000)
{X_0_0 -> 1.0, t -> 21.978021978022056} : (21.9780219780221, 1.00000000000000)
{X_0_0 -> 1.0, t -> 22.077922077922157} : (22.0779220779222, 1.00000000000000)
{X_0_0 -> 1.0, t -> 22.177822177822257} : (22.1778221778223, 1.00000000000000)
{X_0_0 -> 1.0, t -> 22.277722277722358} : (22.2777222777224, 1.00000000000000)
{X_0_0 -> 1.0, t -> 22.37762237762246} : (22.3776223776225, 1.00000000000000)
{X_0_0 -> 1.0, t -> 22.47752247752256} : (22.4775224775226, 1.00000000000000)
{X_0_0 -> 1.0, t -> 22.57742257742266} : (22.5774225774227, 1.00000000000000)
{X_0_0 -> 1.0, t -> 22.67732267732276} : (22.6773226773228, 1.00000000000000)
{X_0_0 -> 1.0, t -> 22.77722277722286} : (22.7772227772229, 1.00000000000000)
{X_0_0 -> 1.0, t -> 22.87712287712296} : (22.8771228771230, 1.00000000000000)
{X_0_0 -> 1.0, t -> 22.97702297702306} : (22.9770229770231, 1.00000000000000)
{X_0_0 -> 1.0, t -> 23.076923076923162} : (23.0769230769232, 1.00000000000000)
{X_0_0 -> 1.0, t -> 23.176823176823262} : (23.1768231768233, 1.00000000000000)
{X_0_0 -> 1.0, t -> 23.276723276723363} : (23.2767232767234, 1.00000000000000)
{X_0_0 -> 1.0, t -> 23.376623376623463} : (23.3766233766235, 1.00000000000000)
{X_0_0 -> 1.0, t -> 23.476523476523564} : (23.4765234765236, 1.00000000000000)
{X_0_0 -> 1.0, t -> 23.576423576423664} : (23.5764235764237, 1.00000000000000)
{X_0_0 -> 1.0, t -> 23.676323676323765} : (23.6763236763238, 1.00000000000000)
{X_0_0 -> 1.0, t -> 23.776223776223866} : (23.7762237762239, 1.00000000000000)
{X_0_0 -> 1.0, t -> 23.876123876123966} : (23.8761238761240, 1.00000000000000)
{X_0_0 -> 1.0, t -> 23.976023976024067} : (23.9760239760241, 1.00000000000000)
{X_0_0 -> 1.0, t -> 24.075924075924167} : (24.0759240759242, 1.00000000000000)
{X_0_0 -> 1.0, t -> 24.175824175824268} : (24.1758241758243, 1.00000000000000)
{X_0_0 -> 1.0, t -> 24.275724275724368} : (24.2757242757244, 1.00000000000000)
{X_0_0 -> 1.0, t -> 24.37562437562447} : (24.3756243756245, 1.00000000000000)
{X_0_0 -> 1.0, t -> 24.47552447552457} : (24.4755244755246, 1.00000000000000)
{X_0_0 -> 1.0, t -> 24.57542457542467} : (24.5754245754247, 1.00000000000000)
{X_0_0 -> 1.0, t -> 24.67532467532477} : (24.6753246753248, 1.00000000000000)
{X_0_0 -> 1.0, t -> 24.77522477522487} : (24.7752247752249, 1.00000000000000)
{X_0_0 -> 1.0, t -> 24.87512487512497} : (24.8751248751250, 1.00000000000000)
{X_0_0 -> 1.0, t -> 24.97502497502507} : (24.9750249750251, 1.00000000000000)
{X_0_0 -> 1.0, t -> 25.074925074925172} : (25.0749250749252, 1.00000000000000)
{X_0_0 -> 1.0, t -> 25.174825174825273} : (25.1748251748253, 1.00000000000000)
{X_0_0 -> 1.0, t -> 25.274725274725373} : (25.2747252747254, 1.00000000000000)
{X_0_0 -> 1.0, t -> 25.374625374625474} : (25.3746253746255, 1.00000000000000)
{X_0_0 -> 1.0, t -> 25.474525474525574} : (25.4745254745256, 1.00000000000000)
{X_0_0 -> 1.0, t -> 25.574425574425675} : (25.5744255744257, 1.00000000000000)
{X_0_0 -> 1.0, t -> 25.674325674325775} : (25.6743256743258, 1.00000000000000)
{X_0_0 -> 1.0, t -> 25.774225774225876} : (25.7742257742259, 1.00000000000000)
{X_0_0 -> 1.0, t -> 25.874125874125976} : (25.8741258741260, 1.00000000000000)
{X_0_0 -> 1.0, t -> 25.974025974026077} : (25.9740259740261, 1.00000000000000)
{X_0_0 -> 1.0, t -> 26.073926073926177} : (26.0739260739262, 1.00000000000000)
{X_0_0 -> 1.0, t -> 26.173826173826278} : (26.1738261738263, 1.00000000000000)
{X_0_0 -> 1.0, t -> 26.27372627372638} : (26.2737262737264, 1.00000000000000)
{X_0_0 -> 1.0, t -> 26.37362637362648} : (26.3736263736265, 1.00000000000000)
{X_0_0 -> 1.0, t -> 26.47352647352658} : (26.4735264735266, 1.00000000000000)
{X_0_0 -> 1.0, t -> 26.57342657342668} : (26.5734265734267, 1.00000000000000)
{X_0_0 -> 1.0, t -> 26.67332667332678} : (26.6733266733268, 1.00000000000000)
{X_0_0 -> 1.0, t -> 26.77322677322688} : (26.7732267732269, 1.00000000000000)
{X_0_0 -> 1.0, t -> 26.87312687312698} : (26.8731268731270, 1.00000000000000)
{X_0_0 -> 1.0, t -> 26.973026973027082} : (26.9730269730271, 1.00000000000000)
{X_0_0 -> 1.0, t -> 27.072927072927182} : (27.0729270729272, 1.00000000000000)
{X_0_0 -> 1.0, t -> 27.172827172827283} : (27.1728271728273, 1.00000000000000)
{X_0_0 -> 1.0, t -> 27.272727272727384} : (27.2727272727274, 1.00000000000000)
{X_0_0 -> 1.0, t -> 27.372627372627484} : (27.3726273726275, 1.00000000000000)
{X_0_0 -> 1.0, t -> 27.472527472527585} : (27.4725274725276, 1.00000000000000)
{X_0_0 -> 1.0, t -> 27.572427572427685} : (27.5724275724277, 1.00000000000000)
{X_0_0 -> 1.0, t -> 27.672327672327786} : (27.6723276723278, 1.00000000000000)
{X_0_0 -> 1.0, t -> 27.772227772227886} : (27.7722277722279, 1.00000000000000)
{X_0_0 -> 1.0, t -> 27.872127872127987} : (27.8721278721280, 1.00000000000000)
{X_0_0 -> 1.0, t -> 27.972027972028087} : (27.9720279720281, 1.00000000000000)
{X_0_0 -> 1.0, t -> 28.071928071928188} : (28.0719280719282, 1.00000000000000)
{X_0_0 -> 1.0, t -> 28.171828171828288} : (28.1718281718283, 1.00000000000000)
{X_0_0 -> 1.0, t -> 28.27172827172839} : (28.2717282717284, 1.00000000000000)
{X_0_0 -> 1.0, t -> 28.37162837162849} : (28.3716283716285, 1.00000000000000)
{X_0_0 -> 1.0, t -> 28.47152847152859} : (28.4715284715286, 1.00000000000000)
{X_0_0 -> 1.0, t -> 28.57142857142869} : (28.5714285714287, 1.00000000000000)
{X_0_0 -> 1.0, t -> 28.67132867132879} : (28.6713286713288, 1.00000000000000)
{X_0_0 -> 1.0, t -> 28.77122877122889} : (28.7712287712289, 1.00000000000000)
{X_0_0 -> 1.0, t -> 28.87112887112899} : (28.8711288711290, 1.00000000000000)
{X_0_0 -> 1.0, t -> 28.971028971029092} : (28.9710289710291, 1.00000000000000)
{X_0_0 -> 1.0, t -> 29.070929070929193} : (29.0709290709292, 1.00000000000000)
{X_0_0 -> 1.0, t -> 29.170829170829293} : (29.1708291708293, 1.00000000000000)
{X_0_0 -> 1.0, t -> 29.270729270729394} : (29.2707292707294, 1.00000000000000)
{X_0_0 -> 1.0, t -> 29.370629370629494} : (29.3706293706295, 1.00000000000000)
{X_0_0 -> 1.0, t -> 29.470529470529595} : (29.4705294705296, 1.00000000000000)
{X_0_0 -> 1.0, t -> 29.570429570429695} : (29.5704295704297, 1.00000000000000)
{X_0_0 -> 1.0, t -> 29.670329670329796} : (29.6703296703298, 1.00000000000000)
{X_0_0 -> 1.0, t -> 29.770229770229896} : (29.7702297702299, 1.00000000000000)
{X_0_0 -> 1.0, t -> 29.870129870129997} : (29.8701298701300, 1.00000000000000)
{X_0_0 -> 1.0, t -> 29.970029970030097} : (29.9700299700301, 1.00000000000000)
{X_0_0 -> 1.0, t -> 30.069930069930198} : (30.0699300699302, 1.00000000000000)
{X_0_0 -> 1.0, t -> 30.1698301698303} : (30.1698301698303, 1.00000000000000)
{X_0_0 -> 1.0, t -> 30.2697302697304} : (30.2697302697304, 1.00000000000000)
{X_0_0 -> 1.0, t -> 30.3696303696305} : (30.3696303696305, 1.00000000000000)
{X_0_0 -> 1.0, t -> 30.4695304695306} : (30.4695304695306, 1.00000000000000)
{X_0_0 -> 1.0, t -> 30.5694305694307} : (30.5694305694307, 1.00000000000000)
{X_0_0 -> 1.0, t -> 30.6693306693308} : (30.6693306693308, 1.00000000000000)
{X_0_0 -> 1.0, t -> 30.7692307692309} : (30.7692307692309, 1.00000000000000)
{X_0_0 -> 1.0, t -> 30.869130869131002} : (30.8691308691310, 1.00000000000000)
{X_0_0 -> 1.0, t -> 30.969030969031103} : (30.9690309690311, 1.00000000000000)
{X_0_0 -> 1.0, t -> 31.068931068931203} : (31.0689310689312, 1.00000000000000)
{X_0_0 -> 1.0, t -> 31.168831168831304} : (31.1688311688313, 1.00000000000000)
{X_0_0 -> 1.0, t -> 31.268731268731404} : (31.2687312687314, 1.00000000000000)
{X_0_0 -> 1.0, t -> 31.368631368631505} : (31.3686313686315, 1.00000000000000)
{X_0_0 -> 1.0, t -> 31.468531468531605} : (31.4685314685316, 1.00000000000000)
{X_0_0 -> 1.0, t -> 31.568431568431706} : (31.5684315684317, 1.00000000000000)
{X_0_0 -> 1.0, t -> 31.668331668331806} : (31.6683316683318, 1.00000000000000)
{X_0_0 -> 1.0, t -> 31.768231768231907} : (31.7682317682319, 1.00000000000000)
{X_0_0 -> 1.0, t -> 31.868131868132007} : (31.8681318681320, 1.00000000000000)
{X_0_0 -> 1.0, t -> 31.968031968032108} : (31.9680319680321, 1.00000000000000)
{X_0_0 -> 1.0, t -> 32.067932067932205} : (32.0679320679322, 1.00000000000000)
{X_0_0 -> 1.0, t -> 32.1678321678323} : (32.1678321678323, 1.00000000000000)
{X_0_0 -> 1.0, t -> 32.2677322677324} : (32.2677322677324, 1.00000000000000)
{X_0_0 -> 1.0, t -> 32.367632367632496} : (32.3676323676325, 1.00000000000000)
{X_0_0 -> 1.0, t -> 32.46753246753259} : (32.4675324675326, 1.00000000000000)
{X_0_0 -> 1.0, t -> 32.56743256743269} : (32.5674325674327, 1.00000000000000)
{X_0_0 -> 1.0, t -> 32.667332667332786} : (32.6673326673328, 1.00000000000000)
{X_0_0 -> 1.0, t -> 32.76723276723288} : (32.7672327672329, 1.00000000000000)
{X_0_0 -> 1.0, t -> 32.86713286713298} : (32.8671328671330, 1.00000000000000)
{X_0_0 -> 1.0, t -> 32.96703296703308} : (32.9670329670331, 1.00000000000000)
{X_0_0 -> 1.0, t -> 33.066933066933174} : (33.0669330669332, 1.00000000000000)
{X_0_0 -> 1.0, t -> 33.16683316683327} : (33.1668331668333, 1.00000000000000)
{X_0_0 -> 1.0, t -> 33.26673326673337} : (33.2667332667334, 1.00000000000000)
{X_0_0 -> 1.0, t -> 33.366633366633465} : (33.3666333666335, 1.00000000000000)
{X_0_0 -> 1.0, t -> 33.46653346653356} : (33.4665334665336, 1.00000000000000)
{X_0_0 -> 1.0, t -> 33.56643356643366} : (33.5664335664337, 1.00000000000000)
{X_0_0 -> 1.0, t -> 33.666333666333756} : (33.6663336663338, 1.00000000000000)
{X_0_0 -> 1.0, t -> 33.76623376623385} : (33.7662337662339, 1.00000000000000)
{X_0_0 -> 1.0, t -> 33.86613386613395} : (33.8661338661339, 1.00000000000000)
{X_0_0 -> 1.0, t -> 33.96603396603405} : (33.9660339660340, 1.00000000000000)
{X_0_0 -> 1.0, t -> 34.065934065934144} : (34.0659340659341, 1.00000000000000)
{X_0_0 -> 1.0, t -> 34.16583416583424} : (34.1658341658342, 1.00000000000000)
{X_0_0 -> 1.0, t -> 34.26573426573434} : (34.2657342657343, 1.00000000000000)
{X_0_0 -> 1.0, t -> 34.365634365634435} : (34.3656343656344, 1.00000000000000)
{X_0_0 -> 1.0, t -> 34.46553446553453} : (34.4655344655345, 1.00000000000000)
{X_0_0 -> 1.0, t -> 34.56543456543463} : (34.5654345654346, 1.00000000000000)
{X_0_0 -> 1.0, t -> 34.665334665334726} : (34.6653346653347, 1.00000000000000)
{X_0_0 -> 1.0, t -> 34.76523476523482} : (34.7652347652348, 1.00000000000000)
{X_0_0 -> 1.0, t -> 34.86513486513492} : (34.8651348651349, 1.00000000000000)
{X_0_0 -> 1.0, t -> 34.96503496503502} : (34.9650349650350, 1.00000000000000)
{X_0_0 -> 1.0, t -> 35.06493506493511} : (35.0649350649351, 1.00000000000000)
{X_0_0 -> 1.0, t -> 35.16483516483521} : (35.1648351648352, 1.00000000000000)
{X_0_0 -> 1.0, t -> 35.26473526473531} : (35.2647352647353, 1.00000000000000)
{X_0_0 -> 1.0, t -> 35.364635364635404} : (35.3646353646354, 1.00000000000000)
{X_0_0 -> 1.0, t -> 35.4645354645355} : (35.4645354645355, 1.00000000000000)
{X_0_0 -> 1.0, t -> 35.5644355644356} : (35.5644355644356, 1.00000000000000)
{X_0_0 -> 1.0, t -> 35.664335664335695} : (35.6643356643357, 1.00000000000000)
{X_0_0 -> 1.0, t -> 35.76423576423579} : (35.7642357642358, 1.00000000000000)
{X_0_0 -> 1.0, t -> 35.86413586413589} : (35.8641358641359, 1.00000000000000)
{X_0_0 -> 1.0, t -> 35.964035964035986} : (35.9640359640360, 1.00000000000000)
{X_0_0 -> 1.0, t -> 36.06393606393608} : (36.0639360639361, 1.00000000000000)
{X_0_0 -> 1.0, t -> 36.16383616383618} : (36.1638361638362, 1.00000000000000)
{X_0_0 -> 1.0, t -> 36.26373626373628} : (36.2637362637363, 1.00000000000000)
{X_0_0 -> 1.0, t -> 36.363636363636374} : (36.3636363636364, 1.00000000000000)
{X_0_0 -> 1.0, t -> 36.46353646353647} : (36.4635364635365, 1.00000000000000)
{X_0_0 -> 1.0, t -> 36.56343656343657} : (36.5634365634366, 1.00000000000000)
{X_0_0 -> 1.0, t -> 36.663336663336665} : (36.6633366633367, 1.00000000000000)
{X_0_0 -> 1.0, t -> 36.76323676323676} : (36.7632367632368, 1.00000000000000)
{X_0_0 -> 1.0, t -> 36.86313686313686} : (36.8631368631369, 1.00000000000000)
{X_0_0 -> 1.0, t -> 36.963036963036956} : (36.9630369630370, 1.00000000000000)
{X_0_0 -> 1.0, t -> 37.06293706293705} : (37.0629370629371, 1.00000000000000)
{X_0_0 -> 1.0, t -> 37.16283716283715} : (37.1628371628371, 1.00000000000000)
{X_0_0 -> 1.0, t -> 37.26273726273725} : (37.2627372627372, 1.00000000000000)
{X_0_0 -> 1.0, t -> 37.362637362637344} : (37.3626373626373, 1.00000000000000)
{X_0_0 -> 1.0, t -> 37.46253746253744} : (37.4625374625374, 1.00000000000000)
{X_0_0 -> 1.0, t -> 37.56243756243754} : (37.5624375624375, 1.00000000000000)
{X_0_0 -> 1.0, t -> 37.662337662337634} : (37.6623376623376, 1.00000000000000)
{X_0_0 -> 1.0, t -> 37.76223776223773} : (37.7622377622377, 1.00000000000000)
{X_0_0 -> 1.0, t -> 37.86213786213783} : (37.8621378621378, 1.00000000000000)
{X_0_0 -> 1.0, t -> 37.962037962037925} : (37.9620379620379, 1.00000000000000)
{X_0_0 -> 1.0, t -> 38.06193806193802} : (38.0619380619380, 1.00000000000000)
{X_0_0 -> 1.0, t -> 38.16183816183812} : (38.1618381618381, 1.00000000000000)
{X_0_0 -> 1.0, t -> 38.261738261738216} : (38.2617382617382, 1.00000000000000)
{X_0_0 -> 1.0, t -> 38.36163836163831} : (38.3616383616383, 1.00000000000000)
{X_0_0 -> 1.0, t -> 38.46153846153841} : (38.4615384615384, 1.00000000000000)
{X_0_0 -> 1.0, t -> 38.56143856143851} : (38.5614385614385, 1.00000000000000)
{X_0_0 -> 1.0, t -> 38.661338661338604} : (38.6613386613386, 1.00000000000000)
{X_0_0 -> 1.0, t -> 38.7612387612387} : (38.7612387612387, 1.00000000000000)
{X_0_0 -> 1.0, t -> 38.8611388611388} : (38.8611388611388, 1.00000000000000)
{X_0_0 -> 1.0, t -> 38.961038961038895} : (38.9610389610389, 1.00000000000000)
{X_0_0 -> 1.0, t -> 39.06093906093899} : (39.0609390609390, 1.00000000000000)
{X_0_0 -> 1.0, t -> 39.16083916083909} : (39.1608391608391, 1.00000000000000)
{X_0_0 -> 1.0, t -> 39.260739260739186} : (39.2607392607392, 1.00000000000000)
{X_0_0 -> 1.0, t -> 39.36063936063928} : (39.3606393606393, 1.00000000000000)
{X_0_0 -> 1.0, t -> 39.46053946053938} : (39.4605394605394, 1.00000000000000)
{X_0_0 -> 1.0, t -> 39.56043956043948} : (39.5604395604395, 1.00000000000000)
{X_0_0 -> 1.0, t -> 39.660339660339574} : (39.6603396603396, 1.00000000000000)
{X_0_0 -> 1.0, t -> 39.76023976023967} : (39.7602397602397, 1.00000000000000)
{X_0_0 -> 1.0, t -> 39.86013986013977} : (39.8601398601398, 1.00000000000000)
{X_0_0 -> 1.0, t -> 39.960039960039865} : (39.9600399600399, 1.00000000000000)
{X_0_0 -> 1.0, t -> 40.05994005993996} : (40.0599400599400, 1.00000000000000)
{X_0_0 -> 1.0, t -> 40.15984015984006} : (40.1598401598401, 1.00000000000000)
{X_0_0 -> 1.0, t -> 40.259740259740155} : (40.2597402597402, 1.00000000000000)
{X_0_0 -> 1.0, t -> 40.35964035964025} : (40.3596403596403, 1.00000000000000)
{X_0_0 -> 1.0, t -> 40.45954045954035} : (40.4595404595403, 1.00000000000000)
{X_0_0 -> 1.0, t -> 40.559440559440446} : (40.5594405594404, 1.00000000000000)
{X_0_0 -> 1.0, t -> 40.65934065934054} : (40.6593406593405, 1.00000000000000)
{X_0_0 -> 1.0, t -> 40.75924075924064} : (40.7592407592406, 1.00000000000000)
{X_0_0 -> 1.0, t -> 40.85914085914074} : (40.8591408591407, 1.00000000000000)
{X_0_0 -> 1.0, t -> 40.959040959040834} : (40.9590409590408, 1.00000000000000)
{X_0_0 -> 1.0, t -> 41.05894105894093} : (41.0589410589409, 1.00000000000000)
{X_0_0 -> 1.0, t -> 41.15884115884103} : (41.1588411588410, 1.00000000000000)
{X_0_0 -> 1.0, t -> 41.258741258741125} : (41.2587412587411, 1.00000000000000)
{X_0_0 -> 1.0, t -> 41.35864135864122} : (41.3586413586412, 1.00000000000000)
{X_0_0 -> 1.0, t -> 41.45854145854132} : (41.4585414585413, 1.00000000000000)
{X_0_0 -> 1.0, t -> 41.558441558441416} : (41.5584415584414, 1.00000000000000)
{X_0_0 -> 1.0, t -> 41.65834165834151} : (41.6583416583415, 1.00000000000000)
{X_0_0 -> 1.0, t -> 41.75824175824161} : (41.7582417582416, 1.00000000000000)
{X_0_0 -> 1.0, t -> 41.85814185814171} : (41.8581418581417, 1.00000000000000)
{X_0_0 -> 1.0, t -> 41.958041958041804} : (41.9580419580418, 1.00000000000000)
{X_0_0 -> 1.0, t -> 42.0579420579419} : (42.0579420579419, 1.00000000000000)
{X_0_0 -> 1.0, t -> 42.157842157842} : (42.1578421578420, 1.00000000000000)
{X_0_0 -> 1.0, t -> 42.257742257742095} : (42.2577422577421, 1.00000000000000)
{X_0_0 -> 1.0, t -> 42.35764235764219} : (42.3576423576422, 1.00000000000000)
{X_0_0 -> 1.0, t -> 42.45754245754229} : (42.4575424575423, 1.00000000000000)
{X_0_0 -> 1.0, t -> 42.557442557442386} : (42.5574425574424, 1.00000000000000)
{X_0_0 -> 1.0, t -> 42.65734265734248} : (42.6573426573425, 1.00000000000000)
{X_0_0 -> 1.0, t -> 42.75724275724258} : (42.7572427572426, 1.00000000000000)
{X_0_0 -> 1.0, t -> 42.85714285714268} : (42.8571428571427, 1.00000000000000)
{X_0_0 -> 1.0, t -> 42.95704295704277} : (42.9570429570428, 1.00000000000000)
{X_0_0 -> 1.0, t -> 43.05694305694287} : (43.0569430569429, 1.00000000000000)
{X_0_0 -> 1.0, t -> 43.15684315684297} : (43.1568431568430, 1.00000000000000)
{X_0_0 -> 1.0, t -> 43.256743256743064} : (43.2567432567431, 1.00000000000000)
{X_0_0 -> 1.0, t -> 43.35664335664316} : (43.3566433566432, 1.00000000000000)
{X_0_0 -> 1.0, t -> 43.45654345654326} : (43.4565434565433, 1.00000000000000)
{X_0_0 -> 1.0, t -> 43.556443556443355} : (43.5564435564434, 1.00000000000000)
{X_0_0 -> 1.0, t -> 43.65634365634345} : (43.6563436563435, 1.00000000000000)
{X_0_0 -> 1.0, t -> 43.75624375624355} : (43.7562437562435, 1.00000000000000)
{X_0_0 -> 1.0, t -> 43.856143856143646} : (43.8561438561436, 1.00000000000000)
{X_0_0 -> 1.0, t -> 43.95604395604374} : (43.9560439560437, 1.00000000000000)
{X_0_0 -> 1.0, t -> 44.05594405594384} : (44.0559440559438, 1.00000000000000)
{X_0_0 -> 1.0, t -> 44.15584415584394} : (44.1558441558439, 1.00000000000000)
{X_0_0 -> 1.0, t -> 44.255744255744034} : (44.2557442557440, 1.00000000000000)
{X_0_0 -> 1.0, t -> 44.35564435564413} : (44.3556443556441, 1.00000000000000)
{X_0_0 -> 1.0, t -> 44.45554445554423} : (44.4555444555442, 1.00000000000000)
{X_0_0 -> 1.0, t -> 44.555444555444325} : (44.5554445554443, 1.00000000000000)
{X_0_0 -> 1.0, t -> 44.65534465534442} : (44.6553446553444, 1.00000000000000)
{X_0_0 -> 1.0, t -> 44.75524475524452} : (44.7552447552445, 1.00000000000000)
{X_0_0 -> 1.0, t -> 44.855144855144616} : (44.8551448551446, 1.00000000000000)
{X_0_0 -> 1.0, t -> 44.95504495504471} : (44.9550449550447, 1.00000000000000)
{X_0_0 -> 1.0, t -> 45.05494505494481} : (45.0549450549448, 1.00000000000000)
{X_0_0 -> 1.0, t -> 45.15484515484491} : (45.1548451548449, 1.00000000000000)
{X_0_0 -> 1.0, t -> 45.254745254745} : (45.2547452547450, 1.00000000000000)
{X_0_0 -> 1.0, t -> 45.3546453546451} : (45.3546453546451, 1.00000000000000)
{X_0_0 -> 1.0, t -> 45.4545454545452} : (45.4545454545452, 1.00000000000000)
{X_0_0 -> 1.0, t -> 45.554445554445294} : (45.5544455544453, 1.00000000000000)
{X_0_0 -> 1.0, t -> 45.65434565434539} : (45.6543456543454, 1.00000000000000)
{X_0_0 -> 1.0, t -> 45.75424575424549} : (45.7542457542455, 1.00000000000000)
{X_0_0 -> 1.0, t -> 45.854145854145585} : (45.8541458541456, 1.00000000000000)
{X_0_0 -> 1.0, t -> 45.95404595404568} : (45.9540459540457, 1.00000000000000)
{X_0_0 -> 1.0, t -> 46.05394605394578} : (46.0539460539458, 1.00000000000000)
{X_0_0 -> 1.0, t -> 46.153846153845876} : (46.1538461538459, 1.00000000000000)
{X_0_0 -> 1.0, t -> 46.25374625374597} : (46.2537462537460, 1.00000000000000)
{X_0_0 -> 1.0, t -> 46.35364635364607} : (46.3536463536461, 1.00000000000000)
{X_0_0 -> 1.0, t -> 46.45354645354617} : (46.4535464535462, 1.00000000000000)
{X_0_0 -> 1.0, t -> 46.553446553446264} : (46.5534465534463, 1.00000000000000)
{X_0_0 -> 1.0, t -> 46.65334665334636} : (46.6533466533464, 1.00000000000000)
{X_0_0 -> 1.0, t -> 46.75324675324646} : (46.7532467532465, 1.00000000000000)
{X_0_0 -> 1.0, t -> 46.853146853146555} : (46.8531468531466, 1.00000000000000)
{X_0_0 -> 1.0, t -> 46.95304695304665} : (46.9530469530467, 1.00000000000000)
{X_0_0 -> 1.0, t -> 47.05294705294675} : (47.0529470529467, 1.00000000000000)
{X_0_0 -> 1.0, t -> 47.152847152846846} : (47.1528471528468, 1.00000000000000)
{X_0_0 -> 1.0, t -> 47.25274725274694} : (47.2527472527469, 1.00000000000000)
{X_0_0 -> 1.0, t -> 47.35264735264704} : (47.3526473526470, 1.00000000000000)
{X_0_0 -> 1.0, t -> 47.45254745254714} : (47.4525474525471, 1.00000000000000)
{X_0_0 -> 1.0, t -> 47.552447552447234} : (47.5524475524472, 1.00000000000000)
{X_0_0 -> 1.0, t -> 47.65234765234733} : (47.6523476523473, 1.00000000000000)
{X_0_0 -> 1.0, t -> 47.75224775224743} : (47.7522477522474, 1.00000000000000)
{X_0_0 -> 1.0, t -> 47.852147852147525} : (47.8521478521475, 1.00000000000000)
{X_0_0 -> 1.0, t -> 47.95204795204762} : (47.9520479520476, 1.00000000000000)
{X_0_0 -> 1.0, t -> 48.05194805194772} : (48.0519480519477, 1.00000000000000)
{X_0_0 -> 1.0, t -> 48.151848151847815} : (48.1518481518478, 1.00000000000000)
{X_0_0 -> 1.0, t -> 48.25174825174791} : (48.2517482517479, 1.00000000000000)
{X_0_0 -> 1.0, t -> 48.35164835164801} : (48.3516483516480, 1.00000000000000)
{X_0_0 -> 1.0, t -> 48.451548451548106} : (48.4515484515481, 1.00000000000000)
{X_0_0 -> 1.0, t -> 48.5514485514482} : (48.5514485514482, 1.00000000000000)
{X_0_0 -> 1.0, t -> 48.6513486513483} : (48.6513486513483, 1.00000000000000)
{X_0_0 -> 1.0, t -> 48.7512487512484} : (48.7512487512484, 1.00000000000000)
{X_0_0 -> 1.0, t -> 48.851148851148494} : (48.8511488511485, 1.00000000000000)
{X_0_0 -> 1.0, t -> 48.95104895104859} : (48.9510489510486, 1.00000000000000)
{X_0_0 -> 1.0, t -> 49.05094905094869} : (49.0509490509487, 1.00000000000000)
{X_0_0 -> 1.0, t -> 49.150849150848785} : (49.1508491508488, 1.00000000000000)
{X_0_0 -> 1.0, t -> 49.25074925074888} : (49.2507492507489, 1.00000000000000)
{X_0_0 -> 1.0, t -> 49.35064935064898} : (49.3506493506490, 1.00000000000000)
{X_0_0 -> 1.0, t -> 49.450549450549076} : (49.4505494505491, 1.00000000000000)
{X_0_0 -> 1.0, t -> 49.55044955044917} : (49.5504495504492, 1.00000000000000)
{X_0_0 -> 1.0, t -> 49.65034965034927} : (49.6503496503493, 1.00000000000000)
{X_0_0 -> 1.0, t -> 49.75024975024937} : (49.7502497502494, 1.00000000000000)
{X_0_0 -> 1.0, t -> 49.850149850149464} : (49.8501498501495, 1.00000000000000)
{X_0_0 -> 1.0, t -> 49.95004995004956} : (49.9500499500496, 1.00000000000000)
{X_0_0 -> 1.0, t -> 50.04995004994966} : (50.0499500499497, 1.00000000000000)
{X_0_0 -> 1.0, t -> 50.149850149849755} : (50.1498501498498, 1.00000000000000)
{X_0_0 -> 1.0, t -> 50.24975024974985} : (50.2497502497499, 1.00000000000000)
{X_0_0 -> 1.0, t -> 50.34965034964995} : (50.3496503496499, 1.00000000000000)
{X_0_0 -> 1.0, t -> 50.449550449550046} : (50.4495504495500, 1.00000000000000)
{X_0_0 -> 1.0, t -> 50.54945054945014} : (50.5494505494501, 1.00000000000000)
{X_0_0 -> 1.0, t -> 50.64935064935024} : (50.6493506493502, 1.00000000000000)
{X_0_0 -> 1.0, t -> 50.749250749250336} : (50.7492507492503, 1.00000000000000)
{X_0_0 -> 1.0, t -> 50.84915084915043} : (50.8491508491504, 1.00000000000000)
{X_0_0 -> 1.0, t -> 50.94905094905053} : (50.9490509490505, 1.00000000000000)
{X_0_0 -> 1.0, t -> 51.04895104895063} : (51.0489510489506, 1.00000000000000)
{X_0_0 -> 1.0, t -> 51.148851148850724} : (51.1488511488507, 1.00000000000000)
{X_0_0 -> 1.0, t -> 51.24875124875082} : (51.2487512487508, 1.00000000000000)
{X_0_0 -> 1.0, t -> 51.34865134865092} : (51.3486513486509, 1.00000000000000)
{X_0_0 -> 1.0, t -> 51.448551448551015} : (51.4485514485510, 1.00000000000000)
{X_0_0 -> 1.0, t -> 51.54845154845111} : (51.5484515484511, 1.00000000000000)
{X_0_0 -> 1.0, t -> 51.64835164835121} : (51.6483516483512, 1.00000000000000)
{X_0_0 -> 1.0, t -> 51.748251748251306} : (51.7482517482513, 1.00000000000000)
{X_0_0 -> 1.0, t -> 51.8481518481514} : (51.8481518481514, 1.00000000000000)
{X_0_0 -> 1.0, t -> 51.9480519480515} : (51.9480519480515, 1.00000000000000)
{X_0_0 -> 1.0, t -> 52.0479520479516} : (52.0479520479516, 1.00000000000000)
{X_0_0 -> 1.0, t -> 52.147852147851694} : (52.1478521478517, 1.00000000000000)
{X_0_0 -> 1.0, t -> 52.24775224775179} : (52.2477522477518, 1.00000000000000)
{X_0_0 -> 1.0, t -> 52.34765234765189} : (52.3476523476519, 1.00000000000000)
{X_0_0 -> 1.0, t -> 52.447552447551985} : (52.4475524475520, 1.00000000000000)
{X_0_0 -> 1.0, t -> 52.54745254745208} : (52.5474525474521, 1.00000000000000)
{X_0_0 -> 1.0, t -> 52.64735264735218} : (52.6473526473522, 1.00000000000000)
{X_0_0 -> 1.0, t -> 52.747252747252276} : (52.7472527472523, 1.00000000000000)
{X_0_0 -> 1.0, t -> 52.84715284715237} : (52.8471528471524, 1.00000000000000)
{X_0_0 -> 1.0, t -> 52.94705294705247} : (52.9470529470525, 1.00000000000000)
{X_0_0 -> 1.0, t -> 53.04695304695257} : (53.0469530469526, 1.00000000000000)
{X_0_0 -> 1.0, t -> 53.14685314685266} : (53.1468531468527, 1.00000000000000)
{X_0_0 -> 1.0, t -> 53.24675324675276} : (53.2467532467528, 1.00000000000000)
{X_0_0 -> 1.0, t -> 53.34665334665286} : (53.3466533466529, 1.00000000000000)
{X_0_0 -> 1.0, t -> 53.446553446552954} : (53.4465534465530, 1.00000000000000)
{X_0_0 -> 1.0, t -> 53.54645354645305} : (53.5464535464531, 1.00000000000000)
{X_0_0 -> 1.0, t -> 53.64635364635315} : (53.6463536463531, 1.00000000000000)
{X_0_0 -> 1.0, t -> 53.746253746253245} : (53.7462537462532, 1.00000000000000)
{X_0_0 -> 1.0, t -> 53.84615384615334} : (53.8461538461533, 1.00000000000000)
{X_0_0 -> 1.0, t -> 53.94605394605344} : (53.9460539460534, 1.00000000000000)
{X_0_0 -> 1.0, t -> 54.045954045953536} : (54.0459540459535, 1.00000000000000)
{X_0_0 -> 1.0, t -> 54.14585414585363} : (54.1458541458536, 1.00000000000000)
{X_0_0 -> 1.0, t -> 54.24575424575373} : (54.2457542457537, 1.00000000000000)
{X_0_0 -> 1.0, t -> 54.34565434565383} : (54.3456543456538, 1.00000000000000)
{X_0_0 -> 1.0, t -> 54.445554445553924} : (54.4455544455539, 1.00000000000000)
{X_0_0 -> 1.0, t -> 54.54545454545402} : (54.5454545454540, 1.00000000000000)
{X_0_0 -> 1.0, t -> 54.64535464535412} : (54.6453546453541, 1.00000000000000)
{X_0_0 -> 1.0, t -> 54.745254745254215} : (54.7452547452542, 1.00000000000000)
{X_0_0 -> 1.0, t -> 54.84515484515431} : (54.8451548451543, 1.00000000000000)
{X_0_0 -> 1.0, t -> 54.94505494505441} : (54.9450549450544, 1.00000000000000)
{X_0_0 -> 1.0, t -> 55.044955044954506} : (55.0449550449545, 1.00000000000000)
{X_0_0 -> 1.0, t -> 55.1448551448546} : (55.1448551448546, 1.00000000000000)
{X_0_0 -> 1.0, t -> 55.2447552447547} : (55.2447552447547, 1.00000000000000)
{X_0_0 -> 1.0, t -> 55.3446553446548} : (55.3446553446548, 1.00000000000000)
{X_0_0 -> 1.0, t -> 55.444555444554894} : (55.4445554445549, 1.00000000000000)
{X_0_0 -> 1.0, t -> 55.54445554445499} : (55.5444555444550, 1.00000000000000)
{X_0_0 -> 1.0, t -> 55.64435564435509} : (55.6443556443551, 1.00000000000000)
{X_0_0 -> 1.0, t -> 55.744255744255184} : (55.7442557442552, 1.00000000000000)
{X_0_0 -> 1.0, t -> 55.84415584415528} : (55.8441558441553, 1.00000000000000)
{X_0_0 -> 1.0, t -> 55.94405594405538} : (55.9440559440554, 1.00000000000000)
{X_0_0 -> 1.0, t -> 56.043956043955475} : (56.0439560439555, 1.00000000000000)
{X_0_0 -> 1.0, t -> 56.14385614385557} : (56.1438561438556, 1.00000000000000)
{X_0_0 -> 1.0, t -> 56.24375624375567} : (56.2437562437557, 1.00000000000000)
{X_0_0 -> 1.0, t -> 56.343656343655766} : (56.3436563436558, 1.00000000000000)
{X_0_0 -> 1.0, t -> 56.44355644355586} : (56.4435564435559, 1.00000000000000)
{X_0_0 -> 1.0, t -> 56.54345654345596} : (56.5434565434560, 1.00000000000000)
{X_0_0 -> 1.0, t -> 56.64335664335606} : (56.6433566433561, 1.00000000000000)
{X_0_0 -> 1.0, t -> 56.743256743256154} : (56.7432567432562, 1.00000000000000)
{X_0_0 -> 1.0, t -> 56.84315684315625} : (56.8431568431563, 1.00000000000000)
{X_0_0 -> 1.0, t -> 56.94305694305635} : (56.9430569430563, 1.00000000000000)
{X_0_0 -> 1.0, t -> 57.042957042956445} : (57.0429570429564, 1.00000000000000)
{X_0_0 -> 1.0, t -> 57.14285714285654} : (57.1428571428565, 1.00000000000000)
{X_0_0 -> 1.0, t -> 57.24275724275664} : (57.2427572427566, 1.00000000000000)
{X_0_0 -> 1.0, t -> 57.342657342656736} : (57.3426573426567, 1.00000000000000)
{X_0_0 -> 1.0, t -> 57.44255744255683} : (57.4425574425568, 1.00000000000000)
{X_0_0 -> 1.0, t -> 57.54245754245693} : (57.5424575424569, 1.00000000000000)
{X_0_0 -> 1.0, t -> 57.64235764235703} : (57.6423576423570, 1.00000000000000)
{X_0_0 -> 1.0, t -> 57.742257742257124} : (57.7422577422571, 1.00000000000000)
{X_0_0 -> 1.0, t -> 57.84215784215722} : (57.8421578421572, 1.00000000000000)
{X_0_0 -> 1.0, t -> 57.94205794205732} : (57.9420579420573, 1.00000000000000)
{X_0_0 -> 1.0, t -> 58.041958041957415} : (58.0419580419574, 1.00000000000000)
{X_0_0 -> 1.0, t -> 58.14185814185751} : (58.1418581418575, 1.00000000000000)
{X_0_0 -> 1.0, t -> 58.24175824175761} : (58.2417582417576, 1.00000000000000)
{X_0_0 -> 1.0, t -> 58.341658341657705} : (58.3416583416577, 1.00000000000000)
{X_0_0 -> 1.0, t -> 58.4415584415578} : (58.4415584415578, 1.00000000000000)
{X_0_0 -> 1.0, t -> 58.5414585414579} : (58.5414585414579, 1.00000000000000)
{X_0_0 -> 1.0, t -> 58.641358641357996} : (58.6413586413580, 1.00000000000000)
{X_0_0 -> 1.0, t -> 58.74125874125809} : (58.7412587412581, 1.00000000000000)
{X_0_0 -> 1.0, t -> 58.84115884115819} : (58.8411588411582, 1.00000000000000)
{X_0_0 -> 1.0, t -> 58.94105894105829} : (58.9410589410583, 1.00000000000000)
{X_0_0 -> 1.0, t -> 59.040959040958384} : (59.0409590409584, 1.00000000000000)
{X_0_0 -> 1.0, t -> 59.14085914085848} : (59.1408591408585, 1.00000000000000)
{X_0_0 -> 1.0, t -> 59.24075924075858} : (59.2407592407586, 1.00000000000000)
{X_0_0 -> 1.0, t -> 59.340659340658675} : (59.3406593406587, 1.00000000000000)
{X_0_0 -> 1.0, t -> 59.44055944055877} : (59.4405594405588, 1.00000000000000)
{X_0_0 -> 1.0, t -> 59.54045954045887} : (59.5404595404589, 1.00000000000000)
{X_0_0 -> 1.0, t -> 59.640359640358966} : (59.6403596403590, 1.00000000000000)
{X_0_0 -> 1.0, t -> 59.74025974025906} : (59.7402597402591, 1.00000000000000)
{X_0_0 -> 1.0, t -> 59.84015984015916} : (59.8401598401592, 1.00000000000000)
{X_0_0 -> 1.0, t -> 59.94005994005926} : (59.9400599400593, 1.00000000000000)
{X_0_0 -> 1.0, t -> 60.039960039959354} : (60.0399600399594, 1.00000000000000)
{X_0_0 -> 1.0, t -> 60.13986013985945} : (60.1398601398595, 1.00000000000000)
{X_0_0 -> 1.0, t -> 60.23976023975955} : (60.2397602397595, 1.00000000000000)
{X_0_0 -> 1.0, t -> 60.339660339659645} : (60.3396603396596, 1.00000000000000)
{X_0_0 -> 1.0, t -> 60.43956043955974} : (60.4395604395597, 1.00000000000000)
{X_0_0 -> 1.0, t -> 60.53946053945984} : (60.5394605394598, 1.00000000000000)
{X_0_0 -> 1.0, t -> 60.639360639359936} : (60.6393606393599, 1.00000000000000)
{X_0_0 -> 1.0, t -> 60.73926073926003} : (60.7392607392600, 1.00000000000000)
{X_0_0 -> 1.0, t -> 60.83916083916013} : (60.8391608391601, 1.00000000000000)
{X_0_0 -> 1.0, t -> 60.93906093906023} : (60.9390609390602, 1.00000000000000)
{X_0_0 -> 1.0, t -> 61.03896103896032} : (61.0389610389603, 1.00000000000000)
{X_0_0 -> 1.0, t -> 61.13886113886042} : (61.1388611388604, 1.00000000000000)
{X_0_0 -> 1.0, t -> 61.23876123876052} : (61.2387612387605, 1.00000000000000)
{X_0_0 -> 1.0, t -> 61.338661338660614} : (61.3386613386606, 1.00000000000000)
{X_0_0 -> 1.0, t -> 61.43856143856071} : (61.4385614385607, 1.00000000000000)
{X_0_0 -> 1.0, t -> 61.53846153846081} : (61.5384615384608, 1.00000000000000)
{X_0_0 -> 1.0, t -> 61.638361638360905} : (61.6383616383609, 1.00000000000000)
{X_0_0 -> 1.0, t -> 61.738261738261} : (61.7382617382610, 1.00000000000000)
{X_0_0 -> 1.0, t -> 61.8381618381611} : (61.8381618381611, 1.00000000000000)
{X_0_0 -> 1.0, t -> 61.938061938061196} : (61.9380619380612, 1.00000000000000)
{X_0_0 -> 1.0, t -> 62.03796203796129} : (62.0379620379613, 1.00000000000000)
{X_0_0 -> 1.0, t -> 62.13786213786139} : (62.1378621378614, 1.00000000000000)
{X_0_0 -> 1.0, t -> 62.23776223776149} : (62.2377622377615, 1.00000000000000)
{X_0_0 -> 1.0, t -> 62.337662337661584} : (62.3376623376616, 1.00000000000000)
{X_0_0 -> 1.0, t -> 62.43756243756168} : (62.4375624375617, 1.00000000000000)
{X_0_0 -> 1.0, t -> 62.53746253746178} : (62.5374625374618, 1.00000000000000)
{X_0_0 -> 1.0, t -> 62.637362637361875} : (62.6373626373619, 1.00000000000000)
{X_0_0 -> 1.0, t -> 62.73726273726197} : (62.7372627372620, 1.00000000000000)
{X_0_0 -> 1.0, t -> 62.83716283716207} : (62.8371628371621, 1.00000000000000)
{X_0_0 -> 1.0, t -> 62.937062937062166} : (62.9370629370622, 1.00000000000000)
{X_0_0 -> 1.0, t -> 63.03696303696226} : (63.0369630369623, 1.00000000000000)
{X_0_0 -> 1.0, t -> 63.13686313686236} : (63.1368631368624, 1.00000000000000)
{X_0_0 -> 1.0, t -> 63.23676323676246} : (63.2367632367625, 1.00000000000000)
{X_0_0 -> 1.0, t -> 63.33666333666255} : (63.3366633366626, 1.00000000000000)
{X_0_0 -> 1.0, t -> 63.43656343656265} : (63.4365634365627, 1.00000000000000)
{X_0_0 -> 1.0, t -> 63.53646353646275} : (63.5364635364627, 1.00000000000000)
{X_0_0 -> 1.0, t -> 63.636363636362844} : (63.6363636363628, 1.00000000000000)
{X_0_0 -> 1.0, t -> 63.73626373626294} : (63.7362637362629, 1.00000000000000)
{X_0_0 -> 1.0, t -> 63.83616383616304} : (63.8361638361630, 1.00000000000000)
{X_0_0 -> 1.0, t -> 63.936063936063135} : (63.9360639360631, 1.00000000000000)
{X_0_0 -> 1.0, t -> 64.03596403596323} : (64.0359640359632, 1.00000000000000)
{X_0_0 -> 1.0, t -> 64.13586413586333} : (64.1358641358633, 1.00000000000000)
{X_0_0 -> 1.0, t -> 64.23576423576343} : (64.2357642357634, 1.00000000000000)
{X_0_0 -> 1.0, t -> 64.33566433566352} : (64.3356643356635, 1.00000000000000)
{X_0_0 -> 1.0, t -> 64.43556443556362} : (64.4355644355636, 1.00000000000000)
{X_0_0 -> 1.0, t -> 64.53546453546372} : (64.5354645354637, 1.00000000000000)
{X_0_0 -> 1.0, t -> 64.63536463536381} : (64.6353646353638, 1.00000000000000)
{X_0_0 -> 1.0, t -> 64.73526473526391} : (64.7352647352639, 1.00000000000000)
{X_0_0 -> 1.0, t -> 64.83516483516401} : (64.8351648351640, 1.00000000000000)
{X_0_0 -> 1.0, t -> 64.9350649350641} : (64.9350649350641, 1.00000000000000)
{X_0_0 -> 1.0, t -> 65.0349650349642} : (65.0349650349642, 1.00000000000000)
{X_0_0 -> 1.0, t -> 65.1348651348643} : (65.1348651348643, 1.00000000000000)
{X_0_0 -> 1.0, t -> 65.2347652347644} : (65.2347652347644, 1.00000000000000)
{X_0_0 -> 1.0, t -> 65.33466533466449} : (65.3346653346645, 1.00000000000000)
{X_0_0 -> 1.0, t -> 65.43456543456459} : (65.4345654345646, 1.00000000000000)
{X_0_0 -> 1.0, t -> 65.53446553446469} : (65.5344655344647, 1.00000000000000)
{X_0_0 -> 1.0, t -> 65.63436563436478} : (65.6343656343648, 1.00000000000000)
{X_0_0 -> 1.0, t -> 65.73426573426488} : (65.7342657342649, 1.00000000000000)
{X_0_0 -> 1.0, t -> 65.83416583416498} : (65.8341658341650, 1.00000000000000)
{X_0_0 -> 1.0, t -> 65.93406593406507} : (65.9340659340651, 1.00000000000000)
{X_0_0 -> 1.0, t -> 66.03396603396517} : (66.0339660339652, 1.00000000000000)
{X_0_0 -> 1.0, t -> 66.13386613386527} : (66.1338661338653, 1.00000000000000)
{X_0_0 -> 1.0, t -> 66.23376623376537} : (66.2337662337654, 1.00000000000000)
{X_0_0 -> 1.0, t -> 66.33366633366546} : (66.3336663336655, 1.00000000000000)
{X_0_0 -> 1.0, t -> 66.43356643356556} : (66.4335664335656, 1.00000000000000)
{X_0_0 -> 1.0, t -> 66.53346653346566} : (66.5334665334657, 1.00000000000000)
{X_0_0 -> 1.0, t -> 66.63336663336575} : (66.6333666333658, 1.00000000000000)
{X_0_0 -> 1.0, t -> 66.73326673326585} : (66.7332667332659, 1.00000000000000)
{X_0_0 -> 1.0, t -> 66.83316683316595} : (66.8331668331659, 1.00000000000000)
{X_0_0 -> 1.0, t -> 66.93306693306604} : (66.9330669330660, 1.00000000000000)
{X_0_0 -> 1.0, t -> 67.03296703296614} : (67.0329670329661, 1.00000000000000)
{X_0_0 -> 1.0, t -> 67.13286713286624} : (67.1328671328662, 1.00000000000000)
{X_0_0 -> 1.0, t -> 67.23276723276634} : (67.2327672327663, 1.00000000000000)
{X_0_0 -> 1.0, t -> 67.33266733266643} : (67.3326673326664, 1.00000000000000)
{X_0_0 -> 1.0, t -> 67.43256743256653} : (67.4325674325665, 1.00000000000000)
{X_0_0 -> 1.0, t -> 67.53246753246663} : (67.5324675324666, 1.00000000000000)
{X_0_0 -> 1.0, t -> 67.63236763236672} : (67.6323676323667, 1.00000000000000)
{X_0_0 -> 1.0, t -> 67.73226773226682} : (67.7322677322668, 1.00000000000000)
{X_0_0 -> 1.0, t -> 67.83216783216692} : (67.8321678321669, 1.00000000000000)
{X_0_0 -> 1.0, t -> 67.93206793206701} : (67.9320679320670, 1.00000000000000)
{X_0_0 -> 1.0, t -> 68.03196803196711} : (68.0319680319671, 1.00000000000000)
{X_0_0 -> 1.0, t -> 68.13186813186721} : (68.1318681318672, 1.00000000000000)
{X_0_0 -> 1.0, t -> 68.2317682317673} : (68.2317682317673, 1.00000000000000)
{X_0_0 -> 1.0, t -> 68.3316683316674} : (68.3316683316674, 1.00000000000000)
{X_0_0 -> 1.0, t -> 68.4315684315675} : (68.4315684315675, 1.00000000000000)
{X_0_0 -> 1.0, t -> 68.5314685314676} : (68.5314685314676, 1.00000000000000)
{X_0_0 -> 1.0, t -> 68.63136863136769} : (68.6313686313677, 1.00000000000000)
{X_0_0 -> 1.0, t -> 68.73126873126779} : (68.7312687312678, 1.00000000000000)
{X_0_0 -> 1.0, t -> 68.83116883116789} : (68.8311688311679, 1.00000000000000)
{X_0_0 -> 1.0, t -> 68.93106893106798} : (68.9310689310680, 1.00000000000000)
{X_0_0 -> 1.0, t -> 69.03096903096808} : (69.0309690309681, 1.00000000000000)
{X_0_0 -> 1.0, t -> 69.13086913086818} : (69.1308691308682, 1.00000000000000)
{X_0_0 -> 1.0, t -> 69.23076923076827} : (69.2307692307683, 1.00000000000000)
{X_0_0 -> 1.0, t -> 69.33066933066837} : (69.3306693306684, 1.00000000000000)
{X_0_0 -> 1.0, t -> 69.43056943056847} : (69.4305694305685, 1.00000000000000)
{X_0_0 -> 1.0, t -> 69.53046953046857} : (69.5304695304686, 1.00000000000000)
{X_0_0 -> 1.0, t -> 69.63036963036866} : (69.6303696303687, 1.00000000000000)
{X_0_0 -> 1.0, t -> 69.73026973026876} : (69.7302697302688, 1.00000000000000)
{X_0_0 -> 1.0, t -> 69.83016983016886} : (69.8301698301689, 1.00000000000000)
{X_0_0 -> 1.0, t -> 69.93006993006895} : (69.9300699300690, 1.00000000000000)
{X_0_0 -> 1.0, t -> 70.02997002996905} : (70.0299700299690, 1.00000000000000)
{X_0_0 -> 1.0, t -> 70.12987012986915} : (70.1298701298691, 1.00000000000000)
{X_0_0 -> 1.0, t -> 70.22977022976924} : (70.2297702297692, 1.00000000000000)
{X_0_0 -> 1.0, t -> 70.32967032966934} : (70.3296703296693, 1.00000000000000)
{X_0_0 -> 1.0, t -> 70.42957042956944} : (70.4295704295694, 1.00000000000000)
{X_0_0 -> 1.0, t -> 70.52947052946953} : (70.5294705294695, 1.00000000000000)
{X_0_0 -> 1.0, t -> 70.62937062936963} : (70.6293706293696, 1.00000000000000)
{X_0_0 -> 1.0, t -> 70.72927072926973} : (70.7292707292697, 1.00000000000000)
{X_0_0 -> 1.0, t -> 70.82917082916983} : (70.8291708291698, 1.00000000000000)
{X_0_0 -> 1.0, t -> 70.92907092906992} : (70.9290709290699, 1.00000000000000)
{X_0_0 -> 1.0, t -> 71.02897102897002} : (71.0289710289700, 1.00000000000000)
{X_0_0 -> 1.0, t -> 71.12887112887012} : (71.1288711288701, 1.00000000000000)
{X_0_0 -> 1.0, t -> 71.22877122877021} : (71.2287712287702, 1.00000000000000)
{X_0_0 -> 1.0, t -> 71.32867132867031} : (71.3286713286703, 1.00000000000000)
{X_0_0 -> 1.0, t -> 71.42857142857041} : (71.4285714285704, 1.00000000000000)
{X_0_0 -> 1.0, t -> 71.5284715284705} : (71.5284715284705, 1.00000000000000)
{X_0_0 -> 1.0, t -> 71.6283716283706} : (71.6283716283706, 1.00000000000000)
{X_0_0 -> 1.0, t -> 71.7282717282707} : (71.7282717282707, 1.00000000000000)
{X_0_0 -> 1.0, t -> 71.8281718281708} : (71.8281718281708, 1.00000000000000)
{X_0_0 -> 1.0, t -> 71.92807192807089} : (71.9280719280709, 1.00000000000000)
{X_0_0 -> 1.0, t -> 72.02797202797099} : (72.0279720279710, 1.00000000000000)
{X_0_0 -> 1.0, t -> 72.12787212787109} : (72.1278721278711, 1.00000000000000)
{X_0_0 -> 1.0, t -> 72.22777222777118} : (72.2277722277712, 1.00000000000000)
{X_0_0 -> 1.0, t -> 72.32767232767128} : (72.3276723276713, 1.00000000000000)
{X_0_0 -> 1.0, t -> 72.42757242757138} : (72.4275724275714, 1.00000000000000)
{X_0_0 -> 1.0, t -> 72.52747252747147} : (72.5274725274715, 1.00000000000000)
{X_0_0 -> 1.0, t -> 72.62737262737157} : (72.6273726273716, 1.00000000000000)
{X_0_0 -> 1.0, t -> 72.72727272727167} : (72.7272727272717, 1.00000000000000)
{X_0_0 -> 1.0, t -> 72.82717282717176} : (72.8271728271718, 1.00000000000000)
{X_0_0 -> 1.0, t -> 72.92707292707186} : (72.9270729270719, 1.00000000000000)
{X_0_0 -> 1.0, t -> 73.02697302697196} : (73.0269730269720, 1.00000000000000)
{X_0_0 -> 1.0, t -> 73.12687312687206} : (73.1268731268721, 1.00000000000000)
{X_0_0 -> 1.0, t -> 73.22677322677215} : (73.2267732267722, 1.00000000000000)
{X_0_0 -> 1.0, t -> 73.32667332667225} : (73.3266733266722, 1.00000000000000)
{X_0_0 -> 1.0, t -> 73.42657342657235} : (73.4265734265723, 1.00000000000000)
{X_0_0 -> 1.0, t -> 73.52647352647244} : (73.5264735264724, 1.00000000000000)
{X_0_0 -> 1.0, t -> 73.62637362637254} : (73.6263736263725, 1.00000000000000)
{X_0_0 -> 1.0, t -> 73.72627372627264} : (73.7262737262726, 1.00000000000000)
{X_0_0 -> 1.0, t -> 73.82617382617273} : (73.8261738261727, 1.00000000000000)
{X_0_0 -> 1.0, t -> 73.92607392607283} : (73.9260739260728, 1.00000000000000)
{X_0_0 -> 1.0, t -> 74.02597402597293} : (74.0259740259729, 1.00000000000000)
{X_0_0 -> 1.0, t -> 74.12587412587303} : (74.1258741258730, 1.00000000000000)
{X_0_0 -> 1.0, t -> 74.22577422577312} : (74.2257742257731, 1.00000000000000)
{X_0_0 -> 1.0, t -> 74.32567432567322} : (74.3256743256732, 1.00000000000000)
{X_0_0 -> 1.0, t -> 74.42557442557332} : (74.4255744255733, 1.00000000000000)
{X_0_0 -> 1.0, t -> 74.52547452547341} : (74.5254745254734, 1.00000000000000)
{X_0_0 -> 1.0, t -> 74.62537462537351} : (74.6253746253735, 1.00000000000000)
{X_0_0 -> 1.0, t -> 74.72527472527361} : (74.7252747252736, 1.00000000000000)
{X_0_0 -> 1.0, t -> 74.8251748251737} : (74.8251748251737, 1.00000000000000)
{X_0_0 -> 1.0, t -> 74.9250749250738} : (74.9250749250738, 1.00000000000000)
{X_0_0 -> 1.0, t -> 75.0249750249739} : (75.0249750249739, 1.00000000000000)
{X_0_0 -> 1.0, t -> 75.124875124874} : (75.1248751248740, 1.00000000000000)
{X_0_0 -> 1.0, t -> 75.22477522477409} : (75.2247752247741, 1.00000000000000)
{X_0_0 -> 1.0, t -> 75.32467532467419} : (75.3246753246742, 1.00000000000000)
{X_0_0 -> 1.0, t -> 75.42457542457429} : (75.4245754245743, 1.00000000000000)
{X_0_0 -> 1.0, t -> 75.52447552447438} : (75.5244755244744, 1.00000000000000)
{X_0_0 -> 1.0, t -> 75.62437562437448} : (75.6243756243745, 1.00000000000000)
{X_0_0 -> 1.0, t -> 75.72427572427458} : (75.7242757242746, 1.00000000000000)
{X_0_0 -> 1.0, t -> 75.82417582417467} : (75.8241758241747, 1.00000000000000)
{X_0_0 -> 1.0, t -> 75.92407592407477} : (75.9240759240748, 1.00000000000000)
{X_0_0 -> 1.0, t -> 76.02397602397487} : (76.0239760239749, 1.00000000000000)
{X_0_0 -> 1.0, t -> 76.12387612387496} : (76.1238761238750, 1.00000000000000)
{X_0_0 -> 1.0, t -> 76.22377622377506} : (76.2237762237751, 1.00000000000000)
{X_0_0 -> 1.0, t -> 76.32367632367516} : (76.3236763236752, 1.00000000000000)
{X_0_0 -> 1.0, t -> 76.42357642357526} : (76.4235764235753, 1.00000000000000)
{X_0_0 -> 1.0, t -> 76.52347652347535} : (76.5234765234754, 1.00000000000000)
{X_0_0 -> 1.0, t -> 76.62337662337545} : (76.6233766233754, 1.00000000000000)
{X_0_0 -> 1.0, t -> 76.72327672327555} : (76.7232767232755, 1.00000000000000)
{X_0_0 -> 1.0, t -> 76.82317682317564} : (76.8231768231756, 1.00000000000000)
{X_0_0 -> 1.0, t -> 76.92307692307574} : (76.9230769230757, 1.00000000000000)
{X_0_0 -> 1.0, t -> 77.02297702297584} : (77.0229770229758, 1.00000000000000)
{X_0_0 -> 1.0, t -> 77.12287712287593} : (77.1228771228759, 1.00000000000000)
{X_0_0 -> 1.0, t -> 77.22277722277603} : (77.2227772227760, 1.00000000000000)
{X_0_0 -> 1.0, t -> 77.32267732267613} : (77.3226773226761, 1.00000000000000)
{X_0_0 -> 1.0, t -> 77.42257742257623} : (77.4225774225762, 1.00000000000000)
{X_0_0 -> 1.0, t -> 77.52247752247632} : (77.5224775224763, 1.00000000000000)
{X_0_0 -> 1.0, t -> 77.62237762237642} : (77.6223776223764, 1.00000000000000)
{X_0_0 -> 1.0, t -> 77.72227772227652} : (77.7222777222765, 1.00000000000000)
{X_0_0 -> 1.0, t -> 77.82217782217661} : (77.8221778221766, 1.00000000000000)
{X_0_0 -> 1.0, t -> 77.92207792207671} : (77.9220779220767, 1.00000000000000)
{X_0_0 -> 1.0, t -> 78.0219780219768} : (78.0219780219768, 1.00000000000000)
{X_0_0 -> 1.0, t -> 78.1218781218769} : (78.1218781218769, 1.00000000000000)
{X_0_0 -> 1.0, t -> 78.221778221777} : (78.2217782217770, 1.00000000000000)
{X_0_0 -> 1.0, t -> 78.3216783216771} : (78.3216783216771, 1.00000000000000)
{X_0_0 -> 1.0, t -> 78.4215784215772} : (78.4215784215772, 1.00000000000000)
{X_0_0 -> 1.0, t -> 78.52147852147729} : (78.5214785214773, 1.00000000000000)
{X_0_0 -> 1.0, t -> 78.62137862137739} : (78.6213786213774, 1.00000000000000)
{X_0_0 -> 1.0, t -> 78.72127872127749} : (78.7212787212775, 1.00000000000000)
{X_0_0 -> 1.0, t -> 78.82117882117758} : (78.8211788211776, 1.00000000000000)
{X_0_0 -> 1.0, t -> 78.92107892107768} : (78.9210789210777, 1.00000000000000)
{X_0_0 -> 1.0, t -> 79.02097902097778} : (79.0209790209778, 1.00000000000000)
{X_0_0 -> 1.0, t -> 79.12087912087787} : (79.1208791208779, 1.00000000000000)
{X_0_0 -> 1.0, t -> 79.22077922077797} : (79.2207792207780, 1.00000000000000)
{X_0_0 -> 1.0, t -> 79.32067932067807} : (79.3206793206781, 1.00000000000000)
{X_0_0 -> 1.0, t -> 79.42057942057816} : (79.4205794205782, 1.00000000000000)
{X_0_0 -> 1.0, t -> 79.52047952047826} : (79.5204795204783, 1.00000000000000)
{X_0_0 -> 1.0, t -> 79.62037962037836} : (79.6203796203784, 1.00000000000000)
{X_0_0 -> 1.0, t -> 79.72027972027846} : (79.7202797202785, 1.00000000000000)
{X_0_0 -> 1.0, t -> 79.82017982017855} : (79.8201798201786, 1.00000000000000)
{X_0_0 -> 1.0, t -> 79.92007992007865} : (79.9200799200786, 1.00000000000000)
{X_0_0 -> 1.0, t -> 80.01998001997875} : (80.0199800199787, 1.00000000000000)
{X_0_0 -> 1.0, t -> 80.11988011987884} : (80.1198801198788, 1.00000000000000)
{X_0_0 -> 1.0, t -> 80.21978021977894} : (80.2197802197789, 1.00000000000000)
{X_0_0 -> 1.0, t -> 80.31968031967904} : (80.3196803196790, 1.00000000000000)
{X_0_0 -> 1.0, t -> 80.41958041957913} : (80.4195804195791, 1.00000000000000)
{X_0_0 -> 1.0, t -> 80.51948051947923} : (80.5194805194792, 1.00000000000000)
{X_0_0 -> 1.0, t -> 80.61938061937933} : (80.6193806193793, 1.00000000000000)
{X_0_0 -> 1.0, t -> 80.71928071927942} : (80.7192807192794, 1.00000000000000)
{X_0_0 -> 1.0, t -> 80.81918081917952} : (80.8191808191795, 1.00000000000000)
{X_0_0 -> 1.0, t -> 80.91908091907962} : (80.9190809190796, 1.00000000000000)
{X_0_0 -> 1.0, t -> 81.01898101897972} : (81.0189810189797, 1.00000000000000)
{X_0_0 -> 1.0, t -> 81.11888111887981} : (81.1188811188798, 1.00000000000000)
{X_0_0 -> 1.0, t -> 81.21878121877991} : (81.2187812187799, 1.00000000000000)
{X_0_0 -> 1.0, t -> 81.31868131868} : (81.3186813186800, 1.00000000000000)
{X_0_0 -> 1.0, t -> 81.4185814185801} : (81.4185814185801, 1.00000000000000)
{X_0_0 -> 1.0, t -> 81.5184815184802} : (81.5184815184802, 1.00000000000000)
{X_0_0 -> 1.0, t -> 81.6183816183803} : (81.6183816183803, 1.00000000000000)
{X_0_0 -> 1.0, t -> 81.7182817182804} : (81.7182817182804, 1.00000000000000)
{X_0_0 -> 1.0, t -> 81.81818181818049} : (81.8181818181805, 1.00000000000000)
{X_0_0 -> 1.0, t -> 81.91808191808059} : (81.9180819180806, 1.00000000000000)
{X_0_0 -> 1.0, t -> 82.01798201798069} : (82.0179820179807, 1.00000000000000)
{X_0_0 -> 1.0, t -> 82.11788211788078} : (82.1178821178808, 1.00000000000000)
{X_0_0 -> 1.0, t -> 82.21778221778088} : (82.2177822177809, 1.00000000000000)
{X_0_0 -> 1.0, t -> 82.31768231768098} : (82.3176823176810, 1.00000000000000)
{X_0_0 -> 1.0, t -> 82.41758241758107} : (82.4175824175811, 1.00000000000000)
{X_0_0 -> 1.0, t -> 82.51748251748117} : (82.5174825174812, 1.00000000000000)
{X_0_0 -> 1.0, t -> 82.61738261738127} : (82.6173826173813, 1.00000000000000)
{X_0_0 -> 1.0, t -> 82.71728271728136} : (82.7172827172814, 1.00000000000000)
{X_0_0 -> 1.0, t -> 82.81718281718146} : (82.8171828171815, 1.00000000000000)
{X_0_0 -> 1.0, t -> 82.91708291708156} : (82.9170829170816, 1.00000000000000)
{X_0_0 -> 1.0, t -> 83.01698301698165} : (83.0169830169817, 1.00000000000000)
{X_0_0 -> 1.0, t -> 83.11688311688175} : (83.1168831168818, 1.00000000000000)
{X_0_0 -> 1.0, t -> 83.21678321678185} : (83.2167832167818, 1.00000000000000)
{X_0_0 -> 1.0, t -> 83.31668331668195} : (83.3166833166819, 1.00000000000000)
{X_0_0 -> 1.0, t -> 83.41658341658204} : (83.4165834165820, 1.00000000000000)
{X_0_0 -> 1.0, t -> 83.51648351648214} : (83.5164835164821, 1.00000000000000)
{X_0_0 -> 1.0, t -> 83.61638361638224} : (83.6163836163822, 1.00000000000000)
{X_0_0 -> 1.0, t -> 83.71628371628233} : (83.7162837162823, 1.00000000000000)
{X_0_0 -> 1.0, t -> 83.81618381618243} : (83.8161838161824, 1.00000000000000)
{X_0_0 -> 1.0, t -> 83.91608391608253} : (83.9160839160825, 1.00000000000000)
{X_0_0 -> 1.0, t -> 84.01598401598262} : (84.0159840159826, 1.00000000000000)
{X_0_0 -> 1.0, t -> 84.11588411588272} : (84.1158841158827, 1.00000000000000)
{X_0_0 -> 1.0, t -> 84.21578421578282} : (84.2157842157828, 1.00000000000000)
{X_0_0 -> 1.0, t -> 84.31568431568292} : (84.3156843156829, 1.00000000000000)
{X_0_0 -> 1.0, t -> 84.41558441558301} : (84.4155844155830, 1.00000000000000)
{X_0_0 -> 1.0, t -> 84.51548451548311} : (84.5154845154831, 1.00000000000000)
{X_0_0 -> 1.0, t -> 84.6153846153832} : (84.6153846153832, 1.00000000000000)
{X_0_0 -> 1.0, t -> 84.7152847152833} : (84.7152847152833, 1.00000000000000)
{X_0_0 -> 1.0, t -> 84.8151848151834} : (84.8151848151834, 1.00000000000000)
{X_0_0 -> 1.0, t -> 84.9150849150835} : (84.9150849150835, 1.00000000000000)
{X_0_0 -> 1.0, t -> 85.0149850149836} : (85.0149850149836, 1.00000000000000)
{X_0_0 -> 1.0, t -> 85.11488511488369} : (85.1148851148837, 1.00000000000000)
{X_0_0 -> 1.0, t -> 85.21478521478379} : (85.2147852147838, 1.00000000000000)
{X_0_0 -> 1.0, t -> 85.31468531468389} : (85.3146853146839, 1.00000000000000)
{X_0_0 -> 1.0, t -> 85.41458541458398} : (85.4145854145840, 1.00000000000000)
{X_0_0 -> 1.0, t -> 85.51448551448408} : (85.5144855144841, 1.00000000000000)
{X_0_0 -> 1.0, t -> 85.61438561438418} : (85.6143856143842, 1.00000000000000)
{X_0_0 -> 1.0, t -> 85.71428571428427} : (85.7142857142843, 1.00000000000000)
{X_0_0 -> 1.0, t -> 85.81418581418437} : (85.8141858141844, 1.00000000000000)
{X_0_0 -> 1.0, t -> 85.91408591408447} : (85.9140859140845, 1.00000000000000)
{X_0_0 -> 1.0, t -> 86.01398601398456} : (86.0139860139846, 1.00000000000000)
{X_0_0 -> 1.0, t -> 86.11388611388466} : (86.1138861138847, 1.00000000000000)
{X_0_0 -> 1.0, t -> 86.21378621378476} : (86.2137862137848, 1.00000000000000)
{X_0_0 -> 1.0, t -> 86.31368631368485} : (86.3136863136849, 1.00000000000000)
{X_0_0 -> 1.0, t -> 86.41358641358495} : (86.4135864135850, 1.00000000000000)
{X_0_0 -> 1.0, t -> 86.51348651348505} : (86.5134865134850, 1.00000000000000)
{X_0_0 -> 1.0, t -> 86.61338661338515} : (86.6133866133851, 1.00000000000000)
{X_0_0 -> 1.0, t -> 86.71328671328524} : (86.7132867132852, 1.00000000000000)
{X_0_0 -> 1.0, t -> 86.81318681318534} : (86.8131868131853, 1.00000000000000)
{X_0_0 -> 1.0, t -> 86.91308691308544} : (86.9130869130854, 1.00000000000000)
{X_0_0 -> 1.0, t -> 87.01298701298553} : (87.0129870129855, 1.00000000000000)
{X_0_0 -> 1.0, t -> 87.11288711288563} : (87.1128871128856, 1.00000000000000)
{X_0_0 -> 1.0, t -> 87.21278721278573} : (87.2127872127857, 1.00000000000000)
{X_0_0 -> 1.0, t -> 87.31268731268582} : (87.3126873126858, 1.00000000000000)
{X_0_0 -> 1.0, t -> 87.41258741258592} : (87.4125874125859, 1.00000000000000)
{X_0_0 -> 1.0, t -> 87.51248751248602} : (87.5124875124860, 1.00000000000000)
{X_0_0 -> 1.0, t -> 87.61238761238612} : (87.6123876123861, 1.00000000000000)
{X_0_0 -> 1.0, t -> 87.71228771228621} : (87.7122877122862, 1.00000000000000)
{X_0_0 -> 1.0, t -> 87.81218781218631} : (87.8121878121863, 1.00000000000000)
{X_0_0 -> 1.0, t -> 87.9120879120864} : (87.9120879120864, 1.00000000000000)
{X_0_0 -> 1.0, t -> 88.0119880119865} : (88.0119880119865, 1.00000000000000)
{X_0_0 -> 1.0, t -> 88.1118881118866} : (88.1118881118866, 1.00000000000000)
{X_0_0 -> 1.0, t -> 88.2117882117867} : (88.2117882117867, 1.00000000000000)
{X_0_0 -> 1.0, t -> 88.3116883116868} : (88.3116883116868, 1.00000000000000)
{X_0_0 -> 1.0, t -> 88.41158841158689} : (88.4115884115869, 1.00000000000000)
{X_0_0 -> 1.0, t -> 88.51148851148699} : (88.5114885114870, 1.00000000000000)
{X_0_0 -> 1.0, t -> 88.61138861138708} : (88.6113886113871, 1.00000000000000)
{X_0_0 -> 1.0, t -> 88.71128871128718} : (88.7112887112872, 1.00000000000000)
{X_0_0 -> 1.0, t -> 88.81118881118728} : (88.8111888111873, 1.00000000000000)
{X_0_0 -> 1.0, t -> 88.91108891108738} : (88.9110889110874, 1.00000000000000)
{X_0_0 -> 1.0, t -> 89.01098901098747} : (89.0109890109875, 1.00000000000000)
{X_0_0 -> 1.0, t -> 89.11088911088757} : (89.1108891108876, 1.00000000000000)
{X_0_0 -> 1.0, t -> 89.21078921078767} : (89.2107892107877, 1.00000000000000)
{X_0_0 -> 1.0, t -> 89.31068931068776} : (89.3106893106878, 1.00000000000000)
{X_0_0 -> 1.0, t -> 89.41058941058786} : (89.4105894105879, 1.00000000000000)
{X_0_0 -> 1.0, t -> 89.51048951048796} : (89.5104895104880, 1.00000000000000)
{X_0_0 -> 1.0, t -> 89.61038961038805} : (89.6103896103881, 1.00000000000000)
{X_0_0 -> 1.0, t -> 89.71028971028815} : (89.7102897102882, 1.00000000000000)
{X_0_0 -> 1.0, t -> 89.81018981018825} : (89.8101898101882, 1.00000000000000)
{X_0_0 -> 1.0, t -> 89.91008991008835} : (89.9100899100883, 1.00000000000000)
{X_0_0 -> 1.0, t -> 90.00999000998844} : (90.0099900099884, 1.00000000000000)
{X_0_0 -> 1.0, t -> 90.10989010988854} : (90.1098901098885, 1.00000000000000)
{X_0_0 -> 1.0, t -> 90.20979020978864} : (90.2097902097886, 1.00000000000000)
{X_0_0 -> 1.0, t -> 90.30969030968873} : (90.3096903096887, 1.00000000000000)
{X_0_0 -> 1.0, t -> 90.40959040958883} : (90.4095904095888, 1.00000000000000)
{X_0_0 -> 1.0, t -> 90.50949050948893} : (90.5094905094889, 1.00000000000000)
{X_0_0 -> 1.0, t -> 90.60939060938902} : (90.6093906093890, 1.00000000000000)
{X_0_0 -> 1.0, t -> 90.70929070928912} : (90.7092907092891, 1.00000000000000)
{X_0_0 -> 1.0, t -> 90.80919080918922} : (90.8091908091892, 1.00000000000000)
{X_0_0 -> 1.0, t -> 90.90909090908931} : (90.9090909090893, 1.00000000000000)
{X_0_0 -> 1.0, t -> 91.00899100898941} : (91.0089910089894, 1.00000000000000)
{X_0_0 -> 1.0, t -> 91.10889110888951} : (91.1088911088895, 1.00000000000000)
{X_0_0 -> 1.0, t -> 91.2087912087896} : (91.2087912087896, 1.00000000000000)
{X_0_0 -> 1.0, t -> 91.3086913086897} : (91.3086913086897, 1.00000000000000)
{X_0_0 -> 1.0, t -> 91.4085914085898} : (91.4085914085898, 1.00000000000000)
{X_0_0 -> 1.0, t -> 91.5084915084899} : (91.5084915084899, 1.00000000000000)
{X_0_0 -> 1.0, t -> 91.60839160839} : (91.6083916083900, 1.00000000000000)
{X_0_0 -> 1.0, t -> 91.70829170829009} : (91.7082917082901, 1.00000000000000)
{X_0_0 -> 1.0, t -> 91.80819180819019} : (91.8081918081902, 1.00000000000000)
{X_0_0 -> 1.0, t -> 91.90809190809028} : (91.9080919080903, 1.00000000000000)
{X_0_0 -> 1.0, t -> 92.00799200799038} : (92.0079920079904, 1.00000000000000)
{X_0_0 -> 1.0, t -> 92.10789210789048} : (92.1078921078905, 1.00000000000000)
{X_0_0 -> 1.0, t -> 92.20779220779058} : (92.2077922077906, 1.00000000000000)
{X_0_0 -> 1.0, t -> 92.30769230769067} : (92.3076923076907, 1.00000000000000)
{X_0_0 -> 1.0, t -> 92.40759240759077} : (92.4075924075908, 1.00000000000000)
{X_0_0 -> 1.0, t -> 92.50749250749087} : (92.5074925074909, 1.00000000000000)
{X_0_0 -> 1.0, t -> 92.60739260739096} : (92.6073926073910, 1.00000000000000)
{X_0_0 -> 1.0, t -> 92.70729270729106} : (92.7072927072911, 1.00000000000000)
{X_0_0 -> 1.0, t -> 92.80719280719116} : (92.8071928071912, 1.00000000000000)
{X_0_0 -> 1.0, t -> 92.90709290709125} : (92.9070929070913, 1.00000000000000)
{X_0_0 -> 1.0, t -> 93.00699300699135} : (93.0069930069914, 1.00000000000000)
{X_0_0 -> 1.0, t -> 93.10689310689145} : (93.1068931068914, 1.00000000000000)
{X_0_0 -> 1.0, t -> 93.20679320679155} : (93.2067932067915, 1.00000000000000)
{X_0_0 -> 1.0, t -> 93.30669330669164} : (93.3066933066916, 1.00000000000000)
{X_0_0 -> 1.0, t -> 93.40659340659174} : (93.4065934065917, 1.00000000000000)
{X_0_0 -> 1.0, t -> 93.50649350649184} : (93.5064935064918, 1.00000000000000)
{X_0_0 -> 1.0, t -> 93.60639360639193} : (93.6063936063919, 1.00000000000000)
{X_0_0 -> 1.0, t -> 93.70629370629203} : (93.7062937062920, 1.00000000000000)
{X_0_0 -> 1.0, t -> 93.80619380619213} : (93.8061938061921, 1.00000000000000)
{X_0_0 -> 1.0, t -> 93.90609390609222} : (93.9060939060922, 1.00000000000000)
{X_0_0 -> 1.0, t -> 94.00599400599232} : (94.0059940059923, 1.00000000000000)
{X_0_0 -> 1.0, t -> 94.10589410589242} : (94.1058941058924, 1.00000000000000)
{X_0_0 -> 1.0, t -> 94.20579420579251} : (94.2057942057925, 1.00000000000000)
{X_0_0 -> 1.0, t -> 94.30569430569261} : (94.3056943056926, 1.00000000000000)
{X_0_0 -> 1.0, t -> 94.40559440559271} : (94.4055944055927, 1.00000000000000)
{X_0_0 -> 1.0, t -> 94.5054945054928} : (94.5054945054928, 1.00000000000000)
{X_0_0 -> 1.0, t -> 94.6053946053929} : (94.6053946053929, 1.00000000000000)
{X_0_0 -> 1.0, t -> 94.705294705293} : (94.7052947052930, 1.00000000000000)
{X_0_0 -> 1.0, t -> 94.8051948051931} : (94.8051948051931, 1.00000000000000)
{X_0_0 -> 1.0, t -> 94.9050949050932} : (94.9050949050932, 1.00000000000000)
{X_0_0 -> 1.0, t -> 95.00499500499329} : (95.0049950049933, 1.00000000000000)
{X_0_0 -> 1.0, t -> 95.10489510489339} : (95.1048951048934, 1.00000000000000)
{X_0_0 -> 1.0, t -> 95.20479520479348} : (95.2047952047935, 1.00000000000000)
{X_0_0 -> 1.0, t -> 95.30469530469358} : (95.3046953046936, 1.00000000000000)
{X_0_0 -> 1.0, t -> 95.40459540459368} : (95.4045954045937, 1.00000000000000)
{X_0_0 -> 1.0, t -> 95.50449550449378} : (95.5044955044938, 1.00000000000000)
{X_0_0 -> 1.0, t -> 95.60439560439387} : (95.6043956043939, 1.00000000000000)
{X_0_0 -> 1.0, t -> 95.70429570429397} : (95.7042957042940, 1.00000000000000)
{X_0_0 -> 1.0, t -> 95.80419580419407} : (95.8041958041941, 1.00000000000000)
{X_0_0 -> 1.0, t -> 95.90409590409416} : (95.9040959040942, 1.00000000000000)
{X_0_0 -> 1.0, t -> 96.00399600399426} : (96.0039960039943, 1.00000000000000)
{X_0_0 -> 1.0, t -> 96.10389610389436} : (96.1038961038944, 1.00000000000000)
{X_0_0 -> 1.0, t -> 96.20379620379445} : (96.2037962037945, 1.00000000000000)
{X_0_0 -> 1.0, t -> 96.30369630369455} : (96.3036963036946, 1.00000000000000)
{X_0_0 -> 1.0, t -> 96.40359640359465} : (96.4035964035946, 1.00000000000000)
{X_0_0 -> 1.0, t -> 96.50349650349474} : (96.5034965034947, 1.00000000000000)
{X_0_0 -> 1.0, t -> 96.60339660339484} : (96.6033966033948, 1.00000000000000)
{X_0_0 -> 1.0, t -> 96.70329670329494} : (96.7032967032949, 1.00000000000000)
{X_0_0 -> 1.0, t -> 96.80319680319504} : (96.8031968031950, 1.00000000000000)
{X_0_0 -> 1.0, t -> 96.90309690309513} : (96.9030969030951, 1.00000000000000)
{X_0_0 -> 1.0, t -> 97.00299700299523} : (97.0029970029952, 1.00000000000000)
{X_0_0 -> 1.0, t -> 97.10289710289533} : (97.1028971028953, 1.00000000000000)
{X_0_0 -> 1.0, t -> 97.20279720279542} : (97.2027972027954, 1.00000000000000)
{X_0_0 -> 1.0, t -> 97.30269730269552} : (97.3026973026955, 1.00000000000000)
{X_0_0 -> 1.0, t -> 97.40259740259562} : (97.4025974025956, 1.00000000000000)
{X_0_0 -> 1.0, t -> 97.50249750249571} : (97.5024975024957, 1.00000000000000)
{X_0_0 -> 1.0, t -> 97.60239760239581} : (97.6023976023958, 1.00000000000000)
{X_0_0 -> 1.0, t -> 97.70229770229591} : (97.7022977022959, 1.00000000000000)
{X_0_0 -> 1.0, t -> 97.802197802196} : (97.8021978021960, 1.00000000000000)
{X_0_0 -> 1.0, t -> 97.9020979020961} : (97.9020979020961, 1.00000000000000)
{X_0_0 -> 1.0, t -> 98.0019980019962} : (98.0019980019962, 1.00000000000000)
{X_0_0 -> 1.0, t -> 98.1018981018963} : (98.1018981018963, 1.00000000000000)
{X_0_0 -> 1.0, t -> 98.2017982017964} : (98.2017982017964, 1.00000000000000)
{X_0_0 -> 1.0, t -> 98.30169830169649} : (98.3016983016965, 1.00000000000000)
{X_0_0 -> 1.0, t -> 98.40159840159659} : (98.4015984015966, 1.00000000000000)
{X_0_0 -> 1.0, t -> 98.50149850149668} : (98.5014985014967, 1.00000000000000)
{X_0_0 -> 1.0, t -> 98.60139860139678} : (98.6013986013968, 1.00000000000000)
{X_0_0 -> 1.0, t -> 98.70129870129688} : (98.7012987012969, 1.00000000000000)
{X_0_0 -> 1.0, t -> 98.80119880119697} : (98.8011988011970, 1.00000000000000)
{X_0_0 -> 1.0, t -> 98.90109890109707} : (98.9010989010971, 1.00000000000000)
{X_0_0 -> 1.0, t -> 99.00099900099717} : (99.0009990009972, 1.00000000000000)
{X_0_0 -> 1.0, t -> 99.10089910089727} : (99.1008991008973, 1.00000000000000)
{X_0_0 -> 1.0, t -> 99.20079920079736} : (99.2007992007974, 1.00000000000000)
{X_0_0 -> 1.0, t -> 99.30069930069746} : (99.3006993006975, 1.00000000000000)
{X_0_0 -> 1.0, t -> 99.40059940059756} : (99.4005994005976, 1.00000000000000)
{X_0_0 -> 1.0, t -> 99.50049950049765} : (99.5004995004977, 1.00000000000000)
{X_0_0 -> 1.0, t -> 99.60039960039775} : (99.6003996003978, 1.00000000000000)
{X_0_0 -> 1.0, t -> 99.70029970029785} : (99.7002997002978, 1.00000000000000)
{X_0_0 -> 1.0, t -> 99.80019980019794} : (99.8001998001979, 1.00000000000000)
{X_0_0 -> 1.0, t -> 99.90009990009804} : (99.9000999000980, 1.00000000000000)
{X_0_0 -> 1.0, t -> 99.99999999999814} : (99.9999999999981, 1.00000000000000)
[ -e statmech-assemble-plot.sage.status ] && (rm -f statmech-assemble-plot.sage.status && mv statmech-assemble-plot.sage.dmp statmech-assemble-plot.sage.out) || exit 1
(grep -q '\\begin{document}' statmech-assemble.sage.out.tex && sed -e '1,/\\begin{document}/d' -e '/\\end{document}/,$d' || cat) < statmech-assemble.sage.out.tex > statmech-assemble.sage.out.tex-inline
make[1]: Leaving directory `/usr/local/src/adaptive-dynamics-research/wmd_files/Selection_Gradients'
Make succeeded.
Sat Feb  6 19:17:28 2016
